"2023-09-27T06:24:11.9291469+05:30","4689","Microsoft-Windows-Security-Auditing","A process has exited.

Subject:
	Security ID:		S-1-5-18
	Account Name:		WS-4$
	Account Domain:		LAB
	Logon ID:		0x3E7

Process Information:
	Process ID:	0x3ddc
	Process Name:	C:\Windows\System32\net1.exe
	Exit Status:	0x2"
"2023-09-27T06:24:11.9135739+05:30","4688","Microsoft-Windows-Security-Auditing","A new process has been created.

Creator Subject:
	Security ID:		S-1-5-18
	Account Name:		WS-4$
	Account Domain:		LAB
	Logon ID:		0x3E7

Target Subject:
	Security ID:		S-1-0-0
	Account Name:		-
	Account Domain:		-
	Logon ID:		0x0

Process Information:
	New Process ID:		0x3ddc
	New Process Name:	C:\Windows\System32\net1.exe
	Token Elevation Type:	TokenElevationTypeDefault (1)
	Mandatory Label:		S-1-16-16384
	Creator Process ID:	0x2e7c
	Creator Process Name:	C:\Windows\System32\net.exe
	Process Command Line:	

Token Elevation Type indicates the type of token that was assigned to the new process in accordance with User Account Control policy.

Type 1 is a full token with no privileges removed or groups disabled.  A full token is only used if User Account Control is disabled or if the user is the built-in Administrator account or a service account.

Type 2 is an elevated token with no privileges removed or groups disabled.  An elevated token is used when User Account Control is enabled and the user chooses to start the program using Run as administrator.  An elevated token is also used when an application is configured to always require administrative privilege or to always require maximum privilege, and the user is a member of the Administrators group.

Type 3 is a limited token with administrative privileges removed and administrative groups disabled.  The limited token is used when User Account Control is enabled, the application does not require administrative privilege, and the user does not choose to start the program using Run as administrator."
"2023-09-27T06:24:11.9020566+05:30","4688","Microsoft-Windows-Security-Auditing","A new process has been created.

Creator Subject:
	Security ID:		S-1-5-18
	Account Name:		WS-4$
	Account Domain:		LAB
	Logon ID:		0x3E7

Target Subject:
	Security ID:		S-1-0-0
	Account Name:		-
	Account Domain:		-
	Logon ID:		0x0

Process Information:
	New Process ID:		0x2e7c
	New Process Name:	C:\Windows\System32\net.exe
	Token Elevation Type:	TokenElevationTypeDefault (1)
	Mandatory Label:		S-1-16-16384
	Creator Process ID:	0x430c
	Creator Process Name:	C:\Windows\System32\cmd.exe
	Process Command Line:	

Token Elevation Type indicates the type of token that was assigned to the new process in accordance with User Account Control policy.

Type 1 is a full token with no privileges removed or groups disabled.  A full token is only used if User Account Control is disabled or if the user is the built-in Administrator account or a service account.

Type 2 is an elevated token with no privileges removed or groups disabled.  An elevated token is used when User Account Control is enabled and the user chooses to start the program using Run as administrator.  An elevated token is also used when an application is configured to always require administrative privilege or to always require maximum privilege, and the user is a member of the Administrators group.

Type 3 is a limited token with administrative privileges removed and administrative groups disabled.  The limited token is used when User Account Control is enabled, the application does not require administrative privilege, and the user does not choose to start the program using Run as administrator."
"2023-09-27T06:24:11.8988196+05:30","4689","Microsoft-Windows-Security-Auditing","A process has exited.

Subject:
	Security ID:		S-1-5-18
	Account Name:		WS-4$
	Account Domain:		LAB
	Logon ID:		0x3E7

Process Information:
	Process ID:	0x34fc
	Process Name:	C:\Windows\System32\PING.EXE
	Exit Status:	0x0"
"2023-09-27T06:24:08.8237806+05:30","4688","Microsoft-Windows-Security-Auditing","A new process has been created.

Creator Subject:
	Security ID:		S-1-5-18
	Account Name:		WS-4$
	Account Domain:		LAB
	Logon ID:		0x3E7

Target Subject:
	Security ID:		S-1-0-0
	Account Name:		-
	Account Domain:		-
	Logon ID:		0x0

Process Information:
	New Process ID:		0x34fc
	New Process Name:	C:\Windows\System32\PING.EXE
	Token Elevation Type:	TokenElevationTypeDefault (1)
	Mandatory Label:		S-1-16-16384
	Creator Process ID:	0x430c
	Creator Process Name:	C:\Windows\System32\cmd.exe
	Process Command Line:	

Token Elevation Type indicates the type of token that was assigned to the new process in accordance with User Account Control policy.

Type 1 is a full token with no privileges removed or groups disabled.  A full token is only used if User Account Control is disabled or if the user is the built-in Administrator account or a service account.

Type 2 is an elevated token with no privileges removed or groups disabled.  An elevated token is used when User Account Control is enabled and the user chooses to start the program using Run as administrator.  An elevated token is also used when an application is configured to always require administrative privilege or to always require maximum privilege, and the user is a member of the Administrators group.

Type 3 is a limited token with administrative privileges removed and administrative groups disabled.  The limited token is used when User Account Control is enabled, the application does not require administrative privilege, and the user does not choose to start the program using Run as administrator."
"2023-09-27T06:24:08.8203685+05:30","4689","Microsoft-Windows-Security-Auditing","A process has exited.

Subject:
	Security ID:		S-1-5-18
	Account Name:		WS-4$
	Account Domain:		LAB
	Logon ID:		0x3E7

Process Information:
	Process ID:	0x3f9c
	Process Name:	C:\Windows\System32\PING.EXE
	Exit Status:	0x0"
"2023-09-27T06:24:05.7249530+05:30","4688","Microsoft-Windows-Security-Auditing","A new process has been created.

Creator Subject:
	Security ID:		S-1-5-18
	Account Name:		WS-4$
	Account Domain:		LAB
	Logon ID:		0x3E7

Target Subject:
	Security ID:		S-1-0-0
	Account Name:		-
	Account Domain:		-
	Logon ID:		0x0

Process Information:
	New Process ID:		0x3f9c
	New Process Name:	C:\Windows\System32\PING.EXE
	Token Elevation Type:	TokenElevationTypeDefault (1)
	Mandatory Label:		S-1-16-16384
	Creator Process ID:	0x430c
	Creator Process Name:	C:\Windows\System32\cmd.exe
	Process Command Line:	

Token Elevation Type indicates the type of token that was assigned to the new process in accordance with User Account Control policy.

Type 1 is a full token with no privileges removed or groups disabled.  A full token is only used if User Account Control is disabled or if the user is the built-in Administrator account or a service account.

Type 2 is an elevated token with no privileges removed or groups disabled.  An elevated token is used when User Account Control is enabled and the user chooses to start the program using Run as administrator.  An elevated token is also used when an application is configured to always require administrative privilege or to always require maximum privilege, and the user is a member of the Administrators group.

Type 3 is a limited token with administrative privileges removed and administrative groups disabled.  The limited token is used when User Account Control is enabled, the application does not require administrative privilege, and the user does not choose to start the program using Run as administrator."
"2023-09-27T06:24:05.6830810+05:30","4688","Microsoft-Windows-Security-Auditing","A new process has been created.

Creator Subject:
	Security ID:		S-1-5-18
	Account Name:		WS-4$
	Account Domain:		LAB
	Logon ID:		0x3E7

Target Subject:
	Security ID:		S-1-0-0
	Account Name:		-
	Account Domain:		-
	Logon ID:		0x0

Process Information:
	New Process ID:		0x163c
	New Process Name:	C:\Windows\LTSvc\LTSVC.exe
	Token Elevation Type:	TokenElevationTypeDefault (1)
	Mandatory Label:		S-1-16-16384
	Creator Process ID:	0x2e4
	Creator Process Name:	C:\Windows\System32\services.exe
	Process Command Line:	

Token Elevation Type indicates the type of token that was assigned to the new process in accordance with User Account Control policy.

Type 1 is a full token with no privileges removed or groups disabled.  A full token is only used if User Account Control is disabled or if the user is the built-in Administrator account or a service account.

Type 2 is an elevated token with no privileges removed or groups disabled.  An elevated token is used when User Account Control is enabled and the user chooses to start the program using Run as administrator.  An elevated token is also used when an application is configured to always require administrative privilege or to always require maximum privilege, and the user is a member of the Administrators group.

Type 3 is a limited token with administrative privileges removed and administrative groups disabled.  The limited token is used when User Account Control is enabled, the application does not require administrative privilege, and the user does not choose to start the program using Run as administrator."
"2023-09-27T06:24:05.6720713+05:30","4689","Microsoft-Windows-Security-Auditing","A process has exited.

Subject:
	Security ID:		S-1-5-18
	Account Name:		WS-4$
	Account Domain:		LAB
	Logon ID:		0x3E7

Process Information:
	Process ID:	0x22a0
	Process Name:	C:\Windows\LTSvc\LTSVC.exe
	Exit Status:	0x0"
"2023-09-27T06:24:05.6561922+05:30","4688","Microsoft-Windows-Security-Auditing","A new process has been created.

Creator Subject:
	Security ID:		S-1-5-18
	Account Name:		WS-4$
	Account Domain:		LAB
	Logon ID:		0x3E7

Target Subject:
	Security ID:		S-1-0-0
	Account Name:		-
	Account Domain:		-
	Logon ID:		0x0

Process Information:
	New Process ID:		0x3fd4
	New Process Name:	C:\Windows\System32\conhost.exe
	Token Elevation Type:	TokenElevationTypeDefault (1)
	Mandatory Label:		S-1-16-16384
	Creator Process ID:	0x430c
	Creator Process Name:	C:\Windows\System32\cmd.exe
	Process Command Line:	

Token Elevation Type indicates the type of token that was assigned to the new process in accordance with User Account Control policy.

Type 1 is a full token with no privileges removed or groups disabled.  A full token is only used if User Account Control is disabled or if the user is the built-in Administrator account or a service account.

Type 2 is an elevated token with no privileges removed or groups disabled.  An elevated token is used when User Account Control is enabled and the user chooses to start the program using Run as administrator.  An elevated token is also used when an application is configured to always require administrative privilege or to always require maximum privilege, and the user is a member of the Administrators group.

Type 3 is a limited token with administrative privileges removed and administrative groups disabled.  The limited token is used when User Account Control is enabled, the application does not require administrative privilege, and the user does not choose to start the program using Run as administrator."
"2023-09-27T06:24:05.6514751+05:30","4688","Microsoft-Windows-Security-Auditing","A new process has been created.

Creator Subject:
	Security ID:		S-1-5-18
	Account Name:		WS-4$
	Account Domain:		LAB
	Logon ID:		0x3E7

Target Subject:
	Security ID:		S-1-0-0
	Account Name:		-
	Account Domain:		-
	Logon ID:		0x0

Process Information:
	New Process ID:		0x430c
	New Process Name:	C:\Windows\System32\cmd.exe
	Token Elevation Type:	TokenElevationTypeDefault (1)
	Mandatory Label:		S-1-16-16384
	Creator Process ID:	0x22a0
	Creator Process Name:	C:\Windows\LTSvc\LTSVC.exe
	Process Command Line:	

Token Elevation Type indicates the type of token that was assigned to the new process in accordance with User Account Control policy.

Type 1 is a full token with no privileges removed or groups disabled.  A full token is only used if User Account Control is disabled or if the user is the built-in Administrator account or a service account.

Type 2 is an elevated token with no privileges removed or groups disabled.  An elevated token is used when User Account Control is enabled and the user chooses to start the program using Run as administrator.  An elevated token is also used when an application is configured to always require administrative privilege or to always require maximum privilege, and the user is a member of the Administrators group.

Type 3 is a limited token with administrative privileges removed and administrative groups disabled.  The limited token is used when User Account Control is enabled, the application does not require administrative privilege, and the user does not choose to start the program using Run as administrator."
"2023-09-27T06:23:30.0079485+05:30","4688","Microsoft-Windows-Security-Auditing","A new process has been created.

Creator Subject:
	Security ID:		S-1-5-18
	Account Name:		WS-4$
	Account Domain:		LAB
	Logon ID:		0x3E7

Target Subject:
	Security ID:		S-1-0-0
	Account Name:		WS-4$
	Account Domain:		LAB
	Logon ID:		0x3E4

Process Information:
	New Process ID:		0x343c
	New Process Name:	C:\Windows\System32\wbem\WmiPrvSE.exe
	Token Elevation Type:	TokenElevationTypeDefault (1)
	Mandatory Label:		S-1-16-16384
	Creator Process ID:	0x358
	Creator Process Name:	C:\Windows\System32\svchost.exe
	Process Command Line:	

Token Elevation Type indicates the type of token that was assigned to the new process in accordance with User Account Control policy.

Type 1 is a full token with no privileges removed or groups disabled.  A full token is only used if User Account Control is disabled or if the user is the built-in Administrator account or a service account.

Type 2 is an elevated token with no privileges removed or groups disabled.  An elevated token is used when User Account Control is enabled and the user chooses to start the program using Run as administrator.  An elevated token is also used when an application is configured to always require administrative privilege or to always require maximum privilege, and the user is a member of the Administrators group.

Type 3 is a limited token with administrative privileges removed and administrative groups disabled.  The limited token is used when User Account Control is enabled, the application does not require administrative privilege, and the user does not choose to start the program using Run as administrator."
"2023-09-27T06:23:29.4657277+05:30","4689","Microsoft-Windows-Security-Auditing","A process has exited.

Subject:
	Security ID:		S-1-5-20
	Account Name:		WS-4$
	Account Domain:		LAB
	Logon ID:		0x3E4

Process Information:
	Process ID:	0x3824
	Process Name:	C:\Windows\System32\wbem\WmiPrvSE.exe
	Exit Status:	0x0"
"2023-09-27T06:23:05.9596312+05:30","4689","Microsoft-Windows-Security-Auditing","A process has exited.

Subject:
	Security ID:		S-1-5-21-2299017546-3331170021-2331166375-2773
	Account Name:		jane.ross
	Account Domain:		LAB
	Logon ID:		0x54075B

Process Information:
	Process ID:	0x3b30
	Process Name:	C:\Windows\LTSvc\LTTray.exe
	Exit Status:	0x0"
"2023-09-27T06:23:05.9118678+05:30","4689","Microsoft-Windows-Security-Auditing","A process has exited.

Subject:
	Security ID:		S-1-5-21-2299017546-3331170021-2331166375-2720
	Account Name:		todd.lee
	Account Domain:		LAB
	Logon ID:		0x1E9D26

Process Information:
	Process ID:	0x3f20
	Process Name:	C:\Windows\LTSvc\LTTray.exe
	Exit Status:	0x0"
"2023-09-27T06:23:04.8820118+05:30","4688","Microsoft-Windows-Security-Auditing","A new process has been created.

Creator Subject:
	Security ID:		S-1-5-18
	Account Name:		WS-4$
	Account Domain:		LAB
	Logon ID:		0x3E7

Target Subject:
	Security ID:		S-1-5-21-2299017546-3331170021-2331166375-2720
	Account Name:		todd.lee
	Account Domain:		LAB
	Logon ID:		0x1E9D26

Process Information:
	New Process ID:		0x3f20
	New Process Name:	C:\Windows\LTSvc\LTTray.exe
	Token Elevation Type:	TokenElevationTypeDefault (1)
	Mandatory Label:		S-1-16-8192
	Creator Process ID:	0xd30
	Creator Process Name:	C:\Windows\LTSvc\LTSvcMon.exe
	Process Command Line:	

Token Elevation Type indicates the type of token that was assigned to the new process in accordance with User Account Control policy.

Type 1 is a full token with no privileges removed or groups disabled.  A full token is only used if User Account Control is disabled or if the user is the built-in Administrator account or a service account.

Type 2 is an elevated token with no privileges removed or groups disabled.  An elevated token is used when User Account Control is enabled and the user chooses to start the program using Run as administrator.  An elevated token is also used when an application is configured to always require administrative privilege or to always require maximum privilege, and the user is a member of the Administrators group.

Type 3 is a limited token with administrative privileges removed and administrative groups disabled.  The limited token is used when User Account Control is enabled, the application does not require administrative privilege, and the user does not choose to start the program using Run as administrator."
"2023-09-27T06:23:04.8320690+05:30","4688","Microsoft-Windows-Security-Auditing","A new process has been created.

Creator Subject:
	Security ID:		S-1-5-18
	Account Name:		WS-4$
	Account Domain:		LAB
	Logon ID:		0x3E7

Target Subject:
	Security ID:		S-1-5-21-2299017546-3331170021-2331166375-2773
	Account Name:		jane.ross
	Account Domain:		LAB
	Logon ID:		0x54075B

Process Information:
	New Process ID:		0x3b30
	New Process Name:	C:\Windows\LTSvc\LTTray.exe
	Token Elevation Type:	TokenElevationTypeLimited (3)
	Mandatory Label:		S-1-16-8192
	Creator Process ID:	0xd30
	Creator Process Name:	C:\Windows\LTSvc\LTSvcMon.exe
	Process Command Line:	

Token Elevation Type indicates the type of token that was assigned to the new process in accordance with User Account Control policy.

Type 1 is a full token with no privileges removed or groups disabled.  A full token is only used if User Account Control is disabled or if the user is the built-in Administrator account or a service account.

Type 2 is an elevated token with no privileges removed or groups disabled.  An elevated token is used when User Account Control is enabled and the user chooses to start the program using Run as administrator.  An elevated token is also used when an application is configured to always require administrative privilege or to always require maximum privilege, and the user is a member of the Administrators group.

Type 3 is a limited token with administrative privileges removed and administrative groups disabled.  The limited token is used when User Account Control is enabled, the application does not require administrative privilege, and the user does not choose to start the program using Run as administrator."
"2023-09-27T06:23:02.6732770+05:30","4689","Microsoft-Windows-Security-Auditing","A process has exited.

Subject:
	Security ID:		S-1-5-18
	Account Name:		WS-4$
	Account Domain:		LAB
	Logon ID:		0x3E7

Process Information:
	Process ID:	0x3a4c
	Process Name:	C:\Windows\System32\conhost.exe
	Exit Status:	0x0"
"2023-09-27T06:23:02.6722925+05:30","4689","Microsoft-Windows-Security-Auditing","A process has exited.

Subject:
	Security ID:		S-1-5-18
	Account Name:		WS-4$
	Account Domain:		LAB
	Logon ID:		0x3E7

Process Information:
	Process ID:	0x3184
	Process Name:	C:\WindowsAzure\GuestAgent_2.7.41491.1095_2023-08-07_232955\BfeToolWin8.exe
	Exit Status:	0x0"
"2023-09-27T06:23:02.6359588+05:30","4688","Microsoft-Windows-Security-Auditing","A new process has been created.

Creator Subject:
	Security ID:		S-1-5-18
	Account Name:		WS-4$
	Account Domain:		LAB
	Logon ID:		0x3E7

Target Subject:
	Security ID:		S-1-0-0
	Account Name:		-
	Account Domain:		-
	Logon ID:		0x0

Process Information:
	New Process ID:		0x3a4c
	New Process Name:	C:\Windows\System32\conhost.exe
	Token Elevation Type:	TokenElevationTypeDefault (1)
	Mandatory Label:		S-1-16-16384
	Creator Process ID:	0x3184
	Creator Process Name:	C:\WindowsAzure\GuestAgent_2.7.41491.1095_2023-08-07_232955\BfeToolWin8.exe
	Process Command Line:	

Token Elevation Type indicates the type of token that was assigned to the new process in accordance with User Account Control policy.

Type 1 is a full token with no privileges removed or groups disabled.  A full token is only used if User Account Control is disabled or if the user is the built-in Administrator account or a service account.

Type 2 is an elevated token with no privileges removed or groups disabled.  An elevated token is used when User Account Control is enabled and the user chooses to start the program using Run as administrator.  An elevated token is also used when an application is configured to always require administrative privilege or to always require maximum privilege, and the user is a member of the Administrators group.

Type 3 is a limited token with administrative privileges removed and administrative groups disabled.  The limited token is used when User Account Control is enabled, the application does not require administrative privilege, and the user does not choose to start the program using Run as administrator."
"2023-09-27T06:23:02.6183347+05:30","4688","Microsoft-Windows-Security-Auditing","A new process has been created.

Creator Subject:
	Security ID:		S-1-5-18
	Account Name:		WS-4$
	Account Domain:		LAB
	Logon ID:		0x3E7

Target Subject:
	Security ID:		S-1-0-0
	Account Name:		-
	Account Domain:		-
	Logon ID:		0x0

Process Information:
	New Process ID:		0x3184
	New Process Name:	C:\WindowsAzure\GuestAgent_2.7.41491.1095_2023-08-07_232955\BfeToolWin8.exe
	Token Elevation Type:	TokenElevationTypeDefault (1)
	Mandatory Label:		S-1-16-16384
	Creator Process ID:	0xda4
	Creator Process Name:	C:\WindowsAzure\GuestAgent_2.7.41491.1095_2023-08-07_232955\WindowsAzureGuestAgent.exe
	Process Command Line:	

Token Elevation Type indicates the type of token that was assigned to the new process in accordance with User Account Control policy.

Type 1 is a full token with no privileges removed or groups disabled.  A full token is only used if User Account Control is disabled or if the user is the built-in Administrator account or a service account.

Type 2 is an elevated token with no privileges removed or groups disabled.  An elevated token is used when User Account Control is enabled and the user chooses to start the program using Run as administrator.  An elevated token is also used when an application is configured to always require administrative privilege or to always require maximum privilege, and the user is a member of the Administrators group.

Type 3 is a limited token with administrative privileges removed and administrative groups disabled.  The limited token is used when User Account Control is enabled, the application does not require administrative privilege, and the user does not choose to start the program using Run as administrator."
"2023-09-27T06:21:59.4392595+05:30","4689","Microsoft-Windows-Security-Auditing","A process has exited.

Subject:
	Security ID:		S-1-5-20
	Account Name:		WS-4$
	Account Domain:		LAB
	Logon ID:		0x3E4

Process Information:
	Process ID:	0x3ad4
	Process Name:	C:\Windows\SysWOW64\wbem\WmiPrvSE.exe
	Exit Status:	0x0"
"2023-09-27T06:21:18.5477041+05:30","4689","Microsoft-Windows-Security-Auditing","A process has exited.

Subject:
	Security ID:		S-1-5-18
	Account Name:		WS-4$
	Account Domain:		LAB
	Logon ID:		0x3E7

Process Information:
	Process ID:	0x2cd8
	Process Name:	C:\Windows\System32\conhost.exe
	Exit Status:	0x0"
"2023-09-27T06:21:18.5465383+05:30","4689","Microsoft-Windows-Security-Auditing","A process has exited.

Subject:
	Security ID:		S-1-5-18
	Account Name:		WS-4$
	Account Domain:		LAB
	Logon ID:		0x3E7

Process Information:
	Process ID:	0x1724
	Process Name:	C:\Windows\System32\cmd.exe
	Exit Status:	0x2"
"2023-09-27T06:21:18.5442857+05:30","4689","Microsoft-Windows-Security-Auditing","A process has exited.

Subject:
	Security ID:		S-1-5-18
	Account Name:		WS-4$
	Account Domain:		LAB
	Logon ID:		0x3E7

Process Information:
	Process ID:	0x402c
	Process Name:	C:\Windows\System32\net.exe
	Exit Status:	0x2"
"2023-09-27T06:21:18.5428448+05:30","4689","Microsoft-Windows-Security-Auditing","A process has exited.

Subject:
	Security ID:		S-1-5-18
	Account Name:		WS-4$
	Account Domain:		LAB
	Logon ID:		0x3E7

Process Information:
	Process ID:	0x2830
	Process Name:	C:\Windows\System32\net1.exe
	Exit Status:	0x2"
"2023-09-27T06:21:18.5309885+05:30","4688","Microsoft-Windows-Security-Auditing","A new process has been created.

Creator Subject:
	Security ID:		S-1-5-18
	Account Name:		WS-4$
	Account Domain:		LAB
	Logon ID:		0x3E7

Target Subject:
	Security ID:		S-1-0-0
	Account Name:		-
	Account Domain:		-
	Logon ID:		0x0

Process Information:
	New Process ID:		0x2830
	New Process Name:	C:\Windows\System32\net1.exe
	Token Elevation Type:	TokenElevationTypeDefault (1)
	Mandatory Label:		S-1-16-16384
	Creator Process ID:	0x402c
	Creator Process Name:	C:\Windows\System32\net.exe
	Process Command Line:	

Token Elevation Type indicates the type of token that was assigned to the new process in accordance with User Account Control policy.

Type 1 is a full token with no privileges removed or groups disabled.  A full token is only used if User Account Control is disabled or if the user is the built-in Administrator account or a service account.

Type 2 is an elevated token with no privileges removed or groups disabled.  An elevated token is used when User Account Control is enabled and the user chooses to start the program using Run as administrator.  An elevated token is also used when an application is configured to always require administrative privilege or to always require maximum privilege, and the user is a member of the Administrators group.

Type 3 is a limited token with administrative privileges removed and administrative groups disabled.  The limited token is used when User Account Control is enabled, the application does not require administrative privilege, and the user does not choose to start the program using Run as administrator."
"2023-09-27T06:21:18.5203376+05:30","4688","Microsoft-Windows-Security-Auditing","A new process has been created.

Creator Subject:
	Security ID:		S-1-5-18
	Account Name:		WS-4$
	Account Domain:		LAB
	Logon ID:		0x3E7

Target Subject:
	Security ID:		S-1-0-0
	Account Name:		-
	Account Domain:		-
	Logon ID:		0x0

Process Information:
	New Process ID:		0x402c
	New Process Name:	C:\Windows\System32\net.exe
	Token Elevation Type:	TokenElevationTypeDefault (1)
	Mandatory Label:		S-1-16-16384
	Creator Process ID:	0x1724
	Creator Process Name:	C:\Windows\System32\cmd.exe
	Process Command Line:	

Token Elevation Type indicates the type of token that was assigned to the new process in accordance with User Account Control policy.

Type 1 is a full token with no privileges removed or groups disabled.  A full token is only used if User Account Control is disabled or if the user is the built-in Administrator account or a service account.

Type 2 is an elevated token with no privileges removed or groups disabled.  An elevated token is used when User Account Control is enabled and the user chooses to start the program using Run as administrator.  An elevated token is also used when an application is configured to always require administrative privilege or to always require maximum privilege, and the user is a member of the Administrators group.

Type 3 is a limited token with administrative privileges removed and administrative groups disabled.  The limited token is used when User Account Control is enabled, the application does not require administrative privilege, and the user does not choose to start the program using Run as administrator."
"2023-09-27T06:21:18.5175559+05:30","4689","Microsoft-Windows-Security-Auditing","A process has exited.

Subject:
	Security ID:		S-1-5-18
	Account Name:		WS-4$
	Account Domain:		LAB
	Logon ID:		0x3E7

Process Information:
	Process ID:	0x3428
	Process Name:	C:\Windows\System32\net.exe
	Exit Status:	0x2"
"2023-09-27T06:21:18.5159956+05:30","4689","Microsoft-Windows-Security-Auditing","A process has exited.

Subject:
	Security ID:		S-1-5-18
	Account Name:		WS-4$
	Account Domain:		LAB
	Logon ID:		0x3E7

Process Information:
	Process ID:	0x1308
	Process Name:	C:\Windows\System32\net1.exe
	Exit Status:	0x2"
"2023-09-27T06:21:18.5045257+05:30","4688","Microsoft-Windows-Security-Auditing","A new process has been created.

Creator Subject:
	Security ID:		S-1-5-18
	Account Name:		WS-4$
	Account Domain:		LAB
	Logon ID:		0x3E7

Target Subject:
	Security ID:		S-1-0-0
	Account Name:		-
	Account Domain:		-
	Logon ID:		0x0

Process Information:
	New Process ID:		0x1308
	New Process Name:	C:\Windows\System32\net1.exe
	Token Elevation Type:	TokenElevationTypeDefault (1)
	Mandatory Label:		S-1-16-16384
	Creator Process ID:	0x3428
	Creator Process Name:	C:\Windows\System32\net.exe
	Process Command Line:	

Token Elevation Type indicates the type of token that was assigned to the new process in accordance with User Account Control policy.

Type 1 is a full token with no privileges removed or groups disabled.  A full token is only used if User Account Control is disabled or if the user is the built-in Administrator account or a service account.

Type 2 is an elevated token with no privileges removed or groups disabled.  An elevated token is used when User Account Control is enabled and the user chooses to start the program using Run as administrator.  An elevated token is also used when an application is configured to always require administrative privilege or to always require maximum privilege, and the user is a member of the Administrators group.

Type 3 is a limited token with administrative privileges removed and administrative groups disabled.  The limited token is used when User Account Control is enabled, the application does not require administrative privilege, and the user does not choose to start the program using Run as administrator."
"2023-09-27T06:21:18.4936638+05:30","4688","Microsoft-Windows-Security-Auditing","A new process has been created.

Creator Subject:
	Security ID:		S-1-5-18
	Account Name:		WS-4$
	Account Domain:		LAB
	Logon ID:		0x3E7

Target Subject:
	Security ID:		S-1-0-0
	Account Name:		-
	Account Domain:		-
	Logon ID:		0x0

Process Information:
	New Process ID:		0x3428
	New Process Name:	C:\Windows\System32\net.exe
	Token Elevation Type:	TokenElevationTypeDefault (1)
	Mandatory Label:		S-1-16-16384
	Creator Process ID:	0x1724
	Creator Process Name:	C:\Windows\System32\cmd.exe
	Process Command Line:	

Token Elevation Type indicates the type of token that was assigned to the new process in accordance with User Account Control policy.

Type 1 is a full token with no privileges removed or groups disabled.  A full token is only used if User Account Control is disabled or if the user is the built-in Administrator account or a service account.

Type 2 is an elevated token with no privileges removed or groups disabled.  An elevated token is used when User Account Control is enabled and the user chooses to start the program using Run as administrator.  An elevated token is also used when an application is configured to always require administrative privilege or to always require maximum privilege, and the user is a member of the Administrators group.

Type 3 is a limited token with administrative privileges removed and administrative groups disabled.  The limited token is used when User Account Control is enabled, the application does not require administrative privilege, and the user does not choose to start the program using Run as administrator."
"2023-09-27T06:21:18.4908396+05:30","4689","Microsoft-Windows-Security-Auditing","A process has exited.

Subject:
	Security ID:		S-1-5-18
	Account Name:		WS-4$
	Account Domain:		LAB
	Logon ID:		0x3E7

Process Information:
	Process ID:	0x3ba8
	Process Name:	C:\Windows\System32\net.exe
	Exit Status:	0x2"
"2023-09-27T06:21:18.4893357+05:30","4689","Microsoft-Windows-Security-Auditing","A process has exited.

Subject:
	Security ID:		S-1-5-18
	Account Name:		WS-4$
	Account Domain:		LAB
	Logon ID:		0x3E7

Process Information:
	Process ID:	0x3694
	Process Name:	C:\Windows\System32\net1.exe
	Exit Status:	0x2"
"2023-09-27T06:21:18.4768674+05:30","4688","Microsoft-Windows-Security-Auditing","A new process has been created.

Creator Subject:
	Security ID:		S-1-5-18
	Account Name:		WS-4$
	Account Domain:		LAB
	Logon ID:		0x3E7

Target Subject:
	Security ID:		S-1-0-0
	Account Name:		-
	Account Domain:		-
	Logon ID:		0x0

Process Information:
	New Process ID:		0x3694
	New Process Name:	C:\Windows\System32\net1.exe
	Token Elevation Type:	TokenElevationTypeDefault (1)
	Mandatory Label:		S-1-16-16384
	Creator Process ID:	0x3ba8
	Creator Process Name:	C:\Windows\System32\net.exe
	Process Command Line:	

Token Elevation Type indicates the type of token that was assigned to the new process in accordance with User Account Control policy.

Type 1 is a full token with no privileges removed or groups disabled.  A full token is only used if User Account Control is disabled or if the user is the built-in Administrator account or a service account.

Type 2 is an elevated token with no privileges removed or groups disabled.  An elevated token is used when User Account Control is enabled and the user chooses to start the program using Run as administrator.  An elevated token is also used when an application is configured to always require administrative privilege or to always require maximum privilege, and the user is a member of the Administrators group.

Type 3 is a limited token with administrative privileges removed and administrative groups disabled.  The limited token is used when User Account Control is enabled, the application does not require administrative privilege, and the user does not choose to start the program using Run as administrator."
"2023-09-27T06:21:18.4667036+05:30","4688","Microsoft-Windows-Security-Auditing","A new process has been created.

Creator Subject:
	Security ID:		S-1-5-18
	Account Name:		WS-4$
	Account Domain:		LAB
	Logon ID:		0x3E7

Target Subject:
	Security ID:		S-1-0-0
	Account Name:		-
	Account Domain:		-
	Logon ID:		0x0

Process Information:
	New Process ID:		0x3ba8
	New Process Name:	C:\Windows\System32\net.exe
	Token Elevation Type:	TokenElevationTypeDefault (1)
	Mandatory Label:		S-1-16-16384
	Creator Process ID:	0x1724
	Creator Process Name:	C:\Windows\System32\cmd.exe
	Process Command Line:	

Token Elevation Type indicates the type of token that was assigned to the new process in accordance with User Account Control policy.

Type 1 is a full token with no privileges removed or groups disabled.  A full token is only used if User Account Control is disabled or if the user is the built-in Administrator account or a service account.

Type 2 is an elevated token with no privileges removed or groups disabled.  An elevated token is used when User Account Control is enabled and the user chooses to start the program using Run as administrator.  An elevated token is also used when an application is configured to always require administrative privilege or to always require maximum privilege, and the user is a member of the Administrators group.

Type 3 is a limited token with administrative privileges removed and administrative groups disabled.  The limited token is used when User Account Control is enabled, the application does not require administrative privilege, and the user does not choose to start the program using Run as administrator."
"2023-09-27T06:21:18.4637645+05:30","4689","Microsoft-Windows-Security-Auditing","A process has exited.

Subject:
	Security ID:		S-1-5-18
	Account Name:		WS-4$
	Account Domain:		LAB
	Logon ID:		0x3E7

Process Information:
	Process ID:	0x37e0
	Process Name:	C:\Windows\System32\net.exe
	Exit Status:	0x2"
"2023-09-27T06:21:18.4621776+05:30","4689","Microsoft-Windows-Security-Auditing","A process has exited.

Subject:
	Security ID:		S-1-5-18
	Account Name:		WS-4$
	Account Domain:		LAB
	Logon ID:		0x3E7

Process Information:
	Process ID:	0x32a8
	Process Name:	C:\Windows\System32\net1.exe
	Exit Status:	0x2"
"2023-09-27T06:21:18.4488087+05:30","4688","Microsoft-Windows-Security-Auditing","A new process has been created.

Creator Subject:
	Security ID:		S-1-5-18
	Account Name:		WS-4$
	Account Domain:		LAB
	Logon ID:		0x3E7

Target Subject:
	Security ID:		S-1-0-0
	Account Name:		-
	Account Domain:		-
	Logon ID:		0x0

Process Information:
	New Process ID:		0x32a8
	New Process Name:	C:\Windows\System32\net1.exe
	Token Elevation Type:	TokenElevationTypeDefault (1)
	Mandatory Label:		S-1-16-16384
	Creator Process ID:	0x37e0
	Creator Process Name:	C:\Windows\System32\net.exe
	Process Command Line:	

Token Elevation Type indicates the type of token that was assigned to the new process in accordance with User Account Control policy.

Type 1 is a full token with no privileges removed or groups disabled.  A full token is only used if User Account Control is disabled or if the user is the built-in Administrator account or a service account.

Type 2 is an elevated token with no privileges removed or groups disabled.  An elevated token is used when User Account Control is enabled and the user chooses to start the program using Run as administrator.  An elevated token is also used when an application is configured to always require administrative privilege or to always require maximum privilege, and the user is a member of the Administrators group.

Type 3 is a limited token with administrative privileges removed and administrative groups disabled.  The limited token is used when User Account Control is enabled, the application does not require administrative privilege, and the user does not choose to start the program using Run as administrator."
"2023-09-27T06:21:18.4379514+05:30","4688","Microsoft-Windows-Security-Auditing","A new process has been created.

Creator Subject:
	Security ID:		S-1-5-18
	Account Name:		WS-4$
	Account Domain:		LAB
	Logon ID:		0x3E7

Target Subject:
	Security ID:		S-1-0-0
	Account Name:		-
	Account Domain:		-
	Logon ID:		0x0

Process Information:
	New Process ID:		0x37e0
	New Process Name:	C:\Windows\System32\net.exe
	Token Elevation Type:	TokenElevationTypeDefault (1)
	Mandatory Label:		S-1-16-16384
	Creator Process ID:	0x1724
	Creator Process Name:	C:\Windows\System32\cmd.exe
	Process Command Line:	

Token Elevation Type indicates the type of token that was assigned to the new process in accordance with User Account Control policy.

Type 1 is a full token with no privileges removed or groups disabled.  A full token is only used if User Account Control is disabled or if the user is the built-in Administrator account or a service account.

Type 2 is an elevated token with no privileges removed or groups disabled.  An elevated token is used when User Account Control is enabled and the user chooses to start the program using Run as administrator.  An elevated token is also used when an application is configured to always require administrative privilege or to always require maximum privilege, and the user is a member of the Administrators group.

Type 3 is a limited token with administrative privileges removed and administrative groups disabled.  The limited token is used when User Account Control is enabled, the application does not require administrative privilege, and the user does not choose to start the program using Run as administrator."
"2023-09-27T06:21:18.4346406+05:30","4689","Microsoft-Windows-Security-Auditing","A process has exited.

Subject:
	Security ID:		S-1-5-18
	Account Name:		WS-4$
	Account Domain:		LAB
	Logon ID:		0x3E7

Process Information:
	Process ID:	0x40b4
	Process Name:	C:\Windows\System32\PING.EXE
	Exit Status:	0x0"
"2023-09-27T06:21:15.3570455+05:30","4688","Microsoft-Windows-Security-Auditing","A new process has been created.

Creator Subject:
	Security ID:		S-1-5-18
	Account Name:		WS-4$
	Account Domain:		LAB
	Logon ID:		0x3E7

Target Subject:
	Security ID:		S-1-0-0
	Account Name:		-
	Account Domain:		-
	Logon ID:		0x0

Process Information:
	New Process ID:		0x40b4
	New Process Name:	C:\Windows\System32\PING.EXE
	Token Elevation Type:	TokenElevationTypeDefault (1)
	Mandatory Label:		S-1-16-16384
	Creator Process ID:	0x1724
	Creator Process Name:	C:\Windows\System32\cmd.exe
	Process Command Line:	

Token Elevation Type indicates the type of token that was assigned to the new process in accordance with User Account Control policy.

Type 1 is a full token with no privileges removed or groups disabled.  A full token is only used if User Account Control is disabled or if the user is the built-in Administrator account or a service account.

Type 2 is an elevated token with no privileges removed or groups disabled.  An elevated token is used when User Account Control is enabled and the user chooses to start the program using Run as administrator.  An elevated token is also used when an application is configured to always require administrative privilege or to always require maximum privilege, and the user is a member of the Administrators group.

Type 3 is a limited token with administrative privileges removed and administrative groups disabled.  The limited token is used when User Account Control is enabled, the application does not require administrative privilege, and the user does not choose to start the program using Run as administrator."
"2023-09-27T06:21:15.3541183+05:30","4689","Microsoft-Windows-Security-Auditing","A process has exited.

Subject:
	Security ID:		S-1-5-18
	Account Name:		WS-4$
	Account Domain:		LAB
	Logon ID:		0x3E7

Process Information:
	Process ID:	0x3f1c
	Process Name:	C:\Windows\System32\net.exe
	Exit Status:	0x2"
"2023-09-27T06:21:15.3524743+05:30","4689","Microsoft-Windows-Security-Auditing","A process has exited.

Subject:
	Security ID:		S-1-5-18
	Account Name:		WS-4$
	Account Domain:		LAB
	Logon ID:		0x3E7

Process Information:
	Process ID:	0x3f44
	Process Name:	C:\Windows\System32\net1.exe
	Exit Status:	0x2"
"2023-09-27T06:21:15.3390362+05:30","4688","Microsoft-Windows-Security-Auditing","A new process has been created.

Creator Subject:
	Security ID:		S-1-5-18
	Account Name:		WS-4$
	Account Domain:		LAB
	Logon ID:		0x3E7

Target Subject:
	Security ID:		S-1-0-0
	Account Name:		-
	Account Domain:		-
	Logon ID:		0x0

Process Information:
	New Process ID:		0x3f44
	New Process Name:	C:\Windows\System32\net1.exe
	Token Elevation Type:	TokenElevationTypeDefault (1)
	Mandatory Label:		S-1-16-16384
	Creator Process ID:	0x3f1c
	Creator Process Name:	C:\Windows\System32\net.exe
	Process Command Line:	

Token Elevation Type indicates the type of token that was assigned to the new process in accordance with User Account Control policy.

Type 1 is a full token with no privileges removed or groups disabled.  A full token is only used if User Account Control is disabled or if the user is the built-in Administrator account or a service account.

Type 2 is an elevated token with no privileges removed or groups disabled.  An elevated token is used when User Account Control is enabled and the user chooses to start the program using Run as administrator.  An elevated token is also used when an application is configured to always require administrative privilege or to always require maximum privilege, and the user is a member of the Administrators group.

Type 3 is a limited token with administrative privileges removed and administrative groups disabled.  The limited token is used when User Account Control is enabled, the application does not require administrative privilege, and the user does not choose to start the program using Run as administrator."
"2023-09-27T06:21:15.3278210+05:30","4688","Microsoft-Windows-Security-Auditing","A new process has been created.

Creator Subject:
	Security ID:		S-1-5-18
	Account Name:		WS-4$
	Account Domain:		LAB
	Logon ID:		0x3E7

Target Subject:
	Security ID:		S-1-0-0
	Account Name:		-
	Account Domain:		-
	Logon ID:		0x0

Process Information:
	New Process ID:		0x3f1c
	New Process Name:	C:\Windows\System32\net.exe
	Token Elevation Type:	TokenElevationTypeDefault (1)
	Mandatory Label:		S-1-16-16384
	Creator Process ID:	0x1724
	Creator Process Name:	C:\Windows\System32\cmd.exe
	Process Command Line:	

Token Elevation Type indicates the type of token that was assigned to the new process in accordance with User Account Control policy.

Type 1 is a full token with no privileges removed or groups disabled.  A full token is only used if User Account Control is disabled or if the user is the built-in Administrator account or a service account.

Type 2 is an elevated token with no privileges removed or groups disabled.  An elevated token is used when User Account Control is enabled and the user chooses to start the program using Run as administrator.  An elevated token is also used when an application is configured to always require administrative privilege or to always require maximum privilege, and the user is a member of the Administrators group.

Type 3 is a limited token with administrative privileges removed and administrative groups disabled.  The limited token is used when User Account Control is enabled, the application does not require administrative privilege, and the user does not choose to start the program using Run as administrator."
"2023-09-27T06:21:15.3246577+05:30","4689","Microsoft-Windows-Security-Auditing","A process has exited.

Subject:
	Security ID:		S-1-5-18
	Account Name:		WS-4$
	Account Domain:		LAB
	Logon ID:		0x3E7

Process Information:
	Process ID:	0x3c74
	Process Name:	C:\Windows\System32\PING.EXE
	Exit Status:	0x0"
"2023-09-27T06:21:12.2496373+05:30","4688","Microsoft-Windows-Security-Auditing","A new process has been created.

Creator Subject:
	Security ID:		S-1-5-18
	Account Name:		WS-4$
	Account Domain:		LAB
	Logon ID:		0x3E7

Target Subject:
	Security ID:		S-1-0-0
	Account Name:		-
	Account Domain:		-
	Logon ID:		0x0

Process Information:
	New Process ID:		0x3c74
	New Process Name:	C:\Windows\System32\PING.EXE
	Token Elevation Type:	TokenElevationTypeDefault (1)
	Mandatory Label:		S-1-16-16384
	Creator Process ID:	0x1724
	Creator Process Name:	C:\Windows\System32\cmd.exe
	Process Command Line:	

Token Elevation Type indicates the type of token that was assigned to the new process in accordance with User Account Control policy.

Type 1 is a full token with no privileges removed or groups disabled.  A full token is only used if User Account Control is disabled or if the user is the built-in Administrator account or a service account.

Type 2 is an elevated token with no privileges removed or groups disabled.  An elevated token is used when User Account Control is enabled and the user chooses to start the program using Run as administrator.  An elevated token is also used when an application is configured to always require administrative privilege or to always require maximum privilege, and the user is a member of the Administrators group.

Type 3 is a limited token with administrative privileges removed and administrative groups disabled.  The limited token is used when User Account Control is enabled, the application does not require administrative privilege, and the user does not choose to start the program using Run as administrator."
"2023-09-27T06:21:12.2464012+05:30","4689","Microsoft-Windows-Security-Auditing","A process has exited.

Subject:
	Security ID:		S-1-5-18
	Account Name:		WS-4$
	Account Domain:		LAB
	Logon ID:		0x3E7

Process Information:
	Process ID:	0x3ba4
	Process Name:	C:\Windows\System32\PING.EXE
	Exit Status:	0x0"
"2023-09-27T06:21:09.1573652+05:30","4688","Microsoft-Windows-Security-Auditing","A new process has been created.

Creator Subject:
	Security ID:		S-1-5-18
	Account Name:		WS-4$
	Account Domain:		LAB
	Logon ID:		0x3E7

Target Subject:
	Security ID:		S-1-0-0
	Account Name:		-
	Account Domain:		-
	Logon ID:		0x0

Process Information:
	New Process ID:		0x3ba4
	New Process Name:	C:\Windows\System32\PING.EXE
	Token Elevation Type:	TokenElevationTypeDefault (1)
	Mandatory Label:		S-1-16-16384
	Creator Process ID:	0x1724
	Creator Process Name:	C:\Windows\System32\cmd.exe
	Process Command Line:	

Token Elevation Type indicates the type of token that was assigned to the new process in accordance with User Account Control policy.

Type 1 is a full token with no privileges removed or groups disabled.  A full token is only used if User Account Control is disabled or if the user is the built-in Administrator account or a service account.

Type 2 is an elevated token with no privileges removed or groups disabled.  An elevated token is used when User Account Control is enabled and the user chooses to start the program using Run as administrator.  An elevated token is also used when an application is configured to always require administrative privilege or to always require maximum privilege, and the user is a member of the Administrators group.

Type 3 is a limited token with administrative privileges removed and administrative groups disabled.  The limited token is used when User Account Control is enabled, the application does not require administrative privilege, and the user does not choose to start the program using Run as administrator."
