"2023-09-27T06:27:11.6156788+05:30","4688","Microsoft-Windows-Security-Auditing","A new process has been created.

Creator Subject:
	Security ID:		S-1-5-18
	Account Name:		WS-4$
	Account Domain:		LAB
	Logon ID:		0x3E7

Target Subject:
	Security ID:		S-1-0-0
	Account Name:		-
	Account Domain:		-
	Logon ID:		0x0

Process Information:
	New Process ID:		0x3740
	New Process Name:	C:\Windows\System32\net1.exe
	Token Elevation Type:	TokenElevationTypeDefault (1)
	Mandatory Label:		S-1-16-16384
	Creator Process ID:	0x3b5c
	Creator Process Name:	C:\Windows\System32\net.exe
	Process Command Line:	

Token Elevation Type indicates the type of token that was assigned to the new process in accordance with User Account Control policy.

Type 1 is a full token with no privileges removed or groups disabled.  A full token is only used if User Account Control is disabled or if the user is the built-in Administrator account or a service account.

Type 2 is an elevated token with no privileges removed or groups disabled.  An elevated token is used when User Account Control is enabled and the user chooses to start the program using Run as administrator.  An elevated token is also used when an application is configured to always require administrative privilege or to always require maximum privilege, and the user is a member of the Administrators group.

Type 3 is a limited token with administrative privileges removed and administrative groups disabled.  The limited token is used when User Account Control is enabled, the application does not require administrative privilege, and the user does not choose to start the program using Run as administrator."
"2023-09-27T06:27:11.6057011+05:30","4688","Microsoft-Windows-Security-Auditing","A new process has been created.

Creator Subject:
	Security ID:		S-1-5-18
	Account Name:		WS-4$
	Account Domain:		LAB
	Logon ID:		0x3E7

Target Subject:
	Security ID:		S-1-0-0
	Account Name:		-
	Account Domain:		-
	Logon ID:		0x0

Process Information:
	New Process ID:		0x3b5c
	New Process Name:	C:\Windows\System32\net.exe
	Token Elevation Type:	TokenElevationTypeDefault (1)
	Mandatory Label:		S-1-16-16384
	Creator Process ID:	0x3870
	Creator Process Name:	C:\Windows\System32\cmd.exe
	Process Command Line:	

Token Elevation Type indicates the type of token that was assigned to the new process in accordance with User Account Control policy.

Type 1 is a full token with no privileges removed or groups disabled.  A full token is only used if User Account Control is disabled or if the user is the built-in Administrator account or a service account.

Type 2 is an elevated token with no privileges removed or groups disabled.  An elevated token is used when User Account Control is enabled and the user chooses to start the program using Run as administrator.  An elevated token is also used when an application is configured to always require administrative privilege or to always require maximum privilege, and the user is a member of the Administrators group.

Type 3 is a limited token with administrative privileges removed and administrative groups disabled.  The limited token is used when User Account Control is enabled, the application does not require administrative privilege, and the user does not choose to start the program using Run as administrator."
"2023-09-27T06:27:11.6025612+05:30","4689","Microsoft-Windows-Security-Auditing","A process has exited.

Subject:
	Security ID:		S-1-5-18
	Account Name:		WS-4$
	Account Domain:		LAB
	Logon ID:		0x3E7

Process Information:
	Process ID:	0x40fc
	Process Name:	C:\Windows\System32\net.exe
	Exit Status:	0x2"
"2023-09-27T06:27:11.6009173+05:30","4689","Microsoft-Windows-Security-Auditing","A process has exited.

Subject:
	Security ID:		S-1-5-18
	Account Name:		WS-4$
	Account Domain:		LAB
	Logon ID:		0x3E7

Process Information:
	Process ID:	0x356c
	Process Name:	C:\Windows\System32\net1.exe
	Exit Status:	0x2"
"2023-09-27T06:27:11.5878414+05:30","4688","Microsoft-Windows-Security-Auditing","A new process has been created.

Creator Subject:
	Security ID:		S-1-5-18
	Account Name:		WS-4$
	Account Domain:		LAB
	Logon ID:		0x3E7

Target Subject:
	Security ID:		S-1-0-0
	Account Name:		-
	Account Domain:		-
	Logon ID:		0x0

Process Information:
	New Process ID:		0x356c
	New Process Name:	C:\Windows\System32\net1.exe
	Token Elevation Type:	TokenElevationTypeDefault (1)
	Mandatory Label:		S-1-16-16384
	Creator Process ID:	0x40fc
	Creator Process Name:	C:\Windows\System32\net.exe
	Process Command Line:	

Token Elevation Type indicates the type of token that was assigned to the new process in accordance with User Account Control policy.

Type 1 is a full token with no privileges removed or groups disabled.  A full token is only used if User Account Control is disabled or if the user is the built-in Administrator account or a service account.

Type 2 is an elevated token with no privileges removed or groups disabled.  An elevated token is used when User Account Control is enabled and the user chooses to start the program using Run as administrator.  An elevated token is also used when an application is configured to always require administrative privilege or to always require maximum privilege, and the user is a member of the Administrators group.

Type 3 is a limited token with administrative privileges removed and administrative groups disabled.  The limited token is used when User Account Control is enabled, the application does not require administrative privilege, and the user does not choose to start the program using Run as administrator."
"2023-09-27T06:27:11.5764615+05:30","4688","Microsoft-Windows-Security-Auditing","A new process has been created.

Creator Subject:
	Security ID:		S-1-5-18
	Account Name:		WS-4$
	Account Domain:		LAB
	Logon ID:		0x3E7

Target Subject:
	Security ID:		S-1-0-0
	Account Name:		-
	Account Domain:		-
	Logon ID:		0x0

Process Information:
	New Process ID:		0x40fc
	New Process Name:	C:\Windows\System32\net.exe
	Token Elevation Type:	TokenElevationTypeDefault (1)
	Mandatory Label:		S-1-16-16384
	Creator Process ID:	0x3870
	Creator Process Name:	C:\Windows\System32\cmd.exe
	Process Command Line:	

Token Elevation Type indicates the type of token that was assigned to the new process in accordance with User Account Control policy.

Type 1 is a full token with no privileges removed or groups disabled.  A full token is only used if User Account Control is disabled or if the user is the built-in Administrator account or a service account.

Type 2 is an elevated token with no privileges removed or groups disabled.  An elevated token is used when User Account Control is enabled and the user chooses to start the program using Run as administrator.  An elevated token is also used when an application is configured to always require administrative privilege or to always require maximum privilege, and the user is a member of the Administrators group.

Type 3 is a limited token with administrative privileges removed and administrative groups disabled.  The limited token is used when User Account Control is enabled, the application does not require administrative privilege, and the user does not choose to start the program using Run as administrator."
"2023-09-27T06:27:11.5732036+05:30","4689","Microsoft-Windows-Security-Auditing","A process has exited.

Subject:
	Security ID:		S-1-5-18
	Account Name:		WS-4$
	Account Domain:		LAB
	Logon ID:		0x3E7

Process Information:
	Process ID:	0x2398
	Process Name:	C:\Windows\System32\PING.EXE
	Exit Status:	0x0"
"2023-09-27T06:27:08.5105917+05:30","4688","Microsoft-Windows-Security-Auditing","A new process has been created.

Creator Subject:
	Security ID:		S-1-5-18
	Account Name:		WS-4$
	Account Domain:		LAB
	Logon ID:		0x3E7

Target Subject:
	Security ID:		S-1-0-0
	Account Name:		-
	Account Domain:		-
	Logon ID:		0x0

Process Information:
	New Process ID:		0x2398
	New Process Name:	C:\Windows\System32\PING.EXE
	Token Elevation Type:	TokenElevationTypeDefault (1)
	Mandatory Label:		S-1-16-16384
	Creator Process ID:	0x3870
	Creator Process Name:	C:\Windows\System32\cmd.exe
	Process Command Line:	

Token Elevation Type indicates the type of token that was assigned to the new process in accordance with User Account Control policy.

Type 1 is a full token with no privileges removed or groups disabled.  A full token is only used if User Account Control is disabled or if the user is the built-in Administrator account or a service account.

Type 2 is an elevated token with no privileges removed or groups disabled.  An elevated token is used when User Account Control is enabled and the user chooses to start the program using Run as administrator.  An elevated token is also used when an application is configured to always require administrative privilege or to always require maximum privilege, and the user is a member of the Administrators group.

Type 3 is a limited token with administrative privileges removed and administrative groups disabled.  The limited token is used when User Account Control is enabled, the application does not require administrative privilege, and the user does not choose to start the program using Run as administrator."
"2023-09-27T06:27:08.5078898+05:30","4689","Microsoft-Windows-Security-Auditing","A process has exited.

Subject:
	Security ID:		S-1-5-18
	Account Name:		WS-4$
	Account Domain:		LAB
	Logon ID:		0x3E7

Process Information:
	Process ID:	0x2dd4
	Process Name:	C:\Windows\System32\net.exe
	Exit Status:	0x2"
"2023-09-27T06:27:08.5062886+05:30","4689","Microsoft-Windows-Security-Auditing","A process has exited.

Subject:
	Security ID:		S-1-5-18
	Account Name:		WS-4$
	Account Domain:		LAB
	Logon ID:		0x3E7

Process Information:
	Process ID:	0x4ac
	Process Name:	C:\Windows\System32\net1.exe
	Exit Status:	0x2"
"2023-09-27T06:27:08.4942083+05:30","4688","Microsoft-Windows-Security-Auditing","A new process has been created.

Creator Subject:
	Security ID:		S-1-5-18
	Account Name:		WS-4$
	Account Domain:		LAB
	Logon ID:		0x3E7

Target Subject:
	Security ID:		S-1-0-0
	Account Name:		-
	Account Domain:		-
	Logon ID:		0x0

Process Information:
	New Process ID:		0x4ac
	New Process Name:	C:\Windows\System32\net1.exe
	Token Elevation Type:	TokenElevationTypeDefault (1)
	Mandatory Label:		S-1-16-16384
	Creator Process ID:	0x2dd4
	Creator Process Name:	C:\Windows\System32\net.exe
	Process Command Line:	

Token Elevation Type indicates the type of token that was assigned to the new process in accordance with User Account Control policy.

Type 1 is a full token with no privileges removed or groups disabled.  A full token is only used if User Account Control is disabled or if the user is the built-in Administrator account or a service account.

Type 2 is an elevated token with no privileges removed or groups disabled.  An elevated token is used when User Account Control is enabled and the user chooses to start the program using Run as administrator.  An elevated token is also used when an application is configured to always require administrative privilege or to always require maximum privilege, and the user is a member of the Administrators group.

Type 3 is a limited token with administrative privileges removed and administrative groups disabled.  The limited token is used when User Account Control is enabled, the application does not require administrative privilege, and the user does not choose to start the program using Run as administrator."
"2023-09-27T06:27:08.4826593+05:30","4688","Microsoft-Windows-Security-Auditing","A new process has been created.

Creator Subject:
	Security ID:		S-1-5-18
	Account Name:		WS-4$
	Account Domain:		LAB
	Logon ID:		0x3E7

Target Subject:
	Security ID:		S-1-0-0
	Account Name:		-
	Account Domain:		-
	Logon ID:		0x0

Process Information:
	New Process ID:		0x2dd4
	New Process Name:	C:\Windows\System32\net.exe
	Token Elevation Type:	TokenElevationTypeDefault (1)
	Mandatory Label:		S-1-16-16384
	Creator Process ID:	0x3870
	Creator Process Name:	C:\Windows\System32\cmd.exe
	Process Command Line:	

Token Elevation Type indicates the type of token that was assigned to the new process in accordance with User Account Control policy.

Type 1 is a full token with no privileges removed or groups disabled.  A full token is only used if User Account Control is disabled or if the user is the built-in Administrator account or a service account.

Type 2 is an elevated token with no privileges removed or groups disabled.  An elevated token is used when User Account Control is enabled and the user chooses to start the program using Run as administrator.  An elevated token is also used when an application is configured to always require administrative privilege or to always require maximum privilege, and the user is a member of the Administrators group.

Type 3 is a limited token with administrative privileges removed and administrative groups disabled.  The limited token is used when User Account Control is enabled, the application does not require administrative privilege, and the user does not choose to start the program using Run as administrator."
"2023-09-27T06:27:08.4793681+05:30","4689","Microsoft-Windows-Security-Auditing","A process has exited.

Subject:
	Security ID:		S-1-5-18
	Account Name:		WS-4$
	Account Domain:		LAB
	Logon ID:		0x3E7

Process Information:
	Process ID:	0x36a0
	Process Name:	C:\Windows\System32\PING.EXE
	Exit Status:	0x0"
"2023-09-27T06:27:05.4151878+05:30","4688","Microsoft-Windows-Security-Auditing","A new process has been created.

Creator Subject:
	Security ID:		S-1-5-18
	Account Name:		WS-4$
	Account Domain:		LAB
	Logon ID:		0x3E7

Target Subject:
	Security ID:		S-1-0-0
	Account Name:		-
	Account Domain:		-
	Logon ID:		0x0

Process Information:
	New Process ID:		0x36a0
	New Process Name:	C:\Windows\System32\PING.EXE
	Token Elevation Type:	TokenElevationTypeDefault (1)
	Mandatory Label:		S-1-16-16384
	Creator Process ID:	0x3870
	Creator Process Name:	C:\Windows\System32\cmd.exe
	Process Command Line:	

Token Elevation Type indicates the type of token that was assigned to the new process in accordance with User Account Control policy.

Type 1 is a full token with no privileges removed or groups disabled.  A full token is only used if User Account Control is disabled or if the user is the built-in Administrator account or a service account.

Type 2 is an elevated token with no privileges removed or groups disabled.  An elevated token is used when User Account Control is enabled and the user chooses to start the program using Run as administrator.  An elevated token is also used when an application is configured to always require administrative privilege or to always require maximum privilege, and the user is a member of the Administrators group.

Type 3 is a limited token with administrative privileges removed and administrative groups disabled.  The limited token is used when User Account Control is enabled, the application does not require administrative privilege, and the user does not choose to start the program using Run as administrator."
"2023-09-27T06:27:05.4119984+05:30","4689","Microsoft-Windows-Security-Auditing","A process has exited.

Subject:
	Security ID:		S-1-5-18
	Account Name:		WS-4$
	Account Domain:		LAB
	Logon ID:		0x3E7

Process Information:
	Process ID:	0x618
	Process Name:	C:\Windows\System32\PING.EXE
	Exit Status:	0x0"
"2023-09-27T06:27:02.3138094+05:30","4688","Microsoft-Windows-Security-Auditing","A new process has been created.

Creator Subject:
	Security ID:		S-1-5-18
	Account Name:		WS-4$
	Account Domain:		LAB
	Logon ID:		0x3E7

Target Subject:
	Security ID:		S-1-0-0
	Account Name:		-
	Account Domain:		-
	Logon ID:		0x0

Process Information:
	New Process ID:		0x618
	New Process Name:	C:\Windows\System32\PING.EXE
	Token Elevation Type:	TokenElevationTypeDefault (1)
	Mandatory Label:		S-1-16-16384
	Creator Process ID:	0x3870
	Creator Process Name:	C:\Windows\System32\cmd.exe
	Process Command Line:	

Token Elevation Type indicates the type of token that was assigned to the new process in accordance with User Account Control policy.

Type 1 is a full token with no privileges removed or groups disabled.  A full token is only used if User Account Control is disabled or if the user is the built-in Administrator account or a service account.

Type 2 is an elevated token with no privileges removed or groups disabled.  An elevated token is used when User Account Control is enabled and the user chooses to start the program using Run as administrator.  An elevated token is also used when an application is configured to always require administrative privilege or to always require maximum privilege, and the user is a member of the Administrators group.

Type 3 is a limited token with administrative privileges removed and administrative groups disabled.  The limited token is used when User Account Control is enabled, the application does not require administrative privilege, and the user does not choose to start the program using Run as administrator."
"2023-09-27T06:27:02.3093458+05:30","4688","Microsoft-Windows-Security-Auditing","A new process has been created.

Creator Subject:
	Security ID:		S-1-5-18
	Account Name:		WS-4$
	Account Domain:		LAB
	Logon ID:		0x3E7

Target Subject:
	Security ID:		S-1-0-0
	Account Name:		-
	Account Domain:		-
	Logon ID:		0x0

Process Information:
	New Process ID:		0x378c
	New Process Name:	C:\Windows\LTSvc\LTSVC.exe
	Token Elevation Type:	TokenElevationTypeDefault (1)
	Mandatory Label:		S-1-16-16384
	Creator Process ID:	0x2e4
	Creator Process Name:	C:\Windows\System32\services.exe
	Process Command Line:	

Token Elevation Type indicates the type of token that was assigned to the new process in accordance with User Account Control policy.

Type 1 is a full token with no privileges removed or groups disabled.  A full token is only used if User Account Control is disabled or if the user is the built-in Administrator account or a service account.

Type 2 is an elevated token with no privileges removed or groups disabled.  An elevated token is used when User Account Control is enabled and the user chooses to start the program using Run as administrator.  An elevated token is also used when an application is configured to always require administrative privilege or to always require maximum privilege, and the user is a member of the Administrators group.

Type 3 is a limited token with administrative privileges removed and administrative groups disabled.  The limited token is used when User Account Control is enabled, the application does not require administrative privilege, and the user does not choose to start the program using Run as administrator."
"2023-09-27T06:27:02.2897074+05:30","4689","Microsoft-Windows-Security-Auditing","A process has exited.

Subject:
	Security ID:		S-1-5-18
	Account Name:		WS-4$
	Account Domain:		LAB
	Logon ID:		0x3E7

Process Information:
	Process ID:	0x163c
	Process Name:	C:\Windows\LTSvc\LTSVC.exe
	Exit Status:	0x0"
"2023-09-27T06:27:02.2679741+05:30","4688","Microsoft-Windows-Security-Auditing","A new process has been created.

Creator Subject:
	Security ID:		S-1-5-18
	Account Name:		WS-4$
	Account Domain:		LAB
	Logon ID:		0x3E7

Target Subject:
	Security ID:		S-1-0-0
	Account Name:		-
	Account Domain:		-
	Logon ID:		0x0

Process Information:
	New Process ID:		0x2cc4
	New Process Name:	C:\Windows\System32\conhost.exe
	Token Elevation Type:	TokenElevationTypeDefault (1)
	Mandatory Label:		S-1-16-16384
	Creator Process ID:	0x3870
	Creator Process Name:	C:\Windows\System32\cmd.exe
	Process Command Line:	

Token Elevation Type indicates the type of token that was assigned to the new process in accordance with User Account Control policy.

Type 1 is a full token with no privileges removed or groups disabled.  A full token is only used if User Account Control is disabled or if the user is the built-in Administrator account or a service account.

Type 2 is an elevated token with no privileges removed or groups disabled.  An elevated token is used when User Account Control is enabled and the user chooses to start the program using Run as administrator.  An elevated token is also used when an application is configured to always require administrative privilege or to always require maximum privilege, and the user is a member of the Administrators group.

Type 3 is a limited token with administrative privileges removed and administrative groups disabled.  The limited token is used when User Account Control is enabled, the application does not require administrative privilege, and the user does not choose to start the program using Run as administrator."
"2023-09-27T06:27:02.2614409+05:30","4688","Microsoft-Windows-Security-Auditing","A new process has been created.

Creator Subject:
	Security ID:		S-1-5-18
	Account Name:		WS-4$
	Account Domain:		LAB
	Logon ID:		0x3E7

Target Subject:
	Security ID:		S-1-0-0
	Account Name:		-
	Account Domain:		-
	Logon ID:		0x0

Process Information:
	New Process ID:		0x3870
	New Process Name:	C:\Windows\System32\cmd.exe
	Token Elevation Type:	TokenElevationTypeDefault (1)
	Mandatory Label:		S-1-16-16384
	Creator Process ID:	0x163c
	Creator Process Name:	C:\Windows\LTSvc\LTSVC.exe
	Process Command Line:	

Token Elevation Type indicates the type of token that was assigned to the new process in accordance with User Account Control policy.

Type 1 is a full token with no privileges removed or groups disabled.  A full token is only used if User Account Control is disabled or if the user is the built-in Administrator account or a service account.

Type 2 is an elevated token with no privileges removed or groups disabled.  An elevated token is used when User Account Control is enabled and the user chooses to start the program using Run as administrator.  An elevated token is also used when an application is configured to always require administrative privilege or to always require maximum privilege, and the user is a member of the Administrators group.

Type 3 is a limited token with administrative privileges removed and administrative groups disabled.  The limited token is used when User Account Control is enabled, the application does not require administrative privilege, and the user does not choose to start the program using Run as administrator."
"2023-09-27T06:26:31.6006245+05:30","4689","Microsoft-Windows-Security-Auditing","A process has exited.

Subject:
	Security ID:		S-1-5-18
	Account Name:		WS-4$
	Account Domain:		LAB
	Logon ID:		0x3E7

Process Information:
	Process ID:	0x36b0
	Process Name:	C:\Windows\System32\svchost.exe
	Exit Status:	0x0"
"2023-09-27T06:26:30.5325481+05:30","4702","Microsoft-Windows-Security-Auditing","A scheduled task was updated.

Subject:
	Security ID:		S-1-5-18
	Account Name:		WS-4$
	Account Domain:		LAB
	Logon ID:		0x3E7

Task Information:
	Task Name: 		\Microsoft\Windows\WindowsUpdate\Scheduled Start
	Task New Content: 		<?xml version=""1.0"" encoding=""UTF-16""?>
<Task version=""1.4"" xmlns=""http://schemas.microsoft.com/windows/2004/02/mit/task"">
  <RegistrationInfo>
    <Source>Microsoft Corporation.</Source>
    <Author>Microsoft Corporation.</Author>
    <Description>This task is used to start the Windows Update service when needed to perform scheduled operations such as scans.</Description>
    <URI>\Microsoft\Windows\WindowsUpdate\Scheduled Start</URI>
    <SecurityDescriptor>D:(A;;FA;;;SY)(A;;FRFX;;;LS)(A;;FA;;;BA)</SecurityDescriptor>
  </RegistrationInfo>
  <Triggers>
    <TimeTrigger>
      <StartBoundary>2023-09-27T20:31:22Z</StartBoundary>
      <Enabled>true</Enabled>
      <RandomDelay>PT1M</RandomDelay>
    </TimeTrigger>
    <SessionStateChangeTrigger>
      <Enabled>false</Enabled>
      <StateChange>ConsoleDisconnect</StateChange>
    </SessionStateChangeTrigger>
    <SessionStateChangeTrigger>
      <Enabled>false</Enabled>
      <StateChange>RemoteDisconnect</StateChange>
    </SessionStateChangeTrigger>
    <WnfStateChangeTrigger>
      <Enabled>false</Enabled>
      <StateName>7508BCA3380C960C</StateName>
      <Data>01</Data>
      <DataOffset>0</DataOffset>
    </WnfStateChangeTrigger>
  </Triggers>
  <Principals>
    <Principal id=""LocalSystem"">
      <RunLevel>LeastPrivilege</RunLevel>
      <UserId>NT AUTHORITY\SYSTEM</UserId>
    </Principal>
  </Principals>
  <Settings>
    <MultipleInstancesPolicy>IgnoreNew</MultipleInstancesPolicy>
    <DisallowStartIfOnBatteries>false</DisallowStartIfOnBatteries>
    <StopIfGoingOnBatteries>false</StopIfGoingOnBatteries>
    <AllowHardTerminate>true</AllowHardTerminate>
    <StartWhenAvailable>true</StartWhenAvailable>
    <RunOnlyIfNetworkAvailable>false</RunOnlyIfNetworkAvailable>
    <IdleSettings>
      <Duration>PT10M</Duration>
      <WaitTimeout>PT1H</WaitTimeout>
      <StopOnIdleEnd>true</StopOnIdleEnd>
      <RestartOnIdle>false</RestartOnIdle>
    </IdleSettings>
    <AllowStartOnDemand>false</AllowStartOnDemand>
    <Enabled>true</Enabled>
    <Hidden>false</Hidden>
    <RunOnlyIfIdle>false</RunOnlyIfIdle>
    <DisallowStartOnRemoteAppSession>false</DisallowStartOnRemoteAppSession>
    <UseUnifiedSchedulingEngine>true</UseUnifiedSchedulingEngine>
    <WakeToRun>false</WakeToRun>
    <ExecutionTimeLimit>PT72H</ExecutionTimeLimit>
    <Priority>7</Priority>
  </Settings>
  <Actions Context=""LocalSystem"">
    <Exec>
      <Command>C:\Windows\system32\sc.exe</Command>
      <Arguments>start wuauserv</Arguments>
    </Exec>
  </Actions>
</Task>

Other Information:
	ProcessCreationTime: 		7881299347910794
	ClientProcessId: 			14000
	ParentProcessId: 			740
	FQDN: 		0
	"
"2023-09-27T06:26:30.0191890+05:30","4688","Microsoft-Windows-Security-Auditing","A new process has been created.

Creator Subject:
	Security ID:		S-1-5-18
	Account Name:		WS-4$
	Account Domain:		LAB
	Logon ID:		0x3E7

Target Subject:
	Security ID:		S-1-0-0
	Account Name:		WS-4$
	Account Domain:		LAB
	Logon ID:		0x3E4

Process Information:
	New Process ID:		0x3a94
	New Process Name:	C:\Windows\System32\wbem\WmiPrvSE.exe
	Token Elevation Type:	TokenElevationTypeDefault (1)
	Mandatory Label:		S-1-16-16384
	Creator Process ID:	0x358
	Creator Process Name:	C:\Windows\System32\svchost.exe
	Process Command Line:	

Token Elevation Type indicates the type of token that was assigned to the new process in accordance with User Account Control policy.

Type 1 is a full token with no privileges removed or groups disabled.  A full token is only used if User Account Control is disabled or if the user is the built-in Administrator account or a service account.

Type 2 is an elevated token with no privileges removed or groups disabled.  An elevated token is used when User Account Control is enabled and the user chooses to start the program using Run as administrator.  An elevated token is also used when an application is configured to always require administrative privilege or to always require maximum privilege, and the user is a member of the Administrators group.

Type 3 is a limited token with administrative privileges removed and administrative groups disabled.  The limited token is used when User Account Control is enabled, the application does not require administrative privilege, and the user does not choose to start the program using Run as administrator."
"2023-09-27T06:26:29.5272147+05:30","4689","Microsoft-Windows-Security-Auditing","A process has exited.

Subject:
	Security ID:		S-1-5-20
	Account Name:		WS-4$
	Account Domain:		LAB
	Logon ID:		0x3E4

Process Information:
	Process ID:	0x343c
	Process Name:	C:\Windows\System32\wbem\WmiPrvSE.exe
	Exit Status:	0x0"
"2023-09-27T06:26:24.4810690+05:30","4689","Microsoft-Windows-Security-Auditing","A process has exited.

Subject:
	Security ID:		S-1-5-21-2299017546-3331170021-2331166375-2720
	Account Name:		todd.lee
	Account Domain:		LAB
	Logon ID:		0x1E9D26

Process Information:
	Process ID:	0x3ce8
	Process Name:	C:\Windows\System32\taskhostw.exe
	Exit Status:	0x0"
"2023-09-27T06:26:24.3143707+05:30","4688","Microsoft-Windows-Security-Auditing","A new process has been created.

Creator Subject:
	Security ID:		S-1-5-18
	Account Name:		WS-4$
	Account Domain:		LAB
	Logon ID:		0x3E7

Target Subject:
	Security ID:		S-1-5-21-2299017546-3331170021-2331166375-2720
	Account Name:		todd.lee
	Account Domain:		LAB
	Logon ID:		0x1E9D26

Process Information:
	New Process ID:		0x3ce8
	New Process Name:	C:\Windows\System32\taskhostw.exe
	Token Elevation Type:	TokenElevationTypeDefault (1)
	Mandatory Label:		S-1-16-8192
	Creator Process ID:	0x55c
	Creator Process Name:	C:\Windows\System32\svchost.exe
	Process Command Line:	

Token Elevation Type indicates the type of token that was assigned to the new process in accordance with User Account Control policy.

Type 1 is a full token with no privileges removed or groups disabled.  A full token is only used if User Account Control is disabled or if the user is the built-in Administrator account or a service account.

Type 2 is an elevated token with no privileges removed or groups disabled.  An elevated token is used when User Account Control is enabled and the user chooses to start the program using Run as administrator.  An elevated token is also used when an application is configured to always require administrative privilege or to always require maximum privilege, and the user is a member of the Administrators group.

Type 3 is a limited token with administrative privileges removed and administrative groups disabled.  The limited token is used when User Account Control is enabled, the application does not require administrative privilege, and the user does not choose to start the program using Run as administrator."
"2023-09-27T06:25:40.4377573+05:30","4688","Microsoft-Windows-Security-Auditing","A new process has been created.

Creator Subject:
	Security ID:		S-1-5-18
	Account Name:		WS-4$
	Account Domain:		LAB
	Logon ID:		0x3E7

Target Subject:
	Security ID:		S-1-0-0
	Account Name:		-
	Account Domain:		-
	Logon ID:		0x0

Process Information:
	New Process ID:		0x30e4
	New Process Name:	C:\Windows\System32\svchost.exe
	Token Elevation Type:	TokenElevationTypeDefault (1)
	Mandatory Label:		S-1-16-16384
	Creator Process ID:	0x2e4
	Creator Process Name:	C:\Windows\System32\services.exe
	Process Command Line:	

Token Elevation Type indicates the type of token that was assigned to the new process in accordance with User Account Control policy.

Type 1 is a full token with no privileges removed or groups disabled.  A full token is only used if User Account Control is disabled or if the user is the built-in Administrator account or a service account.

Type 2 is an elevated token with no privileges removed or groups disabled.  An elevated token is used when User Account Control is enabled and the user chooses to start the program using Run as administrator.  An elevated token is also used when an application is configured to always require administrative privilege or to always require maximum privilege, and the user is a member of the Administrators group.

Type 3 is a limited token with administrative privileges removed and administrative groups disabled.  The limited token is used when User Account Control is enabled, the application does not require administrative privilege, and the user does not choose to start the program using Run as administrator."
"2023-09-27T06:24:15.1176728+05:30","4689","Microsoft-Windows-Security-Auditing","A process has exited.

Subject:
	Security ID:		S-1-5-18
	Account Name:		WS-4$
	Account Domain:		LAB
	Logon ID:		0x3E7

Process Information:
	Process ID:	0x3fd4
	Process Name:	C:\Windows\System32\conhost.exe
	Exit Status:	0x0"
"2023-09-27T06:24:15.1166017+05:30","4689","Microsoft-Windows-Security-Auditing","A process has exited.

Subject:
	Security ID:		S-1-5-18
	Account Name:		WS-4$
	Account Domain:		LAB
	Logon ID:		0x3E7

Process Information:
	Process ID:	0x430c
	Process Name:	C:\Windows\System32\cmd.exe
	Exit Status:	0x2"
"2023-09-27T06:24:15.1144781+05:30","4689","Microsoft-Windows-Security-Auditing","A process has exited.

Subject:
	Security ID:		S-1-5-18
	Account Name:		WS-4$
	Account Domain:		LAB
	Logon ID:		0x3E7

Process Information:
	Process ID:	0x32e0
	Process Name:	C:\Windows\System32\net.exe
	Exit Status:	0x2"
"2023-09-27T06:24:15.1129540+05:30","4689","Microsoft-Windows-Security-Auditing","A process has exited.

Subject:
	Security ID:		S-1-5-18
	Account Name:		WS-4$
	Account Domain:		LAB
	Logon ID:		0x3E7

Process Information:
	Process ID:	0x3fa8
	Process Name:	C:\Windows\System32\net1.exe
	Exit Status:	0x2"
"2023-09-27T06:24:15.1008576+05:30","4688","Microsoft-Windows-Security-Auditing","A new process has been created.

Creator Subject:
	Security ID:		S-1-5-18
	Account Name:		WS-4$
	Account Domain:		LAB
	Logon ID:		0x3E7

Target Subject:
	Security ID:		S-1-0-0
	Account Name:		-
	Account Domain:		-
	Logon ID:		0x0

Process Information:
	New Process ID:		0x3fa8
	New Process Name:	C:\Windows\System32\net1.exe
	Token Elevation Type:	TokenElevationTypeDefault (1)
	Mandatory Label:		S-1-16-16384
	Creator Process ID:	0x32e0
	Creator Process Name:	C:\Windows\System32\net.exe
	Process Command Line:	

Token Elevation Type indicates the type of token that was assigned to the new process in accordance with User Account Control policy.

Type 1 is a full token with no privileges removed or groups disabled.  A full token is only used if User Account Control is disabled or if the user is the built-in Administrator account or a service account.

Type 2 is an elevated token with no privileges removed or groups disabled.  An elevated token is used when User Account Control is enabled and the user chooses to start the program using Run as administrator.  An elevated token is also used when an application is configured to always require administrative privilege or to always require maximum privilege, and the user is a member of the Administrators group.

Type 3 is a limited token with administrative privileges removed and administrative groups disabled.  The limited token is used when User Account Control is enabled, the application does not require administrative privilege, and the user does not choose to start the program using Run as administrator."
"2023-09-27T06:24:15.0905289+05:30","4688","Microsoft-Windows-Security-Auditing","A new process has been created.

Creator Subject:
	Security ID:		S-1-5-18
	Account Name:		WS-4$
	Account Domain:		LAB
	Logon ID:		0x3E7

Target Subject:
	Security ID:		S-1-0-0
	Account Name:		-
	Account Domain:		-
	Logon ID:		0x0

Process Information:
	New Process ID:		0x32e0
	New Process Name:	C:\Windows\System32\net.exe
	Token Elevation Type:	TokenElevationTypeDefault (1)
	Mandatory Label:		S-1-16-16384
	Creator Process ID:	0x430c
	Creator Process Name:	C:\Windows\System32\cmd.exe
	Process Command Line:	

Token Elevation Type indicates the type of token that was assigned to the new process in accordance with User Account Control policy.

Type 1 is a full token with no privileges removed or groups disabled.  A full token is only used if User Account Control is disabled or if the user is the built-in Administrator account or a service account.

Type 2 is an elevated token with no privileges removed or groups disabled.  An elevated token is used when User Account Control is enabled and the user chooses to start the program using Run as administrator.  An elevated token is also used when an application is configured to always require administrative privilege or to always require maximum privilege, and the user is a member of the Administrators group.

Type 3 is a limited token with administrative privileges removed and administrative groups disabled.  The limited token is used when User Account Control is enabled, the application does not require administrative privilege, and the user does not choose to start the program using Run as administrator."
"2023-09-27T06:24:15.0879821+05:30","4689","Microsoft-Windows-Security-Auditing","A process has exited.

Subject:
	Security ID:		S-1-5-18
	Account Name:		WS-4$
	Account Domain:		LAB
	Logon ID:		0x3E7

Process Information:
	Process ID:	0x1780
	Process Name:	C:\Windows\System32\net.exe
	Exit Status:	0x2"
"2023-09-27T06:24:15.0865807+05:30","4689","Microsoft-Windows-Security-Auditing","A process has exited.

Subject:
	Security ID:		S-1-5-18
	Account Name:		WS-4$
	Account Domain:		LAB
	Logon ID:		0x3E7

Process Information:
	Process ID:	0x3fe8
	Process Name:	C:\Windows\System32\net1.exe
	Exit Status:	0x2"
"2023-09-27T06:24:15.0751321+05:30","4688","Microsoft-Windows-Security-Auditing","A new process has been created.

Creator Subject:
	Security ID:		S-1-5-18
	Account Name:		WS-4$
	Account Domain:		LAB
	Logon ID:		0x3E7

Target Subject:
	Security ID:		S-1-0-0
	Account Name:		-
	Account Domain:		-
	Logon ID:		0x0

Process Information:
	New Process ID:		0x3fe8
	New Process Name:	C:\Windows\System32\net1.exe
	Token Elevation Type:	TokenElevationTypeDefault (1)
	Mandatory Label:		S-1-16-16384
	Creator Process ID:	0x1780
	Creator Process Name:	C:\Windows\System32\net.exe
	Process Command Line:	

Token Elevation Type indicates the type of token that was assigned to the new process in accordance with User Account Control policy.

Type 1 is a full token with no privileges removed or groups disabled.  A full token is only used if User Account Control is disabled or if the user is the built-in Administrator account or a service account.

Type 2 is an elevated token with no privileges removed or groups disabled.  An elevated token is used when User Account Control is enabled and the user chooses to start the program using Run as administrator.  An elevated token is also used when an application is configured to always require administrative privilege or to always require maximum privilege, and the user is a member of the Administrators group.

Type 3 is a limited token with administrative privileges removed and administrative groups disabled.  The limited token is used when User Account Control is enabled, the application does not require administrative privilege, and the user does not choose to start the program using Run as administrator."
"2023-09-27T06:24:15.0642992+05:30","4688","Microsoft-Windows-Security-Auditing","A new process has been created.

Creator Subject:
	Security ID:		S-1-5-18
	Account Name:		WS-4$
	Account Domain:		LAB
	Logon ID:		0x3E7

Target Subject:
	Security ID:		S-1-0-0
	Account Name:		-
	Account Domain:		-
	Logon ID:		0x0

Process Information:
	New Process ID:		0x1780
	New Process Name:	C:\Windows\System32\net.exe
	Token Elevation Type:	TokenElevationTypeDefault (1)
	Mandatory Label:		S-1-16-16384
	Creator Process ID:	0x430c
	Creator Process Name:	C:\Windows\System32\cmd.exe
	Process Command Line:	

Token Elevation Type indicates the type of token that was assigned to the new process in accordance with User Account Control policy.

Type 1 is a full token with no privileges removed or groups disabled.  A full token is only used if User Account Control is disabled or if the user is the built-in Administrator account or a service account.

Type 2 is an elevated token with no privileges removed or groups disabled.  An elevated token is used when User Account Control is enabled and the user chooses to start the program using Run as administrator.  An elevated token is also used when an application is configured to always require administrative privilege or to always require maximum privilege, and the user is a member of the Administrators group.

Type 3 is a limited token with administrative privileges removed and administrative groups disabled.  The limited token is used when User Account Control is enabled, the application does not require administrative privilege, and the user does not choose to start the program using Run as administrator."
"2023-09-27T06:24:15.0612719+05:30","4689","Microsoft-Windows-Security-Auditing","A process has exited.

Subject:
	Security ID:		S-1-5-18
	Account Name:		WS-4$
	Account Domain:		LAB
	Logon ID:		0x3E7

Process Information:
	Process ID:	0x3918
	Process Name:	C:\Windows\System32\net.exe
	Exit Status:	0x2"
"2023-09-27T06:24:15.0598295+05:30","4689","Microsoft-Windows-Security-Auditing","A process has exited.

Subject:
	Security ID:		S-1-5-18
	Account Name:		WS-4$
	Account Domain:		LAB
	Logon ID:		0x3E7

Process Information:
	Process ID:	0x3944
	Process Name:	C:\Windows\System32\net1.exe
	Exit Status:	0x2"
"2023-09-27T06:24:15.0486569+05:30","4688","Microsoft-Windows-Security-Auditing","A new process has been created.

Creator Subject:
	Security ID:		S-1-5-18
	Account Name:		WS-4$
	Account Domain:		LAB
	Logon ID:		0x3E7

Target Subject:
	Security ID:		S-1-0-0
	Account Name:		-
	Account Domain:		-
	Logon ID:		0x0

Process Information:
	New Process ID:		0x3944
	New Process Name:	C:\Windows\System32\net1.exe
	Token Elevation Type:	TokenElevationTypeDefault (1)
	Mandatory Label:		S-1-16-16384
	Creator Process ID:	0x3918
	Creator Process Name:	C:\Windows\System32\net.exe
	Process Command Line:	

Token Elevation Type indicates the type of token that was assigned to the new process in accordance with User Account Control policy.

Type 1 is a full token with no privileges removed or groups disabled.  A full token is only used if User Account Control is disabled or if the user is the built-in Administrator account or a service account.

Type 2 is an elevated token with no privileges removed or groups disabled.  An elevated token is used when User Account Control is enabled and the user chooses to start the program using Run as administrator.  An elevated token is also used when an application is configured to always require administrative privilege or to always require maximum privilege, and the user is a member of the Administrators group.

Type 3 is a limited token with administrative privileges removed and administrative groups disabled.  The limited token is used when User Account Control is enabled, the application does not require administrative privilege, and the user does not choose to start the program using Run as administrator."
"2023-09-27T06:24:15.0378763+05:30","4688","Microsoft-Windows-Security-Auditing","A new process has been created.

Creator Subject:
	Security ID:		S-1-5-18
	Account Name:		WS-4$
	Account Domain:		LAB
	Logon ID:		0x3E7

Target Subject:
	Security ID:		S-1-0-0
	Account Name:		-
	Account Domain:		-
	Logon ID:		0x0

Process Information:
	New Process ID:		0x3918
	New Process Name:	C:\Windows\System32\net.exe
	Token Elevation Type:	TokenElevationTypeDefault (1)
	Mandatory Label:		S-1-16-16384
	Creator Process ID:	0x430c
	Creator Process Name:	C:\Windows\System32\cmd.exe
	Process Command Line:	

Token Elevation Type indicates the type of token that was assigned to the new process in accordance with User Account Control policy.

Type 1 is a full token with no privileges removed or groups disabled.  A full token is only used if User Account Control is disabled or if the user is the built-in Administrator account or a service account.

Type 2 is an elevated token with no privileges removed or groups disabled.  An elevated token is used when User Account Control is enabled and the user chooses to start the program using Run as administrator.  An elevated token is also used when an application is configured to always require administrative privilege or to always require maximum privilege, and the user is a member of the Administrators group.

Type 3 is a limited token with administrative privileges removed and administrative groups disabled.  The limited token is used when User Account Control is enabled, the application does not require administrative privilege, and the user does not choose to start the program using Run as administrator."
"2023-09-27T06:24:15.0349548+05:30","4689","Microsoft-Windows-Security-Auditing","A process has exited.

Subject:
	Security ID:		S-1-5-18
	Account Name:		WS-4$
	Account Domain:		LAB
	Logon ID:		0x3E7

Process Information:
	Process ID:	0x3cf8
	Process Name:	C:\Windows\System32\net.exe
	Exit Status:	0x2"
"2023-09-27T06:24:15.0332831+05:30","4689","Microsoft-Windows-Security-Auditing","A process has exited.

Subject:
	Security ID:		S-1-5-18
	Account Name:		WS-4$
	Account Domain:		LAB
	Logon ID:		0x3E7

Process Information:
	Process ID:	0x3db4
	Process Name:	C:\Windows\System32\net1.exe
	Exit Status:	0x2"
"2023-09-27T06:24:15.0221908+05:30","4688","Microsoft-Windows-Security-Auditing","A new process has been created.

Creator Subject:
	Security ID:		S-1-5-18
	Account Name:		WS-4$
	Account Domain:		LAB
	Logon ID:		0x3E7

Target Subject:
	Security ID:		S-1-0-0
	Account Name:		-
	Account Domain:		-
	Logon ID:		0x0

Process Information:
	New Process ID:		0x3db4
	New Process Name:	C:\Windows\System32\net1.exe
	Token Elevation Type:	TokenElevationTypeDefault (1)
	Mandatory Label:		S-1-16-16384
	Creator Process ID:	0x3cf8
	Creator Process Name:	C:\Windows\System32\net.exe
	Process Command Line:	

Token Elevation Type indicates the type of token that was assigned to the new process in accordance with User Account Control policy.

Type 1 is a full token with no privileges removed or groups disabled.  A full token is only used if User Account Control is disabled or if the user is the built-in Administrator account or a service account.

Type 2 is an elevated token with no privileges removed or groups disabled.  An elevated token is used when User Account Control is enabled and the user chooses to start the program using Run as administrator.  An elevated token is also used when an application is configured to always require administrative privilege or to always require maximum privilege, and the user is a member of the Administrators group.

Type 3 is a limited token with administrative privileges removed and administrative groups disabled.  The limited token is used when User Account Control is enabled, the application does not require administrative privilege, and the user does not choose to start the program using Run as administrator."
"2023-09-27T06:24:15.0106625+05:30","4688","Microsoft-Windows-Security-Auditing","A new process has been created.

Creator Subject:
	Security ID:		S-1-5-18
	Account Name:		WS-4$
	Account Domain:		LAB
	Logon ID:		0x3E7

Target Subject:
	Security ID:		S-1-0-0
	Account Name:		-
	Account Domain:		-
	Logon ID:		0x0

Process Information:
	New Process ID:		0x3cf8
	New Process Name:	C:\Windows\System32\net.exe
	Token Elevation Type:	TokenElevationTypeDefault (1)
	Mandatory Label:		S-1-16-16384
	Creator Process ID:	0x430c
	Creator Process Name:	C:\Windows\System32\cmd.exe
	Process Command Line:	

Token Elevation Type indicates the type of token that was assigned to the new process in accordance with User Account Control policy.

Type 1 is a full token with no privileges removed or groups disabled.  A full token is only used if User Account Control is disabled or if the user is the built-in Administrator account or a service account.

Type 2 is an elevated token with no privileges removed or groups disabled.  An elevated token is used when User Account Control is enabled and the user chooses to start the program using Run as administrator.  An elevated token is also used when an application is configured to always require administrative privilege or to always require maximum privilege, and the user is a member of the Administrators group.

Type 3 is a limited token with administrative privileges removed and administrative groups disabled.  The limited token is used when User Account Control is enabled, the application does not require administrative privilege, and the user does not choose to start the program using Run as administrator."
"2023-09-27T06:24:15.0074791+05:30","4689","Microsoft-Windows-Security-Auditing","A process has exited.

Subject:
	Security ID:		S-1-5-18
	Account Name:		WS-4$
	Account Domain:		LAB
	Logon ID:		0x3E7

Process Information:
	Process ID:	0x3f38
	Process Name:	C:\Windows\System32\PING.EXE
	Exit Status:	0x0"
"2023-09-27T06:24:11.9338047+05:30","4688","Microsoft-Windows-Security-Auditing","A new process has been created.

Creator Subject:
	Security ID:		S-1-5-18
	Account Name:		WS-4$
	Account Domain:		LAB
	Logon ID:		0x3E7

Target Subject:
	Security ID:		S-1-0-0
	Account Name:		-
	Account Domain:		-
	Logon ID:		0x0

Process Information:
	New Process ID:		0x3f38
	New Process Name:	C:\Windows\System32\PING.EXE
	Token Elevation Type:	TokenElevationTypeDefault (1)
	Mandatory Label:		S-1-16-16384
	Creator Process ID:	0x430c
	Creator Process Name:	C:\Windows\System32\cmd.exe
	Process Command Line:	

Token Elevation Type indicates the type of token that was assigned to the new process in accordance with User Account Control policy.

Type 1 is a full token with no privileges removed or groups disabled.  A full token is only used if User Account Control is disabled or if the user is the built-in Administrator account or a service account.

Type 2 is an elevated token with no privileges removed or groups disabled.  An elevated token is used when User Account Control is enabled and the user chooses to start the program using Run as administrator.  An elevated token is also used when an application is configured to always require administrative privilege or to always require maximum privilege, and the user is a member of the Administrators group.

Type 3 is a limited token with administrative privileges removed and administrative groups disabled.  The limited token is used when User Account Control is enabled, the application does not require administrative privilege, and the user does not choose to start the program using Run as administrator."
"2023-09-27T06:24:11.9309529+05:30","4689","Microsoft-Windows-Security-Auditing","A process has exited.

Subject:
	Security ID:		S-1-5-18
	Account Name:		WS-4$
	Account Domain:		LAB
	Logon ID:		0x3E7

Process Information:
	Process ID:	0x2e7c
	Process Name:	C:\Windows\System32\net.exe
	Exit Status:	0x2"
