"2023-09-27T06:12:26.4928261+05:30","4688","Microsoft-Windows-Security-Auditing","A new process has been created.

Creator Subject:
	Security ID:		S-1-5-18
	Account Name:		WS-4$
	Account Domain:		LAB
	Logon ID:		0x3E7

Target Subject:
	Security ID:		S-1-0-0
	Account Name:		-
	Account Domain:		-
	Logon ID:		0x0

Process Information:
	New Process ID:		0x3bfc
	New Process Name:	C:\Windows\System32\net1.exe
	Token Elevation Type:	TokenElevationTypeDefault (1)
	Mandatory Label:		S-1-16-16384
	Creator Process ID:	0x42a0
	Creator Process Name:	C:\Windows\System32\net.exe
	Process Command Line:	

Token Elevation Type indicates the type of token that was assigned to the new process in accordance with User Account Control policy.

Type 1 is a full token with no privileges removed or groups disabled.  A full token is only used if User Account Control is disabled or if the user is the built-in Administrator account or a service account.

Type 2 is an elevated token with no privileges removed or groups disabled.  An elevated token is used when User Account Control is enabled and the user chooses to start the program using Run as administrator.  An elevated token is also used when an application is configured to always require administrative privilege or to always require maximum privilege, and the user is a member of the Administrators group.

Type 3 is a limited token with administrative privileges removed and administrative groups disabled.  The limited token is used when User Account Control is enabled, the application does not require administrative privilege, and the user does not choose to start the program using Run as administrator."
"2023-09-27T06:12:26.4810731+05:30","4688","Microsoft-Windows-Security-Auditing","A new process has been created.

Creator Subject:
	Security ID:		S-1-5-18
	Account Name:		WS-4$
	Account Domain:		LAB
	Logon ID:		0x3E7

Target Subject:
	Security ID:		S-1-0-0
	Account Name:		-
	Account Domain:		-
	Logon ID:		0x0

Process Information:
	New Process ID:		0x42a0
	New Process Name:	C:\Windows\System32\net.exe
	Token Elevation Type:	TokenElevationTypeDefault (1)
	Mandatory Label:		S-1-16-16384
	Creator Process ID:	0x3e94
	Creator Process Name:	C:\Windows\System32\cmd.exe
	Process Command Line:	

Token Elevation Type indicates the type of token that was assigned to the new process in accordance with User Account Control policy.

Type 1 is a full token with no privileges removed or groups disabled.  A full token is only used if User Account Control is disabled or if the user is the built-in Administrator account or a service account.

Type 2 is an elevated token with no privileges removed or groups disabled.  An elevated token is used when User Account Control is enabled and the user chooses to start the program using Run as administrator.  An elevated token is also used when an application is configured to always require administrative privilege or to always require maximum privilege, and the user is a member of the Administrators group.

Type 3 is a limited token with administrative privileges removed and administrative groups disabled.  The limited token is used when User Account Control is enabled, the application does not require administrative privilege, and the user does not choose to start the program using Run as administrator."
"2023-09-27T06:12:26.4775571+05:30","4689","Microsoft-Windows-Security-Auditing","A process has exited.

Subject:
	Security ID:		S-1-5-18
	Account Name:		WS-4$
	Account Domain:		LAB
	Logon ID:		0x3E7

Process Information:
	Process ID:	0x383c
	Process Name:	C:\Windows\System32\PING.EXE
	Exit Status:	0x0"
"2023-09-27T06:12:23.4004454+05:30","4688","Microsoft-Windows-Security-Auditing","A new process has been created.

Creator Subject:
	Security ID:		S-1-5-18
	Account Name:		WS-4$
	Account Domain:		LAB
	Logon ID:		0x3E7

Target Subject:
	Security ID:		S-1-0-0
	Account Name:		-
	Account Domain:		-
	Logon ID:		0x0

Process Information:
	New Process ID:		0x383c
	New Process Name:	C:\Windows\System32\PING.EXE
	Token Elevation Type:	TokenElevationTypeDefault (1)
	Mandatory Label:		S-1-16-16384
	Creator Process ID:	0x3e94
	Creator Process Name:	C:\Windows\System32\cmd.exe
	Process Command Line:	

Token Elevation Type indicates the type of token that was assigned to the new process in accordance with User Account Control policy.

Type 1 is a full token with no privileges removed or groups disabled.  A full token is only used if User Account Control is disabled or if the user is the built-in Administrator account or a service account.

Type 2 is an elevated token with no privileges removed or groups disabled.  An elevated token is used when User Account Control is enabled and the user chooses to start the program using Run as administrator.  An elevated token is also used when an application is configured to always require administrative privilege or to always require maximum privilege, and the user is a member of the Administrators group.

Type 3 is a limited token with administrative privileges removed and administrative groups disabled.  The limited token is used when User Account Control is enabled, the application does not require administrative privilege, and the user does not choose to start the program using Run as administrator."
"2023-09-27T06:12:23.3975859+05:30","4689","Microsoft-Windows-Security-Auditing","A process has exited.

Subject:
	Security ID:		S-1-5-18
	Account Name:		WS-4$
	Account Domain:		LAB
	Logon ID:		0x3E7

Process Information:
	Process ID:	0x4184
	Process Name:	C:\Windows\System32\net.exe
	Exit Status:	0x2"
"2023-09-27T06:12:23.3959166+05:30","4689","Microsoft-Windows-Security-Auditing","A process has exited.

Subject:
	Security ID:		S-1-5-18
	Account Name:		WS-4$
	Account Domain:		LAB
	Logon ID:		0x3E7

Process Information:
	Process ID:	0x2e90
	Process Name:	C:\Windows\System32\net1.exe
	Exit Status:	0x2"
"2023-09-27T06:12:23.3838478+05:30","4688","Microsoft-Windows-Security-Auditing","A new process has been created.

Creator Subject:
	Security ID:		S-1-5-18
	Account Name:		WS-4$
	Account Domain:		LAB
	Logon ID:		0x3E7

Target Subject:
	Security ID:		S-1-0-0
	Account Name:		-
	Account Domain:		-
	Logon ID:		0x0

Process Information:
	New Process ID:		0x2e90
	New Process Name:	C:\Windows\System32\net1.exe
	Token Elevation Type:	TokenElevationTypeDefault (1)
	Mandatory Label:		S-1-16-16384
	Creator Process ID:	0x4184
	Creator Process Name:	C:\Windows\System32\net.exe
	Process Command Line:	

Token Elevation Type indicates the type of token that was assigned to the new process in accordance with User Account Control policy.

Type 1 is a full token with no privileges removed or groups disabled.  A full token is only used if User Account Control is disabled or if the user is the built-in Administrator account or a service account.

Type 2 is an elevated token with no privileges removed or groups disabled.  An elevated token is used when User Account Control is enabled and the user chooses to start the program using Run as administrator.  An elevated token is also used when an application is configured to always require administrative privilege or to always require maximum privilege, and the user is a member of the Administrators group.

Type 3 is a limited token with administrative privileges removed and administrative groups disabled.  The limited token is used when User Account Control is enabled, the application does not require administrative privilege, and the user does not choose to start the program using Run as administrator."
"2023-09-27T06:12:23.3724391+05:30","4688","Microsoft-Windows-Security-Auditing","A new process has been created.

Creator Subject:
	Security ID:		S-1-5-18
	Account Name:		WS-4$
	Account Domain:		LAB
	Logon ID:		0x3E7

Target Subject:
	Security ID:		S-1-0-0
	Account Name:		-
	Account Domain:		-
	Logon ID:		0x0

Process Information:
	New Process ID:		0x4184
	New Process Name:	C:\Windows\System32\net.exe
	Token Elevation Type:	TokenElevationTypeDefault (1)
	Mandatory Label:		S-1-16-16384
	Creator Process ID:	0x3e94
	Creator Process Name:	C:\Windows\System32\cmd.exe
	Process Command Line:	

Token Elevation Type indicates the type of token that was assigned to the new process in accordance with User Account Control policy.

Type 1 is a full token with no privileges removed or groups disabled.  A full token is only used if User Account Control is disabled or if the user is the built-in Administrator account or a service account.

Type 2 is an elevated token with no privileges removed or groups disabled.  An elevated token is used when User Account Control is enabled and the user chooses to start the program using Run as administrator.  An elevated token is also used when an application is configured to always require administrative privilege or to always require maximum privilege, and the user is a member of the Administrators group.

Type 3 is a limited token with administrative privileges removed and administrative groups disabled.  The limited token is used when User Account Control is enabled, the application does not require administrative privilege, and the user does not choose to start the program using Run as administrator."
"2023-09-27T06:12:23.3691926+05:30","4689","Microsoft-Windows-Security-Auditing","A process has exited.

Subject:
	Security ID:		S-1-5-18
	Account Name:		WS-4$
	Account Domain:		LAB
	Logon ID:		0x3E7

Process Information:
	Process ID:	0x684
	Process Name:	C:\Windows\System32\PING.EXE
	Exit Status:	0x0"
"2023-09-27T06:12:20.2981412+05:30","4688","Microsoft-Windows-Security-Auditing","A new process has been created.

Creator Subject:
	Security ID:		S-1-5-18
	Account Name:		WS-4$
	Account Domain:		LAB
	Logon ID:		0x3E7

Target Subject:
	Security ID:		S-1-0-0
	Account Name:		-
	Account Domain:		-
	Logon ID:		0x0

Process Information:
	New Process ID:		0x684
	New Process Name:	C:\Windows\System32\PING.EXE
	Token Elevation Type:	TokenElevationTypeDefault (1)
	Mandatory Label:		S-1-16-16384
	Creator Process ID:	0x3e94
	Creator Process Name:	C:\Windows\System32\cmd.exe
	Process Command Line:	

Token Elevation Type indicates the type of token that was assigned to the new process in accordance with User Account Control policy.

Type 1 is a full token with no privileges removed or groups disabled.  A full token is only used if User Account Control is disabled or if the user is the built-in Administrator account or a service account.

Type 2 is an elevated token with no privileges removed or groups disabled.  An elevated token is used when User Account Control is enabled and the user chooses to start the program using Run as administrator.  An elevated token is also used when an application is configured to always require administrative privilege or to always require maximum privilege, and the user is a member of the Administrators group.

Type 3 is a limited token with administrative privileges removed and administrative groups disabled.  The limited token is used when User Account Control is enabled, the application does not require administrative privilege, and the user does not choose to start the program using Run as administrator."
"2023-09-27T06:12:20.2946765+05:30","4689","Microsoft-Windows-Security-Auditing","A process has exited.

Subject:
	Security ID:		S-1-5-18
	Account Name:		WS-4$
	Account Domain:		LAB
	Logon ID:		0x3E7

Process Information:
	Process ID:	0x215c
	Process Name:	C:\Windows\System32\PING.EXE
	Exit Status:	0x0"
"2023-09-27T06:12:17.1995742+05:30","4688","Microsoft-Windows-Security-Auditing","A new process has been created.

Creator Subject:
	Security ID:		S-1-5-18
	Account Name:		WS-4$
	Account Domain:		LAB
	Logon ID:		0x3E7

Target Subject:
	Security ID:		S-1-0-0
	Account Name:		-
	Account Domain:		-
	Logon ID:		0x0

Process Information:
	New Process ID:		0x215c
	New Process Name:	C:\Windows\System32\PING.EXE
	Token Elevation Type:	TokenElevationTypeDefault (1)
	Mandatory Label:		S-1-16-16384
	Creator Process ID:	0x3e94
	Creator Process Name:	C:\Windows\System32\cmd.exe
	Process Command Line:	

Token Elevation Type indicates the type of token that was assigned to the new process in accordance with User Account Control policy.

Type 1 is a full token with no privileges removed or groups disabled.  A full token is only used if User Account Control is disabled or if the user is the built-in Administrator account or a service account.

Type 2 is an elevated token with no privileges removed or groups disabled.  An elevated token is used when User Account Control is enabled and the user chooses to start the program using Run as administrator.  An elevated token is also used when an application is configured to always require administrative privilege or to always require maximum privilege, and the user is a member of the Administrators group.

Type 3 is a limited token with administrative privileges removed and administrative groups disabled.  The limited token is used when User Account Control is enabled, the application does not require administrative privilege, and the user does not choose to start the program using Run as administrator."
"2023-09-27T06:12:17.1931966+05:30","4688","Microsoft-Windows-Security-Auditing","A new process has been created.

Creator Subject:
	Security ID:		S-1-5-18
	Account Name:		WS-4$
	Account Domain:		LAB
	Logon ID:		0x3E7

Target Subject:
	Security ID:		S-1-0-0
	Account Name:		-
	Account Domain:		-
	Logon ID:		0x0

Process Information:
	New Process ID:		0x1c60
	New Process Name:	C:\Windows\LTSvc\LTSVC.exe
	Token Elevation Type:	TokenElevationTypeDefault (1)
	Mandatory Label:		S-1-16-16384
	Creator Process ID:	0x2e4
	Creator Process Name:	C:\Windows\System32\services.exe
	Process Command Line:	

Token Elevation Type indicates the type of token that was assigned to the new process in accordance with User Account Control policy.

Type 1 is a full token with no privileges removed or groups disabled.  A full token is only used if User Account Control is disabled or if the user is the built-in Administrator account or a service account.

Type 2 is an elevated token with no privileges removed or groups disabled.  An elevated token is used when User Account Control is enabled and the user chooses to start the program using Run as administrator.  An elevated token is also used when an application is configured to always require administrative privilege or to always require maximum privilege, and the user is a member of the Administrators group.

Type 3 is a limited token with administrative privileges removed and administrative groups disabled.  The limited token is used when User Account Control is enabled, the application does not require administrative privilege, and the user does not choose to start the program using Run as administrator."
"2023-09-27T06:12:17.1695398+05:30","4689","Microsoft-Windows-Security-Auditing","A process has exited.

Subject:
	Security ID:		S-1-5-18
	Account Name:		WS-4$
	Account Domain:		LAB
	Logon ID:		0x3E7

Process Information:
	Process ID:	0x3eec
	Process Name:	C:\Windows\LTSvc\LTSVC.exe
	Exit Status:	0x0"
"2023-09-27T06:12:17.1457535+05:30","4688","Microsoft-Windows-Security-Auditing","A new process has been created.

Creator Subject:
	Security ID:		S-1-5-18
	Account Name:		WS-4$
	Account Domain:		LAB
	Logon ID:		0x3E7

Target Subject:
	Security ID:		S-1-0-0
	Account Name:		-
	Account Domain:		-
	Logon ID:		0x0

Process Information:
	New Process ID:		0x3384
	New Process Name:	C:\Windows\System32\conhost.exe
	Token Elevation Type:	TokenElevationTypeDefault (1)
	Mandatory Label:		S-1-16-16384
	Creator Process ID:	0x3e94
	Creator Process Name:	C:\Windows\System32\cmd.exe
	Process Command Line:	

Token Elevation Type indicates the type of token that was assigned to the new process in accordance with User Account Control policy.

Type 1 is a full token with no privileges removed or groups disabled.  A full token is only used if User Account Control is disabled or if the user is the built-in Administrator account or a service account.

Type 2 is an elevated token with no privileges removed or groups disabled.  An elevated token is used when User Account Control is enabled and the user chooses to start the program using Run as administrator.  An elevated token is also used when an application is configured to always require administrative privilege or to always require maximum privilege, and the user is a member of the Administrators group.

Type 3 is a limited token with administrative privileges removed and administrative groups disabled.  The limited token is used when User Account Control is enabled, the application does not require administrative privilege, and the user does not choose to start the program using Run as administrator."
"2023-09-27T06:12:17.1406174+05:30","4688","Microsoft-Windows-Security-Auditing","A new process has been created.

Creator Subject:
	Security ID:		S-1-5-18
	Account Name:		WS-4$
	Account Domain:		LAB
	Logon ID:		0x3E7

Target Subject:
	Security ID:		S-1-0-0
	Account Name:		-
	Account Domain:		-
	Logon ID:		0x0

Process Information:
	New Process ID:		0x3e94
	New Process Name:	C:\Windows\System32\cmd.exe
	Token Elevation Type:	TokenElevationTypeDefault (1)
	Mandatory Label:		S-1-16-16384
	Creator Process ID:	0x3eec
	Creator Process Name:	C:\Windows\LTSvc\LTSVC.exe
	Process Command Line:	

Token Elevation Type indicates the type of token that was assigned to the new process in accordance with User Account Control policy.

Type 1 is a full token with no privileges removed or groups disabled.  A full token is only used if User Account Control is disabled or if the user is the built-in Administrator account or a service account.

Type 2 is an elevated token with no privileges removed or groups disabled.  An elevated token is used when User Account Control is enabled and the user chooses to start the program using Run as administrator.  An elevated token is also used when an application is configured to always require administrative privilege or to always require maximum privilege, and the user is a member of the Administrators group.

Type 3 is a limited token with administrative privileges removed and administrative groups disabled.  The limited token is used when User Account Control is enabled, the application does not require administrative privilege, and the user does not choose to start the program using Run as administrator."
"2023-09-27T06:11:59.7226530+05:30","4689","Microsoft-Windows-Security-Auditing","A process has exited.

Subject:
	Security ID:		S-1-5-20
	Account Name:		WS-4$
	Account Domain:		LAB
	Logon ID:		0x3E4

Process Information:
	Process ID:	0x36a8
	Process Name:	C:\Windows\SysWOW64\wbem\WmiPrvSE.exe
	Exit Status:	0x0"
"2023-09-27T06:11:16.3844217+05:30","4689","Microsoft-Windows-Security-Auditing","A process has exited.

Subject:
	Security ID:		S-1-5-21-2299017546-3331170021-2331166375-2773
	Account Name:		jane.ross
	Account Domain:		LAB
	Logon ID:		0x54075B

Process Information:
	Process ID:	0x3928
	Process Name:	C:\Windows\System32\RuntimeBroker.exe
	Exit Status:	0x0"
"2023-09-27T06:10:40.2671736+05:30","4688","Microsoft-Windows-Security-Auditing","A new process has been created.

Creator Subject:
	Security ID:		S-1-5-18
	Account Name:		WS-4$
	Account Domain:		LAB
	Logon ID:		0x3E7

Target Subject:
	Security ID:		S-1-0-0
	Account Name:		-
	Account Domain:		-
	Logon ID:		0x0

Process Information:
	New Process ID:		0x3888
	New Process Name:	C:\Windows\System32\svchost.exe
	Token Elevation Type:	TokenElevationTypeDefault (1)
	Mandatory Label:		S-1-16-16384
	Creator Process ID:	0x2e4
	Creator Process Name:	C:\Windows\System32\services.exe
	Process Command Line:	

Token Elevation Type indicates the type of token that was assigned to the new process in accordance with User Account Control policy.

Type 1 is a full token with no privileges removed or groups disabled.  A full token is only used if User Account Control is disabled or if the user is the built-in Administrator account or a service account.

Type 2 is an elevated token with no privileges removed or groups disabled.  An elevated token is used when User Account Control is enabled and the user chooses to start the program using Run as administrator.  An elevated token is also used when an application is configured to always require administrative privilege or to always require maximum privilege, and the user is a member of the Administrators group.

Type 3 is a limited token with administrative privileges removed and administrative groups disabled.  The limited token is used when User Account Control is enabled, the application does not require administrative privilege, and the user does not choose to start the program using Run as administrator."
"2023-09-27T06:10:36.3786554+05:30","4689","Microsoft-Windows-Security-Auditing","A process has exited.

Subject:
	Security ID:		S-1-5-21-2299017546-3331170021-2331166375-2773
	Account Name:		jane.ross
	Account Domain:		LAB
	Logon ID:		0x54075B

Process Information:
	Process ID:	0x3e38
	Process Name:	C:\Windows\System32\backgroundTaskHost.exe
	Exit Status:	0x1"
"2023-09-27T06:10:35.6031108+05:30","4688","Microsoft-Windows-Security-Auditing","A new process has been created.

Creator Subject:
	Security ID:		S-1-5-18
	Account Name:		WS-4$
	Account Domain:		LAB
	Logon ID:		0x3E7

Target Subject:
	Security ID:		S-1-5-21-2299017546-3331170021-2331166375-2773
	Account Name:		jane.ross
	Account Domain:		LAB
	Logon ID:		0x54075B

Process Information:
	New Process ID:		0x3e38
	New Process Name:	C:\Windows\System32\backgroundTaskHost.exe
	Token Elevation Type:	TokenElevationTypeLimited (3)
	Mandatory Label:		S-1-16-4096
	Creator Process ID:	0x358
	Creator Process Name:	C:\Windows\System32\svchost.exe
	Process Command Line:	

Token Elevation Type indicates the type of token that was assigned to the new process in accordance with User Account Control policy.

Type 1 is a full token with no privileges removed or groups disabled.  A full token is only used if User Account Control is disabled or if the user is the built-in Administrator account or a service account.

Type 2 is an elevated token with no privileges removed or groups disabled.  An elevated token is used when User Account Control is enabled and the user chooses to start the program using Run as administrator.  An elevated token is also used when an application is configured to always require administrative privilege or to always require maximum privilege, and the user is a member of the Administrators group.

Type 3 is a limited token with administrative privileges removed and administrative groups disabled.  The limited token is used when User Account Control is enabled, the application does not require administrative privilege, and the user does not choose to start the program using Run as administrator."
"2023-09-27T06:10:29.8815824+05:30","4689","Microsoft-Windows-Security-Auditing","A process has exited.

Subject:
	Security ID:		S-1-5-21-2299017546-3331170021-2331166375-2773
	Account Name:		jane.ross
	Account Domain:		LAB
	Logon ID:		0x54075B

Process Information:
	Process ID:	0x2b38
	Process Name:	C:\Windows\System32\backgroundTaskHost.exe
	Exit Status:	0x1"
"2023-09-27T06:10:29.8251430+05:30","4662","Microsoft-Windows-Security-Auditing","An operation was performed on an object.

Subject :
	Security ID:		S-1-5-18
	Account Name:		WS-4$
	Account Domain:		LAB
	Logon ID:		0x3E7

Object:
	Object Server:		WMI
	Object Type:		WMI Namespace
	Object Name:		ROOT\CIMV2\Security\MicrosoftTpm
	Handle ID:		0x0

Operation:
	Operation Type:		Object Access
	Accesses:		Unknown specific access (bit 0)
				
	Access Mask:		0x1
	Properties:		-

Additional Information:
	Parameter 1:		Local Read (GetObject)
	Parameter 2:		ROOT\CIMV2\Security\MicrosoftTpm:__ExtendedStatus"
"2023-09-27T06:10:29.8243509+05:30","4662","Microsoft-Windows-Security-Auditing","An operation was performed on an object.

Subject :
	Security ID:		S-1-5-18
	Account Name:		WS-4$
	Account Domain:		LAB
	Logon ID:		0x3E7

Object:
	Object Server:		WMI
	Object Type:		WMI Namespace
	Object Name:		ROOT\CIMV2\Security\MicrosoftTpm
	Handle ID:		0x0

Operation:
	Operation Type:		Object Access
	Accesses:		Unknown specific access (bit 0)
				
	Access Mask:		0x1
	Properties:		-

Additional Information:
	Parameter 1:		Local Read (GetObject)
	Parameter 2:		ROOT\CIMV2\Security\MicrosoftTpm:Win32_Tpm"
"2023-09-27T06:10:29.8071890+05:30","4662","Microsoft-Windows-Security-Auditing","An operation was performed on an object.

Subject :
	Security ID:		S-1-5-20
	Account Name:		WS-4$
	Account Domain:		LAB
	Logon ID:		0x3E4

Object:
	Object Server:		WMI
	Object Type:		WMI Namespace
	Object Name:		ROOT\CIMV2\Security\MicrosoftTpm
	Handle ID:		0x0

Operation:
	Operation Type:		Object Access
	Accesses:		Unknown specific access (bit 0)
				
	Access Mask:		0x1
	Properties:		-

Additional Information:
	Parameter 1:		Local Read (ExecQuery)
	Parameter 2:		ROOT\CIMV2\Security\MicrosoftTpm:references of {__Win32Provider.Name=""Win32_TpmProvider""}"
"2023-09-27T06:10:29.8061176+05:30","4662","Microsoft-Windows-Security-Auditing","An operation was performed on an object.

Subject :
	Security ID:		S-1-5-20
	Account Name:		WS-4$
	Account Domain:		LAB
	Logon ID:		0x3E4

Object:
	Object Server:		WMI
	Object Type:		WMI Namespace
	Object Name:		ROOT\CIMV2\Security\MicrosoftTpm
	Handle ID:		0x0

Operation:
	Operation Type:		Object Access
	Accesses:		Unknown specific access (bit 0)
				
	Access Mask:		0x1
	Properties:		-

Additional Information:
	Parameter 1:		Local Read (GetObject)
	Parameter 2:		ROOT\CIMV2\Security\MicrosoftTpm:__Win32Provider.Name=""Win32_TpmProvider"""
"2023-09-27T06:10:29.7116402+05:30","4688","Microsoft-Windows-Security-Auditing","A new process has been created.

Creator Subject:
	Security ID:		S-1-5-18
	Account Name:		WS-4$
	Account Domain:		LAB
	Logon ID:		0x3E7

Target Subject:
	Security ID:		S-1-0-0
	Account Name:		WS-4$
	Account Domain:		LAB
	Logon ID:		0x3E4

Process Information:
	New Process ID:		0x36a8
	New Process Name:	C:\Windows\SysWOW64\wbem\WmiPrvSE.exe
	Token Elevation Type:	TokenElevationTypeDefault (1)
	Mandatory Label:		S-1-16-16384
	Creator Process ID:	0x358
	Creator Process Name:	C:\Windows\System32\svchost.exe
	Process Command Line:	

Token Elevation Type indicates the type of token that was assigned to the new process in accordance with User Account Control policy.

Type 1 is a full token with no privileges removed or groups disabled.  A full token is only used if User Account Control is disabled or if the user is the built-in Administrator account or a service account.

Type 2 is an elevated token with no privileges removed or groups disabled.  An elevated token is used when User Account Control is enabled and the user chooses to start the program using Run as administrator.  An elevated token is also used when an application is configured to always require administrative privilege or to always require maximum privilege, and the user is a member of the Administrators group.

Type 3 is a limited token with administrative privileges removed and administrative groups disabled.  The limited token is used when User Account Control is enabled, the application does not require administrative privilege, and the user does not choose to start the program using Run as administrator."
"2023-09-27T06:10:29.6962149+05:30","4662","Microsoft-Windows-Security-Auditing","An operation was performed on an object.

Subject :
	Security ID:		S-1-5-18
	Account Name:		WS-4$
	Account Domain:		LAB
	Logon ID:		0x3E7

Object:
	Object Server:		WMI
	Object Type:		WMI Namespace
	Object Name:		ROOT\CIMV2\Security\MicrosoftTpm
	Handle ID:		0x0

Operation:
	Operation Type:		Object Access
	Accesses:		Unknown specific access (bit 0)
				
	Access Mask:		0x1
	Properties:		-

Additional Information:
	Parameter 1:		Local Read (ExecQuery)
	Parameter 2:		ROOT\CIMV2\Security\MicrosoftTpm:references of {__Win32Provider.Name=""Win32_TpmProvider""}"
"2023-09-27T06:10:29.6952327+05:30","4662","Microsoft-Windows-Security-Auditing","An operation was performed on an object.

Subject :
	Security ID:		S-1-5-18
	Account Name:		WS-4$
	Account Domain:		LAB
	Logon ID:		0x3E7

Object:
	Object Server:		WMI
	Object Type:		WMI Namespace
	Object Name:		ROOT\CIMV2\Security\MicrosoftTpm
	Handle ID:		0x0

Operation:
	Operation Type:		Object Access
	Accesses:		Unknown specific access (bit 0)
				
	Access Mask:		0x1
	Properties:		-

Additional Information:
	Parameter 1:		Local Read (GetObject)
	Parameter 2:		ROOT\CIMV2\Security\MicrosoftTpm:__Win32Provider.Name=""Win32_TpmProvider"""
"2023-09-27T06:10:29.6938944+05:30","4662","Microsoft-Windows-Security-Auditing","An operation was performed on an object.

Subject :
	Security ID:		S-1-5-18
	Account Name:		WS-4$
	Account Domain:		LAB
	Logon ID:		0x3E7

Object:
	Object Server:		WMI
	Object Type:		WMI Namespace
	Object Name:		ROOT\CIMV2\Security\MicrosoftTpm
	Handle ID:		0x0

Operation:
	Operation Type:		Object Access
	Accesses:		Unknown specific access (bit 0)
				
	Access Mask:		0x1
	Properties:		-

Additional Information:
	Parameter 1:		Local Read (ExecQuery)
	Parameter 2:		ROOT\CIMV2\Security\MicrosoftTpm:Select * from __ClassProviderRegistration"
"2023-09-27T06:10:29.6929544+05:30","4662","Microsoft-Windows-Security-Auditing","An operation was performed on an object.

Subject :
	Security ID:		S-1-5-18
	Account Name:		WS-4$
	Account Domain:		LAB
	Logon ID:		0x3E7

Object:
	Object Server:		WMI
	Object Type:		WMI Namespace
	Object Name:		ROOT\CIMV2\Security\MicrosoftTpm
	Handle ID:		0x0

Operation:
	Operation Type:		Object Access
	Accesses:		Unknown specific access (bit 0)
				
	Access Mask:		0x1
	Properties:		-

Additional Information:
	Parameter 1:		Local Read (CreateInstanceEnum)
	Parameter 2:		ROOT\CIMV2\Security\MicrosoftTpm:Win32_Tpm"
"2023-09-27T06:10:29.6924653+05:30","4662","Microsoft-Windows-Security-Auditing","An operation was performed on an object.

Subject :
	Security ID:		S-1-5-18
	Account Name:		WS-4$
	Account Domain:		LAB
	Logon ID:		0x3E7

Object:
	Object Server:		WMI
	Object Type:		WMI Namespace
	Object Name:		ROOT\CIMV2\Security\MicrosoftTpm
	Handle ID:		0x0

Operation:
	Operation Type:		Object Access
	Accesses:		Unknown specific access (bit 0)
				
	Access Mask:		0x1
	Properties:		-

Additional Information:
	Parameter 1:		Local Read (ConnectServer)
	Parameter 2:		ROOT\CIMV2\Security\MicrosoftTpm"
"2023-09-27T06:10:29.5434298+05:30","4688","Microsoft-Windows-Security-Auditing","A new process has been created.

Creator Subject:
	Security ID:		S-1-5-18
	Account Name:		WS-4$
	Account Domain:		LAB
	Logon ID:		0x3E7

Target Subject:
	Security ID:		S-1-5-21-2299017546-3331170021-2331166375-2773
	Account Name:		jane.ross
	Account Domain:		LAB
	Logon ID:		0x54075B

Process Information:
	New Process ID:		0x3928
	New Process Name:	C:\Windows\System32\RuntimeBroker.exe
	Token Elevation Type:	TokenElevationTypeLimited (3)
	Mandatory Label:		S-1-16-8192
	Creator Process ID:	0x358
	Creator Process Name:	C:\Windows\System32\svchost.exe
	Process Command Line:	

Token Elevation Type indicates the type of token that was assigned to the new process in accordance with User Account Control policy.

Type 1 is a full token with no privileges removed or groups disabled.  A full token is only used if User Account Control is disabled or if the user is the built-in Administrator account or a service account.

Type 2 is an elevated token with no privileges removed or groups disabled.  An elevated token is used when User Account Control is enabled and the user chooses to start the program using Run as administrator.  An elevated token is also used when an application is configured to always require administrative privilege or to always require maximum privilege, and the user is a member of the Administrators group.

Type 3 is a limited token with administrative privileges removed and administrative groups disabled.  The limited token is used when User Account Control is enabled, the application does not require administrative privilege, and the user does not choose to start the program using Run as administrator."
"2023-09-27T06:10:28.9529628+05:30","4688","Microsoft-Windows-Security-Auditing","A new process has been created.

Creator Subject:
	Security ID:		S-1-5-18
	Account Name:		WS-4$
	Account Domain:		LAB
	Logon ID:		0x3E7

Target Subject:
	Security ID:		S-1-5-21-2299017546-3331170021-2331166375-2773
	Account Name:		jane.ross
	Account Domain:		LAB
	Logon ID:		0x54075B

Process Information:
	New Process ID:		0x2b38
	New Process Name:	C:\Windows\System32\backgroundTaskHost.exe
	Token Elevation Type:	TokenElevationTypeLimited (3)
	Mandatory Label:		S-1-16-4096
	Creator Process ID:	0x358
	Creator Process Name:	C:\Windows\System32\svchost.exe
	Process Command Line:	

Token Elevation Type indicates the type of token that was assigned to the new process in accordance with User Account Control policy.

Type 1 is a full token with no privileges removed or groups disabled.  A full token is only used if User Account Control is disabled or if the user is the built-in Administrator account or a service account.

Type 2 is an elevated token with no privileges removed or groups disabled.  An elevated token is used when User Account Control is enabled and the user chooses to start the program using Run as administrator.  An elevated token is also used when an application is configured to always require administrative privilege or to always require maximum privilege, and the user is a member of the Administrators group.

Type 3 is a limited token with administrative privileges removed and administrative groups disabled.  The limited token is used when User Account Control is enabled, the application does not require administrative privilege, and the user does not choose to start the program using Run as administrator."
"2023-09-27T06:10:28.8042902+05:30","4688","Microsoft-Windows-Security-Auditing","A new process has been created.

Creator Subject:
	Security ID:		S-1-5-18
	Account Name:		WS-4$
	Account Domain:		LAB
	Logon ID:		0x3E7

Target Subject:
	Security ID:		S-1-0-0
	Account Name:		-
	Account Domain:		-
	Logon ID:		0x0

Process Information:
	New Process ID:		0x3f9c
	New Process Name:	C:\Windows\System32\svchost.exe
	Token Elevation Type:	TokenElevationTypeDefault (1)
	Mandatory Label:		S-1-16-16384
	Creator Process ID:	0x2e4
	Creator Process Name:	C:\Windows\System32\services.exe
	Process Command Line:	

Token Elevation Type indicates the type of token that was assigned to the new process in accordance with User Account Control policy.

Type 1 is a full token with no privileges removed or groups disabled.  A full token is only used if User Account Control is disabled or if the user is the built-in Administrator account or a service account.

Type 2 is an elevated token with no privileges removed or groups disabled.  An elevated token is used when User Account Control is enabled and the user chooses to start the program using Run as administrator.  An elevated token is also used when an application is configured to always require administrative privilege or to always require maximum privilege, and the user is a member of the Administrators group.

Type 3 is a limited token with administrative privileges removed and administrative groups disabled.  The limited token is used when User Account Control is enabled, the application does not require administrative privilege, and the user does not choose to start the program using Run as administrator."
"2023-09-27T06:09:29.7200295+05:30","4689","Microsoft-Windows-Security-Auditing","A process has exited.

Subject:
	Security ID:		S-1-5-18
	Account Name:		WS-4$
	Account Domain:		LAB
	Logon ID:		0x3E7

Process Information:
	Process ID:	0x34cc
	Process Name:	C:\Windows\System32\conhost.exe
	Exit Status:	0x0"
"2023-09-27T06:09:29.7175970+05:30","4689","Microsoft-Windows-Security-Auditing","A process has exited.

Subject:
	Security ID:		S-1-5-18
	Account Name:		WS-4$
	Account Domain:		LAB
	Logon ID:		0x3E7

Process Information:
	Process ID:	0x33d4
	Process Name:	C:\Windows\System32\cmd.exe
	Exit Status:	0x2"
"2023-09-27T06:09:29.7151832+05:30","4689","Microsoft-Windows-Security-Auditing","A process has exited.

Subject:
	Security ID:		S-1-5-18
	Account Name:		WS-4$
	Account Domain:		LAB
	Logon ID:		0x3E7

Process Information:
	Process ID:	0x3e88
	Process Name:	C:\Windows\System32\net.exe
	Exit Status:	0x2"
"2023-09-27T06:09:29.7133934+05:30","4689","Microsoft-Windows-Security-Auditing","A process has exited.

Subject:
	Security ID:		S-1-5-18
	Account Name:		WS-4$
	Account Domain:		LAB
	Logon ID:		0x3E7

Process Information:
	Process ID:	0x3a8c
	Process Name:	C:\Windows\System32\net1.exe
	Exit Status:	0x2"
"2023-09-27T06:09:29.6987241+05:30","4688","Microsoft-Windows-Security-Auditing","A new process has been created.

Creator Subject:
	Security ID:		S-1-5-18
	Account Name:		WS-4$
	Account Domain:		LAB
	Logon ID:		0x3E7

Target Subject:
	Security ID:		S-1-0-0
	Account Name:		-
	Account Domain:		-
	Logon ID:		0x0

Process Information:
	New Process ID:		0x3a8c
	New Process Name:	C:\Windows\System32\net1.exe
	Token Elevation Type:	TokenElevationTypeDefault (1)
	Mandatory Label:		S-1-16-16384
	Creator Process ID:	0x3e88
	Creator Process Name:	C:\Windows\System32\net.exe
	Process Command Line:	

Token Elevation Type indicates the type of token that was assigned to the new process in accordance with User Account Control policy.

Type 1 is a full token with no privileges removed or groups disabled.  A full token is only used if User Account Control is disabled or if the user is the built-in Administrator account or a service account.

Type 2 is an elevated token with no privileges removed or groups disabled.  An elevated token is used when User Account Control is enabled and the user chooses to start the program using Run as administrator.  An elevated token is also used when an application is configured to always require administrative privilege or to always require maximum privilege, and the user is a member of the Administrators group.

Type 3 is a limited token with administrative privileges removed and administrative groups disabled.  The limited token is used when User Account Control is enabled, the application does not require administrative privilege, and the user does not choose to start the program using Run as administrator."
"2023-09-27T06:09:29.6844737+05:30","4688","Microsoft-Windows-Security-Auditing","A new process has been created.

Creator Subject:
	Security ID:		S-1-5-18
	Account Name:		WS-4$
	Account Domain:		LAB
	Logon ID:		0x3E7

Target Subject:
	Security ID:		S-1-0-0
	Account Name:		-
	Account Domain:		-
	Logon ID:		0x0

Process Information:
	New Process ID:		0x3e88
	New Process Name:	C:\Windows\System32\net.exe
	Token Elevation Type:	TokenElevationTypeDefault (1)
	Mandatory Label:		S-1-16-16384
	Creator Process ID:	0x33d4
	Creator Process Name:	C:\Windows\System32\cmd.exe
	Process Command Line:	

Token Elevation Type indicates the type of token that was assigned to the new process in accordance with User Account Control policy.

Type 1 is a full token with no privileges removed or groups disabled.  A full token is only used if User Account Control is disabled or if the user is the built-in Administrator account or a service account.

Type 2 is an elevated token with no privileges removed or groups disabled.  An elevated token is used when User Account Control is enabled and the user chooses to start the program using Run as administrator.  An elevated token is also used when an application is configured to always require administrative privilege or to always require maximum privilege, and the user is a member of the Administrators group.

Type 3 is a limited token with administrative privileges removed and administrative groups disabled.  The limited token is used when User Account Control is enabled, the application does not require administrative privilege, and the user does not choose to start the program using Run as administrator."
"2023-09-27T06:09:29.6788056+05:30","4689","Microsoft-Windows-Security-Auditing","A process has exited.

Subject:
	Security ID:		S-1-5-18
	Account Name:		WS-4$
	Account Domain:		LAB
	Logon ID:		0x3E7

Process Information:
	Process ID:	0x4318
	Process Name:	C:\Windows\System32\net.exe
	Exit Status:	0x2"
"2023-09-27T06:09:29.6758983+05:30","4689","Microsoft-Windows-Security-Auditing","A process has exited.

Subject:
	Security ID:		S-1-5-18
	Account Name:		WS-4$
	Account Domain:		LAB
	Logon ID:		0x3E7

Process Information:
	Process ID:	0x28a4
	Process Name:	C:\Windows\System32\net1.exe
	Exit Status:	0x2"
"2023-09-27T06:09:29.6530937+05:30","4688","Microsoft-Windows-Security-Auditing","A new process has been created.

Creator Subject:
	Security ID:		S-1-5-18
	Account Name:		WS-4$
	Account Domain:		LAB
	Logon ID:		0x3E7

Target Subject:
	Security ID:		S-1-0-0
	Account Name:		-
	Account Domain:		-
	Logon ID:		0x0

Process Information:
	New Process ID:		0x28a4
	New Process Name:	C:\Windows\System32\net1.exe
	Token Elevation Type:	TokenElevationTypeDefault (1)
	Mandatory Label:		S-1-16-16384
	Creator Process ID:	0x4318
	Creator Process Name:	C:\Windows\System32\net.exe
	Process Command Line:	

Token Elevation Type indicates the type of token that was assigned to the new process in accordance with User Account Control policy.

Type 1 is a full token with no privileges removed or groups disabled.  A full token is only used if User Account Control is disabled or if the user is the built-in Administrator account or a service account.

Type 2 is an elevated token with no privileges removed or groups disabled.  An elevated token is used when User Account Control is enabled and the user chooses to start the program using Run as administrator.  An elevated token is also used when an application is configured to always require administrative privilege or to always require maximum privilege, and the user is a member of the Administrators group.

Type 3 is a limited token with administrative privileges removed and administrative groups disabled.  The limited token is used when User Account Control is enabled, the application does not require administrative privilege, and the user does not choose to start the program using Run as administrator."
"2023-09-27T06:09:29.6407731+05:30","4688","Microsoft-Windows-Security-Auditing","A new process has been created.

Creator Subject:
	Security ID:		S-1-5-18
	Account Name:		WS-4$
	Account Domain:		LAB
	Logon ID:		0x3E7

Target Subject:
	Security ID:		S-1-0-0
	Account Name:		-
	Account Domain:		-
	Logon ID:		0x0

Process Information:
	New Process ID:		0x4318
	New Process Name:	C:\Windows\System32\net.exe
	Token Elevation Type:	TokenElevationTypeDefault (1)
	Mandatory Label:		S-1-16-16384
	Creator Process ID:	0x33d4
	Creator Process Name:	C:\Windows\System32\cmd.exe
	Process Command Line:	

Token Elevation Type indicates the type of token that was assigned to the new process in accordance with User Account Control policy.

Type 1 is a full token with no privileges removed or groups disabled.  A full token is only used if User Account Control is disabled or if the user is the built-in Administrator account or a service account.

Type 2 is an elevated token with no privileges removed or groups disabled.  An elevated token is used when User Account Control is enabled and the user chooses to start the program using Run as administrator.  An elevated token is also used when an application is configured to always require administrative privilege or to always require maximum privilege, and the user is a member of the Administrators group.

Type 3 is a limited token with administrative privileges removed and administrative groups disabled.  The limited token is used when User Account Control is enabled, the application does not require administrative privilege, and the user does not choose to start the program using Run as administrator."
"2023-09-27T06:09:29.6378691+05:30","4689","Microsoft-Windows-Security-Auditing","A process has exited.

Subject:
	Security ID:		S-1-5-18
	Account Name:		WS-4$
	Account Domain:		LAB
	Logon ID:		0x3E7

Process Information:
	Process ID:	0x3f74
	Process Name:	C:\Windows\System32\net.exe
	Exit Status:	0x2"
"2023-09-27T06:09:29.6360100+05:30","4689","Microsoft-Windows-Security-Auditing","A process has exited.

Subject:
	Security ID:		S-1-5-18
	Account Name:		WS-4$
	Account Domain:		LAB
	Logon ID:		0x3E7

Process Information:
	Process ID:	0x38b8
	Process Name:	C:\Windows\System32\net1.exe
	Exit Status:	0x2"
"2023-09-27T06:09:29.6158069+05:30","4688","Microsoft-Windows-Security-Auditing","A new process has been created.

Creator Subject:
	Security ID:		S-1-5-18
	Account Name:		WS-4$
	Account Domain:		LAB
	Logon ID:		0x3E7

Target Subject:
	Security ID:		S-1-0-0
	Account Name:		-
	Account Domain:		-
	Logon ID:		0x0

Process Information:
	New Process ID:		0x38b8
	New Process Name:	C:\Windows\System32\net1.exe
	Token Elevation Type:	TokenElevationTypeDefault (1)
	Mandatory Label:		S-1-16-16384
	Creator Process ID:	0x3f74
	Creator Process Name:	C:\Windows\System32\net.exe
	Process Command Line:	

Token Elevation Type indicates the type of token that was assigned to the new process in accordance with User Account Control policy.

Type 1 is a full token with no privileges removed or groups disabled.  A full token is only used if User Account Control is disabled or if the user is the built-in Administrator account or a service account.

Type 2 is an elevated token with no privileges removed or groups disabled.  An elevated token is used when User Account Control is enabled and the user chooses to start the program using Run as administrator.  An elevated token is also used when an application is configured to always require administrative privilege or to always require maximum privilege, and the user is a member of the Administrators group.

Type 3 is a limited token with administrative privileges removed and administrative groups disabled.  The limited token is used when User Account Control is enabled, the application does not require administrative privilege, and the user does not choose to start the program using Run as administrator."
"2023-09-27T06:09:29.6010886+05:30","4688","Microsoft-Windows-Security-Auditing","A new process has been created.

Creator Subject:
	Security ID:		S-1-5-18
	Account Name:		WS-4$
	Account Domain:		LAB
	Logon ID:		0x3E7

Target Subject:
	Security ID:		S-1-0-0
	Account Name:		-
	Account Domain:		-
	Logon ID:		0x0

Process Information:
	New Process ID:		0x3f74
	New Process Name:	C:\Windows\System32\net.exe
	Token Elevation Type:	TokenElevationTypeDefault (1)
	Mandatory Label:		S-1-16-16384
	Creator Process ID:	0x33d4
	Creator Process Name:	C:\Windows\System32\cmd.exe
	Process Command Line:	

Token Elevation Type indicates the type of token that was assigned to the new process in accordance with User Account Control policy.

Type 1 is a full token with no privileges removed or groups disabled.  A full token is only used if User Account Control is disabled or if the user is the built-in Administrator account or a service account.

Type 2 is an elevated token with no privileges removed or groups disabled.  An elevated token is used when User Account Control is enabled and the user chooses to start the program using Run as administrator.  An elevated token is also used when an application is configured to always require administrative privilege or to always require maximum privilege, and the user is a member of the Administrators group.

Type 3 is a limited token with administrative privileges removed and administrative groups disabled.  The limited token is used when User Account Control is enabled, the application does not require administrative privilege, and the user does not choose to start the program using Run as administrator."
"2023-09-27T06:09:29.5973791+05:30","4689","Microsoft-Windows-Security-Auditing","A process has exited.

Subject:
	Security ID:		S-1-5-18
	Account Name:		WS-4$
	Account Domain:		LAB
	Logon ID:		0x3E7

Process Information:
	Process ID:	0x3ec4
	Process Name:	C:\Windows\System32\net.exe
	Exit Status:	0x2"
"2023-09-27T06:09:29.5944462+05:30","4689","Microsoft-Windows-Security-Auditing","A process has exited.

Subject:
	Security ID:		S-1-5-18
	Account Name:		WS-4$
	Account Domain:		LAB
	Logon ID:		0x3E7

Process Information:
	Process ID:	0x3d60
	Process Name:	C:\Windows\System32\net1.exe
	Exit Status:	0x2"
