"2023-09-27T07:02:34.4850730+05:30","4688","Microsoft-Windows-Security-Auditing","A new process has been created.

Creator Subject:
	Security ID:		S-1-5-18
	Account Name:		WS-4$
	Account Domain:		LAB
	Logon ID:		0x3E7

Target Subject:
	Security ID:		S-1-0-0
	Account Name:		-
	Account Domain:		-
	Logon ID:		0x0

Process Information:
	New Process ID:		0x4144
	New Process Name:	C:\Windows\System32\net.exe
	Token Elevation Type:	TokenElevationTypeDefault (1)
	Mandatory Label:		S-1-16-16384
	Creator Process ID:	0x3c94
	Creator Process Name:	C:\Windows\System32\cmd.exe
	Process Command Line:	

Token Elevation Type indicates the type of token that was assigned to the new process in accordance with User Account Control policy.

Type 1 is a full token with no privileges removed or groups disabled.  A full token is only used if User Account Control is disabled or if the user is the built-in Administrator account or a service account.

Type 2 is an elevated token with no privileges removed or groups disabled.  An elevated token is used when User Account Control is enabled and the user chooses to start the program using Run as administrator.  An elevated token is also used when an application is configured to always require administrative privilege or to always require maximum privilege, and the user is a member of the Administrators group.

Type 3 is a limited token with administrative privileges removed and administrative groups disabled.  The limited token is used when User Account Control is enabled, the application does not require administrative privilege, and the user does not choose to start the program using Run as administrator."
"2023-09-27T07:02:34.4817924+05:30","4689","Microsoft-Windows-Security-Auditing","A process has exited.

Subject:
	Security ID:		S-1-5-18
	Account Name:		WS-4$
	Account Domain:		LAB
	Logon ID:		0x3E7

Process Information:
	Process ID:	0x848
	Process Name:	C:\Windows\System32\PING.EXE
	Exit Status:	0x0"
"2023-09-27T07:02:31.4271877+05:30","4688","Microsoft-Windows-Security-Auditing","A new process has been created.

Creator Subject:
	Security ID:		S-1-5-18
	Account Name:		WS-4$
	Account Domain:		LAB
	Logon ID:		0x3E7

Target Subject:
	Security ID:		S-1-0-0
	Account Name:		-
	Account Domain:		-
	Logon ID:		0x0

Process Information:
	New Process ID:		0x848
	New Process Name:	C:\Windows\System32\PING.EXE
	Token Elevation Type:	TokenElevationTypeDefault (1)
	Mandatory Label:		S-1-16-16384
	Creator Process ID:	0x3c94
	Creator Process Name:	C:\Windows\System32\cmd.exe
	Process Command Line:	

Token Elevation Type indicates the type of token that was assigned to the new process in accordance with User Account Control policy.

Type 1 is a full token with no privileges removed or groups disabled.  A full token is only used if User Account Control is disabled or if the user is the built-in Administrator account or a service account.

Type 2 is an elevated token with no privileges removed or groups disabled.  An elevated token is used when User Account Control is enabled and the user chooses to start the program using Run as administrator.  An elevated token is also used when an application is configured to always require administrative privilege or to always require maximum privilege, and the user is a member of the Administrators group.

Type 3 is a limited token with administrative privileges removed and administrative groups disabled.  The limited token is used when User Account Control is enabled, the application does not require administrative privilege, and the user does not choose to start the program using Run as administrator."
"2023-09-27T07:02:31.4246504+05:30","4689","Microsoft-Windows-Security-Auditing","A process has exited.

Subject:
	Security ID:		S-1-5-18
	Account Name:		WS-4$
	Account Domain:		LAB
	Logon ID:		0x3E7

Process Information:
	Process ID:	0x30cc
	Process Name:	C:\Windows\System32\net.exe
	Exit Status:	0x2"
"2023-09-27T07:02:31.4224661+05:30","4689","Microsoft-Windows-Security-Auditing","A process has exited.

Subject:
	Security ID:		S-1-5-18
	Account Name:		WS-4$
	Account Domain:		LAB
	Logon ID:		0x3E7

Process Information:
	Process ID:	0x42a0
	Process Name:	C:\Windows\System32\net1.exe
	Exit Status:	0x2"
"2023-09-27T07:02:31.4049172+05:30","4688","Microsoft-Windows-Security-Auditing","A new process has been created.

Creator Subject:
	Security ID:		S-1-5-18
	Account Name:		WS-4$
	Account Domain:		LAB
	Logon ID:		0x3E7

Target Subject:
	Security ID:		S-1-0-0
	Account Name:		-
	Account Domain:		-
	Logon ID:		0x0

Process Information:
	New Process ID:		0x42a0
	New Process Name:	C:\Windows\System32\net1.exe
	Token Elevation Type:	TokenElevationTypeDefault (1)
	Mandatory Label:		S-1-16-16384
	Creator Process ID:	0x30cc
	Creator Process Name:	C:\Windows\System32\net.exe
	Process Command Line:	

Token Elevation Type indicates the type of token that was assigned to the new process in accordance with User Account Control policy.

Type 1 is a full token with no privileges removed or groups disabled.  A full token is only used if User Account Control is disabled or if the user is the built-in Administrator account or a service account.

Type 2 is an elevated token with no privileges removed or groups disabled.  An elevated token is used when User Account Control is enabled and the user chooses to start the program using Run as administrator.  An elevated token is also used when an application is configured to always require administrative privilege or to always require maximum privilege, and the user is a member of the Administrators group.

Type 3 is a limited token with administrative privileges removed and administrative groups disabled.  The limited token is used when User Account Control is enabled, the application does not require administrative privilege, and the user does not choose to start the program using Run as administrator."
"2023-09-27T07:02:31.3918956+05:30","4688","Microsoft-Windows-Security-Auditing","A new process has been created.

Creator Subject:
	Security ID:		S-1-5-18
	Account Name:		WS-4$
	Account Domain:		LAB
	Logon ID:		0x3E7

Target Subject:
	Security ID:		S-1-0-0
	Account Name:		-
	Account Domain:		-
	Logon ID:		0x0

Process Information:
	New Process ID:		0x30cc
	New Process Name:	C:\Windows\System32\net.exe
	Token Elevation Type:	TokenElevationTypeDefault (1)
	Mandatory Label:		S-1-16-16384
	Creator Process ID:	0x3c94
	Creator Process Name:	C:\Windows\System32\cmd.exe
	Process Command Line:	

Token Elevation Type indicates the type of token that was assigned to the new process in accordance with User Account Control policy.

Type 1 is a full token with no privileges removed or groups disabled.  A full token is only used if User Account Control is disabled or if the user is the built-in Administrator account or a service account.

Type 2 is an elevated token with no privileges removed or groups disabled.  An elevated token is used when User Account Control is enabled and the user chooses to start the program using Run as administrator.  An elevated token is also used when an application is configured to always require administrative privilege or to always require maximum privilege, and the user is a member of the Administrators group.

Type 3 is a limited token with administrative privileges removed and administrative groups disabled.  The limited token is used when User Account Control is enabled, the application does not require administrative privilege, and the user does not choose to start the program using Run as administrator."
"2023-09-27T07:02:31.3887037+05:30","4689","Microsoft-Windows-Security-Auditing","A process has exited.

Subject:
	Security ID:		S-1-5-18
	Account Name:		WS-4$
	Account Domain:		LAB
	Logon ID:		0x3E7

Process Information:
	Process ID:	0x3f40
	Process Name:	C:\Windows\System32\PING.EXE
	Exit Status:	0x0"
"2023-09-27T07:02:28.3106471+05:30","4688","Microsoft-Windows-Security-Auditing","A new process has been created.

Creator Subject:
	Security ID:		S-1-5-18
	Account Name:		WS-4$
	Account Domain:		LAB
	Logon ID:		0x3E7

Target Subject:
	Security ID:		S-1-0-0
	Account Name:		-
	Account Domain:		-
	Logon ID:		0x0

Process Information:
	New Process ID:		0x3f40
	New Process Name:	C:\Windows\System32\PING.EXE
	Token Elevation Type:	TokenElevationTypeDefault (1)
	Mandatory Label:		S-1-16-16384
	Creator Process ID:	0x3c94
	Creator Process Name:	C:\Windows\System32\cmd.exe
	Process Command Line:	

Token Elevation Type indicates the type of token that was assigned to the new process in accordance with User Account Control policy.

Type 1 is a full token with no privileges removed or groups disabled.  A full token is only used if User Account Control is disabled or if the user is the built-in Administrator account or a service account.

Type 2 is an elevated token with no privileges removed or groups disabled.  An elevated token is used when User Account Control is enabled and the user chooses to start the program using Run as administrator.  An elevated token is also used when an application is configured to always require administrative privilege or to always require maximum privilege, and the user is a member of the Administrators group.

Type 3 is a limited token with administrative privileges removed and administrative groups disabled.  The limited token is used when User Account Control is enabled, the application does not require administrative privilege, and the user does not choose to start the program using Run as administrator."
"2023-09-27T07:02:28.3074593+05:30","4689","Microsoft-Windows-Security-Auditing","A process has exited.

Subject:
	Security ID:		S-1-5-18
	Account Name:		WS-4$
	Account Domain:		LAB
	Logon ID:		0x3E7

Process Information:
	Process ID:	0x4330
	Process Name:	C:\Windows\System32\PING.EXE
	Exit Status:	0x0"
"2023-09-27T07:02:25.2687561+05:30","4688","Microsoft-Windows-Security-Auditing","A new process has been created.

Creator Subject:
	Security ID:		S-1-5-18
	Account Name:		WS-4$
	Account Domain:		LAB
	Logon ID:		0x3E7

Target Subject:
	Security ID:		S-1-0-0
	Account Name:		-
	Account Domain:		-
	Logon ID:		0x0

Process Information:
	New Process ID:		0x3d44
	New Process Name:	C:\Windows\LTSvc\LTSVC.exe
	Token Elevation Type:	TokenElevationTypeDefault (1)
	Mandatory Label:		S-1-16-16384
	Creator Process ID:	0x2e4
	Creator Process Name:	C:\Windows\System32\services.exe
	Process Command Line:	

Token Elevation Type indicates the type of token that was assigned to the new process in accordance with User Account Control policy.

Type 1 is a full token with no privileges removed or groups disabled.  A full token is only used if User Account Control is disabled or if the user is the built-in Administrator account or a service account.

Type 2 is an elevated token with no privileges removed or groups disabled.  An elevated token is used when User Account Control is enabled and the user chooses to start the program using Run as administrator.  An elevated token is also used when an application is configured to always require administrative privilege or to always require maximum privilege, and the user is a member of the Administrators group.

Type 3 is a limited token with administrative privileges removed and administrative groups disabled.  The limited token is used when User Account Control is enabled, the application does not require administrative privilege, and the user does not choose to start the program using Run as administrator."
"2023-09-27T07:02:25.2373854+05:30","4688","Microsoft-Windows-Security-Auditing","A new process has been created.

Creator Subject:
	Security ID:		S-1-5-18
	Account Name:		WS-4$
	Account Domain:		LAB
	Logon ID:		0x3E7

Target Subject:
	Security ID:		S-1-0-0
	Account Name:		-
	Account Domain:		-
	Logon ID:		0x0

Process Information:
	New Process ID:		0x4330
	New Process Name:	C:\Windows\System32\PING.EXE
	Token Elevation Type:	TokenElevationTypeDefault (1)
	Mandatory Label:		S-1-16-16384
	Creator Process ID:	0x3c94
	Creator Process Name:	C:\Windows\System32\cmd.exe
	Process Command Line:	

Token Elevation Type indicates the type of token that was assigned to the new process in accordance with User Account Control policy.

Type 1 is a full token with no privileges removed or groups disabled.  A full token is only used if User Account Control is disabled or if the user is the built-in Administrator account or a service account.

Type 2 is an elevated token with no privileges removed or groups disabled.  An elevated token is used when User Account Control is enabled and the user chooses to start the program using Run as administrator.  An elevated token is also used when an application is configured to always require administrative privilege or to always require maximum privilege, and the user is a member of the Administrators group.

Type 3 is a limited token with administrative privileges removed and administrative groups disabled.  The limited token is used when User Account Control is enabled, the application does not require administrative privilege, and the user does not choose to start the program using Run as administrator."
"2023-09-27T07:02:25.2194350+05:30","4689","Microsoft-Windows-Security-Auditing","A process has exited.

Subject:
	Security ID:		S-1-5-18
	Account Name:		WS-4$
	Account Domain:		LAB
	Logon ID:		0x3E7

Process Information:
	Process ID:	0x4170
	Process Name:	C:\Windows\LTSvc\LTSVC.exe
	Exit Status:	0x0"
"2023-09-27T07:02:25.1936252+05:30","4688","Microsoft-Windows-Security-Auditing","A new process has been created.

Creator Subject:
	Security ID:		S-1-5-18
	Account Name:		WS-4$
	Account Domain:		LAB
	Logon ID:		0x3E7

Target Subject:
	Security ID:		S-1-0-0
	Account Name:		-
	Account Domain:		-
	Logon ID:		0x0

Process Information:
	New Process ID:		0x3404
	New Process Name:	C:\Windows\System32\conhost.exe
	Token Elevation Type:	TokenElevationTypeDefault (1)
	Mandatory Label:		S-1-16-16384
	Creator Process ID:	0x3c94
	Creator Process Name:	C:\Windows\System32\cmd.exe
	Process Command Line:	

Token Elevation Type indicates the type of token that was assigned to the new process in accordance with User Account Control policy.

Type 1 is a full token with no privileges removed or groups disabled.  A full token is only used if User Account Control is disabled or if the user is the built-in Administrator account or a service account.

Type 2 is an elevated token with no privileges removed or groups disabled.  An elevated token is used when User Account Control is enabled and the user chooses to start the program using Run as administrator.  An elevated token is also used when an application is configured to always require administrative privilege or to always require maximum privilege, and the user is a member of the Administrators group.

Type 3 is a limited token with administrative privileges removed and administrative groups disabled.  The limited token is used when User Account Control is enabled, the application does not require administrative privilege, and the user does not choose to start the program using Run as administrator."
"2023-09-27T07:02:25.1882324+05:30","4688","Microsoft-Windows-Security-Auditing","A new process has been created.

Creator Subject:
	Security ID:		S-1-5-18
	Account Name:		WS-4$
	Account Domain:		LAB
	Logon ID:		0x3E7

Target Subject:
	Security ID:		S-1-0-0
	Account Name:		-
	Account Domain:		-
	Logon ID:		0x0

Process Information:
	New Process ID:		0x3c94
	New Process Name:	C:\Windows\System32\cmd.exe
	Token Elevation Type:	TokenElevationTypeDefault (1)
	Mandatory Label:		S-1-16-16384
	Creator Process ID:	0x4170
	Creator Process Name:	C:\Windows\LTSvc\LTSVC.exe
	Process Command Line:	

Token Elevation Type indicates the type of token that was assigned to the new process in accordance with User Account Control policy.

Type 1 is a full token with no privileges removed or groups disabled.  A full token is only used if User Account Control is disabled or if the user is the built-in Administrator account or a service account.

Type 2 is an elevated token with no privileges removed or groups disabled.  An elevated token is used when User Account Control is enabled and the user chooses to start the program using Run as administrator.  An elevated token is also used when an application is configured to always require administrative privilege or to always require maximum privilege, and the user is a member of the Administrators group.

Type 3 is a limited token with administrative privileges removed and administrative groups disabled.  The limited token is used when User Account Control is enabled, the application does not require administrative privilege, and the user does not choose to start the program using Run as administrator."
"2023-09-27T07:02:06.2895890+05:30","4689","Microsoft-Windows-Security-Auditing","A process has exited.

Subject:
	Security ID:		S-1-5-20
	Account Name:		WS-4$
	Account Domain:		LAB
	Logon ID:		0x3E4

Process Information:
	Process ID:	0x19b0
	Process Name:	C:\Windows\SysWOW64\wbem\WmiPrvSE.exe
	Exit Status:	0x0"
"2023-09-27T07:01:36.3550004+05:30","4688","Microsoft-Windows-Security-Auditing","A new process has been created.

Creator Subject:
	Security ID:		S-1-5-18
	Account Name:		WS-4$
	Account Domain:		LAB
	Logon ID:		0x3E7

Target Subject:
	Security ID:		S-1-0-0
	Account Name:		WS-4$
	Account Domain:		LAB
	Logon ID:		0x3E4

Process Information:
	New Process ID:		0xcf4
	New Process Name:	C:\Windows\System32\wbem\WmiPrvSE.exe
	Token Elevation Type:	TokenElevationTypeDefault (1)
	Mandatory Label:		S-1-16-16384
	Creator Process ID:	0x358
	Creator Process Name:	C:\Windows\System32\svchost.exe
	Process Command Line:	

Token Elevation Type indicates the type of token that was assigned to the new process in accordance with User Account Control policy.

Type 1 is a full token with no privileges removed or groups disabled.  A full token is only used if User Account Control is disabled or if the user is the built-in Administrator account or a service account.

Type 2 is an elevated token with no privileges removed or groups disabled.  An elevated token is used when User Account Control is enabled and the user chooses to start the program using Run as administrator.  An elevated token is also used when an application is configured to always require administrative privilege or to always require maximum privilege, and the user is a member of the Administrators group.

Type 3 is a limited token with administrative privileges removed and administrative groups disabled.  The limited token is used when User Account Control is enabled, the application does not require administrative privilege, and the user does not choose to start the program using Run as administrator."
"2023-09-27T07:01:36.2766219+05:30","4689","Microsoft-Windows-Security-Auditing","A process has exited.

Subject:
	Security ID:		S-1-5-20
	Account Name:		WS-4$
	Account Domain:		LAB
	Logon ID:		0x3E4

Process Information:
	Process ID:	0x2408
	Process Name:	C:\Windows\System32\wbem\WmiPrvSE.exe
	Exit Status:	0x0"
"2023-09-27T07:00:36.6497755+05:30","4662","Microsoft-Windows-Security-Auditing","An operation was performed on an object.

Subject :
	Security ID:		S-1-5-18
	Account Name:		WS-4$
	Account Domain:		LAB
	Logon ID:		0x3E7

Object:
	Object Server:		WMI
	Object Type:		WMI Namespace
	Object Name:		ROOT\CIMV2\Security\MicrosoftTpm
	Handle ID:		0x0

Operation:
	Operation Type:		Object Access
	Accesses:		Unknown specific access (bit 0)
				
	Access Mask:		0x1
	Properties:		-

Additional Information:
	Parameter 1:		Local Read (GetObject)
	Parameter 2:		ROOT\CIMV2\Security\MicrosoftTpm:__ExtendedStatus"
"2023-09-27T07:00:36.6491754+05:30","4662","Microsoft-Windows-Security-Auditing","An operation was performed on an object.

Subject :
	Security ID:		S-1-5-18
	Account Name:		WS-4$
	Account Domain:		LAB
	Logon ID:		0x3E7

Object:
	Object Server:		WMI
	Object Type:		WMI Namespace
	Object Name:		ROOT\CIMV2\Security\MicrosoftTpm
	Handle ID:		0x0

Operation:
	Operation Type:		Object Access
	Accesses:		Unknown specific access (bit 0)
				
	Access Mask:		0x1
	Properties:		-

Additional Information:
	Parameter 1:		Local Read (GetObject)
	Parameter 2:		ROOT\CIMV2\Security\MicrosoftTpm:Win32_Tpm"
"2023-09-27T07:00:36.5586977+05:30","4662","Microsoft-Windows-Security-Auditing","An operation was performed on an object.

Subject :
	Security ID:		S-1-5-20
	Account Name:		WS-4$
	Account Domain:		LAB
	Logon ID:		0x3E4

Object:
	Object Server:		WMI
	Object Type:		WMI Namespace
	Object Name:		ROOT\CIMV2\Security\MicrosoftTpm
	Handle ID:		0x0

Operation:
	Operation Type:		Object Access
	Accesses:		Unknown specific access (bit 0)
				
	Access Mask:		0x1
	Properties:		-

Additional Information:
	Parameter 1:		Local Read (ExecQuery)
	Parameter 2:		ROOT\CIMV2\Security\MicrosoftTpm:references of {__Win32Provider.Name=""Win32_TpmProvider""}"
"2023-09-27T07:00:36.5579832+05:30","4662","Microsoft-Windows-Security-Auditing","An operation was performed on an object.

Subject :
	Security ID:		S-1-5-20
	Account Name:		WS-4$
	Account Domain:		LAB
	Logon ID:		0x3E4

Object:
	Object Server:		WMI
	Object Type:		WMI Namespace
	Object Name:		ROOT\CIMV2\Security\MicrosoftTpm
	Handle ID:		0x0

Operation:
	Operation Type:		Object Access
	Accesses:		Unknown specific access (bit 0)
				
	Access Mask:		0x1
	Properties:		-

Additional Information:
	Parameter 1:		Local Read (GetObject)
	Parameter 2:		ROOT\CIMV2\Security\MicrosoftTpm:__Win32Provider.Name=""Win32_TpmProvider"""
"2023-09-27T07:00:36.2543462+05:30","4688","Microsoft-Windows-Security-Auditing","A new process has been created.

Creator Subject:
	Security ID:		S-1-5-18
	Account Name:		WS-4$
	Account Domain:		LAB
	Logon ID:		0x3E7

Target Subject:
	Security ID:		S-1-0-0
	Account Name:		WS-4$
	Account Domain:		LAB
	Logon ID:		0x3E4

Process Information:
	New Process ID:		0x19b0
	New Process Name:	C:\Windows\SysWOW64\wbem\WmiPrvSE.exe
	Token Elevation Type:	TokenElevationTypeDefault (1)
	Mandatory Label:		S-1-16-16384
	Creator Process ID:	0x358
	Creator Process Name:	C:\Windows\System32\svchost.exe
	Process Command Line:	

Token Elevation Type indicates the type of token that was assigned to the new process in accordance with User Account Control policy.

Type 1 is a full token with no privileges removed or groups disabled.  A full token is only used if User Account Control is disabled or if the user is the built-in Administrator account or a service account.

Type 2 is an elevated token with no privileges removed or groups disabled.  An elevated token is used when User Account Control is enabled and the user chooses to start the program using Run as administrator.  An elevated token is also used when an application is configured to always require administrative privilege or to always require maximum privilege, and the user is a member of the Administrators group.

Type 3 is a limited token with administrative privileges removed and administrative groups disabled.  The limited token is used when User Account Control is enabled, the application does not require administrative privilege, and the user does not choose to start the program using Run as administrator."
"2023-09-27T07:00:36.2511360+05:30","4662","Microsoft-Windows-Security-Auditing","An operation was performed on an object.

Subject :
	Security ID:		S-1-5-18
	Account Name:		WS-4$
	Account Domain:		LAB
	Logon ID:		0x3E7

Object:
	Object Server:		WMI
	Object Type:		WMI Namespace
	Object Name:		ROOT\CIMV2\Security\MicrosoftTpm
	Handle ID:		0x0

Operation:
	Operation Type:		Object Access
	Accesses:		Unknown specific access (bit 0)
				
	Access Mask:		0x1
	Properties:		-

Additional Information:
	Parameter 1:		Local Read (ExecQuery)
	Parameter 2:		ROOT\CIMV2\Security\MicrosoftTpm:references of {__Win32Provider.Name=""Win32_TpmProvider""}"
"2023-09-27T07:00:36.2502441+05:30","4662","Microsoft-Windows-Security-Auditing","An operation was performed on an object.

Subject :
	Security ID:		S-1-5-18
	Account Name:		WS-4$
	Account Domain:		LAB
	Logon ID:		0x3E7

Object:
	Object Server:		WMI
	Object Type:		WMI Namespace
	Object Name:		ROOT\CIMV2\Security\MicrosoftTpm
	Handle ID:		0x0

Operation:
	Operation Type:		Object Access
	Accesses:		Unknown specific access (bit 0)
				
	Access Mask:		0x1
	Properties:		-

Additional Information:
	Parameter 1:		Local Read (GetObject)
	Parameter 2:		ROOT\CIMV2\Security\MicrosoftTpm:__Win32Provider.Name=""Win32_TpmProvider"""
"2023-09-27T07:00:36.2490569+05:30","4662","Microsoft-Windows-Security-Auditing","An operation was performed on an object.

Subject :
	Security ID:		S-1-5-18
	Account Name:		WS-4$
	Account Domain:		LAB
	Logon ID:		0x3E7

Object:
	Object Server:		WMI
	Object Type:		WMI Namespace
	Object Name:		ROOT\CIMV2\Security\MicrosoftTpm
	Handle ID:		0x0

Operation:
	Operation Type:		Object Access
	Accesses:		Unknown specific access (bit 0)
				
	Access Mask:		0x1
	Properties:		-

Additional Information:
	Parameter 1:		Local Read (ExecQuery)
	Parameter 2:		ROOT\CIMV2\Security\MicrosoftTpm:Select * from __ClassProviderRegistration"
"2023-09-27T07:00:36.2481612+05:30","4662","Microsoft-Windows-Security-Auditing","An operation was performed on an object.

Subject :
	Security ID:		S-1-5-18
	Account Name:		WS-4$
	Account Domain:		LAB
	Logon ID:		0x3E7

Object:
	Object Server:		WMI
	Object Type:		WMI Namespace
	Object Name:		ROOT\CIMV2\Security\MicrosoftTpm
	Handle ID:		0x0

Operation:
	Operation Type:		Object Access
	Accesses:		Unknown specific access (bit 0)
				
	Access Mask:		0x1
	Properties:		-

Additional Information:
	Parameter 1:		Local Read (CreateInstanceEnum)
	Parameter 2:		ROOT\CIMV2\Security\MicrosoftTpm:Win32_Tpm"
"2023-09-27T07:00:36.2478674+05:30","4662","Microsoft-Windows-Security-Auditing","An operation was performed on an object.

Subject :
	Security ID:		S-1-5-18
	Account Name:		WS-4$
	Account Domain:		LAB
	Logon ID:		0x3E7

Object:
	Object Server:		WMI
	Object Type:		WMI Namespace
	Object Name:		ROOT\CIMV2\Security\MicrosoftTpm
	Handle ID:		0x0

Operation:
	Operation Type:		Object Access
	Accesses:		Unknown specific access (bit 0)
				
	Access Mask:		0x1
	Properties:		-

Additional Information:
	Parameter 1:		Local Read (ConnectServer)
	Parameter 2:		ROOT\CIMV2\Security\MicrosoftTpm"
"2023-09-27T06:59:37.9331136+05:30","4689","Microsoft-Windows-Security-Auditing","A process has exited.

Subject:
	Security ID:		S-1-5-18
	Account Name:		WS-4$
	Account Domain:		LAB
	Logon ID:		0x3E7

Process Information:
	Process ID:	0x4028
	Process Name:	C:\Windows\System32\conhost.exe
	Exit Status:	0x0"
"2023-09-27T06:59:37.9317994+05:30","4689","Microsoft-Windows-Security-Auditing","A process has exited.

Subject:
	Security ID:		S-1-5-18
	Account Name:		WS-4$
	Account Domain:		LAB
	Logon ID:		0x3E7

Process Information:
	Process ID:	0x3e88
	Process Name:	C:\Windows\System32\cmd.exe
	Exit Status:	0x2"
"2023-09-27T06:59:37.9294864+05:30","4689","Microsoft-Windows-Security-Auditing","A process has exited.

Subject:
	Security ID:		S-1-5-18
	Account Name:		WS-4$
	Account Domain:		LAB
	Logon ID:		0x3E7

Process Information:
	Process ID:	0x41f4
	Process Name:	C:\Windows\System32\net.exe
	Exit Status:	0x2"
"2023-09-27T06:59:37.9279078+05:30","4689","Microsoft-Windows-Security-Auditing","A process has exited.

Subject:
	Security ID:		S-1-5-18
	Account Name:		WS-4$
	Account Domain:		LAB
	Logon ID:		0x3E7

Process Information:
	Process ID:	0x33a4
	Process Name:	C:\Windows\System32\net1.exe
	Exit Status:	0x2"
"2023-09-27T06:59:37.9153359+05:30","4688","Microsoft-Windows-Security-Auditing","A new process has been created.

Creator Subject:
	Security ID:		S-1-5-18
	Account Name:		WS-4$
	Account Domain:		LAB
	Logon ID:		0x3E7

Target Subject:
	Security ID:		S-1-0-0
	Account Name:		-
	Account Domain:		-
	Logon ID:		0x0

Process Information:
	New Process ID:		0x33a4
	New Process Name:	C:\Windows\System32\net1.exe
	Token Elevation Type:	TokenElevationTypeDefault (1)
	Mandatory Label:		S-1-16-16384
	Creator Process ID:	0x41f4
	Creator Process Name:	C:\Windows\System32\net.exe
	Process Command Line:	

Token Elevation Type indicates the type of token that was assigned to the new process in accordance with User Account Control policy.

Type 1 is a full token with no privileges removed or groups disabled.  A full token is only used if User Account Control is disabled or if the user is the built-in Administrator account or a service account.

Type 2 is an elevated token with no privileges removed or groups disabled.  An elevated token is used when User Account Control is enabled and the user chooses to start the program using Run as administrator.  An elevated token is also used when an application is configured to always require administrative privilege or to always require maximum privilege, and the user is a member of the Administrators group.

Type 3 is a limited token with administrative privileges removed and administrative groups disabled.  The limited token is used when User Account Control is enabled, the application does not require administrative privilege, and the user does not choose to start the program using Run as administrator."
"2023-09-27T06:59:37.9051891+05:30","4688","Microsoft-Windows-Security-Auditing","A new process has been created.

Creator Subject:
	Security ID:		S-1-5-18
	Account Name:		WS-4$
	Account Domain:		LAB
	Logon ID:		0x3E7

Target Subject:
	Security ID:		S-1-0-0
	Account Name:		-
	Account Domain:		-
	Logon ID:		0x0

Process Information:
	New Process ID:		0x41f4
	New Process Name:	C:\Windows\System32\net.exe
	Token Elevation Type:	TokenElevationTypeDefault (1)
	Mandatory Label:		S-1-16-16384
	Creator Process ID:	0x3e88
	Creator Process Name:	C:\Windows\System32\cmd.exe
	Process Command Line:	

Token Elevation Type indicates the type of token that was assigned to the new process in accordance with User Account Control policy.

Type 1 is a full token with no privileges removed or groups disabled.  A full token is only used if User Account Control is disabled or if the user is the built-in Administrator account or a service account.

Type 2 is an elevated token with no privileges removed or groups disabled.  An elevated token is used when User Account Control is enabled and the user chooses to start the program using Run as administrator.  An elevated token is also used when an application is configured to always require administrative privilege or to always require maximum privilege, and the user is a member of the Administrators group.

Type 3 is a limited token with administrative privileges removed and administrative groups disabled.  The limited token is used when User Account Control is enabled, the application does not require administrative privilege, and the user does not choose to start the program using Run as administrator."
"2023-09-27T06:59:37.9011716+05:30","4689","Microsoft-Windows-Security-Auditing","A process has exited.

Subject:
	Security ID:		S-1-5-18
	Account Name:		WS-4$
	Account Domain:		LAB
	Logon ID:		0x3E7

Process Information:
	Process ID:	0x35fc
	Process Name:	C:\Windows\System32\net.exe
	Exit Status:	0x2"
"2023-09-27T06:59:37.8996174+05:30","4689","Microsoft-Windows-Security-Auditing","A process has exited.

Subject:
	Security ID:		S-1-5-18
	Account Name:		WS-4$
	Account Domain:		LAB
	Logon ID:		0x3E7

Process Information:
	Process ID:	0x2634
	Process Name:	C:\Windows\System32\net1.exe
	Exit Status:	0x2"
"2023-09-27T06:59:37.8865074+05:30","4688","Microsoft-Windows-Security-Auditing","A new process has been created.

Creator Subject:
	Security ID:		S-1-5-18
	Account Name:		WS-4$
	Account Domain:		LAB
	Logon ID:		0x3E7

Target Subject:
	Security ID:		S-1-0-0
	Account Name:		-
	Account Domain:		-
	Logon ID:		0x0

Process Information:
	New Process ID:		0x2634
	New Process Name:	C:\Windows\System32\net1.exe
	Token Elevation Type:	TokenElevationTypeDefault (1)
	Mandatory Label:		S-1-16-16384
	Creator Process ID:	0x35fc
	Creator Process Name:	C:\Windows\System32\net.exe
	Process Command Line:	

Token Elevation Type indicates the type of token that was assigned to the new process in accordance with User Account Control policy.

Type 1 is a full token with no privileges removed or groups disabled.  A full token is only used if User Account Control is disabled or if the user is the built-in Administrator account or a service account.

Type 2 is an elevated token with no privileges removed or groups disabled.  An elevated token is used when User Account Control is enabled and the user chooses to start the program using Run as administrator.  An elevated token is also used when an application is configured to always require administrative privilege or to always require maximum privilege, and the user is a member of the Administrators group.

Type 3 is a limited token with administrative privileges removed and administrative groups disabled.  The limited token is used when User Account Control is enabled, the application does not require administrative privilege, and the user does not choose to start the program using Run as administrator."
"2023-09-27T06:59:37.8762189+05:30","4688","Microsoft-Windows-Security-Auditing","A new process has been created.

Creator Subject:
	Security ID:		S-1-5-18
	Account Name:		WS-4$
	Account Domain:		LAB
	Logon ID:		0x3E7

Target Subject:
	Security ID:		S-1-0-0
	Account Name:		-
	Account Domain:		-
	Logon ID:		0x0

Process Information:
	New Process ID:		0x35fc
	New Process Name:	C:\Windows\System32\net.exe
	Token Elevation Type:	TokenElevationTypeDefault (1)
	Mandatory Label:		S-1-16-16384
	Creator Process ID:	0x3e88
	Creator Process Name:	C:\Windows\System32\cmd.exe
	Process Command Line:	

Token Elevation Type indicates the type of token that was assigned to the new process in accordance with User Account Control policy.

Type 1 is a full token with no privileges removed or groups disabled.  A full token is only used if User Account Control is disabled or if the user is the built-in Administrator account or a service account.

Type 2 is an elevated token with no privileges removed or groups disabled.  An elevated token is used when User Account Control is enabled and the user chooses to start the program using Run as administrator.  An elevated token is also used when an application is configured to always require administrative privilege or to always require maximum privilege, and the user is a member of the Administrators group.

Type 3 is a limited token with administrative privileges removed and administrative groups disabled.  The limited token is used when User Account Control is enabled, the application does not require administrative privilege, and the user does not choose to start the program using Run as administrator."
"2023-09-27T06:59:37.8732890+05:30","4689","Microsoft-Windows-Security-Auditing","A process has exited.

Subject:
	Security ID:		S-1-5-18
	Account Name:		WS-4$
	Account Domain:		LAB
	Logon ID:		0x3E7

Process Information:
	Process ID:	0x3ba8
	Process Name:	C:\Windows\System32\net.exe
	Exit Status:	0x2"
"2023-09-27T06:59:37.8713218+05:30","4689","Microsoft-Windows-Security-Auditing","A process has exited.

Subject:
	Security ID:		S-1-5-18
	Account Name:		WS-4$
	Account Domain:		LAB
	Logon ID:		0x3E7

Process Information:
	Process ID:	0x38c0
	Process Name:	C:\Windows\System32\net1.exe
	Exit Status:	0x2"
"2023-09-27T06:59:37.8575311+05:30","4688","Microsoft-Windows-Security-Auditing","A new process has been created.

Creator Subject:
	Security ID:		S-1-5-18
	Account Name:		WS-4$
	Account Domain:		LAB
	Logon ID:		0x3E7

Target Subject:
	Security ID:		S-1-0-0
	Account Name:		-
	Account Domain:		-
	Logon ID:		0x0

Process Information:
	New Process ID:		0x38c0
	New Process Name:	C:\Windows\System32\net1.exe
	Token Elevation Type:	TokenElevationTypeDefault (1)
	Mandatory Label:		S-1-16-16384
	Creator Process ID:	0x3ba8
	Creator Process Name:	C:\Windows\System32\net.exe
	Process Command Line:	

Token Elevation Type indicates the type of token that was assigned to the new process in accordance with User Account Control policy.

Type 1 is a full token with no privileges removed or groups disabled.  A full token is only used if User Account Control is disabled or if the user is the built-in Administrator account or a service account.

Type 2 is an elevated token with no privileges removed or groups disabled.  An elevated token is used when User Account Control is enabled and the user chooses to start the program using Run as administrator.  An elevated token is also used when an application is configured to always require administrative privilege or to always require maximum privilege, and the user is a member of the Administrators group.

Type 3 is a limited token with administrative privileges removed and administrative groups disabled.  The limited token is used when User Account Control is enabled, the application does not require administrative privilege, and the user does not choose to start the program using Run as administrator."
"2023-09-27T06:59:37.8458803+05:30","4688","Microsoft-Windows-Security-Auditing","A new process has been created.

Creator Subject:
	Security ID:		S-1-5-18
	Account Name:		WS-4$
	Account Domain:		LAB
	Logon ID:		0x3E7

Target Subject:
	Security ID:		S-1-0-0
	Account Name:		-
	Account Domain:		-
	Logon ID:		0x0

Process Information:
	New Process ID:		0x3ba8
	New Process Name:	C:\Windows\System32\net.exe
	Token Elevation Type:	TokenElevationTypeDefault (1)
	Mandatory Label:		S-1-16-16384
	Creator Process ID:	0x3e88
	Creator Process Name:	C:\Windows\System32\cmd.exe
	Process Command Line:	

Token Elevation Type indicates the type of token that was assigned to the new process in accordance with User Account Control policy.

Type 1 is a full token with no privileges removed or groups disabled.  A full token is only used if User Account Control is disabled or if the user is the built-in Administrator account or a service account.

Type 2 is an elevated token with no privileges removed or groups disabled.  An elevated token is used when User Account Control is enabled and the user chooses to start the program using Run as administrator.  An elevated token is also used when an application is configured to always require administrative privilege or to always require maximum privilege, and the user is a member of the Administrators group.

Type 3 is a limited token with administrative privileges removed and administrative groups disabled.  The limited token is used when User Account Control is enabled, the application does not require administrative privilege, and the user does not choose to start the program using Run as administrator."
"2023-09-27T06:59:37.8410963+05:30","4689","Microsoft-Windows-Security-Auditing","A process has exited.

Subject:
	Security ID:		S-1-5-18
	Account Name:		WS-4$
	Account Domain:		LAB
	Logon ID:		0x3E7

Process Information:
	Process ID:	0x394c
	Process Name:	C:\Windows\System32\net.exe
	Exit Status:	0x2"
"2023-09-27T06:59:37.8395014+05:30","4689","Microsoft-Windows-Security-Auditing","A process has exited.

Subject:
	Security ID:		S-1-5-18
	Account Name:		WS-4$
	Account Domain:		LAB
	Logon ID:		0x3E7

Process Information:
	Process ID:	0x3928
	Process Name:	C:\Windows\System32\net1.exe
	Exit Status:	0x2"
"2023-09-27T06:59:37.8262908+05:30","4688","Microsoft-Windows-Security-Auditing","A new process has been created.

Creator Subject:
	Security ID:		S-1-5-18
	Account Name:		WS-4$
	Account Domain:		LAB
	Logon ID:		0x3E7

Target Subject:
	Security ID:		S-1-0-0
	Account Name:		-
	Account Domain:		-
	Logon ID:		0x0

Process Information:
	New Process ID:		0x3928
	New Process Name:	C:\Windows\System32\net1.exe
	Token Elevation Type:	TokenElevationTypeDefault (1)
	Mandatory Label:		S-1-16-16384
	Creator Process ID:	0x394c
	Creator Process Name:	C:\Windows\System32\net.exe
	Process Command Line:	

Token Elevation Type indicates the type of token that was assigned to the new process in accordance with User Account Control policy.

Type 1 is a full token with no privileges removed or groups disabled.  A full token is only used if User Account Control is disabled or if the user is the built-in Administrator account or a service account.

Type 2 is an elevated token with no privileges removed or groups disabled.  An elevated token is used when User Account Control is enabled and the user chooses to start the program using Run as administrator.  An elevated token is also used when an application is configured to always require administrative privilege or to always require maximum privilege, and the user is a member of the Administrators group.

Type 3 is a limited token with administrative privileges removed and administrative groups disabled.  The limited token is used when User Account Control is enabled, the application does not require administrative privilege, and the user does not choose to start the program using Run as administrator."
"2023-09-27T06:59:37.8122216+05:30","4688","Microsoft-Windows-Security-Auditing","A new process has been created.

Creator Subject:
	Security ID:		S-1-5-18
	Account Name:		WS-4$
	Account Domain:		LAB
	Logon ID:		0x3E7

Target Subject:
	Security ID:		S-1-0-0
	Account Name:		-
	Account Domain:		-
	Logon ID:		0x0

Process Information:
	New Process ID:		0x394c
	New Process Name:	C:\Windows\System32\net.exe
	Token Elevation Type:	TokenElevationTypeDefault (1)
	Mandatory Label:		S-1-16-16384
	Creator Process ID:	0x3e88
	Creator Process Name:	C:\Windows\System32\cmd.exe
	Process Command Line:	

Token Elevation Type indicates the type of token that was assigned to the new process in accordance with User Account Control policy.

Type 1 is a full token with no privileges removed or groups disabled.  A full token is only used if User Account Control is disabled or if the user is the built-in Administrator account or a service account.

Type 2 is an elevated token with no privileges removed or groups disabled.  An elevated token is used when User Account Control is enabled and the user chooses to start the program using Run as administrator.  An elevated token is also used when an application is configured to always require administrative privilege or to always require maximum privilege, and the user is a member of the Administrators group.

Type 3 is a limited token with administrative privileges removed and administrative groups disabled.  The limited token is used when User Account Control is enabled, the application does not require administrative privilege, and the user does not choose to start the program using Run as administrator."
"2023-09-27T06:59:37.8087175+05:30","4689","Microsoft-Windows-Security-Auditing","A process has exited.

Subject:
	Security ID:		S-1-5-18
	Account Name:		WS-4$
	Account Domain:		LAB
	Logon ID:		0x3E7

Process Information:
	Process ID:	0x19e0
	Process Name:	C:\Windows\System32\PING.EXE
	Exit Status:	0x0"
"2023-09-27T06:59:34.7331633+05:30","4688","Microsoft-Windows-Security-Auditing","A new process has been created.

Creator Subject:
	Security ID:		S-1-5-18
	Account Name:		WS-4$
	Account Domain:		LAB
	Logon ID:		0x3E7

Target Subject:
	Security ID:		S-1-0-0
	Account Name:		-
	Account Domain:		-
	Logon ID:		0x0

Process Information:
	New Process ID:		0x19e0
	New Process Name:	C:\Windows\System32\PING.EXE
	Token Elevation Type:	TokenElevationTypeDefault (1)
	Mandatory Label:		S-1-16-16384
	Creator Process ID:	0x3e88
	Creator Process Name:	C:\Windows\System32\cmd.exe
	Process Command Line:	

Token Elevation Type indicates the type of token that was assigned to the new process in accordance with User Account Control policy.

Type 1 is a full token with no privileges removed or groups disabled.  A full token is only used if User Account Control is disabled or if the user is the built-in Administrator account or a service account.

Type 2 is an elevated token with no privileges removed or groups disabled.  An elevated token is used when User Account Control is enabled and the user chooses to start the program using Run as administrator.  An elevated token is also used when an application is configured to always require administrative privilege or to always require maximum privilege, and the user is a member of the Administrators group.

Type 3 is a limited token with administrative privileges removed and administrative groups disabled.  The limited token is used when User Account Control is enabled, the application does not require administrative privilege, and the user does not choose to start the program using Run as administrator."
"2023-09-27T06:59:34.7304216+05:30","4689","Microsoft-Windows-Security-Auditing","A process has exited.

Subject:
	Security ID:		S-1-5-18
	Account Name:		WS-4$
	Account Domain:		LAB
	Logon ID:		0x3E7

Process Information:
	Process ID:	0xc7c
	Process Name:	C:\Windows\System32\net.exe
	Exit Status:	0x2"
"2023-09-27T06:59:34.7285580+05:30","4689","Microsoft-Windows-Security-Auditing","A process has exited.

Subject:
	Security ID:		S-1-5-18
	Account Name:		WS-4$
	Account Domain:		LAB
	Logon ID:		0x3E7

Process Information:
	Process ID:	0x3324
	Process Name:	C:\Windows\System32\net1.exe
	Exit Status:	0x2"
"2023-09-27T06:59:34.7155775+05:30","4688","Microsoft-Windows-Security-Auditing","A new process has been created.

Creator Subject:
	Security ID:		S-1-5-18
	Account Name:		WS-4$
	Account Domain:		LAB
	Logon ID:		0x3E7

Target Subject:
	Security ID:		S-1-0-0
	Account Name:		-
	Account Domain:		-
	Logon ID:		0x0

Process Information:
	New Process ID:		0x3324
	New Process Name:	C:\Windows\System32\net1.exe
	Token Elevation Type:	TokenElevationTypeDefault (1)
	Mandatory Label:		S-1-16-16384
	Creator Process ID:	0xc7c
	Creator Process Name:	C:\Windows\System32\net.exe
	Process Command Line:	

Token Elevation Type indicates the type of token that was assigned to the new process in accordance with User Account Control policy.

Type 1 is a full token with no privileges removed or groups disabled.  A full token is only used if User Account Control is disabled or if the user is the built-in Administrator account or a service account.

Type 2 is an elevated token with no privileges removed or groups disabled.  An elevated token is used when User Account Control is enabled and the user chooses to start the program using Run as administrator.  An elevated token is also used when an application is configured to always require administrative privilege or to always require maximum privilege, and the user is a member of the Administrators group.

Type 3 is a limited token with administrative privileges removed and administrative groups disabled.  The limited token is used when User Account Control is enabled, the application does not require administrative privilege, and the user does not choose to start the program using Run as administrator."
"2023-09-27T06:59:34.7039425+05:30","4688","Microsoft-Windows-Security-Auditing","A new process has been created.

Creator Subject:
	Security ID:		S-1-5-18
	Account Name:		WS-4$
	Account Domain:		LAB
	Logon ID:		0x3E7

Target Subject:
	Security ID:		S-1-0-0
	Account Name:		-
	Account Domain:		-
	Logon ID:		0x0

Process Information:
	New Process ID:		0xc7c
	New Process Name:	C:\Windows\System32\net.exe
	Token Elevation Type:	TokenElevationTypeDefault (1)
	Mandatory Label:		S-1-16-16384
	Creator Process ID:	0x3e88
	Creator Process Name:	C:\Windows\System32\cmd.exe
	Process Command Line:	

Token Elevation Type indicates the type of token that was assigned to the new process in accordance with User Account Control policy.

Type 1 is a full token with no privileges removed or groups disabled.  A full token is only used if User Account Control is disabled or if the user is the built-in Administrator account or a service account.

Type 2 is an elevated token with no privileges removed or groups disabled.  An elevated token is used when User Account Control is enabled and the user chooses to start the program using Run as administrator.  An elevated token is also used when an application is configured to always require administrative privilege or to always require maximum privilege, and the user is a member of the Administrators group.

Type 3 is a limited token with administrative privileges removed and administrative groups disabled.  The limited token is used when User Account Control is enabled, the application does not require administrative privilege, and the user does not choose to start the program using Run as administrator."
"2023-09-27T06:59:34.7007087+05:30","4689","Microsoft-Windows-Security-Auditing","A process has exited.

Subject:
	Security ID:		S-1-5-18
	Account Name:		WS-4$
	Account Domain:		LAB
	Logon ID:		0x3E7

Process Information:
	Process ID:	0x36a4
	Process Name:	C:\Windows\System32\PING.EXE
	Exit Status:	0x0"
