"2023-09-27T06:59:31.6298886+05:30","4688","Microsoft-Windows-Security-Auditing","A new process has been created.

Creator Subject:
	Security ID:		S-1-5-18
	Account Name:		WS-4$
	Account Domain:		LAB
	Logon ID:		0x3E7

Target Subject:
	Security ID:		S-1-0-0
	Account Name:		-
	Account Domain:		-
	Logon ID:		0x0

Process Information:
	New Process ID:		0x36a4
	New Process Name:	C:\Windows\System32\PING.EXE
	Token Elevation Type:	TokenElevationTypeDefault (1)
	Mandatory Label:		S-1-16-16384
	Creator Process ID:	0x3e88
	Creator Process Name:	C:\Windows\System32\cmd.exe
	Process Command Line:	

Token Elevation Type indicates the type of token that was assigned to the new process in accordance with User Account Control policy.

Type 1 is a full token with no privileges removed or groups disabled.  A full token is only used if User Account Control is disabled or if the user is the built-in Administrator account or a service account.

Type 2 is an elevated token with no privileges removed or groups disabled.  An elevated token is used when User Account Control is enabled and the user chooses to start the program using Run as administrator.  An elevated token is also used when an application is configured to always require administrative privilege or to always require maximum privilege, and the user is a member of the Administrators group.

Type 3 is a limited token with administrative privileges removed and administrative groups disabled.  The limited token is used when User Account Control is enabled, the application does not require administrative privilege, and the user does not choose to start the program using Run as administrator."
"2023-09-27T06:59:31.6266073+05:30","4689","Microsoft-Windows-Security-Auditing","A process has exited.

Subject:
	Security ID:		S-1-5-18
	Account Name:		WS-4$
	Account Domain:		LAB
	Logon ID:		0x3E7

Process Information:
	Process ID:	0x3ae8
	Process Name:	C:\Windows\System32\PING.EXE
	Exit Status:	0x0"
"2023-09-27T06:59:28.5535919+05:30","4688","Microsoft-Windows-Security-Auditing","A new process has been created.

Creator Subject:
	Security ID:		S-1-5-18
	Account Name:		WS-4$
	Account Domain:		LAB
	Logon ID:		0x3E7

Target Subject:
	Security ID:		S-1-0-0
	Account Name:		-
	Account Domain:		-
	Logon ID:		0x0

Process Information:
	New Process ID:		0x4170
	New Process Name:	C:\Windows\LTSvc\LTSVC.exe
	Token Elevation Type:	TokenElevationTypeDefault (1)
	Mandatory Label:		S-1-16-16384
	Creator Process ID:	0x2e4
	Creator Process Name:	C:\Windows\System32\services.exe
	Process Command Line:	

Token Elevation Type indicates the type of token that was assigned to the new process in accordance with User Account Control policy.

Type 1 is a full token with no privileges removed or groups disabled.  A full token is only used if User Account Control is disabled or if the user is the built-in Administrator account or a service account.

Type 2 is an elevated token with no privileges removed or groups disabled.  An elevated token is used when User Account Control is enabled and the user chooses to start the program using Run as administrator.  An elevated token is also used when an application is configured to always require administrative privilege or to always require maximum privilege, and the user is a member of the Administrators group.

Type 3 is a limited token with administrative privileges removed and administrative groups disabled.  The limited token is used when User Account Control is enabled, the application does not require administrative privilege, and the user does not choose to start the program using Run as administrator."
"2023-09-27T06:59:28.5493690+05:30","4688","Microsoft-Windows-Security-Auditing","A new process has been created.

Creator Subject:
	Security ID:		S-1-5-18
	Account Name:		WS-4$
	Account Domain:		LAB
	Logon ID:		0x3E7

Target Subject:
	Security ID:		S-1-0-0
	Account Name:		-
	Account Domain:		-
	Logon ID:		0x0

Process Information:
	New Process ID:		0x3ae8
	New Process Name:	C:\Windows\System32\PING.EXE
	Token Elevation Type:	TokenElevationTypeDefault (1)
	Mandatory Label:		S-1-16-16384
	Creator Process ID:	0x3e88
	Creator Process Name:	C:\Windows\System32\cmd.exe
	Process Command Line:	

Token Elevation Type indicates the type of token that was assigned to the new process in accordance with User Account Control policy.

Type 1 is a full token with no privileges removed or groups disabled.  A full token is only used if User Account Control is disabled or if the user is the built-in Administrator account or a service account.

Type 2 is an elevated token with no privileges removed or groups disabled.  An elevated token is used when User Account Control is enabled and the user chooses to start the program using Run as administrator.  An elevated token is also used when an application is configured to always require administrative privilege or to always require maximum privilege, and the user is a member of the Administrators group.

Type 3 is a limited token with administrative privileges removed and administrative groups disabled.  The limited token is used when User Account Control is enabled, the application does not require administrative privilege, and the user does not choose to start the program using Run as administrator."
"2023-09-27T06:59:28.5262223+05:30","4689","Microsoft-Windows-Security-Auditing","A process has exited.

Subject:
	Security ID:		S-1-5-18
	Account Name:		WS-4$
	Account Domain:		LAB
	Logon ID:		0x3E7

Process Information:
	Process ID:	0x3844
	Process Name:	C:\Windows\LTSvc\LTSVC.exe
	Exit Status:	0x0"
"2023-09-27T06:59:28.5082821+05:30","4688","Microsoft-Windows-Security-Auditing","A new process has been created.

Creator Subject:
	Security ID:		S-1-5-18
	Account Name:		WS-4$
	Account Domain:		LAB
	Logon ID:		0x3E7

Target Subject:
	Security ID:		S-1-0-0
	Account Name:		-
	Account Domain:		-
	Logon ID:		0x0

Process Information:
	New Process ID:		0x4028
	New Process Name:	C:\Windows\System32\conhost.exe
	Token Elevation Type:	TokenElevationTypeDefault (1)
	Mandatory Label:		S-1-16-16384
	Creator Process ID:	0x3e88
	Creator Process Name:	C:\Windows\System32\cmd.exe
	Process Command Line:	

Token Elevation Type indicates the type of token that was assigned to the new process in accordance with User Account Control policy.

Type 1 is a full token with no privileges removed or groups disabled.  A full token is only used if User Account Control is disabled or if the user is the built-in Administrator account or a service account.

Type 2 is an elevated token with no privileges removed or groups disabled.  An elevated token is used when User Account Control is enabled and the user chooses to start the program using Run as administrator.  An elevated token is also used when an application is configured to always require administrative privilege or to always require maximum privilege, and the user is a member of the Administrators group.

Type 3 is a limited token with administrative privileges removed and administrative groups disabled.  The limited token is used when User Account Control is enabled, the application does not require administrative privilege, and the user does not choose to start the program using Run as administrator."
"2023-09-27T06:59:28.5031208+05:30","4688","Microsoft-Windows-Security-Auditing","A new process has been created.

Creator Subject:
	Security ID:		S-1-5-18
	Account Name:		WS-4$
	Account Domain:		LAB
	Logon ID:		0x3E7

Target Subject:
	Security ID:		S-1-0-0
	Account Name:		-
	Account Domain:		-
	Logon ID:		0x0

Process Information:
	New Process ID:		0x3e88
	New Process Name:	C:\Windows\System32\cmd.exe
	Token Elevation Type:	TokenElevationTypeDefault (1)
	Mandatory Label:		S-1-16-16384
	Creator Process ID:	0x3844
	Creator Process Name:	C:\Windows\LTSvc\LTSVC.exe
	Process Command Line:	

Token Elevation Type indicates the type of token that was assigned to the new process in accordance with User Account Control policy.

Type 1 is a full token with no privileges removed or groups disabled.  A full token is only used if User Account Control is disabled or if the user is the built-in Administrator account or a service account.

Type 2 is an elevated token with no privileges removed or groups disabled.  An elevated token is used when User Account Control is enabled and the user chooses to start the program using Run as administrator.  An elevated token is also used when an application is configured to always require administrative privilege or to always require maximum privilege, and the user is a member of the Administrators group.

Type 3 is a limited token with administrative privileges removed and administrative groups disabled.  The limited token is used when User Account Control is enabled, the application does not require administrative privilege, and the user does not choose to start the program using Run as administrator."
"2023-09-27T06:59:13.9225462+05:30","4689","Microsoft-Windows-Security-Auditing","A process has exited.

Subject:
	Security ID:		S-1-5-18
	Account Name:		WS-4$
	Account Domain:		LAB
	Logon ID:		0x3E7

Process Information:
	Process ID:	0x3f08
	Process Name:	C:\Windows\System32\svchost.exe
	Exit Status:	0x0"
"2023-09-27T06:58:37.5254138+05:30","4689","Microsoft-Windows-Security-Auditing","A process has exited.

Subject:
	Security ID:		S-1-5-21-2299017546-3331170021-2331166375-2773
	Account Name:		jane.ross
	Account Domain:		LAB
	Logon ID:		0x54075B

Process Information:
	Process ID:	0x3c20
	Process Name:	C:\Program Files\Microsoft OneDrive\23.189.0910.0001\FileCoAuth.exe
	Exit Status:	0x0"
"2023-09-27T06:58:36.3738429+05:30","4689","Microsoft-Windows-Security-Auditing","A process has exited.

Subject:
	Security ID:		S-1-5-21-2299017546-3331170021-2331166375-2773
	Account Name:		jane.ross
	Account Domain:		LAB
	Logon ID:		0x54075B

Process Information:
	Process ID:	0xeb0
	Process Name:	C:\Windows\LTSvc\LTTray.exe
	Exit Status:	0x0"
"2023-09-27T06:58:36.3728725+05:30","4689","Microsoft-Windows-Security-Auditing","A process has exited.

Subject:
	Security ID:		S-1-5-21-2299017546-3331170021-2331166375-2720
	Account Name:		todd.lee
	Account Domain:		LAB
	Logon ID:		0x1E9D26

Process Information:
	Process ID:	0x3794
	Process Name:	C:\Windows\LTSvc\LTTray.exe
	Exit Status:	0x0"
"2023-09-27T06:58:35.1351582+05:30","4688","Microsoft-Windows-Security-Auditing","A new process has been created.

Creator Subject:
	Security ID:		S-1-5-18
	Account Name:		WS-4$
	Account Domain:		LAB
	Logon ID:		0x3E7

Target Subject:
	Security ID:		S-1-5-21-2299017546-3331170021-2331166375-2720
	Account Name:		todd.lee
	Account Domain:		LAB
	Logon ID:		0x1E9D26

Process Information:
	New Process ID:		0x3794
	New Process Name:	C:\Windows\LTSvc\LTTray.exe
	Token Elevation Type:	TokenElevationTypeDefault (1)
	Mandatory Label:		S-1-16-8192
	Creator Process ID:	0xd30
	Creator Process Name:	C:\Windows\LTSvc\LTSvcMon.exe
	Process Command Line:	

Token Elevation Type indicates the type of token that was assigned to the new process in accordance with User Account Control policy.

Type 1 is a full token with no privileges removed or groups disabled.  A full token is only used if User Account Control is disabled or if the user is the built-in Administrator account or a service account.

Type 2 is an elevated token with no privileges removed or groups disabled.  An elevated token is used when User Account Control is enabled and the user chooses to start the program using Run as administrator.  An elevated token is also used when an application is configured to always require administrative privilege or to always require maximum privilege, and the user is a member of the Administrators group.

Type 3 is a limited token with administrative privileges removed and administrative groups disabled.  The limited token is used when User Account Control is enabled, the application does not require administrative privilege, and the user does not choose to start the program using Run as administrator."
"2023-09-27T06:58:35.0977009+05:30","4688","Microsoft-Windows-Security-Auditing","A new process has been created.

Creator Subject:
	Security ID:		S-1-5-18
	Account Name:		WS-4$
	Account Domain:		LAB
	Logon ID:		0x3E7

Target Subject:
	Security ID:		S-1-5-21-2299017546-3331170021-2331166375-2773
	Account Name:		jane.ross
	Account Domain:		LAB
	Logon ID:		0x54075B

Process Information:
	New Process ID:		0xeb0
	New Process Name:	C:\Windows\LTSvc\LTTray.exe
	Token Elevation Type:	TokenElevationTypeLimited (3)
	Mandatory Label:		S-1-16-8192
	Creator Process ID:	0xd30
	Creator Process Name:	C:\Windows\LTSvc\LTSvcMon.exe
	Process Command Line:	

Token Elevation Type indicates the type of token that was assigned to the new process in accordance with User Account Control policy.

Type 1 is a full token with no privileges removed or groups disabled.  A full token is only used if User Account Control is disabled or if the user is the built-in Administrator account or a service account.

Type 2 is an elevated token with no privileges removed or groups disabled.  An elevated token is used when User Account Control is enabled and the user chooses to start the program using Run as administrator.  An elevated token is also used when an application is configured to always require administrative privilege or to always require maximum privilege, and the user is a member of the Administrators group.

Type 3 is a limited token with administrative privileges removed and administrative groups disabled.  The limited token is used when User Account Control is enabled, the application does not require administrative privilege, and the user does not choose to start the program using Run as administrator."
"2023-09-27T06:58:31.1483650+05:30","4688","Microsoft-Windows-Security-Auditing","A new process has been created.

Creator Subject:
	Security ID:		S-1-5-18
	Account Name:		WS-4$
	Account Domain:		LAB
	Logon ID:		0x3E7

Target Subject:
	Security ID:		S-1-5-21-2299017546-3331170021-2331166375-2773
	Account Name:		jane.ross
	Account Domain:		LAB
	Logon ID:		0x54075B

Process Information:
	New Process ID:		0x3c20
	New Process Name:	C:\Program Files\Microsoft OneDrive\23.189.0910.0001\FileCoAuth.exe
	Token Elevation Type:	TokenElevationTypeLimited (3)
	Mandatory Label:		S-1-16-8192
	Creator Process ID:	0x358
	Creator Process Name:	C:\Windows\System32\svchost.exe
	Process Command Line:	

Token Elevation Type indicates the type of token that was assigned to the new process in accordance with User Account Control policy.

Type 1 is a full token with no privileges removed or groups disabled.  A full token is only used if User Account Control is disabled or if the user is the built-in Administrator account or a service account.

Type 2 is an elevated token with no privileges removed or groups disabled.  An elevated token is used when User Account Control is enabled and the user chooses to start the program using Run as administrator.  An elevated token is also used when an application is configured to always require administrative privilege or to always require maximum privilege, and the user is a member of the Administrators group.

Type 3 is a limited token with administrative privileges removed and administrative groups disabled.  The limited token is used when User Account Control is enabled, the application does not require administrative privilege, and the user does not choose to start the program using Run as administrator."
"2023-09-27T06:57:23.9658347+05:30","4689","Microsoft-Windows-Security-Auditing","A process has exited.

Subject:
	Security ID:		S-1-5-18
	Account Name:		WS-4$
	Account Domain:		LAB
	Logon ID:		0x3E7

Process Information:
	Process ID:	0x3744
	Process Name:	C:\Program Files\Microsoft OneDrive\OneDriveStandaloneUpdater.exe
	Exit Status:	0x8004EE04"
"2023-09-27T06:57:12.2973782+05:30","4799","Microsoft-Windows-Security-Auditing","A security-enabled local group membership was enumerated.

Subject:
	Security ID:		S-1-5-18
	Account Name:		WS-4$
	Account Domain:		LAB
	Logon ID:		0x3E7

Group:
	Security ID:		S-1-5-32-551
	Group Name:		Backup Operators
	Group Domain:		Builtin

Process Information:
	Process ID:		0x3f08
	Process Name:		C:\Windows\System32\svchost.exe"
"2023-09-27T06:57:12.2958586+05:30","4799","Microsoft-Windows-Security-Auditing","A security-enabled local group membership was enumerated.

Subject:
	Security ID:		S-1-5-18
	Account Name:		WS-4$
	Account Domain:		LAB
	Logon ID:		0x3E7

Group:
	Security ID:		S-1-5-32-544
	Group Name:		Administrators
	Group Domain:		Builtin

Process Information:
	Process ID:		0x3f08
	Process Name:		C:\Windows\System32\svchost.exe"
"2023-09-27T06:57:11.7200800+05:30","4688","Microsoft-Windows-Security-Auditing","A new process has been created.

Creator Subject:
	Security ID:		S-1-5-18
	Account Name:		WS-4$
	Account Domain:		LAB
	Logon ID:		0x3E7

Target Subject:
	Security ID:		S-1-0-0
	Account Name:		-
	Account Domain:		-
	Logon ID:		0x0

Process Information:
	New Process ID:		0x3f08
	New Process Name:	C:\Windows\System32\svchost.exe
	Token Elevation Type:	TokenElevationTypeDefault (1)
	Mandatory Label:		S-1-16-16384
	Creator Process ID:	0x2e4
	Creator Process Name:	C:\Windows\System32\services.exe
	Process Command Line:	

Token Elevation Type indicates the type of token that was assigned to the new process in accordance with User Account Control policy.

Type 1 is a full token with no privileges removed or groups disabled.  A full token is only used if User Account Control is disabled or if the user is the built-in Administrator account or a service account.

Type 2 is an elevated token with no privileges removed or groups disabled.  An elevated token is used when User Account Control is enabled and the user chooses to start the program using Run as administrator.  An elevated token is also used when an application is configured to always require administrative privilege or to always require maximum privilege, and the user is a member of the Administrators group.

Type 3 is a limited token with administrative privileges removed and administrative groups disabled.  The limited token is used when User Account Control is enabled, the application does not require administrative privilege, and the user does not choose to start the program using Run as administrator."
"2023-09-27T06:57:11.2267751+05:30","4688","Microsoft-Windows-Security-Auditing","A new process has been created.

Creator Subject:
	Security ID:		S-1-5-18
	Account Name:		WS-4$
	Account Domain:		LAB
	Logon ID:		0x3E7

Target Subject:
	Security ID:		S-1-0-0
	Account Name:		-
	Account Domain:		-
	Logon ID:		0x0

Process Information:
	New Process ID:		0x3744
	New Process Name:	C:\Program Files\Microsoft OneDrive\OneDriveStandaloneUpdater.exe
	Token Elevation Type:	TokenElevationTypeDefault (1)
	Mandatory Label:		S-1-16-16384
	Creator Process ID:	0x55c
	Creator Process Name:	C:\Windows\System32\svchost.exe
	Process Command Line:	

Token Elevation Type indicates the type of token that was assigned to the new process in accordance with User Account Control policy.

Type 1 is a full token with no privileges removed or groups disabled.  A full token is only used if User Account Control is disabled or if the user is the built-in Administrator account or a service account.

Type 2 is an elevated token with no privileges removed or groups disabled.  An elevated token is used when User Account Control is enabled and the user chooses to start the program using Run as administrator.  An elevated token is also used when an application is configured to always require administrative privilege or to always require maximum privilege, and the user is a member of the Administrators group.

Type 3 is a limited token with administrative privileges removed and administrative groups disabled.  The limited token is used when User Account Control is enabled, the application does not require administrative privilege, and the user does not choose to start the program using Run as administrator."
"2023-09-27T06:57:00.8915736+05:30","4689","Microsoft-Windows-Security-Auditing","A process has exited.

Subject:
	Security ID:		S-1-5-18
	Account Name:		WS-4$
	Account Domain:		LAB
	Logon ID:		0x3E7

Process Information:
	Process ID:	0x3c58
	Process Name:	C:\Windows\System32\svchost.exe
	Exit Status:	0x0"
"2023-09-27T06:56:40.9408095+05:30","4689","Microsoft-Windows-Security-Auditing","A process has exited.

Subject:
	Security ID:		S-1-5-18
	Account Name:		WS-4$
	Account Domain:		LAB
	Logon ID:		0x3E7

Process Information:
	Process ID:	0x3418
	Process Name:	C:\Windows\System32\conhost.exe
	Exit Status:	0x0"
"2023-09-27T06:56:40.9397329+05:30","4689","Microsoft-Windows-Security-Auditing","A process has exited.

Subject:
	Security ID:		S-1-5-18
	Account Name:		WS-4$
	Account Domain:		LAB
	Logon ID:		0x3E7

Process Information:
	Process ID:	0x2a34
	Process Name:	C:\Windows\System32\cmd.exe
	Exit Status:	0x2"
"2023-09-27T06:56:40.9374065+05:30","4689","Microsoft-Windows-Security-Auditing","A process has exited.

Subject:
	Security ID:		S-1-5-18
	Account Name:		WS-4$
	Account Domain:		LAB
	Logon ID:		0x3E7

Process Information:
	Process ID:	0x31b8
	Process Name:	C:\Windows\System32\net.exe
	Exit Status:	0x2"
"2023-09-27T06:56:40.9358743+05:30","4689","Microsoft-Windows-Security-Auditing","A process has exited.

Subject:
	Security ID:		S-1-5-18
	Account Name:		WS-4$
	Account Domain:		LAB
	Logon ID:		0x3E7

Process Information:
	Process ID:	0x3f18
	Process Name:	C:\Windows\System32\net1.exe
	Exit Status:	0x2"
"2023-09-27T06:56:40.9231078+05:30","4688","Microsoft-Windows-Security-Auditing","A new process has been created.

Creator Subject:
	Security ID:		S-1-5-18
	Account Name:		WS-4$
	Account Domain:		LAB
	Logon ID:		0x3E7

Target Subject:
	Security ID:		S-1-0-0
	Account Name:		-
	Account Domain:		-
	Logon ID:		0x0

Process Information:
	New Process ID:		0x3f18
	New Process Name:	C:\Windows\System32\net1.exe
	Token Elevation Type:	TokenElevationTypeDefault (1)
	Mandatory Label:		S-1-16-16384
	Creator Process ID:	0x31b8
	Creator Process Name:	C:\Windows\System32\net.exe
	Process Command Line:	

Token Elevation Type indicates the type of token that was assigned to the new process in accordance with User Account Control policy.

Type 1 is a full token with no privileges removed or groups disabled.  A full token is only used if User Account Control is disabled or if the user is the built-in Administrator account or a service account.

Type 2 is an elevated token with no privileges removed or groups disabled.  An elevated token is used when User Account Control is enabled and the user chooses to start the program using Run as administrator.  An elevated token is also used when an application is configured to always require administrative privilege or to always require maximum privilege, and the user is a member of the Administrators group.

Type 3 is a limited token with administrative privileges removed and administrative groups disabled.  The limited token is used when User Account Control is enabled, the application does not require administrative privilege, and the user does not choose to start the program using Run as administrator."
"2023-09-27T06:56:40.9136521+05:30","4688","Microsoft-Windows-Security-Auditing","A new process has been created.

Creator Subject:
	Security ID:		S-1-5-18
	Account Name:		WS-4$
	Account Domain:		LAB
	Logon ID:		0x3E7

Target Subject:
	Security ID:		S-1-0-0
	Account Name:		-
	Account Domain:		-
	Logon ID:		0x0

Process Information:
	New Process ID:		0x31b8
	New Process Name:	C:\Windows\System32\net.exe
	Token Elevation Type:	TokenElevationTypeDefault (1)
	Mandatory Label:		S-1-16-16384
	Creator Process ID:	0x2a34
	Creator Process Name:	C:\Windows\System32\cmd.exe
	Process Command Line:	

Token Elevation Type indicates the type of token that was assigned to the new process in accordance with User Account Control policy.

Type 1 is a full token with no privileges removed or groups disabled.  A full token is only used if User Account Control is disabled or if the user is the built-in Administrator account or a service account.

Type 2 is an elevated token with no privileges removed or groups disabled.  An elevated token is used when User Account Control is enabled and the user chooses to start the program using Run as administrator.  An elevated token is also used when an application is configured to always require administrative privilege or to always require maximum privilege, and the user is a member of the Administrators group.

Type 3 is a limited token with administrative privileges removed and administrative groups disabled.  The limited token is used when User Account Control is enabled, the application does not require administrative privilege, and the user does not choose to start the program using Run as administrator."
"2023-09-27T06:56:40.9106356+05:30","4689","Microsoft-Windows-Security-Auditing","A process has exited.

Subject:
	Security ID:		S-1-5-18
	Account Name:		WS-4$
	Account Domain:		LAB
	Logon ID:		0x3E7

Process Information:
	Process ID:	0x3b0c
	Process Name:	C:\Windows\System32\net.exe
	Exit Status:	0x2"
"2023-09-27T06:56:40.9087382+05:30","4689","Microsoft-Windows-Security-Auditing","A process has exited.

Subject:
	Security ID:		S-1-5-18
	Account Name:		WS-4$
	Account Domain:		LAB
	Logon ID:		0x3E7

Process Information:
	Process ID:	0x33a4
	Process Name:	C:\Windows\System32\net1.exe
	Exit Status:	0x2"
"2023-09-27T06:56:40.8955561+05:30","4688","Microsoft-Windows-Security-Auditing","A new process has been created.

Creator Subject:
	Security ID:		S-1-5-18
	Account Name:		WS-4$
	Account Domain:		LAB
	Logon ID:		0x3E7

Target Subject:
	Security ID:		S-1-0-0
	Account Name:		-
	Account Domain:		-
	Logon ID:		0x0

Process Information:
	New Process ID:		0x33a4
	New Process Name:	C:\Windows\System32\net1.exe
	Token Elevation Type:	TokenElevationTypeDefault (1)
	Mandatory Label:		S-1-16-16384
	Creator Process ID:	0x3b0c
	Creator Process Name:	C:\Windows\System32\net.exe
	Process Command Line:	

Token Elevation Type indicates the type of token that was assigned to the new process in accordance with User Account Control policy.

Type 1 is a full token with no privileges removed or groups disabled.  A full token is only used if User Account Control is disabled or if the user is the built-in Administrator account or a service account.

Type 2 is an elevated token with no privileges removed or groups disabled.  An elevated token is used when User Account Control is enabled and the user chooses to start the program using Run as administrator.  An elevated token is also used when an application is configured to always require administrative privilege or to always require maximum privilege, and the user is a member of the Administrators group.

Type 3 is a limited token with administrative privileges removed and administrative groups disabled.  The limited token is used when User Account Control is enabled, the application does not require administrative privilege, and the user does not choose to start the program using Run as administrator."
"2023-09-27T06:56:40.8841690+05:30","4688","Microsoft-Windows-Security-Auditing","A new process has been created.

Creator Subject:
	Security ID:		S-1-5-18
	Account Name:		WS-4$
	Account Domain:		LAB
	Logon ID:		0x3E7

Target Subject:
	Security ID:		S-1-0-0
	Account Name:		-
	Account Domain:		-
	Logon ID:		0x0

Process Information:
	New Process ID:		0x3b0c
	New Process Name:	C:\Windows\System32\net.exe
	Token Elevation Type:	TokenElevationTypeDefault (1)
	Mandatory Label:		S-1-16-16384
	Creator Process ID:	0x2a34
	Creator Process Name:	C:\Windows\System32\cmd.exe
	Process Command Line:	

Token Elevation Type indicates the type of token that was assigned to the new process in accordance with User Account Control policy.

Type 1 is a full token with no privileges removed or groups disabled.  A full token is only used if User Account Control is disabled or if the user is the built-in Administrator account or a service account.

Type 2 is an elevated token with no privileges removed or groups disabled.  An elevated token is used when User Account Control is enabled and the user chooses to start the program using Run as administrator.  An elevated token is also used when an application is configured to always require administrative privilege or to always require maximum privilege, and the user is a member of the Administrators group.

Type 3 is a limited token with administrative privileges removed and administrative groups disabled.  The limited token is used when User Account Control is enabled, the application does not require administrative privilege, and the user does not choose to start the program using Run as administrator."
"2023-09-27T06:56:40.8799951+05:30","4689","Microsoft-Windows-Security-Auditing","A process has exited.

Subject:
	Security ID:		S-1-5-18
	Account Name:		WS-4$
	Account Domain:		LAB
	Logon ID:		0x3E7

Process Information:
	Process ID:	0x2634
	Process Name:	C:\Windows\System32\net.exe
	Exit Status:	0x2"
"2023-09-27T06:56:40.8782128+05:30","4689","Microsoft-Windows-Security-Auditing","A process has exited.

Subject:
	Security ID:		S-1-5-18
	Account Name:		WS-4$
	Account Domain:		LAB
	Logon ID:		0x3E7

Process Information:
	Process ID:	0x40d4
	Process Name:	C:\Windows\System32\net1.exe
	Exit Status:	0x2"
"2023-09-27T06:56:40.8626683+05:30","4688","Microsoft-Windows-Security-Auditing","A new process has been created.

Creator Subject:
	Security ID:		S-1-5-18
	Account Name:		WS-4$
	Account Domain:		LAB
	Logon ID:		0x3E7

Target Subject:
	Security ID:		S-1-0-0
	Account Name:		-
	Account Domain:		-
	Logon ID:		0x0

Process Information:
	New Process ID:		0x40d4
	New Process Name:	C:\Windows\System32\net1.exe
	Token Elevation Type:	TokenElevationTypeDefault (1)
	Mandatory Label:		S-1-16-16384
	Creator Process ID:	0x2634
	Creator Process Name:	C:\Windows\System32\net.exe
	Process Command Line:	

Token Elevation Type indicates the type of token that was assigned to the new process in accordance with User Account Control policy.

Type 1 is a full token with no privileges removed or groups disabled.  A full token is only used if User Account Control is disabled or if the user is the built-in Administrator account or a service account.

Type 2 is an elevated token with no privileges removed or groups disabled.  An elevated token is used when User Account Control is enabled and the user chooses to start the program using Run as administrator.  An elevated token is also used when an application is configured to always require administrative privilege or to always require maximum privilege, and the user is a member of the Administrators group.

Type 3 is a limited token with administrative privileges removed and administrative groups disabled.  The limited token is used when User Account Control is enabled, the application does not require administrative privilege, and the user does not choose to start the program using Run as administrator."
"2023-09-27T06:56:40.8509226+05:30","4688","Microsoft-Windows-Security-Auditing","A new process has been created.

Creator Subject:
	Security ID:		S-1-5-18
	Account Name:		WS-4$
	Account Domain:		LAB
	Logon ID:		0x3E7

Target Subject:
	Security ID:		S-1-0-0
	Account Name:		-
	Account Domain:		-
	Logon ID:		0x0

Process Information:
	New Process ID:		0x2634
	New Process Name:	C:\Windows\System32\net.exe
	Token Elevation Type:	TokenElevationTypeDefault (1)
	Mandatory Label:		S-1-16-16384
	Creator Process ID:	0x2a34
	Creator Process Name:	C:\Windows\System32\cmd.exe
	Process Command Line:	

Token Elevation Type indicates the type of token that was assigned to the new process in accordance with User Account Control policy.

Type 1 is a full token with no privileges removed or groups disabled.  A full token is only used if User Account Control is disabled or if the user is the built-in Administrator account or a service account.

Type 2 is an elevated token with no privileges removed or groups disabled.  An elevated token is used when User Account Control is enabled and the user chooses to start the program using Run as administrator.  An elevated token is also used when an application is configured to always require administrative privilege or to always require maximum privilege, and the user is a member of the Administrators group.

Type 3 is a limited token with administrative privileges removed and administrative groups disabled.  The limited token is used when User Account Control is enabled, the application does not require administrative privilege, and the user does not choose to start the program using Run as administrator."
"2023-09-27T06:56:40.8462402+05:30","4689","Microsoft-Windows-Security-Auditing","A process has exited.

Subject:
	Security ID:		S-1-5-18
	Account Name:		WS-4$
	Account Domain:		LAB
	Logon ID:		0x3E7

Process Information:
	Process ID:	0x3550
	Process Name:	C:\Windows\System32\net.exe
	Exit Status:	0x2"
"2023-09-27T06:56:40.8442817+05:30","4689","Microsoft-Windows-Security-Auditing","A process has exited.

Subject:
	Security ID:		S-1-5-18
	Account Name:		WS-4$
	Account Domain:		LAB
	Logon ID:		0x3E7

Process Information:
	Process ID:	0x4180
	Process Name:	C:\Windows\System32\net1.exe
	Exit Status:	0x2"
"2023-09-27T06:56:40.8287046+05:30","4688","Microsoft-Windows-Security-Auditing","A new process has been created.

Creator Subject:
	Security ID:		S-1-5-18
	Account Name:		WS-4$
	Account Domain:		LAB
	Logon ID:		0x3E7

Target Subject:
	Security ID:		S-1-0-0
	Account Name:		-
	Account Domain:		-
	Logon ID:		0x0

Process Information:
	New Process ID:		0x4180
	New Process Name:	C:\Windows\System32\net1.exe
	Token Elevation Type:	TokenElevationTypeDefault (1)
	Mandatory Label:		S-1-16-16384
	Creator Process ID:	0x3550
	Creator Process Name:	C:\Windows\System32\net.exe
	Process Command Line:	

Token Elevation Type indicates the type of token that was assigned to the new process in accordance with User Account Control policy.

Type 1 is a full token with no privileges removed or groups disabled.  A full token is only used if User Account Control is disabled or if the user is the built-in Administrator account or a service account.

Type 2 is an elevated token with no privileges removed or groups disabled.  An elevated token is used when User Account Control is enabled and the user chooses to start the program using Run as administrator.  An elevated token is also used when an application is configured to always require administrative privilege or to always require maximum privilege, and the user is a member of the Administrators group.

Type 3 is a limited token with administrative privileges removed and administrative groups disabled.  The limited token is used when User Account Control is enabled, the application does not require administrative privilege, and the user does not choose to start the program using Run as administrator."
"2023-09-27T06:56:40.8150062+05:30","4688","Microsoft-Windows-Security-Auditing","A new process has been created.

Creator Subject:
	Security ID:		S-1-5-18
	Account Name:		WS-4$
	Account Domain:		LAB
	Logon ID:		0x3E7

Target Subject:
	Security ID:		S-1-0-0
	Account Name:		-
	Account Domain:		-
	Logon ID:		0x0

Process Information:
	New Process ID:		0x3550
	New Process Name:	C:\Windows\System32\net.exe
	Token Elevation Type:	TokenElevationTypeDefault (1)
	Mandatory Label:		S-1-16-16384
	Creator Process ID:	0x2a34
	Creator Process Name:	C:\Windows\System32\cmd.exe
	Process Command Line:	

Token Elevation Type indicates the type of token that was assigned to the new process in accordance with User Account Control policy.

Type 1 is a full token with no privileges removed or groups disabled.  A full token is only used if User Account Control is disabled or if the user is the built-in Administrator account or a service account.

Type 2 is an elevated token with no privileges removed or groups disabled.  An elevated token is used when User Account Control is enabled and the user chooses to start the program using Run as administrator.  An elevated token is also used when an application is configured to always require administrative privilege or to always require maximum privilege, and the user is a member of the Administrators group.

Type 3 is a limited token with administrative privileges removed and administrative groups disabled.  The limited token is used when User Account Control is enabled, the application does not require administrative privilege, and the user does not choose to start the program using Run as administrator."
"2023-09-27T06:56:40.8118050+05:30","4689","Microsoft-Windows-Security-Auditing","A process has exited.

Subject:
	Security ID:		S-1-5-18
	Account Name:		WS-4$
	Account Domain:		LAB
	Logon ID:		0x3E7

Process Information:
	Process ID:	0x3a04
	Process Name:	C:\Windows\System32\PING.EXE
	Exit Status:	0x0"
"2023-09-27T06:56:37.7346739+05:30","4688","Microsoft-Windows-Security-Auditing","A new process has been created.

Creator Subject:
	Security ID:		S-1-5-18
	Account Name:		WS-4$
	Account Domain:		LAB
	Logon ID:		0x3E7

Target Subject:
	Security ID:		S-1-0-0
	Account Name:		-
	Account Domain:		-
	Logon ID:		0x0

Process Information:
	New Process ID:		0x3a04
	New Process Name:	C:\Windows\System32\PING.EXE
	Token Elevation Type:	TokenElevationTypeDefault (1)
	Mandatory Label:		S-1-16-16384
	Creator Process ID:	0x2a34
	Creator Process Name:	C:\Windows\System32\cmd.exe
	Process Command Line:	

Token Elevation Type indicates the type of token that was assigned to the new process in accordance with User Account Control policy.

Type 1 is a full token with no privileges removed or groups disabled.  A full token is only used if User Account Control is disabled or if the user is the built-in Administrator account or a service account.

Type 2 is an elevated token with no privileges removed or groups disabled.  An elevated token is used when User Account Control is enabled and the user chooses to start the program using Run as administrator.  An elevated token is also used when an application is configured to always require administrative privilege or to always require maximum privilege, and the user is a member of the Administrators group.

Type 3 is a limited token with administrative privileges removed and administrative groups disabled.  The limited token is used when User Account Control is enabled, the application does not require administrative privilege, and the user does not choose to start the program using Run as administrator."
"2023-09-27T06:56:37.7319293+05:30","4689","Microsoft-Windows-Security-Auditing","A process has exited.

Subject:
	Security ID:		S-1-5-18
	Account Name:		WS-4$
	Account Domain:		LAB
	Logon ID:		0x3E7

Process Information:
	Process ID:	0x3668
	Process Name:	C:\Windows\System32\net.exe
	Exit Status:	0x2"
"2023-09-27T06:56:37.7302750+05:30","4689","Microsoft-Windows-Security-Auditing","A process has exited.

Subject:
	Security ID:		S-1-5-18
	Account Name:		WS-4$
	Account Domain:		LAB
	Logon ID:		0x3E7

Process Information:
	Process ID:	0x1bd4
	Process Name:	C:\Windows\System32\net1.exe
	Exit Status:	0x2"
"2023-09-27T06:56:37.7184009+05:30","4688","Microsoft-Windows-Security-Auditing","A new process has been created.

Creator Subject:
	Security ID:		S-1-5-18
	Account Name:		WS-4$
	Account Domain:		LAB
	Logon ID:		0x3E7

Target Subject:
	Security ID:		S-1-0-0
	Account Name:		-
	Account Domain:		-
	Logon ID:		0x0

Process Information:
	New Process ID:		0x1bd4
	New Process Name:	C:\Windows\System32\net1.exe
	Token Elevation Type:	TokenElevationTypeDefault (1)
	Mandatory Label:		S-1-16-16384
	Creator Process ID:	0x3668
	Creator Process Name:	C:\Windows\System32\net.exe
	Process Command Line:	

Token Elevation Type indicates the type of token that was assigned to the new process in accordance with User Account Control policy.

Type 1 is a full token with no privileges removed or groups disabled.  A full token is only used if User Account Control is disabled or if the user is the built-in Administrator account or a service account.

Type 2 is an elevated token with no privileges removed or groups disabled.  An elevated token is used when User Account Control is enabled and the user chooses to start the program using Run as administrator.  An elevated token is also used when an application is configured to always require administrative privilege or to always require maximum privilege, and the user is a member of the Administrators group.

Type 3 is a limited token with administrative privileges removed and administrative groups disabled.  The limited token is used when User Account Control is enabled, the application does not require administrative privilege, and the user does not choose to start the program using Run as administrator."
"2023-09-27T06:56:37.7058439+05:30","4688","Microsoft-Windows-Security-Auditing","A new process has been created.

Creator Subject:
	Security ID:		S-1-5-18
	Account Name:		WS-4$
	Account Domain:		LAB
	Logon ID:		0x3E7

Target Subject:
	Security ID:		S-1-0-0
	Account Name:		-
	Account Domain:		-
	Logon ID:		0x0

Process Information:
	New Process ID:		0x3668
	New Process Name:	C:\Windows\System32\net.exe
	Token Elevation Type:	TokenElevationTypeDefault (1)
	Mandatory Label:		S-1-16-16384
	Creator Process ID:	0x2a34
	Creator Process Name:	C:\Windows\System32\cmd.exe
	Process Command Line:	

Token Elevation Type indicates the type of token that was assigned to the new process in accordance with User Account Control policy.

Type 1 is a full token with no privileges removed or groups disabled.  A full token is only used if User Account Control is disabled or if the user is the built-in Administrator account or a service account.

Type 2 is an elevated token with no privileges removed or groups disabled.  An elevated token is used when User Account Control is enabled and the user chooses to start the program using Run as administrator.  An elevated token is also used when an application is configured to always require administrative privilege or to always require maximum privilege, and the user is a member of the Administrators group.

Type 3 is a limited token with administrative privileges removed and administrative groups disabled.  The limited token is used when User Account Control is enabled, the application does not require administrative privilege, and the user does not choose to start the program using Run as administrator."
"2023-09-27T06:56:37.7025440+05:30","4689","Microsoft-Windows-Security-Auditing","A process has exited.

Subject:
	Security ID:		S-1-5-18
	Account Name:		WS-4$
	Account Domain:		LAB
	Logon ID:		0x3E7

Process Information:
	Process ID:	0x4264
	Process Name:	C:\Windows\System32\PING.EXE
	Exit Status:	0x0"
"2023-09-27T06:56:34.6269395+05:30","4688","Microsoft-Windows-Security-Auditing","A new process has been created.

Creator Subject:
	Security ID:		S-1-5-18
	Account Name:		WS-4$
	Account Domain:		LAB
	Logon ID:		0x3E7

Target Subject:
	Security ID:		S-1-0-0
	Account Name:		-
	Account Domain:		-
	Logon ID:		0x0

Process Information:
	New Process ID:		0x4264
	New Process Name:	C:\Windows\System32\PING.EXE
	Token Elevation Type:	TokenElevationTypeDefault (1)
	Mandatory Label:		S-1-16-16384
	Creator Process ID:	0x2a34
	Creator Process Name:	C:\Windows\System32\cmd.exe
	Process Command Line:	

Token Elevation Type indicates the type of token that was assigned to the new process in accordance with User Account Control policy.

Type 1 is a full token with no privileges removed or groups disabled.  A full token is only used if User Account Control is disabled or if the user is the built-in Administrator account or a service account.

Type 2 is an elevated token with no privileges removed or groups disabled.  An elevated token is used when User Account Control is enabled and the user chooses to start the program using Run as administrator.  An elevated token is also used when an application is configured to always require administrative privilege or to always require maximum privilege, and the user is a member of the Administrators group.

Type 3 is a limited token with administrative privileges removed and administrative groups disabled.  The limited token is used when User Account Control is enabled, the application does not require administrative privilege, and the user does not choose to start the program using Run as administrator."
"2023-09-27T06:56:34.6238021+05:30","4689","Microsoft-Windows-Security-Auditing","A process has exited.

Subject:
	Security ID:		S-1-5-18
	Account Name:		WS-4$
	Account Domain:		LAB
	Logon ID:		0x3E7

Process Information:
	Process ID:	0x3eec
	Process Name:	C:\Windows\System32\PING.EXE
	Exit Status:	0x0"
"2023-09-27T06:56:31.5568341+05:30","4688","Microsoft-Windows-Security-Auditing","A new process has been created.

Creator Subject:
	Security ID:		S-1-5-18
	Account Name:		WS-4$
	Account Domain:		LAB
	Logon ID:		0x3E7

Target Subject:
	Security ID:		S-1-0-0
	Account Name:		-
	Account Domain:		-
	Logon ID:		0x0

Process Information:
	New Process ID:		0x3844
	New Process Name:	C:\Windows\LTSvc\LTSVC.exe
	Token Elevation Type:	TokenElevationTypeDefault (1)
	Mandatory Label:		S-1-16-16384
	Creator Process ID:	0x2e4
	Creator Process Name:	C:\Windows\System32\services.exe
	Process Command Line:	

Token Elevation Type indicates the type of token that was assigned to the new process in accordance with User Account Control policy.

Type 1 is a full token with no privileges removed or groups disabled.  A full token is only used if User Account Control is disabled or if the user is the built-in Administrator account or a service account.

Type 2 is an elevated token with no privileges removed or groups disabled.  An elevated token is used when User Account Control is enabled and the user chooses to start the program using Run as administrator.  An elevated token is also used when an application is configured to always require administrative privilege or to always require maximum privilege, and the user is a member of the Administrators group.

Type 3 is a limited token with administrative privileges removed and administrative groups disabled.  The limited token is used when User Account Control is enabled, the application does not require administrative privilege, and the user does not choose to start the program using Run as administrator."
"2023-09-27T06:56:31.5550833+05:30","4688","Microsoft-Windows-Security-Auditing","A new process has been created.

Creator Subject:
	Security ID:		S-1-5-18
	Account Name:		WS-4$
	Account Domain:		LAB
	Logon ID:		0x3E7

Target Subject:
	Security ID:		S-1-0-0
	Account Name:		-
	Account Domain:		-
	Logon ID:		0x0

Process Information:
	New Process ID:		0x3eec
	New Process Name:	C:\Windows\System32\PING.EXE
	Token Elevation Type:	TokenElevationTypeDefault (1)
	Mandatory Label:		S-1-16-16384
	Creator Process ID:	0x2a34
	Creator Process Name:	C:\Windows\System32\cmd.exe
	Process Command Line:	

Token Elevation Type indicates the type of token that was assigned to the new process in accordance with User Account Control policy.

Type 1 is a full token with no privileges removed or groups disabled.  A full token is only used if User Account Control is disabled or if the user is the built-in Administrator account or a service account.

Type 2 is an elevated token with no privileges removed or groups disabled.  An elevated token is used when User Account Control is enabled and the user chooses to start the program using Run as administrator.  An elevated token is also used when an application is configured to always require administrative privilege or to always require maximum privilege, and the user is a member of the Administrators group.

Type 3 is a limited token with administrative privileges removed and administrative groups disabled.  The limited token is used when User Account Control is enabled, the application does not require administrative privilege, and the user does not choose to start the program using Run as administrator."
"2023-09-27T06:56:31.5350862+05:30","4689","Microsoft-Windows-Security-Auditing","A process has exited.

Subject:
	Security ID:		S-1-5-18
	Account Name:		WS-4$
	Account Domain:		LAB
	Logon ID:		0x3E7

Process Information:
	Process ID:	0x37bc
	Process Name:	C:\Windows\LTSvc\LTSVC.exe
	Exit Status:	0x0"
