"2026-04-21T06:28:28.5506596+05:30","11","File created:
RuleName: -
UtcTime: 2026-04-21 00:58:28.550
ProcessGuid: {a65b9ff6-c0b8-69e6-fd00-000000001b00}
ProcessId: 12856
Image: C:\WINDOWS\Explorer.EXE
TargetFilename: C:\Users\rohin\Desktop\CDOT\Log-Anamoly-Detection\scripts\attack_files\attack_file_007.txt
CreationUtcTime: 2026-04-21 00:58:28.550
User: LAPTOP-I8K1DAMV\rohin"
"2026-04-21T06:28:28.5450036+05:30","11","File created:
RuleName: -
UtcTime: 2026-04-21 00:58:28.529
ProcessGuid: {a65b9ff6-c0b8-69e6-fd00-000000001b00}
ProcessId: 12856
Image: C:\WINDOWS\Explorer.EXE
TargetFilename: C:\Users\rohin\Desktop\CDOT\Log-Anamoly-Detection\scripts\attack_files\attack_file_006.txt
CreationUtcTime: 2026-04-21 00:58:28.529
User: LAPTOP-I8K1DAMV\rohin"
"2026-04-21T06:28:28.5398013+05:30","11","File created:
RuleName: -
UtcTime: 2026-04-21 00:58:28.529
ProcessGuid: {a65b9ff6-c0b8-69e6-fd00-000000001b00}
ProcessId: 12856
Image: C:\WINDOWS\Explorer.EXE
TargetFilename: C:\Users\rohin\Desktop\CDOT\Log-Anamoly-Detection\scripts\attack_files\attack_file_005.txt
CreationUtcTime: 2026-04-21 00:58:28.529
User: LAPTOP-I8K1DAMV\rohin"
"2026-04-21T06:28:28.5344589+05:30","11","File created:
RuleName: -
UtcTime: 2026-04-21 00:58:28.529
ProcessGuid: {a65b9ff6-c0b8-69e6-fd00-000000001b00}
ProcessId: 12856
Image: C:\WINDOWS\Explorer.EXE
TargetFilename: C:\Users\rohin\Desktop\CDOT\Log-Anamoly-Detection\scripts\attack_files\attack_file_004.txt
CreationUtcTime: 2026-04-21 00:58:28.529
User: LAPTOP-I8K1DAMV\rohin"
"2026-04-21T06:28:28.5290500+05:30","11","File created:
RuleName: -
UtcTime: 2026-04-21 00:58:28.528
ProcessGuid: {a65b9ff6-c0b8-69e6-fd00-000000001b00}
ProcessId: 12856
Image: C:\WINDOWS\Explorer.EXE
TargetFilename: C:\Users\rohin\Desktop\CDOT\Log-Anamoly-Detection\scripts\attack_files\attack_file_003.txt
CreationUtcTime: 2026-04-21 00:58:28.513
User: LAPTOP-I8K1DAMV\rohin"
"2026-04-21T06:28:28.5241039+05:30","11","File created:
RuleName: -
UtcTime: 2026-04-21 00:58:28.513
ProcessGuid: {a65b9ff6-c0b8-69e6-fd00-000000001b00}
ProcessId: 12856
Image: C:\WINDOWS\Explorer.EXE
TargetFilename: C:\Users\rohin\Desktop\CDOT\Log-Anamoly-Detection\scripts\attack_files\attack_file_002.txt
CreationUtcTime: 2026-04-21 00:58:28.513
User: LAPTOP-I8K1DAMV\rohin"
"2026-04-21T06:28:28.5186137+05:30","11","File created:
RuleName: -
UtcTime: 2026-04-21 00:58:28.513
ProcessGuid: {a65b9ff6-c0b8-69e6-fd00-000000001b00}
ProcessId: 12856
Image: C:\WINDOWS\Explorer.EXE
TargetFilename: C:\Users\rohin\Desktop\CDOT\Log-Anamoly-Detection\scripts\attack_files\attack_file_001.txt
CreationUtcTime: 2026-04-21 00:58:28.513
User: LAPTOP-I8K1DAMV\rohin"
"2026-04-21T06:28:28.5131551+05:30","11","File created:
RuleName: -
UtcTime: 2026-04-21 00:58:28.503
ProcessGuid: {a65b9ff6-c0b8-69e6-fd00-000000001b00}
ProcessId: 12856
Image: C:\WINDOWS\Explorer.EXE
TargetFilename: C:\Users\rohin\Desktop\CDOT\Log-Anamoly-Detection\scripts\attack_files\attack_file_000.txt
CreationUtcTime: 2026-04-21 00:58:28.503
User: LAPTOP-I8K1DAMV\rohin"
"2026-04-21T06:28:28.5070404+05:30","11","File created:
RuleName: -
UtcTime: 2026-04-21 00:58:28.503
ProcessGuid: {a65b9ff6-c0b8-69e6-fd00-000000001b00}
ProcessId: 12856
Image: C:\WINDOWS\Explorer.EXE
TargetFilename: C:\Users\rohin\Desktop\CDOT\Log-Anamoly-Detection\scripts\attack_files
CreationUtcTime: 2026-04-21 00:58:28.503
User: LAPTOP-I8K1DAMV\rohin"
"2026-04-21T06:28:28.3351845+05:30","11","File created:
RuleName: -
UtcTime: 2026-04-21 00:58:28.328
ProcessGuid: {a65b9ff6-c0b8-69e6-fd00-000000001b00}
ProcessId: 12856
Image: C:\WINDOWS\Explorer.EXE
TargetFilename: C:\Users\rohin\Desktop\CDOT\Log-Anamoly-Detection\attack_files\malicious_file_9.txt
CreationUtcTime: 2026-04-21 00:58:28.328
User: LAPTOP-I8K1DAMV\rohin"
"2026-04-21T06:28:28.3304592+05:30","11","File created:
RuleName: -
UtcTime: 2026-04-21 00:58:28.328
ProcessGuid: {a65b9ff6-c0b8-69e6-fd00-000000001b00}
ProcessId: 12856
Image: C:\WINDOWS\Explorer.EXE
TargetFilename: C:\Users\rohin\Desktop\CDOT\Log-Anamoly-Detection\attack_files\malicious_file_8.txt
CreationUtcTime: 2026-04-21 00:58:28.328
User: LAPTOP-I8K1DAMV\rohin"
"2026-04-21T06:28:28.3255118+05:30","11","File created:
RuleName: -
UtcTime: 2026-04-21 00:58:28.322
ProcessGuid: {a65b9ff6-c0b8-69e6-fd00-000000001b00}
ProcessId: 12856
Image: C:\WINDOWS\Explorer.EXE
TargetFilename: C:\Users\rohin\Desktop\CDOT\Log-Anamoly-Detection\attack_files\malicious_file_7.txt
CreationUtcTime: 2026-04-21 00:58:28.322
User: LAPTOP-I8K1DAMV\rohin"
"2026-04-21T06:28:28.3212678+05:30","11","File created:
RuleName: -
UtcTime: 2026-04-21 00:58:28.318
ProcessGuid: {a65b9ff6-c0b8-69e6-fd00-000000001b00}
ProcessId: 12856
Image: C:\WINDOWS\Explorer.EXE
TargetFilename: C:\Users\rohin\Desktop\CDOT\Log-Anamoly-Detection\attack_files\malicious_file_6.txt
CreationUtcTime: 2026-04-21 00:58:28.318
User: LAPTOP-I8K1DAMV\rohin"
"2026-04-21T06:28:28.3162903+05:30","11","File created:
RuleName: -
UtcTime: 2026-04-21 00:58:28.313
ProcessGuid: {a65b9ff6-c0b8-69e6-fd00-000000001b00}
ProcessId: 12856
Image: C:\WINDOWS\Explorer.EXE
TargetFilename: C:\Users\rohin\Desktop\CDOT\Log-Anamoly-Detection\attack_files\malicious_file_5.txt
CreationUtcTime: 2026-04-21 00:58:28.313
User: LAPTOP-I8K1DAMV\rohin"
"2026-04-21T06:28:28.3109552+05:30","11","File created:
RuleName: -
UtcTime: 2026-04-21 00:58:28.310
ProcessGuid: {a65b9ff6-c0b8-69e6-fd00-000000001b00}
ProcessId: 12856
Image: C:\WINDOWS\Explorer.EXE
TargetFilename: C:\Users\rohin\Desktop\CDOT\Log-Anamoly-Detection\attack_files\malicious_file_4.txt
CreationUtcTime: 2026-04-21 00:58:28.308
User: LAPTOP-I8K1DAMV\rohin"
"2026-04-21T06:28:28.3059348+05:30","11","File created:
RuleName: -
UtcTime: 2026-04-21 00:58:28.301
ProcessGuid: {a65b9ff6-c0b8-69e6-fd00-000000001b00}
ProcessId: 12856
Image: C:\WINDOWS\Explorer.EXE
TargetFilename: C:\Users\rohin\Desktop\CDOT\Log-Anamoly-Detection\attack_files\malicious_file_3.txt
CreationUtcTime: 2026-04-21 00:58:28.301
User: LAPTOP-I8K1DAMV\rohin"
"2026-04-21T06:28:28.3012149+05:30","11","File created:
RuleName: -
UtcTime: 2026-04-21 00:58:28.291
ProcessGuid: {a65b9ff6-c0b8-69e6-fd00-000000001b00}
ProcessId: 12856
Image: C:\WINDOWS\Explorer.EXE
TargetFilename: C:\Users\rohin\Desktop\CDOT\Log-Anamoly-Detection\attack_files\malicious_file_29.txt
CreationUtcTime: 2026-04-21 00:58:28.291
User: LAPTOP-I8K1DAMV\rohin"
"2026-04-21T06:28:28.2969524+05:30","11","File created:
RuleName: -
UtcTime: 2026-04-21 00:58:28.291
ProcessGuid: {a65b9ff6-c0b8-69e6-fd00-000000001b00}
ProcessId: 12856
Image: C:\WINDOWS\Explorer.EXE
TargetFilename: C:\Users\rohin\Desktop\CDOT\Log-Anamoly-Detection\attack_files\malicious_file_28.txt
CreationUtcTime: 2026-04-21 00:58:28.291
User: LAPTOP-I8K1DAMV\rohin"
"2026-04-21T06:28:28.2929185+05:30","11","File created:
RuleName: -
UtcTime: 2026-04-21 00:58:28.291
ProcessGuid: {a65b9ff6-c0b8-69e6-fd00-000000001b00}
ProcessId: 12856
Image: C:\WINDOWS\Explorer.EXE
TargetFilename: C:\Users\rohin\Desktop\CDOT\Log-Anamoly-Detection\attack_files\malicious_file_27.txt
CreationUtcTime: 2026-04-21 00:58:28.291
User: LAPTOP-I8K1DAMV\rohin"
"2026-04-21T06:28:28.2882695+05:30","11","File created:
RuleName: -
UtcTime: 2026-04-21 00:58:28.286
ProcessGuid: {a65b9ff6-c0b8-69e6-fd00-000000001b00}
ProcessId: 12856
Image: C:\WINDOWS\Explorer.EXE
TargetFilename: C:\Users\rohin\Desktop\CDOT\Log-Anamoly-Detection\attack_files\malicious_file_26.txt
CreationUtcTime: 2026-04-21 00:58:28.286
User: LAPTOP-I8K1DAMV\rohin"
"2026-04-21T06:28:28.2838694+05:30","11","File created:
RuleName: -
UtcTime: 2026-04-21 00:58:28.283
ProcessGuid: {a65b9ff6-c0b8-69e6-fd00-000000001b00}
ProcessId: 12856
Image: C:\WINDOWS\Explorer.EXE
TargetFilename: C:\Users\rohin\Desktop\CDOT\Log-Anamoly-Detection\attack_files\malicious_file_25.txt
CreationUtcTime: 2026-04-21 00:58:28.283
User: LAPTOP-I8K1DAMV\rohin"
"2026-04-21T06:28:28.2794053+05:30","11","File created:
RuleName: -
UtcTime: 2026-04-21 00:58:28.275
ProcessGuid: {a65b9ff6-c0b8-69e6-fd00-000000001b00}
ProcessId: 12856
Image: C:\WINDOWS\Explorer.EXE
TargetFilename: C:\Users\rohin\Desktop\CDOT\Log-Anamoly-Detection\attack_files\malicious_file_24.txt
CreationUtcTime: 2026-04-21 00:58:28.275
User: LAPTOP-I8K1DAMV\rohin"
"2026-04-21T06:28:28.2751864+05:30","11","File created:
RuleName: -
UtcTime: 2026-04-21 00:58:28.264
ProcessGuid: {a65b9ff6-c0b8-69e6-fd00-000000001b00}
ProcessId: 12856
Image: C:\WINDOWS\Explorer.EXE
TargetFilename: C:\Users\rohin\Desktop\CDOT\Log-Anamoly-Detection\attack_files\malicious_file_23.txt
CreationUtcTime: 2026-04-21 00:58:28.264
User: LAPTOP-I8K1DAMV\rohin"
"2026-04-21T06:28:28.2706690+05:30","11","File created:
RuleName: -
UtcTime: 2026-04-21 00:58:28.264
ProcessGuid: {a65b9ff6-c0b8-69e6-fd00-000000001b00}
ProcessId: 12856
Image: C:\WINDOWS\Explorer.EXE
TargetFilename: C:\Users\rohin\Desktop\CDOT\Log-Anamoly-Detection\attack_files\malicious_file_22.txt
CreationUtcTime: 2026-04-21 00:58:28.264
User: LAPTOP-I8K1DAMV\rohin"
"2026-04-21T06:28:28.2663344+05:30","11","File created:
RuleName: -
UtcTime: 2026-04-21 00:58:28.264
ProcessGuid: {a65b9ff6-c0b8-69e6-fd00-000000001b00}
ProcessId: 12856
Image: C:\WINDOWS\Explorer.EXE
TargetFilename: C:\Users\rohin\Desktop\CDOT\Log-Anamoly-Detection\attack_files\malicious_file_21.txt
CreationUtcTime: 2026-04-21 00:58:28.264
User: LAPTOP-I8K1DAMV\rohin"
"2026-04-21T06:28:28.2621240+05:30","11","File created:
RuleName: -
UtcTime: 2026-04-21 00:58:28.259
ProcessGuid: {a65b9ff6-c0b8-69e6-fd00-000000001b00}
ProcessId: 12856
Image: C:\WINDOWS\Explorer.EXE
TargetFilename: C:\Users\rohin\Desktop\CDOT\Log-Anamoly-Detection\attack_files\malicious_file_20.txt
CreationUtcTime: 2026-04-21 00:58:28.259
User: LAPTOP-I8K1DAMV\rohin"
"2026-04-21T06:28:28.2575944+05:30","11","File created:
RuleName: -
UtcTime: 2026-04-21 00:58:28.254
ProcessGuid: {a65b9ff6-c0b8-69e6-fd00-000000001b00}
ProcessId: 12856
Image: C:\WINDOWS\Explorer.EXE
TargetFilename: C:\Users\rohin\Desktop\CDOT\Log-Anamoly-Detection\attack_files\malicious_file_2.txt
CreationUtcTime: 2026-04-21 00:58:28.254
User: LAPTOP-I8K1DAMV\rohin"
"2026-04-21T06:28:28.2521941+05:30","11","File created:
RuleName: -
UtcTime: 2026-04-21 00:58:28.244
ProcessGuid: {a65b9ff6-c0b8-69e6-fd00-000000001b00}
ProcessId: 12856
Image: C:\WINDOWS\Explorer.EXE
TargetFilename: C:\Users\rohin\Desktop\CDOT\Log-Anamoly-Detection\attack_files\malicious_file_19.txt
CreationUtcTime: 2026-04-21 00:58:28.244
User: LAPTOP-I8K1DAMV\rohin"
"2026-04-21T06:28:28.2477670+05:30","11","File created:
RuleName: -
UtcTime: 2026-04-21 00:58:28.244
ProcessGuid: {a65b9ff6-c0b8-69e6-fd00-000000001b00}
ProcessId: 12856
Image: C:\WINDOWS\Explorer.EXE
TargetFilename: C:\Users\rohin\Desktop\CDOT\Log-Anamoly-Detection\attack_files\malicious_file_18.txt
CreationUtcTime: 2026-04-21 00:58:28.244
User: LAPTOP-I8K1DAMV\rohin"
"2026-04-21T06:28:28.2425545+05:30","11","File created:
RuleName: -
UtcTime: 2026-04-21 00:58:28.240
ProcessGuid: {a65b9ff6-c0b8-69e6-fd00-000000001b00}
ProcessId: 12856
Image: C:\WINDOWS\Explorer.EXE
TargetFilename: C:\Users\rohin\Desktop\CDOT\Log-Anamoly-Detection\attack_files\malicious_file_17.txt
CreationUtcTime: 2026-04-21 00:58:28.240
User: LAPTOP-I8K1DAMV\rohin"
"2026-04-21T06:28:28.2381621+05:30","11","File created:
RuleName: -
UtcTime: 2026-04-21 00:58:28.228
ProcessGuid: {a65b9ff6-c0b8-69e6-fd00-000000001b00}
ProcessId: 12856
Image: C:\WINDOWS\Explorer.EXE
TargetFilename: C:\Users\rohin\Desktop\CDOT\Log-Anamoly-Detection\attack_files\malicious_file_16.txt
CreationUtcTime: 2026-04-21 00:58:28.228
User: LAPTOP-I8K1DAMV\rohin"
"2026-04-21T06:28:28.2343097+05:30","11","File created:
RuleName: -
UtcTime: 2026-04-21 00:58:28.228
ProcessGuid: {a65b9ff6-c0b8-69e6-fd00-000000001b00}
ProcessId: 12856
Image: C:\WINDOWS\Explorer.EXE
TargetFilename: C:\Users\rohin\Desktop\CDOT\Log-Anamoly-Detection\attack_files\malicious_file_15.txt
CreationUtcTime: 2026-04-21 00:58:28.228
User: LAPTOP-I8K1DAMV\rohin"
"2026-04-21T06:28:28.2295116+05:30","11","File created:
RuleName: -
UtcTime: 2026-04-21 00:58:28.228
ProcessGuid: {a65b9ff6-c0b8-69e6-fd00-000000001b00}
ProcessId: 12856
Image: C:\WINDOWS\Explorer.EXE
TargetFilename: C:\Users\rohin\Desktop\CDOT\Log-Anamoly-Detection\attack_files\malicious_file_14.txt
CreationUtcTime: 2026-04-21 00:58:28.228
User: LAPTOP-I8K1DAMV\rohin"
"2026-04-21T06:28:28.2246975+05:30","11","File created:
RuleName: -
UtcTime: 2026-04-21 00:58:28.219
ProcessGuid: {a65b9ff6-c0b8-69e6-fd00-000000001b00}
ProcessId: 12856
Image: C:\WINDOWS\Explorer.EXE
TargetFilename: C:\Users\rohin\Desktop\CDOT\Log-Anamoly-Detection\attack_files\malicious_file_13.txt
CreationUtcTime: 2026-04-21 00:58:28.219
User: LAPTOP-I8K1DAMV\rohin"
"2026-04-21T06:28:28.2203661+05:30","11","File created:
RuleName: -
UtcTime: 2026-04-21 00:58:28.219
ProcessGuid: {a65b9ff6-c0b8-69e6-fd00-000000001b00}
ProcessId: 12856
Image: C:\WINDOWS\Explorer.EXE
TargetFilename: C:\Users\rohin\Desktop\CDOT\Log-Anamoly-Detection\attack_files\malicious_file_12.txt
CreationUtcTime: 2026-04-21 00:58:28.219
User: LAPTOP-I8K1DAMV\rohin"
"2026-04-21T06:28:28.2158976+05:30","11","File created:
RuleName: -
UtcTime: 2026-04-21 00:58:28.212
ProcessGuid: {a65b9ff6-c0b8-69e6-fd00-000000001b00}
ProcessId: 12856
Image: C:\WINDOWS\Explorer.EXE
TargetFilename: C:\Users\rohin\Desktop\CDOT\Log-Anamoly-Detection\attack_files\malicious_file_11.txt
CreationUtcTime: 2026-04-21 00:58:28.212
User: LAPTOP-I8K1DAMV\rohin"
"2026-04-21T06:28:28.2112735+05:30","11","File created:
RuleName: -
UtcTime: 2026-04-21 00:58:28.210
ProcessGuid: {a65b9ff6-c0b8-69e6-fd00-000000001b00}
ProcessId: 12856
Image: C:\WINDOWS\Explorer.EXE
TargetFilename: C:\Users\rohin\Desktop\CDOT\Log-Anamoly-Detection\attack_files\malicious_file_10.txt
CreationUtcTime: 2026-04-21 00:58:28.210
User: LAPTOP-I8K1DAMV\rohin"
"2026-04-21T06:28:28.2060815+05:30","11","File created:
RuleName: -
UtcTime: 2026-04-21 00:58:28.205
ProcessGuid: {a65b9ff6-c0b8-69e6-fd00-000000001b00}
ProcessId: 12856
Image: C:\WINDOWS\Explorer.EXE
TargetFilename: C:\Users\rohin\Desktop\CDOT\Log-Anamoly-Detection\attack_files\malicious_file_1.txt
CreationUtcTime: 2026-04-21 00:58:28.205
User: LAPTOP-I8K1DAMV\rohin"
"2026-04-21T06:28:28.2009738+05:30","11","File created:
RuleName: -
UtcTime: 2026-04-21 00:58:28.200
ProcessGuid: {a65b9ff6-c0b8-69e6-fd00-000000001b00}
ProcessId: 12856
Image: C:\WINDOWS\Explorer.EXE
TargetFilename: C:\Users\rohin\Desktop\CDOT\Log-Anamoly-Detection\attack_files\malicious_file_0.txt
CreationUtcTime: 2026-04-21 00:58:28.200
User: LAPTOP-I8K1DAMV\rohin"
"2026-04-21T06:28:28.1961657+05:30","11","File created:
RuleName: -
UtcTime: 2026-04-21 00:58:28.195
ProcessGuid: {a65b9ff6-c0b8-69e6-fd00-000000001b00}
ProcessId: 12856
Image: C:\WINDOWS\Explorer.EXE
TargetFilename: C:\Users\rohin\Desktop\CDOT\Log-Anamoly-Detection\attack_files\attack_file_029.txt
CreationUtcTime: 2026-04-21 00:58:28.195
User: LAPTOP-I8K1DAMV\rohin"
"2026-04-21T06:28:28.1910726+05:30","11","File created:
RuleName: -
UtcTime: 2026-04-21 00:58:28.190
ProcessGuid: {a65b9ff6-c0b8-69e6-fd00-000000001b00}
ProcessId: 12856
Image: C:\WINDOWS\Explorer.EXE
TargetFilename: C:\Users\rohin\Desktop\CDOT\Log-Anamoly-Detection\attack_files\attack_file_028.txt
CreationUtcTime: 2026-04-21 00:58:28.190
User: LAPTOP-I8K1DAMV\rohin"
"2026-04-21T06:28:28.1858397+05:30","11","File created:
RuleName: -
UtcTime: 2026-04-21 00:58:28.184
ProcessGuid: {a65b9ff6-c0b8-69e6-fd00-000000001b00}
ProcessId: 12856
Image: C:\WINDOWS\Explorer.EXE
TargetFilename: C:\Users\rohin\Desktop\CDOT\Log-Anamoly-Detection\attack_files\attack_file_027.txt
CreationUtcTime: 2026-04-21 00:58:28.184
User: LAPTOP-I8K1DAMV\rohin"
"2026-04-21T06:28:28.1808800+05:30","11","File created:
RuleName: -
UtcTime: 2026-04-21 00:58:28.178
ProcessGuid: {a65b9ff6-c0b8-69e6-fd00-000000001b00}
ProcessId: 12856
Image: C:\WINDOWS\Explorer.EXE
TargetFilename: C:\Users\rohin\Desktop\CDOT\Log-Anamoly-Detection\attack_files\attack_file_026.txt
CreationUtcTime: 2026-04-21 00:58:28.178
User: LAPTOP-I8K1DAMV\rohin"
"2026-04-21T06:28:28.1760777+05:30","11","File created:
RuleName: -
UtcTime: 2026-04-21 00:58:28.168
ProcessGuid: {a65b9ff6-c0b8-69e6-fd00-000000001b00}
ProcessId: 12856
Image: C:\WINDOWS\Explorer.EXE
TargetFilename: C:\Users\rohin\Desktop\CDOT\Log-Anamoly-Detection\attack_files\attack_file_025.txt
CreationUtcTime: 2026-04-21 00:58:28.168
User: LAPTOP-I8K1DAMV\rohin"
"2026-04-21T06:28:28.1716153+05:30","11","File created:
RuleName: -
UtcTime: 2026-04-21 00:58:28.168
ProcessGuid: {a65b9ff6-c0b8-69e6-fd00-000000001b00}
ProcessId: 12856
Image: C:\WINDOWS\Explorer.EXE
TargetFilename: C:\Users\rohin\Desktop\CDOT\Log-Anamoly-Detection\attack_files\attack_file_024.txt
CreationUtcTime: 2026-04-21 00:58:28.168
User: LAPTOP-I8K1DAMV\rohin"
"2026-04-21T06:28:28.1664746+05:30","11","File created:
RuleName: -
UtcTime: 2026-04-21 00:58:28.166
ProcessGuid: {a65b9ff6-c0b8-69e6-fd00-000000001b00}
ProcessId: 12856
Image: C:\WINDOWS\Explorer.EXE
TargetFilename: C:\Users\rohin\Desktop\CDOT\Log-Anamoly-Detection\attack_files\attack_file_023.txt
CreationUtcTime: 2026-04-21 00:58:28.165
User: LAPTOP-I8K1DAMV\rohin"
"2026-04-21T06:28:28.1616053+05:30","11","File created:
RuleName: -
UtcTime: 2026-04-21 00:58:28.160
ProcessGuid: {a65b9ff6-c0b8-69e6-fd00-000000001b00}
ProcessId: 12856
Image: C:\WINDOWS\Explorer.EXE
TargetFilename: C:\Users\rohin\Desktop\CDOT\Log-Anamoly-Detection\attack_files\attack_file_022.txt
CreationUtcTime: 2026-04-21 00:58:28.160
User: LAPTOP-I8K1DAMV\rohin"
"2026-04-21T06:28:28.1567144+05:30","11","File created:
RuleName: -
UtcTime: 2026-04-21 00:58:28.155
ProcessGuid: {a65b9ff6-c0b8-69e6-fd00-000000001b00}
ProcessId: 12856
Image: C:\WINDOWS\Explorer.EXE
TargetFilename: C:\Users\rohin\Desktop\CDOT\Log-Anamoly-Detection\attack_files\attack_file_021.txt
CreationUtcTime: 2026-04-21 00:58:28.155
User: LAPTOP-I8K1DAMV\rohin"
"2026-04-21T06:28:28.1519163+05:30","11","File created:
RuleName: -
UtcTime: 2026-04-21 00:58:28.150
ProcessGuid: {a65b9ff6-c0b8-69e6-fd00-000000001b00}
ProcessId: 12856
Image: C:\WINDOWS\Explorer.EXE
TargetFilename: C:\Users\rohin\Desktop\CDOT\Log-Anamoly-Detection\attack_files\attack_file_020.txt
CreationUtcTime: 2026-04-21 00:58:28.150
User: LAPTOP-I8K1DAMV\rohin"
"2026-04-21T06:28:28.1466099+05:30","11","File created:
RuleName: -
UtcTime: 2026-04-21 00:58:28.145
ProcessGuid: {a65b9ff6-c0b8-69e6-fd00-000000001b00}
ProcessId: 12856
Image: C:\WINDOWS\Explorer.EXE
TargetFilename: C:\Users\rohin\Desktop\CDOT\Log-Anamoly-Detection\attack_files\attack_file_019.txt
CreationUtcTime: 2026-04-21 00:58:28.145
User: LAPTOP-I8K1DAMV\rohin"
"2026-04-21T06:28:28.1411870+05:30","11","File created:
RuleName: -
UtcTime: 2026-04-21 00:58:28.140
ProcessGuid: {a65b9ff6-c0b8-69e6-fd00-000000001b00}
ProcessId: 12856
Image: C:\WINDOWS\Explorer.EXE
TargetFilename: C:\Users\rohin\Desktop\CDOT\Log-Anamoly-Detection\attack_files\attack_file_018.txt
CreationUtcTime: 2026-04-21 00:58:28.139
User: LAPTOP-I8K1DAMV\rohin"
"2026-04-21T06:28:28.1367503+05:30","11","File created:
RuleName: -
UtcTime: 2026-04-21 00:58:28.135
ProcessGuid: {a65b9ff6-c0b8-69e6-fd00-000000001b00}
ProcessId: 12856
Image: C:\WINDOWS\Explorer.EXE
TargetFilename: C:\Users\rohin\Desktop\CDOT\Log-Anamoly-Detection\attack_files\attack_file_017.txt
CreationUtcTime: 2026-04-21 00:58:28.135
User: LAPTOP-I8K1DAMV\rohin"
"2026-04-21T06:28:28.1319950+05:30","11","File created:
RuleName: -
UtcTime: 2026-04-21 00:58:28.130
ProcessGuid: {a65b9ff6-c0b8-69e6-fd00-000000001b00}
ProcessId: 12856
Image: C:\WINDOWS\Explorer.EXE
TargetFilename: C:\Users\rohin\Desktop\CDOT\Log-Anamoly-Detection\attack_files\attack_file_016.txt
CreationUtcTime: 2026-04-21 00:58:28.130
User: LAPTOP-I8K1DAMV\rohin"
"2026-04-21T06:28:28.1262129+05:30","11","File created:
RuleName: -
UtcTime: 2026-04-21 00:58:28.125
ProcessGuid: {a65b9ff6-c0b8-69e6-fd00-000000001b00}
ProcessId: 12856
Image: C:\WINDOWS\Explorer.EXE
TargetFilename: C:\Users\rohin\Desktop\CDOT\Log-Anamoly-Detection\attack_files\attack_file_015.txt
CreationUtcTime: 2026-04-21 00:58:28.124
User: LAPTOP-I8K1DAMV\rohin"
"2026-04-21T06:28:28.1215444+05:30","11","File created:
RuleName: -
UtcTime: 2026-04-21 00:58:28.120
ProcessGuid: {a65b9ff6-c0b8-69e6-fd00-000000001b00}
ProcessId: 12856
Image: C:\WINDOWS\Explorer.EXE
TargetFilename: C:\Users\rohin\Desktop\CDOT\Log-Anamoly-Detection\attack_files\attack_file_014.txt
CreationUtcTime: 2026-04-21 00:58:28.120
User: LAPTOP-I8K1DAMV\rohin"
"2026-04-21T06:28:28.1164538+05:30","11","File created:
RuleName: -
UtcTime: 2026-04-21 00:58:28.115
ProcessGuid: {a65b9ff6-c0b8-69e6-fd00-000000001b00}
ProcessId: 12856
Image: C:\WINDOWS\Explorer.EXE
TargetFilename: C:\Users\rohin\Desktop\CDOT\Log-Anamoly-Detection\attack_files\attack_file_013.txt
CreationUtcTime: 2026-04-21 00:58:28.115
User: LAPTOP-I8K1DAMV\rohin"
"2026-04-21T06:28:28.1107274+05:30","11","File created:
RuleName: -
UtcTime: 2026-04-21 00:58:28.109
ProcessGuid: {a65b9ff6-c0b8-69e6-fd00-000000001b00}
ProcessId: 12856
Image: C:\WINDOWS\Explorer.EXE
TargetFilename: C:\Users\rohin\Desktop\CDOT\Log-Anamoly-Detection\attack_files\attack_file_012.txt
CreationUtcTime: 2026-04-21 00:58:28.109
User: LAPTOP-I8K1DAMV\rohin"
"2026-04-21T06:28:28.1056838+05:30","11","File created:
RuleName: -
UtcTime: 2026-04-21 00:58:28.105
ProcessGuid: {a65b9ff6-c0b8-69e6-fd00-000000001b00}
ProcessId: 12856
Image: C:\WINDOWS\Explorer.EXE
TargetFilename: C:\Users\rohin\Desktop\CDOT\Log-Anamoly-Detection\attack_files\attack_file_011.txt
CreationUtcTime: 2026-04-21 00:58:28.104
User: LAPTOP-I8K1DAMV\rohin"
"2026-04-21T06:28:28.1012595+05:30","11","File created:
RuleName: -
UtcTime: 2026-04-21 00:58:28.100
ProcessGuid: {a65b9ff6-c0b8-69e6-fd00-000000001b00}
ProcessId: 12856
Image: C:\WINDOWS\Explorer.EXE
TargetFilename: C:\Users\rohin\Desktop\CDOT\Log-Anamoly-Detection\attack_files\attack_file_010.txt
CreationUtcTime: 2026-04-21 00:58:28.100
User: LAPTOP-I8K1DAMV\rohin"
"2026-04-21T06:28:28.0963386+05:30","11","File created:
RuleName: -
UtcTime: 2026-04-21 00:58:28.095
ProcessGuid: {a65b9ff6-c0b8-69e6-fd00-000000001b00}
ProcessId: 12856
Image: C:\WINDOWS\Explorer.EXE
TargetFilename: C:\Users\rohin\Desktop\CDOT\Log-Anamoly-Detection\attack_files\attack_file_009.txt
CreationUtcTime: 2026-04-21 00:58:28.095
User: LAPTOP-I8K1DAMV\rohin"
"2026-04-21T06:28:28.0915971+05:30","11","File created:
RuleName: -
UtcTime: 2026-04-21 00:58:28.091
ProcessGuid: {a65b9ff6-c0b8-69e6-fd00-000000001b00}
ProcessId: 12856
Image: C:\WINDOWS\Explorer.EXE
TargetFilename: C:\Users\rohin\Desktop\CDOT\Log-Anamoly-Detection\attack_files\attack_file_008.txt
CreationUtcTime: 2026-04-21 00:58:28.090
User: LAPTOP-I8K1DAMV\rohin"
"2026-04-21T06:28:28.0871869+05:30","11","File created:
RuleName: -
UtcTime: 2026-04-21 00:58:28.086
ProcessGuid: {a65b9ff6-c0b8-69e6-fd00-000000001b00}
ProcessId: 12856
Image: C:\WINDOWS\Explorer.EXE
TargetFilename: C:\Users\rohin\Desktop\CDOT\Log-Anamoly-Detection\attack_files\attack_file_007.txt
CreationUtcTime: 2026-04-21 00:58:28.085
User: LAPTOP-I8K1DAMV\rohin"
"2026-04-21T06:28:28.0826089+05:30","11","File created:
RuleName: -
UtcTime: 2026-04-21 00:58:28.081
ProcessGuid: {a65b9ff6-c0b8-69e6-fd00-000000001b00}
ProcessId: 12856
Image: C:\WINDOWS\Explorer.EXE
TargetFilename: C:\Users\rohin\Desktop\CDOT\Log-Anamoly-Detection\attack_files\attack_file_006.txt
CreationUtcTime: 2026-04-21 00:58:28.081
User: LAPTOP-I8K1DAMV\rohin"
"2026-04-21T06:28:28.0770444+05:30","11","File created:
RuleName: -
UtcTime: 2026-04-21 00:58:28.076
ProcessGuid: {a65b9ff6-c0b8-69e6-fd00-000000001b00}
ProcessId: 12856
Image: C:\WINDOWS\Explorer.EXE
TargetFilename: C:\Users\rohin\Desktop\CDOT\Log-Anamoly-Detection\attack_files\attack_file_005.txt
CreationUtcTime: 2026-04-21 00:58:28.075
User: LAPTOP-I8K1DAMV\rohin"
"2026-04-21T06:28:28.0722332+05:30","11","File created:
RuleName: -
UtcTime: 2026-04-21 00:58:28.071
ProcessGuid: {a65b9ff6-c0b8-69e6-fd00-000000001b00}
ProcessId: 12856
Image: C:\WINDOWS\Explorer.EXE
TargetFilename: C:\Users\rohin\Desktop\CDOT\Log-Anamoly-Detection\attack_files\attack_file_004.txt
CreationUtcTime: 2026-04-21 00:58:28.071
User: LAPTOP-I8K1DAMV\rohin"
"2026-04-21T06:28:28.0666957+05:30","11","File created:
RuleName: -
UtcTime: 2026-04-21 00:58:28.066
ProcessGuid: {a65b9ff6-c0b8-69e6-fd00-000000001b00}
ProcessId: 12856
Image: C:\WINDOWS\Explorer.EXE
TargetFilename: C:\Users\rohin\Desktop\CDOT\Log-Anamoly-Detection\attack_files\attack_file_003.txt
CreationUtcTime: 2026-04-21 00:58:28.066
User: LAPTOP-I8K1DAMV\rohin"
"2026-04-21T06:28:28.0612050+05:30","11","File created:
RuleName: -
UtcTime: 2026-04-21 00:58:28.060
ProcessGuid: {a65b9ff6-c0b8-69e6-fd00-000000001b00}
ProcessId: 12856
Image: C:\WINDOWS\Explorer.EXE
TargetFilename: C:\Users\rohin\Desktop\CDOT\Log-Anamoly-Detection\attack_files\attack_file_002.txt
CreationUtcTime: 2026-04-21 00:58:28.060
User: LAPTOP-I8K1DAMV\rohin"
"2026-04-21T06:28:28.0565622+05:30","11","File created:
RuleName: -
UtcTime: 2026-04-21 00:58:28.056
ProcessGuid: {a65b9ff6-c0b8-69e6-fd00-000000001b00}
ProcessId: 12856
Image: C:\WINDOWS\Explorer.EXE
TargetFilename: C:\Users\rohin\Desktop\CDOT\Log-Anamoly-Detection\attack_files\attack_file_001.txt
CreationUtcTime: 2026-04-21 00:58:28.055
User: LAPTOP-I8K1DAMV\rohin"
"2026-04-21T06:28:28.0511599+05:30","11","File created:
RuleName: -
UtcTime: 2026-04-21 00:58:28.050
ProcessGuid: {a65b9ff6-c0b8-69e6-fd00-000000001b00}
ProcessId: 12856
Image: C:\WINDOWS\Explorer.EXE
TargetFilename: C:\Users\rohin\Desktop\CDOT\Log-Anamoly-Detection\attack_files\attack_file_000.txt
CreationUtcTime: 2026-04-21 00:58:28.050
User: LAPTOP-I8K1DAMV\rohin"
"2026-04-21T06:28:28.0441075+05:30","11","File created:
RuleName: -
UtcTime: 2026-04-21 00:58:28.043
ProcessGuid: {a65b9ff6-c0b8-69e6-fd00-000000001b00}
ProcessId: 12856
Image: C:\WINDOWS\Explorer.EXE
TargetFilename: C:\Users\rohin\Desktop\CDOT\Log-Anamoly-Detection\attack_files
CreationUtcTime: 2026-04-21 00:58:28.041
User: LAPTOP-I8K1DAMV\rohin"
"2026-04-21T06:28:24.5246637+05:30","5","Process terminated:
RuleName: -
UtcTime: 2026-04-21 00:58:24.524
ProcessGuid: {a65b9ff6-ca28-69e6-d106-000000001b00}
ProcessId: 27500
Image: C:\Windows\System32\smartscreen.exe
User: LAPTOP-I8K1DAMV\rohin"
"2026-04-21T06:28:12.8691699+05:30","5","Process terminated:
RuleName: -
UtcTime: 2026-04-21 00:58:12.868
ProcessGuid: {a65b9ff6-cba4-69e6-fd08-000000001b00}
ProcessId: 20880
Image: C:\Windows\System32\chcp.com
User: LAPTOP-I8K1DAMV\rohin"
"2026-04-21T06:28:12.8335530+05:30","5","Process terminated:
RuleName: -
UtcTime: 2026-04-21 00:58:12.833
ProcessGuid: {a65b9ff6-cba4-69e6-fc08-000000001b00}
ProcessId: 4660
Image: C:\Windows\System32\chcp.com
User: LAPTOP-I8K1DAMV\rohin"
"2026-04-21T06:28:12.8118963+05:30","5","Process terminated:
RuleName: -
UtcTime: 2026-04-21 00:58:12.807
ProcessGuid: {a65b9ff6-cba4-69e6-fa08-000000001b00}
ProcessId: 18412
Image: C:\Windows\System32\cmd.exe
User: LAPTOP-I8K1DAMV\rohin"
"2026-04-21T06:28:12.8060203+05:30","5","Process terminated:
RuleName: -
UtcTime: 2026-04-21 00:58:12.805
ProcessGuid: {a65b9ff6-cba4-69e6-fb08-000000001b00}
ProcessId: 18484
Image: C:\Windows\System32\chcp.com
User: LAPTOP-I8K1DAMV\rohin"
"2026-04-21T06:28:12.5838285+05:30","5","Process terminated:
RuleName: -
UtcTime: 2026-04-21 00:58:12.583
ProcessGuid: {a65b9ff6-cba4-69e6-f608-000000001b00}
ProcessId: 17328
Image: C:\Windows\System32\conhost.exe
User: LAPTOP-I8K1DAMV\rohin"
"2026-04-21T06:28:12.5795705+05:30","5","Process terminated:
RuleName: -
UtcTime: 2026-04-21 00:58:12.579
ProcessGuid: {a65b9ff6-cba4-69e6-f508-000000001b00}
ProcessId: 19108
Image: C:\Windows\System32\cmd.exe
User: LAPTOP-I8K1DAMV\rohin"
"2026-04-21T06:28:12.5718096+05:30","5","Process terminated:
RuleName: -
UtcTime: 2026-04-21 00:58:12.571
ProcessGuid: {a65b9ff6-cba4-69e6-f708-000000001b00}
ProcessId: 27276
Image: C:\Windows\System32\wsl.exe
User: LAPTOP-I8K1DAMV\rohin"
"2026-04-21T06:28:12.5638917+05:30","5","Process terminated:
RuleName: -
UtcTime: 2026-04-21 00:58:12.563
ProcessGuid: {a65b9ff6-cba4-69e6-f808-000000001b00}
ProcessId: 22448
Image: C:\Program Files\WSL\wsl.exe
User: LAPTOP-I8K1DAMV\rohin"
"2026-04-21T06:28:07.1597639+05:30","5","Process terminated:
RuleName: -
UtcTime: 2026-04-21 00:58:07.159
ProcessGuid: {a65b9ff6-cb9e-69e6-f008-000000001b00}
ProcessId: 10280
Image: C:\Windows\System32\conhost.exe
User: LAPTOP-I8K1DAMV\rohin"
"2026-04-21T06:28:07.1549192+05:30","5","Process terminated:
RuleName: -
UtcTime: 2026-04-21 00:58:07.154
ProcessGuid: {a65b9ff6-cb9e-69e6-ee08-000000001b00}
ProcessId: 18364
Image: C:\Windows\System32\cmd.exe
User: LAPTOP-I8K1DAMV\rohin"
"2026-04-21T06:28:07.1487037+05:30","5","Process terminated:
RuleName: -
UtcTime: 2026-04-21 00:58:07.148
ProcessGuid: {a65b9ff6-cb9f-69e6-f108-000000001b00}
ProcessId: 24364
Image: C:\Windows\System32\wsl.exe
User: LAPTOP-I8K1DAMV\rohin"
"2026-04-21T06:28:07.1423779+05:30","5","Process terminated:
RuleName: -
UtcTime: 2026-04-21 00:58:07.142
ProcessGuid: {a65b9ff6-cb9f-69e6-f208-000000001b00}
ProcessId: 15828
Image: C:\Program Files\WSL\wsl.exe
User: LAPTOP-I8K1DAMV\rohin"
"2026-04-21T06:27:52.6503950+05:30","5","Process terminated:
RuleName: -
UtcTime: 2026-04-21 00:57:52.649
ProcessGuid: {a65b9ff6-ca4e-69e6-8c07-000000001b00}
ProcessId: 9724
Image: C:\Windows\System32\svchost.exe
User: NT AUTHORITY\SYSTEM"
"2026-04-21T06:27:44.6948520+05:30","5","Process terminated:
RuleName: -
UtcTime: 2026-04-21 00:57:44.694
ProcessGuid: {a65b9ff6-cb83-69e6-ed08-000000001b00}
ProcessId: 23700
Image: C:\Windows\System32\dllhost.exe
User: LAPTOP-I8K1DAMV\rohin"
"2026-04-21T06:27:38.9426368+05:30","5","Process terminated:
RuleName: -
UtcTime: 2026-04-21 00:57:38.941
ProcessGuid: {a65b9ff6-cb82-69e6-eb08-000000001b00}
ProcessId: 11736
Image: C:\Windows\System32\conhost.exe
User: LAPTOP-I8K1DAMV\rohin"
"2026-04-21T06:27:38.9402982+05:30","5","Process terminated:
RuleName: -
UtcTime: 2026-04-21 00:57:38.939
ProcessGuid: {a65b9ff6-cb82-69e6-ea08-000000001b00}
ProcessId: 5732
Image: C:\Program Files\Git\cmd\git.exe
User: LAPTOP-I8K1DAMV\rohin"
"2026-04-21T06:27:38.9364841+05:30","5","Process terminated:
RuleName: -
UtcTime: 2026-04-21 00:57:38.935
ProcessGuid: {a65b9ff6-cb82-69e6-ec08-000000001b00}
ProcessId: 5292
Image: C:\Program Files\Git\mingw64\bin\git.exe
User: LAPTOP-I8K1DAMV\rohin"
"2026-04-21T06:27:37.5910282+05:30","5","Process terminated:
RuleName: -
UtcTime: 2026-04-21 00:57:37.577
ProcessGuid: {a65b9ff6-cb24-69e6-da08-000000001b00}
ProcessId: 2744
Image: C:\Windows\System32\svchost.exe
User: NT AUTHORITY\SYSTEM"
"2026-04-21T06:27:36.3517412+05:30","5","Process terminated:
RuleName: -
UtcTime: 2026-04-21 00:57:36.351
ProcessGuid: {a65b9ff6-cb79-69e6-e708-000000001b00}
ProcessId: 18368
Image: C:\Program Files\Google\Chrome\Application\chrome.exe
User: LAPTOP-I8K1DAMV\rohin"
"2026-04-21T06:27:31.8889908+05:30","5","Process terminated:
RuleName: -
UtcTime: 2026-04-21 00:57:31.888
ProcessGuid: {a65b9ff6-ca4f-69e6-8d07-000000001b00}
ProcessId: 17844
Image: C:\Windows\System32\svchost.exe
User: NT AUTHORITY\SYSTEM"
"2026-04-21T06:27:31.5284460+05:30","5","Process terminated:
RuleName: -
UtcTime: 2026-04-21 00:57:31.527
ProcessGuid: {a65b9ff6-cb79-69e6-e808-000000001b00}
ProcessId: 26136
Image: C:\Program Files\Google\Chrome\Application\chrome.exe
User: LAPTOP-I8K1DAMV\rohin"
"2026-04-21T06:27:29.6636750+05:30","5","Process terminated:
RuleName: -
UtcTime: 2026-04-21 00:57:29.663
ProcessGuid: {a65b9ff6-cb79-69e6-e608-000000001b00}
ProcessId: 23768
Image: C:\Program Files\Google\Chrome\Application\chrome.exe
User: LAPTOP-I8K1DAMV\rohin"
"2026-04-21T06:27:29.6503280+05:30","5","Process terminated:
RuleName: -
UtcTime: 2026-04-21 00:57:29.647
ProcessGuid: {a65b9ff6-cb79-69e6-e508-000000001b00}
ProcessId: 18276
Image: C:\Program Files\Google\Chrome\Application\chrome.exe
User: LAPTOP-I8K1DAMV\rohin"
"2026-04-21T06:27:27.1597411+05:30","5","Process terminated:
RuleName: -
UtcTime: 2026-04-21 00:57:27.157
ProcessGuid: {a65b9ff6-c91f-69e6-5506-000000001b00}
ProcessId: 5952
Image: C:\Windows\System32\svchost.exe
User: NT AUTHORITY\SYSTEM"
"2026-04-21T06:27:00.3896974+05:30","5","Process terminated:
RuleName: -
UtcTime: 2026-04-21 00:57:00.389
ProcessGuid: {a65b9ff6-cb5c-69e6-e308-000000001b00}
ProcessId: 13976
Image: C:\Windows\System32\conhost.exe
User: LAPTOP-I8K1DAMV\rohin"
"2026-04-21T06:27:00.3876423+05:30","5","Process terminated:
RuleName: -
UtcTime: 2026-04-21 00:57:00.384
ProcessGuid: {a65b9ff6-cb5c-69e6-e208-000000001b00}
ProcessId: 21324
Image: C:\Program Files\Git\cmd\git.exe
User: LAPTOP-I8K1DAMV\rohin"
"2026-04-21T06:27:00.3838736+05:30","5","Process terminated:
RuleName: -
UtcTime: 2026-04-21 00:57:00.378
ProcessGuid: {a65b9ff6-cb5c-69e6-e408-000000001b00}
ProcessId: 3176
Image: C:\Program Files\Git\mingw64\bin\git.exe
User: LAPTOP-I8K1DAMV\rohin"
"2026-04-21T06:26:50.7421603+05:30","5","Process terminated:
RuleName: -
UtcTime: 2026-04-21 00:56:50.738
ProcessGuid: {a65b9ff6-cb4a-69e6-e008-000000001b00}
ProcessId: 18252
Image: C:\Windows\System32\dllhost.exe
User: LAPTOP-I8K1DAMV\rohin"
"2026-04-21T06:26:37.2407790+05:30","5","Process terminated:
RuleName: -
UtcTime: 2026-04-21 00:56:37.240
ProcessGuid: {a65b9ff6-cb08-69e6-d308-000000001b00}
ProcessId: 17384
Image: C:\Windows\System32\backgroundTaskHost.exe
User: LAPTOP-I8K1DAMV\rohin"
"2026-04-21T06:26:12.1029485+05:30","5","Process terminated:
RuleName: -
UtcTime: 2026-04-21 00:56:12.097
ProcessGuid: {a65b9ff6-cb2b-69e6-dd08-000000001b00}
ProcessId: 19756
Image: C:\Windows\System32\conhost.exe
User: LAPTOP-I8K1DAMV\rohin"
"2026-04-21T06:26:12.1005293+05:30","5","Process terminated:
RuleName: -
UtcTime: 2026-04-21 00:56:12.097
ProcessGuid: {a65b9ff6-cb2b-69e6-dc08-000000001b00}
ProcessId: 3112
Image: D:\BTP\Log-Anamoly-Detection\.venv\Scripts\python.exe
User: LAPTOP-I8K1DAMV\rohin"
"2026-04-21T06:26:12.0964138+05:30","5","Process terminated:
RuleName: -
UtcTime: 2026-04-21 00:56:12.094
ProcessGuid: {a65b9ff6-cb2c-69e6-de08-000000001b00}
ProcessId: 25516
Image: C:\Users\rohin\AppData\Local\Programs\Python\Python314\python.exe
User: LAPTOP-I8K1DAMV\rohin"
"2026-04-21T06:26:11.9565948+05:30","5","Process terminated:
RuleName: -
UtcTime: 2026-04-21 00:56:11.944
ProcessGuid: {a65b9ff6-cb2b-69e6-db08-000000001b00}
ProcessId: 24416
Image: C:\Users\rohin\AppData\Local\Programs\Microsoft VS Code\Code.exe
User: LAPTOP-I8K1DAMV\rohin"
"2026-04-21T06:26:02.7058742+05:30","5","Process terminated:
RuleName: -
UtcTime: 2026-04-21 00:56:02.697
ProcessGuid: {a65b9ff6-cb22-69e6-d708-000000001b00}
ProcessId: 4688
Image: C:\Windows\System32\conhost.exe
User: LAPTOP-I8K1DAMV\rohin"
"2026-04-21T06:26:02.7030949+05:30","5","Process terminated:
RuleName: -
UtcTime: 2026-04-21 00:56:02.697
ProcessGuid: {a65b9ff6-cb22-69e6-d608-000000001b00}
ProcessId: 15064
Image: D:\BTP\Log-Anamoly-Detection\.venv\Scripts\python.exe
User: LAPTOP-I8K1DAMV\rohin"
"2026-04-21T06:26:02.6987990+05:30","5","Process terminated:
RuleName: -
UtcTime: 2026-04-21 00:56:02.697
ProcessGuid: {a65b9ff6-cb22-69e6-d808-000000001b00}
ProcessId: 27220
Image: C:\Users\rohin\AppData\Local\Programs\Python\Python314\python.exe
User: LAPTOP-I8K1DAMV\rohin"
"2026-04-21T06:25:45.9674286+05:30","5","Process terminated:
RuleName: -
UtcTime: 2026-04-21 00:55:45.966
ProcessGuid: {a65b9ff6-cb11-69e6-d408-000000001b00}
ProcessId: 25792
Image: C:\Program Files\NVIDIA Corporation\NvBackend\NvTmRep.exe
User: LAPTOP-I8K1DAMV\rohin"
"2026-04-21T06:25:26.2346256+05:30","5","Process terminated:
RuleName: -
UtcTime: 2026-04-21 00:55:26.234
ProcessGuid: {a65b9ff6-ca86-69e6-a607-000000001b00}
ProcessId: 17644
Image: C:\Windows\System32\wbem\WmiPrvSE.exe
User: NT AUTHORITY\NETWORK SERVICE"
"2026-04-21T06:25:25.8095387+05:30","5","Process terminated:
RuleName: -
UtcTime: 2026-04-21 00:55:25.808
ProcessGuid: {a65b9ff6-cafb-69e6-d208-000000001b00}
ProcessId: 18700
Image: C:\Users\rohin\AppData\Local\Programs\Microsoft VS Code\Code.exe
User: LAPTOP-I8K1DAMV\rohin"
"2026-04-21T06:24:46.6749832+05:30","5","Process terminated:
RuleName: -
UtcTime: 2026-04-21 00:54:46.673
ProcessGuid: {a65b9ff6-c94e-69e6-8006-000000001b00}
ProcessId: 5860
Image: C:\Windows\System32\audiodg.exe
User: NT AUTHORITY\LOCAL SERVICE"
"2026-04-21T06:24:45.1931525+05:30","5","Process terminated:
RuleName: -
UtcTime: 2026-04-21 00:54:45.182
ProcessGuid: {a65b9ff6-c93f-69e6-6f06-000000001b00}
ProcessId: 3324
Image: C:\Program Files\Google\Chrome\Application\chrome.exe
User: LAPTOP-I8K1DAMV\rohin"
"2026-04-21T06:24:40.0564308+05:30","5","Process terminated:
RuleName: -
UtcTime: 2026-04-21 00:54:40.055
ProcessGuid: {a65b9ff6-cacf-69e6-d008-000000001b00}
ProcessId: 13280
Image: C:\Windows\System32\conhost.exe
User: LAPTOP-I8K1DAMV\rohin"
"2026-04-21T06:24:40.0546110+05:30","5","Process terminated:
RuleName: -
UtcTime: 2026-04-21 00:54:40.053
ProcessGuid: {a65b9ff6-cacf-69e6-cf08-000000001b00}
ProcessId: 25556
Image: C:\Program Files\Git\cmd\git.exe
User: LAPTOP-I8K1DAMV\rohin"
"2026-04-21T06:24:40.0511339+05:30","5","Process terminated:
RuleName: -
UtcTime: 2026-04-21 00:54:40.050
ProcessGuid: {a65b9ff6-cad0-69e6-d108-000000001b00}
ProcessId: 18920
Image: C:\Program Files\Git\mingw64\bin\git.exe
User: LAPTOP-I8K1DAMV\rohin"
"2026-04-21T06:24:39.4362459+05:30","5","Process terminated:
RuleName: -
UtcTime: 2026-04-21 00:54:39.435
ProcessGuid: {a65b9ff6-cacf-69e6-cc08-000000001b00}
ProcessId: 27420
Image: C:\Windows\System32\conhost.exe
User: LAPTOP-I8K1DAMV\rohin"
"2026-04-21T06:24:39.4340962+05:30","5","Process terminated:
RuleName: -
UtcTime: 2026-04-21 00:54:39.433
ProcessGuid: {a65b9ff6-cacf-69e6-ca08-000000001b00}
ProcessId: 9712
Image: C:\Program Files\Git\cmd\git.exe
User: LAPTOP-I8K1DAMV\rohin"
"2026-04-21T06:24:39.4305710+05:30","5","Process terminated:
RuleName: -
UtcTime: 2026-04-21 00:54:39.429
ProcessGuid: {a65b9ff6-cacf-69e6-ce08-000000001b00}
ProcessId: 12324
Image: C:\Program Files\Git\mingw64\bin\git.exe
User: LAPTOP-I8K1DAMV\rohin"
"2026-04-21T06:24:39.4257731+05:30","5","Process terminated:
RuleName: -
UtcTime: 2026-04-21 00:54:39.425
ProcessGuid: {a65b9ff6-cacf-69e6-c908-000000001b00}
ProcessId: 16916
Image: C:\Windows\System32\conhost.exe
User: LAPTOP-I8K1DAMV\rohin"
"2026-04-21T06:24:39.4235378+05:30","5","Process terminated:
RuleName: -
UtcTime: 2026-04-21 00:54:39.422
ProcessGuid: {a65b9ff6-cacf-69e6-c808-000000001b00}
ProcessId: 24500
Image: C:\Program Files\Git\cmd\git.exe
User: LAPTOP-I8K1DAMV\rohin"
"2026-04-21T06:24:39.4195732+05:30","5","Process terminated:
RuleName: -
UtcTime: 2026-04-21 00:54:39.419
ProcessGuid: {a65b9ff6-cacf-69e6-cd08-000000001b00}
ProcessId: 22336
Image: C:\Program Files\Git\mingw64\bin\git.exe
User: LAPTOP-I8K1DAMV\rohin"
"2026-04-21T06:24:39.3961576+05:30","5","Process terminated:
RuleName: -
UtcTime: 2026-04-21 00:54:39.395
ProcessGuid: {a65b9ff6-cacf-69e6-c708-000000001b00}
ProcessId: 22800
Image: C:\Windows\System32\conhost.exe
User: LAPTOP-I8K1DAMV\rohin"
"2026-04-21T06:24:39.3917446+05:30","5","Process terminated:
RuleName: -
UtcTime: 2026-04-21 00:54:39.391
ProcessGuid: {a65b9ff6-cacf-69e6-c608-000000001b00}
ProcessId: 2332
Image: C:\Program Files\Git\cmd\git.exe
User: LAPTOP-I8K1DAMV\rohin"
"2026-04-21T06:24:39.3859869+05:30","5","Process terminated:
RuleName: -
UtcTime: 2026-04-21 00:54:39.384
ProcessGuid: {a65b9ff6-cacf-69e6-cb08-000000001b00}
ProcessId: 22936
Image: C:\Program Files\Git\mingw64\bin\git.exe
User: LAPTOP-I8K1DAMV\rohin"
"2026-04-21T06:24:39.0439858+05:30","5","Process terminated:
RuleName: -
UtcTime: 2026-04-21 00:54:39.043
ProcessGuid: {a65b9ff6-cace-69e6-c408-000000001b00}
ProcessId: 22252
Image: C:\Windows\System32\conhost.exe
User: LAPTOP-I8K1DAMV\rohin"
"2026-04-21T06:24:39.0422067+05:30","5","Process terminated:
RuleName: -
UtcTime: 2026-04-21 00:54:39.041
ProcessGuid: {a65b9ff6-cace-69e6-c308-000000001b00}
ProcessId: 17816
Image: C:\Program Files\Git\cmd\git.exe
User: LAPTOP-I8K1DAMV\rohin"
"2026-04-21T06:24:39.0392272+05:30","5","Process terminated:
RuleName: -
UtcTime: 2026-04-21 00:54:39.038
ProcessGuid: {a65b9ff6-cacf-69e6-c508-000000001b00}
ProcessId: 19768
Image: C:\Program Files\Git\mingw64\bin\git.exe
User: LAPTOP-I8K1DAMV\rohin"
"2026-04-21T06:24:38.8045800+05:30","5","Process terminated:
RuleName: -
UtcTime: 2026-04-21 00:54:38.803
ProcessGuid: {a65b9ff6-cace-69e6-c008-000000001b00}
ProcessId: 26456
Image: C:\Windows\System32\conhost.exe
User: LAPTOP-I8K1DAMV\rohin"
"2026-04-21T06:24:38.8023426+05:30","5","Process terminated:
RuleName: -
UtcTime: 2026-04-21 00:54:38.801
ProcessGuid: {a65b9ff6-cace-69e6-bf08-000000001b00}
ProcessId: 17620
Image: C:\Program Files\Git\cmd\git.exe
User: LAPTOP-I8K1DAMV\rohin"
"2026-04-21T06:24:38.7983876+05:30","5","Process terminated:
RuleName: -
UtcTime: 2026-04-21 00:54:38.797
ProcessGuid: {a65b9ff6-cace-69e6-c208-000000001b00}
ProcessId: 5256
Image: C:\Program Files\Git\mingw64\bin\git.exe
User: LAPTOP-I8K1DAMV\rohin"
"2026-04-21T06:24:38.7983067+05:30","5","Process terminated:
RuleName: -
UtcTime: 2026-04-21 00:54:38.797
ProcessGuid: {a65b9ff6-cace-69e6-be08-000000001b00}
ProcessId: 13520
Image: C:\Windows\System32\conhost.exe
User: LAPTOP-I8K1DAMV\rohin"
"2026-04-21T06:24:38.7957221+05:30","5","Process terminated:
RuleName: -
UtcTime: 2026-04-21 00:54:38.794
ProcessGuid: {a65b9ff6-cace-69e6-bd08-000000001b00}
ProcessId: 7400
Image: C:\Program Files\Git\cmd\git.exe
User: LAPTOP-I8K1DAMV\rohin"
"2026-04-21T06:24:38.7919276+05:30","5","Process terminated:
RuleName: -
UtcTime: 2026-04-21 00:54:38.790
ProcessGuid: {a65b9ff6-cace-69e6-c108-000000001b00}
ProcessId: 10436
Image: C:\Program Files\Git\mingw64\bin\git.exe
User: LAPTOP-I8K1DAMV\rohin"
"2026-04-21T06:24:34.4732555+05:30","5","Process terminated:
RuleName: -
UtcTime: 2026-04-21 00:54:34.472
ProcessGuid: {a65b9ff6-caca-69e6-bc08-000000001b00}
ProcessId: 11604
Image: C:\Windows\System32\conhost.exe
User: LAPTOP-I8K1DAMV\rohin"
"2026-04-21T06:24:34.4711193+05:30","5","Process terminated:
RuleName: -
UtcTime: 2026-04-21 00:54:34.470
ProcessGuid: {a65b9ff6-caca-69e6-bb08-000000001b00}
ProcessId: 2796
Image: C:\Users\rohin\AppData\Local\Programs\Microsoft VS Code\560a9dba96\resources\app\node_modules\@vscode\ripgrep\bin\rg.exe
User: LAPTOP-I8K1DAMV\rohin"
"2026-04-21T06:24:33.8891323+05:30","5","Process terminated:
RuleName: -
UtcTime: 2026-04-21 00:54:33.889
ProcessGuid: {a65b9ff6-cac9-69e6-b908-000000001b00}
ProcessId: 24116
Image: C:\Windows\System32\conhost.exe
User: LAPTOP-I8K1DAMV\rohin"
"2026-04-21T06:24:33.8861846+05:30","5","Process terminated:
RuleName: -
UtcTime: 2026-04-21 00:54:33.886
ProcessGuid: {a65b9ff6-cac9-69e6-b808-000000001b00}
ProcessId: 12440
Image: D:\BTP\Log-Anamoly-Detection\.venv\Scripts\python.exe
User: LAPTOP-I8K1DAMV\rohin"
"2026-04-21T06:24:33.8817424+05:30","5","Process terminated:
RuleName: -
UtcTime: 2026-04-21 00:54:33.881
ProcessGuid: {a65b9ff6-cac9-69e6-ba08-000000001b00}
ProcessId: 12652
Image: C:\Users\rohin\AppData\Local\Programs\Python\Python314\python.exe
User: LAPTOP-I8K1DAMV\rohin"
"2026-04-21T06:24:33.5950319+05:30","5","Process terminated:
RuleName: -
UtcTime: 2026-04-21 00:54:33.594
ProcessGuid: {a65b9ff6-cac9-69e6-b608-000000001b00}
ProcessId: 6188
Image: C:\Windows\System32\conhost.exe
User: LAPTOP-I8K1DAMV\rohin"
"2026-04-21T06:24:33.5925744+05:30","5","Process terminated:
RuleName: -
UtcTime: 2026-04-21 00:54:33.591
ProcessGuid: {a65b9ff6-cac9-69e6-b508-000000001b00}
ProcessId: 19200
Image: D:\BTP\Log-Anamoly-Detection\.venv\Scripts\python.exe
User: LAPTOP-I8K1DAMV\rohin"
"2026-04-21T06:24:33.5888545+05:30","5","Process terminated:
RuleName: -
UtcTime: 2026-04-21 00:54:33.588
ProcessGuid: {a65b9ff6-cac9-69e6-b708-000000001b00}
ProcessId: 2344
Image: C:\Users\rohin\AppData\Local\Programs\Python\Python314\python.exe
User: LAPTOP-I8K1DAMV\rohin"
"2026-04-21T06:24:33.1959301+05:30","5","Process terminated:
RuleName: -
UtcTime: 2026-04-21 00:54:33.195
ProcessGuid: {a65b9ff6-ca98-69e6-4508-000000001b00}
ProcessId: 19820
Image: C:\Windows\System32\RuntimeBroker.exe
User: LAPTOP-I8K1DAMV\rohin"
"2026-04-21T06:24:33.1056210+05:30","5","Process terminated:
RuleName: -
UtcTime: 2026-04-21 00:54:33.105
ProcessGuid: {a65b9ff6-cac8-69e6-b208-000000001b00}
ProcessId: 21888
Image: C:\Windows\System32\conhost.exe
User: LAPTOP-I8K1DAMV\rohin"
"2026-04-21T06:24:33.1028259+05:30","5","Process terminated:
RuleName: -
UtcTime: 2026-04-21 00:54:33.102
ProcessGuid: {a65b9ff6-cac8-69e6-b008-000000001b00}
ProcessId: 27364
Image: D:\BTP\Log-Anamoly-Detection\.venv\Scripts\python.exe
User: LAPTOP-I8K1DAMV\rohin"
"2026-04-21T06:24:33.1026027+05:30","5","Process terminated:
RuleName: -
UtcTime: 2026-04-21 00:54:33.102
ProcessGuid: {a65b9ff6-cac8-69e6-b108-000000001b00}
ProcessId: 5092
Image: C:\Windows\System32\conhost.exe
User: LAPTOP-I8K1DAMV\rohin"
"2026-04-21T06:24:33.0996442+05:30","5","Process terminated:
RuleName: -
UtcTime: 2026-04-21 00:54:33.098
ProcessGuid: {a65b9ff6-cac8-69e6-ae08-000000001b00}
ProcessId: 10588
Image: D:\BTP\Log-Anamoly-Detection\.venv\Scripts\python.exe
User: LAPTOP-I8K1DAMV\rohin"
"2026-04-21T06:24:33.0981107+05:30","5","Process terminated:
RuleName: -
UtcTime: 2026-04-21 00:54:33.097
ProcessGuid: {a65b9ff6-cac8-69e6-b408-000000001b00}
ProcessId: 27232
Image: C:\Users\rohin\AppData\Local\Programs\Python\Python314\python.exe
User: LAPTOP-I8K1DAMV\rohin"
"2026-04-21T06:24:33.0959932+05:30","5","Process terminated:
RuleName: -
UtcTime: 2026-04-21 00:54:33.095
ProcessGuid: {a65b9ff6-cac8-69e6-b308-000000001b00}
ProcessId: 18168
Image: C:\Users\rohin\AppData\Local\Programs\Python\Python314\python.exe
User: LAPTOP-I8K1DAMV\rohin"
"2026-04-21T06:24:32.9863292+05:30","5","Process terminated:
RuleName: -
UtcTime: 2026-04-21 00:54:32.985
ProcessGuid: {a65b9ff6-cac8-69e6-af08-000000001b00}
ProcessId: 13652
Image: C:\Users\rohin\AppData\Local\Programs\Microsoft VS Code\Code.exe
User: LAPTOP-I8K1DAMV\rohin"
"2026-04-21T06:24:32.9726783+05:30","5","Process terminated:
RuleName: -
UtcTime: 2026-04-21 00:54:32.972
ProcessGuid: {a65b9ff6-cac8-69e6-ad08-000000001b00}
ProcessId: 24860
Image: C:\Users\rohin\AppData\Local\Programs\Microsoft VS Code\Code.exe
User: LAPTOP-I8K1DAMV\rohin"
"2026-04-21T06:24:32.7303294+05:30","5","Process terminated:
RuleName: -
UtcTime: 2026-04-21 00:54:32.729
ProcessGuid: {a65b9ff6-cac8-69e6-ab08-000000001b00}
ProcessId: 20100
Image: C:\Windows\System32\conhost.exe
User: LAPTOP-I8K1DAMV\rohin"
"2026-04-21T06:24:32.7270364+05:30","5","Process terminated:
RuleName: -
UtcTime: 2026-04-21 00:54:32.726
ProcessGuid: {a65b9ff6-cac8-69e6-aa08-000000001b00}
ProcessId: 22056
Image: D:\BTP\Log-Anamoly-Detection\.venv\Scripts\python.exe
User: LAPTOP-I8K1DAMV\rohin"
"2026-04-21T06:24:32.7227431+05:30","5","Process terminated:
RuleName: -
UtcTime: 2026-04-21 00:54:32.722
ProcessGuid: {a65b9ff6-cac8-69e6-ac08-000000001b00}
ProcessId: 24636
Image: C:\Users\rohin\AppData\Local\Programs\Python\Python314\python.exe
User: LAPTOP-I8K1DAMV\rohin"
"2026-04-21T06:24:32.5754580+05:30","5","Process terminated:
RuleName: -
UtcTime: 2026-04-21 00:54:32.574
ProcessGuid: {a65b9ff6-cac8-69e6-a808-000000001b00}
ProcessId: 18788
Image: C:\Windows\System32\conhost.exe
User: LAPTOP-I8K1DAMV\rohin"
"2026-04-21T06:24:32.5720334+05:30","5","Process terminated:
RuleName: -
UtcTime: 2026-04-21 00:54:32.571
ProcessGuid: {a65b9ff6-cac8-69e6-a708-000000001b00}
ProcessId: 20916
Image: D:\BTP\Log-Anamoly-Detection\.venv\Scripts\python.exe
User: LAPTOP-I8K1DAMV\rohin"
"2026-04-21T06:24:32.5676977+05:30","5","Process terminated:
RuleName: -
UtcTime: 2026-04-21 00:54:32.567
ProcessGuid: {a65b9ff6-cac8-69e6-a908-000000001b00}
ProcessId: 19472
Image: C:\Users\rohin\AppData\Local\Programs\Python\Python314\python.exe
User: LAPTOP-I8K1DAMV\rohin"
"2026-04-21T06:24:32.4516094+05:30","5","Process terminated:
RuleName: -
UtcTime: 2026-04-21 00:54:32.451
ProcessGuid: {a65b9ff6-cac8-69e6-a508-000000001b00}
ProcessId: 13748
Image: C:\Windows\System32\conhost.exe
User: LAPTOP-I8K1DAMV\rohin"
"2026-04-21T06:24:32.4482832+05:30","5","Process terminated:
RuleName: -
UtcTime: 2026-04-21 00:54:32.447
ProcessGuid: {a65b9ff6-cac8-69e6-a408-000000001b00}
ProcessId: 1824
Image: D:\BTP\Log-Anamoly-Detection\.venv\Scripts\python.exe
User: LAPTOP-I8K1DAMV\rohin"
"2026-04-21T06:24:32.4429670+05:30","5","Process terminated:
RuleName: -
UtcTime: 2026-04-21 00:54:32.442
ProcessGuid: {a65b9ff6-cac8-69e6-a608-000000001b00}
ProcessId: 9960
Image: C:\Users\rohin\AppData\Local\Programs\Python\Python314\python.exe
User: LAPTOP-I8K1DAMV\rohin"
"2026-04-21T06:24:31.1977491+05:30","5","Process terminated:
RuleName: -
UtcTime: 2026-04-21 00:54:31.197
ProcessGuid: {a65b9ff6-cac7-69e6-a308-000000001b00}
ProcessId: 14564
Image: C:\Users\rohin\AppData\Local\Programs\Microsoft VS Code\Code.exe
User: LAPTOP-I8K1DAMV\rohin"
"2026-04-21T06:24:30.7310401+05:30","5","Process terminated:
RuleName: -
UtcTime: 2026-04-21 00:54:30.730
ProcessGuid: {a65b9ff6-cac6-69e6-a108-000000001b00}
ProcessId: 17364
Image: C:\Windows\System32\conhost.exe
User: LAPTOP-I8K1DAMV\rohin"
"2026-04-21T06:24:30.7282023+05:30","5","Process terminated:
RuleName: -
UtcTime: 2026-04-21 00:54:30.727
ProcessGuid: {a65b9ff6-cac6-69e6-a008-000000001b00}
ProcessId: 10392
Image: C:\Program Files\Git\cmd\git.exe
User: LAPTOP-I8K1DAMV\rohin"
"2026-04-21T06:24:30.7235235+05:30","5","Process terminated:
RuleName: -
UtcTime: 2026-04-21 00:54:30.722
ProcessGuid: {a65b9ff6-cac6-69e6-a208-000000001b00}
ProcessId: 21024
Image: C:\Program Files\Git\mingw64\bin\git.exe
User: LAPTOP-I8K1DAMV\rohin"
"2026-04-21T06:24:30.6244365+05:30","5","Process terminated:
RuleName: -
UtcTime: 2026-04-21 00:54:30.624
ProcessGuid: {a65b9ff6-cac6-69e6-9d08-000000001b00}
ProcessId: 13904
Image: C:\Windows\System32\conhost.exe
User: LAPTOP-I8K1DAMV\rohin"
