"2026-04-21T13:26:49.8190229+05:30","5","Process terminated:
RuleName: -
UtcTime: 2026-04-21 07:56:49.818
ProcessGuid: {a65b9ff6-2dc1-69e7-1410-000000001b00}
ProcessId: 18864
Image: C:\Windows\System32\reg.exe
User: LAPTOP-I8K1DAMV\rohin"
"2026-04-21T13:26:49.7756335+05:30","5","Process terminated:
RuleName: -
UtcTime: 2026-04-21 07:56:49.775
ProcessGuid: {a65b9ff6-2dc1-69e7-1310-000000001b00}
ProcessId: 17012
Image: C:\Windows\System32\conhost.exe
User: LAPTOP-I8K1DAMV\rohin"
"2026-04-21T13:26:49.7731147+05:30","5","Process terminated:
RuleName: -
UtcTime: 2026-04-21 07:56:49.772
ProcessGuid: {a65b9ff6-2dc1-69e7-1210-000000001b00}
ProcessId: 16452
Image: C:\Windows\System32\reg.exe
User: LAPTOP-I8K1DAMV\rohin"
"2026-04-21T13:26:44.4329566+05:30","5","Process terminated:
RuleName: -
UtcTime: 2026-04-21 07:56:44.432
ProcessGuid: {a65b9ff6-2bf9-69e7-a40f-000000001b00}
ProcessId: 30292
Image: C:\Windows\System32\svchost.exe
User: NT AUTHORITY\SYSTEM"
"2026-04-21T13:26:36.6764692+05:30","5","Process terminated:
RuleName: -
UtcTime: 2026-04-21 07:56:36.676
ProcessGuid: {a65b9ff6-2db4-69e7-0d10-000000001b00}
ProcessId: 17300
Image: C:\Windows\System32\cmd.exe
User: LAPTOP-I8K1DAMV\rohin"
"2026-04-21T13:26:36.6698293+05:30","5","Process terminated:
RuleName: -
UtcTime: 2026-04-21 07:56:36.668
ProcessGuid: {a65b9ff6-2db4-69e7-1110-000000001b00}
ProcessId: 29288
Image: C:\Windows\System32\chcp.com
User: LAPTOP-I8K1DAMV\rohin"
"2026-04-21T13:26:36.6423210+05:30","5","Process terminated:
RuleName: -
UtcTime: 2026-04-21 07:56:36.641
ProcessGuid: {a65b9ff6-2db4-69e7-1010-000000001b00}
ProcessId: 24844
Image: C:\Windows\System32\chcp.com
User: LAPTOP-I8K1DAMV\rohin"
"2026-04-21T13:26:36.6232234+05:30","5","Process terminated:
RuleName: -
UtcTime: 2026-04-21 07:56:36.623
ProcessGuid: {a65b9ff6-2db4-69e7-0e10-000000001b00}
ProcessId: 30520
Image: C:\Windows\System32\cmd.exe
User: LAPTOP-I8K1DAMV\rohin"
"2026-04-21T13:26:36.6196179+05:30","5","Process terminated:
RuleName: -
UtcTime: 2026-04-21 07:56:36.619
ProcessGuid: {a65b9ff6-2db4-69e7-0f10-000000001b00}
ProcessId: 15312
Image: C:\Windows\System32\chcp.com
User: LAPTOP-I8K1DAMV\rohin"
"2026-04-21T13:26:15.7825754+05:30","5","Process terminated:
RuleName: -
UtcTime: 2026-04-21 07:56:15.782
ProcessGuid: {a65b9ff6-2d9f-69e7-0b10-000000001b00}
ProcessId: 20904
Image: C:\Windows\System32\conhost.exe
User: LAPTOP-I8K1DAMV\rohin"
"2026-04-21T13:26:15.7799988+05:30","5","Process terminated:
RuleName: -
UtcTime: 2026-04-21 07:56:15.779
ProcessGuid: {a65b9ff6-2d9f-69e7-0a10-000000001b00}
ProcessId: 26452
Image: C:\Program Files\Git\cmd\git.exe
User: LAPTOP-I8K1DAMV\rohin"
"2026-04-21T13:26:15.7764170+05:30","5","Process terminated:
RuleName: -
UtcTime: 2026-04-21 07:56:15.776
ProcessGuid: {a65b9ff6-2d9f-69e7-0c10-000000001b00}
ProcessId: 27360
Image: C:\Program Files\Git\mingw64\bin\git.exe
User: LAPTOP-I8K1DAMV\rohin"
"2026-04-21T13:26:09.1433265+05:30","5","Process terminated:
RuleName: -
UtcTime: 2026-04-21 07:56:09.142
ProcessGuid: {a65b9ff6-e192-69e6-390c-000000001b00}
ProcessId: 13544
Image: C:\Windows\System32\svchost.exe
User: NT AUTHORITY\SYSTEM"
"2026-04-21T13:25:57.9412302+05:30","5","Process terminated:
RuleName: -
UtcTime: 2026-04-21 07:55:57.940
ProcessGuid: {a65b9ff6-2d8d-69e7-0610-000000001b00}
ProcessId: 31696
Image: C:\Windows\System32\conhost.exe
User: LAPTOP-I8K1DAMV\rohin"
"2026-04-21T13:25:57.9367147+05:30","5","Process terminated:
RuleName: -
UtcTime: 2026-04-21 07:55:57.936
ProcessGuid: {a65b9ff6-2d8d-69e7-0510-000000001b00}
ProcessId: 31032
Image: C:\Program Files\Git\cmd\git.exe
User: LAPTOP-I8K1DAMV\rohin"
"2026-04-21T13:25:57.9324845+05:30","5","Process terminated:
RuleName: -
UtcTime: 2026-04-21 07:55:57.932
ProcessGuid: {a65b9ff6-2d8d-69e7-0710-000000001b00}
ProcessId: 30624
Image: C:\Program Files\Git\mingw64\bin\git.exe
User: LAPTOP-I8K1DAMV\rohin"
"2026-04-21T13:25:49.8170909+05:30","5","Process terminated:
RuleName: -
UtcTime: 2026-04-21 07:55:49.816
ProcessGuid: {a65b9ff6-2d85-69e7-0410-000000001b00}
ProcessId: 28464
Image: C:\Windows\System32\conhost.exe
User: LAPTOP-I8K1DAMV\rohin"
"2026-04-21T13:25:49.8141940+05:30","5","Process terminated:
RuleName: -
UtcTime: 2026-04-21 07:55:49.814
ProcessGuid: {a65b9ff6-2d85-69e7-0310-000000001b00}
ProcessId: 6428
Image: C:\Windows\System32\reg.exe
User: LAPTOP-I8K1DAMV\rohin"
"2026-04-21T13:25:49.7718356+05:30","5","Process terminated:
RuleName: -
UtcTime: 2026-04-21 07:55:49.771
ProcessGuid: {a65b9ff6-2d85-69e7-0210-000000001b00}
ProcessId: 29316
Image: C:\Windows\System32\conhost.exe
User: LAPTOP-I8K1DAMV\rohin"
"2026-04-21T13:25:49.7684081+05:30","5","Process terminated:
RuleName: -
UtcTime: 2026-04-21 07:55:49.768
ProcessGuid: {a65b9ff6-2d85-69e7-0110-000000001b00}
ProcessId: 17368
Image: C:\Windows\System32\reg.exe
User: LAPTOP-I8K1DAMV\rohin"
"2026-04-21T13:25:29.0409903+05:30","5","Process terminated:
RuleName: -
UtcTime: 2026-04-21 07:55:29.040
ProcessGuid: {a65b9ff6-2d70-69e7-ff0f-000000001b00}
ProcessId: 27348
Image: C:\Windows\System32\conhost.exe
User: LAPTOP-I8K1DAMV\rohin"
"2026-04-21T13:25:29.0379064+05:30","5","Process terminated:
RuleName: -
UtcTime: 2026-04-21 07:55:29.037
ProcessGuid: {a65b9ff6-2d70-69e7-fe0f-000000001b00}
ProcessId: 2840
Image: C:\Program Files\Git\cmd\git.exe
User: LAPTOP-I8K1DAMV\rohin"
"2026-04-21T13:25:29.0335969+05:30","5","Process terminated:
RuleName: -
UtcTime: 2026-04-21 07:55:29.032
ProcessGuid: {a65b9ff6-2d70-69e7-0010-000000001b00}
ProcessId: 2092
Image: C:\Program Files\Git\mingw64\bin\git.exe
User: LAPTOP-I8K1DAMV\rohin"
"2026-04-21T13:25:15.5051391+05:30","5","Process terminated:
RuleName: -
UtcTime: 2026-04-21 07:55:15.504
ProcessGuid: {a65b9ff6-2d63-69e7-fc0f-000000001b00}
ProcessId: 7364
Image: C:\Windows\System32\conhost.exe
User: LAPTOP-I8K1DAMV\rohin"
"2026-04-21T13:25:15.4870325+05:30","5","Process terminated:
RuleName: -
UtcTime: 2026-04-21 07:55:15.486
ProcessGuid: {a65b9ff6-2d63-69e7-fb0f-000000001b00}
ProcessId: 29824
Image: C:\Program Files\Git\cmd\git.exe
User: LAPTOP-I8K1DAMV\rohin"
"2026-04-21T13:25:15.4733476+05:30","5","Process terminated:
RuleName: -
UtcTime: 2026-04-21 07:55:15.472
ProcessGuid: {a65b9ff6-2d63-69e7-fd0f-000000001b00}
ProcessId: 31196
Image: C:\Program Files\Git\mingw64\bin\git.exe
User: LAPTOP-I8K1DAMV\rohin"
"2026-04-21T13:25:15.3962005+05:30","5","Process terminated:
RuleName: -
UtcTime: 2026-04-21 07:55:15.395
ProcessGuid: {a65b9ff6-2d63-69e7-f90f-000000001b00}
ProcessId: 14464
Image: C:\Windows\System32\conhost.exe
User: LAPTOP-I8K1DAMV\rohin"
"2026-04-21T13:25:15.3914827+05:30","5","Process terminated:
RuleName: -
UtcTime: 2026-04-21 07:55:15.390
ProcessGuid: {a65b9ff6-2d63-69e7-f80f-000000001b00}
ProcessId: 24220
Image: C:\Program Files\Git\cmd\git.exe
User: LAPTOP-I8K1DAMV\rohin"
"2026-04-21T13:25:15.3859347+05:30","5","Process terminated:
RuleName: -
UtcTime: 2026-04-21 07:55:15.383
ProcessGuid: {a65b9ff6-2d63-69e7-fa0f-000000001b00}
ProcessId: 26232
Image: C:\Program Files\Git\mingw64\bin\git.exe
User: LAPTOP-I8K1DAMV\rohin"
"2026-04-21T13:25:07.7195397+05:30","5","Process terminated:
RuleName: -
UtcTime: 2026-04-21 07:55:07.719
ProcessGuid: {a65b9ff6-2d5b-69e7-f50f-000000001b00}
ProcessId: 12632
Image: C:\Windows\System32\conhost.exe
User: LAPTOP-I8K1DAMV\rohin"
"2026-04-21T13:25:07.7160825+05:30","5","Process terminated:
RuleName: -
UtcTime: 2026-04-21 07:55:07.715
ProcessGuid: {a65b9ff6-2d5b-69e7-f40f-000000001b00}
ProcessId: 30860
Image: C:\Program Files\Git\cmd\git.exe
User: LAPTOP-I8K1DAMV\rohin"
"2026-04-21T13:25:07.7106842+05:30","5","Process terminated:
RuleName: -
UtcTime: 2026-04-21 07:55:07.710
ProcessGuid: {a65b9ff6-2d5b-69e7-f60f-000000001b00}
ProcessId: 25960
Image: C:\Program Files\Git\mingw64\bin\git.exe
User: LAPTOP-I8K1DAMV\rohin"
"2026-04-21T13:25:05.2084525+05:30","5","Process terminated:
RuleName: -
UtcTime: 2026-04-21 07:55:05.207
ProcessGuid: {a65b9ff6-2d59-69e7-f20f-000000001b00}
ProcessId: 6180
Image: C:\Windows\System32\conhost.exe
User: LAPTOP-I8K1DAMV\rohin"
"2026-04-21T13:25:05.2050951+05:30","5","Process terminated:
RuleName: -
UtcTime: 2026-04-21 07:55:05.204
ProcessGuid: {a65b9ff6-2d59-69e7-f10f-000000001b00}
ProcessId: 29484
Image: C:\Program Files\Git\cmd\git.exe
User: LAPTOP-I8K1DAMV\rohin"
"2026-04-21T13:25:05.1993999+05:30","5","Process terminated:
RuleName: -
UtcTime: 2026-04-21 07:55:05.198
ProcessGuid: {a65b9ff6-2d59-69e7-f30f-000000001b00}
ProcessId: 12308
Image: C:\Program Files\Git\mingw64\bin\git.exe
User: LAPTOP-I8K1DAMV\rohin"
"2026-04-21T13:24:49.8007155+05:30","5","Process terminated:
RuleName: -
UtcTime: 2026-04-21 07:54:49.800
ProcessGuid: {a65b9ff6-2d49-69e7-f00f-000000001b00}
ProcessId: 29384
Image: C:\Windows\System32\conhost.exe
User: LAPTOP-I8K1DAMV\rohin"
"2026-04-21T13:24:49.7982968+05:30","5","Process terminated:
RuleName: -
UtcTime: 2026-04-21 07:54:49.798
ProcessGuid: {a65b9ff6-2d49-69e7-ef0f-000000001b00}
ProcessId: 444
Image: C:\Windows\System32\reg.exe
User: LAPTOP-I8K1DAMV\rohin"
"2026-04-21T13:24:49.7536426+05:30","5","Process terminated:
RuleName: -
UtcTime: 2026-04-21 07:54:49.753
ProcessGuid: {a65b9ff6-2d49-69e7-ee0f-000000001b00}
ProcessId: 31572
Image: C:\Windows\System32\conhost.exe
User: LAPTOP-I8K1DAMV\rohin"
"2026-04-21T13:24:49.7509702+05:30","5","Process terminated:
RuleName: -
UtcTime: 2026-04-21 07:54:49.750
ProcessGuid: {a65b9ff6-2d49-69e7-ed0f-000000001b00}
ProcessId: 30476
Image: C:\Windows\System32\reg.exe
User: LAPTOP-I8K1DAMV\rohin"
"2026-04-21T13:24:28.3859073+05:30","5","Process terminated:
RuleName: -
UtcTime: 2026-04-21 07:54:28.384
ProcessGuid: {a65b9ff6-2b9e-69e7-5b0f-000000001b00}
ProcessId: 28312
Image: C:\Windows\System32\wbem\WmiPrvSE.exe
User: NT AUTHORITY\LOCAL SERVICE"
"2026-04-21T13:24:09.3162921+05:30","5","Process terminated:
RuleName: -
UtcTime: 2026-04-21 07:54:09.315
ProcessGuid: {a65b9ff6-2d21-69e7-eb0f-000000001b00}
ProcessId: 26028
Image: C:\Windows\System32\conhost.exe
User: LAPTOP-I8K1DAMV\rohin"
"2026-04-21T13:24:09.3120537+05:30","5","Process terminated:
RuleName: -
UtcTime: 2026-04-21 07:54:09.311
ProcessGuid: {a65b9ff6-2d21-69e7-ea0f-000000001b00}
ProcessId: 23760
Image: C:\Program Files\Git\cmd\git.exe
User: LAPTOP-I8K1DAMV\rohin"
"2026-04-21T13:24:09.3082530+05:30","5","Process terminated:
RuleName: -
UtcTime: 2026-04-21 07:54:09.307
ProcessGuid: {a65b9ff6-2d21-69e7-ec0f-000000001b00}
ProcessId: 26684
Image: C:\Program Files\Git\mingw64\bin\git.exe
User: LAPTOP-I8K1DAMV\rohin"
"2026-04-21T13:24:06.5562624+05:30","5","Process terminated:
RuleName: -
UtcTime: 2026-04-21 07:54:06.555
ProcessGuid: {a65b9ff6-2d1e-69e7-e90f-000000001b00}
ProcessId: 12844
Image: C:\msys64\ucrt64\bin\python.exe
User: LAPTOP-I8K1DAMV\rohin"
"2026-04-21T13:23:49.8120772+05:30","5","Process terminated:
RuleName: -
UtcTime: 2026-04-21 07:53:49.811
ProcessGuid: {a65b9ff6-2d0d-69e7-e80f-000000001b00}
ProcessId: 17240
Image: C:\Windows\System32\conhost.exe
User: LAPTOP-I8K1DAMV\rohin"
"2026-04-21T13:23:49.8094207+05:30","5","Process terminated:
RuleName: -
UtcTime: 2026-04-21 07:53:49.808
ProcessGuid: {a65b9ff6-2d0d-69e7-e70f-000000001b00}
ProcessId: 17364
Image: C:\Windows\System32\reg.exe
User: LAPTOP-I8K1DAMV\rohin"
"2026-04-21T13:23:49.7670265+05:30","5","Process terminated:
RuleName: -
UtcTime: 2026-04-21 07:53:49.766
ProcessGuid: {a65b9ff6-2d0d-69e7-e60f-000000001b00}
ProcessId: 30548
Image: C:\Windows\System32\conhost.exe
User: LAPTOP-I8K1DAMV\rohin"
"2026-04-21T13:23:49.7643889+05:30","5","Process terminated:
RuleName: -
UtcTime: 2026-04-21 07:53:49.763
ProcessGuid: {a65b9ff6-2d0d-69e7-e50f-000000001b00}
ProcessId: 3012
Image: C:\Windows\System32\reg.exe
User: LAPTOP-I8K1DAMV\rohin"
"2026-04-21T13:23:45.9076610+05:30","5","Process terminated:
RuleName: -
UtcTime: 2026-04-21 07:53:45.907
ProcessGuid: {a65b9ff6-2ccc-69e7-d00f-000000001b00}
ProcessId: 16780
Image: C:\Windows\System32\backgroundTaskHost.exe
User: LAPTOP-I8K1DAMV\rohin"
"2026-04-21T13:23:45.7213384+05:30","5","Process terminated:
RuleName: -
UtcTime: 2026-04-21 07:53:45.720
ProcessGuid: {a65b9ff6-2c9e-69e7-cb0f-000000001b00}
ProcessId: 29300
Image: C:\Windows\System32\svchost.exe
User: NT AUTHORITY\SYSTEM"
"2026-04-21T13:23:45.2092388+05:30","5","Process terminated:
RuleName: -
UtcTime: 2026-04-21 07:53:45.208
ProcessGuid: {a65b9ff6-2d01-69e7-e30f-000000001b00}
ProcessId: 24720
Image: D:\BTP\Log-Anamoly-Detection\.venv\Scripts\python.exe
User: LAPTOP-I8K1DAMV\rohin"
"2026-04-21T13:23:45.1885021+05:30","5","Process terminated:
RuleName: -
UtcTime: 2026-04-21 07:53:45.187
ProcessGuid: {a65b9ff6-2d01-69e7-e40f-000000001b00}
ProcessId: 29712
Image: C:\Users\rohin\AppData\Local\Programs\Python\Python314\python.exe
User: LAPTOP-I8K1DAMV\rohin"
"2026-04-21T13:23:43.2124406+05:30","5","Process terminated:
RuleName: -
UtcTime: 2026-04-21 07:53:43.210
ProcessGuid: {a65b9ff6-e497-69e6-8b0c-000000001b00}
ProcessId: 24692
Image: C:\Windows\System32\svchost.exe
User: NT AUTHORITY\SYSTEM"
"2026-04-21T13:23:32.4463823+05:30","5","Process terminated:
RuleName: -
UtcTime: 2026-04-21 07:53:32.446
ProcessGuid: {a65b9ff6-2cf9-69e7-e10f-000000001b00}
ProcessId: 31224
Image: D:\BTP\Log-Anamoly-Detection\.venv\Scripts\python.exe
User: LAPTOP-I8K1DAMV\rohin"
"2026-04-21T13:23:32.4253209+05:30","5","Process terminated:
RuleName: -
UtcTime: 2026-04-21 07:53:32.424
ProcessGuid: {a65b9ff6-2cf9-69e7-e20f-000000001b00}
ProcessId: 2848
Image: C:\Users\rohin\AppData\Local\Programs\Python\Python314\python.exe
User: LAPTOP-I8K1DAMV\rohin"
"2026-04-21T13:23:04.1748644+05:30","5","Process terminated:
RuleName: -
UtcTime: 2026-04-21 07:53:04.174
ProcessGuid: {a65b9ff6-2cdd-69e7-dc0f-000000001b00}
ProcessId: 6132
Image: C:\Windows\System32\conhost.exe
User: LAPTOP-I8K1DAMV\rohin"
"2026-04-21T13:23:04.1700119+05:30","5","Process terminated:
RuleName: -
UtcTime: 2026-04-21 07:53:04.169
ProcessGuid: {a65b9ff6-2cdd-69e7-db0f-000000001b00}
ProcessId: 4680
Image: D:\BTP\Log-Anamoly-Detection\.venv\Scripts\python.exe
User: LAPTOP-I8K1DAMV\rohin"
"2026-04-21T13:23:04.1601298+05:30","5","Process terminated:
RuleName: -
UtcTime: 2026-04-21 07:53:04.159
ProcessGuid: {a65b9ff6-2cdd-69e7-dd0f-000000001b00}
ProcessId: 17260
Image: C:\Users\rohin\AppData\Local\Programs\Python\Python314\python.exe
User: LAPTOP-I8K1DAMV\rohin"
"2026-04-21T13:23:01.6765095+05:30","5","Process terminated:
RuleName: -
UtcTime: 2026-04-21 07:53:01.676
ProcessGuid: {a65b9ff6-2cdd-69e7-df0f-000000001b00}
ProcessId: 28516
Image: C:\Windows\System32\conhost.exe
User: LAPTOP-I8K1DAMV\rohin"
"2026-04-21T13:23:01.6699809+05:30","5","Process terminated:
RuleName: -
UtcTime: 2026-04-21 07:53:01.669
ProcessGuid: {a65b9ff6-2cdd-69e7-de0f-000000001b00}
ProcessId: 5732
Image: D:\BTP\Log-Anamoly-Detection\.venv\Scripts\python.exe
User: LAPTOP-I8K1DAMV\rohin"
"2026-04-21T13:23:01.6660198+05:30","5","Process terminated:
RuleName: -
UtcTime: 2026-04-21 07:53:01.665
ProcessGuid: {a65b9ff6-2cdd-69e7-e00f-000000001b00}
ProcessId: 30588
Image: C:\Users\rohin\AppData\Local\Programs\Python\Python314\python.exe
User: LAPTOP-I8K1DAMV\rohin"
"2026-04-21T13:22:59.5803028+05:30","5","Process terminated:
RuleName: -
UtcTime: 2026-04-21 07:52:59.579
ProcessGuid: {a65b9ff6-2cdb-69e7-d90f-000000001b00}
ProcessId: 6920
Image: C:\Windows\System32\conhost.exe
User: LAPTOP-I8K1DAMV\rohin"
"2026-04-21T13:22:59.5767147+05:30","5","Process terminated:
RuleName: -
UtcTime: 2026-04-21 07:52:59.573
ProcessGuid: {a65b9ff6-2cdb-69e7-d80f-000000001b00}
ProcessId: 18584
Image: C:\Program Files\Git\cmd\git.exe
User: LAPTOP-I8K1DAMV\rohin"
"2026-04-21T13:22:59.5701136+05:30","5","Process terminated:
RuleName: -
UtcTime: 2026-04-21 07:52:59.563
ProcessGuid: {a65b9ff6-2cdb-69e7-da0f-000000001b00}
ProcessId: 27184
Image: C:\Program Files\Git\mingw64\bin\git.exe
User: LAPTOP-I8K1DAMV\rohin"
"2026-04-21T13:22:52.8695317+05:30","5","Process terminated:
RuleName: -
UtcTime: 2026-04-21 07:52:52.868
ProcessGuid: {a65b9ff6-2cd4-69e7-d60f-000000001b00}
ProcessId: 1160
Image: C:\Windows\System32\conhost.exe
User: LAPTOP-I8K1DAMV\rohin"
"2026-04-21T13:22:52.8657651+05:30","5","Process terminated:
RuleName: -
UtcTime: 2026-04-21 07:52:52.864
ProcessGuid: {a65b9ff6-2cd4-69e7-d50f-000000001b00}
ProcessId: 24580
Image: C:\Program Files\Git\cmd\git.exe
User: LAPTOP-I8K1DAMV\rohin"
"2026-04-21T13:22:52.8612129+05:30","5","Process terminated:
RuleName: -
UtcTime: 2026-04-21 07:52:52.860
ProcessGuid: {a65b9ff6-2cd4-69e7-d70f-000000001b00}
ProcessId: 9584
Image: C:\Program Files\Git\mingw64\bin\git.exe
User: LAPTOP-I8K1DAMV\rohin"
"2026-04-21T13:22:52.5800044+05:30","5","Process terminated:
RuleName: -
UtcTime: 2026-04-21 07:52:52.579
ProcessGuid: {a65b9ff6-2b5b-69e7-3b0f-000000001b00}
ProcessId: 17804
Image: C:\Windows\System32\audiodg.exe
User: NT AUTHORITY\LOCAL SERVICE"
"2026-04-21T13:22:49.8498832+05:30","5","Process terminated:
RuleName: -
UtcTime: 2026-04-21 07:52:49.849
ProcessGuid: {a65b9ff6-2cd1-69e7-d40f-000000001b00}
ProcessId: 30792
Image: C:\Windows\System32\conhost.exe
User: LAPTOP-I8K1DAMV\rohin"
"2026-04-21T13:22:49.8455396+05:30","5","Process terminated:
RuleName: -
UtcTime: 2026-04-21 07:52:49.845
ProcessGuid: {a65b9ff6-2cd1-69e7-d30f-000000001b00}
ProcessId: 11516
Image: C:\Windows\System32\reg.exe
User: LAPTOP-I8K1DAMV\rohin"
"2026-04-21T13:22:49.7981748+05:30","5","Process terminated:
RuleName: -
UtcTime: 2026-04-21 07:52:49.797
ProcessGuid: {a65b9ff6-2cd1-69e7-d20f-000000001b00}
ProcessId: 14480
Image: C:\Windows\System32\conhost.exe
User: LAPTOP-I8K1DAMV\rohin"
"2026-04-21T13:22:49.7969815+05:30","5","Process terminated:
RuleName: -
UtcTime: 2026-04-21 07:52:49.794
ProcessGuid: {a65b9ff6-2cd1-69e7-d10f-000000001b00}
ProcessId: 9944
Image: C:\Windows\System32\reg.exe
User: LAPTOP-I8K1DAMV\rohin"
"2026-04-21T13:22:14.3671825+05:30","5","Process terminated:
RuleName: -
UtcTime: 2026-04-21 07:52:14.366
ProcessGuid: {a65b9ff6-2c46-69e7-ad0f-000000001b00}
ProcessId: 17352
Image: C:\Windows\System32\RuntimeBroker.exe
User: LAPTOP-I8K1DAMV\rohin"
"2026-04-21T13:21:59.5017126+05:30","5","Process terminated:
RuleName: -
UtcTime: 2026-04-21 07:51:59.501
ProcessGuid: {a65b9ff6-2c9f-69e7-cd0f-000000001b00}
ProcessId: 25980
Image: C:\Windows\System32\conhost.exe
User: LAPTOP-I8K1DAMV\rohin"
"2026-04-21T13:21:59.4980909+05:30","5","Process terminated:
RuleName: -
UtcTime: 2026-04-21 07:51:59.497
ProcessGuid: {a65b9ff6-2c9f-69e7-cc0f-000000001b00}
ProcessId: 12900
Image: C:\Program Files\Git\cmd\git.exe
User: LAPTOP-I8K1DAMV\rohin"
"2026-04-21T13:21:59.4925983+05:30","5","Process terminated:
RuleName: -
UtcTime: 2026-04-21 07:51:59.492
ProcessGuid: {a65b9ff6-2c9f-69e7-ce0f-000000001b00}
ProcessId: 5912
Image: C:\Program Files\Git\mingw64\bin\git.exe
User: LAPTOP-I8K1DAMV\rohin"
"2026-04-21T13:21:49.7896066+05:30","5","Process terminated:
RuleName: -
UtcTime: 2026-04-21 07:51:49.786
ProcessGuid: {a65b9ff6-2c95-69e7-ca0f-000000001b00}
ProcessId: 17236
Image: C:\Windows\System32\conhost.exe
User: LAPTOP-I8K1DAMV\rohin"
"2026-04-21T13:21:49.7868753+05:30","5","Process terminated:
RuleName: -
UtcTime: 2026-04-21 07:51:49.786
ProcessGuid: {a65b9ff6-2c95-69e7-c90f-000000001b00}
ProcessId: 22440
Image: C:\Windows\System32\reg.exe
User: LAPTOP-I8K1DAMV\rohin"
"2026-04-21T13:21:49.7442145+05:30","5","Process terminated:
RuleName: -
UtcTime: 2026-04-21 07:51:49.739
ProcessGuid: {a65b9ff6-2c95-69e7-c80f-000000001b00}
ProcessId: 29540
Image: C:\Windows\System32\conhost.exe
User: LAPTOP-I8K1DAMV\rohin"
"2026-04-21T13:21:49.7415844+05:30","5","Process terminated:
RuleName: -
UtcTime: 2026-04-21 07:51:49.739
ProcessGuid: {a65b9ff6-2c95-69e7-c70f-000000001b00}
ProcessId: 2392
Image: C:\Windows\System32\reg.exe
User: LAPTOP-I8K1DAMV\rohin"
"2026-04-21T13:21:49.5017385+05:30","5","Process terminated:
RuleName: -
UtcTime: 2026-04-21 07:51:49.501
ProcessGuid: {a65b9ff6-2c95-69e7-c60f-000000001b00}
ProcessId: 18136
Image: C:\msys64\ucrt64\bin\python.exe
User: LAPTOP-I8K1DAMV\rohin"
"2026-04-21T13:21:45.7298792+05:30","5","Process terminated:
RuleName: -
UtcTime: 2026-04-21 07:51:45.726
ProcessGuid: {a65b9ff6-2b9e-69e7-5c0f-000000001b00}
ProcessId: 11692
Image: C:\Windows\System32\svchost.exe
User: NT AUTHORITY\SYSTEM"
"2026-04-21T13:21:44.3357597+05:30","5","Process terminated:
RuleName: -
UtcTime: 2026-04-21 07:51:44.335
ProcessGuid: {a65b9ff6-2c44-69e7-ac0f-000000001b00}
ProcessId: 30596
Image: C:\Windows\System32\backgroundTaskHost.exe
User: LAPTOP-I8K1DAMV\rohin"
"2026-04-21T13:21:43.5830650+05:30","5","Process terminated:
RuleName: -
UtcTime: 2026-04-21 07:51:43.582
ProcessGuid: {a65b9ff6-2c8e-69e7-c50f-000000001b00}
ProcessId: 30568
Image: C:\Windows\System32\taskhostw.exe
User: NT AUTHORITY\SYSTEM"
"2026-04-21T13:21:43.4108965+05:30","5","Process terminated:
RuleName: -
UtcTime: 2026-04-21 07:51:43.410
ProcessGuid: {a65b9ff6-2c44-69e7-ab0f-000000001b00}
ProcessId: 6116
Image: C:\Windows\System32\backgroundTaskHost.exe
User: LAPTOP-I8K1DAMV\rohin"
"2026-04-21T13:21:39.0780607+05:30","5","Process terminated:
RuleName: -
UtcTime: 2026-04-21 07:51:39.077
ProcessGuid: {a65b9ff6-2b58-69e7-380f-000000001b00}
ProcessId: 11364
Image: C:\Windows\System32\smartscreen.exe
User: LAPTOP-I8K1DAMV\rohin"
"2026-04-21T13:21:21.0880402+05:30","5","Process terminated:
RuleName: -
UtcTime: 2026-04-21 07:51:21.087
ProcessGuid: {a65b9ff6-2c78-69e7-c30f-000000001b00}
ProcessId: 17364
Image: C:\Windows\System32\conhost.exe
User: LAPTOP-I8K1DAMV\rohin"
"2026-04-21T13:21:21.0806865+05:30","5","Process terminated:
RuleName: -
UtcTime: 2026-04-21 07:51:21.079
ProcessGuid: {a65b9ff6-2c78-69e7-c20f-000000001b00}
ProcessId: 17240
Image: C:\Program Files\Git\cmd\git.exe
User: LAPTOP-I8K1DAMV\rohin"
"2026-04-21T13:21:21.0682010+05:30","5","Process terminated:
RuleName: -
UtcTime: 2026-04-21 07:51:21.067
ProcessGuid: {a65b9ff6-2c79-69e7-c40f-000000001b00}
ProcessId: 11612
Image: C:\Program Files\Git\mingw64\bin\git.exe
User: LAPTOP-I8K1DAMV\rohin"
"2026-04-21T13:21:19.5577370+05:30","5","Process terminated:
RuleName: -
UtcTime: 2026-04-21 07:51:19.557
ProcessGuid: {a65b9ff6-2c77-69e7-c00f-000000001b00}
ProcessId: 15312
Image: C:\Windows\System32\conhost.exe
User: LAPTOP-I8K1DAMV\rohin"
"2026-04-21T13:21:19.5538576+05:30","5","Process terminated:
RuleName: -
UtcTime: 2026-04-21 07:51:19.553
ProcessGuid: {a65b9ff6-2c77-69e7-bf0f-000000001b00}
ProcessId: 11208
Image: C:\Program Files\Git\cmd\git.exe
User: LAPTOP-I8K1DAMV\rohin"
"2026-04-21T13:21:19.5498483+05:30","5","Process terminated:
RuleName: -
UtcTime: 2026-04-21 07:51:19.549
ProcessGuid: {a65b9ff6-2c77-69e7-c10f-000000001b00}
ProcessId: 31028
Image: C:\Program Files\Git\mingw64\bin\git.exe
User: LAPTOP-I8K1DAMV\rohin"
"2026-04-21T13:21:09.6698783+05:30","5","Process terminated:
RuleName: -
UtcTime: 2026-04-21 07:51:09.668
ProcessGuid: {a65b9ff6-2c6d-69e7-bd0f-000000001b00}
ProcessId: 13032
Image: C:\Windows\System32\conhost.exe
User: LAPTOP-I8K1DAMV\rohin"
"2026-04-21T13:21:09.6666017+05:30","5","Process terminated:
RuleName: -
UtcTime: 2026-04-21 07:51:09.665
ProcessGuid: {a65b9ff6-2c6d-69e7-bc0f-000000001b00}
ProcessId: 13116
Image: C:\Program Files\Git\cmd\git.exe
User: LAPTOP-I8K1DAMV\rohin"
"2026-04-21T13:21:09.6611750+05:30","5","Process terminated:
RuleName: -
UtcTime: 2026-04-21 07:51:09.660
ProcessGuid: {a65b9ff6-2c6d-69e7-be0f-000000001b00}
ProcessId: 30344
Image: C:\Program Files\Git\mingw64\bin\git.exe
User: LAPTOP-I8K1DAMV\rohin"
"2026-04-21T13:21:01.9263588+05:30","5","Process terminated:
RuleName: -
UtcTime: 2026-04-21 07:51:01.925
ProcessGuid: {a65b9ff6-2c65-69e7-ba0f-000000001b00}
ProcessId: 30740
Image: C:\Windows\System32\taskhostw.exe
User: LAPTOP-I8K1DAMV\rohin"
"2026-04-21T13:21:01.9228802+05:30","5","Process terminated:
RuleName: -
UtcTime: 2026-04-21 07:51:01.921
ProcessGuid: {a65b9ff6-2c65-69e7-bb0f-000000001b00}
ProcessId: 18104
Image: C:\Windows\SystemApps\MicrosoftWindows.Client.CBS_cw5n1h2txyewy\SoftLandingTask\SoftLandingTask.exe
User: LAPTOP-I8K1DAMV\rohin"
"2026-04-21T13:20:57.9472883+05:30","5","Process terminated:
RuleName: -
UtcTime: 2026-04-21 07:50:57.946
ProcessGuid: {a65b9ff6-2c61-69e7-b90f-000000001b00}
ProcessId: 16236
Image: C:\Windows\System32\wermgr.exe
User: NT AUTHORITY\SYSTEM"
"2026-04-21T13:20:57.6035463+05:30","5","Process terminated:
RuleName: -
UtcTime: 2026-04-21 07:50:57.603
ProcessGuid: {a65b9ff6-2c61-69e7-b80f-000000001b00}
ProcessId: 10968
Image: C:\msys64\ucrt64\bin\python.exe
User: LAPTOP-I8K1DAMV\rohin"
"2026-04-21T13:20:49.7976386+05:30","5","Process terminated:
RuleName: -
UtcTime: 2026-04-21 07:50:49.792
ProcessGuid: {a65b9ff6-2c59-69e7-b70f-000000001b00}
ProcessId: 28368
Image: C:\Windows\System32\conhost.exe
User: LAPTOP-I8K1DAMV\rohin"
"2026-04-21T13:20:49.7930802+05:30","5","Process terminated:
RuleName: -
UtcTime: 2026-04-21 07:50:49.792
ProcessGuid: {a65b9ff6-2c59-69e7-b60f-000000001b00}
ProcessId: 1800
Image: C:\Windows\System32\reg.exe
User: LAPTOP-I8K1DAMV\rohin"
"2026-04-21T13:20:49.7425865+05:30","5","Process terminated:
RuleName: -
UtcTime: 2026-04-21 07:50:49.739
ProcessGuid: {a65b9ff6-2c59-69e7-b50f-000000001b00}
ProcessId: 2900
Image: C:\Windows\System32\conhost.exe
User: LAPTOP-I8K1DAMV\rohin"
"2026-04-21T13:20:49.7399221+05:30","5","Process terminated:
RuleName: -
UtcTime: 2026-04-21 07:50:49.739
ProcessGuid: {a65b9ff6-2c59-69e7-b40f-000000001b00}
ProcessId: 16408
Image: C:\Windows\System32\reg.exe
User: LAPTOP-I8K1DAMV\rohin"
"2026-04-21T13:20:36.7358618+05:30","5","Process terminated:
RuleName: -
UtcTime: 2026-04-21 07:50:36.734
ProcessGuid: {a65b9ff6-2c4c-69e7-b30f-000000001b00}
ProcessId: 25844
Image: C:\Windows\System32\conhost.exe
User: LAPTOP-I8K1DAMV\rohin"
"2026-04-21T13:20:36.7325613+05:30","5","Process terminated:
RuleName: -
UtcTime: 2026-04-21 07:50:36.731
ProcessGuid: {a65b9ff6-2c4c-69e7-b20f-000000001b00}
ProcessId: 31464
Image: C:\Windows\System32\reg.exe
User: LAPTOP-I8K1DAMV\rohin"
"2026-04-21T13:20:36.6779108+05:30","5","Process terminated:
RuleName: -
UtcTime: 2026-04-21 07:50:36.677
ProcessGuid: {a65b9ff6-2c4c-69e7-b10f-000000001b00}
ProcessId: 28320
Image: C:\Windows\System32\conhost.exe
User: LAPTOP-I8K1DAMV\rohin"
"2026-04-21T13:20:36.6728468+05:30","5","Process terminated:
RuleName: -
UtcTime: 2026-04-21 07:50:36.672
ProcessGuid: {a65b9ff6-2c4c-69e7-b00f-000000001b00}
ProcessId: 23756
Image: C:\Windows\System32\reg.exe
User: LAPTOP-I8K1DAMV\rohin"
"2026-04-21T13:20:18.0151947+05:30","5","Process terminated:
RuleName: -
UtcTime: 2026-04-21 07:50:18.014
ProcessGuid: {a65b9ff6-2c0a-69e7-a50f-000000001b00}
ProcessId: 7788
Image: C:\msys64\ucrt64\bin\python.exe
User: LAPTOP-I8K1DAMV\rohin"
"2026-04-21T13:20:17.9837945+05:30","5","Process terminated:
RuleName: -
UtcTime: 2026-04-21 07:50:17.983
ProcessGuid: {a65b9ff6-2c0a-69e7-a60f-000000001b00}
ProcessId: 2044
Image: C:\Windows\System32\WindowsPowerShell\v1.0\powershell.exe
User: LAPTOP-I8K1DAMV\rohin"
"2026-04-21T13:19:49.8181374+05:30","5","Process terminated:
RuleName: -
UtcTime: 2026-04-21 07:49:49.817
ProcessGuid: {a65b9ff6-2c1d-69e7-aa0f-000000001b00}
ProcessId: 2392
Image: C:\Windows\System32\conhost.exe
User: LAPTOP-I8K1DAMV\rohin"
"2026-04-21T13:19:49.8149194+05:30","5","Process terminated:
RuleName: -
UtcTime: 2026-04-21 07:49:49.814
ProcessGuid: {a65b9ff6-2c1d-69e7-a90f-000000001b00}
ProcessId: 18500
Image: C:\Windows\System32\reg.exe
User: LAPTOP-I8K1DAMV\rohin"
"2026-04-21T13:19:49.7590176+05:30","5","Process terminated:
RuleName: -
UtcTime: 2026-04-21 07:49:49.758
ProcessGuid: {a65b9ff6-2c1d-69e7-a80f-000000001b00}
ProcessId: 30320
Image: C:\Windows\System32\conhost.exe
User: LAPTOP-I8K1DAMV\rohin"
"2026-04-21T13:19:49.7550372+05:30","5","Process terminated:
RuleName: -
UtcTime: 2026-04-21 07:49:49.754
ProcessGuid: {a65b9ff6-2c1d-69e7-a70f-000000001b00}
ProcessId: 20836
Image: C:\Windows\System32\reg.exe
User: LAPTOP-I8K1DAMV\rohin"
"2026-04-21T13:19:47.4121884+05:30","5","Process terminated:
RuleName: -
UtcTime: 2026-04-21 07:49:47.409
ProcessGuid: {a65b9ff6-2bf3-69e7-a30f-000000001b00}
ProcessId: 31240
Image: C:\Windows\System32\RuntimeBroker.exe
User: LAPTOP-I8K1DAMV\rohin"
"2026-04-21T13:19:13.3828061+05:30","5","Process terminated:
RuleName: -
UtcTime: 2026-04-21 07:49:13.367
ProcessGuid: {a65b9ff6-2acd-69e7-240f-000000001b00}
ProcessId: 29636
Image: C:\Windows\System32\svchost.exe
User: NT AUTHORITY\SYSTEM"
"2026-04-21T13:19:07.3831576+05:30","5","Process terminated:
RuleName: -
UtcTime: 2026-04-21 07:49:07.383
ProcessGuid: {a65b9ff6-2bf2-69e7-a20f-000000001b00}
ProcessId: 12496
Image: C:\Program Files\Adobe\Acrobat DC\Acrobat\RDCNotificationClient\FullTrustNotifier.exe
User: LAPTOP-I8K1DAMV\rohin"
"2026-04-21T13:18:49.7968044+05:30","5","Process terminated:
RuleName: -
UtcTime: 2026-04-21 07:48:49.796
ProcessGuid: {a65b9ff6-2be1-69e7-a10f-000000001b00}
ProcessId: 12620
Image: C:\Windows\System32\conhost.exe
User: LAPTOP-I8K1DAMV\rohin"
"2026-04-21T13:18:49.7942203+05:30","5","Process terminated:
RuleName: -
UtcTime: 2026-04-21 07:48:49.793
ProcessGuid: {a65b9ff6-2be1-69e7-a00f-000000001b00}
ProcessId: 29840
Image: C:\Windows\System32\reg.exe
User: LAPTOP-I8K1DAMV\rohin"
"2026-04-21T13:18:49.7443553+05:30","5","Process terminated:
RuleName: -
UtcTime: 2026-04-21 07:48:49.744
ProcessGuid: {a65b9ff6-2be1-69e7-9f0f-000000001b00}
ProcessId: 17084
Image: C:\Windows\System32\conhost.exe
User: LAPTOP-I8K1DAMV\rohin"
"2026-04-21T13:18:49.7402951+05:30","5","Process terminated:
RuleName: -
UtcTime: 2026-04-21 07:48:49.739
ProcessGuid: {a65b9ff6-2be1-69e7-9e0f-000000001b00}
ProcessId: 30304
Image: C:\Windows\System32\reg.exe
User: LAPTOP-I8K1DAMV\rohin"
"2026-04-21T13:18:39.2910119+05:30","5","Process terminated:
RuleName: -
UtcTime: 2026-04-21 07:48:39.290
ProcessGuid: {a65b9ff6-2bbc-69e7-750f-000000001b00}
ProcessId: 13292
Image: C:\msys64\ucrt64\bin\python.exe
User: LAPTOP-I8K1DAMV\rohin"
"2026-04-21T13:18:39.2417195+05:30","11","File created:
RuleName: -
UtcTime: 2026-04-21 07:48:39.240
ProcessGuid: {a65b9ff6-2bbc-69e7-750f-000000001b00}
ProcessId: 13292
Image: C:\msys64\ucrt64\bin\python.exe
TargetFilename: D:\BTP\Log-Anamoly-Detection\scripts\attack_files\attack_file_029.txt
CreationUtcTime: 2026-04-20 23:20:31.383
User: LAPTOP-I8K1DAMV\rohin"
"2026-04-21T13:18:39.2098669+05:30","11","File created:
RuleName: -
UtcTime: 2026-04-21 07:48:39.209
ProcessGuid: {a65b9ff6-2bbc-69e7-750f-000000001b00}
ProcessId: 13292
Image: C:\msys64\ucrt64\bin\python.exe
TargetFilename: D:\BTP\Log-Anamoly-Detection\scripts\attack_files\attack_file_028.txt
CreationUtcTime: 2026-04-20 23:20:31.378
User: LAPTOP-I8K1DAMV\rohin"
"2026-04-21T13:18:39.1781233+05:30","11","File created:
RuleName: -
UtcTime: 2026-04-21 07:48:39.177
ProcessGuid: {a65b9ff6-2bbc-69e7-750f-000000001b00}
ProcessId: 13292
Image: C:\msys64\ucrt64\bin\python.exe
TargetFilename: D:\BTP\Log-Anamoly-Detection\scripts\attack_files\attack_file_027.txt
CreationUtcTime: 2026-04-20 23:20:31.373
User: LAPTOP-I8K1DAMV\rohin"
"2026-04-21T13:18:39.1467467+05:30","11","File created:
RuleName: -
UtcTime: 2026-04-21 07:48:39.145
ProcessGuid: {a65b9ff6-2bbc-69e7-750f-000000001b00}
ProcessId: 13292
Image: C:\msys64\ucrt64\bin\python.exe
TargetFilename: D:\BTP\Log-Anamoly-Detection\scripts\attack_files\attack_file_026.txt
CreationUtcTime: 2026-04-20 23:20:31.367
User: LAPTOP-I8K1DAMV\rohin"
"2026-04-21T13:18:39.1141731+05:30","11","File created:
RuleName: -
UtcTime: 2026-04-21 07:48:39.113
ProcessGuid: {a65b9ff6-2bbc-69e7-750f-000000001b00}
ProcessId: 13292
Image: C:\msys64\ucrt64\bin\python.exe
TargetFilename: D:\BTP\Log-Anamoly-Detection\scripts\attack_files\attack_file_025.txt
CreationUtcTime: 2026-04-20 23:20:31.362
User: LAPTOP-I8K1DAMV\rohin"
"2026-04-21T13:18:39.0825623+05:30","11","File created:
RuleName: -
UtcTime: 2026-04-21 07:48:39.081
ProcessGuid: {a65b9ff6-2bbc-69e7-750f-000000001b00}
ProcessId: 13292
Image: C:\msys64\ucrt64\bin\python.exe
TargetFilename: D:\BTP\Log-Anamoly-Detection\scripts\attack_files\attack_file_024.txt
CreationUtcTime: 2026-04-20 23:20:31.358
User: LAPTOP-I8K1DAMV\rohin"
"2026-04-21T13:18:39.0505971+05:30","11","File created:
RuleName: -
UtcTime: 2026-04-21 07:48:39.049
ProcessGuid: {a65b9ff6-2bbc-69e7-750f-000000001b00}
ProcessId: 13292
Image: C:\msys64\ucrt64\bin\python.exe
TargetFilename: D:\BTP\Log-Anamoly-Detection\scripts\attack_files\attack_file_023.txt
CreationUtcTime: 2026-04-20 23:20:31.349
User: LAPTOP-I8K1DAMV\rohin"
"2026-04-21T13:18:39.0187778+05:30","11","File created:
RuleName: -
UtcTime: 2026-04-21 07:48:39.017
ProcessGuid: {a65b9ff6-2bbc-69e7-750f-000000001b00}
ProcessId: 13292
Image: C:\msys64\ucrt64\bin\python.exe
TargetFilename: D:\BTP\Log-Anamoly-Detection\scripts\attack_files\attack_file_022.txt
CreationUtcTime: 2026-04-20 23:20:31.344
User: LAPTOP-I8K1DAMV\rohin"
"2026-04-21T13:18:38.9858342+05:30","11","File created:
RuleName: -
UtcTime: 2026-04-21 07:48:38.984
ProcessGuid: {a65b9ff6-2bbc-69e7-750f-000000001b00}
ProcessId: 13292
Image: C:\msys64\ucrt64\bin\python.exe
TargetFilename: D:\BTP\Log-Anamoly-Detection\scripts\attack_files\attack_file_021.txt
CreationUtcTime: 2026-04-20 23:20:31.342
User: LAPTOP-I8K1DAMV\rohin"
"2026-04-21T13:18:38.9540699+05:30","11","File created:
RuleName: -
UtcTime: 2026-04-21 07:48:38.953
ProcessGuid: {a65b9ff6-2bbc-69e7-750f-000000001b00}
ProcessId: 13292
Image: C:\msys64\ucrt64\bin\python.exe
TargetFilename: D:\BTP\Log-Anamoly-Detection\scripts\attack_files\attack_file_020.txt
CreationUtcTime: 2026-04-20 23:20:31.334
User: LAPTOP-I8K1DAMV\rohin"
"2026-04-21T13:18:38.9221852+05:30","11","File created:
RuleName: -
UtcTime: 2026-04-21 07:48:38.921
ProcessGuid: {a65b9ff6-2bbc-69e7-750f-000000001b00}
ProcessId: 13292
Image: C:\msys64\ucrt64\bin\python.exe
TargetFilename: D:\BTP\Log-Anamoly-Detection\scripts\attack_files\attack_file_019.txt
CreationUtcTime: 2026-04-20 23:20:31.326
User: LAPTOP-I8K1DAMV\rohin"
"2026-04-21T13:18:38.8904940+05:30","11","File created:
RuleName: -
UtcTime: 2026-04-21 07:48:38.890
ProcessGuid: {a65b9ff6-2bbc-69e7-750f-000000001b00}
ProcessId: 13292
Image: C:\msys64\ucrt64\bin\python.exe
TargetFilename: D:\BTP\Log-Anamoly-Detection\scripts\attack_files\attack_file_018.txt
CreationUtcTime: 2026-04-20 23:20:31.320
User: LAPTOP-I8K1DAMV\rohin"
"2026-04-21T13:18:38.8579196+05:30","11","File created:
RuleName: -
UtcTime: 2026-04-21 07:48:38.857
ProcessGuid: {a65b9ff6-2bbc-69e7-750f-000000001b00}
ProcessId: 13292
Image: C:\msys64\ucrt64\bin\python.exe
TargetFilename: D:\BTP\Log-Anamoly-Detection\scripts\attack_files\attack_file_017.txt
CreationUtcTime: 2026-04-20 23:20:31.316
User: LAPTOP-I8K1DAMV\rohin"
"2026-04-21T13:18:38.8261469+05:30","11","File created:
RuleName: -
UtcTime: 2026-04-21 07:48:38.825
ProcessGuid: {a65b9ff6-2bbc-69e7-750f-000000001b00}
ProcessId: 13292
Image: C:\msys64\ucrt64\bin\python.exe
TargetFilename: D:\BTP\Log-Anamoly-Detection\scripts\attack_files\attack_file_016.txt
CreationUtcTime: 2026-04-20 23:20:31.308
User: LAPTOP-I8K1DAMV\rohin"
"2026-04-21T13:18:38.7956170+05:30","11","File created:
RuleName: -
UtcTime: 2026-04-21 07:48:38.792
ProcessGuid: {a65b9ff6-2bbc-69e7-750f-000000001b00}
ProcessId: 13292
Image: C:\msys64\ucrt64\bin\python.exe
TargetFilename: D:\BTP\Log-Anamoly-Detection\scripts\attack_files\attack_file_015.txt
CreationUtcTime: 2026-04-20 23:20:31.304
User: LAPTOP-I8K1DAMV\rohin"
"2026-04-21T13:18:38.7619041+05:30","11","File created:
RuleName: -
UtcTime: 2026-04-21 07:48:38.760
ProcessGuid: {a65b9ff6-2bbc-69e7-750f-000000001b00}
ProcessId: 13292
Image: C:\msys64\ucrt64\bin\python.exe
TargetFilename: D:\BTP\Log-Anamoly-Detection\scripts\attack_files\attack_file_014.txt
CreationUtcTime: 2026-04-20 23:20:31.296
User: LAPTOP-I8K1DAMV\rohin"
"2026-04-21T13:18:38.7289667+05:30","11","File created:
RuleName: -
UtcTime: 2026-04-21 07:48:38.728
ProcessGuid: {a65b9ff6-2bbc-69e7-750f-000000001b00}
ProcessId: 13292
Image: C:\msys64\ucrt64\bin\python.exe
TargetFilename: D:\BTP\Log-Anamoly-Detection\scripts\attack_files\attack_file_013.txt
CreationUtcTime: 2026-04-20 23:20:31.292
User: LAPTOP-I8K1DAMV\rohin"
"2026-04-21T13:18:38.6968883+05:30","11","File created:
RuleName: -
UtcTime: 2026-04-21 07:48:38.695
ProcessGuid: {a65b9ff6-2bbc-69e7-750f-000000001b00}
ProcessId: 13292
Image: C:\msys64\ucrt64\bin\python.exe
TargetFilename: D:\BTP\Log-Anamoly-Detection\scripts\attack_files\attack_file_012.txt
CreationUtcTime: 2026-04-20 23:20:31.276
User: LAPTOP-I8K1DAMV\rohin"
"2026-04-21T13:18:38.6647887+05:30","11","File created:
RuleName: -
UtcTime: 2026-04-21 07:48:38.663
ProcessGuid: {a65b9ff6-2bbc-69e7-750f-000000001b00}
ProcessId: 13292
Image: C:\msys64\ucrt64\bin\python.exe
TargetFilename: D:\BTP\Log-Anamoly-Detection\scripts\attack_files\attack_file_011.txt
CreationUtcTime: 2026-04-20 23:20:31.276
User: LAPTOP-I8K1DAMV\rohin"
"2026-04-21T13:18:38.6334105+05:30","11","File created:
RuleName: -
UtcTime: 2026-04-21 07:48:38.632
ProcessGuid: {a65b9ff6-2bbc-69e7-750f-000000001b00}
ProcessId: 13292
Image: C:\msys64\ucrt64\bin\python.exe
TargetFilename: D:\BTP\Log-Anamoly-Detection\scripts\attack_files\attack_file_010.txt
CreationUtcTime: 2026-04-20 23:20:31.263
User: LAPTOP-I8K1DAMV\rohin"
"2026-04-21T13:18:38.6006771+05:30","11","File created:
RuleName: -
UtcTime: 2026-04-21 07:48:38.600
ProcessGuid: {a65b9ff6-2bbc-69e7-750f-000000001b00}
ProcessId: 13292
Image: C:\msys64\ucrt64\bin\python.exe
TargetFilename: D:\BTP\Log-Anamoly-Detection\scripts\attack_files\attack_file_009.txt
CreationUtcTime: 2026-04-20 23:20:31.259
User: LAPTOP-I8K1DAMV\rohin"
"2026-04-21T13:18:38.5685324+05:30","11","File created:
RuleName: -
UtcTime: 2026-04-21 07:48:38.568
ProcessGuid: {a65b9ff6-2bbc-69e7-750f-000000001b00}
ProcessId: 13292
Image: C:\msys64\ucrt64\bin\python.exe
TargetFilename: D:\BTP\Log-Anamoly-Detection\scripts\attack_files\attack_file_008.txt
CreationUtcTime: 2026-04-20 23:20:31.251
User: LAPTOP-I8K1DAMV\rohin"
"2026-04-21T13:18:38.5366950+05:30","11","File created:
RuleName: -
UtcTime: 2026-04-21 07:48:38.535
ProcessGuid: {a65b9ff6-2bbc-69e7-750f-000000001b00}
ProcessId: 13292
Image: C:\msys64\ucrt64\bin\python.exe
TargetFilename: D:\BTP\Log-Anamoly-Detection\scripts\attack_files\attack_file_007.txt
CreationUtcTime: 2026-04-20 23:20:31.245
User: LAPTOP-I8K1DAMV\rohin"
"2026-04-21T13:18:38.5044213+05:30","11","File created:
RuleName: -
UtcTime: 2026-04-21 07:48:38.504
ProcessGuid: {a65b9ff6-2bbc-69e7-750f-000000001b00}
ProcessId: 13292
Image: C:\msys64\ucrt64\bin\python.exe
TargetFilename: D:\BTP\Log-Anamoly-Detection\scripts\attack_files\attack_file_006.txt
CreationUtcTime: 2026-04-20 23:20:31.241
User: LAPTOP-I8K1DAMV\rohin"
"2026-04-21T13:18:38.4717249+05:30","11","File created:
RuleName: -
UtcTime: 2026-04-21 07:48:38.470
ProcessGuid: {a65b9ff6-2bbc-69e7-750f-000000001b00}
ProcessId: 13292
Image: C:\msys64\ucrt64\bin\python.exe
TargetFilename: D:\BTP\Log-Anamoly-Detection\scripts\attack_files\attack_file_005.txt
CreationUtcTime: 2026-04-20 23:20:31.235
User: LAPTOP-I8K1DAMV\rohin"
"2026-04-21T13:18:38.4399367+05:30","11","File created:
RuleName: -
UtcTime: 2026-04-21 07:48:38.439
ProcessGuid: {a65b9ff6-2bbc-69e7-750f-000000001b00}
ProcessId: 13292
Image: C:\msys64\ucrt64\bin\python.exe
TargetFilename: D:\BTP\Log-Anamoly-Detection\scripts\attack_files\attack_file_004.txt
CreationUtcTime: 2026-04-20 23:20:31.229
User: LAPTOP-I8K1DAMV\rohin"
"2026-04-21T13:18:38.4085061+05:30","11","File created:
RuleName: -
UtcTime: 2026-04-21 07:48:38.407
ProcessGuid: {a65b9ff6-2bbc-69e7-750f-000000001b00}
ProcessId: 13292
Image: C:\msys64\ucrt64\bin\python.exe
TargetFilename: D:\BTP\Log-Anamoly-Detection\scripts\attack_files\attack_file_003.txt
CreationUtcTime: 2026-04-20 23:20:31.223
User: LAPTOP-I8K1DAMV\rohin"
"2026-04-21T13:18:38.3765650+05:30","11","File created:
RuleName: -
UtcTime: 2026-04-21 07:48:38.375
ProcessGuid: {a65b9ff6-2bbc-69e7-750f-000000001b00}
ProcessId: 13292
Image: C:\msys64\ucrt64\bin\python.exe
TargetFilename: D:\BTP\Log-Anamoly-Detection\scripts\attack_files\attack_file_002.txt
CreationUtcTime: 2026-04-20 23:20:31.221
User: LAPTOP-I8K1DAMV\rohin"
"2026-04-21T13:18:38.3361788+05:30","11","File created:
RuleName: -
UtcTime: 2026-04-21 07:48:38.336
ProcessGuid: {a65b9ff6-2bbc-69e7-750f-000000001b00}
ProcessId: 13292
Image: C:\msys64\ucrt64\bin\python.exe
TargetFilename: D:\BTP\Log-Anamoly-Detection\scripts\attack_files\attack_file_001.txt
CreationUtcTime: 2026-04-20 23:20:31.215
User: LAPTOP-I8K1DAMV\rohin"
"2026-04-21T13:18:38.3027816+05:30","11","File created:
RuleName: -
UtcTime: 2026-04-21 07:48:38.302
ProcessGuid: {a65b9ff6-2bbc-69e7-750f-000000001b00}
ProcessId: 13292
Image: C:\msys64\ucrt64\bin\python.exe
TargetFilename: D:\BTP\Log-Anamoly-Detection\scripts\attack_files\attack_file_000.txt
CreationUtcTime: 2026-04-20 23:20:31.209
User: LAPTOP-I8K1DAMV\rohin"
"2026-04-21T13:18:38.0804003+05:30","5","Process terminated:
RuleName: -
UtcTime: 2026-04-21 07:48:38.080
ProcessGuid: {a65b9ff6-2bd5-69e7-9d0f-000000001b00}
ProcessId: 9584
Image: C:\Windows\System32\WindowsPowerShell\v1.0\powershell.exe
User: LAPTOP-I8K1DAMV\rohin"
"2026-04-21T13:18:37.3827222+05:30","5","Process terminated:
RuleName: -
UtcTime: 2026-04-21 07:48:37.382
ProcessGuid: {a65b9ff6-2bd4-69e7-9c0f-000000001b00}
ProcessId: 24992
Image: C:\Windows\System32\WindowsPowerShell\v1.0\powershell.exe
User: LAPTOP-I8K1DAMV\rohin"
"2026-04-21T13:18:36.6709984+05:30","5","Process terminated:
RuleName: -
UtcTime: 2026-04-21 07:48:36.667
ProcessGuid: {a65b9ff6-2bd4-69e7-9b0f-000000001b00}
ProcessId: 18620
Image: C:\Windows\System32\WindowsPowerShell\v1.0\powershell.exe
User: LAPTOP-I8K1DAMV\rohin"
"2026-04-21T13:18:35.9867038+05:30","5","Process terminated:
RuleName: -
UtcTime: 2026-04-21 07:48:35.986
ProcessGuid: {a65b9ff6-2bd3-69e7-9a0f-000000001b00}
ProcessId: 28304
Image: C:\Windows\System32\WindowsPowerShell\v1.0\powershell.exe
User: LAPTOP-I8K1DAMV\rohin"
"2026-04-21T13:18:35.6273994+05:30","5","Process terminated:
RuleName: -
UtcTime: 2026-04-21 07:48:35.626
ProcessGuid: {a65b9ff6-2bce-69e7-8f0f-000000001b00}
ProcessId: 10576
Image: C:\Windows\System32\dllhost.exe
User: LAPTOP-I8K1DAMV\rohin"
"2026-04-21T13:18:35.3154540+05:30","5","Process terminated:
RuleName: -
UtcTime: 2026-04-21 07:48:35.301
ProcessGuid: {a65b9ff6-2bd2-69e7-990f-000000001b00}
ProcessId: 31432
Image: C:\Windows\System32\WindowsPowerShell\v1.0\powershell.exe
User: LAPTOP-I8K1DAMV\rohin"
"2026-04-21T13:18:34.6168039+05:30","5","Process terminated:
RuleName: -
UtcTime: 2026-04-21 07:48:34.615
ProcessGuid: {a65b9ff6-2bd2-69e7-980f-000000001b00}
ProcessId: 18808
Image: C:\Windows\System32\WindowsPowerShell\v1.0\powershell.exe
User: LAPTOP-I8K1DAMV\rohin"
"2026-04-21T13:18:33.9179227+05:30","5","Process terminated:
RuleName: -
UtcTime: 2026-04-21 07:48:33.916
ProcessGuid: {a65b9ff6-2bd1-69e7-970f-000000001b00}
ProcessId: 14404
Image: C:\Windows\System32\WindowsPowerShell\v1.0\powershell.exe
User: LAPTOP-I8K1DAMV\rohin"
"2026-04-21T13:18:33.2199760+05:30","5","Process terminated:
RuleName: -
UtcTime: 2026-04-21 07:48:33.219
ProcessGuid: {a65b9ff6-2bd0-69e7-960f-000000001b00}
ProcessId: 31524
Image: C:\Windows\System32\WindowsPowerShell\v1.0\powershell.exe
User: LAPTOP-I8K1DAMV\rohin"
"2026-04-21T13:18:32.5291613+05:30","5","Process terminated:
RuleName: -
UtcTime: 2026-04-21 07:48:32.528
ProcessGuid: {a65b9ff6-2bd0-69e7-950f-000000001b00}
ProcessId: 26844
Image: C:\Windows\System32\WindowsPowerShell\v1.0\powershell.exe
User: LAPTOP-I8K1DAMV\rohin"
"2026-04-21T13:18:31.8054312+05:30","5","Process terminated:
RuleName: -
UtcTime: 2026-04-21 07:48:31.804
ProcessGuid: {a65b9ff6-2bcf-69e7-940f-000000001b00}
ProcessId: 22888
Image: C:\Windows\System32\WindowsPowerShell\v1.0\powershell.exe
User: LAPTOP-I8K1DAMV\rohin"
"2026-04-21T13:18:30.9752739+05:30","5","Process terminated:
RuleName: -
UtcTime: 2026-04-21 07:48:30.963
ProcessGuid: {a65b9ff6-2bce-69e7-8e0f-000000001b00}
ProcessId: 21764
Image: C:\Windows\System32\WindowsPowerShell\v1.0\powershell.exe
User: LAPTOP-I8K1DAMV\rohin"
"2026-04-21T13:18:30.6852005+05:30","5","Process terminated:
RuleName: -
UtcTime: 2026-04-21 07:48:30.684
ProcessGuid: {a65b9ff6-2bce-69e7-930f-000000001b00}
ProcessId: 2392
Image: C:\Windows\System32\conhost.exe
User: LAPTOP-I8K1DAMV\rohin"
"2026-04-21T13:18:30.6803211+05:30","5","Process terminated:
RuleName: -
UtcTime: 2026-04-21 07:48:30.679
ProcessGuid: {a65b9ff6-2bce-69e7-920f-000000001b00}
ProcessId: 28800
Image: C:\Windows\System32\reg.exe
User: LAPTOP-I8K1DAMV\rohin"
"2026-04-21T13:18:30.6232499+05:30","5","Process terminated:
RuleName: -
UtcTime: 2026-04-21 07:48:30.622
ProcessGuid: {a65b9ff6-2bce-69e7-910f-000000001b00}
ProcessId: 30320
Image: C:\Windows\System32\conhost.exe
User: LAPTOP-I8K1DAMV\rohin"
"2026-04-21T13:18:30.6188314+05:30","5","Process terminated:
RuleName: -
UtcTime: 2026-04-21 07:48:30.618
ProcessGuid: {a65b9ff6-2bce-69e7-900f-000000001b00}
ProcessId: 26520
Image: C:\Windows\System32\reg.exe
User: LAPTOP-I8K1DAMV\rohin"
"2026-04-21T13:18:30.4510120+05:30","5","Process terminated:
RuleName: -
UtcTime: 2026-04-21 07:48:30.450
ProcessGuid: {a65b9ff6-2baf-69e7-6b0f-000000001b00}
ProcessId: 29640
Image: C:\Windows\System32\sppsvc.exe
User: NT AUTHORITY\NETWORK SERVICE"
"2026-04-21T13:18:30.2400334+05:30","5","Process terminated:
RuleName: -
UtcTime: 2026-04-21 07:48:30.239
ProcessGuid: {a65b9ff6-2bcd-69e7-8d0f-000000001b00}
ProcessId: 13180
Image: C:\Windows\System32\WindowsPowerShell\v1.0\powershell.exe
User: LAPTOP-I8K1DAMV\rohin"
"2026-04-21T13:18:29.2765322+05:30","5","Process terminated:
RuleName: -
UtcTime: 2026-04-21 07:48:29.275
ProcessGuid: {a65b9ff6-2bcc-69e7-8c0f-000000001b00}
ProcessId: 11012
Image: C:\Windows\System32\WindowsPowerShell\v1.0\powershell.exe
User: LAPTOP-I8K1DAMV\rohin"
"2026-04-21T13:18:28.4439866+05:30","5","Process terminated:
RuleName: -
UtcTime: 2026-04-21 07:48:28.443
ProcessGuid: {a65b9ff6-2bcb-69e7-8b0f-000000001b00}
ProcessId: 10692
Image: C:\Windows\System32\WindowsPowerShell\v1.0\powershell.exe
User: LAPTOP-I8K1DAMV\rohin"
"2026-04-21T13:18:27.6421191+05:30","5","Process terminated:
RuleName: -
UtcTime: 2026-04-21 07:48:27.642
ProcessGuid: {a65b9ff6-2bcb-69e7-8a0f-000000001b00}
ProcessId: 9844
Image: C:\Windows\System32\WindowsPowerShell\v1.0\powershell.exe
User: LAPTOP-I8K1DAMV\rohin"
"2026-04-21T13:18:26.9951081+05:30","5","Process terminated:
RuleName: -
UtcTime: 2026-04-21 07:48:26.994
ProcessGuid: {a65b9ff6-2bca-69e7-890f-000000001b00}
ProcessId: 31040
Image: C:\Windows\System32\WindowsPowerShell\v1.0\powershell.exe
User: LAPTOP-I8K1DAMV\rohin"
"2026-04-21T13:18:26.3559530+05:30","5","Process terminated:
RuleName: -
UtcTime: 2026-04-21 07:48:26.351
ProcessGuid: {a65b9ff6-2bc9-69e7-880f-000000001b00}
ProcessId: 31588
Image: C:\Windows\System32\WindowsPowerShell\v1.0\powershell.exe
User: LAPTOP-I8K1DAMV\rohin"
"2026-04-21T13:18:25.7331482+05:30","5","Process terminated:
RuleName: -
UtcTime: 2026-04-21 07:48:25.724
ProcessGuid: {a65b9ff6-2bc9-69e7-870f-000000001b00}
ProcessId: 27752
Image: C:\Windows\System32\WindowsPowerShell\v1.0\powershell.exe
User: LAPTOP-I8K1DAMV\rohin"
"2026-04-21T13:18:25.0708096+05:30","5","Process terminated:
RuleName: -
UtcTime: 2026-04-21 07:48:25.069
ProcessGuid: {a65b9ff6-2bc8-69e7-860f-000000001b00}
ProcessId: 12172
Image: C:\Windows\System32\WindowsPowerShell\v1.0\powershell.exe
User: LAPTOP-I8K1DAMV\rohin"
"2026-04-21T13:18:24.4145183+05:30","5","Process terminated:
RuleName: -
UtcTime: 2026-04-21 07:48:24.413
ProcessGuid: {a65b9ff6-2bc7-69e7-850f-000000001b00}
ProcessId: 18364
Image: C:\Windows\System32\WindowsPowerShell\v1.0\powershell.exe
User: LAPTOP-I8K1DAMV\rohin"
"2026-04-21T13:18:23.7777196+05:30","5","Process terminated:
RuleName: -
UtcTime: 2026-04-21 07:48:23.777
ProcessGuid: {a65b9ff6-2bc7-69e7-840f-000000001b00}
ProcessId: 28376
Image: C:\Windows\System32\WindowsPowerShell\v1.0\powershell.exe
User: LAPTOP-I8K1DAMV\rohin"
"2026-04-21T13:18:23.1362419+05:30","5","Process terminated:
RuleName: -
UtcTime: 2026-04-21 07:48:23.135
ProcessGuid: {a65b9ff6-2bc6-69e7-830f-000000001b00}
ProcessId: 1792
Image: C:\Windows\System32\WindowsPowerShell\v1.0\powershell.exe
User: LAPTOP-I8K1DAMV\rohin"
"2026-04-21T13:18:22.5194649+05:30","5","Process terminated:
RuleName: -
UtcTime: 2026-04-21 07:48:22.518
ProcessGuid: {a65b9ff6-2bc6-69e7-820f-000000001b00}
ProcessId: 30296
Image: C:\Windows\System32\WindowsPowerShell\v1.0\powershell.exe
User: LAPTOP-I8K1DAMV\rohin"
"2026-04-21T13:18:21.8845054+05:30","5","Process terminated:
RuleName: -
UtcTime: 2026-04-21 07:48:21.883
ProcessGuid: {a65b9ff6-2bc5-69e7-810f-000000001b00}
ProcessId: 27796
Image: C:\Windows\System32\WindowsPowerShell\v1.0\powershell.exe
User: LAPTOP-I8K1DAMV\rohin"
"2026-04-21T13:18:21.1694449+05:30","5","Process terminated:
RuleName: -
UtcTime: 2026-04-21 07:48:21.168
ProcessGuid: {a65b9ff6-2bc4-69e7-800f-000000001b00}
ProcessId: 424
Image: C:\Windows\System32\WindowsPowerShell\v1.0\powershell.exe
User: LAPTOP-I8K1DAMV\rohin"
"2026-04-21T13:18:20.4700071+05:30","5","Process terminated:
RuleName: -
UtcTime: 2026-04-21 07:48:20.469
ProcessGuid: {a65b9ff6-2bc4-69e7-7f0f-000000001b00}
ProcessId: 22956
Image: C:\Windows\System32\WindowsPowerShell\v1.0\powershell.exe
User: LAPTOP-I8K1DAMV\rohin"
"2026-04-21T13:18:19.7998028+05:30","5","Process terminated:
RuleName: -
UtcTime: 2026-04-21 07:48:19.799
ProcessGuid: {a65b9ff6-2bc3-69e7-7e0f-000000001b00}
ProcessId: 3512
Image: C:\Windows\System32\WindowsPowerShell\v1.0\powershell.exe
User: LAPTOP-I8K1DAMV\rohin"
"2026-04-21T13:18:18.9745704+05:30","5","Process terminated:
RuleName: -
UtcTime: 2026-04-21 07:48:18.973
ProcessGuid: {a65b9ff6-2bc2-69e7-7d0f-000000001b00}
ProcessId: 27872
Image: C:\Windows\System32\WindowsPowerShell\v1.0\powershell.exe
User: LAPTOP-I8K1DAMV\rohin"
