"2026-04-21T06:22:05.6449904+05:30","5","Process terminated:
RuleName: -
UtcTime: 2026-04-21 00:52:05.644
ProcessGuid: {a65b9ff6-ca35-69e6-1e07-000000001b00}
ProcessId: 26588
Image: C:\Program Files\Git\cmd\git.exe
User: LAPTOP-I8K1DAMV\rohin"
"2026-04-21T06:22:05.6383283+05:30","5","Process terminated:
RuleName: -
UtcTime: 2026-04-21 00:52:05.637
ProcessGuid: {a65b9ff6-ca35-69e6-2407-000000001b00}
ProcessId: 10988
Image: C:\Program Files\Git\mingw64\bin\git.exe
User: LAPTOP-I8K1DAMV\rohin"
"2026-04-21T06:22:05.0078813+05:30","5","Process terminated:
RuleName: -
UtcTime: 2026-04-21 00:52:05.006
ProcessGuid: {a65b9ff6-ca34-69e6-1c07-000000001b00}
ProcessId: 13308
Image: C:\Windows\System32\conhost.exe
User: LAPTOP-I8K1DAMV\rohin"
"2026-04-21T06:22:05.0043150+05:30","5","Process terminated:
RuleName: -
UtcTime: 2026-04-21 00:52:05.003
ProcessGuid: {a65b9ff6-ca34-69e6-1b07-000000001b00}
ProcessId: 2544
Image: C:\Program Files\Git\cmd\git.exe
User: LAPTOP-I8K1DAMV\rohin"
"2026-04-21T06:22:04.9985946+05:30","5","Process terminated:
RuleName: -
UtcTime: 2026-04-21 00:52:04.997
ProcessGuid: {a65b9ff6-ca34-69e6-1d07-000000001b00}
ProcessId: 23300
Image: C:\Program Files\Git\mingw64\bin\git.exe
User: LAPTOP-I8K1DAMV\rohin"
"2026-04-21T06:22:04.6322726+05:30","5","Process terminated:
RuleName: -
UtcTime: 2026-04-21 00:52:04.631
ProcessGuid: {a65b9ff6-ca34-69e6-1407-000000001b00}
ProcessId: 17632
Image: C:\Windows\System32\backgroundTaskHost.exe
User: LAPTOP-I8K1DAMV\rohin"
"2026-04-21T06:22:04.4453322+05:30","5","Process terminated:
RuleName: -
UtcTime: 2026-04-21 00:52:04.444
ProcessGuid: {a65b9ff6-ca34-69e6-1607-000000001b00}
ProcessId: 17624
Image: C:\Windows\System32\conhost.exe
User: LAPTOP-I8K1DAMV\rohin"
"2026-04-21T06:22:04.4404467+05:30","5","Process terminated:
RuleName: -
UtcTime: 2026-04-21 00:52:04.439
ProcessGuid: {a65b9ff6-ca34-69e6-1507-000000001b00}
ProcessId: 14464
Image: C:\Windows\System32\cmd.exe
User: LAPTOP-I8K1DAMV\rohin"
"2026-04-21T06:22:04.4330402+05:30","5","Process terminated:
RuleName: -
UtcTime: 2026-04-21 00:52:04.432
ProcessGuid: {a65b9ff6-ca34-69e6-1707-000000001b00}
ProcessId: 15484
Image: C:\Windows\System32\wsl.exe
User: LAPTOP-I8K1DAMV\rohin"
"2026-04-21T06:22:04.4256559+05:30","5","Process terminated:
RuleName: -
UtcTime: 2026-04-21 00:52:04.424
ProcessGuid: {a65b9ff6-ca34-69e6-1907-000000001b00}
ProcessId: 3820
Image: C:\Program Files\WSL\wsl.exe
User: LAPTOP-I8K1DAMV\rohin"
"2026-04-21T06:22:03.6820564+05:30","5","Process terminated:
RuleName: -
UtcTime: 2026-04-21 00:52:03.681
ProcessGuid: {a65b9ff6-ca33-69e6-1107-000000001b00}
ProcessId: 15668
Image: C:\Windows\System32\conhost.exe
User: LAPTOP-I8K1DAMV\rohin"
"2026-04-21T06:22:03.6787893+05:30","5","Process terminated:
RuleName: -
UtcTime: 2026-04-21 00:52:03.678
ProcessGuid: {a65b9ff6-ca33-69e6-1007-000000001b00}
ProcessId: 17472
Image: C:\Program Files\Git\cmd\git.exe
User: LAPTOP-I8K1DAMV\rohin"
"2026-04-21T06:22:03.6732302+05:30","5","Process terminated:
RuleName: -
UtcTime: 2026-04-21 00:52:03.673
ProcessGuid: {a65b9ff6-ca33-69e6-1307-000000001b00}
ProcessId: 17704
Image: C:\Program Files\Git\mingw64\bin\git.exe
User: LAPTOP-I8K1DAMV\rohin"
"2026-04-21T06:22:03.6447454+05:30","5","Process terminated:
RuleName: -
UtcTime: 2026-04-21 00:52:03.643
ProcessGuid: {a65b9ff6-ca33-69e6-0f07-000000001b00}
ProcessId: 17692
Image: C:\Windows\System32\conhost.exe
User: LAPTOP-I8K1DAMV\rohin"
"2026-04-21T06:22:03.6413029+05:30","5","Process terminated:
RuleName: -
UtcTime: 2026-04-21 00:52:03.640
ProcessGuid: {a65b9ff6-ca33-69e6-0e07-000000001b00}
ProcessId: 13360
Image: C:\Program Files\Git\cmd\git.exe
User: LAPTOP-I8K1DAMV\rohin"
"2026-04-21T06:22:03.6340243+05:30","5","Process terminated:
RuleName: -
UtcTime: 2026-04-21 00:52:03.633
ProcessGuid: {a65b9ff6-ca33-69e6-1207-000000001b00}
ProcessId: 27360
Image: C:\Program Files\Git\mingw64\bin\git.exe
User: LAPTOP-I8K1DAMV\rohin"
"2026-04-21T06:22:03.4101406+05:30","5","Process terminated:
RuleName: -
UtcTime: 2026-04-21 00:52:03.409
ProcessGuid: {a65b9ff6-ca33-69e6-0c07-000000001b00}
ProcessId: 18112
Image: C:\Program Files\Git\cmd\git.exe
User: LAPTOP-I8K1DAMV\rohin"
"2026-04-21T06:22:03.4011365+05:30","5","Process terminated:
RuleName: -
UtcTime: 2026-04-21 00:52:03.400
ProcessGuid: {a65b9ff6-ca33-69e6-0d07-000000001b00}
ProcessId: 18188
Image: C:\Program Files\Git\mingw64\bin\git.exe
User: LAPTOP-I8K1DAMV\rohin"
"2026-04-21T06:22:03.2261931+05:30","5","Process terminated:
RuleName: -
UtcTime: 2026-04-21 00:52:03.225
ProcessGuid: {a65b9ff6-ca32-69e6-fe06-000000001b00}
ProcessId: 18676
Image: C:\Program Files\Git\cmd\git.exe
User: LAPTOP-I8K1DAMV\rohin"
"2026-04-21T06:22:03.2199083+05:30","5","Process terminated:
RuleName: -
UtcTime: 2026-04-21 00:52:03.218
ProcessGuid: {a65b9ff6-ca32-69e6-ff06-000000001b00}
ProcessId: 18812
Image: C:\Program Files\Git\mingw64\bin\git.exe
User: LAPTOP-I8K1DAMV\rohin"
"2026-04-21T06:22:03.2141995+05:30","5","Process terminated:
RuleName: -
UtcTime: 2026-04-21 00:52:03.213
ProcessGuid: {a65b9ff6-ca32-69e6-0007-000000001b00}
ProcessId: 18672
Image: C:\Program Files\Git\mingw64\libexec\git-core\git.exe
User: LAPTOP-I8K1DAMV\rohin"
"2026-04-21T06:22:03.2077628+05:30","5","Process terminated:
RuleName: -
UtcTime: 2026-04-21 00:52:03.206
ProcessGuid: {a65b9ff6-ca32-69e6-0107-000000001b00}
ProcessId: 17756
Image: C:\Program Files\Git\mingw64\libexec\git-core\git-remote-https.exe
User: LAPTOP-I8K1DAMV\rohin"
"2026-04-21T06:22:03.2022637+05:30","5","Process terminated:
RuleName: -
UtcTime: 2026-04-21 00:52:03.201
ProcessGuid: {a65b9ff6-ca33-69e6-0a07-000000001b00}
ProcessId: 9608
Image: C:\Windows\System32\conhost.exe
User: LAPTOP-I8K1DAMV\rohin"
"2026-04-21T06:22:03.1969211+05:30","5","Process terminated:
RuleName: -
UtcTime: 2026-04-21 00:52:03.192
ProcessGuid: {a65b9ff6-ca33-69e6-0907-000000001b00}
ProcessId: 2252
Image: C:\Program Files\Git\cmd\git.exe
User: LAPTOP-I8K1DAMV\rohin"
"2026-04-21T06:22:03.1889733+05:30","5","Process terminated:
RuleName: -
UtcTime: 2026-04-21 00:52:03.188
ProcessGuid: {a65b9ff6-ca33-69e6-0b07-000000001b00}
ProcessId: 17932
Image: C:\Program Files\Git\mingw64\bin\git.exe
User: LAPTOP-I8K1DAMV\rohin"
"2026-04-21T06:22:02.8988444+05:30","5","Process terminated:
RuleName: -
UtcTime: 2026-04-21 00:52:02.896
ProcessGuid: {a65b9ff6-ca32-69e6-0707-000000001b00}
ProcessId: 12628
Image: C:\Windows\System32\conhost.exe
User: LAPTOP-I8K1DAMV\rohin"
"2026-04-21T06:22:02.8922369+05:30","5","Process terminated:
RuleName: -
UtcTime: 2026-04-21 00:52:02.891
ProcessGuid: {a65b9ff6-ca32-69e6-0607-000000001b00}
ProcessId: 4716
Image: C:\Users\rohin\AppData\Local\Programs\Microsoft VS Code\bin\code-tunnel.exe
User: LAPTOP-I8K1DAMV\rohin"
"2026-04-21T06:22:02.8607320+05:30","5","Process terminated:
RuleName: -
UtcTime: 2026-04-21 00:52:02.860
ProcessGuid: {a65b9ff6-ca32-69e6-0507-000000001b00}
ProcessId: 18396
Image: C:\Windows\System32\conhost.exe
User: LAPTOP-I8K1DAMV\rohin"
"2026-04-21T06:22:02.8545985+05:30","5","Process terminated:
RuleName: -
UtcTime: 2026-04-21 00:52:02.853
ProcessGuid: {a65b9ff6-ca32-69e6-0407-000000001b00}
ProcessId: 18380
Image: C:\Program Files\Git\cmd\git.exe
User: LAPTOP-I8K1DAMV\rohin"
"2026-04-21T06:22:02.8478295+05:30","5","Process terminated:
RuleName: -
UtcTime: 2026-04-21 00:52:02.847
ProcessGuid: {a65b9ff6-ca32-69e6-0807-000000001b00}
ProcessId: 26912
Image: C:\Program Files\Git\mingw64\bin\git.exe
User: LAPTOP-I8K1DAMV\rohin"
"2026-04-21T06:22:01.7943152+05:30","5","Process terminated:
RuleName: -
UtcTime: 2026-04-21 00:52:01.793
ProcessGuid: {a65b9ff6-ca31-69e6-fd06-000000001b00}
ProcessId: 13460
Image: C:\Windows\System32\conhost.exe
User: LAPTOP-I8K1DAMV\rohin"
"2026-04-21T06:22:01.7914444+05:30","5","Process terminated:
RuleName: -
UtcTime: 2026-04-21 00:52:01.791
ProcessGuid: {a65b9ff6-ca31-69e6-fc06-000000001b00}
ProcessId: 18252
Image: C:\Users\rohin\AppData\Local\Programs\Microsoft VS Code\560a9dba96\resources\app\node_modules\@vscode\ripgrep\bin\rg.exe
User: LAPTOP-I8K1DAMV\rohin"
"2026-04-21T06:22:01.7585787+05:30","5","Process terminated:
RuleName: -
UtcTime: 2026-04-21 00:52:01.757
ProcessGuid: {a65b9ff6-ca31-69e6-fb06-000000001b00}
ProcessId: 18084
Image: C:\Windows\System32\conhost.exe
User: LAPTOP-I8K1DAMV\rohin"
"2026-04-21T06:22:01.7551085+05:30","5","Process terminated:
RuleName: -
UtcTime: 2026-04-21 00:52:01.754
ProcessGuid: {a65b9ff6-ca31-69e6-f906-000000001b00}
ProcessId: 21656
Image: C:\Users\rohin\AppData\Local\Programs\Microsoft VS Code\560a9dba96\resources\app\node_modules\@vscode\ripgrep\bin\rg.exe
User: LAPTOP-I8K1DAMV\rohin"
"2026-04-21T06:22:01.7472635+05:30","5","Process terminated:
RuleName: -
UtcTime: 2026-04-21 00:52:01.747
ProcessGuid: {a65b9ff6-ca31-69e6-fa06-000000001b00}
ProcessId: 18064
Image: C:\Windows\System32\conhost.exe
User: LAPTOP-I8K1DAMV\rohin"
"2026-04-21T06:22:01.7409092+05:30","5","Process terminated:
RuleName: -
UtcTime: 2026-04-21 00:52:01.740
ProcessGuid: {a65b9ff6-ca31-69e6-f806-000000001b00}
ProcessId: 22420
Image: C:\Users\rohin\AppData\Local\Programs\Microsoft VS Code\560a9dba96\resources\app\node_modules\@vscode\ripgrep\bin\rg.exe
User: LAPTOP-I8K1DAMV\rohin"
"2026-04-21T06:21:59.4444594+05:30","5","Process terminated:
RuleName: -
UtcTime: 2026-04-21 00:51:59.443
ProcessGuid: {a65b9ff6-ca2f-69e6-ef06-000000001b00}
ProcessId: 10264
Image: C:\Windows\System32\conhost.exe
User: LAPTOP-I8K1DAMV\rohin"
"2026-04-21T06:21:59.4384278+05:30","5","Process terminated:
RuleName: -
UtcTime: 2026-04-21 00:51:59.438
ProcessGuid: {a65b9ff6-ca2f-69e6-ed06-000000001b00}
ProcessId: 9824
Image: C:\Windows\System32\cmd.exe
User: LAPTOP-I8K1DAMV\rohin"
"2026-04-21T06:21:59.4301604+05:30","5","Process terminated:
RuleName: -
UtcTime: 2026-04-21 00:51:59.430
ProcessGuid: {a65b9ff6-ca2f-69e6-f106-000000001b00}
ProcessId: 24700
Image: C:\Windows\System32\wsl.exe
User: LAPTOP-I8K1DAMV\rohin"
"2026-04-21T06:21:59.4234207+05:30","5","Process terminated:
RuleName: -
UtcTime: 2026-04-21 00:51:59.422
ProcessGuid: {a65b9ff6-ca2f-69e6-f206-000000001b00}
ProcessId: 25968
Image: C:\Program Files\WSL\wsl.exe
User: LAPTOP-I8K1DAMV\rohin"
"2026-04-21T06:21:58.1724181+05:30","5","Process terminated:
RuleName: -
UtcTime: 2026-04-21 00:51:58.171
ProcessGuid: {a65b9ff6-ca2a-69e6-da06-000000001b00}
ProcessId: 25020
Image: C:\Windows\System32\taskhostw.exe
User: NT AUTHORITY\SYSTEM"
"2026-04-21T06:21:57.3206007+05:30","5","Process terminated:
RuleName: -
UtcTime: 2026-04-21 00:51:57.320
ProcessGuid: {a65b9ff6-ca2d-69e6-e506-000000001b00}
ProcessId: 7400
Image: C:\Windows\System32\conhost.exe
User: LAPTOP-I8K1DAMV\rohin"
"2026-04-21T06:21:57.3155906+05:30","5","Process terminated:
RuleName: -
UtcTime: 2026-04-21 00:51:57.315
ProcessGuid: {a65b9ff6-ca2d-69e6-e406-000000001b00}
ProcessId: 17380
Image: C:\Windows\System32\cmd.exe
User: LAPTOP-I8K1DAMV\rohin"
"2026-04-21T06:21:57.3088314+05:30","5","Process terminated:
RuleName: -
UtcTime: 2026-04-21 00:51:57.308
ProcessGuid: {a65b9ff6-ca2d-69e6-e606-000000001b00}
ProcessId: 26508
Image: C:\Windows\System32\wsl.exe
User: LAPTOP-I8K1DAMV\rohin"
"2026-04-21T06:21:57.3026169+05:30","5","Process terminated:
RuleName: -
UtcTime: 2026-04-21 00:51:57.302
ProcessGuid: {a65b9ff6-ca2d-69e6-e706-000000001b00}
ProcessId: 9096
Image: C:\Program Files\WSL\wsl.exe
User: LAPTOP-I8K1DAMV\rohin"
"2026-04-21T06:21:55.5398638+05:30","5","Process terminated:
RuleName: -
UtcTime: 2026-04-21 00:51:55.539
ProcessGuid: {a65b9ff6-ca2b-69e6-dd06-000000001b00}
ProcessId: 24556
Image: C:\Windows\System32\conhost.exe
User: LAPTOP-I8K1DAMV\rohin"
"2026-04-21T06:21:55.5351840+05:30","5","Process terminated:
RuleName: -
UtcTime: 2026-04-21 00:51:55.533
ProcessGuid: {a65b9ff6-ca2b-69e6-dc06-000000001b00}
ProcessId: 14552
Image: C:\Windows\System32\cmd.exe
User: LAPTOP-I8K1DAMV\rohin"
"2026-04-21T06:21:55.5239415+05:30","5","Process terminated:
RuleName: -
UtcTime: 2026-04-21 00:51:55.522
ProcessGuid: {a65b9ff6-ca2b-69e6-de06-000000001b00}
ProcessId: 6388
Image: C:\Windows\System32\wsl.exe
User: LAPTOP-I8K1DAMV\rohin"
"2026-04-21T06:21:55.5148274+05:30","5","Process terminated:
RuleName: -
UtcTime: 2026-04-21 00:51:55.513
ProcessGuid: {a65b9ff6-ca2b-69e6-df06-000000001b00}
ProcessId: 17364
Image: C:\Program Files\WSL\wsl.exe
User: LAPTOP-I8K1DAMV\rohin"
"2026-04-21T06:21:54.2542507+05:30","5","Process terminated:
RuleName: -
UtcTime: 2026-04-21 00:51:54.253
ProcessGuid: {a65b9ff6-ca29-69e6-d906-000000001b00}
ProcessId: 11104
Image: C:\Windows\System32\backgroundTaskHost.exe
User: LAPTOP-I8K1DAMV\rohin"
"2026-04-21T06:21:53.8035723+05:30","5","Process terminated:
RuleName: -
UtcTime: 2026-04-21 00:51:53.802
ProcessGuid: {a65b9ff6-ca29-69e6-d806-000000001b00}
ProcessId: 7840
Image: C:\Users\rohin\AppData\Local\Programs\Microsoft VS Code\560a9dba96\tools\inno_updater.exe
User: LAPTOP-I8K1DAMV\rohin"
"2026-04-21T06:21:52.6301339+05:30","5","Process terminated:
RuleName: -
UtcTime: 2026-04-21 00:51:52.629
ProcessGuid: {a65b9ff6-ca28-69e6-cf06-000000001b00}
ProcessId: 3012
Image: C:\Windows\System32\backgroundTaskHost.exe
User: LAPTOP-I8K1DAMV\rohin"
"2026-04-21T06:21:47.2180139+05:30","5","Process terminated:
RuleName: -
UtcTime: 2026-04-21 00:51:47.217
ProcessGuid: {a65b9ff6-c0d2-69e6-b801-000000001b00}
ProcessId: 21044
Image: C:\Program Files\Docker\Docker\frontend\Docker Desktop.exe
User: LAPTOP-I8K1DAMV\rohin"
"2026-04-21T06:21:46.1460656+05:30","5","Process terminated:
RuleName: -
UtcTime: 2026-04-21 00:51:46.145
ProcessGuid: {a65b9ff6-ca1f-69e6-cc06-000000001b00}
ProcessId: 7392
Image: C:\Windows\System32\conhost.exe
User: LAPTOP-I8K1DAMV\rohin"
"2026-04-21T06:21:46.1424488+05:30","5","Process terminated:
RuleName: -
UtcTime: 2026-04-21 00:51:46.142
ProcessGuid: {a65b9ff6-ca1f-69e6-cb06-000000001b00}
ProcessId: 12036
Image: C:\Program Files\Docker\Docker\resources\bin\docker.exe
User: LAPTOP-I8K1DAMV\rohin"
"2026-04-21T06:21:42.3548590+05:30","5","Process terminated:
RuleName: -
UtcTime: 2026-04-21 00:51:42.353
ProcessGuid: {a65b9ff6-c0c8-69e6-5c01-000000001b00}
ProcessId: 17596
Image: C:\Users\rohin\AppData\Local\Programs\Microsoft VS Code\Code.exe
User: LAPTOP-I8K1DAMV\rohin"
"2026-04-21T06:21:42.3113838+05:30","5","Process terminated:
RuleName: -
UtcTime: 2026-04-21 00:51:42.311
ProcessGuid: {a65b9ff6-c0c7-69e6-5a01-000000001b00}
ProcessId: 9976
Image: C:\Users\rohin\AppData\Local\Programs\Microsoft VS Code\Code.exe
User: LAPTOP-I8K1DAMV\rohin"
"2026-04-21T06:21:42.2523540+05:30","5","Process terminated:
RuleName: -
UtcTime: 2026-04-21 00:51:42.251
ProcessGuid: {a65b9ff6-c0c8-69e6-5d01-000000001b00}
ProcessId: 17684
Image: C:\Users\rohin\AppData\Local\Programs\Microsoft VS Code\Code.exe
User: LAPTOP-I8K1DAMV\rohin"
"2026-04-21T06:21:42.1984047+05:30","5","Process terminated:
RuleName: -
UtcTime: 2026-04-21 00:51:42.197
ProcessGuid: {a65b9ff6-c823-69e6-0106-000000001b00}
ProcessId: 25548
Image: C:\Windows\System32\conhost.exe
User: LAPTOP-I8K1DAMV\rohin"
"2026-04-21T06:21:42.1905526+05:30","5","Process terminated:
RuleName: -
UtcTime: 2026-04-21 00:51:42.189
ProcessGuid: {a65b9ff6-c823-69e6-0306-000000001b00}
ProcessId: 26016
Image: C:\Windows\System32\WindowsPowerShell\v1.0\powershell.exe
User: LAPTOP-I8K1DAMV\rohin"
"2026-04-21T06:21:42.1896025+05:30","5","Process terminated:
RuleName: -
UtcTime: 2026-04-21 00:51:42.188
ProcessGuid: {a65b9ff6-c0d5-69e6-e801-000000001b00}
ProcessId: 21968
Image: C:\Windows\System32\conhost.exe
User: LAPTOP-I8K1DAMV\rohin"
"2026-04-21T06:21:42.1875208+05:30","5","Process terminated:
RuleName: -
UtcTime: 2026-04-21 00:51:42.186
ProcessGuid: {a65b9ff6-c7c2-69e6-d705-000000001b00}
ProcessId: 10484
Image: C:\Windows\System32\conhost.exe
User: LAPTOP-I8K1DAMV\rohin"
"2026-04-21T06:21:42.1865338+05:30","5","Process terminated:
RuleName: -
UtcTime: 2026-04-21 00:51:42.186
ProcessGuid: {a65b9ff6-c86b-69e6-1a06-000000001b00}
ProcessId: 25920
Image: C:\Windows\System32\conhost.exe
User: LAPTOP-I8K1DAMV\rohin"
"2026-04-21T06:21:42.1751381+05:30","5","Process terminated:
RuleName: -
UtcTime: 2026-04-21 00:51:42.170
ProcessGuid: {a65b9ff6-c86b-69e6-1b06-000000001b00}
ProcessId: 13068
Image: C:\Windows\System32\WindowsPowerShell\v1.0\powershell.exe
User: LAPTOP-I8K1DAMV\rohin"
"2026-04-21T06:21:42.1717709+05:30","5","Process terminated:
RuleName: -
UtcTime: 2026-04-21 00:51:42.170
ProcessGuid: {a65b9ff6-c0d5-69e6-f001-000000001b00}
ProcessId: 22260
Image: C:\Windows\System32\WindowsPowerShell\v1.0\powershell.exe
User: LAPTOP-I8K1DAMV\rohin"
"2026-04-21T06:21:42.1715421+05:30","5","Process terminated:
RuleName: -
UtcTime: 2026-04-21 00:51:42.170
ProcessGuid: {a65b9ff6-c7c2-69e6-d805-000000001b00}
ProcessId: 23804
Image: C:\Windows\System32\WindowsPowerShell\v1.0\powershell.exe
User: LAPTOP-I8K1DAMV\rohin"
"2026-04-21T06:21:42.0865944+05:30","5","Process terminated:
RuleName: -
UtcTime: 2026-04-21 00:51:42.085
ProcessGuid: {a65b9ff6-c0ca-69e6-6201-000000001b00}
ProcessId: 18304
Image: C:\Users\rohin\AppData\Local\Programs\Microsoft VS Code\Code.exe
User: LAPTOP-I8K1DAMV\rohin"
"2026-04-21T06:21:42.0594733+05:30","5","Process terminated:
RuleName: -
UtcTime: 2026-04-21 00:51:42.059
ProcessGuid: {a65b9ff6-c0c8-69e6-5e01-000000001b00}
ProcessId: 17716
Image: C:\Users\rohin\AppData\Local\Programs\Microsoft VS Code\Code.exe
User: LAPTOP-I8K1DAMV\rohin"
"2026-04-21T06:21:42.0334830+05:30","5","Process terminated:
RuleName: -
UtcTime: 2026-04-21 00:51:42.032
ProcessGuid: {a65b9ff6-ca1d-69e6-ca06-000000001b00}
ProcessId: 1804
Image: C:\Users\rohin\AppData\Local\Programs\Microsoft VS Code\Code.exe
User: LAPTOP-I8K1DAMV\rohin"
"2026-04-21T06:21:42.0227359+05:30","5","Process terminated:
RuleName: -
UtcTime: 2026-04-21 00:51:42.021
ProcessGuid: {a65b9ff6-c0ca-69e6-6701-000000001b00}
ProcessId: 13664
Image: C:\Users\rohin\AppData\Local\Programs\Microsoft VS Code\Code.exe
User: LAPTOP-I8K1DAMV\rohin"
"2026-04-21T06:21:41.9412585+05:30","5","Process terminated:
RuleName: -
UtcTime: 2026-04-21 00:51:41.940
ProcessGuid: {a65b9ff6-c0ca-69e6-6901-000000001b00}
ProcessId: 18436
Image: C:\Users\rohin\AppData\Local\Programs\Microsoft VS Code\Code.exe
User: LAPTOP-I8K1DAMV\rohin"
"2026-04-21T06:21:41.8639229+05:30","5","Process terminated:
RuleName: -
UtcTime: 2026-04-21 00:51:41.862
ProcessGuid: {a65b9ff6-c932-69e6-6806-000000001b00}
ProcessId: 4660
Image: C:\Windows\System32\conhost.exe
User: LAPTOP-I8K1DAMV\rohin"
"2026-04-21T06:21:41.8481766+05:30","5","Process terminated:
RuleName: -
UtcTime: 2026-04-21 00:51:41.847
ProcessGuid: {a65b9ff6-c932-69e6-6906-000000001b00}
ProcessId: 13460
Image: C:\Windows\System32\WindowsPowerShell\v1.0\powershell.exe
User: LAPTOP-I8K1DAMV\rohin"
"2026-04-21T06:21:41.8229671+05:30","5","Process terminated:
RuleName: -
UtcTime: 2026-04-21 00:51:41.821
ProcessGuid: {a65b9ff6-c0da-69e6-2302-000000001b00}
ProcessId: 21668
Image: C:\Windows\System32\conhost.exe
User: LAPTOP-I8K1DAMV\rohin"
"2026-04-21T06:21:41.8184621+05:30","5","Process terminated:
RuleName: -
UtcTime: 2026-04-21 00:51:41.817
ProcessGuid: {a65b9ff6-c0c8-69e6-6001-000000001b00}
ProcessId: 18012
Image: C:\Users\rohin\AppData\Local\Programs\Microsoft VS Code\Code.exe
User: LAPTOP-I8K1DAMV\rohin"
"2026-04-21T06:21:41.8043659+05:30","5","Process terminated:
RuleName: -
UtcTime: 2026-04-21 00:51:41.802
ProcessGuid: {a65b9ff6-c0da-69e6-3202-000000001b00}
ProcessId: 2396
Image: C:\Users\rohin\AppData\Local\Programs\Microsoft VS Code\Code.exe
User: LAPTOP-I8K1DAMV\rohin"
"2026-04-21T06:21:41.7914768+05:30","5","Process terminated:
RuleName: -
UtcTime: 2026-04-21 00:51:41.788
ProcessGuid: {a65b9ff6-c0da-69e6-2102-000000001b00}
ProcessId: 21564
Image: C:\Users\rohin\.vscode\extensions\ms-python.vscode-python-envs-1.28.0-win32-x64\python-env-tools\bin\pet.exe
User: LAPTOP-I8K1DAMV\rohin"
"2026-04-21T06:21:41.7784620+05:30","5","Process terminated:
RuleName: -
UtcTime: 2026-04-21 00:51:41.777
ProcessGuid: {a65b9ff6-c402-69e6-3504-000000001b00}
ProcessId: 25516
Image: C:\Users\rohin\AppData\Local\Programs\Microsoft VS Code\Code.exe
User: LAPTOP-I8K1DAMV\rohin"
"2026-04-21T06:21:41.7621405+05:30","5","Process terminated:
RuleName: -
UtcTime: 2026-04-21 00:51:41.761
ProcessGuid: {a65b9ff6-ca1d-69e6-c906-000000001b00}
ProcessId: 14236
Image: C:\Users\rohin\AppData\Local\Programs\Microsoft VS Code\Code.exe
User: LAPTOP-I8K1DAMV\rohin"
"2026-04-21T06:21:41.7608853+05:30","5","Process terminated:
RuleName: -
UtcTime: 2026-04-21 00:51:41.758
ProcessGuid: {a65b9ff6-c0ca-69e6-6501-000000001b00}
ProcessId: 17580
Image: C:\Users\rohin\AppData\Local\Programs\Microsoft VS Code\Code.exe
User: LAPTOP-I8K1DAMV\rohin"
"2026-04-21T06:21:41.5851166+05:30","5","Process terminated:
RuleName: -
UtcTime: 2026-04-21 00:51:41.584
ProcessGuid: {a65b9ff6-c0d8-69e6-0c02-000000001b00}
ProcessId: 13304
Image: C:\Users\rohin\AppData\Local\Programs\Microsoft VS Code\Code.exe
User: LAPTOP-I8K1DAMV\rohin"
"2026-04-21T06:21:41.4862518+05:30","5","Process terminated:
RuleName: -
UtcTime: 2026-04-21 00:51:41.485
ProcessGuid: {a65b9ff6-c0cd-69e6-7201-000000001b00}
ProcessId: 19140
Image: C:\Windows\System32\conhost.exe
User: LAPTOP-I8K1DAMV\rohin"
"2026-04-21T06:21:41.4732604+05:30","5","Process terminated:
RuleName: -
UtcTime: 2026-04-21 00:51:41.472
ProcessGuid: {a65b9ff6-c0ce-69e6-7301-000000001b00}
ProcessId: 19180
Image: C:\Windows\System32\cmd.exe
User: LAPTOP-I8K1DAMV\rohin"
"2026-04-21T06:21:41.4598335+05:30","5","Process terminated:
RuleName: -
UtcTime: 2026-04-21 00:51:41.459
ProcessGuid: {a65b9ff6-c0d0-69e6-9801-000000001b00}
ProcessId: 19740
Image: C:\Windows\System32\conhost.exe
User: LAPTOP-I8K1DAMV\rohin"
"2026-04-21T06:21:41.4414375+05:30","5","Process terminated:
RuleName: -
UtcTime: 2026-04-21 00:51:41.440
ProcessGuid: {a65b9ff6-c0cf-69e6-9401-000000001b00}
ProcessId: 18656
Image: C:\Users\rohin\.vscode\extensions\openai.chatgpt-26.417.40842-win32-x64\bin\windows-x86_64\codex.exe
User: LAPTOP-I8K1DAMV\rohin"
"2026-04-21T06:21:41.4270503+05:30","5","Process terminated:
RuleName: -
UtcTime: 2026-04-21 00:51:41.426
ProcessGuid: {a65b9ff6-c0d2-69e6-ad01-000000001b00}
ProcessId: 20644
Image: C:\Windows\System32\conhost.exe
User: LAPTOP-I8K1DAMV\rohin"
"2026-04-21T06:21:41.4086413+05:30","5","Process terminated:
RuleName: -
UtcTime: 2026-04-21 00:51:41.407
ProcessGuid: {a65b9ff6-c0d2-69e6-ac01-000000001b00}
ProcessId: 20636
Image: C:\Users\rohin\.vscode\extensions\ms-python.python-2026.4.0-win32-x64\python-env-tools\bin\pet.exe
User: LAPTOP-I8K1DAMV\rohin"
"2026-04-21T06:21:39.0979064+05:30","5","Process terminated:
RuleName: -
UtcTime: 2026-04-21 00:51:39.097
ProcessGuid: {a65b9ff6-ca1b-69e6-c706-000000001b00}
ProcessId: 23740
Image: C:\Windows\System32\conhost.exe
User: LAPTOP-I8K1DAMV\rohin"
"2026-04-21T06:21:39.0951729+05:30","5","Process terminated:
RuleName: -
UtcTime: 2026-04-21 00:51:39.094
ProcessGuid: {a65b9ff6-ca1b-69e6-c606-000000001b00}
ProcessId: 27336
Image: C:\Program Files\Git\cmd\git.exe
User: LAPTOP-I8K1DAMV\rohin"
"2026-04-21T06:21:39.0919322+05:30","5","Process terminated:
RuleName: -
UtcTime: 2026-04-21 00:51:39.091
ProcessGuid: {a65b9ff6-ca1b-69e6-c806-000000001b00}
ProcessId: 4076
Image: C:\Program Files\Git\mingw64\bin\git.exe
User: LAPTOP-I8K1DAMV\rohin"
"2026-04-21T06:21:36.1577819+05:30","5","Process terminated:
RuleName: -
UtcTime: 2026-04-21 00:51:36.157
ProcessGuid: {a65b9ff6-ca15-69e6-c506-000000001b00}
ProcessId: 17412
Image: C:\Windows\System32\conhost.exe
User: LAPTOP-I8K1DAMV\rohin"
"2026-04-21T06:21:36.1549452+05:30","5","Process terminated:
RuleName: -
UtcTime: 2026-04-21 00:51:36.154
ProcessGuid: {a65b9ff6-ca15-69e6-c406-000000001b00}
ProcessId: 3308
Image: C:\Program Files\Docker\Docker\resources\bin\docker.exe
User: LAPTOP-I8K1DAMV\rohin"
"2026-04-21T06:21:26.1269547+05:30","5","Process terminated:
RuleName: -
UtcTime: 2026-04-21 00:51:26.126
ProcessGuid: {a65b9ff6-ca0b-69e6-c306-000000001b00}
ProcessId: 21236
Image: C:\Windows\System32\conhost.exe
User: LAPTOP-I8K1DAMV\rohin"
"2026-04-21T06:21:26.1235334+05:30","5","Process terminated:
RuleName: -
UtcTime: 2026-04-21 00:51:26.123
ProcessGuid: {a65b9ff6-ca0b-69e6-c206-000000001b00}
ProcessId: 22252
Image: C:\Program Files\Docker\Docker\resources\bin\docker.exe
User: LAPTOP-I8K1DAMV\rohin"
"2026-04-21T06:21:22.3690410+05:30","5","Process terminated:
RuleName: -
UtcTime: 2026-04-21 00:51:22.368
ProcessGuid: {a65b9ff6-ca0a-69e6-c006-000000001b00}
ProcessId: 12172
Image: C:\Windows\System32\conhost.exe
User: LAPTOP-I8K1DAMV\rohin"
"2026-04-21T06:21:22.3670592+05:30","5","Process terminated:
RuleName: -
UtcTime: 2026-04-21 00:51:22.366
ProcessGuid: {a65b9ff6-ca0a-69e6-bf06-000000001b00}
ProcessId: 21976
Image: C:\Program Files\Git\cmd\git.exe
User: LAPTOP-I8K1DAMV\rohin"
"2026-04-21T06:21:22.3638045+05:30","5","Process terminated:
RuleName: -
UtcTime: 2026-04-21 00:51:22.363
ProcessGuid: {a65b9ff6-ca0a-69e6-c106-000000001b00}
ProcessId: 16004
Image: C:\Program Files\Git\mingw64\bin\git.exe
User: LAPTOP-I8K1DAMV\rohin"
"2026-04-21T06:21:18.5845245+05:30","5","Process terminated:
RuleName: -
UtcTime: 2026-04-21 00:51:18.582
ProcessGuid: {a65b9ff6-ca06-69e6-bd06-000000001b00}
ProcessId: 19904
Image: C:\Windows\System32\conhost.exe
User: LAPTOP-I8K1DAMV\rohin"
"2026-04-21T06:21:18.5825874+05:30","5","Process terminated:
RuleName: -
UtcTime: 2026-04-21 00:51:18.582
ProcessGuid: {a65b9ff6-ca06-69e6-bc06-000000001b00}
ProcessId: 16000
Image: C:\Program Files\Git\cmd\git.exe
User: LAPTOP-I8K1DAMV\rohin"
"2026-04-21T06:21:18.5792074+05:30","5","Process terminated:
RuleName: -
UtcTime: 2026-04-21 00:51:18.578
ProcessGuid: {a65b9ff6-ca06-69e6-be06-000000001b00}
ProcessId: 3012
Image: C:\Program Files\Git\mingw64\bin\git.exe
User: LAPTOP-I8K1DAMV\rohin"
"2026-04-21T06:21:16.2106851+05:30","5","Process terminated:
RuleName: -
UtcTime: 2026-04-21 00:51:16.210
ProcessGuid: {a65b9ff6-ca01-69e6-bb06-000000001b00}
ProcessId: 7712
Image: C:\Windows\System32\conhost.exe
User: LAPTOP-I8K1DAMV\rohin"
"2026-04-21T06:21:16.2053100+05:30","5","Process terminated:
RuleName: -
UtcTime: 2026-04-21 00:51:16.205
ProcessGuid: {a65b9ff6-ca01-69e6-ba06-000000001b00}
ProcessId: 6688
Image: C:\Program Files\Docker\Docker\resources\bin\docker.exe
User: LAPTOP-I8K1DAMV\rohin"
"2026-04-21T06:21:08.5809109+05:30","5","Process terminated:
RuleName: -
UtcTime: 2026-04-21 00:51:08.580
ProcessGuid: {a65b9ff6-c9fc-69e6-b806-000000001b00}
ProcessId: 13364
Image: C:\Windows\System32\conhost.exe
User: LAPTOP-I8K1DAMV\rohin"
"2026-04-21T06:21:08.5790098+05:30","5","Process terminated:
RuleName: -
UtcTime: 2026-04-21 00:51:08.578
ProcessGuid: {a65b9ff6-c9fc-69e6-b706-000000001b00}
ProcessId: 13804
Image: C:\Program Files\Git\cmd\git.exe
User: LAPTOP-I8K1DAMV\rohin"
"2026-04-21T06:21:08.5760079+05:30","5","Process terminated:
RuleName: -
UtcTime: 2026-04-21 00:51:08.575
ProcessGuid: {a65b9ff6-c9fc-69e6-b906-000000001b00}
ProcessId: 7364
Image: C:\Program Files\Git\mingw64\bin\git.exe
User: LAPTOP-I8K1DAMV\rohin"
"2026-04-21T06:21:06.0923398+05:30","5","Process terminated:
RuleName: -
UtcTime: 2026-04-21 00:51:06.091
ProcessGuid: {a65b9ff6-c9f7-69e6-b606-000000001b00}
ProcessId: 3276
Image: C:\Windows\System32\conhost.exe
User: LAPTOP-I8K1DAMV\rohin"
"2026-04-21T06:21:06.0895030+05:30","5","Process terminated:
RuleName: -
UtcTime: 2026-04-21 00:51:06.089
ProcessGuid: {a65b9ff6-c9f7-69e6-b506-000000001b00}
ProcessId: 16696
Image: C:\Program Files\Docker\Docker\resources\bin\docker.exe
User: LAPTOP-I8K1DAMV\rohin"
"2026-04-21T06:21:02.0862969+05:30","5","Process terminated:
RuleName: -
UtcTime: 2026-04-21 00:51:02.086
ProcessGuid: {a65b9ff6-c9f5-69e6-b406-000000001b00}
ProcessId: 17392
Image: C:\Windows\SystemApps\MicrosoftWindows.Client.CBS_cw5n1h2txyewy\SoftLandingTask\SoftLandingTask.exe
User: LAPTOP-I8K1DAMV\rohin"
"2026-04-21T06:21:02.0862326+05:30","5","Process terminated:
RuleName: -
UtcTime: 2026-04-21 00:51:02.086
ProcessGuid: {a65b9ff6-c9f5-69e6-b306-000000001b00}
ProcessId: 12508
Image: C:\Windows\System32\taskhostw.exe
User: LAPTOP-I8K1DAMV\rohin"
"2026-04-21T06:20:58.1401947+05:30","5","Process terminated:
RuleName: -
UtcTime: 2026-04-21 00:50:58.139
ProcessGuid: {a65b9ff6-c9f2-69e6-b106-000000001b00}
ProcessId: 14168
Image: C:\Windows\System32\conhost.exe
User: LAPTOP-I8K1DAMV\rohin"
"2026-04-21T06:20:58.1373860+05:30","5","Process terminated:
RuleName: -
UtcTime: 2026-04-21 00:50:58.137
ProcessGuid: {a65b9ff6-c9f2-69e6-b006-000000001b00}
ProcessId: 24556
Image: C:\Program Files\Git\cmd\git.exe
User: LAPTOP-I8K1DAMV\rohin"
"2026-04-21T06:20:58.1341961+05:30","5","Process terminated:
RuleName: -
UtcTime: 2026-04-21 00:50:58.127
ProcessGuid: {a65b9ff6-c9f2-69e6-b206-000000001b00}
ProcessId: 14552
Image: C:\Program Files\Git\mingw64\bin\git.exe
User: LAPTOP-I8K1DAMV\rohin"
"2026-04-21T06:20:57.5940594+05:30","5","Process terminated:
RuleName: -
UtcTime: 2026-04-21 00:50:57.593
ProcessGuid: {a65b9ff6-c949-69e6-7d06-000000001b00}
ProcessId: 21956
Image: C:\Program Files\Google\Chrome\Application\chrome.exe
User: LAPTOP-I8K1DAMV\rohin"
"2026-04-21T06:20:56.1328605+05:30","5","Process terminated:
RuleName: -
UtcTime: 2026-04-21 00:50:56.132
ProcessGuid: {a65b9ff6-c698-69e6-3305-000000001b00}
ProcessId: 11104
Image: C:\Program Files\Google\Chrome\Application\chrome.exe
User: LAPTOP-I8K1DAMV\rohin"
"2026-04-21T06:20:56.0581009+05:30","5","Process terminated:
RuleName: -
UtcTime: 2026-04-21 00:50:56.057
ProcessGuid: {a65b9ff6-c9ed-69e6-af06-000000001b00}
ProcessId: 7396
Image: C:\Windows\System32\conhost.exe
User: LAPTOP-I8K1DAMV\rohin"
"2026-04-21T06:20:56.0552766+05:30","5","Process terminated:
RuleName: -
UtcTime: 2026-04-21 00:50:56.054
ProcessGuid: {a65b9ff6-c9ed-69e6-ae06-000000001b00}
ProcessId: 19232
Image: C:\Program Files\Docker\Docker\resources\bin\docker.exe
User: LAPTOP-I8K1DAMV\rohin"
"2026-04-21T06:20:52.9583652+05:30","5","Process terminated:
RuleName: -
UtcTime: 2026-04-21 00:50:52.957
ProcessGuid: {a65b9ff6-c943-69e6-7706-000000001b00}
ProcessId: 21632
Image: C:\Program Files\Google\Chrome\Application\chrome.exe
User: LAPTOP-I8K1DAMV\rohin"
"2026-04-21T06:20:52.4995972+05:30","5","Process terminated:
RuleName: -
UtcTime: 2026-04-21 00:50:52.494
ProcessGuid: {a65b9ff6-c985-69e6-8d06-000000001b00}
ProcessId: 12928
Image: C:\Program Files\Google\Chrome\Application\chrome.exe
User: LAPTOP-I8K1DAMV\rohin"
"2026-04-21T06:20:52.4708128+05:30","5","Process terminated:
RuleName: -
UtcTime: 2026-04-21 00:50:52.469
ProcessGuid: {a65b9ff6-c943-69e6-7406-000000001b00}
ProcessId: 3468
Image: C:\Program Files\Google\Chrome\Application\chrome.exe
User: LAPTOP-I8K1DAMV\rohin"
"2026-04-21T06:20:51.6175908+05:30","5","Process terminated:
RuleName: -
UtcTime: 2026-04-21 00:50:51.616
ProcessGuid: {a65b9ff6-c7e8-69e6-e805-000000001b00}
ProcessId: 7868
Image: C:\Program Files\Google\Chrome\Application\chrome.exe
User: LAPTOP-I8K1DAMV\rohin"
"2026-04-21T06:20:46.0470475+05:30","5","Process terminated:
RuleName: -
UtcTime: 2026-04-21 00:50:46.046
ProcessGuid: {a65b9ff6-c9e3-69e6-ad06-000000001b00}
ProcessId: 13784
Image: C:\Windows\System32\conhost.exe
User: LAPTOP-I8K1DAMV\rohin"
"2026-04-21T06:20:46.0440756+05:30","5","Process terminated:
RuleName: -
UtcTime: 2026-04-21 00:50:46.043
ProcessGuid: {a65b9ff6-c9e3-69e6-ac06-000000001b00}
ProcessId: 12976
Image: C:\Program Files\Docker\Docker\resources\bin\docker.exe
User: LAPTOP-I8K1DAMV\rohin"
"2026-04-21T06:20:38.5006441+05:30","5","Process terminated:
RuleName: -
UtcTime: 2026-04-21 00:50:38.499
ProcessGuid: {a65b9ff6-c9de-69e6-aa06-000000001b00}
ProcessId: 1824
Image: C:\Windows\System32\conhost.exe
User: LAPTOP-I8K1DAMV\rohin"
"2026-04-21T06:20:38.4979889+05:30","5","Process terminated:
RuleName: -
UtcTime: 2026-04-21 00:50:38.496
ProcessGuid: {a65b9ff6-c9de-69e6-a906-000000001b00}
ProcessId: 25596
Image: C:\Program Files\Git\cmd\git.exe
User: LAPTOP-I8K1DAMV\rohin"
"2026-04-21T06:20:38.4923865+05:30","5","Process terminated:
RuleName: -
UtcTime: 2026-04-21 00:50:38.492
ProcessGuid: {a65b9ff6-c9de-69e6-ab06-000000001b00}
ProcessId: 21196
Image: C:\Program Files\Git\mingw64\bin\git.exe
User: LAPTOP-I8K1DAMV\rohin"
"2026-04-21T06:20:36.0650128+05:30","5","Process terminated:
RuleName: -
UtcTime: 2026-04-21 00:50:36.064
ProcessGuid: {a65b9ff6-c9d9-69e6-a806-000000001b00}
ProcessId: 24692
Image: C:\Windows\System32\conhost.exe
User: LAPTOP-I8K1DAMV\rohin"
"2026-04-21T06:20:36.0622743+05:30","5","Process terminated:
RuleName: -
UtcTime: 2026-04-21 00:50:36.061
ProcessGuid: {a65b9ff6-c9d9-69e6-a706-000000001b00}
ProcessId: 6544
Image: C:\Program Files\Docker\Docker\resources\bin\docker.exe
User: LAPTOP-I8K1DAMV\rohin"
"2026-04-21T06:20:26.0774202+05:30","5","Process terminated:
RuleName: -
UtcTime: 2026-04-21 00:50:26.076
ProcessGuid: {a65b9ff6-c9cf-69e6-a606-000000001b00}
ProcessId: 27360
Image: C:\Windows\System32\conhost.exe
User: LAPTOP-I8K1DAMV\rohin"
"2026-04-21T06:20:26.0739230+05:30","5","Process terminated:
RuleName: -
UtcTime: 2026-04-21 00:50:26.073
ProcessGuid: {a65b9ff6-c9cf-69e6-a506-000000001b00}
ProcessId: 26628
Image: C:\Program Files\Docker\Docker\resources\bin\docker.exe
User: LAPTOP-I8K1DAMV\rohin"
"2026-04-21T06:20:18.5911034+05:30","5","Process terminated:
RuleName: -
UtcTime: 2026-04-21 00:50:18.590
ProcessGuid: {a65b9ff6-c9ca-69e6-a406-000000001b00}
ProcessId: 7968
Image: C:\Windows\System32\curl.exe
User: LAPTOP-I8K1DAMV\rohin"
"2026-04-21T06:20:16.7199554+05:30","5","Process terminated:
RuleName: -
UtcTime: 2026-04-21 00:50:16.719
ProcessGuid: {a65b9ff6-c9c8-69e6-a206-000000001b00}
ProcessId: 27172
Image: C:\Windows\System32\conhost.exe
User: LAPTOP-I8K1DAMV\rohin"
"2026-04-21T06:20:16.7170969+05:30","5","Process terminated:
RuleName: -
UtcTime: 2026-04-21 00:50:16.716
ProcessGuid: {a65b9ff6-c9c8-69e6-a106-000000001b00}
ProcessId: 14580
Image: C:\Program Files\Git\cmd\git.exe
User: LAPTOP-I8K1DAMV\rohin"
"2026-04-21T06:20:16.7122690+05:30","5","Process terminated:
RuleName: -
UtcTime: 2026-04-21 00:50:16.711
ProcessGuid: {a65b9ff6-c9c8-69e6-a306-000000001b00}
ProcessId: 8420
Image: C:\Program Files\Git\mingw64\bin\git.exe
User: LAPTOP-I8K1DAMV\rohin"
"2026-04-21T06:20:16.5024176+05:30","5","Process terminated:
RuleName: -
UtcTime: 2026-04-21 00:50:16.501
ProcessGuid: {a65b9ff6-c8ba-69e6-3406-000000001b00}
ProcessId: 14548
Image: C:\Windows\System32\svchost.exe
User: NT AUTHORITY\SYSTEM"
"2026-04-21T06:20:16.0993374+05:30","5","Process terminated:
RuleName: -
UtcTime: 2026-04-21 00:50:16.098
ProcessGuid: {a65b9ff6-c9c5-69e6-a006-000000001b00}
ProcessId: 9596
Image: C:\Windows\System32\conhost.exe
User: LAPTOP-I8K1DAMV\rohin"
"2026-04-21T06:20:16.0957949+05:30","5","Process terminated:
RuleName: -
UtcTime: 2026-04-21 00:50:16.095
ProcessGuid: {a65b9ff6-c9c5-69e6-9f06-000000001b00}
ProcessId: 18920
Image: C:\Program Files\Docker\Docker\resources\bin\docker.exe
User: LAPTOP-I8K1DAMV\rohin"
"2026-04-21T06:20:14.1663579+05:30","5","Process terminated:
RuleName: -
UtcTime: 2026-04-21 00:50:14.166
ProcessGuid: {a65b9ff6-c706-69e6-7805-000000001b00}
ProcessId: 4080
Image: C:\Windows\System32\mmc.exe
User: LAPTOP-I8K1DAMV\rohin"
"2026-04-21T06:20:07.6846241+05:30","5","Process terminated:
RuleName: -
UtcTime: 2026-04-21 00:50:07.683
ProcessGuid: {a65b9ff6-c9a8-69e6-9906-000000001b00}
ProcessId: 27296
Image: C:\Program Files\Google\Chrome\Application\chrome.exe
User: LAPTOP-I8K1DAMV\rohin"
"2026-04-21T06:20:06.0746208+05:30","5","Process terminated:
RuleName: -
UtcTime: 2026-04-21 00:50:06.074
ProcessGuid: {a65b9ff6-c9bb-69e6-9d06-000000001b00}
ProcessId: 23252
Image: C:\Windows\System32\conhost.exe
User: LAPTOP-I8K1DAMV\rohin"
"2026-04-21T06:20:06.0715411+05:30","5","Process terminated:
RuleName: -
UtcTime: 2026-04-21 00:50:06.071
ProcessGuid: {a65b9ff6-c9bb-69e6-9c06-000000001b00}
ProcessId: 22456
Image: C:\Program Files\Docker\Docker\resources\bin\docker.exe
User: LAPTOP-I8K1DAMV\rohin"
"2026-04-21T06:19:58.4953759+05:30","5","Process terminated:
RuleName: -
UtcTime: 2026-04-21 00:49:58.495
ProcessGuid: {a65b9ff6-c931-69e6-6206-000000001b00}
ProcessId: 24104
Image: C:\Windows\System32\wbem\WmiPrvSE.exe
User: NT AUTHORITY\LOCAL SERVICE"
"2026-04-21T06:19:56.0492487+05:30","5","Process terminated:
RuleName: -
UtcTime: 2026-04-21 00:49:56.049
ProcessGuid: {a65b9ff6-c9b1-69e6-9b06-000000001b00}
ProcessId: 22892
Image: C:\Windows\System32\conhost.exe
User: LAPTOP-I8K1DAMV\rohin"
"2026-04-21T06:19:56.0465716+05:30","5","Process terminated:
RuleName: -
UtcTime: 2026-04-21 00:49:56.046
ProcessGuid: {a65b9ff6-c9b1-69e6-9a06-000000001b00}
ProcessId: 6808
Image: C:\Program Files\Docker\Docker\resources\bin\docker.exe
User: LAPTOP-I8K1DAMV\rohin"
"2026-04-21T06:19:47.4197810+05:30","5","Process terminated:
RuleName: -
UtcTime: 2026-04-21 00:49:47.419
ProcessGuid: {a65b9ff6-c90c-69e6-4906-000000001b00}
ProcessId: 14896
Image: C:\Windows\System32\SearchProtocolHost.exe
User: NT AUTHORITY\SYSTEM"
"2026-04-21T06:19:46.0194670+05:30","5","Process terminated:
RuleName: -
UtcTime: 2026-04-21 00:49:46.019
ProcessGuid: {a65b9ff6-c9a7-69e6-9806-000000001b00}
ProcessId: 2892
Image: C:\Windows\System32\conhost.exe
User: LAPTOP-I8K1DAMV\rohin"
"2026-04-21T06:19:46.0163154+05:30","5","Process terminated:
RuleName: -
UtcTime: 2026-04-21 00:49:46.015
ProcessGuid: {a65b9ff6-c9a7-69e6-9706-000000001b00}
ProcessId: 5072
Image: C:\Program Files\Docker\Docker\resources\bin\docker.exe
User: LAPTOP-I8K1DAMV\rohin"
"2026-04-21T06:19:36.0065314+05:30","5","Process terminated:
RuleName: -
UtcTime: 2026-04-21 00:49:36.005
ProcessGuid: {a65b9ff6-c99d-69e6-9606-000000001b00}
ProcessId: 16188
Image: C:\Windows\System32\conhost.exe
User: LAPTOP-I8K1DAMV\rohin"
"2026-04-21T06:19:36.0033928+05:30","5","Process terminated:
RuleName: -
UtcTime: 2026-04-21 00:49:36.003
ProcessGuid: {a65b9ff6-c99d-69e6-9506-000000001b00}
ProcessId: 22132
Image: C:\Program Files\Docker\Docker\resources\bin\docker.exe
User: LAPTOP-I8K1DAMV\rohin"
"2026-04-21T06:19:28.4885433+05:30","5","Process terminated:
RuleName: -
UtcTime: 2026-04-21 00:49:28.488
ProcessGuid: {a65b9ff6-c8dc-69e6-3b06-000000001b00}
ProcessId: 17380
Image: C:\Windows\System32\wbem\WmiPrvSE.exe
User: NT AUTHORITY\NETWORK SERVICE"
"2026-04-21T06:19:26.0204418+05:30","5","Process terminated:
RuleName: -
UtcTime: 2026-04-21 00:49:26.020
ProcessGuid: {a65b9ff6-c993-69e6-9406-000000001b00}
ProcessId: 24760
Image: C:\Windows\System32\conhost.exe
User: LAPTOP-I8K1DAMV\rohin"
"2026-04-21T06:19:26.0175658+05:30","5","Process terminated:
RuleName: -
UtcTime: 2026-04-21 00:49:26.017
ProcessGuid: {a65b9ff6-c993-69e6-9306-000000001b00}
ProcessId: 16084
Image: C:\Program Files\Docker\Docker\resources\bin\docker.exe
User: LAPTOP-I8K1DAMV\rohin"
"2026-04-21T06:19:18.2583702+05:30","5","Process terminated:
RuleName: -
UtcTime: 2026-04-21 00:49:18.257
ProcessGuid: {a65b9ff6-c931-69e6-6306-000000001b00}
ProcessId: 26836
Image: C:\Windows\System32\svchost.exe
User: NT AUTHORITY\SYSTEM"
"2026-04-21T06:19:16.0653414+05:30","5","Process terminated:
RuleName: -
UtcTime: 2026-04-21 00:49:16.065
ProcessGuid: {a65b9ff6-c989-69e6-8f06-000000001b00}
ProcessId: 12676
Image: C:\Windows\System32\conhost.exe
User: LAPTOP-I8K1DAMV\rohin"
"2026-04-21T06:19:16.0603907+05:30","5","Process terminated:
RuleName: -
UtcTime: 2026-04-21 00:49:16.059
ProcessGuid: {a65b9ff6-c989-69e6-8e06-000000001b00}
ProcessId: 13904
Image: C:\Program Files\Docker\Docker\resources\bin\docker.exe
User: LAPTOP-I8K1DAMV\rohin"
"2026-04-21T06:19:15.3944170+05:30","5","Process terminated:
RuleName: -
UtcTime: 2026-04-21 00:49:15.394
ProcessGuid: {a65b9ff6-c98b-69e6-9206-000000001b00}
ProcessId: 10768
Image: C:\Program Files\Google\Chrome\Application\chrome.exe
User: LAPTOP-I8K1DAMV\rohin"
"2026-04-21T06:19:15.2873119+05:30","5","Process terminated:
RuleName: -
UtcTime: 2026-04-21 00:49:15.286
ProcessGuid: {a65b9ff6-c98b-69e6-9006-000000001b00}
ProcessId: 17364
Image: C:\Program Files\Google\Chrome\Application\chrome.exe
User: LAPTOP-I8K1DAMV\rohin"
"2026-04-21T06:19:15.2848846+05:30","5","Process terminated:
RuleName: -
UtcTime: 2026-04-21 00:49:15.283
ProcessGuid: {a65b9ff6-c98b-69e6-9106-000000001b00}
ProcessId: 27192
Image: C:\Program Files\Google\Chrome\Application\chrome.exe
User: LAPTOP-I8K1DAMV\rohin"
"2026-04-21T06:19:07.5751994+05:30","5","Process terminated:
RuleName: -
UtcTime: 2026-04-21 00:49:07.574
ProcessGuid: {a65b9ff6-c978-69e6-8906-000000001b00}
ProcessId: 2984
Image: C:\Program Files\Google\Chrome\Application\chrome.exe
User: LAPTOP-I8K1DAMV\rohin"
"2026-04-21T06:19:06.0323818+05:30","5","Process terminated:
RuleName: -
UtcTime: 2026-04-21 00:49:06.031
ProcessGuid: {a65b9ff6-c981-69e6-8c06-000000001b00}
ProcessId: 20000
Image: C:\Program Files\Google\Chrome\Application\chrome.exe
User: LAPTOP-I8K1DAMV\rohin"
"2026-04-21T06:19:06.0083388+05:30","5","Process terminated:
RuleName: -
UtcTime: 2026-04-21 00:49:06.007
ProcessGuid: {a65b9ff6-c97f-69e6-8b06-000000001b00}
ProcessId: 26764
Image: C:\Windows\System32\conhost.exe
User: LAPTOP-I8K1DAMV\rohin"
"2026-04-21T06:19:06.0017604+05:30","5","Process terminated:
RuleName: -
UtcTime: 2026-04-21 00:49:06.001
ProcessGuid: {a65b9ff6-c97f-69e6-8a06-000000001b00}
ProcessId: 27284
Image: C:\Program Files\Docker\Docker\resources\bin\docker.exe
User: LAPTOP-I8K1DAMV\rohin"
"2026-04-21T06:18:56.0012208+05:30","5","Process terminated:
RuleName: -
UtcTime: 2026-04-21 00:48:56.000
ProcessGuid: {a65b9ff6-c975-69e6-8806-000000001b00}
ProcessId: 27256
Image: C:\Windows\System32\conhost.exe
User: LAPTOP-I8K1DAMV\rohin"
"2026-04-21T06:18:55.9975638+05:30","5","Process terminated:
RuleName: -
UtcTime: 2026-04-21 00:48:55.997
ProcessGuid: {a65b9ff6-c975-69e6-8706-000000001b00}
ProcessId: 6524
Image: C:\Program Files\Docker\Docker\resources\bin\docker.exe
User: LAPTOP-I8K1DAMV\rohin"
"2026-04-21T06:18:45.9895649+05:30","5","Process terminated:
RuleName: -
UtcTime: 2026-04-21 00:48:45.989
ProcessGuid: {a65b9ff6-c96b-69e6-8606-000000001b00}
ProcessId: 4176
Image: C:\Windows\System32\conhost.exe
User: LAPTOP-I8K1DAMV\rohin"
"2026-04-21T06:18:45.9867670+05:30","5","Process terminated:
RuleName: -
UtcTime: 2026-04-21 00:48:45.986
ProcessGuid: {a65b9ff6-c96b-69e6-8506-000000001b00}
ProcessId: 19108
Image: C:\Program Files\Docker\Docker\resources\bin\docker.exe
User: LAPTOP-I8K1DAMV\rohin"
"2026-04-21T06:18:37.1055434+05:30","5","Process terminated:
RuleName: -
UtcTime: 2026-04-21 00:48:37.105
ProcessGuid: {a65b9ff6-c946-69e6-7c06-000000001b00}
ProcessId: 5072
Image: C:\Windows\System32\svchost.exe
User: NT AUTHORITY\LOCAL SERVICE"
"2026-04-21T06:18:36.0455056+05:30","5","Process terminated:
RuleName: -
UtcTime: 2026-04-21 00:48:36.045
ProcessGuid: {a65b9ff6-c961-69e6-8406-000000001b00}
ProcessId: 25944
Image: C:\Windows\System32\conhost.exe
User: LAPTOP-I8K1DAMV\rohin"
"2026-04-21T06:18:36.0426329+05:30","5","Process terminated:
RuleName: -
UtcTime: 2026-04-21 00:48:36.042
ProcessGuid: {a65b9ff6-c961-69e6-8306-000000001b00}
ProcessId: 10068
Image: C:\Program Files\Docker\Docker\resources\bin\docker.exe
User: LAPTOP-I8K1DAMV\rohin"
"2026-04-21T06:18:26.0147335+05:30","5","Process terminated:
RuleName: -
UtcTime: 2026-04-21 00:48:26.014
ProcessGuid: {a65b9ff6-c957-69e6-8206-000000001b00}
ProcessId: 26820
Image: C:\Windows\System32\conhost.exe
User: LAPTOP-I8K1DAMV\rohin"
"2026-04-21T06:18:26.0119208+05:30","5","Process terminated:
RuleName: -
UtcTime: 2026-04-21 00:48:26.011
ProcessGuid: {a65b9ff6-c957-69e6-8106-000000001b00}
ProcessId: 21776
Image: C:\Program Files\Docker\Docker\resources\bin\docker.exe
User: LAPTOP-I8K1DAMV\rohin"
"2026-04-21T06:18:16.1994879+05:30","5","Process terminated:
RuleName: -
UtcTime: 2026-04-21 00:48:16.199
ProcessGuid: {a65b9ff6-c5b2-69e6-b904-000000001b00}
ProcessId: 7424
Image: C:\Program Files\Google\Chrome\Application\chrome.exe
User: LAPTOP-I8K1DAMV\rohin"
"2026-04-21T06:18:16.0057071+05:30","5","Process terminated:
RuleName: -
UtcTime: 2026-04-21 00:48:16.005
ProcessGuid: {a65b9ff6-c94d-69e6-7f06-000000001b00}
ProcessId: 25464
Image: C:\Windows\System32\conhost.exe
User: LAPTOP-I8K1DAMV\rohin"
"2026-04-21T06:18:16.0024840+05:30","5","Process terminated:
RuleName: -
UtcTime: 2026-04-21 00:48:16.001
ProcessGuid: {a65b9ff6-c94d-69e6-7e06-000000001b00}
ProcessId: 13604
Image: C:\Program Files\Docker\Docker\resources\bin\docker.exe
User: LAPTOP-I8K1DAMV\rohin"
"2026-04-21T06:18:06.0370308+05:30","5","Process terminated:
RuleName: -
UtcTime: 2026-04-21 00:48:06.036
ProcessGuid: {a65b9ff6-c943-69e6-7606-000000001b00}
ProcessId: 27336
Image: C:\Windows\System32\conhost.exe
User: LAPTOP-I8K1DAMV\rohin"
"2026-04-21T06:18:06.0338487+05:30","5","Process terminated:
RuleName: -
UtcTime: 2026-04-21 00:48:06.033
ProcessGuid: {a65b9ff6-c943-69e6-7506-000000001b00}
ProcessId: 11252
Image: C:\Program Files\Docker\Docker\resources\bin\docker.exe
User: LAPTOP-I8K1DAMV\rohin"
"2026-04-21T06:18:04.8747672+05:30","5","Process terminated:
RuleName: -
UtcTime: 2026-04-21 00:48:04.873
ProcessGuid: {a65b9ff6-c944-69e6-7906-000000001b00}
ProcessId: 22308
Image: C:\Windows\System32\CompPkgSrv.exe
User: LAPTOP-I8K1DAMV\rohin"
"2026-04-21T06:18:02.3561074+05:30","5","Process terminated:
RuleName: -
UtcTime: 2026-04-21 00:48:02.355
ProcessGuid: {a65b9ff6-c93e-69e6-6d06-000000001b00}
ProcessId: 25284
Image: C:\Program Files\Google\Chrome\Application\chrome.exe
User: LAPTOP-I8K1DAMV\rohin"
"2026-04-21T06:18:02.3474241+05:30","5","Process terminated:
RuleName: -
UtcTime: 2026-04-21 00:48:02.345
ProcessGuid: {a65b9ff6-c93e-69e6-6e06-000000001b00}
ProcessId: 3244
Image: C:\Program Files\Google\Chrome\Application\chrome.exe
User: LAPTOP-I8K1DAMV\rohin"
"2026-04-21T06:18:02.3401415+05:30","5","Process terminated:
RuleName: -
UtcTime: 2026-04-21 00:48:02.329
ProcessGuid: {a65b9ff6-c942-69e6-7306-000000001b00}
ProcessId: 26832
Image: C:\Program Files\Google\Chrome\Application\chrome.exe
User: LAPTOP-I8K1DAMV\rohin"
"2026-04-21T06:18:01.7415931+05:30","5","Process terminated:
RuleName: -
UtcTime: 2026-04-21 00:48:01.740
ProcessGuid: {a65b9ff6-c940-69e6-7006-000000001b00}
ProcessId: 18860
Image: C:\Program Files\Google\Chrome\Application\chrome.exe
User: LAPTOP-I8K1DAMV\rohin"
"2026-04-21T06:18:01.7338695+05:30","5","Process terminated:
RuleName: -
UtcTime: 2026-04-21 00:48:01.733
ProcessGuid: {a65b9ff6-c940-69e6-7106-000000001b00}
ProcessId: 14976
Image: C:\Program Files\Google\Chrome\Application\chrome.exe
User: LAPTOP-I8K1DAMV\rohin"
"2026-04-21T06:17:55.9346193+05:30","5","Process terminated:
RuleName: -
UtcTime: 2026-04-21 00:47:55.934
ProcessGuid: {a65b9ff6-c939-69e6-6c06-000000001b00}
ProcessId: 26536
Image: C:\Windows\System32\conhost.exe
User: LAPTOP-I8K1DAMV\rohin"
"2026-04-21T06:17:55.9308814+05:30","5","Process terminated:
RuleName: -
UtcTime: 2026-04-21 00:47:55.930
ProcessGuid: {a65b9ff6-c939-69e6-6b06-000000001b00}
ProcessId: 22256
Image: C:\Program Files\Docker\Docker\resources\bin\docker.exe
User: LAPTOP-I8K1DAMV\rohin"
"2026-04-21T06:17:52.4646150+05:30","5","Process terminated:
RuleName: -
UtcTime: 2026-04-21 00:47:52.464
ProcessGuid: {a65b9ff6-c938-69e6-6a06-000000001b00}
ProcessId: 26584
Image: C:\Program Files\Docker\Docker\resources\bin\docker-compose.exe
User: LAPTOP-I8K1DAMV\rohin"
"2026-04-21T06:17:46.1838037+05:30","5","Process terminated:
RuleName: -
UtcTime: 2026-04-21 00:47:46.182
ProcessGuid: {a65b9ff6-c932-69e6-6506-000000001b00}
ProcessId: 488
Image: C:\Windows\System32\conhost.exe
User: LAPTOP-I8K1DAMV\rohin"
"2026-04-21T06:17:46.1808113+05:30","5","Process terminated:
RuleName: -
UtcTime: 2026-04-21 00:47:46.179
ProcessGuid: {a65b9ff6-c932-69e6-6406-000000001b00}
ProcessId: 5860
Image: C:\Windows\System32\cmd.exe
User: LAPTOP-I8K1DAMV\rohin"
"2026-04-21T06:17:46.1765319+05:30","5","Process terminated:
RuleName: -
UtcTime: 2026-04-21 00:47:46.175
ProcessGuid: {a65b9ff6-c932-69e6-6606-000000001b00}
ProcessId: 13892
Image: C:\Windows\System32\wsl.exe
User: LAPTOP-I8K1DAMV\rohin"
"2026-04-21T06:17:46.1722682+05:30","5","Process terminated:
RuleName: -
UtcTime: 2026-04-21 00:47:46.171
ProcessGuid: {a65b9ff6-c932-69e6-6706-000000001b00}
ProcessId: 13156
Image: C:\Program Files\WSL\wsl.exe
User: LAPTOP-I8K1DAMV\rohin"
"2026-04-21T06:17:45.9339190+05:30","5","Process terminated:
RuleName: -
UtcTime: 2026-04-21 00:47:45.933
ProcessGuid: {a65b9ff6-c92f-69e6-6106-000000001b00}
ProcessId: 16368
Image: C:\Windows\System32\conhost.exe
User: LAPTOP-I8K1DAMV\rohin"
"2026-04-21T06:17:45.9303628+05:30","5","Process terminated:
RuleName: -
UtcTime: 2026-04-21 00:47:45.929
ProcessGuid: {a65b9ff6-c92f-69e6-6006-000000001b00}
ProcessId: 14248
Image: C:\Program Files\Docker\Docker\resources\bin\docker.exe
User: LAPTOP-I8K1DAMV\rohin"
"2026-04-21T06:17:41.3573924+05:30","5","Process terminated:
RuleName: -
UtcTime: 2026-04-21 00:47:41.357
ProcessGuid: {a65b9ff6-c925-69e6-5606-000000001b00}
ProcessId: 22664
Image: C:\Program Files\Docker\Docker\resources\bin\docker-compose.exe
User: LAPTOP-I8K1DAMV\rohin"
"2026-04-21T06:17:38.8916030+05:30","5","Process terminated:
RuleName: -
UtcTime: 2026-04-21 00:47:38.890
ProcessGuid: {a65b9ff6-c91c-69e6-5406-000000001b00}
ProcessId: 14692
Image: C:\Program Files (x86)\Google\GoogleUpdater\148.0.7730.0\updater.exe
User: NT AUTHORITY\SYSTEM"
"2026-04-21T06:17:38.8866666+05:30","5","Process terminated:
RuleName: -
UtcTime: 2026-04-21 00:47:38.885
ProcessGuid: {a65b9ff6-c91c-69e6-5206-000000001b00}
ProcessId: 25956
Image: C:\Program Files (x86)\Google\GoogleUpdater\148.0.7730.0\updater.exe
User: NT AUTHORITY\SYSTEM"
"2026-04-21T06:17:38.8813035+05:30","5","Process terminated:
RuleName: -
UtcTime: 2026-04-21 00:47:38.880
ProcessGuid: {a65b9ff6-c91c-69e6-5306-000000001b00}
ProcessId: 21832
Image: C:\Program Files (x86)\Google\GoogleUpdater\148.0.7730.0\updater.exe
User: NT AUTHORITY\SYSTEM"
