"2026-04-21T06:02:59.1257637+05:30","5","Process terminated:
RuleName: -
UtcTime: 2026-04-21 00:32:59.125
ProcessGuid: {a65b9ff6-c5bb-69e6-cd04-000000001b00}
ProcessId: 24420
Image: C:\Program Files\Google\Chrome\Application\chrome.exe
User: LAPTOP-I8K1DAMV\rohin"
"2026-04-21T06:02:56.8759231+05:30","5","Process terminated:
RuleName: -
UtcTime: 2026-04-21 00:32:56.875
ProcessGuid: {a65b9ff6-c5b5-69e6-c704-000000001b00}
ProcessId: 15472
Image: C:\Program Files\Google\Chrome\Application\chrome.exe
User: LAPTOP-I8K1DAMV\rohin"
"2026-04-21T06:02:55.3858886+05:30","5","Process terminated:
RuleName: -
UtcTime: 2026-04-21 00:32:55.385
ProcessGuid: {a65b9ff6-c5b4-69e6-c404-000000001b00}
ProcessId: 10976
Image: C:\Program Files (x86)\Microsoft\EdgeWebView\Application\147.0.3912.72\msedgewebview2.exe
User: LAPTOP-I8K1DAMV\rohin"
"2026-04-21T06:02:55.3578130+05:30","5","Process terminated:
RuleName: -
UtcTime: 2026-04-21 00:32:55.357
ProcessGuid: {a65b9ff6-c5b4-69e6-c304-000000001b00}
ProcessId: 12296
Image: C:\Program Files (x86)\Microsoft\EdgeWebView\Application\147.0.3912.72\msedgewebview2.exe
User: LAPTOP-I8K1DAMV\rohin"
"2026-04-21T06:02:54.9492519+05:30","5","Process terminated:
RuleName: -
UtcTime: 2026-04-21 00:32:54.948
ProcessGuid: {a65b9ff6-c5b5-69e6-c504-000000001b00}
ProcessId: 10424
Image: C:\Program Files (x86)\Microsoft\EdgeWebView\Application\147.0.3912.72\msedgewebview2.exe
User: LAPTOP-I8K1DAMV\rohin"
"2026-04-21T06:02:54.9266710+05:30","5","Process terminated:
RuleName: -
UtcTime: 2026-04-21 00:32:54.925
ProcessGuid: {a65b9ff6-c5b5-69e6-c804-000000001b00}
ProcessId: 1764
Image: C:\Program Files (x86)\Microsoft\EdgeWebView\Application\147.0.3912.72\msedgewebview2.exe
User: LAPTOP-I8K1DAMV\rohin"
"2026-04-21T06:02:54.9082489+05:30","5","Process terminated:
RuleName: -
UtcTime: 2026-04-21 00:32:54.907
ProcessGuid: {a65b9ff6-c5b5-69e6-c604-000000001b00}
ProcessId: 25640
Image: C:\Program Files (x86)\Microsoft\EdgeWebView\Application\147.0.3912.72\msedgewebview2.exe
User: LAPTOP-I8K1DAMV\rohin"
"2026-04-21T06:02:54.4927092+05:30","5","Process terminated:
RuleName: -
UtcTime: 2026-04-21 00:32:54.491
ProcessGuid: {a65b9ff6-c5b5-69e6-c904-000000001b00}
ProcessId: 25268
Image: C:\Program Files (x86)\Microsoft\EdgeWebView\Application\147.0.3912.72\msedgewebview2.exe
User: LAPTOP-I8K1DAMV\rohin"
"2026-04-21T06:02:53.5281556+05:30","5","Process terminated:
RuleName: -
UtcTime: 2026-04-21 00:32:53.527
ProcessGuid: {a65b9ff6-c5b2-69e6-ba04-000000001b00}
ProcessId: 25084
Image: C:\Program Files\Google\Chrome\Application\chrome.exe
User: LAPTOP-I8K1DAMV\rohin"
"2026-04-21T06:02:49.8331137+05:30","5","Process terminated:
RuleName: -
UtcTime: 2026-04-21 00:32:49.832
ProcessGuid: {a65b9ff6-c5b1-69e6-b704-000000001b00}
ProcessId: 2812
Image: C:\Program Files\Google\Chrome\Application\147.0.7727.102\elevation_service.exe
User: NT AUTHORITY\SYSTEM"
"2026-04-21T06:02:11.6513352+05:30","5","Process terminated:
RuleName: -
UtcTime: 2026-04-21 00:32:11.649
ProcessGuid: {a65b9ff6-c0c7-69e6-5801-000000001b00}
ProcessId: 16288
Image: C:\Windows\System32\smartscreen.exe
User: LAPTOP-I8K1DAMV\rohin"
"2026-04-21T06:02:02.2986771+05:30","5","Process terminated:
RuleName: -
UtcTime: 2026-04-21 00:32:02.296
ProcessGuid: {a65b9ff6-c479-69e6-6704-000000001b00}
ProcessId: 10344
Image: C:\Windows\System32\conhost.exe
User: LAPTOP-I8K1DAMV\rohin"
"2026-04-21T06:02:02.2927657+05:30","5","Process terminated:
RuleName: -
UtcTime: 2026-04-21 00:32:02.292
ProcessGuid: {a65b9ff6-c479-69e6-6604-000000001b00}
ProcessId: 14164
Image: C:\Program Files (x86)\Common Files\Adobe\AdobeGCClient\AdobeGCClient.exe
User: LAPTOP-I8K1DAMV\rohin"
"2026-04-21T06:01:52.2918285+05:30","5","Process terminated:
RuleName: -
UtcTime: 2026-04-21 00:31:52.291
ProcessGuid: {a65b9ff6-c320-69e6-d903-000000001b00}
ProcessId: 24504
Image: C:\Windows\System32\svchost.exe
User: NT AUTHORITY\SYSTEM"
"2026-04-21T06:01:32.7119454+05:30","5","Process terminated:
RuleName: -
UtcTime: 2026-04-21 00:31:32.711
ProcessGuid: {a65b9ff6-c564-69e6-ae04-000000001b00}
ProcessId: 25684
Image: C:\Program Files\Docker\Docker\resources\bin\docker-credential-desktop.exe
User: LAPTOP-I8K1DAMV\rohin"
"2026-04-21T06:01:32.7098057+05:30","5","Process terminated:
RuleName: -
UtcTime: 2026-04-21 00:31:32.709
ProcessGuid: {a65b9ff6-c564-69e6-af04-000000001b00}
ProcessId: 23436
Image: C:\Program Files\Docker\Docker\resources\bin\docker-credential-wincred.exe
User: LAPTOP-I8K1DAMV\rohin"
"2026-04-21T06:01:32.5856140+05:30","5","Process terminated:
RuleName: -
UtcTime: 2026-04-21 00:31:32.585
ProcessGuid: {a65b9ff6-c564-69e6-ac04-000000001b00}
ProcessId: 6544
Image: C:\Program Files\Git\cmd\git.exe
User: LAPTOP-I8K1DAMV\rohin"
"2026-04-21T06:01:32.5830687+05:30","5","Process terminated:
RuleName: -
UtcTime: 2026-04-21 00:31:32.582
ProcessGuid: {a65b9ff6-c564-69e6-ad04-000000001b00}
ProcessId: 22804
Image: C:\Program Files\Git\mingw64\bin\git.exe
User: LAPTOP-I8K1DAMV\rohin"
"2026-04-21T06:01:32.4965754+05:30","5","Process terminated:
RuleName: -
UtcTime: 2026-04-21 00:31:32.496
ProcessGuid: {a65b9ff6-c564-69e6-aa04-000000001b00}
ProcessId: 15724
Image: C:\Program Files\Git\cmd\git.exe
User: LAPTOP-I8K1DAMV\rohin"
"2026-04-21T06:01:32.4935031+05:30","5","Process terminated:
RuleName: -
UtcTime: 2026-04-21 00:31:32.492
ProcessGuid: {a65b9ff6-c564-69e6-ab04-000000001b00}
ProcessId: 10028
Image: C:\Program Files\Git\mingw64\bin\git.exe
User: LAPTOP-I8K1DAMV\rohin"
"2026-04-21T06:01:32.2362141+05:30","5","Process terminated:
RuleName: -
UtcTime: 2026-04-21 00:31:32.235
ProcessGuid: {a65b9ff6-c564-69e6-a804-000000001b00}
ProcessId: 4080
Image: C:\Program Files\Docker\cli-plugins\docker-buildx.exe
User: LAPTOP-I8K1DAMV\rohin"
"2026-04-21T06:01:32.1685067+05:30","5","Process terminated:
RuleName: -
UtcTime: 2026-04-21 00:31:32.168
ProcessGuid: {a65b9ff6-c564-69e6-a704-000000001b00}
ProcessId: 20716
Image: C:\Program Files\Docker\cli-plugins\docker-buildx.exe
User: LAPTOP-I8K1DAMV\rohin"
"2026-04-21T06:01:23.3330573+05:30","5","Process terminated:
RuleName: -
UtcTime: 2026-04-21 00:31:23.332
ProcessGuid: {a65b9ff6-c55b-69e6-a504-000000001b00}
ProcessId: 12956
Image: C:\Users\rohin\AppData\Local\Programs\Microsoft VS Code\Code.exe
User: LAPTOP-I8K1DAMV\rohin"
"2026-04-21T06:01:23.2323699+05:30","5","Process terminated:
RuleName: -
UtcTime: 2026-04-21 00:31:23.230
ProcessGuid: {a65b9ff6-c4e3-69e6-8204-000000001b00}
ProcessId: 19496
Image: C:\Windows\System32\conhost.exe
User: LAPTOP-I8K1DAMV\rohin"
"2026-04-21T06:01:23.2273679+05:30","5","Process terminated:
RuleName: -
UtcTime: 2026-04-21 00:31:23.226
ProcessGuid: {a65b9ff6-c4e3-69e6-8304-000000001b00}
ProcessId: 2824
Image: C:\Windows\System32\WindowsPowerShell\v1.0\powershell.exe
User: LAPTOP-I8K1DAMV\rohin"
"2026-04-21T06:01:23.2142787+05:30","5","Process terminated:
RuleName: -
UtcTime: 2026-04-21 00:31:23.213
ProcessGuid: {a65b9ff6-c50a-69e6-8c04-000000001b00}
ProcessId: 8712
Image: C:\Program Files\Docker\Docker\resources\bin\docker-compose.exe
User: LAPTOP-I8K1DAMV\rohin"
"2026-04-21T06:01:22.9494914+05:30","5","Process terminated:
RuleName: -
UtcTime: 2026-04-21 00:31:22.949
ProcessGuid: {a65b9ff6-c55a-69e6-a404-000000001b00}
ProcessId: 17352
Image: C:\Users\rohin\AppData\Local\Programs\Microsoft VS Code\Code.exe
User: LAPTOP-I8K1DAMV\rohin"
"2026-04-21T06:01:22.8546766+05:30","5","Process terminated:
RuleName: -
UtcTime: 2026-04-21 00:31:22.844
ProcessGuid: {a65b9ff6-c3d3-69e6-1f04-000000001b00}
ProcessId: 8088
Image: C:\Windows\System32\conhost.exe
User: LAPTOP-I8K1DAMV\rohin"
"2026-04-21T06:01:22.8495722+05:30","5","Process terminated:
RuleName: -
UtcTime: 2026-04-21 00:31:22.844
ProcessGuid: {a65b9ff6-c3d3-69e6-2004-000000001b00}
ProcessId: 11180
Image: C:\Windows\System32\WindowsPowerShell\v1.0\powershell.exe
User: LAPTOP-I8K1DAMV\rohin"
"2026-04-21T06:01:22.8301739+05:30","5","Process terminated:
RuleName: -
UtcTime: 2026-04-21 00:31:22.829
ProcessGuid: {a65b9ff6-c416-69e6-4204-000000001b00}
ProcessId: 27244
Image: C:\Program Files\Docker\Docker\resources\bin\docker-compose.exe
User: LAPTOP-I8K1DAMV\rohin"
"2026-04-21T06:01:22.6332887+05:30","5","Process terminated:
RuleName: -
UtcTime: 2026-04-21 00:31:22.632
ProcessGuid: {a65b9ff6-c55a-69e6-a304-000000001b00}
ProcessId: 27524
Image: C:\Users\rohin\AppData\Local\Programs\Microsoft VS Code\Code.exe
User: LAPTOP-I8K1DAMV\rohin"
"2026-04-21T06:01:22.5440925+05:30","5","Process terminated:
RuleName: -
UtcTime: 2026-04-21 00:31:22.541
ProcessGuid: {a65b9ff6-c48a-69e6-6f04-000000001b00}
ProcessId: 27324
Image: C:\Windows\System32\conhost.exe
User: LAPTOP-I8K1DAMV\rohin"
"2026-04-21T06:01:22.5398749+05:30","5","Process terminated:
RuleName: -
UtcTime: 2026-04-21 00:31:22.538
ProcessGuid: {a65b9ff6-c48a-69e6-7004-000000001b00}
ProcessId: 3316
Image: C:\Windows\System32\WindowsPowerShell\v1.0\powershell.exe
User: LAPTOP-I8K1DAMV\rohin"
"2026-04-21T06:01:22.5298131+05:30","5","Process terminated:
RuleName: -
UtcTime: 2026-04-21 00:31:22.528
ProcessGuid: {a65b9ff6-c490-69e6-7104-000000001b00}
ProcessId: 22692
Image: C:\Program Files\Docker\Docker\resources\bin\docker-compose.exe
User: LAPTOP-I8K1DAMV\rohin"
"2026-04-21T06:01:22.3434641+05:30","5","Process terminated:
RuleName: -
UtcTime: 2026-04-21 00:31:22.330
ProcessGuid: {a65b9ff6-c55a-69e6-a204-000000001b00}
ProcessId: 14344
Image: C:\Users\rohin\AppData\Local\Programs\Microsoft VS Code\Code.exe
User: LAPTOP-I8K1DAMV\rohin"
"2026-04-21T06:01:22.2377360+05:30","5","Process terminated:
RuleName: -
UtcTime: 2026-04-21 00:31:22.237
ProcessGuid: {a65b9ff6-c448-69e6-5004-000000001b00}
ProcessId: 25164
Image: C:\Windows\System32\conhost.exe
User: LAPTOP-I8K1DAMV\rohin"
"2026-04-21T06:01:22.2321306+05:30","5","Process terminated:
RuleName: -
UtcTime: 2026-04-21 00:31:22.220
ProcessGuid: {a65b9ff6-c448-69e6-5104-000000001b00}
ProcessId: 10468
Image: C:\Windows\System32\WindowsPowerShell\v1.0\powershell.exe
User: LAPTOP-I8K1DAMV\rohin"
"2026-04-21T06:01:22.2183960+05:30","5","Process terminated:
RuleName: -
UtcTime: 2026-04-21 00:31:22.218
ProcessGuid: {a65b9ff6-c45f-69e6-5d04-000000001b00}
ProcessId: 2328
Image: C:\Program Files\Docker\Docker\resources\bin\docker-compose.exe
User: LAPTOP-I8K1DAMV\rohin"
"2026-04-21T06:01:22.0893595+05:30","5","Process terminated:
RuleName: -
UtcTime: 2026-04-21 00:31:22.089
ProcessGuid: {a65b9ff6-c559-69e6-a104-000000001b00}
ProcessId: 9124
Image: C:\Users\rohin\AppData\Local\Programs\Microsoft VS Code\Code.exe
User: LAPTOP-I8K1DAMV\rohin"
"2026-04-21T06:01:22.0032148+05:30","5","Process terminated:
RuleName: -
UtcTime: 2026-04-21 00:31:22.002
ProcessGuid: {a65b9ff6-c338-69e6-ea03-000000001b00}
ProcessId: 8056
Image: C:\Windows\System32\conhost.exe
User: LAPTOP-I8K1DAMV\rohin"
"2026-04-21T06:01:21.9958022+05:30","5","Process terminated:
RuleName: -
UtcTime: 2026-04-21 00:31:21.995
ProcessGuid: {a65b9ff6-c338-69e6-eb03-000000001b00}
ProcessId: 25640
Image: C:\Windows\System32\WindowsPowerShell\v1.0\powershell.exe
User: LAPTOP-I8K1DAMV\rohin"
"2026-04-21T06:01:21.8591185+05:30","5","Process terminated:
RuleName: -
UtcTime: 2026-04-21 00:31:21.858
ProcessGuid: {a65b9ff6-c559-69e6-a004-000000001b00}
ProcessId: 23924
Image: C:\Users\rohin\AppData\Local\Programs\Microsoft VS Code\Code.exe
User: LAPTOP-I8K1DAMV\rohin"
"2026-04-21T06:01:21.7274198+05:30","5","Process terminated:
RuleName: -
UtcTime: 2026-04-21 00:31:21.726
ProcessGuid: {a65b9ff6-c2a8-69e6-ab03-000000001b00}
ProcessId: 11768
Image: C:\Windows\System32\conhost.exe
User: LAPTOP-I8K1DAMV\rohin"
"2026-04-21T06:01:21.7192331+05:30","5","Process terminated:
RuleName: -
UtcTime: 2026-04-21 00:31:21.717
ProcessGuid: {a65b9ff6-c2a8-69e6-ac03-000000001b00}
ProcessId: 7252
Image: C:\Windows\System32\WindowsPowerShell\v1.0\powershell.exe
User: LAPTOP-I8K1DAMV\rohin"
"2026-04-21T06:01:21.6698855+05:30","5","Process terminated:
RuleName: -
UtcTime: 2026-04-21 00:31:21.669
ProcessGuid: {a65b9ff6-c322-69e6-dd03-000000001b00}
ProcessId: 25020
Image: C:\Program Files\Docker\Docker\resources\bin\docker-compose.exe
User: LAPTOP-I8K1DAMV\rohin"
"2026-04-21T06:00:46.3898967+05:30","5","Process terminated:
RuleName: -
UtcTime: 2026-04-21 00:30:46.389
ProcessGuid: {a65b9ff6-c536-69e6-9d04-000000001b00}
ProcessId: 4356
Image: C:\Program Files\Docker\Docker\resources\bin\docker.exe
User: LAPTOP-I8K1DAMV\rohin"
"2026-04-21T06:00:34.5681766+05:30","5","Process terminated:
RuleName: -
UtcTime: 2026-04-21 00:30:34.567
ProcessGuid: {a65b9ff6-c52a-69e6-9c04-000000001b00}
ProcessId: 1940
Image: C:\Program Files\Docker\Docker\resources\bin\docker.exe
User: LAPTOP-I8K1DAMV\rohin"
"2026-04-21T06:00:32.5270448+05:30","5","Process terminated:
RuleName: -
UtcTime: 2026-04-21 00:30:32.526
ProcessGuid: {a65b9ff6-c4fb-69e6-8904-000000001b00}
ProcessId: 10744
Image: C:\Windows\System32\RuntimeBroker.exe
User: LAPTOP-I8K1DAMV\rohin"
"2026-04-21T06:00:28.3576898+05:30","5","Process terminated:
RuleName: -
UtcTime: 2026-04-21 00:30:28.352
ProcessGuid: {a65b9ff6-c524-69e6-9704-000000001b00}
ProcessId: 16368
Image: C:\Windows\System32\conhost.exe
User: LAPTOP-I8K1DAMV\rohin"
"2026-04-21T06:00:28.3551472+05:30","5","Process terminated:
RuleName: -
UtcTime: 2026-04-21 00:30:28.352
ProcessGuid: {a65b9ff6-c524-69e6-9604-000000001b00}
ProcessId: 4660
Image: C:\Windows\System32\cmd.exe
User: LAPTOP-I8K1DAMV\rohin"
"2026-04-21T06:00:28.3506385+05:30","5","Process terminated:
RuleName: -
UtcTime: 2026-04-21 00:30:28.338
ProcessGuid: {a65b9ff6-c524-69e6-9804-000000001b00}
ProcessId: 13076
Image: C:\Windows\System32\wsl.exe
User: LAPTOP-I8K1DAMV\rohin"
"2026-04-21T06:00:28.3470078+05:30","5","Process terminated:
RuleName: -
UtcTime: 2026-04-21 00:30:28.338
ProcessGuid: {a65b9ff6-c524-69e6-9904-000000001b00}
ProcessId: 15648
Image: C:\Program Files\WSL\wsl.exe
User: LAPTOP-I8K1DAMV\rohin"
"2026-04-21T06:00:26.7069183+05:30","5","Process terminated:
RuleName: -
UtcTime: 2026-04-21 00:30:26.705
ProcessGuid: {a65b9ff6-c113-69e6-e602-000000001b00}
ProcessId: 25580
Image: C:\Windows\System32\svchost.exe
User: NT AUTHORITY\LOCAL SERVICE"
"2026-04-21T06:00:24.8920452+05:30","5","Process terminated:
RuleName: -
UtcTime: 2026-04-21 00:30:24.891
ProcessGuid: {a65b9ff6-c50b-69e6-8f04-000000001b00}
ProcessId: 23344
Image: C:\Program Files\Docker\cli-plugins\docker-buildx.exe
User: LAPTOP-I8K1DAMV\rohin"
"2026-04-21T06:00:09.8581227+05:30","5","Process terminated:
RuleName: -
UtcTime: 2026-04-21 00:30:09.857
ProcessGuid: {a65b9ff6-c45a-69e6-5704-000000001b00}
ProcessId: 23276
Image: C:\Windows\System32\svchost.exe
User: NT AUTHORITY\SYSTEM"
"2026-04-21T06:00:03.6939834+05:30","5","Process terminated:
RuleName: -
UtcTime: 2026-04-21 00:30:03.693
ProcessGuid: {a65b9ff6-c50b-69e6-9404-000000001b00}
ProcessId: 15420
Image: C:\Program Files\Docker\Docker\resources\bin\docker-credential-desktop.exe
User: LAPTOP-I8K1DAMV\rohin"
"2026-04-21T06:00:03.6914614+05:30","5","Process terminated:
RuleName: -
UtcTime: 2026-04-21 00:30:03.691
ProcessGuid: {a65b9ff6-c50b-69e6-9504-000000001b00}
ProcessId: 1916
Image: C:\Program Files\Docker\Docker\resources\bin\docker-credential-wincred.exe
User: LAPTOP-I8K1DAMV\rohin"
"2026-04-21T06:00:03.5399593+05:30","5","Process terminated:
RuleName: -
UtcTime: 2026-04-21 00:30:03.539
ProcessGuid: {a65b9ff6-c50b-69e6-9204-000000001b00}
ProcessId: 17752
Image: C:\Program Files\Git\cmd\git.exe
User: LAPTOP-I8K1DAMV\rohin"
"2026-04-21T06:00:03.5373989+05:30","5","Process terminated:
RuleName: -
UtcTime: 2026-04-21 00:30:03.536
ProcessGuid: {a65b9ff6-c50b-69e6-9304-000000001b00}
ProcessId: 24264
Image: C:\Program Files\Git\mingw64\bin\git.exe
User: LAPTOP-I8K1DAMV\rohin"
"2026-04-21T06:00:03.4458981+05:30","5","Process terminated:
RuleName: -
UtcTime: 2026-04-21 00:30:03.445
ProcessGuid: {a65b9ff6-c50b-69e6-9004-000000001b00}
ProcessId: 14876
Image: C:\Program Files\Git\cmd\git.exe
User: LAPTOP-I8K1DAMV\rohin"
"2026-04-21T06:00:03.4427566+05:30","5","Process terminated:
RuleName: -
UtcTime: 2026-04-21 00:30:03.442
ProcessGuid: {a65b9ff6-c50b-69e6-9104-000000001b00}
ProcessId: 25968
Image: C:\Program Files\Git\mingw64\bin\git.exe
User: LAPTOP-I8K1DAMV\rohin"
"2026-04-21T06:00:03.1708615+05:30","5","Process terminated:
RuleName: -
UtcTime: 2026-04-21 00:30:03.170
ProcessGuid: {a65b9ff6-c50b-69e6-8e04-000000001b00}
ProcessId: 2768
Image: C:\Program Files\Docker\cli-plugins\docker-buildx.exe
User: LAPTOP-I8K1DAMV\rohin"
"2026-04-21T06:00:03.1026191+05:30","5","Process terminated:
RuleName: -
UtcTime: 2026-04-21 00:30:03.102
ProcessGuid: {a65b9ff6-c50b-69e6-8d04-000000001b00}
ProcessId: 10384
Image: C:\Program Files\Docker\cli-plugins\docker-buildx.exe
User: LAPTOP-I8K1DAMV\rohin"
"2026-04-21T06:00:02.5134298+05:30","5","Process terminated:
RuleName: -
UtcTime: 2026-04-21 00:30:02.512
ProcessGuid: {a65b9ff6-c4fb-69e6-8804-000000001b00}
ProcessId: 15888
Image: C:\Program Files\WindowsApps\microsoft.windowscommunicationsapps_16005.14326.22342.0_x64__8wekyb3d8bbwe\HxTsr.exe
User: LAPTOP-I8K1DAMV\rohin"
"2026-04-21T06:00:01.9905043+05:30","5","Process terminated:
RuleName: -
UtcTime: 2026-04-21 00:30:01.989
ProcessGuid: {a65b9ff6-c509-69e6-8b04-000000001b00}
ProcessId: 3812
Image: C:\Windows\System32\wsqmcons.exe
User: NT AUTHORITY\SYSTEM"
"2026-04-21T05:59:53.8121887+05:30","5","Process terminated:
RuleName: -
UtcTime: 2026-04-21 00:29:53.811
ProcessGuid: {a65b9ff6-c4fc-69e6-8a04-000000001b00}
ProcessId: 6628
Image: C:\Windows\System32\svchost.exe
User: LAPTOP-I8K1DAMV\rohin"
"2026-04-21T05:59:51.9757192+05:30","5","Process terminated:
RuleName: -
UtcTime: 2026-04-21 00:29:51.970
ProcessGuid: {a65b9ff6-c47a-69e6-6804-000000001b00}
ProcessId: 25212
Image: C:\Windows\System32\SearchProtocolHost.exe
User: NT AUTHORITY\SYSTEM"
"2026-04-21T05:59:49.9440093+05:30","5","Process terminated:
RuleName: -
UtcTime: 2026-04-21 00:29:49.943
ProcessGuid: {a65b9ff6-c082-69e6-ae00-000000001b00}
ProcessId: 9128
Image: C:\Windows\System32\svchost.exe
User: NT AUTHORITY\SYSTEM"
"2026-04-21T05:59:46.9380613+05:30","5","Process terminated:
RuleName: -
UtcTime: 2026-04-21 00:29:46.936
ProcessGuid: {a65b9ff6-c4fa-69e6-8604-000000001b00}
ProcessId: 13708
Image: C:\Program Files\Docker\Docker\resources\bin\docker-compose.exe
User: LAPTOP-I8K1DAMV\rohin"
"2026-04-21T05:59:35.5569349+05:30","5","Process terminated:
RuleName: -
UtcTime: 2026-04-21 00:29:35.556
ProcessGuid: {a65b9ff6-c4ef-69e6-8504-000000001b00}
ProcessId: 14888
Image: C:\Program Files\Docker\Docker\resources\bin\docker.exe
User: LAPTOP-I8K1DAMV\rohin"
"2026-04-21T05:59:29.4122121+05:30","5","Process terminated:
RuleName: -
UtcTime: 2026-04-21 00:29:29.411
ProcessGuid: {a65b9ff6-c4e9-69e6-8404-000000001b00}
ProcessId: 26944
Image: C:\Program Files\Docker\Docker\resources\bin\docker-compose.exe
User: LAPTOP-I8K1DAMV\rohin"
"2026-04-21T05:59:24.6603188+05:30","5","Process terminated:
RuleName: -
UtcTime: 2026-04-21 00:29:24.659
ProcessGuid: {a65b9ff6-c0d3-69e6-c601-000000001b00}
ProcessId: 20960
Image: C:\Windows\System32\wbem\WmiPrvSE.exe
User: NT AUTHORITY\LOCAL SERVICE"
"2026-04-21T05:59:23.1666608+05:30","5","Process terminated:
RuleName: -
UtcTime: 2026-04-21 00:29:23.166
ProcessGuid: {a65b9ff6-c4e3-69e6-7f04-000000001b00}
ProcessId: 15452
Image: C:\Windows\System32\conhost.exe
User: LAPTOP-I8K1DAMV\rohin"
"2026-04-21T05:59:23.1639234+05:30","5","Process terminated:
RuleName: -
UtcTime: 2026-04-21 00:29:23.163
ProcessGuid: {a65b9ff6-c4e3-69e6-7e04-000000001b00}
ProcessId: 25300
Image: C:\Windows\System32\cmd.exe
User: LAPTOP-I8K1DAMV\rohin"
"2026-04-21T05:59:23.1594340+05:30","5","Process terminated:
RuleName: -
UtcTime: 2026-04-21 00:29:23.158
ProcessGuid: {a65b9ff6-c4e3-69e6-8004-000000001b00}
ProcessId: 15628
Image: C:\Windows\System32\wsl.exe
User: LAPTOP-I8K1DAMV\rohin"
"2026-04-21T05:59:23.1556104+05:30","5","Process terminated:
RuleName: -
UtcTime: 2026-04-21 00:29:23.154
ProcessGuid: {a65b9ff6-c4e3-69e6-8104-000000001b00}
ProcessId: 22892
Image: C:\Program Files\WSL\wsl.exe
User: LAPTOP-I8K1DAMV\rohin"
"2026-04-21T05:58:45.3737748+05:30","5","Process terminated:
RuleName: -
UtcTime: 2026-04-21 00:28:45.373
ProcessGuid: {a65b9ff6-c45c-69e6-5804-000000001b00}
ProcessId: 22680
Image: C:\Windows\System32\RuntimeBroker.exe
User: LAPTOP-I8K1DAMV\rohin"
"2026-04-21T05:58:24.6177754+05:30","5","Process terminated:
RuleName: -
UtcTime: 2026-04-21 00:28:24.616
ProcessGuid: {a65b9ff6-c119-69e6-e902-000000001b00}
ProcessId: 24900
Image: C:\Windows\System32\svchost.exe
User: NT AUTHORITY\NETWORK SERVICE"
"2026-04-21T05:58:18.4764154+05:30","5","Process terminated:
RuleName: -
UtcTime: 2026-04-21 00:28:18.475
ProcessGuid: {a65b9ff6-c4a2-69e6-7d04-000000001b00}
ProcessId: 2832
Image: C:\Windows\System32\conhost.exe
User: NT AUTHORITY\LOCAL SERVICE"
"2026-04-21T05:58:18.4740813+05:30","5","Process terminated:
RuleName: -
UtcTime: 2026-04-21 00:28:18.473
ProcessGuid: {a65b9ff6-c4a2-69e6-7c04-000000001b00}
ProcessId: 24172
Image: C:\Windows\System32\appidcertstorecheck.exe
User: NT AUTHORITY\LOCAL SERVICE"
"2026-04-21T05:58:18.1418120+05:30","5","Process terminated:
RuleName: -
UtcTime: 2026-04-21 00:28:18.141
ProcessGuid: {a65b9ff6-c491-69e6-7404-000000001b00}
ProcessId: 13544
Image: C:\Program Files\Docker\cli-plugins\docker-buildx.exe
User: LAPTOP-I8K1DAMV\rohin"
"2026-04-21T05:58:15.3614167+05:30","5","Process terminated:
RuleName: -
UtcTime: 2026-04-21 00:28:15.361
ProcessGuid: {a65b9ff6-c45a-69e6-5604-000000001b00}
ProcessId: 22916
Image: C:\Windows\System32\backgroundTaskHost.exe
User: LAPTOP-I8K1DAMV\rohin"
"2026-04-21T05:58:07.2819949+05:30","5","Process terminated:
RuleName: -
UtcTime: 2026-04-21 00:28:07.281
ProcessGuid: {a65b9ff6-c497-69e6-7a04-000000001b00}
ProcessId: 17248
Image: C:\Windows\System32\conhost.exe
User: LAPTOP-I8K1DAMV\rohin"
"2026-04-21T05:58:07.2797441+05:30","5","Process terminated:
RuleName: -
UtcTime: 2026-04-21 00:28:07.279
ProcessGuid: {a65b9ff6-c497-69e6-7904-000000001b00}
ProcessId: 6128
Image: C:\Program Files\Git\cmd\git.exe
User: LAPTOP-I8K1DAMV\rohin"
"2026-04-21T05:58:07.2756809+05:30","5","Process terminated:
RuleName: -
UtcTime: 2026-04-21 00:28:07.275
ProcessGuid: {a65b9ff6-c497-69e6-7b04-000000001b00}
ProcessId: 12800
Image: C:\Program Files\Git\mingw64\bin\git.exe
User: LAPTOP-I8K1DAMV\rohin"
"2026-04-21T05:58:01.5956484+05:30","5","Process terminated:
RuleName: -
UtcTime: 2026-04-21 00:28:01.595
ProcessGuid: {a65b9ff6-c491-69e6-7704-000000001b00}
ProcessId: 11640
Image: C:\Program Files\Docker\Docker\resources\bin\docker-credential-desktop.exe
User: LAPTOP-I8K1DAMV\rohin"
"2026-04-21T05:58:01.5934069+05:30","5","Process terminated:
RuleName: -
UtcTime: 2026-04-21 00:28:01.593
ProcessGuid: {a65b9ff6-c491-69e6-7804-000000001b00}
ProcessId: 24136
Image: C:\Program Files\Docker\Docker\resources\bin\docker-credential-wincred.exe
User: LAPTOP-I8K1DAMV\rohin"
"2026-04-21T05:58:01.4398371+05:30","5","Process terminated:
RuleName: -
UtcTime: 2026-04-21 00:28:01.439
ProcessGuid: {a65b9ff6-c491-69e6-7504-000000001b00}
ProcessId: 26276
Image: C:\Program Files\Git\cmd\git.exe
User: LAPTOP-I8K1DAMV\rohin"
"2026-04-21T05:58:01.4371461+05:30","5","Process terminated:
RuleName: -
UtcTime: 2026-04-21 00:28:01.436
ProcessGuid: {a65b9ff6-c491-69e6-7604-000000001b00}
ProcessId: 26268
Image: C:\Program Files\Git\mingw64\bin\git.exe
User: LAPTOP-I8K1DAMV\rohin"
"2026-04-21T05:58:01.1680398+05:30","5","Process terminated:
RuleName: -
UtcTime: 2026-04-21 00:28:01.167
ProcessGuid: {a65b9ff6-c491-69e6-7304-000000001b00}
ProcessId: 22596
Image: C:\Program Files\Docker\cli-plugins\docker-buildx.exe
User: LAPTOP-I8K1DAMV\rohin"
"2026-04-21T05:58:01.1036835+05:30","5","Process terminated:
RuleName: -
UtcTime: 2026-04-21 00:28:01.103
ProcessGuid: {a65b9ff6-c491-69e6-7204-000000001b00}
ProcessId: 2584
Image: C:\Program Files\Docker\cli-plugins\docker-buildx.exe
User: LAPTOP-I8K1DAMV\rohin"
"2026-04-21T05:57:54.6972376+05:30","5","Process terminated:
RuleName: -
UtcTime: 2026-04-21 00:27:54.690
ProcessGuid: {a65b9ff6-c48a-69e6-6c04-000000001b00}
ProcessId: 4676
Image: C:\Windows\System32\conhost.exe
User: LAPTOP-I8K1DAMV\rohin"
"2026-04-21T05:57:54.6942422+05:30","5","Process terminated:
RuleName: -
UtcTime: 2026-04-21 00:27:54.690
ProcessGuid: {a65b9ff6-c48a-69e6-6b04-000000001b00}
ProcessId: 16116
Image: C:\Windows\System32\cmd.exe
User: LAPTOP-I8K1DAMV\rohin"
"2026-04-21T05:57:54.6896324+05:30","5","Process terminated:
RuleName: -
UtcTime: 2026-04-21 00:27:54.689
ProcessGuid: {a65b9ff6-c48a-69e6-6d04-000000001b00}
ProcessId: 26688
Image: C:\Windows\System32\wsl.exe
User: LAPTOP-I8K1DAMV\rohin"
"2026-04-21T05:57:54.6860006+05:30","5","Process terminated:
RuleName: -
UtcTime: 2026-04-21 00:27:54.683
ProcessGuid: {a65b9ff6-c48a-69e6-6e04-000000001b00}
ProcessId: 25368
Image: C:\Program Files\WSL\wsl.exe
User: LAPTOP-I8K1DAMV\rohin"
"2026-04-21T05:57:49.2503557+05:30","5","Process terminated:
RuleName: -
UtcTime: 2026-04-21 00:27:49.250
ProcessGuid: {a65b9ff6-c45f-69e6-6004-000000001b00}
ProcessId: 4860
Image: C:\Program Files\Docker\cli-plugins\docker-buildx.exe
User: LAPTOP-I8K1DAMV\rohin"
"2026-04-21T05:57:49.0339422+05:30","5","Process terminated:
RuleName: -
UtcTime: 2026-04-21 00:27:49.033
ProcessGuid: {a65b9ff6-c484-69e6-6a04-000000001b00}
ProcessId: 24828
Image: C:\Windows\System32\conhost.exe
User: NT AUTHORITY\LOCAL SERVICE"
"2026-04-21T05:57:49.0314668+05:30","5","Process terminated:
RuleName: -
UtcTime: 2026-04-21 00:27:49.030
ProcessGuid: {a65b9ff6-c484-69e6-6904-000000001b00}
ProcessId: 17184
Image: C:\Windows\System32\appidcertstorecheck.exe
User: NT AUTHORITY\LOCAL SERVICE"
"2026-04-21T05:57:37.6439860+05:30","5","Process terminated:
RuleName: -
UtcTime: 2026-04-21 00:27:37.641
ProcessGuid: {a65b9ff6-c478-69e6-6504-000000001b00}
ProcessId: 26608
Image: C:\Program Files (x86)\Common Files\Adobe\AdobeGCClient\agcinvokerutility.exe
User: LAPTOP-I8K1DAMV\rohin"
"2026-04-21T05:57:30.6367582+05:30","5","Process terminated:
RuleName: -
UtcTime: 2026-04-21 00:27:30.636
ProcessGuid: {a65b9ff6-c45d-69e6-5904-000000001b00}
ProcessId: 27144
Image: C:\Program Files\Microsoft Office\root\Office16\SDXHelper.exe
User: LAPTOP-I8K1DAMV\rohin"
"2026-04-21T05:57:15.5731409+05:30","5","Process terminated:
RuleName: -
UtcTime: 2026-04-21 00:27:15.572
ProcessGuid: {a65b9ff6-c086-69e6-c700-000000001b00}
ProcessId: 10508
Image: C:\Windows\System32\svchost.exe
User: NT AUTHORITY\SYSTEM"
"2026-04-21T05:57:14.0553402+05:30","5","Process terminated:
RuleName: -
UtcTime: 2026-04-21 00:27:14.054
ProcessGuid: {a65b9ff6-c45a-69e6-5504-000000001b00}
ProcessId: 18920
Image: C:\Program Files\Microsoft Office\root\Office16\SDXHelper.exe
User: LAPTOP-I8K1DAMV\rohin"
"2026-04-21T05:57:13.0925374+05:30","5","Process terminated:
RuleName: -
UtcTime: 2026-04-21 00:27:13.088
ProcessGuid: {a65b9ff6-c45e-69e6-5a04-000000001b00}
ProcessId: 25980
Image: C:\Program Files (x86)\HP\HP Support Framework\Resources\HPSAAppLauncher.exe
User: LAPTOP-I8K1DAMV\rohin"
"2026-04-21T05:57:13.0522418+05:30","5","Process terminated:
RuleName: -
UtcTime: 2026-04-21 00:27:13.051
ProcessGuid: {a65b9ff6-c45e-69e6-5c04-000000001b00}
ProcessId: 15000
Image: C:\Program Files (x86)\HP\HP Support Framework\Resources\HPUpdate\HPUpdate.exe
User: LAPTOP-I8K1DAMV\rohin"
"2026-04-21T05:57:12.3412287+05:30","5","Process terminated:
RuleName: -
UtcTime: 2026-04-21 00:27:12.341
ProcessGuid: {a65b9ff6-c460-69e6-6304-000000001b00}
ProcessId: 26520
Image: C:\Program Files\Docker\Docker\resources\bin\docker-credential-desktop.exe
User: LAPTOP-I8K1DAMV\rohin"
"2026-04-21T05:57:12.3385416+05:30","5","Process terminated:
RuleName: -
UtcTime: 2026-04-21 00:27:12.338
ProcessGuid: {a65b9ff6-c460-69e6-6404-000000001b00}
ProcessId: 24556
Image: C:\Program Files\Docker\Docker\resources\bin\docker-credential-wincred.exe
User: LAPTOP-I8K1DAMV\rohin"
"2026-04-21T05:57:12.1336704+05:30","5","Process terminated:
RuleName: -
UtcTime: 2026-04-21 00:27:12.133
ProcessGuid: {a65b9ff6-c460-69e6-6104-000000001b00}
ProcessId: 8712
Image: C:\Program Files\Git\cmd\git.exe
User: LAPTOP-I8K1DAMV\rohin"
"2026-04-21T05:57:12.1305990+05:30","5","Process terminated:
RuleName: -
UtcTime: 2026-04-21 00:27:12.130
ProcessGuid: {a65b9ff6-c460-69e6-6204-000000001b00}
ProcessId: 22924
Image: C:\Program Files\Git\mingw64\bin\git.exe
User: LAPTOP-I8K1DAMV\rohin"
"2026-04-21T05:57:11.7956976+05:30","5","Process terminated:
RuleName: -
UtcTime: 2026-04-21 00:27:11.795
ProcessGuid: {a65b9ff6-c45f-69e6-5f04-000000001b00}
ProcessId: 15064
Image: C:\Program Files\Docker\cli-plugins\docker-buildx.exe
User: LAPTOP-I8K1DAMV\rohin"
"2026-04-21T05:57:11.7062409+05:30","5","Process terminated:
RuleName: -
UtcTime: 2026-04-21 00:27:11.706
ProcessGuid: {a65b9ff6-c45f-69e6-5e04-000000001b00}
ProcessId: 16484
Image: C:\Program Files\Docker\cli-plugins\docker-buildx.exe
User: LAPTOP-I8K1DAMV\rohin"
"2026-04-21T05:57:11.4136855+05:30","5","Process terminated:
RuleName: -
UtcTime: 2026-04-21 00:27:11.413
ProcessGuid: {a65b9ff6-c45e-69e6-5b04-000000001b00}
ProcessId: 13696
Image: C:\Program Files (x86)\Microsoft\EdgeWebView\Application\147.0.3912.72\msedgewebview2.exe
User: LAPTOP-I8K1DAMV\rohin"
"2026-04-21T05:57:09.8421804+05:30","5","Process terminated:
RuleName: -
UtcTime: 2026-04-21 00:27:09.841
ProcessGuid: {a65b9ff6-c45a-69e6-5404-000000001b00}
ProcessId: 9704
Image: C:\Windows\System32\taskhostw.exe
User: LAPTOP-I8K1DAMV\rohin"
"2026-04-21T05:57:05.9290408+05:30","5","Process terminated:
RuleName: -
UtcTime: 2026-04-21 00:27:05.928
ProcessGuid: {a65b9ff6-c459-69e6-5304-000000001b00}
ProcessId: 6188
Image: C:\Program Files\Docker\Docker\resources\bin\docker-compose.exe
User: LAPTOP-I8K1DAMV\rohin"
"2026-04-21T05:57:00.5680619+05:30","5","Process terminated:
RuleName: -
UtcTime: 2026-04-21 00:27:00.567
ProcessGuid: {a65b9ff6-c454-69e6-5204-000000001b00}
ProcessId: 22040
Image: C:\Program Files\Docker\Docker\resources\bin\docker-compose.exe
User: LAPTOP-I8K1DAMV\rohin"
"2026-04-21T05:56:51.3915762+05:30","5","Process terminated:
RuleName: -
UtcTime: 2026-04-21 00:26:51.390
ProcessGuid: {a65b9ff6-c2e2-69e6-b903-000000001b00}
ProcessId: 23744
Image: C:\Windows\System32\conhost.exe
User: NT AUTHORITY\SYSTEM"
"2026-04-21T05:56:51.3875633+05:30","5","Process terminated:
RuleName: -
UtcTime: 2026-04-21 00:26:51.387
ProcessGuid: {a65b9ff6-c2e2-69e6-b803-000000001b00}
ProcessId: 14556
Image: C:\ProgramData\Microsoft\Windows Defender\Platform\4.18.26030.3011-0\MpCmdRun.exe
User: NT AUTHORITY\SYSTEM"
"2026-04-21T05:56:51.3502551+05:30","5","Process terminated:
RuleName: -
UtcTime: 2026-04-21 00:26:51.344
ProcessGuid: {a65b9ff6-c2e3-69e6-bb03-000000001b00}
ProcessId: 24604
Image: C:\Windows\System32\conhost.exe
User: NT AUTHORITY\SYSTEM"
"2026-04-21T05:56:51.3442466+05:30","5","Process terminated:
RuleName: -
UtcTime: 2026-04-21 00:26:51.343
ProcessGuid: {a65b9ff6-c2e3-69e6-ba03-000000001b00}
ProcessId: 11620
Image: C:\ProgramData\Microsoft\Windows Defender\Platform\4.18.26030.3011-0\MpCmdRun.exe
User: NT AUTHORITY\SYSTEM"
"2026-04-21T05:56:48.2169669+05:30","5","Process terminated:
RuleName: -
UtcTime: 2026-04-21 00:26:48.216
ProcessGuid: {a65b9ff6-c448-69e6-4d04-000000001b00}
ProcessId: 14856
Image: C:\Windows\System32\conhost.exe
User: LAPTOP-I8K1DAMV\rohin"
"2026-04-21T05:56:48.2142796+05:30","5","Process terminated:
RuleName: -
UtcTime: 2026-04-21 00:26:48.214
ProcessGuid: {a65b9ff6-c448-69e6-4c04-000000001b00}
ProcessId: 12612
Image: C:\Windows\System32\cmd.exe
User: LAPTOP-I8K1DAMV\rohin"
"2026-04-21T05:56:48.2089197+05:30","5","Process terminated:
RuleName: -
UtcTime: 2026-04-21 00:26:48.208
ProcessGuid: {a65b9ff6-c448-69e6-4e04-000000001b00}
ProcessId: 23252
Image: C:\Windows\System32\wsl.exe
User: LAPTOP-I8K1DAMV\rohin"
"2026-04-21T05:56:48.2054902+05:30","5","Process terminated:
RuleName: -
UtcTime: 2026-04-21 00:26:48.205
ProcessGuid: {a65b9ff6-c448-69e6-4f04-000000001b00}
ProcessId: 6088
Image: C:\Program Files\WSL\wsl.exe
User: LAPTOP-I8K1DAMV\rohin"
"2026-04-21T05:56:41.9417705+05:30","5","Process terminated:
RuleName: -
UtcTime: 2026-04-21 00:26:41.941
ProcessGuid: {a65b9ff6-c417-69e6-4504-000000001b00}
ProcessId: 24928
Image: C:\Program Files\Docker\cli-plugins\docker-buildx.exe
User: LAPTOP-I8K1DAMV\rohin"
"2026-04-21T05:56:39.8591924+05:30","5","Process terminated:
RuleName: -
UtcTime: 2026-04-21 00:26:39.858
ProcessGuid: {a65b9ff6-c43c-69e6-4b04-000000001b00}
ProcessId: 3812
Image: C:\Program Files\Microsoft Office\root\vfs\ProgramFilesCommonX64\Microsoft Shared\OFFICE16\ActionsServer\ActionsServer.exe
User: LAPTOP-I8K1DAMV\rohin"
"2026-04-21T05:56:37.6507077+05:30","5","Process terminated:
RuleName: -
UtcTime: 2026-04-21 00:26:37.650
ProcessGuid: {a65b9ff6-c401-69e6-3404-000000001b00}
ProcessId: 18776
Image: C:\Windows\System32\svchost.exe
User: NT AUTHORITY\SYSTEM"
"2026-04-21T05:56:36.9570353+05:30","5","Process terminated:
RuleName: -
UtcTime: 2026-04-21 00:26:36.956
ProcessGuid: {a65b9ff6-c43c-69e6-4a04-000000001b00}
ProcessId: 10288
Image: C:\Program Files\Microsoft Office\root\vfs\ProgramFilesCommonX64\Microsoft Shared\OFFICE16\ActionsServer\ActionsServer.exe
User: LAPTOP-I8K1DAMV\rohin"
"2026-04-21T05:55:59.4824365+05:30","5","Process terminated:
RuleName: -
UtcTime: 2026-04-21 00:25:59.482
ProcessGuid: {a65b9ff6-c417-69e6-4804-000000001b00}
ProcessId: 5284
Image: C:\Program Files\Docker\Docker\resources\bin\docker-credential-desktop.exe
User: LAPTOP-I8K1DAMV\rohin"
"2026-04-21T05:55:59.4803526+05:30","5","Process terminated:
RuleName: -
UtcTime: 2026-04-21 00:25:59.480
ProcessGuid: {a65b9ff6-c417-69e6-4904-000000001b00}
ProcessId: 10436
Image: C:\Program Files\Docker\Docker\resources\bin\docker-credential-wincred.exe
User: LAPTOP-I8K1DAMV\rohin"
"2026-04-21T05:55:59.3342072+05:30","5","Process terminated:
RuleName: -
UtcTime: 2026-04-21 00:25:59.333
ProcessGuid: {a65b9ff6-c417-69e6-4604-000000001b00}
ProcessId: 13164
Image: C:\Program Files\Git\cmd\git.exe
User: LAPTOP-I8K1DAMV\rohin"
"2026-04-21T05:55:59.3309834+05:30","5","Process terminated:
RuleName: -
UtcTime: 2026-04-21 00:25:59.330
ProcessGuid: {a65b9ff6-c417-69e6-4704-000000001b00}
ProcessId: 16448
Image: C:\Program Files\Git\mingw64\bin\git.exe
User: LAPTOP-I8K1DAMV\rohin"
"2026-04-21T05:55:59.0771333+05:30","5","Process terminated:
RuleName: -
UtcTime: 2026-04-21 00:25:59.076
ProcessGuid: {a65b9ff6-c417-69e6-4404-000000001b00}
ProcessId: 17328
Image: C:\Program Files\Docker\cli-plugins\docker-buildx.exe
User: LAPTOP-I8K1DAMV\rohin"
"2026-04-21T05:55:59.0139483+05:30","5","Process terminated:
RuleName: -
UtcTime: 2026-04-21 00:25:59.013
ProcessGuid: {a65b9ff6-c416-69e6-4304-000000001b00}
ProcessId: 3012
Image: C:\Program Files\Docker\cli-plugins\docker-buildx.exe
User: LAPTOP-I8K1DAMV\rohin"
"2026-04-21T05:55:55.7332183+05:30","5","Process terminated:
RuleName: -
UtcTime: 2026-04-21 00:25:55.732
ProcessGuid: {a65b9ff6-c413-69e6-4104-000000001b00}
ProcessId: 18484
Image: C:\Windows\System32\conhost.exe
User: LAPTOP-I8K1DAMV\rohin"
"2026-04-21T05:55:55.7310604+05:30","5","Process terminated:
RuleName: -
UtcTime: 2026-04-21 00:25:55.717
ProcessGuid: {a65b9ff6-c413-69e6-4004-000000001b00}
ProcessId: 21040
Image: C:\Users\rohin\AppData\Local\Programs\Python\Python314\python.exe
User: LAPTOP-I8K1DAMV\rohin"
"2026-04-21T05:55:55.6341796+05:30","5","Process terminated:
RuleName: -
UtcTime: 2026-04-21 00:25:55.633
ProcessGuid: {a65b9ff6-c413-69e6-3f04-000000001b00}
ProcessId: 12160
Image: C:\Users\rohin\AppData\Local\Programs\Microsoft VS Code\Code.exe
User: LAPTOP-I8K1DAMV\rohin"
"2026-04-21T05:55:49.8558436+05:30","5","Process terminated:
RuleName: -
UtcTime: 2026-04-21 00:25:49.853
ProcessGuid: {a65b9ff6-c40d-69e6-3e04-000000001b00}
ProcessId: 12804
Image: C:\Windows\System32\conhost.exe
User: LAPTOP-I8K1DAMV\rohin"
"2026-04-21T05:55:49.8543784+05:30","5","Process terminated:
RuleName: -
UtcTime: 2026-04-21 00:25:49.853
ProcessGuid: {a65b9ff6-c40d-69e6-3d04-000000001b00}
ProcessId: 10544
Image: C:\Users\rohin\AppData\Local\Programs\Microsoft VS Code\560a9dba96\resources\app\node_modules\@vscode\ripgrep\bin\rg.exe
User: LAPTOP-I8K1DAMV\rohin"
"2026-04-21T05:55:49.8142356+05:30","5","Process terminated:
RuleName: -
UtcTime: 2026-04-21 00:25:49.812
ProcessGuid: {a65b9ff6-c40d-69e6-3c04-000000001b00}
ProcessId: 1832
Image: C:\Windows\System32\conhost.exe
User: LAPTOP-I8K1DAMV\rohin"
"2026-04-21T05:55:49.8120450+05:30","5","Process terminated:
RuleName: -
UtcTime: 2026-04-21 00:25:49.811
ProcessGuid: {a65b9ff6-c40d-69e6-3b04-000000001b00}
ProcessId: 17380
Image: C:\Users\rohin\AppData\Local\Programs\Microsoft VS Code\560a9dba96\resources\app\node_modules\@vscode\ripgrep\bin\rg.exe
User: LAPTOP-I8K1DAMV\rohin"
"2026-04-21T05:55:45.2621993+05:30","5","Process terminated:
RuleName: -
UtcTime: 2026-04-21 00:25:45.252
ProcessGuid: {a65b9ff6-c409-69e6-3a04-000000001b00}
ProcessId: 9396
Image: C:\Users\rohin\AppData\Local\Programs\Microsoft VS Code\Code.exe
User: LAPTOP-I8K1DAMV\rohin"
"2026-04-21T05:55:45.1448125+05:30","5","Process terminated:
RuleName: -
UtcTime: 2026-04-21 00:25:45.136
ProcessGuid: {a65b9ff6-c408-69e6-3704-000000001b00}
ProcessId: 6772
Image: C:\Windows\System32\conhost.exe
User: LAPTOP-I8K1DAMV\rohin"
"2026-04-21T05:55:45.1421040+05:30","5","Process terminated:
RuleName: -
UtcTime: 2026-04-21 00:25:45.136
ProcessGuid: {a65b9ff6-c408-69e6-3604-000000001b00}
ProcessId: 25612
Image: C:\Users\rohin\AppData\Local\Programs\Python\Python314\python.exe
User: LAPTOP-I8K1DAMV\rohin"
"2026-04-21T05:55:44.9412583+05:30","5","Process terminated:
RuleName: -
UtcTime: 2026-04-21 00:25:44.936
ProcessGuid: {a65b9ff6-c408-69e6-3904-000000001b00}
ProcessId: 12624
Image: C:\Windows\System32\conhost.exe
User: LAPTOP-I8K1DAMV\rohin"
"2026-04-21T05:55:44.9383981+05:30","5","Process terminated:
RuleName: -
UtcTime: 2026-04-21 00:25:44.936
ProcessGuid: {a65b9ff6-c408-69e6-3804-000000001b00}
ProcessId: 15596
Image: C:\Users\rohin\AppData\Local\Programs\Microsoft VS Code\560a9dba96\resources\app\node_modules\@vscode\ripgrep\bin\rg.exe
User: LAPTOP-I8K1DAMV\rohin"
"2026-04-21T05:55:39.0101298+05:30","5","Process terminated:
RuleName: -
UtcTime: 2026-04-21 00:25:39.008
ProcessGuid: {a65b9ff6-c0f4-69e6-8602-000000001b00}
ProcessId: 21776
Image: C:\Windows\System32\taskhostw.exe
User: LAPTOP-I8K1DAMV\rohin"
"2026-04-21T05:55:37.3127498+05:30","5","Process terminated:
RuleName: -
UtcTime: 2026-04-21 00:25:37.312
ProcessGuid: {a65b9ff6-c401-69e6-3304-000000001b00}
ProcessId: 26568
Image: C:\Windows\System32\UsoClient.exe
User: NT AUTHORITY\SYSTEM"
"2026-04-21T05:55:11.5079335+05:30","5","Process terminated:
RuleName: -
UtcTime: 2026-04-21 00:25:11.507
ProcessGuid: {a65b9ff6-c3e6-69e6-2b04-000000001b00}
ProcessId: 14700
Image: C:\Program Files\Docker\Docker\resources\bin\docker-compose.exe
User: LAPTOP-I8K1DAMV\rohin"
"2026-04-21T05:55:11.4904901+05:30","5","Process terminated:
RuleName: -
UtcTime: 2026-04-21 00:25:11.490
ProcessGuid: {a65b9ff6-c3e6-69e6-2e04-000000001b00}
ProcessId: 11744
Image: C:\Program Files\Docker\cli-plugins\docker-buildx.exe
User: LAPTOP-I8K1DAMV\rohin"
"2026-04-21T05:55:10.5753570+05:30","5","Process terminated:
RuleName: -
UtcTime: 2026-04-21 00:25:10.575
ProcessGuid: {a65b9ff6-c3e6-69e6-3104-000000001b00}
ProcessId: 21096
Image: C:\Program Files\Docker\Docker\resources\bin\docker-credential-desktop.exe
User: LAPTOP-I8K1DAMV\rohin"
"2026-04-21T05:55:10.5731471+05:30","5","Process terminated:
RuleName: -
UtcTime: 2026-04-21 00:25:10.572
ProcessGuid: {a65b9ff6-c3e6-69e6-3204-000000001b00}
ProcessId: 7780
Image: C:\Program Files\Docker\Docker\resources\bin\docker-credential-wincred.exe
User: LAPTOP-I8K1DAMV\rohin"
"2026-04-21T05:55:10.4221857+05:30","5","Process terminated:
RuleName: -
UtcTime: 2026-04-21 00:25:10.422
ProcessGuid: {a65b9ff6-c3e6-69e6-2f04-000000001b00}
ProcessId: 13348
Image: C:\Program Files\Git\cmd\git.exe
User: LAPTOP-I8K1DAMV\rohin"
"2026-04-21T05:55:10.4194368+05:30","5","Process terminated:
RuleName: -
UtcTime: 2026-04-21 00:25:10.418
ProcessGuid: {a65b9ff6-c3e6-69e6-3004-000000001b00}
ProcessId: 7796
Image: C:\Program Files\Git\mingw64\bin\git.exe
User: LAPTOP-I8K1DAMV\rohin"
"2026-04-21T05:55:10.2146109+05:30","5","Process terminated:
RuleName: -
UtcTime: 2026-04-21 00:25:10.214
ProcessGuid: {a65b9ff6-c3e6-69e6-2d04-000000001b00}
ProcessId: 2280
Image: C:\Program Files\Docker\cli-plugins\docker-buildx.exe
User: LAPTOP-I8K1DAMV\rohin"
"2026-04-21T05:55:10.1493023+05:30","5","Process terminated:
RuleName: -
UtcTime: 2026-04-21 00:25:10.148
ProcessGuid: {a65b9ff6-c3e6-69e6-2c04-000000001b00}
ProcessId: 24684
Image: C:\Program Files\Docker\cli-plugins\docker-buildx.exe
User: LAPTOP-I8K1DAMV\rohin"
"2026-04-21T05:55:04.5582841+05:30","5","Process terminated:
RuleName: -
UtcTime: 2026-04-21 00:25:04.557
ProcessGuid: {a65b9ff6-c3e0-69e6-2a04-000000001b00}
ProcessId: 16148
Image: C:\Program Files\Docker\Docker\resources\bin\docker.exe
User: LAPTOP-I8K1DAMV\rohin"
"2026-04-21T05:54:59.4757295+05:30","5","Process terminated:
RuleName: -
UtcTime: 2026-04-21 00:24:59.475
ProcessGuid: {a65b9ff6-c3db-69e6-2904-000000001b00}
ProcessId: 7420
Image: C:\Program Files\Docker\Docker\resources\bin\docker.exe
User: LAPTOP-I8K1DAMV\rohin"
"2026-04-21T05:54:59.1758076+05:30","5","Process terminated:
RuleName: -
UtcTime: 2026-04-21 00:24:59.175
ProcessGuid: {a65b9ff6-c3d8-69e6-2104-000000001b00}
ProcessId: 14768
Image: C:\Program Files\Docker\Docker\resources\bin\docker-compose.exe
User: LAPTOP-I8K1DAMV\rohin"
"2026-04-21T05:54:59.1562977+05:30","5","Process terminated:
RuleName: -
UtcTime: 2026-04-21 00:24:59.156
ProcessGuid: {a65b9ff6-c3d9-69e6-2404-000000001b00}
ProcessId: 12564
Image: C:\Program Files\Docker\cli-plugins\docker-buildx.exe
User: LAPTOP-I8K1DAMV\rohin"
"2026-04-21T05:54:57.4467383+05:30","5","Process terminated:
RuleName: -
UtcTime: 2026-04-21 00:24:57.446
ProcessGuid: {a65b9ff6-c3d9-69e6-2704-000000001b00}
ProcessId: 26224
Image: C:\Program Files\Docker\Docker\resources\bin\docker-credential-desktop.exe
User: LAPTOP-I8K1DAMV\rohin"
"2026-04-21T05:54:57.4446029+05:30","5","Process terminated:
RuleName: -
UtcTime: 2026-04-21 00:24:57.444
ProcessGuid: {a65b9ff6-c3d9-69e6-2804-000000001b00}
ProcessId: 4892
Image: C:\Program Files\Docker\Docker\resources\bin\docker-credential-wincred.exe
User: LAPTOP-I8K1DAMV\rohin"
"2026-04-21T05:54:57.2862362+05:30","5","Process terminated:
RuleName: -
UtcTime: 2026-04-21 00:24:57.285
ProcessGuid: {a65b9ff6-c3d9-69e6-2504-000000001b00}
ProcessId: 27152
Image: C:\Program Files\Git\cmd\git.exe
User: LAPTOP-I8K1DAMV\rohin"
"2026-04-21T05:54:57.2834628+05:30","5","Process terminated:
RuleName: -
UtcTime: 2026-04-21 00:24:57.282
ProcessGuid: {a65b9ff6-c3d9-69e6-2604-000000001b00}
ProcessId: 22712
Image: C:\Program Files\Git\mingw64\bin\git.exe
User: LAPTOP-I8K1DAMV\rohin"
"2026-04-21T05:54:57.0292455+05:30","5","Process terminated:
RuleName: -
UtcTime: 2026-04-21 00:24:57.028
ProcessGuid: {a65b9ff6-c3d8-69e6-2304-000000001b00}
ProcessId: 15504
Image: C:\Program Files\Docker\cli-plugins\docker-buildx.exe
User: LAPTOP-I8K1DAMV\rohin"
"2026-04-21T05:54:56.9675852+05:30","5","Process terminated:
RuleName: -
UtcTime: 2026-04-21 00:24:56.967
ProcessGuid: {a65b9ff6-c3d8-69e6-2204-000000001b00}
ProcessId: 24592
Image: C:\Program Files\Docker\cli-plugins\docker-buildx.exe
User: LAPTOP-I8K1DAMV\rohin"
"2026-04-21T05:54:56.7305545+05:30","5","Process terminated:
RuleName: -
UtcTime: 2026-04-21 00:24:56.730
ProcessGuid: {a65b9ff6-c39f-69e6-1004-000000001b00}
ProcessId: 14248
Image: C:\Program Files\Docker\Docker\resources\bin\docker-compose.exe
User: LAPTOP-I8K1DAMV\rohin"
"2026-04-21T05:54:56.6930898+05:30","5","Process terminated:
RuleName: -
UtcTime: 2026-04-21 00:24:56.692
ProcessGuid: {a65b9ff6-c3a0-69e6-1304-000000001b00}
ProcessId: 12492
Image: C:\Program Files\Docker\cli-plugins\docker-buildx.exe
User: LAPTOP-I8K1DAMV\rohin"
"2026-04-21T05:54:52.5784372+05:30","5","Process terminated:
RuleName: -
UtcTime: 2026-04-21 00:24:52.577
ProcessGuid: {a65b9ff6-c320-69e6-db03-000000001b00}
ProcessId: 25560
Image: C:\Windows\System32\svchost.exe
User: NT AUTHORITY\SYSTEM"
"2026-04-21T05:54:51.2120495+05:30","5","Process terminated:
RuleName: -
UtcTime: 2026-04-21 00:24:51.211
ProcessGuid: {a65b9ff6-c3d3-69e6-1c04-000000001b00}
ProcessId: 13648
Image: C:\Windows\System32\conhost.exe
User: LAPTOP-I8K1DAMV\rohin"
"2026-04-21T05:54:51.2087818+05:30","5","Process terminated:
RuleName: -
UtcTime: 2026-04-21 00:24:51.208
ProcessGuid: {a65b9ff6-c3d3-69e6-1b04-000000001b00}
ProcessId: 6748
Image: C:\Windows\System32\cmd.exe
User: LAPTOP-I8K1DAMV\rohin"
"2026-04-21T05:54:51.2029376+05:30","5","Process terminated:
RuleName: -
UtcTime: 2026-04-21 00:24:51.201
ProcessGuid: {a65b9ff6-c3d3-69e6-1d04-000000001b00}
ProcessId: 11036
Image: C:\Windows\System32\wsl.exe
User: LAPTOP-I8K1DAMV\rohin"
"2026-04-21T05:54:51.1982552+05:30","5","Process terminated:
RuleName: -
UtcTime: 2026-04-21 00:24:51.197
ProcessGuid: {a65b9ff6-c3d3-69e6-1e04-000000001b00}
ProcessId: 22848
Image: C:\Program Files\WSL\wsl.exe
User: LAPTOP-I8K1DAMV\rohin"
"2026-04-21T05:54:34.4302928+05:30","5","Process terminated:
RuleName: -
UtcTime: 2026-04-21 00:24:34.429
ProcessGuid: {a65b9ff6-c3c2-69e6-1904-000000001b00}
ProcessId: 4968
Image: C:\Windows\System32\conhost.exe
User: LAPTOP-I8K1DAMV\rohin"
"2026-04-21T05:54:34.4277232+05:30","5","Process terminated:
RuleName: -
UtcTime: 2026-04-21 00:24:34.426
ProcessGuid: {a65b9ff6-c3c2-69e6-1804-000000001b00}
ProcessId: 4032
Image: C:\Program Files\Git\cmd\git.exe
User: LAPTOP-I8K1DAMV\rohin"
"2026-04-21T05:54:34.4241203+05:30","5","Process terminated:
RuleName: -
UtcTime: 2026-04-21 00:24:34.415
ProcessGuid: {a65b9ff6-c3c2-69e6-1a04-000000001b00}
ProcessId: 13156
Image: C:\Program Files\Git\mingw64\bin\git.exe
User: LAPTOP-I8K1DAMV\rohin"
"2026-04-21T05:54:24.8625757+05:30","5","Process terminated:
RuleName: -
UtcTime: 2026-04-21 00:24:24.862
ProcessGuid: {a65b9ff6-c390-69e6-0f04-000000001b00}
ProcessId: 14200
Image: C:\Windows\System32\RuntimeBroker.exe
User: LAPTOP-I8K1DAMV\rohin"
"2026-04-21T05:54:00.5573108+05:30","5","Process terminated:
RuleName: -
UtcTime: 2026-04-21 00:24:00.557
ProcessGuid: {a65b9ff6-c3a0-69e6-1604-000000001b00}
ProcessId: 27580
Image: C:\Program Files\Docker\Docker\resources\bin\docker-credential-desktop.exe
User: LAPTOP-I8K1DAMV\rohin"
"2026-04-21T05:54:00.5548824+05:30","5","Process terminated:
RuleName: -
UtcTime: 2026-04-21 00:24:00.554
ProcessGuid: {a65b9ff6-c3a0-69e6-1704-000000001b00}
ProcessId: 19508
Image: C:\Program Files\Docker\Docker\resources\bin\docker-credential-wincred.exe
User: LAPTOP-I8K1DAMV\rohin"
"2026-04-21T05:54:00.4057487+05:30","5","Process terminated:
RuleName: -
UtcTime: 2026-04-21 00:24:00.404
ProcessGuid: {a65b9ff6-c3a0-69e6-1404-000000001b00}
ProcessId: 23872
Image: C:\Program Files\Git\cmd\git.exe
User: LAPTOP-I8K1DAMV\rohin"
"2026-04-21T05:54:00.4028928+05:30","5","Process terminated:
RuleName: -
UtcTime: 2026-04-21 00:24:00.402
ProcessGuid: {a65b9ff6-c3a0-69e6-1504-000000001b00}
ProcessId: 27584
Image: C:\Program Files\Git\mingw64\bin\git.exe
User: LAPTOP-I8K1DAMV\rohin"
"2026-04-21T05:54:00.1489547+05:30","5","Process terminated:
RuleName: -
UtcTime: 2026-04-21 00:24:00.148
ProcessGuid: {a65b9ff6-c3a0-69e6-1204-000000001b00}
ProcessId: 11080
Image: C:\Program Files\Docker\cli-plugins\docker-buildx.exe
User: LAPTOP-I8K1DAMV\rohin"
"2026-04-21T05:54:00.0844477+05:30","5","Process terminated:
RuleName: -
UtcTime: 2026-04-21 00:24:00.084
ProcessGuid: {a65b9ff6-c3a0-69e6-1104-000000001b00}
ProcessId: 26484
Image: C:\Program Files\Docker\cli-plugins\docker-buildx.exe
User: LAPTOP-I8K1DAMV\rohin"
"2026-04-21T05:53:52.6612688+05:30","5","Process terminated:
RuleName: -
UtcTime: 2026-04-21 00:23:52.660
ProcessGuid: {a65b9ff6-c38c-69e6-0904-000000001b00}
ProcessId: 17324
Image: C:\Program Files\Adobe\Acrobat DC\Acrobat\AcroCEF\AcroCEF.exe
User: LAPTOP-I8K1DAMV\rohin"
"2026-04-21T05:53:52.6536372+05:30","5","Process terminated:
RuleName: -
UtcTime: 2026-04-21 00:23:52.653
ProcessGuid: {a65b9ff6-c38c-69e6-0c04-000000001b00}
ProcessId: 21136
Image: C:\Program Files\Adobe\Acrobat DC\Acrobat\AcroCEF\AcroCEF.exe
User: LAPTOP-I8K1DAMV\rohin"
"2026-04-21T05:53:52.6536186+05:30","5","Process terminated:
RuleName: -
UtcTime: 2026-04-21 00:23:52.653
ProcessGuid: {a65b9ff6-c38c-69e6-0b04-000000001b00}
ProcessId: 3104
Image: C:\Program Files\Adobe\Acrobat DC\Acrobat\AcroCEF\AcroCEF.exe
User: LAPTOP-I8K1DAMV\rohin"
"2026-04-21T05:53:52.6535425+05:30","5","Process terminated:
RuleName: -
UtcTime: 2026-04-21 00:23:52.653
ProcessGuid: {a65b9ff6-c38c-69e6-0a04-000000001b00}
ProcessId: 26432
Image: C:\Program Files\Adobe\Acrobat DC\Acrobat\AcroCEF\AcroCEF.exe
User: LAPTOP-I8K1DAMV\rohin"
"2026-04-21T05:53:52.6494432+05:30","5","Process terminated:
RuleName: -
UtcTime: 2026-04-21 00:23:52.648
ProcessGuid: {a65b9ff6-c389-69e6-0304-000000001b00}
ProcessId: 10692
Image: C:\Program Files\Adobe\Acrobat DC\Acrobat\AcroCEF\AcroCEF.exe
User: LAPTOP-I8K1DAMV\rohin"
"2026-04-21T05:53:51.1460940+05:30","5","Process terminated:
RuleName: -
UtcTime: 2026-04-21 00:23:51.145
ProcessGuid: {a65b9ff6-c315-69e6-d703-000000001b00}
ProcessId: 10648
Image: C:\Windows\System32\SearchProtocolHost.exe
User: NT AUTHORITY\SYSTEM"
"2026-04-21T05:53:44.8414213+05:30","5","Process terminated:
RuleName: -
UtcTime: 2026-04-21 00:23:44.841
ProcessGuid: {a65b9ff6-c390-69e6-0e04-000000001b00}
ProcessId: 3012
Image: C:\Program Files\Adobe\Acrobat DC\Acrobat\RDCNotificationClient\FullTrustNotifier.exe
User: LAPTOP-I8K1DAMV\rohin"
"2026-04-21T05:53:41.3752369+05:30","5","Process terminated:
RuleName: -
UtcTime: 2026-04-21 00:23:41.370
ProcessGuid: {a65b9ff6-c38d-69e6-0d04-000000001b00}
ProcessId: 23752
Image: C:\Windows\System32\CompPkgSrv.exe
User: LAPTOP-I8K1DAMV\rohin"
