"2026-04-21T06:17:38.8779388+05:30","5","Process terminated:
RuleName: -
UtcTime: 2026-04-21 00:47:38.877
ProcessGuid: {a65b9ff6-c91c-69e6-5106-000000001b00}
ProcessId: 13708
Image: C:\Program Files (x86)\Google\GoogleUpdater\148.0.7730.0\updater.exe
User: NT AUTHORITY\SYSTEM"
"2026-04-21T06:17:38.5711644+05:30","5","Process terminated:
RuleName: -
UtcTime: 2026-04-21 00:47:38.571
ProcessGuid: {a65b9ff6-c925-69e6-5906-000000001b00}
ProcessId: 25396
Image: C:\Program Files\Docker\cli-plugins\docker-buildx.exe
User: LAPTOP-I8K1DAMV\rohin"
"2026-04-21T06:17:35.9862602+05:30","5","Process terminated:
RuleName: -
UtcTime: 2026-04-21 00:47:35.986
ProcessGuid: {a65b9ff6-c925-69e6-5b06-000000001b00}
ProcessId: 21800
Image: C:\Windows\System32\conhost.exe
User: LAPTOP-I8K1DAMV\rohin"
"2026-04-21T06:17:35.9834253+05:30","5","Process terminated:
RuleName: -
UtcTime: 2026-04-21 00:47:35.982
ProcessGuid: {a65b9ff6-c925-69e6-5a06-000000001b00}
ProcessId: 26408
Image: C:\Program Files\Docker\Docker\resources\bin\docker.exe
User: LAPTOP-I8K1DAMV\rohin"
"2026-04-21T06:17:34.4356803+05:30","5","Process terminated:
RuleName: -
UtcTime: 2026-04-21 00:47:34.435
ProcessGuid: {a65b9ff6-c926-69e6-5e06-000000001b00}
ProcessId: 23876
Image: C:\Program Files\Docker\Docker\resources\bin\docker-credential-desktop.exe
User: LAPTOP-I8K1DAMV\rohin"
"2026-04-21T06:17:34.4332078+05:30","5","Process terminated:
RuleName: -
UtcTime: 2026-04-21 00:47:34.432
ProcessGuid: {a65b9ff6-c926-69e6-5f06-000000001b00}
ProcessId: 26604
Image: C:\Program Files\Docker\Docker\resources\bin\docker-credential-wincred.exe
User: LAPTOP-I8K1DAMV\rohin"
"2026-04-21T06:17:34.1895337+05:30","5","Process terminated:
RuleName: -
UtcTime: 2026-04-21 00:47:34.189
ProcessGuid: {a65b9ff6-c926-69e6-5c06-000000001b00}
ProcessId: 26320
Image: C:\Program Files\Git\cmd\git.exe
User: LAPTOP-I8K1DAMV\rohin"
"2026-04-21T06:17:34.1864840+05:30","5","Process terminated:
RuleName: -
UtcTime: 2026-04-21 00:47:34.186
ProcessGuid: {a65b9ff6-c926-69e6-5d06-000000001b00}
ProcessId: 24288
Image: C:\Program Files\Git\mingw64\bin\git.exe
User: LAPTOP-I8K1DAMV\rohin"
"2026-04-21T06:17:33.6503421+05:30","5","Process terminated:
RuleName: -
UtcTime: 2026-04-21 00:47:33.649
ProcessGuid: {a65b9ff6-c925-69e6-5806-000000001b00}
ProcessId: 13112
Image: C:\Program Files\Docker\cli-plugins\docker-buildx.exe
User: LAPTOP-I8K1DAMV\rohin"
"2026-04-21T06:17:33.5730278+05:30","5","Process terminated:
RuleName: -
UtcTime: 2026-04-21 00:47:33.572
ProcessGuid: {a65b9ff6-c925-69e6-5706-000000001b00}
ProcessId: 21988
Image: C:\Program Files\Docker\cli-plugins\docker-buildx.exe
User: LAPTOP-I8K1DAMV\rohin"
"2026-04-21T06:17:28.8899600+05:30","5","Process terminated:
RuleName: -
UtcTime: 2026-04-21 00:47:28.881
ProcessGuid: {a65b9ff6-c91c-69e6-5006-000000001b00}
ProcessId: 22800
Image: C:\Program Files (x86)\Google\GoogleUpdater\148.0.7730.0\updater.exe
User: NT AUTHORITY\SYSTEM"
"2026-04-21T06:17:28.8658369+05:30","5","Process terminated:
RuleName: -
UtcTime: 2026-04-21 00:47:28.861
ProcessGuid: {a65b9ff6-c91c-69e6-4f06-000000001b00}
ProcessId: 26204
Image: C:\Program Files (x86)\Google\GoogleUpdater\148.0.7730.0\updater.exe
User: NT AUTHORITY\SYSTEM"
"2026-04-21T06:17:25.9518974+05:30","5","Process terminated:
RuleName: -
UtcTime: 2026-04-21 00:47:25.951
ProcessGuid: {a65b9ff6-c91b-69e6-4e06-000000001b00}
ProcessId: 26744
Image: C:\Windows\System32\conhost.exe
User: LAPTOP-I8K1DAMV\rohin"
"2026-04-21T06:17:25.9490796+05:30","5","Process terminated:
RuleName: -
UtcTime: 2026-04-21 00:47:25.948
ProcessGuid: {a65b9ff6-c91b-69e6-4d06-000000001b00}
ProcessId: 5164
Image: C:\Program Files\Docker\Docker\resources\bin\docker.exe
User: LAPTOP-I8K1DAMV\rohin"
"2026-04-21T06:17:17.6918584+05:30","5","Process terminated:
RuleName: -
UtcTime: 2026-04-21 00:47:17.691
ProcessGuid: {a65b9ff6-c915-69e6-4c06-000000001b00}
ProcessId: 3472
Image: C:\Users\rohin\AppData\Local\Programs\Microsoft VS Code\Code.exe
User: LAPTOP-I8K1DAMV\rohin"
"2026-04-21T06:17:15.9259498+05:30","5","Process terminated:
RuleName: -
UtcTime: 2026-04-21 00:47:15.925
ProcessGuid: {a65b9ff6-c911-69e6-4b06-000000001b00}
ProcessId: 12900
Image: C:\Windows\System32\conhost.exe
User: LAPTOP-I8K1DAMV\rohin"
"2026-04-21T06:17:15.9227911+05:30","5","Process terminated:
RuleName: -
UtcTime: 2026-04-21 00:47:15.922
ProcessGuid: {a65b9ff6-c911-69e6-4a06-000000001b00}
ProcessId: 14256
Image: C:\Program Files\Docker\Docker\resources\bin\docker.exe
User: LAPTOP-I8K1DAMV\rohin"
"2026-04-21T06:17:05.8903617+05:30","5","Process terminated:
RuleName: -
UtcTime: 2026-04-21 00:47:05.890
ProcessGuid: {a65b9ff6-c907-69e6-4806-000000001b00}
ProcessId: 27460
Image: C:\Windows\System32\conhost.exe
User: LAPTOP-I8K1DAMV\rohin"
"2026-04-21T06:17:05.8874296+05:30","5","Process terminated:
RuleName: -
UtcTime: 2026-04-21 00:47:05.887
ProcessGuid: {a65b9ff6-c907-69e6-4706-000000001b00}
ProcessId: 6188
Image: C:\Program Files\Docker\Docker\resources\bin\docker.exe
User: LAPTOP-I8K1DAMV\rohin"
"2026-04-21T06:17:00.3609445+05:30","5","Process terminated:
RuleName: -
UtcTime: 2026-04-21 00:47:00.352
ProcessGuid: {a65b9ff6-c8f0-69e6-4006-000000001b00}
ProcessId: 24032
Image: C:\Windows\System32\svchost.exe
User: NT AUTHORITY\LOCAL SERVICE"
"2026-04-21T06:16:58.6168688+05:30","5","Process terminated:
RuleName: -
UtcTime: 2026-04-21 00:46:58.615
ProcessGuid: {a65b9ff6-c784-69e6-af05-000000001b00}
ProcessId: 21052
Image: C:\Windows\System32\svchost.exe
User: NT AUTHORITY\SYSTEM"
"2026-04-21T06:16:56.7276058+05:30","5","Process terminated:
RuleName: -
UtcTime: 2026-04-21 00:46:56.727
ProcessGuid: {a65b9ff6-c900-69e6-4606-000000001b00}
ProcessId: 14216
Image: C:\Program Files\Docker\Docker\resources\bin\docker-compose.exe
User: LAPTOP-I8K1DAMV\rohin"
"2026-04-21T06:16:55.8947515+05:30","5","Process terminated:
RuleName: -
UtcTime: 2026-04-21 00:46:55.894
ProcessGuid: {a65b9ff6-c8fd-69e6-4506-000000001b00}
ProcessId: 16944
Image: C:\Windows\System32\conhost.exe
User: LAPTOP-I8K1DAMV\rohin"
"2026-04-21T06:16:55.8915470+05:30","5","Process terminated:
RuleName: -
UtcTime: 2026-04-21 00:46:55.891
ProcessGuid: {a65b9ff6-c8fd-69e6-4406-000000001b00}
ProcessId: 4908
Image: C:\Program Files\Docker\Docker\resources\bin\docker.exe
User: LAPTOP-I8K1DAMV\rohin"
"2026-04-21T06:16:49.9336514+05:30","5","Process terminated:
RuleName: -
UtcTime: 2026-04-21 00:46:49.933
ProcessGuid: {a65b9ff6-c8f9-69e6-4306-000000001b00}
ProcessId: 8592
Image: C:\Program Files\Docker\Docker\resources\bin\docker-compose.exe
User: LAPTOP-I8K1DAMV\rohin"
"2026-04-21T06:16:45.8660731+05:30","5","Process terminated:
RuleName: -
UtcTime: 2026-04-21 00:46:45.865
ProcessGuid: {a65b9ff6-c8f3-69e6-4206-000000001b00}
ProcessId: 11436
Image: C:\Windows\System32\conhost.exe
User: LAPTOP-I8K1DAMV\rohin"
"2026-04-21T06:16:45.8633614+05:30","5","Process terminated:
RuleName: -
UtcTime: 2026-04-21 00:46:45.863
ProcessGuid: {a65b9ff6-c8f3-69e6-4106-000000001b00}
ProcessId: 11732
Image: C:\Program Files\Docker\Docker\resources\bin\docker.exe
User: LAPTOP-I8K1DAMV\rohin"
"2026-04-21T06:16:35.8606007+05:30","5","Process terminated:
RuleName: -
UtcTime: 2026-04-21 00:46:35.860
ProcessGuid: {a65b9ff6-c8e9-69e6-3f06-000000001b00}
ProcessId: 13076
Image: C:\Windows\System32\conhost.exe
User: LAPTOP-I8K1DAMV\rohin"
"2026-04-21T06:16:35.8578511+05:30","5","Process terminated:
RuleName: -
UtcTime: 2026-04-21 00:46:35.857
ProcessGuid: {a65b9ff6-c8e9-69e6-3e06-000000001b00}
ProcessId: 5304
Image: C:\Program Files\Docker\Docker\resources\bin\docker.exe
User: LAPTOP-I8K1DAMV\rohin"
"2026-04-21T06:16:25.8720552+05:30","5","Process terminated:
RuleName: -
UtcTime: 2026-04-21 00:46:25.871
ProcessGuid: {a65b9ff6-c8df-69e6-3d06-000000001b00}
ProcessId: 14208
Image: C:\Windows\System32\conhost.exe
User: LAPTOP-I8K1DAMV\rohin"
"2026-04-21T06:16:25.8695335+05:30","5","Process terminated:
RuleName: -
UtcTime: 2026-04-21 00:46:25.869
ProcessGuid: {a65b9ff6-c8df-69e6-3c06-000000001b00}
ProcessId: 24412
Image: C:\Program Files\Docker\Docker\resources\bin\docker.exe
User: LAPTOP-I8K1DAMV\rohin"
"2026-04-21T06:16:15.8583766+05:30","5","Process terminated:
RuleName: -
UtcTime: 2026-04-21 00:46:15.858
ProcessGuid: {a65b9ff6-c8d5-69e6-3a06-000000001b00}
ProcessId: 23668
Image: C:\Windows\System32\conhost.exe
User: LAPTOP-I8K1DAMV\rohin"
"2026-04-21T06:16:15.8556942+05:30","5","Process terminated:
RuleName: -
UtcTime: 2026-04-21 00:46:15.855
ProcessGuid: {a65b9ff6-c8d5-69e6-3906-000000001b00}
ProcessId: 10640
Image: C:\Program Files\Docker\Docker\resources\bin\docker.exe
User: LAPTOP-I8K1DAMV\rohin"
"2026-04-21T06:16:09.2936577+05:30","5","Process terminated:
RuleName: -
UtcTime: 2026-04-21 00:46:09.289
ProcessGuid: {a65b9ff6-c841-69e6-0c06-000000001b00}
ProcessId: 23720
Image: C:\Windows\System32\wbem\WmiPrvSE.exe
User: NT AUTHORITY\LOCAL SERVICE"
"2026-04-21T06:16:09.2918558+05:30","5","Process terminated:
RuleName: -
UtcTime: 2026-04-21 00:46:09.289
ProcessGuid: {a65b9ff6-c877-69e6-1f06-000000001b00}
ProcessId: 1060
Image: C:\Windows\System32\wbem\WmiPrvSE.exe
User: NT AUTHORITY\NETWORK SERVICE"
"2026-04-21T06:16:05.8647327+05:30","5","Process terminated:
RuleName: -
UtcTime: 2026-04-21 00:46:05.864
ProcessGuid: {a65b9ff6-c8cb-69e6-3806-000000001b00}
ProcessId: 19904
Image: C:\Windows\System32\conhost.exe
User: LAPTOP-I8K1DAMV\rohin"
"2026-04-21T06:16:05.8622208+05:30","5","Process terminated:
RuleName: -
UtcTime: 2026-04-21 00:46:05.862
ProcessGuid: {a65b9ff6-c8cb-69e6-3706-000000001b00}
ProcessId: 13100
Image: C:\Program Files\Docker\Docker\resources\bin\docker.exe
User: LAPTOP-I8K1DAMV\rohin"
"2026-04-21T06:15:55.8602371+05:30","5","Process terminated:
RuleName: -
UtcTime: 2026-04-21 00:45:55.859
ProcessGuid: {a65b9ff6-c8c1-69e6-3606-000000001b00}
ProcessId: 10324
Image: C:\Windows\System32\conhost.exe
User: LAPTOP-I8K1DAMV\rohin"
"2026-04-21T06:15:55.8576288+05:30","5","Process terminated:
RuleName: -
UtcTime: 2026-04-21 00:45:55.857
ProcessGuid: {a65b9ff6-c8c1-69e6-3506-000000001b00}
ProcessId: 19300
Image: C:\Program Files\Docker\Docker\resources\bin\docker.exe
User: LAPTOP-I8K1DAMV\rohin"
"2026-04-21T06:15:45.8534194+05:30","5","Process terminated:
RuleName: -
UtcTime: 2026-04-21 00:45:45.852
ProcessGuid: {a65b9ff6-c8b7-69e6-3306-000000001b00}
ProcessId: 25936
Image: C:\Windows\System32\conhost.exe
User: LAPTOP-I8K1DAMV\rohin"
"2026-04-21T06:15:45.8506311+05:30","5","Process terminated:
RuleName: -
UtcTime: 2026-04-21 00:45:45.850
ProcessGuid: {a65b9ff6-c8b7-69e6-3206-000000001b00}
ProcessId: 2288
Image: C:\Program Files\Docker\Docker\resources\bin\docker.exe
User: LAPTOP-I8K1DAMV\rohin"
"2026-04-21T06:15:35.8616199+05:30","5","Process terminated:
RuleName: -
UtcTime: 2026-04-21 00:45:35.861
ProcessGuid: {a65b9ff6-c8ad-69e6-3106-000000001b00}
ProcessId: 26972
Image: C:\Windows\System32\conhost.exe
User: LAPTOP-I8K1DAMV\rohin"
"2026-04-21T06:15:35.8587955+05:30","5","Process terminated:
RuleName: -
UtcTime: 2026-04-21 00:45:35.858
ProcessGuid: {a65b9ff6-c8ad-69e6-3006-000000001b00}
ProcessId: 23436
Image: C:\Program Files\Docker\Docker\resources\bin\docker.exe
User: LAPTOP-I8K1DAMV\rohin"
"2026-04-21T06:15:25.8709188+05:30","5","Process terminated:
RuleName: -
UtcTime: 2026-04-21 00:45:25.870
ProcessGuid: {a65b9ff6-c8a3-69e6-2e06-000000001b00}
ProcessId: 2472
Image: C:\Windows\System32\conhost.exe
User: LAPTOP-I8K1DAMV\rohin"
"2026-04-21T06:15:25.8680059+05:30","5","Process terminated:
RuleName: -
UtcTime: 2026-04-21 00:45:25.867
ProcessGuid: {a65b9ff6-c8a3-69e6-2d06-000000001b00}
ProcessId: 14896
Image: C:\Program Files\Docker\Docker\resources\bin\docker.exe
User: LAPTOP-I8K1DAMV\rohin"
"2026-04-21T06:15:23.9379032+05:30","5","Process terminated:
RuleName: -
UtcTime: 2026-04-21 00:45:23.937
ProcessGuid: {a65b9ff6-c8a3-69e6-2f06-000000001b00}
ProcessId: 21248
Image: C:\Program Files\Docker\Docker\resources\bin\docker-compose.exe
User: LAPTOP-I8K1DAMV\rohin"
"2026-04-21T06:15:20.5794552+05:30","5","Process terminated:
RuleName: -
UtcTime: 2026-04-21 00:45:20.576
ProcessGuid: {a65b9ff6-c6be-69e6-4c05-000000001b00}
ProcessId: 8056
Image: C:\Windows\System32\smartscreen.exe
User: LAPTOP-I8K1DAMV\rohin"
"2026-04-21T06:15:18.0942898+05:30","5","Process terminated:
RuleName: -
UtcTime: 2026-04-21 00:45:18.086
ProcessGuid: {a65b9ff6-c841-69e6-0d06-000000001b00}
ProcessId: 22732
Image: C:\Windows\System32\svchost.exe
User: NT AUTHORITY\SYSTEM"
"2026-04-21T06:15:15.8171940+05:30","5","Process terminated:
RuleName: -
UtcTime: 2026-04-21 00:45:15.816
ProcessGuid: {a65b9ff6-c899-69e6-2c06-000000001b00}
ProcessId: 13040
Image: C:\Windows\System32\conhost.exe
User: LAPTOP-I8K1DAMV\rohin"
"2026-04-21T06:15:15.8144644+05:30","5","Process terminated:
RuleName: -
UtcTime: 2026-04-21 00:45:15.814
ProcessGuid: {a65b9ff6-c899-69e6-2b06-000000001b00}
ProcessId: 23260
Image: C:\Program Files\Docker\Docker\resources\bin\docker.exe
User: LAPTOP-I8K1DAMV\rohin"
"2026-04-21T06:15:10.5317642+05:30","5","Process terminated:
RuleName: -
UtcTime: 2026-04-21 00:45:10.531
ProcessGuid: {a65b9ff6-c896-69e6-2a06-000000001b00}
ProcessId: 21800
Image: C:\Program Files\Docker\Docker\resources\bin\docker-compose.exe
User: LAPTOP-I8K1DAMV\rohin"
"2026-04-21T06:15:05.8472100+05:30","5","Process terminated:
RuleName: -
UtcTime: 2026-04-21 00:45:05.846
ProcessGuid: {a65b9ff6-c88f-69e6-2806-000000001b00}
ProcessId: 11508
Image: C:\Windows\System32\conhost.exe
User: LAPTOP-I8K1DAMV\rohin"
"2026-04-21T06:15:05.8437512+05:30","5","Process terminated:
RuleName: -
UtcTime: 2026-04-21 00:45:05.843
ProcessGuid: {a65b9ff6-c88f-69e6-2706-000000001b00}
ProcessId: 20544
Image: C:\Program Files\Docker\Docker\resources\bin\docker.exe
User: LAPTOP-I8K1DAMV\rohin"
"2026-04-21T06:15:05.1062049+05:30","5","Process terminated:
RuleName: -
UtcTime: 2026-04-21 00:45:05.105
ProcessGuid: {a65b9ff6-c890-69e6-2906-000000001b00}
ProcessId: 8312
Image: C:\Program Files\Docker\Docker\resources\bin\docker-compose.exe
User: LAPTOP-I8K1DAMV\rohin"
"2026-04-21T06:14:55.8244034+05:30","5","Process terminated:
RuleName: -
UtcTime: 2026-04-21 00:44:55.824
ProcessGuid: {a65b9ff6-c885-69e6-2306-000000001b00}
ProcessId: 27264
Image: C:\Windows\System32\conhost.exe
User: LAPTOP-I8K1DAMV\rohin"
"2026-04-21T06:14:55.8216783+05:30","5","Process terminated:
RuleName: -
UtcTime: 2026-04-21 00:44:55.821
ProcessGuid: {a65b9ff6-c885-69e6-2206-000000001b00}
ProcessId: 25476
Image: C:\Program Files\Docker\Docker\resources\bin\docker.exe
User: LAPTOP-I8K1DAMV\rohin"
"2026-04-21T06:14:55.0586782+05:30","5","Process terminated:
RuleName: -
UtcTime: 2026-04-21 00:44:55.058
ProcessGuid: {a65b9ff6-c886-69e6-2506-000000001b00}
ProcessId: 18468
Image: C:\Windows\System32\conhost.exe
User: LAPTOP-I8K1DAMV\rohin"
"2026-04-21T06:14:55.0568977+05:30","5","Process terminated:
RuleName: -
UtcTime: 2026-04-21 00:44:55.056
ProcessGuid: {a65b9ff6-c886-69e6-2406-000000001b00}
ProcessId: 7016
Image: C:\Program Files\Git\cmd\git.exe
User: LAPTOP-I8K1DAMV\rohin"
"2026-04-21T06:14:55.0538625+05:30","5","Process terminated:
RuleName: -
UtcTime: 2026-04-21 00:44:55.053
ProcessGuid: {a65b9ff6-c887-69e6-2606-000000001b00}
ProcessId: 15924
Image: C:\Program Files\Git\mingw64\bin\git.exe
User: LAPTOP-I8K1DAMV\rohin"
"2026-04-21T06:14:45.8245847+05:30","5","Process terminated:
RuleName: -
UtcTime: 2026-04-21 00:44:45.824
ProcessGuid: {a65b9ff6-c87b-69e6-2106-000000001b00}
ProcessId: 13588
Image: C:\Windows\System32\conhost.exe
User: LAPTOP-I8K1DAMV\rohin"
"2026-04-21T06:14:45.8215977+05:30","5","Process terminated:
RuleName: -
UtcTime: 2026-04-21 00:44:45.820
ProcessGuid: {a65b9ff6-c87b-69e6-2006-000000001b00}
ProcessId: 12448
Image: C:\Program Files\Docker\Docker\resources\bin\docker.exe
User: LAPTOP-I8K1DAMV\rohin"
"2026-04-21T06:14:35.7856383+05:30","5","Process terminated:
RuleName: -
UtcTime: 2026-04-21 00:44:35.785
ProcessGuid: {a65b9ff6-c871-69e6-1d06-000000001b00}
ProcessId: 4652
Image: C:\Windows\System32\conhost.exe
User: LAPTOP-I8K1DAMV\rohin"
"2026-04-21T06:14:35.7829806+05:30","5","Process terminated:
RuleName: -
UtcTime: 2026-04-21 00:44:35.782
ProcessGuid: {a65b9ff6-c871-69e6-1c06-000000001b00}
ProcessId: 15132
Image: C:\Program Files\Docker\Docker\resources\bin\docker.exe
User: LAPTOP-I8K1DAMV\rohin"
"2026-04-21T06:14:34.0261573+05:30","5","Process terminated:
RuleName: -
UtcTime: 2026-04-21 00:44:34.025
ProcessGuid: {a65b9ff6-c871-69e6-1e06-000000001b00}
ProcessId: 7396
Image: C:\Windows\System32\curl.exe
User: LAPTOP-I8K1DAMV\rohin"
"2026-04-21T06:14:27.7680608+05:30","5","Process terminated:
RuleName: -
UtcTime: 2026-04-21 00:44:27.758
ProcessGuid: {a65b9ff6-c86b-69e6-1706-000000001b00}
ProcessId: 22692
Image: C:\Windows\System32\conhost.exe
User: LAPTOP-I8K1DAMV\rohin"
"2026-04-21T06:14:27.7653075+05:30","5","Process terminated:
RuleName: -
UtcTime: 2026-04-21 00:44:27.758
ProcessGuid: {a65b9ff6-c86b-69e6-1606-000000001b00}
ProcessId: 9728
Image: C:\Windows\System32\cmd.exe
User: LAPTOP-I8K1DAMV\rohin"
"2026-04-21T06:14:27.7612431+05:30","5","Process terminated:
RuleName: -
UtcTime: 2026-04-21 00:44:27.758
ProcessGuid: {a65b9ff6-c86b-69e6-1806-000000001b00}
ProcessId: 3092
Image: C:\Windows\System32\wsl.exe
User: LAPTOP-I8K1DAMV\rohin"
"2026-04-21T06:14:27.7567756+05:30","5","Process terminated:
RuleName: -
UtcTime: 2026-04-21 00:44:27.746
ProcessGuid: {a65b9ff6-c86b-69e6-1906-000000001b00}
ProcessId: 22308
Image: C:\Program Files\WSL\wsl.exe
User: LAPTOP-I8K1DAMV\rohin"
"2026-04-21T06:14:25.7740396+05:30","5","Process terminated:
RuleName: -
UtcTime: 2026-04-21 00:44:25.773
ProcessGuid: {a65b9ff6-c867-69e6-1506-000000001b00}
ProcessId: 20148
Image: C:\Windows\System32\conhost.exe
User: LAPTOP-I8K1DAMV\rohin"
"2026-04-21T06:14:25.7714878+05:30","5","Process terminated:
RuleName: -
UtcTime: 2026-04-21 00:44:25.770
ProcessGuid: {a65b9ff6-c867-69e6-1406-000000001b00}
ProcessId: 5732
Image: C:\Program Files\Docker\Docker\resources\bin\docker.exe
User: LAPTOP-I8K1DAMV\rohin"
"2026-04-21T06:14:15.7846879+05:30","5","Process terminated:
RuleName: -
UtcTime: 2026-04-21 00:44:15.784
ProcessGuid: {a65b9ff6-c85d-69e6-1306-000000001b00}
ProcessId: 21700
Image: C:\Windows\System32\conhost.exe
User: LAPTOP-I8K1DAMV\rohin"
"2026-04-21T06:14:15.7818439+05:30","5","Process terminated:
RuleName: -
UtcTime: 2026-04-21 00:44:15.781
ProcessGuid: {a65b9ff6-c85d-69e6-1206-000000001b00}
ProcessId: 22892
Image: C:\Program Files\Docker\Docker\resources\bin\docker.exe
User: LAPTOP-I8K1DAMV\rohin"
"2026-04-21T06:14:05.7649983+05:30","5","Process terminated:
RuleName: -
UtcTime: 2026-04-21 00:44:05.764
ProcessGuid: {a65b9ff6-c853-69e6-1106-000000001b00}
ProcessId: 10988
Image: C:\Windows\System32\conhost.exe
User: LAPTOP-I8K1DAMV\rohin"
"2026-04-21T06:14:05.7623465+05:30","5","Process terminated:
RuleName: -
UtcTime: 2026-04-21 00:44:05.761
ProcessGuid: {a65b9ff6-c853-69e6-1006-000000001b00}
ProcessId: 10068
Image: C:\Program Files\Docker\Docker\resources\bin\docker.exe
User: LAPTOP-I8K1DAMV\rohin"
"2026-04-21T06:13:59.4251425+05:30","5","Process terminated:
RuleName: -
UtcTime: 2026-04-21 00:43:59.424
ProcessGuid: {a65b9ff6-c79a-69e6-be05-000000001b00}
ProcessId: 3112
Image: C:\Windows\System32\svchost.exe
User: NT AUTHORITY\SYSTEM"
"2026-04-21T06:13:55.7599307+05:30","5","Process terminated:
RuleName: -
UtcTime: 2026-04-21 00:43:55.759
ProcessGuid: {a65b9ff6-c849-69e6-0f06-000000001b00}
ProcessId: 14548
Image: C:\Windows\System32\conhost.exe
User: LAPTOP-I8K1DAMV\rohin"
"2026-04-21T06:13:55.7572961+05:30","5","Process terminated:
RuleName: -
UtcTime: 2026-04-21 00:43:55.756
ProcessGuid: {a65b9ff6-c849-69e6-0e06-000000001b00}
ProcessId: 1992
Image: C:\Program Files\Docker\Docker\resources\bin\docker.exe
User: LAPTOP-I8K1DAMV\rohin"
"2026-04-21T06:13:53.7322193+05:30","5","Process terminated:
RuleName: -
UtcTime: 2026-04-21 00:43:53.731
ProcessGuid: {a65b9ff6-c7e2-69e6-e405-000000001b00}
ProcessId: 4980
Image: C:\Windows\System32\SearchProtocolHost.exe
User: NT AUTHORITY\SYSTEM"
"2026-04-21T06:13:45.7460948+05:30","5","Process terminated:
RuleName: -
UtcTime: 2026-04-21 00:43:45.745
ProcessGuid: {a65b9ff6-c83f-69e6-0b06-000000001b00}
ProcessId: 16628
Image: C:\Windows\System32\conhost.exe
User: LAPTOP-I8K1DAMV\rohin"
"2026-04-21T06:13:45.7433283+05:30","5","Process terminated:
RuleName: -
UtcTime: 2026-04-21 00:43:45.742
ProcessGuid: {a65b9ff6-c83f-69e6-0a06-000000001b00}
ProcessId: 24052
Image: C:\Program Files\Docker\Docker\resources\bin\docker.exe
User: LAPTOP-I8K1DAMV\rohin"
"2026-04-21T06:13:43.5004931+05:30","5","Process terminated:
RuleName: -
UtcTime: 2026-04-21 00:43:43.499
ProcessGuid: {a65b9ff6-c7fd-69e6-ed05-000000001b00}
ProcessId: 11020
Image: C:\Program Files\McAfee.com\Agent\mcupdate.exe
User: NT AUTHORITY\SYSTEM"
"2026-04-21T06:13:35.7517555+05:30","5","Process terminated:
RuleName: -
UtcTime: 2026-04-21 00:43:35.751
ProcessGuid: {a65b9ff6-c835-69e6-0906-000000001b00}
ProcessId: 5076
Image: C:\Windows\System32\conhost.exe
User: LAPTOP-I8K1DAMV\rohin"
"2026-04-21T06:13:35.7491378+05:30","5","Process terminated:
RuleName: -
UtcTime: 2026-04-21 00:43:35.748
ProcessGuid: {a65b9ff6-c835-69e6-0806-000000001b00}
ProcessId: 25136
Image: C:\Program Files\Docker\Docker\resources\bin\docker.exe
User: LAPTOP-I8K1DAMV\rohin"
"2026-04-21T06:13:25.7416153+05:30","5","Process terminated:
RuleName: -
UtcTime: 2026-04-21 00:43:25.741
ProcessGuid: {a65b9ff6-c82b-69e6-0706-000000001b00}
ProcessId: 4660
Image: C:\Windows\System32\conhost.exe
User: LAPTOP-I8K1DAMV\rohin"
"2026-04-21T06:13:25.7387585+05:30","5","Process terminated:
RuleName: -
UtcTime: 2026-04-21 00:43:25.738
ProcessGuid: {a65b9ff6-c82b-69e6-0606-000000001b00}
ProcessId: 15488
Image: C:\Program Files\Docker\Docker\resources\bin\docker.exe
User: LAPTOP-I8K1DAMV\rohin"
"2026-04-21T06:13:21.9473576+05:30","5","Process terminated:
RuleName: -
UtcTime: 2026-04-21 00:43:21.947
ProcessGuid: {a65b9ff6-c829-69e6-0506-000000001b00}
ProcessId: 25944
Image: C:\Program Files\Docker\Docker\resources\bin\docker-compose.exe
User: LAPTOP-I8K1DAMV\rohin"
"2026-04-21T06:13:20.4903158+05:30","5","Process terminated:
RuleName: -
UtcTime: 2026-04-21 00:43:20.490
ProcessGuid: {a65b9ff6-c827-69e6-0406-000000001b00}
ProcessId: 5176
Image: C:\Windows\System32\taskhostw.exe
User: NT AUTHORITY\SYSTEM"
"2026-04-21T06:13:19.4155021+05:30","5","Process terminated:
RuleName: -
UtcTime: 2026-04-21 00:43:19.414
ProcessGuid: {a65b9ff6-c67e-69e6-2905-000000001b00}
ProcessId: 21060
Image: C:\Windows\System32\wbem\WmiPrvSE.exe
User: NT AUTHORITY\NETWORK SERVICE"
"2026-04-21T06:13:15.7455126+05:30","5","Process terminated:
RuleName: -
UtcTime: 2026-04-21 00:43:15.745
ProcessGuid: {a65b9ff6-c821-69e6-fd05-000000001b00}
ProcessId: 15024
Image: C:\Windows\System32\conhost.exe
User: LAPTOP-I8K1DAMV\rohin"
"2026-04-21T06:13:15.7419484+05:30","5","Process terminated:
RuleName: -
UtcTime: 2026-04-21 00:43:15.741
ProcessGuid: {a65b9ff6-c821-69e6-fc05-000000001b00}
ProcessId: 25436
Image: C:\Program Files\Docker\Docker\resources\bin\docker.exe
User: LAPTOP-I8K1DAMV\rohin"
"2026-04-21T06:13:15.6435330+05:30","5","Process terminated:
RuleName: -
UtcTime: 2026-04-21 00:43:15.643
ProcessGuid: {a65b9ff6-c823-69e6-ff05-000000001b00}
ProcessId: 6116
Image: C:\Windows\System32\conhost.exe
User: LAPTOP-I8K1DAMV\rohin"
"2026-04-21T06:13:15.6406564+05:30","5","Process terminated:
RuleName: -
UtcTime: 2026-04-21 00:43:15.640
ProcessGuid: {a65b9ff6-c823-69e6-fe05-000000001b00}
ProcessId: 6408
Image: C:\Windows\System32\cmd.exe
User: LAPTOP-I8K1DAMV\rohin"
"2026-04-21T06:13:15.6361369+05:30","5","Process terminated:
RuleName: -
UtcTime: 2026-04-21 00:43:15.635
ProcessGuid: {a65b9ff6-c823-69e6-0006-000000001b00}
ProcessId: 23636
Image: C:\Windows\System32\wsl.exe
User: LAPTOP-I8K1DAMV\rohin"
"2026-04-21T06:13:15.6322256+05:30","5","Process terminated:
RuleName: -
UtcTime: 2026-04-21 00:43:15.632
ProcessGuid: {a65b9ff6-c823-69e6-0206-000000001b00}
ProcessId: 3144
Image: C:\Program Files\WSL\wsl.exe
User: LAPTOP-I8K1DAMV\rohin"
"2026-04-21T06:13:10.2724412+05:30","5","Process terminated:
RuleName: -
UtcTime: 2026-04-21 00:43:10.271
ProcessGuid: {a65b9ff6-c813-69e6-f205-000000001b00}
ProcessId: 1432
Image: C:\Program Files\Docker\Docker\resources\bin\docker-compose.exe
User: LAPTOP-I8K1DAMV\rohin"
"2026-04-21T06:13:06.7819879+05:30","5","Process terminated:
RuleName: -
UtcTime: 2026-04-21 00:43:06.781
ProcessGuid: {a65b9ff6-c813-69e6-f505-000000001b00}
ProcessId: 7048
Image: C:\Program Files\Docker\cli-plugins\docker-buildx.exe
User: LAPTOP-I8K1DAMV\rohin"
"2026-04-21T06:13:05.7452350+05:30","5","Process terminated:
RuleName: -
UtcTime: 2026-04-21 00:43:05.744
ProcessGuid: {a65b9ff6-c817-69e6-fb05-000000001b00}
ProcessId: 6428
Image: C:\Windows\System32\conhost.exe
User: LAPTOP-I8K1DAMV\rohin"
"2026-04-21T06:13:05.7418749+05:30","5","Process terminated:
RuleName: -
UtcTime: 2026-04-21 00:43:05.741
ProcessGuid: {a65b9ff6-c817-69e6-fa05-000000001b00}
ProcessId: 5284
Image: C:\Program Files\Docker\Docker\resources\bin\docker.exe
User: LAPTOP-I8K1DAMV\rohin"
"2026-04-21T06:13:05.5371823+05:30","5","Process terminated:
RuleName: -
UtcTime: 2026-04-21 00:43:05.536
ProcessGuid: {a65b9ff6-c5c1-69e6-d304-000000001b00}
ProcessId: 16004
Image: C:\Windows\System32\svchost.exe
User: NT AUTHORITY\SYSTEM"
"2026-04-21T06:13:00.8099005+05:30","5","Process terminated:
RuleName: -
UtcTime: 2026-04-21 00:43:00.809
ProcessGuid: {a65b9ff6-c814-69e6-f805-000000001b00}
ProcessId: 23012
Image: C:\Program Files\Docker\Docker\resources\bin\docker-credential-desktop.exe
User: LAPTOP-I8K1DAMV\rohin"
"2026-04-21T06:13:00.8071786+05:30","5","Process terminated:
RuleName: -
UtcTime: 2026-04-21 00:43:00.806
ProcessGuid: {a65b9ff6-c814-69e6-f905-000000001b00}
ProcessId: 15596
Image: C:\Program Files\Docker\Docker\resources\bin\docker-credential-wincred.exe
User: LAPTOP-I8K1DAMV\rohin"
"2026-04-21T06:13:00.3468308+05:30","5","Process terminated:
RuleName: -
UtcTime: 2026-04-21 00:43:00.346
ProcessGuid: {a65b9ff6-c814-69e6-f605-000000001b00}
ProcessId: 24652
Image: C:\Program Files\Git\cmd\git.exe
User: LAPTOP-I8K1DAMV\rohin"
"2026-04-21T06:13:00.3436304+05:30","5","Process terminated:
RuleName: -
UtcTime: 2026-04-21 00:43:00.343
ProcessGuid: {a65b9ff6-c814-69e6-f705-000000001b00}
ProcessId: 10332
Image: C:\Program Files\Git\mingw64\bin\git.exe
User: LAPTOP-I8K1DAMV\rohin"
"2026-04-21T06:12:59.8699060+05:30","5","Process terminated:
RuleName: -
UtcTime: 2026-04-21 00:42:59.869
ProcessGuid: {a65b9ff6-c813-69e6-f405-000000001b00}
ProcessId: 4276
Image: C:\Program Files\Docker\cli-plugins\docker-buildx.exe
User: LAPTOP-I8K1DAMV\rohin"
"2026-04-21T06:12:59.8011023+05:30","5","Process terminated:
RuleName: -
UtcTime: 2026-04-21 00:42:59.800
ProcessGuid: {a65b9ff6-c813-69e6-f305-000000001b00}
ProcessId: 5912
Image: C:\Program Files\Docker\cli-plugins\docker-buildx.exe
User: LAPTOP-I8K1DAMV\rohin"
"2026-04-21T06:12:55.7098686+05:30","5","Process terminated:
RuleName: -
UtcTime: 2026-04-21 00:42:55.709
ProcessGuid: {a65b9ff6-c80d-69e6-f105-000000001b00}
ProcessId: 20952
Image: C:\Windows\System32\conhost.exe
User: LAPTOP-I8K1DAMV\rohin"
"2026-04-21T06:12:55.7068404+05:30","5","Process terminated:
RuleName: -
UtcTime: 2026-04-21 00:42:55.706
ProcessGuid: {a65b9ff6-c80d-69e6-f005-000000001b00}
ProcessId: 26032
Image: C:\Program Files\Docker\Docker\resources\bin\docker.exe
User: LAPTOP-I8K1DAMV\rohin"
"2026-04-21T06:12:45.7130972+05:30","5","Process terminated:
RuleName: -
UtcTime: 2026-04-21 00:42:45.712
ProcessGuid: {a65b9ff6-c803-69e6-ef05-000000001b00}
ProcessId: 11232
Image: C:\Windows\System32\conhost.exe
User: LAPTOP-I8K1DAMV\rohin"
"2026-04-21T06:12:45.7104308+05:30","5","Process terminated:
RuleName: -
UtcTime: 2026-04-21 00:42:45.710
ProcessGuid: {a65b9ff6-c803-69e6-ee05-000000001b00}
ProcessId: 26144
Image: C:\Program Files\Docker\Docker\resources\bin\docker.exe
User: LAPTOP-I8K1DAMV\rohin"
"2026-04-21T06:12:35.7221018+05:30","5","Process terminated:
RuleName: -
UtcTime: 2026-04-21 00:42:35.721
ProcessGuid: {a65b9ff6-c7f9-69e6-ec05-000000001b00}
ProcessId: 21936
Image: C:\Windows\System32\conhost.exe
User: LAPTOP-I8K1DAMV\rohin"
"2026-04-21T06:12:35.7192021+05:30","5","Process terminated:
RuleName: -
UtcTime: 2026-04-21 00:42:35.718
ProcessGuid: {a65b9ff6-c7f9-69e6-eb05-000000001b00}
ProcessId: 4140
Image: C:\Program Files\Docker\Docker\resources\bin\docker.exe
User: LAPTOP-I8K1DAMV\rohin"
"2026-04-21T06:12:32.9114912+05:30","5","Process terminated:
RuleName: -
UtcTime: 2026-04-21 00:42:32.910
ProcessGuid: {a65b9ff6-c6c8-69e6-5805-000000001b00}
ProcessId: 26616
Image: C:\Windows\System32\audiodg.exe
User: NT AUTHORITY\LOCAL SERVICE"
"2026-04-21T06:12:28.5499480+05:30","5","Process terminated:
RuleName: -
UtcTime: 2026-04-21 00:42:28.548
ProcessGuid: {a65b9ff6-c785-69e6-b105-000000001b00}
ProcessId: 15488
Image: C:\Windows\System32\RuntimeBroker.exe
User: LAPTOP-I8K1DAMV\rohin"
"2026-04-21T06:12:25.7225117+05:30","5","Process terminated:
RuleName: -
UtcTime: 2026-04-21 00:42:25.722
ProcessGuid: {a65b9ff6-c7ef-69e6-ea05-000000001b00}
ProcessId: 7728
Image: C:\Windows\System32\conhost.exe
User: LAPTOP-I8K1DAMV\rohin"
"2026-04-21T06:12:25.7199089+05:30","5","Process terminated:
RuleName: -
UtcTime: 2026-04-21 00:42:25.719
ProcessGuid: {a65b9ff6-c7ef-69e6-e905-000000001b00}
ProcessId: 4688
Image: C:\Program Files\Docker\Docker\resources\bin\docker.exe
User: LAPTOP-I8K1DAMV\rohin"
"2026-04-21T06:12:19.2662562+05:30","5","Process terminated:
RuleName: -
UtcTime: 2026-04-21 00:42:19.265
ProcessGuid: {a65b9ff6-c7e5-69e6-e705-000000001b00}
ProcessId: 27196
Image: C:\Windows\System32\dllhost.exe
User: LAPTOP-I8K1DAMV\rohin"
"2026-04-21T06:12:15.7265828+05:30","5","Process terminated:
RuleName: -
UtcTime: 2026-04-21 00:42:15.726
ProcessGuid: {a65b9ff6-c7e5-69e6-e605-000000001b00}
ProcessId: 13940
Image: C:\Windows\System32\conhost.exe
User: LAPTOP-I8K1DAMV\rohin"
"2026-04-21T06:12:15.7235835+05:30","5","Process terminated:
RuleName: -
UtcTime: 2026-04-21 00:42:15.723
ProcessGuid: {a65b9ff6-c7e5-69e6-e505-000000001b00}
ProcessId: 7460
Image: C:\Program Files\Docker\Docker\resources\bin\docker.exe
User: LAPTOP-I8K1DAMV\rohin"
"2026-04-21T06:12:05.7164639+05:30","5","Process terminated:
RuleName: -
UtcTime: 2026-04-21 00:42:05.716
ProcessGuid: {a65b9ff6-c7db-69e6-e305-000000001b00}
ProcessId: 25548
Image: C:\Windows\System32\conhost.exe
User: LAPTOP-I8K1DAMV\rohin"
"2026-04-21T06:12:05.7140062+05:30","5","Process terminated:
RuleName: -
UtcTime: 2026-04-21 00:42:05.713
ProcessGuid: {a65b9ff6-c7db-69e6-e205-000000001b00}
ProcessId: 24556
Image: C:\Program Files\Docker\Docker\resources\bin\docker.exe
User: LAPTOP-I8K1DAMV\rohin"
"2026-04-21T06:12:00.7509972+05:30","5","Process terminated:
RuleName: -
UtcTime: 2026-04-21 00:42:00.743
ProcessGuid: {a65b9ff6-c79a-69e6-bd05-000000001b00}
ProcessId: 23940
Image: C:\Windows\System32\oobe\UserOOBEBroker.exe
User: LAPTOP-I8K1DAMV\rohin"
"2026-04-21T06:12:00.7382590+05:30","5","Process terminated:
RuleName: -
UtcTime: 2026-04-21 00:42:00.737
ProcessGuid: {a65b9ff6-c798-69e6-bb05-000000001b00}
ProcessId: 27080
Image: C:\Windows\System32\backgroundTaskHost.exe
User: LAPTOP-I8K1DAMV\rohin"
"2026-04-21T06:11:59.0865697+05:30","5","Process terminated:
RuleName: -
UtcTime: 2026-04-21 00:41:59.086
ProcessGuid: {a65b9ff6-c7d6-69e6-e105-000000001b00}
ProcessId: 25444
Image: C:\Program Files\Docker\Docker\resources\bin\docker-compose.exe
User: LAPTOP-I8K1DAMV\rohin"
"2026-04-21T06:11:58.5388812+05:30","5","Process terminated:
RuleName: -
UtcTime: 2026-04-21 00:41:58.538
ProcessGuid: {a65b9ff6-c784-69e6-b005-000000001b00}
ProcessId: 17648
Image: C:\Windows\System32\backgroundTaskHost.exe
User: LAPTOP-I8K1DAMV\rohin"
"2026-04-21T06:11:58.1157773+05:30","5","Process terminated:
RuleName: -
UtcTime: 2026-04-21 00:41:58.114
ProcessGuid: {a65b9ff6-c7c1-69e6-d205-000000001b00}
ProcessId: 21616
Image: C:\Windows\System32\svchost.exe
User: NT AUTHORITY\LOCAL SERVICE"
"2026-04-21T06:11:57.9152844+05:30","5","Process terminated:
RuleName: -
UtcTime: 2026-04-21 00:41:57.914
ProcessGuid: {a65b9ff6-c798-69e6-b905-000000001b00}
ProcessId: 25764
Image: C:\Windows\System32\backgroundTaskHost.exe
User: LAPTOP-I8K1DAMV\rohin"
"2026-04-21T06:11:57.7772302+05:30","5","Process terminated:
RuleName: -
UtcTime: 2026-04-21 00:41:57.771
ProcessGuid: {a65b9ff6-c798-69e6-ba05-000000001b00}
ProcessId: 4276
Image: C:\Windows\System32\backgroundTaskHost.exe
User: LAPTOP-I8K1DAMV\rohin"
"2026-04-21T06:11:55.7074187+05:30","5","Process terminated:
RuleName: -
UtcTime: 2026-04-21 00:41:55.706
ProcessGuid: {a65b9ff6-c7d1-69e6-e005-000000001b00}
ProcessId: 6356
Image: C:\Windows\System32\conhost.exe
User: LAPTOP-I8K1DAMV\rohin"
"2026-04-21T06:11:55.7047316+05:30","5","Process terminated:
RuleName: -
UtcTime: 2026-04-21 00:41:55.704
ProcessGuid: {a65b9ff6-c7d1-69e6-df05-000000001b00}
ProcessId: 24860
Image: C:\Program Files\Docker\Docker\resources\bin\docker.exe
User: LAPTOP-I8K1DAMV\rohin"
"2026-04-21T06:11:53.2365566+05:30","5","Process terminated:
RuleName: -
UtcTime: 2026-04-21 00:41:53.236
ProcessGuid: {a65b9ff6-c7d0-69e6-de05-000000001b00}
ProcessId: 14640
Image: C:\Program Files\Docker\Docker\resources\bin\docker-compose.exe
User: LAPTOP-I8K1DAMV\rohin"
"2026-04-21T06:11:49.6604082+05:30","5","Process terminated:
RuleName: -
UtcTime: 2026-04-21 00:41:49.659
ProcessGuid: {a65b9ff6-c72c-69e6-8705-000000001b00}
ProcessId: 23112
Image: C:\Windows\System32\SearchProtocolHost.exe
User: NT AUTHORITY\SYSTEM"
"2026-04-21T06:11:49.3828617+05:30","5","Process terminated:
RuleName: -
UtcTime: 2026-04-21 00:41:49.382
ProcessGuid: {a65b9ff6-c741-69e6-8e05-000000001b00}
ProcessId: 11364
Image: C:\Windows\System32\wbem\WmiPrvSE.exe
User: NT AUTHORITY\LOCAL SERVICE"
"2026-04-21T06:11:49.3795976+05:30","5","Process terminated:
RuleName: -
UtcTime: 2026-04-21 00:41:49.379
ProcessGuid: {a65b9ff6-c69f-69e6-3605-000000001b00}
ProcessId: 12644
Image: C:\Windows\System32\svchost.exe
User: NT AUTHORITY\SYSTEM"
"2026-04-21T06:11:45.7276126+05:30","5","Process terminated:
RuleName: -
UtcTime: 2026-04-21 00:41:45.727
ProcessGuid: {a65b9ff6-c7c7-69e6-da05-000000001b00}
ProcessId: 3768
Image: C:\Windows\System32\conhost.exe
User: LAPTOP-I8K1DAMV\rohin"
"2026-04-21T06:11:45.7248267+05:30","5","Process terminated:
RuleName: -
UtcTime: 2026-04-21 00:41:45.724
ProcessGuid: {a65b9ff6-c7c7-69e6-d905-000000001b00}
ProcessId: 23708
Image: C:\Program Files\Docker\Docker\resources\bin\docker.exe
User: LAPTOP-I8K1DAMV\rohin"
"2026-04-21T06:11:44.2047290+05:30","5","Process terminated:
RuleName: -
UtcTime: 2026-04-21 00:41:44.203
ProcessGuid: {a65b9ff6-c79a-69e6-c005-000000001b00}
ProcessId: 4184
Image: C:\Windows\System32\RuntimeBroker.exe
User: LAPTOP-I8K1DAMV\rohin"
"2026-04-21T06:11:44.1916106+05:30","5","Process terminated:
RuleName: -
UtcTime: 2026-04-21 00:41:44.190
ProcessGuid: {a65b9ff6-c799-69e6-bc05-000000001b00}
ProcessId: 17840
Image: C:\Windows\System32\RuntimeBroker.exe
User: LAPTOP-I8K1DAMV\rohin"
"2026-04-21T06:11:43.8704850+05:30","5","Process terminated:
RuleName: -
UtcTime: 2026-04-21 00:41:43.864
ProcessGuid: {a65b9ff6-c7c7-69e6-dc05-000000001b00}
ProcessId: 14656
Image: C:\Windows\System32\conhost.exe
User: LAPTOP-I8K1DAMV\rohin"
"2026-04-21T06:11:43.8682827+05:30","5","Process terminated:
RuleName: -
UtcTime: 2026-04-21 00:41:43.864
ProcessGuid: {a65b9ff6-c7c7-69e6-db05-000000001b00}
ProcessId: 25292
Image: C:\Program Files\Git\cmd\git.exe
User: LAPTOP-I8K1DAMV\rohin"
"2026-04-21T06:11:43.8646859+05:30","5","Process terminated:
RuleName: -
UtcTime: 2026-04-21 00:41:43.864
ProcessGuid: {a65b9ff6-c7c7-69e6-dd05-000000001b00}
ProcessId: 24852
Image: C:\Program Files\Git\mingw64\bin\git.exe
User: LAPTOP-I8K1DAMV\rohin"
"2026-04-21T06:11:38.7465810+05:30","5","Process terminated:
RuleName: -
UtcTime: 2026-04-21 00:41:38.746
ProcessGuid: {a65b9ff6-c7c2-69e6-d405-000000001b00}
ProcessId: 14948
Image: C:\Windows\System32\conhost.exe
User: LAPTOP-I8K1DAMV\rohin"
"2026-04-21T06:11:38.7433551+05:30","5","Process terminated:
RuleName: -
UtcTime: 2026-04-21 00:41:38.743
ProcessGuid: {a65b9ff6-c7c2-69e6-d305-000000001b00}
ProcessId: 14688
Image: C:\Windows\System32\cmd.exe
User: LAPTOP-I8K1DAMV\rohin"
"2026-04-21T06:11:38.7388192+05:30","5","Process terminated:
RuleName: -
UtcTime: 2026-04-21 00:41:38.738
ProcessGuid: {a65b9ff6-c7c2-69e6-d505-000000001b00}
ProcessId: 21520
Image: C:\Windows\System32\wsl.exe
User: LAPTOP-I8K1DAMV\rohin"
"2026-04-21T06:11:38.7342628+05:30","5","Process terminated:
RuleName: -
UtcTime: 2026-04-21 00:41:38.734
ProcessGuid: {a65b9ff6-c7c2-69e6-d605-000000001b00}
ProcessId: 15416
Image: C:\Program Files\WSL\wsl.exe
User: LAPTOP-I8K1DAMV\rohin"
"2026-04-21T06:11:36.7941048+05:30","5","Process terminated:
RuleName: -
UtcTime: 2026-04-21 00:41:36.793
ProcessGuid: {a65b9ff6-c7c0-69e6-d105-000000001b00}
ProcessId: 11148
Image: C:\Users\rohin\AppData\Local\Programs\Microsoft VS Code\Code.exe
User: LAPTOP-I8K1DAMV\rohin"
"2026-04-21T06:11:36.7201767+05:30","5","Process terminated:
RuleName: -
UtcTime: 2026-04-21 00:41:36.712
ProcessGuid: {a65b9ff6-c657-69e6-1005-000000001b00}
ProcessId: 20112
Image: C:\Windows\System32\conhost.exe
User: LAPTOP-I8K1DAMV\rohin"
"2026-04-21T06:11:36.7099387+05:30","5","Process terminated:
RuleName: -
UtcTime: 2026-04-21 00:41:36.703
ProcessGuid: {a65b9ff6-c657-69e6-1205-000000001b00}
ProcessId: 7300
Image: C:\Windows\System32\WindowsPowerShell\v1.0\powershell.exe
User: LAPTOP-I8K1DAMV\rohin"
"2026-04-21T06:11:35.9972833+05:30","5","Process terminated:
RuleName: -
UtcTime: 2026-04-21 00:41:35.996
ProcessGuid: {a65b9ff6-c7bf-69e6-d005-000000001b00}
ProcessId: 5344
Image: C:\Users\rohin\AppData\Local\Programs\Microsoft VS Code\Code.exe
User: LAPTOP-I8K1DAMV\rohin"
"2026-04-21T06:11:35.9353820+05:30","5","Process terminated:
RuleName: -
UtcTime: 2026-04-21 00:41:35.934
ProcessGuid: {a65b9ff6-c524-69e6-9a04-000000001b00}
ProcessId: 13024
Image: C:\Windows\System32\conhost.exe
User: LAPTOP-I8K1DAMV\rohin"
"2026-04-21T06:11:35.9230460+05:30","5","Process terminated:
RuleName: -
UtcTime: 2026-04-21 00:41:35.922
ProcessGuid: {a65b9ff6-c524-69e6-9b04-000000001b00}
ProcessId: 10500
Image: C:\Windows\System32\WindowsPowerShell\v1.0\powershell.exe
User: LAPTOP-I8K1DAMV\rohin"
"2026-04-21T06:11:35.7345750+05:30","5","Process terminated:
RuleName: -
UtcTime: 2026-04-21 00:41:35.734
ProcessGuid: {a65b9ff6-c7bd-69e6-cd05-000000001b00}
ProcessId: 24312
Image: C:\Windows\System32\conhost.exe
User: LAPTOP-I8K1DAMV\rohin"
"2026-04-21T06:11:35.7317167+05:30","5","Process terminated:
RuleName: -
UtcTime: 2026-04-21 00:41:35.731
ProcessGuid: {a65b9ff6-c7bd-69e6-cc05-000000001b00}
ProcessId: 14776
Image: C:\Program Files\Docker\Docker\resources\bin\docker.exe
User: LAPTOP-I8K1DAMV\rohin"
"2026-04-21T06:11:34.8898587+05:30","5","Process terminated:
RuleName: -
UtcTime: 2026-04-21 00:41:34.889
ProcessGuid: {a65b9ff6-c7be-69e6-cf05-000000001b00}
ProcessId: 10280
Image: C:\Users\rohin\AppData\Local\Programs\Microsoft VS Code\Code.exe
User: LAPTOP-I8K1DAMV\rohin"
"2026-04-21T06:11:34.8810102+05:30","5","Process terminated:
RuleName: -
UtcTime: 2026-04-21 00:41:34.880
ProcessGuid: {a65b9ff6-c2eb-69e6-c003-000000001b00}
ProcessId: 26144
Image: C:\Windows\System32\conhost.exe
User: LAPTOP-I8K1DAMV\rohin"
"2026-04-21T06:11:34.8558388+05:30","5","Process terminated:
RuleName: -
UtcTime: 2026-04-21 00:41:34.855
ProcessGuid: {a65b9ff6-c2eb-69e6-c403-000000001b00}
ProcessId: 2472
Image: C:\Windows\System32\WindowsPowerShell\v1.0\powershell.exe
User: LAPTOP-I8K1DAMV\rohin"
"2026-04-21T06:11:33.9569636+05:30","5","Process terminated:
RuleName: -
UtcTime: 2026-04-21 00:41:33.954
ProcessGuid: {a65b9ff6-c7bd-69e6-ce05-000000001b00}
ProcessId: 7728
Image: C:\Windows\System32\backgroundTaskHost.exe
User: LAPTOP-I8K1DAMV\rohin"
"2026-04-21T06:11:32.8715579+05:30","5","Process terminated:
RuleName: -
UtcTime: 2026-04-21 00:41:32.871
ProcessGuid: {a65b9ff6-c741-69e6-8f05-000000001b00}
ProcessId: 17464
Image: C:\Windows\System32\svchost.exe
User: NT AUTHORITY\SYSTEM"
"2026-04-21T06:11:25.6743165+05:30","5","Process terminated:
RuleName: -
UtcTime: 2026-04-21 00:41:25.673
ProcessGuid: {a65b9ff6-c7b3-69e6-cb05-000000001b00}
ProcessId: 5076
Image: C:\Windows\System32\conhost.exe
User: LAPTOP-I8K1DAMV\rohin"
"2026-04-21T06:11:25.6716379+05:30","5","Process terminated:
RuleName: -
UtcTime: 2026-04-21 00:41:25.671
ProcessGuid: {a65b9ff6-c7b3-69e6-ca05-000000001b00}
ProcessId: 24660
Image: C:\Program Files\Docker\Docker\resources\bin\docker.exe
User: LAPTOP-I8K1DAMV\rohin"
"2026-04-21T06:11:22.2839983+05:30","5","Process terminated:
RuleName: -
UtcTime: 2026-04-21 00:41:22.283
ProcessGuid: {a65b9ff6-c7b2-69e6-c805-000000001b00}
ProcessId: 7396
Image: C:\Windows\System32\conhost.exe
User: LAPTOP-I8K1DAMV\rohin"
"2026-04-21T06:11:22.2819250+05:30","5","Process terminated:
RuleName: -
UtcTime: 2026-04-21 00:41:22.281
ProcessGuid: {a65b9ff6-c7b2-69e6-c705-000000001b00}
ProcessId: 3852
Image: C:\Program Files\Git\cmd\git.exe
User: LAPTOP-I8K1DAMV\rohin"
"2026-04-21T06:11:22.2786819+05:30","5","Process terminated:
RuleName: -
UtcTime: 2026-04-21 00:41:22.278
ProcessGuid: {a65b9ff6-c7b2-69e6-c905-000000001b00}
ProcessId: 8412
Image: C:\Program Files\Git\mingw64\bin\git.exe
User: LAPTOP-I8K1DAMV\rohin"
"2026-04-21T06:11:16.3593196+05:30","5","Process terminated:
RuleName: -
UtcTime: 2026-04-21 00:41:16.359
ProcessGuid: {a65b9ff6-c7ac-69e6-c605-000000001b00}
ProcessId: 12436
Image: C:\Program Files\Google\Chrome\Application\chrome.exe
User: LAPTOP-I8K1DAMV\rohin"
"2026-04-21T06:11:15.6845107+05:30","5","Process terminated:
RuleName: -
UtcTime: 2026-04-21 00:41:15.684
ProcessGuid: {a65b9ff6-c7a9-69e6-c505-000000001b00}
ProcessId: 27484
Image: C:\Windows\System32\conhost.exe
User: LAPTOP-I8K1DAMV\rohin"
"2026-04-21T06:11:15.6814295+05:30","5","Process terminated:
RuleName: -
UtcTime: 2026-04-21 00:41:15.680
ProcessGuid: {a65b9ff6-c7a9-69e6-c405-000000001b00}
ProcessId: 5860
Image: C:\Program Files\Docker\Docker\resources\bin\docker.exe
User: LAPTOP-I8K1DAMV\rohin"
"2026-04-21T06:11:09.9683257+05:30","5","Process terminated:
RuleName: -
UtcTime: 2026-04-21 00:41:09.967
ProcessGuid: {a65b9ff6-c7a5-69e6-c305-000000001b00}
ProcessId: 12916
Image: C:\Program Files\Google\Chrome\Application\chrome.exe
User: LAPTOP-I8K1DAMV\rohin"
"2026-04-21T06:11:05.7313604+05:30","5","Process terminated:
RuleName: -
UtcTime: 2026-04-21 00:41:05.731
ProcessGuid: {a65b9ff6-c79f-69e6-c205-000000001b00}
ProcessId: 10484
Image: C:\Windows\System32\conhost.exe
User: LAPTOP-I8K1DAMV\rohin"
"2026-04-21T06:11:05.7277235+05:30","5","Process terminated:
RuleName: -
UtcTime: 2026-04-21 00:41:05.727
ProcessGuid: {a65b9ff6-c79f-69e6-c105-000000001b00}
ProcessId: 22016
Image: C:\Program Files\Docker\Docker\resources\bin\docker.exe
User: LAPTOP-I8K1DAMV\rohin"
"2026-04-21T06:11:04.1766099+05:30","5","Process terminated:
RuleName: -
UtcTime: 2026-04-21 00:41:04.176
ProcessGuid: {a65b9ff6-c798-69e6-b805-000000001b00}
ProcessId: 25592
Image: C:\Windows\System32\backgroundTaskHost.exe
User: LAPTOP-I8K1DAMV\rohin"
"2026-04-21T06:10:59.3244444+05:30","5","Process terminated:
RuleName: -
UtcTime: 2026-04-21 00:40:59.324
ProcessGuid: {a65b9ff6-c79a-69e6-bf05-000000001b00}
ProcessId: 14508
Image: C:\Windows\System32\backgroundTaskHost.exe
User: LAPTOP-I8K1DAMV\rohin"
"2026-04-21T06:10:55.8127331+05:30","5","Process terminated:
RuleName: -
UtcTime: 2026-04-21 00:40:55.812
ProcessGuid: {a65b9ff6-c795-69e6-b705-000000001b00}
ProcessId: 25720
Image: C:\Windows\System32\conhost.exe
User: LAPTOP-I8K1DAMV\rohin"
"2026-04-21T06:10:55.8076854+05:30","5","Process terminated:
RuleName: -
UtcTime: 2026-04-21 00:40:55.807
ProcessGuid: {a65b9ff6-c795-69e6-b605-000000001b00}
ProcessId: 6420
Image: C:\Program Files\Docker\Docker\resources\bin\docker.exe
User: LAPTOP-I8K1DAMV\rohin"
"2026-04-21T06:10:55.3154836+05:30","5","Process terminated:
RuleName: -
UtcTime: 2026-04-21 00:40:55.315
ProcessGuid: {a65b9ff6-c784-69e6-ad05-000000001b00}
ProcessId: 2944
Image: C:\Windows\System32\backgroundTaskHost.exe
User: LAPTOP-I8K1DAMV\rohin"
"2026-04-21T06:10:45.8122115+05:30","5","Process terminated:
RuleName: -
UtcTime: 2026-04-21 00:40:45.811
ProcessGuid: {a65b9ff6-c78b-69e6-b505-000000001b00}
ProcessId: 10268
Image: C:\Windows\System32\conhost.exe
User: LAPTOP-I8K1DAMV\rohin"
"2026-04-21T06:10:45.8077235+05:30","5","Process terminated:
RuleName: -
UtcTime: 2026-04-21 00:40:45.807
ProcessGuid: {a65b9ff6-c78b-69e6-b405-000000001b00}
ProcessId: 16780
Image: C:\Program Files\Docker\Docker\resources\bin\docker.exe
User: LAPTOP-I8K1DAMV\rohin"
"2026-04-21T06:10:39.9111400+05:30","5","Process terminated:
RuleName: -
UtcTime: 2026-04-21 00:40:39.910
ProcessGuid: {a65b9ff6-c787-69e6-b305-000000001b00}
ProcessId: 9948
Image: C:\Program Files\Google\Chrome\Application\chrome.exe
User: LAPTOP-I8K1DAMV\rohin"
"2026-04-21T06:10:36.0951934+05:30","5","Process terminated:
RuleName: -
UtcTime: 2026-04-21 00:40:36.089
ProcessGuid: {a65b9ff6-c784-69e6-ac05-000000001b00}
ProcessId: 6524
Image: C:\Windows\System32\conhost.exe
User: LAPTOP-I8K1DAMV\rohin"
"2026-04-21T06:10:36.0929053+05:30","5","Process terminated:
RuleName: -
UtcTime: 2026-04-21 00:40:36.089
ProcessGuid: {a65b9ff6-c783-69e6-ab05-000000001b00}
ProcessId: 10072
Image: C:\Program Files\Git\cmd\git.exe
User: LAPTOP-I8K1DAMV\rohin"
"2026-04-21T06:10:36.0887616+05:30","5","Process terminated:
RuleName: -
UtcTime: 2026-04-21 00:40:36.074
ProcessGuid: {a65b9ff6-c784-69e6-ae05-000000001b00}
ProcessId: 27208
Image: C:\Program Files\Git\mingw64\bin\git.exe
User: LAPTOP-I8K1DAMV\rohin"
"2026-04-21T06:10:35.7146034+05:30","5","Process terminated:
RuleName: -
UtcTime: 2026-04-21 00:40:35.714
ProcessGuid: {a65b9ff6-c781-69e6-a805-000000001b00}
ProcessId: 1832
Image: C:\Windows\System32\conhost.exe
User: LAPTOP-I8K1DAMV\rohin"
"2026-04-21T06:10:35.7113169+05:30","5","Process terminated:
RuleName: -
UtcTime: 2026-04-21 00:40:35.710
ProcessGuid: {a65b9ff6-c781-69e6-a705-000000001b00}
ProcessId: 24776
Image: C:\Program Files\Docker\Docker\resources\bin\docker.exe
User: LAPTOP-I8K1DAMV\rohin"
"2026-04-21T06:10:34.8380697+05:30","5","Process terminated:
RuleName: -
UtcTime: 2026-04-21 00:40:34.837
ProcessGuid: {a65b9ff6-c782-69e6-aa05-000000001b00}
ProcessId: 3316
Image: C:\Program Files\Google\Chrome\Application\chrome.exe
User: LAPTOP-I8K1DAMV\rohin"
"2026-04-21T06:10:33.6491989+05:30","5","Process terminated:
RuleName: -
UtcTime: 2026-04-21 00:40:33.648
ProcessGuid: {a65b9ff6-c781-69e6-a905-000000001b00}
ProcessId: 23760
Image: C:\Program Files\Google\Chrome\Application\chrome.exe
User: LAPTOP-I8K1DAMV\rohin"
"2026-04-21T06:10:32.5957522+05:30","5","Process terminated:
RuleName: -
UtcTime: 2026-04-21 00:40:32.595
ProcessGuid: {a65b9ff6-c780-69e6-a605-000000001b00}
ProcessId: 23044
Image: C:\Program Files\Google\Chrome\Application\chrome.exe
User: LAPTOP-I8K1DAMV\rohin"
"2026-04-21T06:10:32.4500424+05:30","5","Process terminated:
RuleName: -
UtcTime: 2026-04-21 00:40:32.449
ProcessGuid: {a65b9ff6-c780-69e6-a505-000000001b00}
ProcessId: 24320
Image: C:\Program Files\Google\Chrome\Application\chrome.exe
User: LAPTOP-I8K1DAMV\rohin"
"2026-04-21T06:10:32.4408754+05:30","5","Process terminated:
RuleName: -
UtcTime: 2026-04-21 00:40:32.440
ProcessGuid: {a65b9ff6-c780-69e6-a405-000000001b00}
ProcessId: 2540
Image: C:\Program Files\Google\Chrome\Application\chrome.exe
User: LAPTOP-I8K1DAMV\rohin"
"2026-04-21T06:10:29.6706643+05:30","5","Process terminated:
RuleName: -
UtcTime: 2026-04-21 00:40:29.670
ProcessGuid: {a65b9ff6-c77d-69e6-a205-000000001b00}
ProcessId: 12776
Image: C:\Windows\System32\conhost.exe
User: LAPTOP-I8K1DAMV\rohin"
"2026-04-21T06:10:29.6684737+05:30","5","Process terminated:
RuleName: -
UtcTime: 2026-04-21 00:40:29.667
ProcessGuid: {a65b9ff6-c77d-69e6-a105-000000001b00}
ProcessId: 20780
Image: C:\Program Files\Git\cmd\git.exe
User: LAPTOP-I8K1DAMV\rohin"
"2026-04-21T06:10:29.6647834+05:30","5","Process terminated:
RuleName: -
UtcTime: 2026-04-21 00:40:29.664
ProcessGuid: {a65b9ff6-c77d-69e6-a305-000000001b00}
ProcessId: 25944
Image: C:\Program Files\Git\mingw64\bin\git.exe
User: LAPTOP-I8K1DAMV\rohin"
"2026-04-21T06:10:25.6350820+05:30","5","Process terminated:
RuleName: -
UtcTime: 2026-04-21 00:40:25.634
ProcessGuid: {a65b9ff6-c777-69e6-a005-000000001b00}
ProcessId: 10684
Image: C:\Windows\System32\conhost.exe
User: LAPTOP-I8K1DAMV\rohin"
"2026-04-21T06:10:25.6324875+05:30","5","Process terminated:
RuleName: -
UtcTime: 2026-04-21 00:40:25.632
ProcessGuid: {a65b9ff6-c777-69e6-9f05-000000001b00}
ProcessId: 15000
Image: C:\Program Files\Docker\Docker\resources\bin\docker.exe
User: LAPTOP-I8K1DAMV\rohin"
"2026-04-21T06:10:19.5246318+05:30","5","Process terminated:
RuleName: -
UtcTime: 2026-04-21 00:40:19.524
ProcessGuid: {a65b9ff6-c773-69e6-9e05-000000001b00}
ProcessId: 20712
Image: C:\Program Files\McAfee.com\Agent\WSCLLCSectigo.exe
User: NT AUTHORITY\SYSTEM"
"2026-04-21T06:10:15.6671747+05:30","5","Process terminated:
RuleName: -
UtcTime: 2026-04-21 00:40:15.666
ProcessGuid: {a65b9ff6-c76d-69e6-9d05-000000001b00}
ProcessId: 17156
Image: C:\Windows\System32\conhost.exe
User: LAPTOP-I8K1DAMV\rohin"
"2026-04-21T06:10:15.6643500+05:30","5","Process terminated:
RuleName: -
UtcTime: 2026-04-21 00:40:15.663
ProcessGuid: {a65b9ff6-c76d-69e6-9c05-000000001b00}
ProcessId: 26764
Image: C:\Program Files\Docker\Docker\resources\bin\docker.exe
User: LAPTOP-I8K1DAMV\rohin"
"2026-04-21T06:10:05.6830757+05:30","5","Process terminated:
RuleName: -
UtcTime: 2026-04-21 00:40:05.682
ProcessGuid: {a65b9ff6-c763-69e6-9b05-000000001b00}
ProcessId: 1096
Image: C:\Windows\System32\conhost.exe
User: LAPTOP-I8K1DAMV\rohin"
