"2026-04-21T06:24:30.6225328+05:30","5","Process terminated:
RuleName: -
UtcTime: 2026-04-21 00:54:30.622
ProcessGuid: {a65b9ff6-cac6-69e6-9c08-000000001b00}
ProcessId: 21348
Image: C:\Program Files\Git\cmd\git.exe
User: LAPTOP-I8K1DAMV\rohin"
"2026-04-21T06:24:30.6193547+05:30","5","Process terminated:
RuleName: -
UtcTime: 2026-04-21 00:54:30.619
ProcessGuid: {a65b9ff6-cac6-69e6-9e08-000000001b00}
ProcessId: 1320
Image: C:\Program Files\Git\mingw64\bin\git.exe
User: LAPTOP-I8K1DAMV\rohin"
"2026-04-21T06:24:30.5660423+05:30","5","Process terminated:
RuleName: -
UtcTime: 2026-04-21 00:54:30.565
ProcessGuid: {a65b9ff6-cac6-69e6-9708-000000001b00}
ProcessId: 17036
Image: C:\Windows\System32\conhost.exe
User: LAPTOP-I8K1DAMV\rohin"
"2026-04-21T06:24:30.5630154+05:30","5","Process terminated:
RuleName: -
UtcTime: 2026-04-21 00:54:30.562
ProcessGuid: {a65b9ff6-cac6-69e6-9608-000000001b00}
ProcessId: 15756
Image: D:\BTP\Log-Anamoly-Detection\.venv\Scripts\python.exe
User: LAPTOP-I8K1DAMV\rohin"
"2026-04-21T06:24:30.5590660+05:30","5","Process terminated:
RuleName: -
UtcTime: 2026-04-21 00:54:30.558
ProcessGuid: {a65b9ff6-cac6-69e6-9a08-000000001b00}
ProcessId: 6984
Image: C:\Users\rohin\AppData\Local\Programs\Python\Python314\python.exe
User: LAPTOP-I8K1DAMV\rohin"
"2026-04-21T06:24:30.5361388+05:30","5","Process terminated:
RuleName: -
UtcTime: 2026-04-21 00:54:30.535
ProcessGuid: {a65b9ff6-cac6-69e6-9908-000000001b00}
ProcessId: 2712
Image: C:\Windows\System32\conhost.exe
User: LAPTOP-I8K1DAMV\rohin"
"2026-04-21T06:24:30.5342509+05:30","5","Process terminated:
RuleName: -
UtcTime: 2026-04-21 00:54:30.533
ProcessGuid: {a65b9ff6-cac6-69e6-9808-000000001b00}
ProcessId: 3544
Image: C:\Program Files\Git\cmd\git.exe
User: LAPTOP-I8K1DAMV\rohin"
"2026-04-21T06:24:30.5310895+05:30","5","Process terminated:
RuleName: -
UtcTime: 2026-04-21 00:54:30.530
ProcessGuid: {a65b9ff6-cac6-69e6-9b08-000000001b00}
ProcessId: 848
Image: C:\Program Files\Git\mingw64\bin\git.exe
User: LAPTOP-I8K1DAMV\rohin"
"2026-04-21T06:24:30.4615350+05:30","5","Process terminated:
RuleName: -
UtcTime: 2026-04-21 00:54:30.460
ProcessGuid: {a65b9ff6-cac6-69e6-9408-000000001b00}
ProcessId: 17700
Image: C:\Windows\System32\conhost.exe
User: LAPTOP-I8K1DAMV\rohin"
"2026-04-21T06:24:30.4592709+05:30","5","Process terminated:
RuleName: -
UtcTime: 2026-04-21 00:54:30.458
ProcessGuid: {a65b9ff6-cac6-69e6-9308-000000001b00}
ProcessId: 17704
Image: C:\Program Files\Git\cmd\git.exe
User: LAPTOP-I8K1DAMV\rohin"
"2026-04-21T06:24:30.4554616+05:30","5","Process terminated:
RuleName: -
UtcTime: 2026-04-21 00:54:30.454
ProcessGuid: {a65b9ff6-cac6-69e6-9508-000000001b00}
ProcessId: 26004
Image: C:\Program Files\Git\mingw64\bin\git.exe
User: LAPTOP-I8K1DAMV\rohin"
"2026-04-21T06:24:30.3627737+05:30","5","Process terminated:
RuleName: -
UtcTime: 2026-04-21 00:54:30.361
ProcessGuid: {a65b9ff6-cac6-69e6-9108-000000001b00}
ProcessId: 4420
Image: C:\Windows\System32\conhost.exe
User: LAPTOP-I8K1DAMV\rohin"
"2026-04-21T06:24:30.3605504+05:30","5","Process terminated:
RuleName: -
UtcTime: 2026-04-21 00:54:30.359
ProcessGuid: {a65b9ff6-cac6-69e6-9008-000000001b00}
ProcessId: 26520
Image: C:\Program Files\Git\cmd\git.exe
User: LAPTOP-I8K1DAMV\rohin"
"2026-04-21T06:24:30.3569369+05:30","5","Process terminated:
RuleName: -
UtcTime: 2026-04-21 00:54:30.356
ProcessGuid: {a65b9ff6-cac6-69e6-9208-000000001b00}
ProcessId: 15404
Image: C:\Program Files\Git\mingw64\bin\git.exe
User: LAPTOP-I8K1DAMV\rohin"
"2026-04-21T06:24:30.2669665+05:30","5","Process terminated:
RuleName: -
UtcTime: 2026-04-21 00:54:30.266
ProcessGuid: {a65b9ff6-cac6-69e6-8e08-000000001b00}
ProcessId: 22140
Image: C:\Windows\System32\conhost.exe
User: LAPTOP-I8K1DAMV\rohin"
"2026-04-21T06:24:30.2645822+05:30","5","Process terminated:
RuleName: -
UtcTime: 2026-04-21 00:54:30.263
ProcessGuid: {a65b9ff6-cac6-69e6-8d08-000000001b00}
ProcessId: 21120
Image: C:\Program Files\Git\cmd\git.exe
User: LAPTOP-I8K1DAMV\rohin"
"2026-04-21T06:24:30.2604542+05:30","5","Process terminated:
RuleName: -
UtcTime: 2026-04-21 00:54:30.259
ProcessGuid: {a65b9ff6-cac6-69e6-8f08-000000001b00}
ProcessId: 5292
Image: C:\Program Files\Git\mingw64\bin\git.exe
User: LAPTOP-I8K1DAMV\rohin"
"2026-04-21T06:24:30.1787683+05:30","5","Process terminated:
RuleName: -
UtcTime: 2026-04-21 00:54:30.178
ProcessGuid: {a65b9ff6-cac6-69e6-8b08-000000001b00}
ProcessId: 15628
Image: C:\Windows\System32\conhost.exe
User: LAPTOP-I8K1DAMV\rohin"
"2026-04-21T06:24:30.1764439+05:30","5","Process terminated:
RuleName: -
UtcTime: 2026-04-21 00:54:30.176
ProcessGuid: {a65b9ff6-cac6-69e6-8a08-000000001b00}
ProcessId: 4688
Image: C:\Program Files\Git\cmd\git.exe
User: LAPTOP-I8K1DAMV\rohin"
"2026-04-21T06:24:30.1733980+05:30","5","Process terminated:
RuleName: -
UtcTime: 2026-04-21 00:54:30.173
ProcessGuid: {a65b9ff6-cac6-69e6-8c08-000000001b00}
ProcessId: 15064
Image: C:\Program Files\Git\mingw64\bin\git.exe
User: LAPTOP-I8K1DAMV\rohin"
"2026-04-21T06:24:29.9845971+05:30","5","Process terminated:
RuleName: -
UtcTime: 2026-04-21 00:54:29.983
ProcessGuid: {a65b9ff6-cac5-69e6-8608-000000001b00}
ProcessId: 25144
Image: C:\Windows\System32\conhost.exe
User: LAPTOP-I8K1DAMV\rohin"
"2026-04-21T06:24:29.9824597+05:30","5","Process terminated:
RuleName: -
UtcTime: 2026-04-21 00:54:29.982
ProcessGuid: {a65b9ff6-cac5-69e6-8508-000000001b00}
ProcessId: 25664
Image: C:\Program Files\Git\cmd\git.exe
User: LAPTOP-I8K1DAMV\rohin"
"2026-04-21T06:24:29.9794658+05:30","5","Process terminated:
RuleName: -
UtcTime: 2026-04-21 00:54:29.979
ProcessGuid: {a65b9ff6-cac5-69e6-8708-000000001b00}
ProcessId: 13516
Image: C:\Program Files\Git\mingw64\bin\git.exe
User: LAPTOP-I8K1DAMV\rohin"
"2026-04-21T06:24:29.4546931+05:30","5","Process terminated:
RuleName: -
UtcTime: 2026-04-21 00:54:29.454
ProcessGuid: {a65b9ff6-cac5-69e6-8208-000000001b00}
ProcessId: 19792
Image: C:\Windows\System32\conhost.exe
User: LAPTOP-I8K1DAMV\rohin"
"2026-04-21T06:24:29.4527069+05:30","5","Process terminated:
RuleName: -
UtcTime: 2026-04-21 00:54:29.452
ProcessGuid: {a65b9ff6-cac5-69e6-8108-000000001b00}
ProcessId: 20720
Image: C:\Program Files\Git\cmd\git.exe
User: LAPTOP-I8K1DAMV\rohin"
"2026-04-21T06:24:29.4489862+05:30","5","Process terminated:
RuleName: -
UtcTime: 2026-04-21 00:54:29.448
ProcessGuid: {a65b9ff6-cac5-69e6-8308-000000001b00}
ProcessId: 3944
Image: C:\Program Files\Git\mingw64\bin\git.exe
User: LAPTOP-I8K1DAMV\rohin"
"2026-04-21T06:24:29.3135895+05:30","5","Process terminated:
RuleName: -
UtcTime: 2026-04-21 00:54:29.312
ProcessGuid: {a65b9ff6-cac5-69e6-7f08-000000001b00}
ProcessId: 18088
Image: C:\Windows\System32\conhost.exe
User: LAPTOP-I8K1DAMV\rohin"
"2026-04-21T06:24:29.3099959+05:30","5","Process terminated:
RuleName: -
UtcTime: 2026-04-21 00:54:29.309
ProcessGuid: {a65b9ff6-cac5-69e6-7e08-000000001b00}
ProcessId: 17232
Image: D:\BTP\Log-Anamoly-Detection\.venv\Scripts\python.exe
User: LAPTOP-I8K1DAMV\rohin"
"2026-04-21T06:24:29.3034740+05:30","5","Process terminated:
RuleName: -
UtcTime: 2026-04-21 00:54:29.303
ProcessGuid: {a65b9ff6-cac5-69e6-8008-000000001b00}
ProcessId: 24224
Image: C:\Users\rohin\AppData\Local\Programs\Python\Python314\python.exe
User: LAPTOP-I8K1DAMV\rohin"
"2026-04-21T06:24:29.1191165+05:30","5","Process terminated:
RuleName: -
UtcTime: 2026-04-21 00:54:29.118
ProcessGuid: {a65b9ff6-cac5-69e6-7d08-000000001b00}
ProcessId: 16464
Image: C:\Windows\System32\conhost.exe
User: LAPTOP-I8K1DAMV\rohin"
"2026-04-21T06:24:29.1153171+05:30","5","Process terminated:
RuleName: -
UtcTime: 2026-04-21 00:54:29.115
ProcessGuid: {a65b9ff6-cac5-69e6-7c08-000000001b00}
ProcessId: 26880
Image: C:\Windows\System32\cmd.exe
User: LAPTOP-I8K1DAMV\rohin"
"2026-04-21T06:24:29.0945501+05:30","5","Process terminated:
RuleName: -
UtcTime: 2026-04-21 00:54:29.094
ProcessGuid: {a65b9ff6-cac5-69e6-7b08-000000001b00}
ProcessId: 4064
Image: C:\Windows\System32\conhost.exe
User: LAPTOP-I8K1DAMV\rohin"
"2026-04-21T06:24:29.0913659+05:30","5","Process terminated:
RuleName: -
UtcTime: 2026-04-21 00:54:29.090
ProcessGuid: {a65b9ff6-cac5-69e6-7a08-000000001b00}
ProcessId: 20120
Image: C:\Users\rohin\AppData\Local\Programs\Microsoft VS Code\560a9dba96\resources\app\node_modules\@vscode\ripgrep\bin\rg.exe
User: LAPTOP-I8K1DAMV\rohin"
"2026-04-21T06:24:29.0666987+05:30","5","Process terminated:
RuleName: -
UtcTime: 2026-04-21 00:54:29.066
ProcessGuid: {a65b9ff6-cac4-69e6-7708-000000001b00}
ProcessId: 18392
Image: C:\Program Files\Git\cmd\git.exe
User: LAPTOP-I8K1DAMV\rohin"
"2026-04-21T06:24:29.0615938+05:30","5","Process terminated:
RuleName: -
UtcTime: 2026-04-21 00:54:29.060
ProcessGuid: {a65b9ff6-cac5-69e6-7908-000000001b00}
ProcessId: 15256
Image: C:\Program Files\Git\mingw64\bin\git.exe
User: LAPTOP-I8K1DAMV\rohin"
"2026-04-21T06:24:29.0493220+05:30","5","Process terminated:
RuleName: -
UtcTime: 2026-04-21 00:54:29.049
ProcessGuid: {a65b9ff6-cac4-69e6-7608-000000001b00}
ProcessId: 8312
Image: C:\Windows\System32\conhost.exe
User: LAPTOP-I8K1DAMV\rohin"
"2026-04-21T06:24:29.0482284+05:30","5","Process terminated:
RuleName: -
UtcTime: 2026-04-21 00:54:29.045
ProcessGuid: {a65b9ff6-cac4-69e6-7508-000000001b00}
ProcessId: 11024
Image: C:\Program Files\Git\cmd\git.exe
User: LAPTOP-I8K1DAMV\rohin"
"2026-04-21T06:24:29.0415203+05:30","5","Process terminated:
RuleName: -
UtcTime: 2026-04-21 00:54:29.040
ProcessGuid: {a65b9ff6-cac4-69e6-7808-000000001b00}
ProcessId: 22940
Image: C:\Program Files\Git\mingw64\bin\git.exe
User: LAPTOP-I8K1DAMV\rohin"
"2026-04-21T06:24:28.8748211+05:30","5","Process terminated:
RuleName: -
UtcTime: 2026-04-21 00:54:28.873
ProcessGuid: {a65b9ff6-cac3-69e6-5e08-000000001b00}
ProcessId: 21184
Image: C:\Program Files\Git\cmd\git.exe
User: LAPTOP-I8K1DAMV\rohin"
"2026-04-21T06:24:28.8711311+05:30","5","Process terminated:
RuleName: -
UtcTime: 2026-04-21 00:54:28.870
ProcessGuid: {a65b9ff6-cac3-69e6-6008-000000001b00}
ProcessId: 18752
Image: C:\Program Files\Git\mingw64\bin\git.exe
User: LAPTOP-I8K1DAMV\rohin"
"2026-04-21T06:24:28.8677905+05:30","5","Process terminated:
RuleName: -
UtcTime: 2026-04-21 00:54:28.867
ProcessGuid: {a65b9ff6-cac3-69e6-6208-000000001b00}
ProcessId: 24604
Image: C:\Program Files\Git\mingw64\libexec\git-core\git.exe
User: LAPTOP-I8K1DAMV\rohin"
"2026-04-21T06:24:28.8635881+05:30","5","Process terminated:
RuleName: -
UtcTime: 2026-04-21 00:54:28.862
ProcessGuid: {a65b9ff6-cac3-69e6-6308-000000001b00}
ProcessId: 17588
Image: C:\Program Files\Git\mingw64\libexec\git-core\git-remote-https.exe
User: LAPTOP-I8K1DAMV\rohin"
"2026-04-21T06:24:28.6104651+05:30","5","Process terminated:
RuleName: -
UtcTime: 2026-04-21 00:54:28.609
ProcessGuid: {a65b9ff6-cac4-69e6-7008-000000001b00}
ProcessId: 7252
Image: C:\Windows\System32\conhost.exe
User: LAPTOP-I8K1DAMV\rohin"
"2026-04-21T06:24:28.6059261+05:30","5","Process terminated:
RuleName: -
UtcTime: 2026-04-21 00:54:28.605
ProcessGuid: {a65b9ff6-cac4-69e6-6f08-000000001b00}
ProcessId: 10512
Image: C:\Windows\System32\cmd.exe
User: LAPTOP-I8K1DAMV\rohin"
"2026-04-21T06:24:28.5995018+05:30","5","Process terminated:
RuleName: -
UtcTime: 2026-04-21 00:54:28.598
ProcessGuid: {a65b9ff6-cac4-69e6-7208-000000001b00}
ProcessId: 14124
Image: C:\Windows\System32\wsl.exe
User: LAPTOP-I8K1DAMV\rohin"
"2026-04-21T06:24:28.5935778+05:30","5","Process terminated:
RuleName: -
UtcTime: 2026-04-21 00:54:28.592
ProcessGuid: {a65b9ff6-cac4-69e6-7308-000000001b00}
ProcessId: 24348
Image: C:\Program Files\WSL\wsl.exe
User: LAPTOP-I8K1DAMV\rohin"
"2026-04-21T06:24:28.3241661+05:30","5","Process terminated:
RuleName: -
UtcTime: 2026-04-21 00:54:28.323
ProcessGuid: {a65b9ff6-cac4-69e6-6d08-000000001b00}
ProcessId: 18388
Image: C:\Windows\System32\conhost.exe
User: LAPTOP-I8K1DAMV\rohin"
"2026-04-21T06:24:28.3213402+05:30","5","Process terminated:
RuleName: -
UtcTime: 2026-04-21 00:54:28.320
ProcessGuid: {a65b9ff6-cac4-69e6-6c08-000000001b00}
ProcessId: 18484
Image: C:\Program Files\Git\cmd\git.exe
User: LAPTOP-I8K1DAMV\rohin"
"2026-04-21T06:24:28.3167940+05:30","5","Process terminated:
RuleName: -
UtcTime: 2026-04-21 00:54:28.316
ProcessGuid: {a65b9ff6-cac4-69e6-6e08-000000001b00}
ProcessId: 1544
Image: C:\Program Files\Git\mingw64\bin\git.exe
User: LAPTOP-I8K1DAMV\rohin"
"2026-04-21T06:24:28.1931053+05:30","5","Process terminated:
RuleName: -
UtcTime: 2026-04-21 00:54:28.192
ProcessGuid: {a65b9ff6-cac4-69e6-6a08-000000001b00}
ProcessId: 3296
Image: C:\Windows\System32\conhost.exe
User: LAPTOP-I8K1DAMV\rohin"
"2026-04-21T06:24:28.1902603+05:30","5","Process terminated:
RuleName: -
UtcTime: 2026-04-21 00:54:28.189
ProcessGuid: {a65b9ff6-cac4-69e6-6908-000000001b00}
ProcessId: 18356
Image: C:\Program Files\Git\cmd\git.exe
User: LAPTOP-I8K1DAMV\rohin"
"2026-04-21T06:24:28.1864872+05:30","5","Process terminated:
RuleName: -
UtcTime: 2026-04-21 00:54:28.185
ProcessGuid: {a65b9ff6-cac4-69e6-6b08-000000001b00}
ProcessId: 2068
Image: C:\Program Files\Git\mingw64\bin\git.exe
User: LAPTOP-I8K1DAMV\rohin"
"2026-04-21T06:24:28.0472094+05:30","5","Process terminated:
RuleName: -
UtcTime: 2026-04-21 00:54:28.046
ProcessGuid: {a65b9ff6-cac3-69e6-6708-000000001b00}
ProcessId: 23036
Image: C:\Windows\System32\conhost.exe
User: LAPTOP-I8K1DAMV\rohin"
"2026-04-21T06:24:28.0444801+05:30","5","Process terminated:
RuleName: -
UtcTime: 2026-04-21 00:54:28.038
ProcessGuid: {a65b9ff6-cac3-69e6-6608-000000001b00}
ProcessId: 23516
Image: C:\Program Files\Git\cmd\git.exe
User: LAPTOP-I8K1DAMV\rohin"
"2026-04-21T06:24:28.0395850+05:30","5","Process terminated:
RuleName: -
UtcTime: 2026-04-21 00:54:28.038
ProcessGuid: {a65b9ff6-cac3-69e6-6808-000000001b00}
ProcessId: 17024
Image: C:\Program Files\Git\mingw64\bin\git.exe
User: LAPTOP-I8K1DAMV\rohin"
"2026-04-21T06:24:27.5318654+05:30","5","Process terminated:
RuleName: -
UtcTime: 2026-04-21 00:54:27.531
ProcessGuid: {a65b9ff6-cac3-69e6-6108-000000001b00}
ProcessId: 11016
Image: C:\Windows\System32\conhost.exe
User: LAPTOP-I8K1DAMV\rohin"
"2026-04-21T06:24:27.5295126+05:30","5","Process terminated:
RuleName: -
UtcTime: 2026-04-21 00:54:27.529
ProcessGuid: {a65b9ff6-cac3-69e6-5f08-000000001b00}
ProcessId: 18152
Image: C:\Users\rohin\AppData\Local\Programs\Microsoft VS Code\560a9dba96\resources\app\node_modules\@vscode\ripgrep\bin\rg.exe
User: LAPTOP-I8K1DAMV\rohin"
"2026-04-21T06:24:27.4555369+05:30","5","Process terminated:
RuleName: -
UtcTime: 2026-04-21 00:54:27.455
ProcessGuid: {a65b9ff6-cac3-69e6-5d08-000000001b00}
ProcessId: 20516
Image: C:\Windows\System32\conhost.exe
User: LAPTOP-I8K1DAMV\rohin"
"2026-04-21T06:24:27.4530692+05:30","5","Process terminated:
RuleName: -
UtcTime: 2026-04-21 00:54:27.452
ProcessGuid: {a65b9ff6-cac3-69e6-5c08-000000001b00}
ProcessId: 14640
Image: C:\Users\rohin\AppData\Local\Programs\Microsoft VS Code\560a9dba96\resources\app\node_modules\@vscode\ripgrep\bin\rg.exe
User: LAPTOP-I8K1DAMV\rohin"
"2026-04-21T06:24:27.4472019+05:30","5","Process terminated:
RuleName: -
UtcTime: 2026-04-21 00:54:27.446
ProcessGuid: {a65b9ff6-cac3-69e6-5b08-000000001b00}
ProcessId: 21128
Image: C:\Windows\System32\conhost.exe
User: LAPTOP-I8K1DAMV\rohin"
"2026-04-21T06:24:27.4449485+05:30","5","Process terminated:
RuleName: -
UtcTime: 2026-04-21 00:54:27.443
ProcessGuid: {a65b9ff6-cac3-69e6-5a08-000000001b00}
ProcessId: 22592
Image: C:\Users\rohin\AppData\Local\Programs\Microsoft VS Code\560a9dba96\resources\app\node_modules\@vscode\ripgrep\bin\rg.exe
User: LAPTOP-I8K1DAMV\rohin"
"2026-04-21T06:24:26.2214128+05:30","5","Process terminated:
RuleName: -
UtcTime: 2026-04-21 00:54:26.220
ProcessGuid: {a65b9ff6-ca21-69e6-cd06-000000001b00}
ProcessId: 26196
Image: C:\Windows\System32\wbem\WmiPrvSE.exe
User: NT AUTHORITY\LOCAL SERVICE"
"2026-04-21T06:24:24.9544085+05:30","5","Process terminated:
RuleName: -
UtcTime: 2026-04-21 00:54:24.953
ProcessGuid: {a65b9ff6-cac0-69e6-5508-000000001b00}
ProcessId: 18508
Image: C:\Windows\System32\conhost.exe
User: LAPTOP-I8K1DAMV\rohin"
"2026-04-21T06:24:24.9493021+05:30","5","Process terminated:
RuleName: -
UtcTime: 2026-04-21 00:54:24.948
ProcessGuid: {a65b9ff6-cac0-69e6-5408-000000001b00}
ProcessId: 26628
Image: C:\Windows\System32\cmd.exe
User: LAPTOP-I8K1DAMV\rohin"
"2026-04-21T06:24:24.9421358+05:30","5","Process terminated:
RuleName: -
UtcTime: 2026-04-21 00:54:24.941
ProcessGuid: {a65b9ff6-cac0-69e6-5608-000000001b00}
ProcessId: 17620
Image: C:\Windows\System32\wsl.exe
User: LAPTOP-I8K1DAMV\rohin"
"2026-04-21T06:24:24.9353596+05:30","5","Process terminated:
RuleName: -
UtcTime: 2026-04-21 00:54:24.934
ProcessGuid: {a65b9ff6-cac0-69e6-5708-000000001b00}
ProcessId: 26456
Image: C:\Program Files\WSL\wsl.exe
User: LAPTOP-I8K1DAMV\rohin"
"2026-04-21T06:24:24.3491173+05:30","5","Process terminated:
RuleName: -
UtcTime: 2026-04-21 00:54:24.348
ProcessGuid: {a65b9ff6-cac0-69e6-5308-000000001b00}
ProcessId: 5732
Image: C:\Users\rohin\AppData\Local\Programs\Microsoft VS Code\Code.exe
User: LAPTOP-I8K1DAMV\rohin"
"2026-04-21T06:24:24.1730568+05:30","5","Process terminated:
RuleName: -
UtcTime: 2026-04-21 00:54:24.172
ProcessGuid: {a65b9ff6-ca8c-69e6-df07-000000001b00}
ProcessId: 10272
Image: C:\Windows\System32\conhost.exe
User: LAPTOP-I8K1DAMV\rohin"
"2026-04-21T06:24:24.1677985+05:30","5","Process terminated:
RuleName: -
UtcTime: 2026-04-21 00:54:24.167
ProcessGuid: {a65b9ff6-ca8c-69e6-e007-000000001b00}
ProcessId: 24924
Image: C:\Windows\System32\WindowsPowerShell\v1.0\powershell.exe
User: LAPTOP-I8K1DAMV\rohin"
"2026-04-21T06:24:24.0522862+05:30","5","Process terminated:
RuleName: -
UtcTime: 2026-04-21 00:54:24.051
ProcessGuid: {a65b9ff6-cabf-69e6-5208-000000001b00}
ProcessId: 19164
Image: C:\Users\rohin\AppData\Local\Programs\Microsoft VS Code\Code.exe
User: LAPTOP-I8K1DAMV\rohin"
"2026-04-21T06:24:23.8860893+05:30","5","Process terminated:
RuleName: -
UtcTime: 2026-04-21 00:54:23.879
ProcessGuid: {a65b9ff6-ca89-69e6-b307-000000001b00}
ProcessId: 4524
Image: C:\Windows\System32\conhost.exe
User: LAPTOP-I8K1DAMV\rohin"
"2026-04-21T06:24:23.8722755+05:30","5","Process terminated:
RuleName: -
UtcTime: 2026-04-21 00:54:23.872
ProcessGuid: {a65b9ff6-ca89-69e6-b407-000000001b00}
ProcessId: 26836
Image: C:\Windows\System32\WindowsPowerShell\v1.0\powershell.exe
User: LAPTOP-I8K1DAMV\rohin"
"2026-04-21T06:24:23.7580783+05:30","5","Process terminated:
RuleName: -
UtcTime: 2026-04-21 00:54:23.757
ProcessGuid: {a65b9ff6-cabf-69e6-4f08-000000001b00}
ProcessId: 12844
Image: C:\Users\rohin\AppData\Local\Programs\Microsoft VS Code\Code.exe
User: LAPTOP-I8K1DAMV\rohin"
"2026-04-21T06:24:23.5564178+05:30","5","Process terminated:
RuleName: -
UtcTime: 2026-04-21 00:54:23.555
ProcessGuid: {a65b9ff6-ca88-69e6-af07-000000001b00}
ProcessId: 20680
Image: C:\Windows\System32\conhost.exe
User: LAPTOP-I8K1DAMV\rohin"
"2026-04-21T06:24:23.5454563+05:30","5","Process terminated:
RuleName: -
UtcTime: 2026-04-21 00:54:23.544
ProcessGuid: {a65b9ff6-ca88-69e6-b007-000000001b00}
ProcessId: 19472
Image: C:\Windows\System32\WindowsPowerShell\v1.0\powershell.exe
User: LAPTOP-I8K1DAMV\rohin"
"2026-04-21T06:24:23.3569950+05:30","5","Process terminated:
RuleName: -
UtcTime: 2026-04-21 00:54:23.356
ProcessGuid: {a65b9ff6-cabf-69e6-4e08-000000001b00}
ProcessId: 8416
Image: C:\Users\rohin\AppData\Local\Programs\Microsoft VS Code\Code.exe
User: LAPTOP-I8K1DAMV\rohin"
"2026-04-21T06:24:23.2465290+05:30","5","Process terminated:
RuleName: -
UtcTime: 2026-04-21 00:54:23.245
ProcessGuid: {a65b9ff6-ca88-69e6-ad07-000000001b00}
ProcessId: 10392
Image: C:\Windows\System32\conhost.exe
User: LAPTOP-I8K1DAMV\rohin"
"2026-04-21T06:24:23.2421120+05:30","5","Process terminated:
RuleName: -
UtcTime: 2026-04-21 00:54:23.241
ProcessGuid: {a65b9ff6-ca88-69e6-ae07-000000001b00}
ProcessId: 12384
Image: C:\Windows\System32\WindowsPowerShell\v1.0\powershell.exe
User: LAPTOP-I8K1DAMV\rohin"
"2026-04-21T06:24:23.0727597+05:30","5","Process terminated:
RuleName: -
UtcTime: 2026-04-21 00:54:23.072
ProcessGuid: {a65b9ff6-cabe-69e6-4d08-000000001b00}
ProcessId: 25796
Image: C:\Users\rohin\AppData\Local\Programs\Microsoft VS Code\Code.exe
User: LAPTOP-I8K1DAMV\rohin"
"2026-04-21T06:24:22.9555250+05:30","5","Process terminated:
RuleName: -
UtcTime: 2026-04-21 00:54:22.955
ProcessGuid: {a65b9ff6-ca88-69e6-ab07-000000001b00}
ProcessId: 13572
Image: C:\Windows\System32\conhost.exe
User: LAPTOP-I8K1DAMV\rohin"
"2026-04-21T06:24:22.9508012+05:30","5","Process terminated:
RuleName: -
UtcTime: 2026-04-21 00:54:22.950
ProcessGuid: {a65b9ff6-ca88-69e6-ac07-000000001b00}
ProcessId: 10348
Image: C:\Windows\System32\WindowsPowerShell\v1.0\powershell.exe
User: LAPTOP-I8K1DAMV\rohin"
"2026-04-21T06:24:22.8000726+05:30","5","Process terminated:
RuleName: -
UtcTime: 2026-04-21 00:54:22.799
ProcessGuid: {a65b9ff6-cabe-69e6-4c08-000000001b00}
ProcessId: 23248
Image: C:\Users\rohin\AppData\Local\Programs\Microsoft VS Code\Code.exe
User: LAPTOP-I8K1DAMV\rohin"
"2026-04-21T06:24:22.7813566+05:30","5","Process terminated:
RuleName: -
UtcTime: 2026-04-21 00:54:22.780
ProcessGuid: {a65b9ff6-ca85-69e6-a507-000000001b00}
ProcessId: 17756
Image: C:\Users\rohin\AppData\Local\Programs\Microsoft VS Code\Code.exe
User: LAPTOP-I8K1DAMV\rohin"
"2026-04-21T06:24:22.6632233+05:30","5","Process terminated:
RuleName: -
UtcTime: 2026-04-21 00:54:22.662
ProcessGuid: {a65b9ff6-ca89-69e6-b107-000000001b00}
ProcessId: 24428
Image: C:\Windows\System32\conhost.exe
User: LAPTOP-I8K1DAMV\rohin"
"2026-04-21T06:24:22.6539420+05:30","5","Process terminated:
RuleName: -
UtcTime: 2026-04-21 00:54:22.653
ProcessGuid: {a65b9ff6-ca89-69e6-b207-000000001b00}
ProcessId: 17836
Image: C:\Windows\System32\cmd.exe
User: LAPTOP-I8K1DAMV\rohin"
"2026-04-21T06:24:22.4491995+05:30","5","Process terminated:
RuleName: -
UtcTime: 2026-04-21 00:54:22.448
ProcessGuid: {a65b9ff6-ca8e-69e6-f007-000000001b00}
ProcessId: 4652
Image: C:\Windows\System32\conhost.exe
User: LAPTOP-I8K1DAMV\rohin"
"2026-04-21T06:24:22.4474918+05:30","5","Process terminated:
RuleName: -
UtcTime: 2026-04-21 00:54:22.447
ProcessGuid: {a65b9ff6-ca8f-69e6-fe07-000000001b00}
ProcessId: 9588
Image: C:\Users\rohin\AppData\Local\Programs\Microsoft VS Code\Code.exe
User: LAPTOP-I8K1DAMV\rohin"
"2026-04-21T06:24:22.4464988+05:30","5","Process terminated:
RuleName: -
UtcTime: 2026-04-21 00:54:22.446
ProcessGuid: {a65b9ff6-ca8e-69e6-ef07-000000001b00}
ProcessId: 23308
Image: C:\Users\rohin\.vscode\extensions\ms-python.vscode-python-envs-1.28.0-win32-x64\python-env-tools\bin\pet.exe
User: LAPTOP-I8K1DAMV\rohin"
"2026-04-21T06:24:22.4424228+05:30","5","Process terminated:
RuleName: -
UtcTime: 2026-04-21 00:54:22.441
ProcessGuid: {a65b9ff6-ca85-69e6-a207-000000001b00}
ProcessId: 13604
Image: C:\Users\rohin\AppData\Local\Programs\Microsoft VS Code\Code.exe
User: LAPTOP-I8K1DAMV\rohin"
"2026-04-21T06:24:22.4263614+05:30","5","Process terminated:
RuleName: -
UtcTime: 2026-04-21 00:54:22.425
ProcessGuid: {a65b9ff6-ca8e-69e6-ec07-000000001b00}
ProcessId: 21252
Image: C:\Users\rohin\AppData\Local\Programs\Microsoft VS Code\Code.exe
User: LAPTOP-I8K1DAMV\rohin"
"2026-04-21T06:24:22.4128423+05:30","5","Process terminated:
RuleName: -
UtcTime: 2026-04-21 00:54:22.411
ProcessGuid: {a65b9ff6-ca8a-69e6-b607-000000001b00}
ProcessId: 16156
Image: C:\Windows\System32\conhost.exe
User: LAPTOP-I8K1DAMV\rohin"
"2026-04-21T06:24:22.4101585+05:30","5","Process terminated:
RuleName: -
UtcTime: 2026-04-21 00:54:22.409
ProcessGuid: {a65b9ff6-ca8a-69e6-b507-000000001b00}
ProcessId: 2312
Image: C:\Users\rohin\.vscode\extensions\openai.chatgpt-26.417.40842-win32-x64\bin\windows-x86_64\codex.exe
User: LAPTOP-I8K1DAMV\rohin"
"2026-04-21T06:24:22.4023919+05:30","5","Process terminated:
RuleName: -
UtcTime: 2026-04-21 00:54:22.401
ProcessGuid: {a65b9ff6-ca8b-69e6-c207-000000001b00}
ProcessId: 21324
Image: C:\Windows\System32\conhost.exe
User: LAPTOP-I8K1DAMV\rohin"
"2026-04-21T06:24:22.3999436+05:30","5","Process terminated:
RuleName: -
UtcTime: 2026-04-21 00:54:22.399
ProcessGuid: {a65b9ff6-ca8b-69e6-c107-000000001b00}
ProcessId: 18056
Image: C:\Users\rohin\.vscode\extensions\ms-python.python-2026.4.0-win32-x64\python-env-tools\bin\pet.exe
User: LAPTOP-I8K1DAMV\rohin"
"2026-04-21T06:24:16.2806405+05:30","5","Process terminated:
RuleName: -
UtcTime: 2026-04-21 00:54:16.280
ProcessGuid: {a65b9ff6-caaf-69e6-4808-000000001b00}
ProcessId: 13708
Image: C:\Windows\System32\dllhost.exe
User: LAPTOP-I8K1DAMV\rohin"
"2026-04-21T06:24:14.7032951+05:30","5","Process terminated:
RuleName: -
UtcTime: 2026-04-21 00:54:14.703
ProcessGuid: {a65b9ff6-cab6-69e6-4a08-000000001b00}
ProcessId: 6252
Image: C:\Windows\System32\conhost.exe
User: LAPTOP-I8K1DAMV\rohin"
"2026-04-21T06:24:14.7012375+05:30","5","Process terminated:
RuleName: -
UtcTime: 2026-04-21 00:54:14.701
ProcessGuid: {a65b9ff6-cab6-69e6-4908-000000001b00}
ProcessId: 6500
Image: C:\Program Files\Git\cmd\git.exe
User: LAPTOP-I8K1DAMV\rohin"
"2026-04-21T06:24:14.6978722+05:30","5","Process terminated:
RuleName: -
UtcTime: 2026-04-21 00:54:14.697
ProcessGuid: {a65b9ff6-cab6-69e6-4b08-000000001b00}
ProcessId: 18416
Image: C:\Program Files\Git\mingw64\bin\git.exe
User: LAPTOP-I8K1DAMV\rohin"
"2026-04-21T06:24:06.2025424+05:30","5","Process terminated:
RuleName: -
UtcTime: 2026-04-21 00:54:06.202
ProcessGuid: {a65b9ff6-ca9f-69e6-4608-000000001b00}
ProcessId: 9596
Image: C:\Windows\System32\dllhost.exe
User: LAPTOP-I8K1DAMV\rohin"
"2026-04-21T06:23:53.5955571+05:30","5","Process terminated:
RuleName: -
UtcTime: 2026-04-21 00:53:53.585
ProcessGuid: {a65b9ff6-caa0-69e6-4708-000000001b00}
ProcessId: 26572
Image: C:\Program Files\Common Files\McAfee\MSGSDK\msgrunner.exe
User: NT AUTHORITY\SYSTEM"
"2026-04-21T06:23:48.4686130+05:30","5","Process terminated:
RuleName: -
UtcTime: 2026-04-21 00:53:48.468
ProcessGuid: {a65b9ff6-ca21-69e6-ce06-000000001b00}
ProcessId: 15940
Image: C:\Windows\System32\svchost.exe
User: NT AUTHORITY\SYSTEM"
"2026-04-21T06:23:45.0100564+05:30","5","Process terminated:
RuleName: -
UtcTime: 2026-04-21 00:53:45.009
ProcessGuid: {a65b9ff6-ca98-69e6-4408-000000001b00}
ProcessId: 24468
Image: C:\Program Files\Adobe\Acrobat DC\Acrobat\RDCNotificationClient\FullTrustNotifier.exe
User: LAPTOP-I8K1DAMV\rohin"
"2026-04-21T06:23:44.5542771+05:30","5","Process terminated:
RuleName: -
UtcTime: 2026-04-21 00:53:44.554
ProcessGuid: {a65b9ff6-ca98-69e6-4208-000000001b00}
ProcessId: 17088
Image: C:\Windows\System32\conhost.exe
User: LAPTOP-I8K1DAMV\rohin"
"2026-04-21T06:23:44.5522809+05:30","5","Process terminated:
RuleName: -
UtcTime: 2026-04-21 00:53:44.552
ProcessGuid: {a65b9ff6-ca98-69e6-4108-000000001b00}
ProcessId: 2948
Image: C:\Program Files\Git\cmd\git.exe
User: LAPTOP-I8K1DAMV\rohin"
"2026-04-21T06:23:44.5491031+05:30","5","Process terminated:
RuleName: -
UtcTime: 2026-04-21 00:53:44.548
ProcessGuid: {a65b9ff6-ca98-69e6-4308-000000001b00}
ProcessId: 2472
Image: C:\Program Files\Git\mingw64\bin\git.exe
User: LAPTOP-I8K1DAMV\rohin"
"2026-04-21T06:23:43.8438246+05:30","5","Process terminated:
RuleName: -
UtcTime: 2026-04-21 00:53:43.843
ProcessGuid: {a65b9ff6-ca97-69e6-3d08-000000001b00}
ProcessId: 11376
Image: C:\Windows\System32\conhost.exe
User: LAPTOP-I8K1DAMV\rohin"
"2026-04-21T06:23:43.8416572+05:30","5","Process terminated:
RuleName: -
UtcTime: 2026-04-21 00:53:43.841
ProcessGuid: {a65b9ff6-ca97-69e6-3c08-000000001b00}
ProcessId: 21896
Image: C:\Program Files\Git\cmd\git.exe
User: LAPTOP-I8K1DAMV\rohin"
"2026-04-21T06:23:43.8380500+05:30","5","Process terminated:
RuleName: -
UtcTime: 2026-04-21 00:53:43.837
ProcessGuid: {a65b9ff6-ca97-69e6-4008-000000001b00}
ProcessId: 18652
Image: C:\Program Files\Git\mingw64\bin\git.exe
User: LAPTOP-I8K1DAMV\rohin"
"2026-04-21T06:23:43.8285352+05:30","5","Process terminated:
RuleName: -
UtcTime: 2026-04-21 00:53:43.822
ProcessGuid: {a65b9ff6-ca97-69e6-3b08-000000001b00}
ProcessId: 27404
Image: C:\Windows\System32\conhost.exe
User: LAPTOP-I8K1DAMV\rohin"
"2026-04-21T06:23:43.8265168+05:30","5","Process terminated:
RuleName: -
UtcTime: 2026-04-21 00:53:43.822
ProcessGuid: {a65b9ff6-ca97-69e6-3a08-000000001b00}
ProcessId: 13108
Image: C:\Program Files\Git\cmd\git.exe
User: LAPTOP-I8K1DAMV\rohin"
"2026-04-21T06:23:43.8228540+05:30","5","Process terminated:
RuleName: -
UtcTime: 2026-04-21 00:53:43.822
ProcessGuid: {a65b9ff6-ca97-69e6-3f08-000000001b00}
ProcessId: 22752
Image: C:\Program Files\Git\mingw64\bin\git.exe
User: LAPTOP-I8K1DAMV\rohin"
"2026-04-21T06:23:43.8104324+05:30","5","Process terminated:
RuleName: -
UtcTime: 2026-04-21 00:53:43.810
ProcessGuid: {a65b9ff6-ca97-69e6-3908-000000001b00}
ProcessId: 16048
Image: C:\Windows\System32\conhost.exe
User: LAPTOP-I8K1DAMV\rohin"
"2026-04-21T06:23:43.8075315+05:30","5","Process terminated:
RuleName: -
UtcTime: 2026-04-21 00:53:43.807
ProcessGuid: {a65b9ff6-ca97-69e6-3808-000000001b00}
ProcessId: 13908
Image: C:\Program Files\Git\cmd\git.exe
User: LAPTOP-I8K1DAMV\rohin"
"2026-04-21T06:23:43.8046703+05:30","5","Process terminated:
RuleName: -
UtcTime: 2026-04-21 00:53:43.796
ProcessGuid: {a65b9ff6-ca97-69e6-3e08-000000001b00}
ProcessId: 8520
Image: C:\Program Files\Git\mingw64\bin\git.exe
User: LAPTOP-I8K1DAMV\rohin"
"2026-04-21T06:23:43.1399134+05:30","5","Process terminated:
RuleName: -
UtcTime: 2026-04-21 00:53:43.130
ProcessGuid: {a65b9ff6-ca97-69e6-3608-000000001b00}
ProcessId: 16916
Image: C:\Windows\System32\conhost.exe
User: LAPTOP-I8K1DAMV\rohin"
"2026-04-21T06:23:43.1367735+05:30","5","Process terminated:
RuleName: -
UtcTime: 2026-04-21 00:53:43.130
ProcessGuid: {a65b9ff6-ca97-69e6-3408-000000001b00}
ProcessId: 2900
Image: C:\Program Files\Git\cmd\git.exe
User: LAPTOP-I8K1DAMV\rohin"
"2026-04-21T06:23:43.1319122+05:30","5","Process terminated:
RuleName: -
UtcTime: 2026-04-21 00:53:43.130
ProcessGuid: {a65b9ff6-ca97-69e6-3708-000000001b00}
ProcessId: 13112
Image: C:\Program Files\Git\mingw64\bin\git.exe
User: LAPTOP-I8K1DAMV\rohin"
"2026-04-21T06:23:43.0931403+05:30","5","Process terminated:
RuleName: -
UtcTime: 2026-04-21 00:53:43.086
ProcessGuid: {a65b9ff6-ca96-69e6-3208-000000001b00}
ProcessId: 25184
Image: C:\Windows\System32\conhost.exe
User: LAPTOP-I8K1DAMV\rohin"
"2026-04-21T06:23:43.0904064+05:30","5","Process terminated:
RuleName: -
UtcTime: 2026-04-21 00:53:43.086
ProcessGuid: {a65b9ff6-ca96-69e6-3108-000000001b00}
ProcessId: 14372
Image: C:\Program Files\Git\cmd\git.exe
User: LAPTOP-I8K1DAMV\rohin"
"2026-04-21T06:23:43.0857129+05:30","5","Process terminated:
RuleName: -
UtcTime: 2026-04-21 00:53:43.085
ProcessGuid: {a65b9ff6-ca97-69e6-3508-000000001b00}
ProcessId: 8156
Image: C:\Program Files\Git\mingw64\bin\git.exe
User: LAPTOP-I8K1DAMV\rohin"
"2026-04-21T06:23:43.0855299+05:30","5","Process terminated:
RuleName: -
UtcTime: 2026-04-21 00:53:43.085
ProcessGuid: {a65b9ff6-ca96-69e6-3008-000000001b00}
ProcessId: 16628
Image: C:\Windows\System32\conhost.exe
User: LAPTOP-I8K1DAMV\rohin"
"2026-04-21T06:23:43.0825636+05:30","5","Process terminated:
RuleName: -
UtcTime: 2026-04-21 00:53:43.081
ProcessGuid: {a65b9ff6-ca96-69e6-2f08-000000001b00}
ProcessId: 27420
Image: C:\Program Files\Git\cmd\git.exe
User: LAPTOP-I8K1DAMV\rohin"
"2026-04-21T06:23:43.0776521+05:30","5","Process terminated:
RuleName: -
UtcTime: 2026-04-21 00:53:43.076
ProcessGuid: {a65b9ff6-ca97-69e6-3308-000000001b00}
ProcessId: 15000
Image: C:\Program Files\Git\mingw64\bin\git.exe
User: LAPTOP-I8K1DAMV\rohin"
"2026-04-21T06:23:39.5994019+05:30","5","Process terminated:
RuleName: -
UtcTime: 2026-04-21 00:53:39.598
ProcessGuid: {a65b9ff6-ca93-69e6-2e08-000000001b00}
ProcessId: 12620
Image: C:\Windows\System32\conhost.exe
User: LAPTOP-I8K1DAMV\rohin"
"2026-04-21T06:23:39.5969595+05:30","5","Process terminated:
RuleName: -
UtcTime: 2026-04-21 00:53:39.595
ProcessGuid: {a65b9ff6-ca93-69e6-2d08-000000001b00}
ProcessId: 7968
Image: C:\Users\rohin\AppData\Local\Programs\Microsoft VS Code\560a9dba96\resources\app\node_modules\@vscode\ripgrep\bin\rg.exe
User: LAPTOP-I8K1DAMV\rohin"
"2026-04-21T06:23:39.5294041+05:30","5","Process terminated:
RuleName: -
UtcTime: 2026-04-21 00:53:39.527
ProcessGuid: {a65b9ff6-ca93-69e6-2b08-000000001b00}
ProcessId: 18484
Image: C:\Windows\System32\conhost.exe
User: LAPTOP-I8K1DAMV\rohin"
"2026-04-21T06:23:39.5261056+05:30","5","Process terminated:
RuleName: -
UtcTime: 2026-04-21 00:53:39.525
ProcessGuid: {a65b9ff6-ca93-69e6-2a08-000000001b00}
ProcessId: 27080
Image: C:\Users\rohin\Desktop\BTP\Log-Anamoly-Detection\.venv\Scripts\python.exe
User: LAPTOP-I8K1DAMV\rohin"
"2026-04-21T06:23:39.5212304+05:30","5","Process terminated:
RuleName: -
UtcTime: 2026-04-21 00:53:39.520
ProcessGuid: {a65b9ff6-ca93-69e6-2c08-000000001b00}
ProcessId: 24224
Image: C:\Users\rohin\AppData\Local\Programs\Python\Python314\python.exe
User: LAPTOP-I8K1DAMV\rohin"
"2026-04-21T06:23:39.1258147+05:30","5","Process terminated:
RuleName: -
UtcTime: 2026-04-21 00:53:39.119
ProcessGuid: {a65b9ff6-ca93-69e6-2808-000000001b00}
ProcessId: 23228
Image: C:\Windows\System32\conhost.exe
User: LAPTOP-I8K1DAMV\rohin"
"2026-04-21T06:23:39.1225407+05:30","5","Process terminated:
RuleName: -
UtcTime: 2026-04-21 00:53:39.119
ProcessGuid: {a65b9ff6-ca92-69e6-2708-000000001b00}
ProcessId: 18700
Image: C:\Users\rohin\Desktop\BTP\Log-Anamoly-Detection\.venv\Scripts\python.exe
User: LAPTOP-I8K1DAMV\rohin"
"2026-04-21T06:23:39.1144181+05:30","5","Process terminated:
RuleName: -
UtcTime: 2026-04-21 00:53:39.113
ProcessGuid: {a65b9ff6-ca93-69e6-2908-000000001b00}
ProcessId: 3772
Image: C:\Users\rohin\AppData\Local\Programs\Python\Python314\python.exe
User: LAPTOP-I8K1DAMV\rohin"
"2026-04-21T06:23:38.8754697+05:30","5","Process terminated:
RuleName: -
UtcTime: 2026-04-21 00:53:38.874
ProcessGuid: {a65b9ff6-ca92-69e6-2408-000000001b00}
ProcessId: 9596
Image: C:\Windows\System32\conhost.exe
User: LAPTOP-I8K1DAMV\rohin"
"2026-04-21T06:23:38.8753643+05:30","5","Process terminated:
RuleName: -
UtcTime: 2026-04-21 00:53:38.874
ProcessGuid: {a65b9ff6-ca92-69e6-2308-000000001b00}
ProcessId: 25372
Image: C:\Windows\System32\conhost.exe
User: LAPTOP-I8K1DAMV\rohin"
"2026-04-21T06:23:38.8709867+05:30","5","Process terminated:
RuleName: -
UtcTime: 2026-04-21 00:53:38.858
ProcessGuid: {a65b9ff6-ca92-69e6-2208-000000001b00}
ProcessId: 18008
Image: C:\Users\rohin\Desktop\BTP\Log-Anamoly-Detection\.venv\Scripts\python.exe
User: LAPTOP-I8K1DAMV\rohin"
"2026-04-21T06:23:38.8708807+05:30","5","Process terminated:
RuleName: -
UtcTime: 2026-04-21 00:53:38.858
ProcessGuid: {a65b9ff6-ca92-69e6-2108-000000001b00}
ProcessId: 24444
Image: C:\Users\rohin\Desktop\BTP\Log-Anamoly-Detection\.venv\Scripts\python.exe
User: LAPTOP-I8K1DAMV\rohin"
"2026-04-21T06:23:38.8662783+05:30","5","Process terminated:
RuleName: -
UtcTime: 2026-04-21 00:53:38.858
ProcessGuid: {a65b9ff6-ca92-69e6-2608-000000001b00}
ProcessId: 22940
Image: C:\Users\rohin\AppData\Local\Programs\Python\Python314\python.exe
User: LAPTOP-I8K1DAMV\rohin"
"2026-04-21T06:23:38.8661812+05:30","5","Process terminated:
RuleName: -
UtcTime: 2026-04-21 00:53:38.858
ProcessGuid: {a65b9ff6-ca92-69e6-2508-000000001b00}
ProcessId: 26872
Image: C:\Users\rohin\AppData\Local\Programs\Python\Python314\python.exe
User: LAPTOP-I8K1DAMV\rohin"
"2026-04-21T06:23:38.3764115+05:30","5","Process terminated:
RuleName: -
UtcTime: 2026-04-21 00:53:38.373
ProcessGuid: {a65b9ff6-ca92-69e6-2008-000000001b00}
ProcessId: 12828
Image: C:\Users\rohin\AppData\Local\Programs\Microsoft VS Code\Code.exe
User: LAPTOP-I8K1DAMV\rohin"
"2026-04-21T06:23:38.3710051+05:30","5","Process terminated:
RuleName: -
UtcTime: 2026-04-21 00:53:38.370
ProcessGuid: {a65b9ff6-ca92-69e6-1f08-000000001b00}
ProcessId: 25856
Image: C:\Users\rohin\AppData\Local\Programs\Microsoft VS Code\Code.exe
User: LAPTOP-I8K1DAMV\rohin"
"2026-04-21T06:23:38.1820961+05:30","5","Process terminated:
RuleName: -
UtcTime: 2026-04-21 00:53:38.176
ProcessGuid: {a65b9ff6-ca92-69e6-1d08-000000001b00}
ProcessId: 3408
Image: C:\Windows\System32\conhost.exe
User: LAPTOP-I8K1DAMV\rohin"
"2026-04-21T06:23:38.1791444+05:30","5","Process terminated:
RuleName: -
UtcTime: 2026-04-21 00:53:38.176
ProcessGuid: {a65b9ff6-ca92-69e6-1c08-000000001b00}
ProcessId: 2472
Image: C:\Users\rohin\Desktop\BTP\Log-Anamoly-Detection\.venv\Scripts\python.exe
User: LAPTOP-I8K1DAMV\rohin"
"2026-04-21T06:23:38.1743747+05:30","5","Process terminated:
RuleName: -
UtcTime: 2026-04-21 00:53:38.168
ProcessGuid: {a65b9ff6-ca92-69e6-1e08-000000001b00}
ProcessId: 17636
Image: C:\Users\rohin\AppData\Local\Programs\Python\Python314\python.exe
User: LAPTOP-I8K1DAMV\rohin"
"2026-04-21T06:23:38.0198454+05:30","5","Process terminated:
RuleName: -
UtcTime: 2026-04-21 00:53:38.019
ProcessGuid: {a65b9ff6-ca91-69e6-1a08-000000001b00}
ProcessId: 20704
Image: C:\Windows\System32\conhost.exe
User: LAPTOP-I8K1DAMV\rohin"
"2026-04-21T06:23:38.0162247+05:30","5","Process terminated:
RuleName: -
UtcTime: 2026-04-21 00:53:38.015
ProcessGuid: {a65b9ff6-ca91-69e6-1808-000000001b00}
ProcessId: 10344
Image: C:\Users\rohin\Desktop\BTP\Log-Anamoly-Detection\.venv\Scripts\python.exe
User: LAPTOP-I8K1DAMV\rohin"
"2026-04-21T06:23:38.0105838+05:30","5","Process terminated:
RuleName: -
UtcTime: 2026-04-21 00:53:38.009
ProcessGuid: {a65b9ff6-ca91-69e6-1b08-000000001b00}
ProcessId: 12320
Image: C:\Users\rohin\AppData\Local\Programs\Python\Python314\python.exe
User: LAPTOP-I8K1DAMV\rohin"
"2026-04-21T06:23:37.9868513+05:30","5","Process terminated:
RuleName: -
UtcTime: 2026-04-21 00:53:37.986
ProcessGuid: {a65b9ff6-ca91-69e6-1708-000000001b00}
ProcessId: 7396
Image: C:\Windows\System32\conhost.exe
User: LAPTOP-I8K1DAMV\rohin"
"2026-04-21T06:23:37.9819102+05:30","5","Process terminated:
RuleName: -
UtcTime: 2026-04-21 00:53:37.981
ProcessGuid: {a65b9ff6-ca91-69e6-1608-000000001b00}
ProcessId: 9728
Image: C:\Users\rohin\Desktop\BTP\Log-Anamoly-Detection\.venv\Scripts\python.exe
User: LAPTOP-I8K1DAMV\rohin"
"2026-04-21T06:23:37.9748673+05:30","5","Process terminated:
RuleName: -
UtcTime: 2026-04-21 00:53:37.974
ProcessGuid: {a65b9ff6-ca91-69e6-1908-000000001b00}
ProcessId: 26528
Image: C:\Users\rohin\AppData\Local\Programs\Python\Python314\python.exe
User: LAPTOP-I8K1DAMV\rohin"
"2026-04-21T06:23:36.3485623+05:30","5","Process terminated:
RuleName: -
UtcTime: 2026-04-21 00:53:36.347
ProcessGuid: {a65b9ff6-ca90-69e6-1508-000000001b00}
ProcessId: 26456
Image: C:\Users\rohin\AppData\Local\Programs\Microsoft VS Code\Code.exe
User: LAPTOP-I8K1DAMV\rohin"
"2026-04-21T06:23:36.3230644+05:30","5","Process terminated:
RuleName: -
UtcTime: 2026-04-21 00:53:36.322
ProcessGuid: {a65b9ff6-ca90-69e6-1308-000000001b00}
ProcessId: 6992
Image: C:\Windows\System32\conhost.exe
User: LAPTOP-I8K1DAMV\rohin"
"2026-04-21T06:23:36.3194402+05:30","5","Process terminated:
RuleName: -
UtcTime: 2026-04-21 00:53:36.318
ProcessGuid: {a65b9ff6-ca90-69e6-1208-000000001b00}
ProcessId: 11744
Image: C:\Program Files\Git\cmd\git.exe
User: LAPTOP-I8K1DAMV\rohin"
"2026-04-21T06:23:36.3140824+05:30","5","Process terminated:
RuleName: -
UtcTime: 2026-04-21 00:53:36.313
ProcessGuid: {a65b9ff6-ca90-69e6-1408-000000001b00}
ProcessId: 26628
Image: C:\Program Files\Git\mingw64\bin\git.exe
User: LAPTOP-I8K1DAMV\rohin"
"2026-04-21T06:23:36.1510028+05:30","5","Process terminated:
RuleName: -
UtcTime: 2026-04-21 00:53:36.150
ProcessGuid: {a65b9ff6-ca8f-69e6-1008-000000001b00}
ProcessId: 17992
Image: C:\Windows\System32\conhost.exe
User: LAPTOP-I8K1DAMV\rohin"
"2026-04-21T06:23:36.1467533+05:30","5","Process terminated:
RuleName: -
UtcTime: 2026-04-21 00:53:36.146
ProcessGuid: {a65b9ff6-ca8f-69e6-0f08-000000001b00}
ProcessId: 20152
Image: C:\Program Files\Git\cmd\git.exe
User: LAPTOP-I8K1DAMV\rohin"
"2026-04-21T06:23:36.1407999+05:30","5","Process terminated:
RuleName: -
UtcTime: 2026-04-21 00:53:36.139
ProcessGuid: {a65b9ff6-ca90-69e6-1108-000000001b00}
ProcessId: 21356
Image: C:\Program Files\Git\mingw64\bin\git.exe
User: LAPTOP-I8K1DAMV\rohin"
"2026-04-21T06:23:35.9480440+05:30","5","Process terminated:
RuleName: -
UtcTime: 2026-04-21 00:53:35.947
ProcessGuid: {a65b9ff6-ca8f-69e6-0c08-000000001b00}
ProcessId: 19204
Image: C:\Windows\System32\conhost.exe
User: LAPTOP-I8K1DAMV\rohin"
"2026-04-21T06:23:35.9408864+05:30","5","Process terminated:
RuleName: -
UtcTime: 2026-04-21 00:53:35.939
ProcessGuid: {a65b9ff6-ca8f-69e6-0a08-000000001b00}
ProcessId: 18168
Image: C:\Program Files\Git\cmd\git.exe
User: LAPTOP-I8K1DAMV\rohin"
"2026-04-21T06:23:35.9334838+05:30","5","Process terminated:
RuleName: -
UtcTime: 2026-04-21 00:53:35.930
ProcessGuid: {a65b9ff6-ca8f-69e6-0e08-000000001b00}
ProcessId: 21620
Image: C:\Program Files\Git\mingw64\bin\git.exe
User: LAPTOP-I8K1DAMV\rohin"
"2026-04-21T06:23:35.8620095+05:30","5","Process terminated:
RuleName: -
UtcTime: 2026-04-21 00:53:35.861
ProcessGuid: {a65b9ff6-ca8f-69e6-0d08-000000001b00}
ProcessId: 11772
Image: C:\Windows\System32\chcp.com
User: LAPTOP-I8K1DAMV\rohin"
"2026-04-21T06:23:35.8035232+05:30","5","Process terminated:
RuleName: -
UtcTime: 2026-04-21 00:53:35.803
ProcessGuid: {a65b9ff6-ca8f-69e6-0b08-000000001b00}
ProcessId: 18932
Image: C:\Windows\System32\chcp.com
User: LAPTOP-I8K1DAMV\rohin"
"2026-04-21T06:23:35.7729906+05:30","5","Process terminated:
RuleName: -
UtcTime: 2026-04-21 00:53:35.771
ProcessGuid: {a65b9ff6-ca8f-69e6-0808-000000001b00}
ProcessId: 25944
Image: C:\Windows\System32\cmd.exe
User: LAPTOP-I8K1DAMV\rohin"
"2026-04-21T06:23:35.7660748+05:30","5","Process terminated:
RuleName: -
UtcTime: 2026-04-21 00:53:35.765
ProcessGuid: {a65b9ff6-ca8f-69e6-0908-000000001b00}
ProcessId: 10068
Image: C:\Windows\System32\chcp.com
User: LAPTOP-I8K1DAMV\rohin"
"2026-04-21T06:23:35.7579333+05:30","5","Process terminated:
RuleName: -
UtcTime: 2026-04-21 00:53:35.756
ProcessGuid: {a65b9ff6-ca8f-69e6-0608-000000001b00}
ProcessId: 10684
Image: C:\Windows\System32\conhost.exe
User: LAPTOP-I8K1DAMV\rohin"
"2026-04-21T06:23:35.7536061+05:30","5","Process terminated:
RuleName: -
UtcTime: 2026-04-21 00:53:35.752
ProcessGuid: {a65b9ff6-ca8f-69e6-0508-000000001b00}
ProcessId: 25520
Image: C:\Program Files\Git\cmd\git.exe
User: LAPTOP-I8K1DAMV\rohin"
"2026-04-21T06:23:35.7475228+05:30","5","Process terminated:
RuleName: -
UtcTime: 2026-04-21 00:53:35.746
ProcessGuid: {a65b9ff6-ca8f-69e6-0708-000000001b00}
ProcessId: 16108
Image: C:\Program Files\Git\mingw64\bin\git.exe
User: LAPTOP-I8K1DAMV\rohin"
"2026-04-21T06:23:35.5808322+05:30","5","Process terminated:
RuleName: -
UtcTime: 2026-04-21 00:53:35.580
ProcessGuid: {a65b9ff6-ca8f-69e6-0308-000000001b00}
ProcessId: 21316
Image: C:\Windows\System32\conhost.exe
User: LAPTOP-I8K1DAMV\rohin"
"2026-04-21T06:23:35.5782626+05:30","5","Process terminated:
RuleName: -
UtcTime: 2026-04-21 00:53:35.578
ProcessGuid: {a65b9ff6-ca8f-69e6-0208-000000001b00}
ProcessId: 25892
Image: C:\Program Files\Git\cmd\git.exe
User: LAPTOP-I8K1DAMV\rohin"
"2026-04-21T06:23:35.5738549+05:30","5","Process terminated:
RuleName: -
UtcTime: 2026-04-21 00:53:35.573
ProcessGuid: {a65b9ff6-ca8f-69e6-0408-000000001b00}
ProcessId: 18708
Image: C:\Program Files\Git\mingw64\bin\git.exe
User: LAPTOP-I8K1DAMV\rohin"
"2026-04-21T06:23:35.4738283+05:30","5","Process terminated:
RuleName: -
UtcTime: 2026-04-21 00:53:35.473
ProcessGuid: {a65b9ff6-ca8f-69e6-0008-000000001b00}
ProcessId: 9616
Image: C:\Windows\System32\conhost.exe
User: LAPTOP-I8K1DAMV\rohin"
"2026-04-21T06:23:35.4704986+05:30","5","Process terminated:
RuleName: -
UtcTime: 2026-04-21 00:53:35.469
ProcessGuid: {a65b9ff6-ca8f-69e6-ff07-000000001b00}
ProcessId: 2452
Image: C:\Program Files\Git\cmd\git.exe
User: LAPTOP-I8K1DAMV\rohin"
"2026-04-21T06:23:35.4662132+05:30","5","Process terminated:
RuleName: -
UtcTime: 2026-04-21 00:53:35.465
ProcessGuid: {a65b9ff6-ca8f-69e6-0108-000000001b00}
ProcessId: 26816
Image: C:\Program Files\Git\mingw64\bin\git.exe
User: LAPTOP-I8K1DAMV\rohin"
"2026-04-21T06:23:35.3064216+05:30","5","Process terminated:
RuleName: -
UtcTime: 2026-04-21 00:53:35.305
ProcessGuid: {a65b9ff6-ca8f-69e6-fc07-000000001b00}
ProcessId: 16780
Image: C:\Windows\System32\conhost.exe
User: LAPTOP-I8K1DAMV\rohin"
"2026-04-21T06:23:35.3032045+05:30","5","Process terminated:
RuleName: -
UtcTime: 2026-04-21 00:53:35.302
ProcessGuid: {a65b9ff6-ca8f-69e6-fb07-000000001b00}
ProcessId: 18508
Image: C:\Program Files\Git\cmd\git.exe
User: LAPTOP-I8K1DAMV\rohin"
"2026-04-21T06:23:35.2979358+05:30","5","Process terminated:
RuleName: -
UtcTime: 2026-04-21 00:53:35.297
ProcessGuid: {a65b9ff6-ca8f-69e6-fd07-000000001b00}
ProcessId: 10508
Image: C:\Program Files\Git\mingw64\bin\git.exe
User: LAPTOP-I8K1DAMV\rohin"
"2026-04-21T06:23:35.1715662+05:30","5","Process terminated:
RuleName: -
UtcTime: 2026-04-21 00:53:35.170
ProcessGuid: {a65b9ff6-ca8f-69e6-f907-000000001b00}
ProcessId: 21336
Image: C:\Windows\System32\conhost.exe
User: LAPTOP-I8K1DAMV\rohin"
"2026-04-21T06:23:35.1691342+05:30","5","Process terminated:
RuleName: -
UtcTime: 2026-04-21 00:53:35.168
ProcessGuid: {a65b9ff6-ca8f-69e6-f807-000000001b00}
ProcessId: 7868
Image: C:\Program Files\Git\cmd\git.exe
User: LAPTOP-I8K1DAMV\rohin"
"2026-04-21T06:23:35.1640129+05:30","5","Process terminated:
RuleName: -
UtcTime: 2026-04-21 00:53:35.163
ProcessGuid: {a65b9ff6-ca8f-69e6-fa07-000000001b00}
ProcessId: 7252
Image: C:\Program Files\Git\mingw64\bin\git.exe
User: LAPTOP-I8K1DAMV\rohin"
"2026-04-21T06:23:35.0674161+05:30","5","Process terminated:
RuleName: -
UtcTime: 2026-04-21 00:53:35.066
ProcessGuid: {a65b9ff6-ca8e-69e6-f607-000000001b00}
ProcessId: 26372
Image: C:\Windows\System32\conhost.exe
User: LAPTOP-I8K1DAMV\rohin"
"2026-04-21T06:23:35.0649864+05:30","5","Process terminated:
RuleName: -
UtcTime: 2026-04-21 00:53:35.064
ProcessGuid: {a65b9ff6-ca8e-69e6-f507-000000001b00}
ProcessId: 18712
Image: C:\Program Files\Git\cmd\git.exe
User: LAPTOP-I8K1DAMV\rohin"
"2026-04-21T06:23:35.0612041+05:30","5","Process terminated:
RuleName: -
UtcTime: 2026-04-21 00:53:35.060
ProcessGuid: {a65b9ff6-ca8f-69e6-f707-000000001b00}
ProcessId: 23228
Image: C:\Program Files\Git\mingw64\bin\git.exe
User: LAPTOP-I8K1DAMV\rohin"
"2026-04-21T06:23:34.9662651+05:30","5","Process terminated:
RuleName: -
UtcTime: 2026-04-21 00:53:34.965
ProcessGuid: {a65b9ff6-ca8e-69e6-f307-000000001b00}
ProcessId: 21248
Image: C:\Windows\System32\conhost.exe
User: LAPTOP-I8K1DAMV\rohin"
"2026-04-21T06:23:34.9626965+05:30","5","Process terminated:
RuleName: -
UtcTime: 2026-04-21 00:53:34.962
ProcessGuid: {a65b9ff6-ca8e-69e6-f207-000000001b00}
ProcessId: 15104
Image: C:\Program Files\Git\cmd\git.exe
User: LAPTOP-I8K1DAMV\rohin"
"2026-04-21T06:23:34.9577786+05:30","5","Process terminated:
RuleName: -
UtcTime: 2026-04-21 00:53:34.957
ProcessGuid: {a65b9ff6-ca8e-69e6-f407-000000001b00}
ProcessId: 25552
Image: C:\Program Files\Git\mingw64\bin\git.exe
User: LAPTOP-I8K1DAMV\rohin"
"2026-04-21T06:23:34.8362343+05:30","5","Process terminated:
RuleName: -
UtcTime: 2026-04-21 00:53:34.835
ProcessGuid: {a65b9ff6-ca8e-69e6-ee07-000000001b00}
ProcessId: 4552
Image: C:\Windows\System32\conhost.exe
User: LAPTOP-I8K1DAMV\rohin"
"2026-04-21T06:23:34.8337244+05:30","5","Process terminated:
RuleName: -
UtcTime: 2026-04-21 00:53:34.832
ProcessGuid: {a65b9ff6-ca8e-69e6-ed07-000000001b00}
ProcessId: 25740
Image: C:\Program Files\Git\cmd\git.exe
User: LAPTOP-I8K1DAMV\rohin"
"2026-04-21T06:23:34.8292803+05:30","5","Process terminated:
RuleName: -
UtcTime: 2026-04-21 00:53:34.828
ProcessGuid: {a65b9ff6-ca8e-69e6-f107-000000001b00}
ProcessId: 21360
Image: C:\Program Files\Git\mingw64\bin\git.exe
User: LAPTOP-I8K1DAMV\rohin"
"2026-04-21T06:23:34.6061919+05:30","5","Process terminated:
RuleName: -
UtcTime: 2026-04-21 00:53:34.605
ProcessGuid: {a65b9ff6-ca8e-69e6-ea07-000000001b00}
ProcessId: 18212
Image: C:\Windows\System32\conhost.exe
User: LAPTOP-I8K1DAMV\rohin"
"2026-04-21T06:23:34.6041969+05:30","5","Process terminated:
RuleName: -
UtcTime: 2026-04-21 00:53:34.603
ProcessGuid: {a65b9ff6-ca8e-69e6-e907-000000001b00}
ProcessId: 2888
Image: C:\Program Files\Git\cmd\git.exe
User: LAPTOP-I8K1DAMV\rohin"
"2026-04-21T06:23:34.6003327+05:30","5","Process terminated:
RuleName: -
UtcTime: 2026-04-21 00:53:34.599
ProcessGuid: {a65b9ff6-ca8e-69e6-eb07-000000001b00}
ProcessId: 22012
Image: C:\Program Files\Git\mingw64\bin\git.exe
User: LAPTOP-I8K1DAMV\rohin"
"2026-04-21T06:23:34.2154382+05:30","5","Process terminated:
RuleName: -
UtcTime: 2026-04-21 00:53:34.214
ProcessGuid: {a65b9ff6-ca8e-69e6-e507-000000001b00}
ProcessId: 5960
Image: C:\Windows\System32\conhost.exe
User: LAPTOP-I8K1DAMV\rohin"
"2026-04-21T06:23:34.2082915+05:30","5","Process terminated:
RuleName: -
UtcTime: 2026-04-21 00:53:34.207
ProcessGuid: {a65b9ff6-ca8e-69e6-e407-000000001b00}
ProcessId: 13284
Image: C:\Program Files\Git\cmd\git.exe
User: LAPTOP-I8K1DAMV\rohin"
"2026-04-21T06:23:34.1984307+05:30","5","Process terminated:
RuleName: -
UtcTime: 2026-04-21 00:53:34.197
ProcessGuid: {a65b9ff6-ca8e-69e6-e807-000000001b00}
ProcessId: 8300
Image: C:\Program Files\Git\mingw64\bin\git.exe
User: LAPTOP-I8K1DAMV\rohin"
"2026-04-21T06:23:34.1695246+05:30","5","Process terminated:
RuleName: -
UtcTime: 2026-04-21 00:53:34.169
ProcessGuid: {a65b9ff6-ca8e-69e6-e707-000000001b00}
ProcessId: 14552
Image: C:\Windows\System32\conhost.exe
User: LAPTOP-I8K1DAMV\rohin"
"2026-04-21T06:23:34.1656168+05:30","5","Process terminated:
RuleName: -
UtcTime: 2026-04-21 00:53:34.165
ProcessGuid: {a65b9ff6-ca8e-69e6-e607-000000001b00}
ProcessId: 2112
Image: C:\Users\rohin\AppData\Local\Programs\Microsoft VS Code\560a9dba96\resources\app\node_modules\@vscode\ripgrep\bin\rg.exe
User: LAPTOP-I8K1DAMV\rohin"
"2026-04-21T06:23:33.5856499+05:30","5","Process terminated:
RuleName: -
UtcTime: 2026-04-21 00:53:33.584
ProcessGuid: {a65b9ff6-ca8d-69e6-e207-000000001b00}
ProcessId: 5348
Image: C:\Windows\System32\conhost.exe
User: LAPTOP-I8K1DAMV\rohin"
"2026-04-21T06:23:33.5815541+05:30","5","Process terminated:
RuleName: -
UtcTime: 2026-04-21 00:53:33.571
ProcessGuid: {a65b9ff6-ca8d-69e6-e107-000000001b00}
ProcessId: 5284
Image: C:\Program Files\Git\cmd\git.exe
User: LAPTOP-I8K1DAMV\rohin"
