"TimeCreated","EventID","Message"
"2026-04-21T14:13:58.4770793+05:30","5","Process terminated:
RuleName: -
UtcTime: 2026-04-21 08:43:58.476
ProcessGuid: {a65b9ff6-38b5-69e7-0a13-000000001b00}
ProcessId: 31032
Image: D:\BTP\Log-Anamoly-Detection\.venv\Scripts\python.exe
User: LAPTOP-I8K1DAMV\rohin"
"2026-04-21T14:13:58.4633367+05:30","5","Process terminated:
RuleName: -
UtcTime: 2026-04-21 08:43:58.462
ProcessGuid: {a65b9ff6-38b5-69e7-0b13-000000001b00}
ProcessId: 31324
Image: C:\Users\rohin\AppData\Local\Programs\Python\Python314\python.exe
User: LAPTOP-I8K1DAMV\rohin"
"2026-04-21T14:13:58.4128736+05:30","11","File created:
RuleName: -
UtcTime: 2026-04-21 08:43:58.412
ProcessGuid: {a65b9ff6-38b5-69e7-0b13-000000001b00}
ProcessId: 31324
Image: C:\Users\rohin\AppData\Local\Programs\Python\Python314\python.exe
TargetFilename: D:\BTP\Log-Anamoly-Detection\attack_files\attack_file_029.txt
CreationUtcTime: 2026-04-20 23:20:30.906
User: LAPTOP-I8K1DAMV\rohin"
"2026-04-21T14:13:58.3810146+05:30","11","File created:
RuleName: -
UtcTime: 2026-04-21 08:43:58.380
ProcessGuid: {a65b9ff6-38b5-69e7-0b13-000000001b00}
ProcessId: 31324
Image: C:\Users\rohin\AppData\Local\Programs\Python\Python314\python.exe
TargetFilename: D:\BTP\Log-Anamoly-Detection\attack_files\attack_file_028.txt
CreationUtcTime: 2026-04-20 23:20:30.897
User: LAPTOP-I8K1DAMV\rohin"
"2026-04-21T14:13:58.3482786+05:30","11","File created:
RuleName: -
UtcTime: 2026-04-21 08:43:58.348
ProcessGuid: {a65b9ff6-38b5-69e7-0b13-000000001b00}
ProcessId: 31324
Image: C:\Users\rohin\AppData\Local\Programs\Python\Python314\python.exe
TargetFilename: D:\BTP\Log-Anamoly-Detection\attack_files\attack_file_027.txt
CreationUtcTime: 2026-04-20 23:20:30.896
User: LAPTOP-I8K1DAMV\rohin"
"2026-04-21T14:13:58.3170946+05:30","11","File created:
RuleName: -
UtcTime: 2026-04-21 08:43:58.316
ProcessGuid: {a65b9ff6-38b5-69e7-0b13-000000001b00}
ProcessId: 31324
Image: C:\Users\rohin\AppData\Local\Programs\Python\Python314\python.exe
TargetFilename: D:\BTP\Log-Anamoly-Detection\attack_files\attack_file_026.txt
CreationUtcTime: 2026-04-20 23:20:30.890
User: LAPTOP-I8K1DAMV\rohin"
"2026-04-21T14:13:58.2853721+05:30","11","File created:
RuleName: -
UtcTime: 2026-04-21 08:43:58.284
ProcessGuid: {a65b9ff6-38b5-69e7-0b13-000000001b00}
ProcessId: 31324
Image: C:\Users\rohin\AppData\Local\Programs\Python\Python314\python.exe
TargetFilename: D:\BTP\Log-Anamoly-Detection\attack_files\attack_file_025.txt
CreationUtcTime: 2026-04-20 23:20:30.883
User: LAPTOP-I8K1DAMV\rohin"
"2026-04-21T14:13:58.2537738+05:30","11","File created:
RuleName: -
UtcTime: 2026-04-21 08:43:58.252
ProcessGuid: {a65b9ff6-38b5-69e7-0b13-000000001b00}
ProcessId: 31324
Image: C:\Users\rohin\AppData\Local\Programs\Python\Python314\python.exe
TargetFilename: D:\BTP\Log-Anamoly-Detection\attack_files\attack_file_024.txt
CreationUtcTime: 2026-04-20 23:20:30.879
User: LAPTOP-I8K1DAMV\rohin"
"2026-04-21T14:13:58.2224089+05:30","11","File created:
RuleName: -
UtcTime: 2026-04-21 08:43:58.222
ProcessGuid: {a65b9ff6-38b5-69e7-0b13-000000001b00}
ProcessId: 31324
Image: C:\Users\rohin\AppData\Local\Programs\Python\Python314\python.exe
TargetFilename: D:\BTP\Log-Anamoly-Detection\attack_files\attack_file_023.txt
CreationUtcTime: 2026-04-20 23:20:30.873
User: LAPTOP-I8K1DAMV\rohin"
"2026-04-21T14:13:58.1908532+05:30","11","File created:
RuleName: -
UtcTime: 2026-04-21 08:43:58.190
ProcessGuid: {a65b9ff6-38b5-69e7-0b13-000000001b00}
ProcessId: 31324
Image: C:\Users\rohin\AppData\Local\Programs\Python\Python314\python.exe
TargetFilename: D:\BTP\Log-Anamoly-Detection\attack_files\attack_file_022.txt
CreationUtcTime: 2026-04-20 23:20:30.868
User: LAPTOP-I8K1DAMV\rohin"
"2026-04-21T14:13:58.1591403+05:30","11","File created:
RuleName: -
UtcTime: 2026-04-21 08:43:58.158
ProcessGuid: {a65b9ff6-38b5-69e7-0b13-000000001b00}
ProcessId: 31324
Image: C:\Users\rohin\AppData\Local\Programs\Python\Python314\python.exe
TargetFilename: D:\BTP\Log-Anamoly-Detection\attack_files\attack_file_021.txt
CreationUtcTime: 2026-04-20 23:20:30.865
User: LAPTOP-I8K1DAMV\rohin"
"2026-04-21T14:13:58.1275073+05:30","11","File created:
RuleName: -
UtcTime: 2026-04-21 08:43:58.126
ProcessGuid: {a65b9ff6-38b5-69e7-0b13-000000001b00}
ProcessId: 31324
Image: C:\Users\rohin\AppData\Local\Programs\Python\Python314\python.exe
TargetFilename: D:\BTP\Log-Anamoly-Detection\attack_files\attack_file_020.txt
CreationUtcTime: 2026-04-20 23:20:30.859
User: LAPTOP-I8K1DAMV\rohin"
"2026-04-21T14:13:58.0957816+05:30","11","File created:
RuleName: -
UtcTime: 2026-04-21 08:43:58.095
ProcessGuid: {a65b9ff6-38b5-69e7-0b13-000000001b00}
ProcessId: 31324
Image: C:\Users\rohin\AppData\Local\Programs\Python\Python314\python.exe
TargetFilename: D:\BTP\Log-Anamoly-Detection\attack_files\attack_file_019.txt
CreationUtcTime: 2026-04-20 23:20:30.853
User: LAPTOP-I8K1DAMV\rohin"
"2026-04-21T14:13:58.0645920+05:30","11","File created:
RuleName: -
UtcTime: 2026-04-21 08:43:58.063
ProcessGuid: {a65b9ff6-38b5-69e7-0b13-000000001b00}
ProcessId: 31324
Image: C:\Users\rohin\AppData\Local\Programs\Python\Python314\python.exe
TargetFilename: D:\BTP\Log-Anamoly-Detection\attack_files\attack_file_018.txt
CreationUtcTime: 2026-04-20 23:20:30.849
User: LAPTOP-I8K1DAMV\rohin"
"2026-04-21T14:13:58.0322850+05:30","11","File created:
RuleName: -
UtcTime: 2026-04-21 08:43:58.031
ProcessGuid: {a65b9ff6-38b5-69e7-0b13-000000001b00}
ProcessId: 31324
Image: C:\Users\rohin\AppData\Local\Programs\Python\Python314\python.exe
TargetFilename: D:\BTP\Log-Anamoly-Detection\attack_files\attack_file_017.txt
CreationUtcTime: 2026-04-20 23:20:30.844
User: LAPTOP-I8K1DAMV\rohin"
"2026-04-21T14:13:58.0003446+05:30","11","File created:
RuleName: -
UtcTime: 2026-04-21 08:43:57.999
ProcessGuid: {a65b9ff6-38b5-69e7-0b13-000000001b00}
ProcessId: 31324
Image: C:\Users\rohin\AppData\Local\Programs\Python\Python314\python.exe
TargetFilename: D:\BTP\Log-Anamoly-Detection\attack_files\attack_file_016.txt
CreationUtcTime: 2026-04-20 23:20:30.840
User: LAPTOP-I8K1DAMV\rohin"
"2026-04-21T14:13:57.9688146+05:30","11","File created:
RuleName: -
UtcTime: 2026-04-21 08:43:57.967
ProcessGuid: {a65b9ff6-38b5-69e7-0b13-000000001b00}
ProcessId: 31324
Image: C:\Users\rohin\AppData\Local\Programs\Python\Python314\python.exe
TargetFilename: D:\BTP\Log-Anamoly-Detection\attack_files\attack_file_015.txt
CreationUtcTime: 2026-04-20 23:20:30.834
User: LAPTOP-I8K1DAMV\rohin"
"2026-04-21T14:13:57.9374232+05:30","11","File created:
RuleName: -
UtcTime: 2026-04-21 08:43:57.936
ProcessGuid: {a65b9ff6-38b5-69e7-0b13-000000001b00}
ProcessId: 31324
Image: C:\Users\rohin\AppData\Local\Programs\Python\Python314\python.exe
TargetFilename: D:\BTP\Log-Anamoly-Detection\attack_files\attack_file_014.txt
CreationUtcTime: 2026-04-20 23:20:30.827
User: LAPTOP-I8K1DAMV\rohin"
"2026-04-21T14:13:57.9063371+05:30","11","File created:
RuleName: -
UtcTime: 2026-04-21 08:43:57.905
ProcessGuid: {a65b9ff6-38b5-69e7-0b13-000000001b00}
ProcessId: 31324
Image: C:\Users\rohin\AppData\Local\Programs\Python\Python314\python.exe
TargetFilename: D:\BTP\Log-Anamoly-Detection\attack_files\attack_file_013.txt
CreationUtcTime: 2026-04-20 23:20:30.818
User: LAPTOP-I8K1DAMV\rohin"
"2026-04-21T14:13:57.8750466+05:30","11","File created:
RuleName: -
UtcTime: 2026-04-21 08:43:57.874
ProcessGuid: {a65b9ff6-38b5-69e7-0b13-000000001b00}
ProcessId: 31324
Image: C:\Users\rohin\AppData\Local\Programs\Python\Python314\python.exe
TargetFilename: D:\BTP\Log-Anamoly-Detection\attack_files\attack_file_012.txt
CreationUtcTime: 2026-04-20 23:20:30.802
User: LAPTOP-I8K1DAMV\rohin"
"2026-04-21T14:13:57.8428309+05:30","11","File created:
RuleName: -
UtcTime: 2026-04-21 08:43:57.842
ProcessGuid: {a65b9ff6-38b5-69e7-0b13-000000001b00}
ProcessId: 31324
Image: C:\Users\rohin\AppData\Local\Programs\Python\Python314\python.exe
TargetFilename: D:\BTP\Log-Anamoly-Detection\attack_files\attack_file_011.txt
CreationUtcTime: 2026-04-20 23:20:30.802
User: LAPTOP-I8K1DAMV\rohin"
"2026-04-21T14:13:57.8104733+05:30","11","File created:
RuleName: -
UtcTime: 2026-04-21 08:43:57.809
ProcessGuid: {a65b9ff6-38b5-69e7-0b13-000000001b00}
ProcessId: 31324
Image: C:\Users\rohin\AppData\Local\Programs\Python\Python314\python.exe
TargetFilename: D:\BTP\Log-Anamoly-Detection\attack_files\attack_file_010.txt
CreationUtcTime: 2026-04-20 23:20:30.802
User: LAPTOP-I8K1DAMV\rohin"
"2026-04-21T14:13:57.7789701+05:30","11","File created:
RuleName: -
UtcTime: 2026-04-21 08:43:57.778
ProcessGuid: {a65b9ff6-38b5-69e7-0b13-000000001b00}
ProcessId: 31324
Image: C:\Users\rohin\AppData\Local\Programs\Python\Python314\python.exe
TargetFilename: D:\BTP\Log-Anamoly-Detection\attack_files\attack_file_009.txt
CreationUtcTime: 2026-04-20 23:20:30.802
User: LAPTOP-I8K1DAMV\rohin"
"2026-04-21T14:13:57.7477329+05:30","11","File created:
RuleName: -
UtcTime: 2026-04-21 08:43:57.746
ProcessGuid: {a65b9ff6-38b5-69e7-0b13-000000001b00}
ProcessId: 31324
Image: C:\Users\rohin\AppData\Local\Programs\Python\Python314\python.exe
TargetFilename: D:\BTP\Log-Anamoly-Detection\attack_files\attack_file_008.txt
CreationUtcTime: 2026-04-20 23:20:30.786
User: LAPTOP-I8K1DAMV\rohin"
"2026-04-21T14:13:57.7164051+05:30","11","File created:
RuleName: -
UtcTime: 2026-04-21 08:43:57.715
ProcessGuid: {a65b9ff6-38b5-69e7-0b13-000000001b00}
ProcessId: 31324
Image: C:\Users\rohin\AppData\Local\Programs\Python\Python314\python.exe
TargetFilename: D:\BTP\Log-Anamoly-Detection\attack_files\attack_file_007.txt
CreationUtcTime: 2026-04-20 23:20:30.786
User: LAPTOP-I8K1DAMV\rohin"
"2026-04-21T14:13:57.6853568+05:30","11","File created:
RuleName: -
UtcTime: 2026-04-21 08:43:57.684
ProcessGuid: {a65b9ff6-38b5-69e7-0b13-000000001b00}
ProcessId: 31324
Image: C:\Users\rohin\AppData\Local\Programs\Python\Python314\python.exe
TargetFilename: D:\BTP\Log-Anamoly-Detection\attack_files\attack_file_006.txt
CreationUtcTime: 2026-04-20 23:20:30.786
User: LAPTOP-I8K1DAMV\rohin"
"2026-04-21T14:13:57.6539789+05:30","11","File created:
RuleName: -
UtcTime: 2026-04-21 08:43:57.653
ProcessGuid: {a65b9ff6-38b5-69e7-0b13-000000001b00}
ProcessId: 31324
Image: C:\Users\rohin\AppData\Local\Programs\Python\Python314\python.exe
TargetFilename: D:\BTP\Log-Anamoly-Detection\attack_files\attack_file_005.txt
CreationUtcTime: 2026-04-20 23:20:30.782
User: LAPTOP-I8K1DAMV\rohin"
"2026-04-21T14:13:57.6225698+05:30","11","File created:
RuleName: -
UtcTime: 2026-04-21 08:43:57.621
ProcessGuid: {a65b9ff6-38b5-69e7-0b13-000000001b00}
ProcessId: 31324
Image: C:\Users\rohin\AppData\Local\Programs\Python\Python314\python.exe
TargetFilename: D:\BTP\Log-Anamoly-Detection\attack_files\attack_file_004.txt
CreationUtcTime: 2026-04-20 23:20:30.778
User: LAPTOP-I8K1DAMV\rohin"
"2026-04-21T14:13:57.5910748+05:30","11","File created:
RuleName: -
UtcTime: 2026-04-21 08:43:57.590
ProcessGuid: {a65b9ff6-38b5-69e7-0b13-000000001b00}
ProcessId: 31324
Image: C:\Users\rohin\AppData\Local\Programs\Python\Python314\python.exe
TargetFilename: D:\BTP\Log-Anamoly-Detection\attack_files\attack_file_003.txt
CreationUtcTime: 2026-04-20 23:20:30.771
User: LAPTOP-I8K1DAMV\rohin"
"2026-04-21T14:13:57.5596028+05:30","11","File created:
RuleName: -
UtcTime: 2026-04-21 08:43:57.559
ProcessGuid: {a65b9ff6-38b5-69e7-0b13-000000001b00}
ProcessId: 31324
Image: C:\Users\rohin\AppData\Local\Programs\Python\Python314\python.exe
TargetFilename: D:\BTP\Log-Anamoly-Detection\attack_files\attack_file_002.txt
CreationUtcTime: 2026-04-20 23:20:30.767
User: LAPTOP-I8K1DAMV\rohin"
"2026-04-21T14:13:57.5282997+05:30","11","File created:
RuleName: -
UtcTime: 2026-04-21 08:43:57.527
ProcessGuid: {a65b9ff6-38b5-69e7-0b13-000000001b00}
ProcessId: 31324
Image: C:\Users\rohin\AppData\Local\Programs\Python\Python314\python.exe
TargetFilename: D:\BTP\Log-Anamoly-Detection\attack_files\attack_file_001.txt
CreationUtcTime: 2026-04-20 23:20:30.763
User: LAPTOP-I8K1DAMV\rohin"
"2026-04-21T14:13:57.4965570+05:30","11","File created:
RuleName: -
UtcTime: 2026-04-21 08:43:57.495
ProcessGuid: {a65b9ff6-38b5-69e7-0b13-000000001b00}
ProcessId: 31324
Image: C:\Users\rohin\AppData\Local\Programs\Python\Python314\python.exe
TargetFilename: D:\BTP\Log-Anamoly-Detection\attack_files\attack_file_000.txt
CreationUtcTime: 2026-04-20 23:20:30.758
User: LAPTOP-I8K1DAMV\rohin"
"2026-04-21T14:13:57.2798479+05:30","5","Process terminated:
RuleName: -
UtcTime: 2026-04-21 08:43:57.278
ProcessGuid: {a65b9ff6-38cc-69e7-2e13-000000001b00}
ProcessId: 31680
Image: C:\Windows\System32\WindowsPowerShell\v1.0\powershell.exe
User: LAPTOP-I8K1DAMV\rohin"
"2026-04-21T14:13:56.6212509+05:30","5","Process terminated:
RuleName: -
UtcTime: 2026-04-21 08:43:56.620
ProcessGuid: {a65b9ff6-38cc-69e7-2d13-000000001b00}
ProcessId: 15608
Image: C:\Windows\System32\WindowsPowerShell\v1.0\powershell.exe
User: LAPTOP-I8K1DAMV\rohin"
"2026-04-21T14:13:55.9044352+05:30","5","Process terminated:
RuleName: -
UtcTime: 2026-04-21 08:43:55.904
ProcessGuid: {a65b9ff6-38cb-69e7-2c13-000000001b00}
ProcessId: 10576
Image: C:\Windows\System32\WindowsPowerShell\v1.0\powershell.exe
User: LAPTOP-I8K1DAMV\rohin"
"2026-04-21T14:13:55.2611877+05:30","5","Process terminated:
RuleName: -
UtcTime: 2026-04-21 08:43:55.260
ProcessGuid: {a65b9ff6-38ca-69e7-2b13-000000001b00}
ProcessId: 27376
Image: C:\Windows\System32\WindowsPowerShell\v1.0\powershell.exe
User: LAPTOP-I8K1DAMV\rohin"
"2026-04-21T14:13:55.2342450+05:30","5","Process terminated:
RuleName: -
UtcTime: 2026-04-21 08:43:55.233
ProcessGuid: {a65b9ff6-386e-69e7-0413-000000001b00}
ProcessId: 29744
Image: C:\Windows\System32\svchost.exe
User: NT AUTHORITY\SYSTEM"
"2026-04-21T14:13:54.6006703+05:30","5","Process terminated:
RuleName: -
UtcTime: 2026-04-21 08:43:54.599
ProcessGuid: {a65b9ff6-38ca-69e7-2a13-000000001b00}
ProcessId: 30608
Image: C:\Windows\System32\WindowsPowerShell\v1.0\powershell.exe
User: LAPTOP-I8K1DAMV\rohin"
"2026-04-21T14:13:53.9451864+05:30","5","Process terminated:
RuleName: -
UtcTime: 2026-04-21 08:43:53.944
ProcessGuid: {a65b9ff6-38c9-69e7-2913-000000001b00}
ProcessId: 18496
Image: C:\Windows\System32\WindowsPowerShell\v1.0\powershell.exe
User: LAPTOP-I8K1DAMV\rohin"
"2026-04-21T14:13:53.2967444+05:30","5","Process terminated:
RuleName: -
UtcTime: 2026-04-21 08:43:53.295
ProcessGuid: {a65b9ff6-38c8-69e7-2813-000000001b00}
ProcessId: 25568
Image: C:\Windows\System32\WindowsPowerShell\v1.0\powershell.exe
User: LAPTOP-I8K1DAMV\rohin"
"2026-04-21T14:13:52.6241789+05:30","5","Process terminated:
RuleName: -
UtcTime: 2026-04-21 08:43:52.623
ProcessGuid: {a65b9ff6-38c8-69e7-2713-000000001b00}
ProcessId: 29904
Image: C:\Windows\System32\WindowsPowerShell\v1.0\powershell.exe
User: LAPTOP-I8K1DAMV\rohin"
"2026-04-21T14:13:51.9616286+05:30","5","Process terminated:
RuleName: -
UtcTime: 2026-04-21 08:43:51.961
ProcessGuid: {a65b9ff6-38c7-69e7-2613-000000001b00}
ProcessId: 29964
Image: C:\Windows\System32\WindowsPowerShell\v1.0\powershell.exe
User: LAPTOP-I8K1DAMV\rohin"
"2026-04-21T14:13:51.2957761+05:30","5","Process terminated:
RuleName: -
UtcTime: 2026-04-21 08:43:51.295
ProcessGuid: {a65b9ff6-38c6-69e7-2513-000000001b00}
ProcessId: 1568
Image: C:\Windows\System32\WindowsPowerShell\v1.0\powershell.exe
User: LAPTOP-I8K1DAMV\rohin"
"2026-04-21T14:13:50.5034369+05:30","5","Process terminated:
RuleName: -
UtcTime: 2026-04-21 08:43:50.500
ProcessGuid: {a65b9ff6-38c6-69e7-2413-000000001b00}
ProcessId: 17992
Image: C:\Windows\System32\WindowsPowerShell\v1.0\powershell.exe
User: LAPTOP-I8K1DAMV\rohin"
"2026-04-21T14:13:49.8654857+05:30","5","Process terminated:
RuleName: -
UtcTime: 2026-04-21 08:43:49.862
ProcessGuid: {a65b9ff6-38c5-69e7-2313-000000001b00}
ProcessId: 30128
Image: C:\Windows\System32\WindowsPowerShell\v1.0\powershell.exe
User: LAPTOP-I8K1DAMV\rohin"
"2026-04-21T14:13:49.1909426+05:30","5","Process terminated:
RuleName: -
UtcTime: 2026-04-21 08:43:49.190
ProcessGuid: {a65b9ff6-38c4-69e7-2213-000000001b00}
ProcessId: 28032
Image: C:\Windows\System32\WindowsPowerShell\v1.0\powershell.exe
User: LAPTOP-I8K1DAMV\rohin"
"2026-04-21T14:13:48.5472568+05:30","5","Process terminated:
RuleName: -
UtcTime: 2026-04-21 08:43:48.546
ProcessGuid: {a65b9ff6-38c4-69e7-2113-000000001b00}
ProcessId: 6800
Image: C:\Windows\System32\WindowsPowerShell\v1.0\powershell.exe
User: LAPTOP-I8K1DAMV\rohin"
"2026-04-21T14:13:47.9416132+05:30","5","Process terminated:
RuleName: -
UtcTime: 2026-04-21 08:43:47.938
ProcessGuid: {a65b9ff6-38c3-69e7-2013-000000001b00}
ProcessId: 3700
Image: C:\Windows\System32\WindowsPowerShell\v1.0\powershell.exe
User: LAPTOP-I8K1DAMV\rohin"
"2026-04-21T14:13:47.3104932+05:30","5","Process terminated:
RuleName: -
UtcTime: 2026-04-21 08:43:47.302
ProcessGuid: {a65b9ff6-38c2-69e7-1f13-000000001b00}
ProcessId: 28016
Image: C:\Windows\System32\WindowsPowerShell\v1.0\powershell.exe
User: LAPTOP-I8K1DAMV\rohin"
"2026-04-21T14:13:46.6914582+05:30","5","Process terminated:
RuleName: -
UtcTime: 2026-04-21 08:43:46.690
ProcessGuid: {a65b9ff6-38c2-69e7-1e13-000000001b00}
ProcessId: 15488
Image: C:\Windows\System32\WindowsPowerShell\v1.0\powershell.exe
User: LAPTOP-I8K1DAMV\rohin"
"2026-04-21T14:13:46.0329131+05:30","5","Process terminated:
RuleName: -
UtcTime: 2026-04-21 08:43:46.032
ProcessGuid: {a65b9ff6-38c1-69e7-1d13-000000001b00}
ProcessId: 31000
Image: C:\Windows\System32\WindowsPowerShell\v1.0\powershell.exe
User: LAPTOP-I8K1DAMV\rohin"
"2026-04-21T14:13:45.3623776+05:30","5","Process terminated:
RuleName: -
UtcTime: 2026-04-21 08:43:45.361
ProcessGuid: {a65b9ff6-38c0-69e7-1c13-000000001b00}
ProcessId: 23944
Image: C:\Windows\System32\WindowsPowerShell\v1.0\powershell.exe
User: LAPTOP-I8K1DAMV\rohin"
"2026-04-21T14:13:44.7313676+05:30","5","Process terminated:
RuleName: -
UtcTime: 2026-04-21 08:43:44.730
ProcessGuid: {a65b9ff6-38c0-69e7-1b13-000000001b00}
ProcessId: 30192
Image: C:\Windows\System32\WindowsPowerShell\v1.0\powershell.exe
User: LAPTOP-I8K1DAMV\rohin"
"2026-04-21T14:13:44.0829102+05:30","5","Process terminated:
RuleName: -
UtcTime: 2026-04-21 08:43:44.080
ProcessGuid: {a65b9ff6-38bf-69e7-1a13-000000001b00}
ProcessId: 28520
Image: C:\Windows\System32\WindowsPowerShell\v1.0\powershell.exe
User: LAPTOP-I8K1DAMV\rohin"
"2026-04-21T14:13:43.4307059+05:30","5","Process terminated:
RuleName: -
UtcTime: 2026-04-21 08:43:43.424
ProcessGuid: {a65b9ff6-38bf-69e7-1913-000000001b00}
ProcessId: 2204
Image: C:\Windows\System32\WindowsPowerShell\v1.0\powershell.exe
User: LAPTOP-I8K1DAMV\rohin"
"2026-04-21T14:13:42.8094503+05:30","5","Process terminated:
RuleName: -
UtcTime: 2026-04-21 08:43:42.809
ProcessGuid: {a65b9ff6-38be-69e7-1813-000000001b00}
ProcessId: 30420
Image: C:\Windows\System32\WindowsPowerShell\v1.0\powershell.exe
User: LAPTOP-I8K1DAMV\rohin"
"2026-04-21T14:13:42.1504793+05:30","5","Process terminated:
RuleName: -
UtcTime: 2026-04-21 08:43:42.150
ProcessGuid: {a65b9ff6-38bd-69e7-1713-000000001b00}
ProcessId: 2072
Image: C:\Windows\System32\WindowsPowerShell\v1.0\powershell.exe
User: LAPTOP-I8K1DAMV\rohin"
"2026-04-21T14:13:41.5225395+05:30","5","Process terminated:
RuleName: -
UtcTime: 2026-04-21 08:43:41.522
ProcessGuid: {a65b9ff6-38bd-69e7-1613-000000001b00}
ProcessId: 29316
Image: C:\Windows\System32\WindowsPowerShell\v1.0\powershell.exe
User: LAPTOP-I8K1DAMV\rohin"
"2026-04-21T14:13:40.8342124+05:30","5","Process terminated:
RuleName: -
UtcTime: 2026-04-21 08:43:40.833
ProcessGuid: {a65b9ff6-38bc-69e7-1513-000000001b00}
ProcessId: 24220
Image: C:\Windows\System32\WindowsPowerShell\v1.0\powershell.exe
User: LAPTOP-I8K1DAMV\rohin"
"2026-04-21T14:13:40.5466466+05:30","5","Process terminated:
RuleName: -
UtcTime: 2026-04-21 08:43:40.546
ProcessGuid: {a65b9ff6-3654-69e7-ab12-000000001b00}
ProcessId: 31084
Image: C:\Program Files\Google\Chrome\Application\chrome.exe
User: LAPTOP-I8K1DAMV\rohin"
"2026-04-21T14:13:40.1742258+05:30","5","Process terminated:
RuleName: -
UtcTime: 2026-04-21 08:43:40.172
ProcessGuid: {a65b9ff6-38bb-69e7-1413-000000001b00}
ProcessId: 31688
Image: C:\Windows\System32\WindowsPowerShell\v1.0\powershell.exe
User: LAPTOP-I8K1DAMV\rohin"
"2026-04-21T14:13:39.5450091+05:30","5","Process terminated:
RuleName: -
UtcTime: 2026-04-21 08:43:39.544
ProcessGuid: {a65b9ff6-38bb-69e7-1313-000000001b00}
ProcessId: 14980
Image: C:\Windows\System32\WindowsPowerShell\v1.0\powershell.exe
User: LAPTOP-I8K1DAMV\rohin"
"2026-04-21T14:13:38.8831711+05:30","5","Process terminated:
RuleName: -
UtcTime: 2026-04-21 08:43:38.882
ProcessGuid: {a65b9ff6-38ba-69e7-1213-000000001b00}
ProcessId: 26824
Image: C:\Windows\System32\WindowsPowerShell\v1.0\powershell.exe
User: LAPTOP-I8K1DAMV\rohin"
"2026-04-21T14:13:38.1296881+05:30","5","Process terminated:
RuleName: -
UtcTime: 2026-04-21 08:43:38.129
ProcessGuid: {a65b9ff6-38b8-69e7-1113-000000001b00}
ProcessId: 14088
Image: C:\Windows\System32\WindowsPowerShell\v1.0\powershell.exe
User: LAPTOP-I8K1DAMV\rohin"
"2026-04-21T14:13:36.7026457+05:30","5","Process terminated:
RuleName: -
UtcTime: 2026-04-21 08:43:36.695
ProcessGuid: {a65b9ff6-38b8-69e7-1013-000000001b00}
ProcessId: 9744
Image: C:\Windows\System32\WindowsPowerShell\v1.0\powershell.exe
User: LAPTOP-I8K1DAMV\rohin"
"2026-04-21T14:13:36.0691037+05:30","5","Process terminated:
RuleName: -
UtcTime: 2026-04-21 08:43:36.068
ProcessGuid: {a65b9ff6-38b7-69e7-0f13-000000001b00}
ProcessId: 27888
Image: C:\Windows\System32\WindowsPowerShell\v1.0\powershell.exe
User: LAPTOP-I8K1DAMV\rohin"
"2026-04-21T14:13:35.4330105+05:30","5","Process terminated:
RuleName: -
UtcTime: 2026-04-21 08:43:35.423
ProcessGuid: {a65b9ff6-38b7-69e7-0e13-000000001b00}
ProcessId: 23604
Image: C:\Windows\System32\WindowsPowerShell\v1.0\powershell.exe
User: LAPTOP-I8K1DAMV\rohin"
"2026-04-21T14:13:34.7947347+05:30","5","Process terminated:
RuleName: -
UtcTime: 2026-04-21 08:43:34.793
ProcessGuid: {a65b9ff6-38b6-69e7-0d13-000000001b00}
ProcessId: 30508
Image: C:\Windows\System32\WindowsPowerShell\v1.0\powershell.exe
User: LAPTOP-I8K1DAMV\rohin"
"2026-04-21T14:13:34.1429997+05:30","5","Process terminated:
RuleName: -
UtcTime: 2026-04-21 08:43:34.139
ProcessGuid: {a65b9ff6-38b5-69e7-0c13-000000001b00}
ProcessId: 10380
Image: C:\Windows\System32\WindowsPowerShell\v1.0\powershell.exe
User: LAPTOP-I8K1DAMV\rohin"
"2026-04-21T14:13:08.8873318+05:30","5","Process terminated:
RuleName: -
UtcTime: 2026-04-21 08:43:08.883
ProcessGuid: {a65b9ff6-3608-69e7-7412-000000001b00}
ProcessId: 30888
Image: C:\Windows\System32\svchost.exe
User: NT AUTHORITY\SYSTEM"
"2026-04-21T14:12:50.5133269+05:30","5","Process terminated:
RuleName: -
UtcTime: 2026-04-21 08:42:50.510
ProcessGuid: {a65b9ff6-388a-69e7-0813-000000001b00}
ProcessId: 9712
Image: C:\Windows\System32\conhost.exe
User: LAPTOP-I8K1DAMV\rohin"
"2026-04-21T14:12:50.5109110+05:30","5","Process terminated:
RuleName: -
UtcTime: 2026-04-21 08:42:50.510
ProcessGuid: {a65b9ff6-388a-69e7-0713-000000001b00}
ProcessId: 1804
Image: C:\Windows\System32\reg.exe
User: LAPTOP-I8K1DAMV\rohin"
"2026-04-21T14:12:50.4567833+05:30","5","Process terminated:
RuleName: -
UtcTime: 2026-04-21 08:42:50.455
ProcessGuid: {a65b9ff6-388a-69e7-0613-000000001b00}
ProcessId: 30344
Image: C:\Windows\System32\conhost.exe
User: LAPTOP-I8K1DAMV\rohin"
"2026-04-21T14:12:50.4540173+05:30","5","Process terminated:
RuleName: -
UtcTime: 2026-04-21 08:42:50.449
ProcessGuid: {a65b9ff6-388a-69e7-0513-000000001b00}
ProcessId: 17304
Image: C:\Windows\System32\reg.exe
User: LAPTOP-I8K1DAMV\rohin"
"2026-04-21T14:12:28.5383101+05:30","5","Process terminated:
RuleName: -
UtcTime: 2026-04-21 08:42:28.538
ProcessGuid: {a65b9ff6-3867-69e7-0113-000000001b00}
ProcessId: 29960
Image: C:\Program Files\Google\Chrome\Application\chrome.exe
User: LAPTOP-I8K1DAMV\rohin"
"2026-04-21T14:12:27.0999987+05:30","5","Process terminated:
RuleName: -
UtcTime: 2026-04-21 08:42:27.090
ProcessGuid: {a65b9ff6-3868-69e7-0213-000000001b00}
ProcessId: 19496
Image: C:\Windows\System32\dllhost.exe
User: LAPTOP-I8K1DAMV\rohin"
"2026-04-21T14:11:18.0832954+05:30","5","Process terminated:
RuleName: -
UtcTime: 2026-04-21 08:41:18.082
ProcessGuid: {a65b9ff6-3800-69e7-ff12-000000001b00}
ProcessId: 9124
Image: C:\Windows\System32\RuntimeBroker.exe
User: LAPTOP-I8K1DAMV\rohin"
"2026-04-21T14:11:04.2649139+05:30","5","Process terminated:
RuleName: -
UtcTime: 2026-04-21 08:41:04.260
ProcessGuid: {a65b9ff6-3801-69e7-0013-000000001b00}
ProcessId: 17804
Image: C:\Windows\System32\sppsvc.exe
User: NT AUTHORITY\NETWORK SERVICE"
"2026-04-21T14:10:41.7537465+05:30","5","Process terminated:
RuleName: -
UtcTime: 2026-04-21 08:40:41.752
ProcessGuid: {a65b9ff6-376c-69e7-ec12-000000001b00}
ProcessId: 17412
Image: C:\Windows\System32\wbem\WmiPrvSE.exe
User: NT AUTHORITY\LOCAL SERVICE"
"2026-04-21T14:10:38.0568844+05:30","5","Process terminated:
RuleName: -
UtcTime: 2026-04-21 08:40:38.056
ProcessGuid: {a65b9ff6-37ff-69e7-fd12-000000001b00}
ProcessId: 7716
Image: C:\Windows\System32\taskhostw.exe
User: NT AUTHORITY\SYSTEM"
"2026-04-21T14:10:32.7567474+05:30","5","Process terminated:
RuleName: -
UtcTime: 2026-04-21 08:40:32.755
ProcessGuid: {a65b9ff6-3800-69e7-fe12-000000001b00}
ProcessId: 29280
Image: C:\Windows\System32\backgroundTaskHost.exe
User: LAPTOP-I8K1DAMV\rohin"
"2026-04-21T14:10:30.9977009+05:30","5","Process terminated:
RuleName: -
UtcTime: 2026-04-21 08:40:30.996
ProcessGuid: {a65b9ff6-37fe-69e7-fb12-000000001b00}
ProcessId: 22672
Image: C:\Windows\System32\conhost.exe
User: LAPTOP-I8K1DAMV\rohin"
"2026-04-21T14:10:30.9949059+05:30","5","Process terminated:
RuleName: -
UtcTime: 2026-04-21 08:40:30.993
ProcessGuid: {a65b9ff6-37fe-69e7-fa12-000000001b00}
ProcessId: 30624
Image: C:\Program Files\Git\cmd\git.exe
User: LAPTOP-I8K1DAMV\rohin"
"2026-04-21T14:10:30.9909828+05:30","5","Process terminated:
RuleName: -
UtcTime: 2026-04-21 08:40:30.990
ProcessGuid: {a65b9ff6-37fe-69e7-fc12-000000001b00}
ProcessId: 4176
Image: C:\Program Files\Git\mingw64\bin\git.exe
User: LAPTOP-I8K1DAMV\rohin"
"2026-04-21T14:10:19.4526295+05:30","5","Process terminated:
RuleName: -
UtcTime: 2026-04-21 08:40:19.449
ProcessGuid: {a65b9ff6-36c2-69e7-c512-000000001b00}
ProcessId: 20056
Image: C:\Windows\System32\svchost.exe
User: NT AUTHORITY\SYSTEM"
"2026-04-21T14:10:07.3241774+05:30","5","Process terminated:
RuleName: -
UtcTime: 2026-04-21 08:40:07.313
ProcessGuid: {a65b9ff6-376c-69e7-ed12-000000001b00}
ProcessId: 30256
Image: C:\Windows\System32\svchost.exe
User: NT AUTHORITY\SYSTEM"
"2026-04-21T14:10:00.0487028+05:30","5","Process terminated:
RuleName: -
UtcTime: 2026-04-21 08:40:00.047
ProcessGuid: {a65b9ff6-3531-69e7-5112-000000001b00}
ProcessId: 25528
Image: C:\Program Files\Google\Chrome\Application\chrome.exe
User: LAPTOP-I8K1DAMV\rohin"
"2026-04-21T14:09:49.8638283+05:30","5","Process terminated:
RuleName: -
UtcTime: 2026-04-21 08:39:49.863
ProcessGuid: {a65b9ff6-37d5-69e7-f812-000000001b00}
ProcessId: 2140
Image: C:\Windows\System32\conhost.exe
User: LAPTOP-I8K1DAMV\rohin"
"2026-04-21T14:09:49.8614655+05:30","5","Process terminated:
RuleName: -
UtcTime: 2026-04-21 08:39:49.861
ProcessGuid: {a65b9ff6-37d5-69e7-f712-000000001b00}
ProcessId: 30812
Image: C:\Program Files\Git\cmd\git.exe
User: LAPTOP-I8K1DAMV\rohin"
"2026-04-21T14:09:49.8579150+05:30","5","Process terminated:
RuleName: -
UtcTime: 2026-04-21 08:39:49.857
ProcessGuid: {a65b9ff6-37d5-69e7-f912-000000001b00}
ProcessId: 30268
Image: C:\Program Files\Git\mingw64\bin\git.exe
User: LAPTOP-I8K1DAMV\rohin"
"2026-04-21T14:09:38.8315568+05:30","5","Process terminated:
RuleName: -
UtcTime: 2026-04-21 08:39:38.829
ProcessGuid: {a65b9ff6-37b4-69e7-f312-000000001b00}
ProcessId: 17312
Image: C:\Program Files\Google\Chrome\Application\chrome.exe
User: LAPTOP-I8K1DAMV\rohin"
"2026-04-21T14:09:26.5420595+05:30","5","Process terminated:
RuleName: -
UtcTime: 2026-04-21 08:39:26.541
ProcessGuid: {a65b9ff6-37be-69e7-f512-000000001b00}
ProcessId: 24452
Image: C:\Program Files\Google\Chrome\Application\chrome.exe
User: LAPTOP-I8K1DAMV\rohin"
"2026-04-21T14:09:20.5000508+05:30","5","Process terminated:
RuleName: -
UtcTime: 2026-04-21 08:39:20.499
ProcessGuid: {a65b9ff6-37b8-69e7-f412-000000001b00}
ProcessId: 16716
Image: C:\Program Files\Google\Chrome\Application\chrome.exe
User: LAPTOP-I8K1DAMV\rohin"
"2026-04-21T14:09:16.8823721+05:30","5","Process terminated:
RuleName: -
UtcTime: 2026-04-21 08:39:16.880
ProcessGuid: {a65b9ff6-3655-69e7-ac12-000000001b00}
ProcessId: 30436
Image: C:\Program Files\Google\Chrome\Application\chrome.exe
User: LAPTOP-I8K1DAMV\rohin"
"2026-04-21T14:09:16.3531686+05:30","5","Process terminated:
RuleName: -
UtcTime: 2026-04-21 08:39:16.343
ProcessGuid: {a65b9ff6-37b4-69e7-f212-000000001b00}
ProcessId: 31220
Image: C:\Program Files\Google\Chrome\Application\chrome.exe
User: LAPTOP-I8K1DAMV\rohin"
"2026-04-21T14:09:16.3378398+05:30","5","Process terminated:
RuleName: -
UtcTime: 2026-04-21 08:39:16.328
ProcessGuid: {a65b9ff6-37b4-69e7-f112-000000001b00}
ProcessId: 28036
Image: C:\Program Files\Google\Chrome\Application\chrome.exe
User: LAPTOP-I8K1DAMV\rohin"
"2026-04-21T14:09:14.8416136+05:30","5","Process terminated:
RuleName: -
UtcTime: 2026-04-21 08:39:14.841
ProcessGuid: {a65b9ff6-37b2-69e7-ef12-000000001b00}
ProcessId: 30924
Image: C:\Windows\System32\conhost.exe
User: LAPTOP-I8K1DAMV\rohin"
"2026-04-21T14:09:14.8364115+05:30","5","Process terminated:
RuleName: -
UtcTime: 2026-04-21 08:39:14.835
ProcessGuid: {a65b9ff6-37b2-69e7-ee12-000000001b00}
ProcessId: 11232
Image: C:\Program Files\Git\cmd\git.exe
User: LAPTOP-I8K1DAMV\rohin"
"2026-04-21T14:09:14.8302828+05:30","5","Process terminated:
RuleName: -
UtcTime: 2026-04-21 08:39:14.828
ProcessGuid: {a65b9ff6-37b2-69e7-f012-000000001b00}
ProcessId: 28100
Image: C:\Program Files\Git\mingw64\bin\git.exe
User: LAPTOP-I8K1DAMV\rohin"
"2026-04-21T14:07:44.3793959+05:30","5","Process terminated:
RuleName: -
UtcTime: 2026-04-21 08:37:44.378
ProcessGuid: {a65b9ff6-36e0-69e7-d012-000000001b00}
ProcessId: 25760
Image: C:\Windows\System32\wbem\WmiPrvSE.exe
User: NT AUTHORITY\NETWORK SERVICE"
"2026-04-21T14:07:01.5726707+05:30","5","Process terminated:
RuleName: -
UtcTime: 2026-04-21 08:37:01.571
ProcessGuid: {a65b9ff6-36ee-69e7-d212-000000001b00}
ProcessId: 6092
Image: C:\Windows\System32\backgroundTaskHost.exe
User: LAPTOP-I8K1DAMV\rohin"
"2026-04-21T14:07:01.5522205+05:30","5","Process terminated:
RuleName: -
UtcTime: 2026-04-21 08:37:01.551
ProcessGuid: {a65b9ff6-36ee-69e7-d312-000000001b00}
ProcessId: 16644
Image: C:\Windows\System32\backgroundTaskHost.exe
User: LAPTOP-I8K1DAMV\rohin"
"2026-04-21T14:07:01.5521664+05:30","5","Process terminated:
RuleName: -
UtcTime: 2026-04-21 08:37:01.551
ProcessGuid: {a65b9ff6-36ed-69e7-d112-000000001b00}
ProcessId: 9948
Image: C:\Windows\System32\backgroundTaskHost.exe
User: LAPTOP-I8K1DAMV\rohin"
"2026-04-21T14:06:52.6461649+05:30","5","Process terminated:
RuleName: -
UtcTime: 2026-04-21 08:36:52.645
ProcessGuid: {a65b9ff6-3721-69e7-e312-000000001b00}
ProcessId: 18468
Image: C:\Program Files\McAfee\WebAdvisor\updater.exe
User: NT AUTHORITY\SYSTEM"
"2026-04-21T14:06:50.4720215+05:30","5","Process terminated:
RuleName: -
UtcTime: 2026-04-21 08:36:50.471
ProcessGuid: {a65b9ff6-3722-69e7-eb12-000000001b00}
ProcessId: 17360
Image: C:\Windows\System32\conhost.exe
User: LAPTOP-I8K1DAMV\rohin"
"2026-04-21T14:06:50.4689035+05:30","5","Process terminated:
RuleName: -
UtcTime: 2026-04-21 08:36:50.468
ProcessGuid: {a65b9ff6-3722-69e7-ea12-000000001b00}
ProcessId: 26600
Image: C:\Windows\System32\reg.exe
User: LAPTOP-I8K1DAMV\rohin"
"2026-04-21T14:06:50.4123044+05:30","5","Process terminated:
RuleName: -
UtcTime: 2026-04-21 08:36:50.412
ProcessGuid: {a65b9ff6-3722-69e7-e912-000000001b00}
ProcessId: 29288
Image: C:\Windows\System32\conhost.exe
User: LAPTOP-I8K1DAMV\rohin"
"2026-04-21T14:06:50.4091378+05:30","5","Process terminated:
RuleName: -
UtcTime: 2026-04-21 08:36:50.408
ProcessGuid: {a65b9ff6-3722-69e7-e812-000000001b00}
ProcessId: 29764
Image: C:\Windows\System32\reg.exe
User: LAPTOP-I8K1DAMV\rohin"
"2026-04-21T14:06:50.2678943+05:30","5","Process terminated:
RuleName: -
UtcTime: 2026-04-21 08:36:50.267
ProcessGuid: {a65b9ff6-3722-69e7-e712-000000001b00}
ProcessId: 16220
Image: C:\Windows\System32\conhost.exe
User: NT AUTHORITY\SYSTEM"
"2026-04-21T14:06:50.2653596+05:30","5","Process terminated:
RuleName: -
UtcTime: 2026-04-21 08:36:50.264
ProcessGuid: {a65b9ff6-3722-69e7-e612-000000001b00}
ProcessId: 29468
Image: C:\Windows\System32\cmd.exe
User: NT AUTHORITY\SYSTEM"
"2026-04-21T14:06:50.1863158+05:30","5","Process terminated:
RuleName: -
UtcTime: 2026-04-21 08:36:50.185
ProcessGuid: {a65b9ff6-3722-69e7-e512-000000001b00}
ProcessId: 26540
Image: C:\Windows\System32\conhost.exe
User: NT AUTHORITY\SYSTEM"
"2026-04-21T14:06:50.1839514+05:30","5","Process terminated:
RuleName: -
UtcTime: 2026-04-21 08:36:50.183
ProcessGuid: {a65b9ff6-3722-69e7-e412-000000001b00}
ProcessId: 29532
Image: C:\Windows\System32\cmd.exe
User: NT AUTHORITY\SYSTEM"
"2026-04-21T14:06:49.6552738+05:30","5","Process terminated:
RuleName: -
UtcTime: 2026-04-21 08:36:49.653
ProcessGuid: {a65b9ff6-371f-69e7-e212-000000001b00}
ProcessId: 28844
Image: C:\Program Files\McAfee\WebAdvisor\updater.exe
User: NT AUTHORITY\SYSTEM"
"2026-04-21T14:06:22.0818648+05:30","5","Process terminated:
RuleName: -
UtcTime: 2026-04-21 08:36:22.079
ProcessGuid: {a65b9ff6-3705-69e7-e012-000000001b00}
ProcessId: 3288
Image: C:\Windows\System32\conhost.exe
User: LAPTOP-I8K1DAMV\rohin"
"2026-04-21T14:06:22.0766776+05:30","5","Process terminated:
RuleName: -
UtcTime: 2026-04-21 08:36:22.076
ProcessGuid: {a65b9ff6-3705-69e7-df12-000000001b00}
ProcessId: 19988
Image: C:\Program Files\Git\cmd\git.exe
User: LAPTOP-I8K1DAMV\rohin"
"2026-04-21T14:06:22.0714769+05:30","5","Process terminated:
RuleName: -
UtcTime: 2026-04-21 08:36:22.066
ProcessGuid: {a65b9ff6-3706-69e7-e112-000000001b00}
ProcessId: 18896
Image: C:\Program Files\Git\mingw64\bin\git.exe
User: LAPTOP-I8K1DAMV\rohin"
"2026-04-21T14:06:17.6512742+05:30","5","Process terminated:
RuleName: -
UtcTime: 2026-04-21 08:36:17.650
ProcessGuid: {a65b9ff6-3701-69e7-dd12-000000001b00}
ProcessId: 18696
Image: C:\Windows\System32\conhost.exe
User: LAPTOP-I8K1DAMV\rohin"
"2026-04-21T14:06:17.6335027+05:30","5","Process terminated:
RuleName: -
UtcTime: 2026-04-21 08:36:17.633
ProcessGuid: {a65b9ff6-3701-69e7-dc12-000000001b00}
ProcessId: 28188
Image: C:\Program Files\Git\cmd\git.exe
User: LAPTOP-I8K1DAMV\rohin"
"2026-04-21T14:06:17.6193202+05:30","5","Process terminated:
RuleName: -
UtcTime: 2026-04-21 08:36:17.618
ProcessGuid: {a65b9ff6-3701-69e7-de12-000000001b00}
ProcessId: 29520
Image: C:\Program Files\Git\mingw64\bin\git.exe
User: LAPTOP-I8K1DAMV\rohin"
"2026-04-21T14:06:14.3361909+05:30","5","Process terminated:
RuleName: -
UtcTime: 2026-04-21 08:36:14.334
ProcessGuid: {a65b9ff6-367c-69e7-ad12-000000001b00}
ProcessId: 864
Image: C:\Windows\System32\wbem\WmiPrvSE.exe
User: NT AUTHORITY\LOCAL SERVICE"
"2026-04-21T14:06:11.7742895+05:30","5","Process terminated:
RuleName: -
UtcTime: 2026-04-21 08:36:11.770
ProcessGuid: {a65b9ff6-36fb-69e7-db12-000000001b00}
ProcessId: 27988
Image: C:\Windows\System32\conhost.exe
User: NT AUTHORITY\SYSTEM"
"2026-04-21T14:06:11.7701518+05:30","5","Process terminated:
RuleName: -
UtcTime: 2026-04-21 08:36:11.769
ProcessGuid: {a65b9ff6-36fb-69e7-da12-000000001b00}
ProcessId: 28088
Image: C:\Windows\System32\sdbinst.exe
User: NT AUTHORITY\SYSTEM"
"2026-04-21T14:06:04.5179649+05:30","5","Process terminated:
RuleName: -
UtcTime: 2026-04-21 08:36:04.514
ProcessGuid: {a65b9ff6-36f4-69e7-d712-000000001b00}
ProcessId: 20956
Image: C:\Windows\System32\conhost.exe
User: LAPTOP-I8K1DAMV\rohin"
"2026-04-21T14:06:04.5138775+05:30","5","Process terminated:
RuleName: -
UtcTime: 2026-04-21 08:36:04.508
ProcessGuid: {a65b9ff6-36f4-69e7-d612-000000001b00}
ProcessId: 11352
Image: C:\Program Files\Git\cmd\git.exe
User: LAPTOP-I8K1DAMV\rohin"
"2026-04-21T14:06:04.5087868+05:30","5","Process terminated:
RuleName: -
UtcTime: 2026-04-21 08:36:04.508
ProcessGuid: {a65b9ff6-36f4-69e7-d812-000000001b00}
ProcessId: 29848
Image: C:\Program Files\Git\mingw64\bin\git.exe
User: LAPTOP-I8K1DAMV\rohin"
"2026-04-21T14:06:02.0201711+05:30","5","Process terminated:
RuleName: -
UtcTime: 2026-04-21 08:36:02.015
ProcessGuid: {a65b9ff6-36f1-69e7-d412-000000001b00}
ProcessId: 21184
Image: C:\Windows\System32\taskhostw.exe
User: LAPTOP-I8K1DAMV\rohin"
"2026-04-21T14:06:02.0189402+05:30","5","Process terminated:
RuleName: -
UtcTime: 2026-04-21 08:36:02.015
ProcessGuid: {a65b9ff6-36f1-69e7-d512-000000001b00}
ProcessId: 15328
Image: C:\Windows\SystemApps\MicrosoftWindows.Client.CBS_cw5n1h2txyewy\SoftLandingTask\SoftLandingTask.exe
User: LAPTOP-I8K1DAMV\rohin"
"2026-04-21T14:05:56.1676337+05:30","5","Process terminated:
RuleName: -
UtcTime: 2026-04-21 08:35:56.167
ProcessGuid: {a65b9ff6-36cc-69e7-cc12-000000001b00}
ProcessId: 16904
Image: C:\Windows\System32\DataExchangeHost.exe
User: LAPTOP-I8K1DAMV\rohin"
"2026-04-21T14:05:37.1939154+05:30","5","Process terminated:
RuleName: -
UtcTime: 2026-04-21 08:35:37.193
ProcessGuid: {a65b9ff6-367c-69e7-ae12-000000001b00}
ProcessId: 13988
Image: C:\Windows\System32\svchost.exe
User: NT AUTHORITY\SYSTEM"
"2026-04-21T14:05:28.5643323+05:30","5","Process terminated:
RuleName: -
UtcTime: 2026-04-21 08:35:28.563
ProcessGuid: {a65b9ff6-36cb-69e7-cb12-000000001b00}
ProcessId: 13516
Image: C:\Windows\System32\dllhost.exe
User: LAPTOP-I8K1DAMV\rohin"
"2026-04-21T14:05:26.7131777+05:30","5","Process terminated:
RuleName: -
UtcTime: 2026-04-21 08:35:26.712
ProcessGuid: {a65b9ff6-36ce-69e7-ce12-000000001b00}
ProcessId: 30448
Image: C:\Windows\System32\conhost.exe
User: LAPTOP-I8K1DAMV\rohin"
"2026-04-21T14:05:26.7095674+05:30","5","Process terminated:
RuleName: -
UtcTime: 2026-04-21 08:35:26.709
ProcessGuid: {a65b9ff6-36ce-69e7-cd12-000000001b00}
ProcessId: 9952
Image: C:\Program Files\Git\cmd\git.exe
User: LAPTOP-I8K1DAMV\rohin"
"2026-04-21T14:05:26.7033203+05:30","5","Process terminated:
RuleName: -
UtcTime: 2026-04-21 08:35:26.702
ProcessGuid: {a65b9ff6-36ce-69e7-cf12-000000001b00}
ProcessId: 29264
Image: C:\Program Files\Git\mingw64\bin\git.exe
User: LAPTOP-I8K1DAMV\rohin"
"2026-04-21T14:05:19.8127697+05:30","5","Process terminated:
RuleName: -
UtcTime: 2026-04-21 08:35:19.811
ProcessGuid: {a65b9ff6-36c7-69e7-c912-000000001b00}
ProcessId: 30212
Image: C:\Windows\System32\conhost.exe
User: LAPTOP-I8K1DAMV\rohin"
"2026-04-21T14:05:19.8090368+05:30","5","Process terminated:
RuleName: -
UtcTime: 2026-04-21 08:35:19.808
ProcessGuid: {a65b9ff6-36c7-69e7-c812-000000001b00}
ProcessId: 3728
Image: C:\Program Files\Git\cmd\git.exe
User: LAPTOP-I8K1DAMV\rohin"
"2026-04-21T14:05:19.8050201+05:30","5","Process terminated:
RuleName: -
UtcTime: 2026-04-21 08:35:19.804
ProcessGuid: {a65b9ff6-36c7-69e7-ca12-000000001b00}
ProcessId: 27492
Image: C:\Program Files\Git\mingw64\bin\git.exe
User: LAPTOP-I8K1DAMV\rohin"
"2026-04-21T14:05:19.3135337+05:30","5","Process terminated:
RuleName: -
UtcTime: 2026-04-21 08:35:19.313
ProcessGuid: {a65b9ff6-36c3-69e7-c612-000000001b00}
ProcessId: 13128
Image: C:\Program Files\WindowsApps\Microsoft.ScreenSketch_11.2601.12.0_x64__8wekyb3d8bbwe\SnippingTool\SnippingTool.exe
User: LAPTOP-I8K1DAMV\rohin"
"2026-04-21T14:05:16.0259040+05:30","5","Process terminated:
RuleName: -
UtcTime: 2026-04-21 08:35:16.025
ProcessGuid: {a65b9ff6-36c3-69e7-c712-000000001b00}
ProcessId: 29864
Image: C:\Windows\System32\svchost.exe
User: LAPTOP-I8K1DAMV\rohin"
"2026-04-21T14:05:08.4203562+05:30","5","Process terminated:
RuleName: -
UtcTime: 2026-04-21 08:35:08.419
ProcessGuid: {a65b9ff6-36bc-69e7-c312-000000001b00}
ProcessId: 29908
Image: C:\Windows\System32\conhost.exe
User: LAPTOP-I8K1DAMV\rohin"
"2026-04-21T14:05:08.4170579+05:30","5","Process terminated:
RuleName: -
UtcTime: 2026-04-21 08:35:08.416
ProcessGuid: {a65b9ff6-36bc-69e7-c212-000000001b00}
ProcessId: 30324
Image: C:\Program Files\Git\cmd\git.exe
User: LAPTOP-I8K1DAMV\rohin"
"2026-04-21T14:05:08.4119175+05:30","5","Process terminated:
RuleName: -
UtcTime: 2026-04-21 08:35:08.410
ProcessGuid: {a65b9ff6-36bc-69e7-c412-000000001b00}
ProcessId: 13636
Image: C:\Program Files\Git\mingw64\bin\git.exe
User: LAPTOP-I8K1DAMV\rohin"
"2026-04-21T14:04:49.5288352+05:30","5","Process terminated:
RuleName: -
UtcTime: 2026-04-21 08:34:49.528
ProcessGuid: {a65b9ff6-36a9-69e7-c012-000000001b00}
ProcessId: 28628
Image: C:\Windows\System32\conhost.exe
User: LAPTOP-I8K1DAMV\rohin"
"2026-04-21T14:04:49.5197423+05:30","5","Process terminated:
RuleName: -
UtcTime: 2026-04-21 08:34:49.519
ProcessGuid: {a65b9ff6-36a9-69e7-bf12-000000001b00}
ProcessId: 24900
Image: C:\Program Files\Git\cmd\git.exe
User: LAPTOP-I8K1DAMV\rohin"
"2026-04-21T14:04:49.5069564+05:30","5","Process terminated:
RuleName: -
UtcTime: 2026-04-21 08:34:49.506
ProcessGuid: {a65b9ff6-36a9-69e7-c112-000000001b00}
ProcessId: 30392
Image: C:\Program Files\Git\mingw64\bin\git.exe
User: LAPTOP-I8K1DAMV\rohin"
"2026-04-21T14:04:47.6497594+05:30","5","Process terminated:
RuleName: -
UtcTime: 2026-04-21 08:34:47.649
ProcessGuid: {a65b9ff6-367f-69e7-b012-000000001b00}
ProcessId: 23316
Image: C:\Windows\System32\RuntimeBroker.exe
User: LAPTOP-I8K1DAMV\rohin"
"2026-04-21T14:04:44.3429176+05:30","5","Process terminated:
RuleName: -
UtcTime: 2026-04-21 08:34:44.342
ProcessGuid: {a65b9ff6-36a4-69e7-bd12-000000001b00}
ProcessId: 28040
Image: C:\Windows\System32\conhost.exe
User: LAPTOP-I8K1DAMV\rohin"
"2026-04-21T14:04:44.3390821+05:30","5","Process terminated:
RuleName: -
UtcTime: 2026-04-21 08:34:44.338
ProcessGuid: {a65b9ff6-36a4-69e7-bc12-000000001b00}
ProcessId: 21964
Image: C:\Program Files\Git\cmd\git.exe
User: LAPTOP-I8K1DAMV\rohin"
"2026-04-21T14:04:44.3347909+05:30","5","Process terminated:
RuleName: -
UtcTime: 2026-04-21 08:34:44.334
ProcessGuid: {a65b9ff6-36a4-69e7-be12-000000001b00}
ProcessId: 19884
Image: C:\Program Files\Git\mingw64\bin\git.exe
User: LAPTOP-I8K1DAMV\rohin"
"2026-04-21T14:04:36.2428083+05:30","5","Process terminated:
RuleName: -
UtcTime: 2026-04-21 08:34:36.241
ProcessGuid: {a65b9ff6-3636-69e7-7912-000000001b00}
ProcessId: 14140
Image: C:\Windows\System32\cmd.exe
User: LAPTOP-I8K1DAMV\rohin"
"2026-04-21T14:04:36.2106469+05:30","5","Process terminated:
RuleName: -
UtcTime: 2026-04-21 08:34:36.209
ProcessGuid: {a65b9ff6-368f-69e7-ba12-000000001b00}
ProcessId: 24452
Image: D:\BTP\Log-Anamoly-Detection\.venv\Scripts\python.exe
User: LAPTOP-I8K1DAMV\rohin"
"2026-04-21T14:04:36.1981807+05:30","5","Process terminated:
RuleName: -
UtcTime: 2026-04-21 08:34:36.197
ProcessGuid: {a65b9ff6-368f-69e7-bb12-000000001b00}
ProcessId: 27596
Image: C:\Users\rohin\AppData\Local\Programs\Python\Python314\python.exe
User: LAPTOP-I8K1DAMV\rohin"
"2026-04-21T14:04:23.7335403+05:30","5","Process terminated:
RuleName: -
UtcTime: 2026-04-21 08:34:23.732
ProcessGuid: {a65b9ff6-3563-69e7-6412-000000001b00}
ProcessId: 28828
Image: C:\Windows\System32\audiodg.exe
User: NT AUTHORITY\LOCAL SERVICE"
"2026-04-21T14:04:23.6954868+05:30","5","Process terminated:
RuleName: -
UtcTime: 2026-04-21 08:34:23.694
ProcessGuid: {a65b9ff6-368c-69e7-b812-000000001b00}
ProcessId: 28276
Image: D:\BTP\Log-Anamoly-Detection\.venv\Scripts\python.exe
User: LAPTOP-I8K1DAMV\rohin"
"2026-04-21T14:04:23.6807469+05:30","5","Process terminated:
RuleName: -
UtcTime: 2026-04-21 08:34:23.680
ProcessGuid: {a65b9ff6-368c-69e7-b912-000000001b00}
ProcessId: 12944
Image: C:\Users\rohin\AppData\Local\Programs\Python\Python314\python.exe
User: LAPTOP-I8K1DAMV\rohin"
"2026-04-21T14:04:20.0214269+05:30","5","Process terminated:
RuleName: -
UtcTime: 2026-04-21 08:34:20.020
ProcessGuid: {a65b9ff6-3684-69e7-b612-000000001b00}
ProcessId: 27708
Image: D:\BTP\Log-Anamoly-Detection\.venv\Scripts\python.exe
User: LAPTOP-I8K1DAMV\rohin"
"2026-04-21T14:04:19.9988696+05:30","5","Process terminated:
RuleName: -
UtcTime: 2026-04-21 08:34:19.992
ProcessGuid: {a65b9ff6-3684-69e7-b712-000000001b00}
ProcessId: 6544
Image: C:\Users\rohin\AppData\Local\Programs\Python\Python314\python.exe
User: LAPTOP-I8K1DAMV\rohin"
"2026-04-21T14:04:12.2823227+05:30","5","Process terminated:
RuleName: -
UtcTime: 2026-04-21 08:34:12.281
ProcessGuid: {a65b9ff6-3681-69e7-b412-000000001b00}
ProcessId: 21604
Image: D:\BTP\Log-Anamoly-Detection\.venv\Scripts\python.exe
User: LAPTOP-I8K1DAMV\rohin"
"2026-04-21T14:04:12.2712398+05:30","5","Process terminated:
RuleName: -
UtcTime: 2026-04-21 08:34:12.270
ProcessGuid: {a65b9ff6-3681-69e7-b512-000000001b00}
ProcessId: 14088
Image: C:\Users\rohin\AppData\Local\Programs\Python\Python314\python.exe
User: LAPTOP-I8K1DAMV\rohin"
"2026-04-21T14:04:09.4694962+05:30","5","Process terminated:
RuleName: -
UtcTime: 2026-04-21 08:34:09.469
ProcessGuid: {a65b9ff6-3681-69e7-b112-000000001b00}
ProcessId: 10768
Image: C:\Windows\System32\cmd.exe
User: LAPTOP-I8K1DAMV\rohin"
"2026-04-21T14:04:09.4650992+05:30","5","Process terminated:
RuleName: -
UtcTime: 2026-04-21 08:34:09.464
ProcessGuid: {a65b9ff6-3681-69e7-b312-000000001b00}
ProcessId: 30608
Image: C:\Windows\System32\find.exe
User: LAPTOP-I8K1DAMV\rohin"
"2026-04-21T14:04:09.4626062+05:30","5","Process terminated:
RuleName: -
UtcTime: 2026-04-21 08:34:09.462
ProcessGuid: {a65b9ff6-3681-69e7-b212-000000001b00}
ProcessId: 17236
Image: C:\Windows\System32\cmd.exe
User: LAPTOP-I8K1DAMV\rohin"
"2026-04-21T14:04:09.3149970+05:30","5","Process terminated:
RuleName: -
UtcTime: 2026-04-21 08:34:09.314
ProcessGuid: {a65b9ff6-364f-69e7-a812-000000001b00}
ProcessId: 14412
Image: D:\BTP\Log-Anamoly-Detection\.venv\Scripts\python.exe
User: LAPTOP-I8K1DAMV\rohin"
"2026-04-21T14:04:09.2994103+05:30","5","Process terminated:
RuleName: -
UtcTime: 2026-04-21 08:34:09.299
ProcessGuid: {a65b9ff6-364f-69e7-a912-000000001b00}
ProcessId: 18516
Image: C:\Users\rohin\AppData\Local\Programs\Python\Python314\python.exe
User: LAPTOP-I8K1DAMV\rohin"
"2026-04-21T14:04:09.2365037+05:30","5","Process terminated:
RuleName: -
UtcTime: 2026-04-21 08:34:09.236
ProcessGuid: {a65b9ff6-364f-69e7-aa12-000000001b00}
ProcessId: 3356
Image: C:\Windows\System32\WindowsPowerShell\v1.0\powershell.exe
User: LAPTOP-I8K1DAMV\rohin"
"2026-04-21T14:04:07.6193119+05:30","5","Process terminated:
RuleName: -
UtcTime: 2026-04-21 08:34:07.619
ProcessGuid: {a65b9ff6-367f-69e7-af12-000000001b00}
ProcessId: 29372
Image: C:\Program Files\Adobe\Acrobat DC\Acrobat\RDCNotificationClient\FullTrustNotifier.exe
User: LAPTOP-I8K1DAMV\rohin"
"2026-04-21T14:03:19.6366996+05:30","5","Process terminated:
RuleName: -
UtcTime: 2026-04-21 08:33:19.635
ProcessGuid: {a65b9ff6-3636-69e7-7a12-000000001b00}
ProcessId: 31052
Image: D:\BTP\Log-Anamoly-Detection\.venv\Scripts\python.exe
User: LAPTOP-I8K1DAMV\rohin"
"2026-04-21T14:03:19.6221083+05:30","5","Process terminated:
RuleName: -
UtcTime: 2026-04-21 08:33:19.621
ProcessGuid: {a65b9ff6-3636-69e7-7b12-000000001b00}
ProcessId: 17872
Image: C:\Users\rohin\AppData\Local\Programs\Python\Python314\python.exe
User: LAPTOP-I8K1DAMV\rohin"
"2026-04-21T14:03:19.5373634+05:30","11","File created:
RuleName: -
UtcTime: 2026-04-21 08:33:19.536
ProcessGuid: {a65b9ff6-3636-69e7-7b12-000000001b00}
ProcessId: 17872
Image: C:\Users\rohin\AppData\Local\Programs\Python\Python314\python.exe
TargetFilename: D:\BTP\Log-Anamoly-Detection\attack_files\attack_file_029.txt
CreationUtcTime: 2026-04-20 23:20:30.906
User: LAPTOP-I8K1DAMV\rohin"
"2026-04-21T14:03:19.5057284+05:30","11","File created:
RuleName: -
UtcTime: 2026-04-21 08:33:19.505
ProcessGuid: {a65b9ff6-3636-69e7-7b12-000000001b00}
ProcessId: 17872
Image: C:\Users\rohin\AppData\Local\Programs\Python\Python314\python.exe
TargetFilename: D:\BTP\Log-Anamoly-Detection\attack_files\attack_file_028.txt
CreationUtcTime: 2026-04-20 23:20:30.897
User: LAPTOP-I8K1DAMV\rohin"
"2026-04-21T14:03:19.4740623+05:30","11","File created:
RuleName: -
UtcTime: 2026-04-21 08:33:19.473
ProcessGuid: {a65b9ff6-3636-69e7-7b12-000000001b00}
ProcessId: 17872
Image: C:\Users\rohin\AppData\Local\Programs\Python\Python314\python.exe
TargetFilename: D:\BTP\Log-Anamoly-Detection\attack_files\attack_file_027.txt
CreationUtcTime: 2026-04-20 23:20:30.896
User: LAPTOP-I8K1DAMV\rohin"
"2026-04-21T14:03:19.4413204+05:30","11","File created:
RuleName: -
UtcTime: 2026-04-21 08:33:19.440
ProcessGuid: {a65b9ff6-3636-69e7-7b12-000000001b00}
ProcessId: 17872
Image: C:\Users\rohin\AppData\Local\Programs\Python\Python314\python.exe
TargetFilename: D:\BTP\Log-Anamoly-Detection\attack_files\attack_file_026.txt
CreationUtcTime: 2026-04-20 23:20:30.890
User: LAPTOP-I8K1DAMV\rohin"
"2026-04-21T14:03:19.4096663+05:30","11","File created:
RuleName: -
UtcTime: 2026-04-21 08:33:19.408
ProcessGuid: {a65b9ff6-3636-69e7-7b12-000000001b00}
ProcessId: 17872
Image: C:\Users\rohin\AppData\Local\Programs\Python\Python314\python.exe
TargetFilename: D:\BTP\Log-Anamoly-Detection\attack_files\attack_file_025.txt
CreationUtcTime: 2026-04-20 23:20:30.883
User: LAPTOP-I8K1DAMV\rohin"
"2026-04-21T14:03:19.3780365+05:30","11","File created:
RuleName: -
UtcTime: 2026-04-21 08:33:19.377
ProcessGuid: {a65b9ff6-3636-69e7-7b12-000000001b00}
ProcessId: 17872
Image: C:\Users\rohin\AppData\Local\Programs\Python\Python314\python.exe
TargetFilename: D:\BTP\Log-Anamoly-Detection\attack_files\attack_file_024.txt
CreationUtcTime: 2026-04-20 23:20:30.879
User: LAPTOP-I8K1DAMV\rohin"
"2026-04-21T14:03:19.3463346+05:30","11","File created:
RuleName: -
UtcTime: 2026-04-21 08:33:19.345
ProcessGuid: {a65b9ff6-3636-69e7-7b12-000000001b00}
ProcessId: 17872
Image: C:\Users\rohin\AppData\Local\Programs\Python\Python314\python.exe
TargetFilename: D:\BTP\Log-Anamoly-Detection\attack_files\attack_file_023.txt
CreationUtcTime: 2026-04-20 23:20:30.873
User: LAPTOP-I8K1DAMV\rohin"
