"2026-04-21T05:42:17.1219532+05:30","5","Process terminated:
RuleName: -
UtcTime: 2026-04-21 00:12:17.121
ProcessGuid: {a65b9ff6-c0e1-69e6-6f02-000000001b00}
ProcessId: 22996
Image: C:\Windows\System32\conhost.exe
User: LAPTOP-I8K1DAMV\rohin"
"2026-04-21T05:42:17.1196689+05:30","5","Process terminated:
RuleName: -
UtcTime: 2026-04-21 00:12:17.118
ProcessGuid: {a65b9ff6-c0e1-69e6-6e02-000000001b00}
ProcessId: 22952
Image: C:\Windows\System32\reg.exe
User: LAPTOP-I8K1DAMV\rohin"
"2026-04-21T05:42:17.0516275+05:30","5","Process terminated:
RuleName: -
UtcTime: 2026-04-21 00:12:17.050
ProcessGuid: {a65b9ff6-c0dd-69e6-4d02-000000001b00}
ProcessId: 14964
Image: C:\Program Files\McAfee\WebAdvisor\updater.exe
User: NT AUTHORITY\SYSTEM"
"2026-04-21T05:42:17.0434651+05:30","5","Process terminated:
RuleName: -
UtcTime: 2026-04-21 00:12:17.043
ProcessGuid: {a65b9ff6-c0e0-69e6-6c02-000000001b00}
ProcessId: 22912
Image: C:\Windows\System32\conhost.exe
User: LAPTOP-I8K1DAMV\rohin"
"2026-04-21T05:42:17.0402326+05:30","5","Process terminated:
RuleName: -
UtcTime: 2026-04-21 00:12:17.037
ProcessGuid: {a65b9ff6-c0e0-69e6-6b02-000000001b00}
ProcessId: 22904
Image: C:\Windows\System32\reg.exe
User: LAPTOP-I8K1DAMV\rohin"
"2026-04-21T05:42:16.9719106+05:30","5","Process terminated:
RuleName: -
UtcTime: 2026-04-21 00:12:16.971
ProcessGuid: {a65b9ff6-c0e0-69e6-6a02-000000001b00}
ProcessId: 22852
Image: C:\Windows\System32\conhost.exe
User: LAPTOP-I8K1DAMV\rohin"
"2026-04-21T05:42:16.9689047+05:30","5","Process terminated:
RuleName: -
UtcTime: 2026-04-21 00:12:16.967
ProcessGuid: {a65b9ff6-c0e0-69e6-6902-000000001b00}
ProcessId: 22840
Image: C:\Windows\System32\reg.exe
User: LAPTOP-I8K1DAMV\rohin"
"2026-04-21T05:42:16.8332540+05:30","5","Process terminated:
RuleName: -
UtcTime: 2026-04-21 00:12:16.833
ProcessGuid: {a65b9ff6-c0e0-69e6-6402-000000001b00}
ProcessId: 22616
Image: C:\Windows\System32\conhost.exe
User: LAPTOP-I8K1DAMV\rohin"
"2026-04-21T05:42:16.8291563+05:30","5","Process terminated:
RuleName: -
UtcTime: 2026-04-21 00:12:16.828
ProcessGuid: {a65b9ff6-c0e0-69e6-6102-000000001b00}
ProcessId: 22544
Image: C:\Windows\System32\taskkill.exe
User: LAPTOP-I8K1DAMV\rohin"
"2026-04-21T05:42:16.7384783+05:30","5","Process terminated:
RuleName: -
UtcTime: 2026-04-21 00:12:16.737
ProcessGuid: {a65b9ff6-c0e0-69e6-6502-000000001b00}
ProcessId: 22628
Image: C:\Windows\System32\conhost.exe
User: LAPTOP-I8K1DAMV\rohin"
"2026-04-21T05:42:16.7315189+05:30","5","Process terminated:
RuleName: -
UtcTime: 2026-04-21 00:12:16.731
ProcessGuid: {a65b9ff6-c0e0-69e6-6202-000000001b00}
ProcessId: 22564
Image: C:\Users\rohin\AppData\Local\Programs\Python\Python314\python.exe
User: LAPTOP-I8K1DAMV\rohin"
"2026-04-21T05:42:16.5915715+05:30","5","Process terminated:
RuleName: -
UtcTime: 2026-04-21 00:12:16.590
ProcessGuid: {a65b9ff6-c0e0-69e6-6302-000000001b00}
ProcessId: 22584
Image: C:\Windows\System32\conhost.exe
User: NT AUTHORITY\SYSTEM"
"2026-04-21T05:42:16.5875271+05:30","5","Process terminated:
RuleName: -
UtcTime: 2026-04-21 00:12:16.585
ProcessGuid: {a65b9ff6-c0e0-69e6-6002-000000001b00}
ProcessId: 22536
Image: C:\Windows\System32\Robocopy.exe
User: NT AUTHORITY\SYSTEM"
"2026-04-21T05:42:16.0527496+05:30","5","Process terminated:
RuleName: -
UtcTime: 2026-04-21 00:12:16.052
ProcessGuid: {a65b9ff6-c0df-69e6-5c02-000000001b00}
ProcessId: 16628
Image: C:\Windows\System32\conhost.exe
User: LAPTOP-I8K1DAMV\rohin"
"2026-04-21T05:42:16.0485207+05:30","5","Process terminated:
RuleName: -
UtcTime: 2026-04-21 00:12:16.048
ProcessGuid: {a65b9ff6-c0df-69e6-5b02-000000001b00}
ProcessId: 21756
Image: C:\Users\rohin\AppData\Local\Programs\Python\Python314\python.exe
User: LAPTOP-I8K1DAMV\rohin"
"2026-04-21T05:42:15.5834314+05:30","5","Process terminated:
RuleName: -
UtcTime: 2026-04-21 00:12:15.583
ProcessGuid: {a65b9ff6-c0df-69e6-5a02-000000001b00}
ProcessId: 16732
Image: C:\Windows\System32\conhost.exe
User: LAPTOP-I8K1DAMV\rohin"
"2026-04-21T05:42:15.5815122+05:30","5","Process terminated:
RuleName: -
UtcTime: 2026-04-21 00:12:15.581
ProcessGuid: {a65b9ff6-c0df-69e6-5902-000000001b00}
ProcessId: 16784
Image: C:\Windows\System32\conhost.exe
User: LAPTOP-I8K1DAMV\rohin"
"2026-04-21T05:42:15.5793183+05:30","5","Process terminated:
RuleName: -
UtcTime: 2026-04-21 00:12:15.579
ProcessGuid: {a65b9ff6-c0df-69e6-5802-000000001b00}
ProcessId: 21584
Image: C:\Users\rohin\AppData\Local\Programs\Python\Python314\python.exe
User: LAPTOP-I8K1DAMV\rohin"
"2026-04-21T05:42:15.5768889+05:30","5","Process terminated:
RuleName: -
UtcTime: 2026-04-21 00:12:15.576
ProcessGuid: {a65b9ff6-c0df-69e6-5702-000000001b00}
ProcessId: 15972
Image: C:\Users\rohin\AppData\Local\Programs\Python\Python314\python.exe
User: LAPTOP-I8K1DAMV\rohin"
"2026-04-21T05:42:15.1478031+05:30","5","Process terminated:
RuleName: -
UtcTime: 2026-04-21 00:12:15.146
ProcessGuid: {a65b9ff6-c0df-69e6-5502-000000001b00}
ProcessId: 21652
Image: C:\Users\rohin\AppData\Local\Programs\Microsoft VS Code\Code.exe
User: LAPTOP-I8K1DAMV\rohin"
"2026-04-21T05:42:15.1471011+05:30","5","Process terminated:
RuleName: -
UtcTime: 2026-04-21 00:12:15.146
ProcessGuid: {a65b9ff6-c0df-69e6-5602-000000001b00}
ProcessId: 21884
Image: C:\Users\rohin\AppData\Local\Programs\Microsoft VS Code\Code.exe
User: LAPTOP-I8K1DAMV\rohin"
"2026-04-21T05:42:14.8155938+05:30","5","Process terminated:
RuleName: -
UtcTime: 2026-04-21 00:12:14.806
ProcessGuid: {a65b9ff6-c0c0-69e6-4901-000000001b00}
ProcessId: 16624
Image: C:\Program Files\WindowsApps\AD2F1837.HPSystemEventUtility_3.2.16.0_x64__v10z8vjag6ke6\SystemEventUtility\HPSystemEventUtilityBackgroundLauncher.exe
User: LAPTOP-I8K1DAMV\rohin"
"2026-04-21T05:42:14.6017212+05:30","5","Process terminated:
RuleName: -
UtcTime: 2026-04-21 00:12:14.594
ProcessGuid: {a65b9ff6-c0de-69e6-5302-000000001b00}
ProcessId: 21648
Image: C:\Windows\System32\conhost.exe
User: LAPTOP-I8K1DAMV\rohin"
"2026-04-21T05:42:14.5988696+05:30","5","Process terminated:
RuleName: -
UtcTime: 2026-04-21 00:12:14.594
ProcessGuid: {a65b9ff6-c0de-69e6-5202-000000001b00}
ProcessId: 22040
Image: C:\Users\rohin\AppData\Local\Programs\Python\Python314\python.exe
User: LAPTOP-I8K1DAMV\rohin"
"2026-04-21T05:42:14.4397144+05:30","5","Process terminated:
RuleName: -
UtcTime: 2026-04-21 00:12:14.439
ProcessGuid: {a65b9ff6-c0de-69e6-5102-000000001b00}
ProcessId: 21652
Image: C:\Windows\System32\conhost.exe
User: LAPTOP-I8K1DAMV\rohin"
"2026-04-21T05:42:14.4351313+05:30","5","Process terminated:
RuleName: -
UtcTime: 2026-04-21 00:12:14.433
ProcessGuid: {a65b9ff6-c0de-69e6-5002-000000001b00}
ProcessId: 21056
Image: C:\Users\rohin\AppData\Local\Programs\Python\Python314\python.exe
User: LAPTOP-I8K1DAMV\rohin"
"2026-04-21T05:42:14.3086014+05:30","5","Process terminated:
RuleName: -
UtcTime: 2026-04-21 00:12:14.304
ProcessGuid: {a65b9ff6-c0de-69e6-4f02-000000001b00}
ProcessId: 14448
Image: C:\Windows\System32\conhost.exe
User: LAPTOP-I8K1DAMV\rohin"
"2026-04-21T05:42:14.3041012+05:30","5","Process terminated:
RuleName: -
UtcTime: 2026-04-21 00:12:14.303
ProcessGuid: {a65b9ff6-c0de-69e6-4e02-000000001b00}
ProcessId: 13168
Image: C:\Users\rohin\AppData\Local\Programs\Python\Python314\python.exe
User: LAPTOP-I8K1DAMV\rohin"
"2026-04-21T05:42:13.3454644+05:30","5","Process terminated:
RuleName: -
UtcTime: 2026-04-21 00:12:13.345
ProcessGuid: {a65b9ff6-c0dd-69e6-4c02-000000001b00}
ProcessId: 21652
Image: C:\Windows\System32\conhost.exe
User: LAPTOP-I8K1DAMV\rohin"
"2026-04-21T05:42:13.3430977+05:30","5","Process terminated:
RuleName: -
UtcTime: 2026-04-21 00:12:13.342
ProcessGuid: {a65b9ff6-c0dd-69e6-4b02-000000001b00}
ProcessId: 19476
Image: C:\Users\rohin\AppData\Local\Programs\Microsoft VS Code\560a9dba96\resources\app\node_modules\@vscode\ripgrep\bin\rg.exe
User: LAPTOP-I8K1DAMV\rohin"
"2026-04-21T05:42:13.1390805+05:30","5","Process terminated:
RuleName: -
UtcTime: 2026-04-21 00:12:13.137
ProcessGuid: {a65b9ff6-c0d6-69e6-f501-000000001b00}
ProcessId: 21288
Image: C:\Windows\System32\taskhostw.exe
User: LAPTOP-I8K1DAMV\rohin"
"2026-04-21T05:42:12.1592341+05:30","5","Process terminated:
RuleName: -
UtcTime: 2026-04-21 00:12:12.157
ProcessGuid: {a65b9ff6-c0dc-69e6-4a02-000000001b00}
ProcessId: 21608
Image: C:\Users\rohin\AppData\Local\Programs\Microsoft VS Code\Code.exe
User: LAPTOP-I8K1DAMV\rohin"
"2026-04-21T05:42:11.8777154+05:30","5","Process terminated:
RuleName: -
UtcTime: 2026-04-21 00:12:11.876
ProcessGuid: {a65b9ff6-c0db-69e6-4602-000000001b00}
ProcessId: 21672
Image: C:\Windows\System32\conhost.exe
User: LAPTOP-I8K1DAMV\rohin"
"2026-04-21T05:42:11.8731527+05:30","5","Process terminated:
RuleName: -
UtcTime: 2026-04-21 00:12:11.872
ProcessGuid: {a65b9ff6-c0db-69e6-4302-000000001b00}
ProcessId: 21588
Image: C:\Program Files\Git\cmd\git.exe
User: LAPTOP-I8K1DAMV\rohin"
"2026-04-21T05:42:11.8674914+05:30","5","Process terminated:
RuleName: -
UtcTime: 2026-04-21 00:12:11.865
ProcessGuid: {a65b9ff6-c0db-69e6-4902-000000001b00}
ProcessId: 14280
Image: C:\Program Files\Git\mingw64\bin\git.exe
User: LAPTOP-I8K1DAMV\rohin"
"2026-04-21T05:42:11.7814009+05:30","5","Process terminated:
RuleName: -
UtcTime: 2026-04-21 00:12:11.780
ProcessGuid: {a65b9ff6-c0db-69e6-4702-000000001b00}
ProcessId: 21740
Image: C:\Windows\System32\chcp.com
User: LAPTOP-I8K1DAMV\rohin"
"2026-04-21T05:42:11.7803792+05:30","5","Process terminated:
RuleName: -
UtcTime: 2026-04-21 00:12:11.779
ProcessGuid: {a65b9ff6-c0db-69e6-4802-000000001b00}
ProcessId: 22436
Image: C:\Windows\System32\chcp.com
User: LAPTOP-I8K1DAMV\rohin"
"2026-04-21T05:42:11.7276436+05:30","5","Process terminated:
RuleName: -
UtcTime: 2026-04-21 00:12:11.726
ProcessGuid: {a65b9ff6-c0db-69e6-4502-000000001b00}
ProcessId: 19784
Image: C:\Windows\System32\chcp.com
User: LAPTOP-I8K1DAMV\rohin"
"2026-04-21T05:42:11.7254889+05:30","5","Process terminated:
RuleName: -
UtcTime: 2026-04-21 00:12:11.724
ProcessGuid: {a65b9ff6-c0db-69e6-4402-000000001b00}
ProcessId: 21616
Image: C:\Windows\System32\chcp.com
User: LAPTOP-I8K1DAMV\rohin"
"2026-04-21T05:42:11.6821287+05:30","5","Process terminated:
RuleName: -
UtcTime: 2026-04-21 00:12:11.680
ProcessGuid: {a65b9ff6-c0db-69e6-3f02-000000001b00}
ProcessId: 14752
Image: C:\Windows\System32\cmd.exe
User: LAPTOP-I8K1DAMV\rohin"
"2026-04-21T05:42:11.6801208+05:30","5","Process terminated:
RuleName: -
UtcTime: 2026-04-21 00:12:11.678
ProcessGuid: {a65b9ff6-c0db-69e6-3e02-000000001b00}
ProcessId: 4516
Image: C:\Windows\System32\cmd.exe
User: LAPTOP-I8K1DAMV\rohin"
"2026-04-21T05:42:11.6756373+05:30","5","Process terminated:
RuleName: -
UtcTime: 2026-04-21 00:12:11.675
ProcessGuid: {a65b9ff6-c0db-69e6-3d02-000000001b00}
ProcessId: 15212
Image: C:\Windows\System32\conhost.exe
User: LAPTOP-I8K1DAMV\rohin"
"2026-04-21T05:42:11.6695723+05:30","5","Process terminated:
RuleName: -
UtcTime: 2026-04-21 00:12:11.668
ProcessGuid: {a65b9ff6-c0db-69e6-3c02-000000001b00}
ProcessId: 19460
Image: C:\Program Files\Git\cmd\git.exe
User: LAPTOP-I8K1DAMV\rohin"
"2026-04-21T05:42:11.6695379+05:30","5","Process terminated:
RuleName: -
UtcTime: 2026-04-21 00:12:11.668
ProcessGuid: {a65b9ff6-c0db-69e6-4202-000000001b00}
ProcessId: 21976
Image: C:\Windows\System32\chcp.com
User: LAPTOP-I8K1DAMV\rohin"
"2026-04-21T05:42:11.6692732+05:30","5","Process terminated:
RuleName: -
UtcTime: 2026-04-21 00:12:11.668
ProcessGuid: {a65b9ff6-c0db-69e6-4102-000000001b00}
ProcessId: 21056
Image: C:\Windows\System32\chcp.com
User: LAPTOP-I8K1DAMV\rohin"
"2026-04-21T05:42:11.6632362+05:30","5","Process terminated:
RuleName: -
UtcTime: 2026-04-21 00:12:11.661
ProcessGuid: {a65b9ff6-c0db-69e6-4002-000000001b00}
ProcessId: 19492
Image: C:\Program Files\Git\mingw64\bin\git.exe
User: LAPTOP-I8K1DAMV\rohin"
"2026-04-21T05:42:11.4320892+05:30","5","Process terminated:
RuleName: -
UtcTime: 2026-04-21 00:12:11.431
ProcessGuid: {a65b9ff6-c0db-69e6-3a02-000000001b00}
ProcessId: 22304
Image: C:\Windows\System32\conhost.exe
User: LAPTOP-I8K1DAMV\rohin"
"2026-04-21T05:42:11.4275818+05:30","5","Process terminated:
RuleName: -
UtcTime: 2026-04-21 00:12:11.426
ProcessGuid: {a65b9ff6-c0db-69e6-3902-000000001b00}
ProcessId: 12768
Image: C:\Program Files\Git\cmd\git.exe
User: LAPTOP-I8K1DAMV\rohin"
"2026-04-21T05:42:11.4186640+05:30","5","Process terminated:
RuleName: -
UtcTime: 2026-04-21 00:12:11.408
ProcessGuid: {a65b9ff6-c0db-69e6-3b02-000000001b00}
ProcessId: 21672
Image: C:\Program Files\Git\mingw64\bin\git.exe
User: LAPTOP-I8K1DAMV\rohin"
"2026-04-21T05:42:11.2203816+05:30","5","Process terminated:
RuleName: -
UtcTime: 2026-04-21 00:12:11.219
ProcessGuid: {a65b9ff6-c0db-69e6-3702-000000001b00}
ProcessId: 21744
Image: C:\Windows\System32\conhost.exe
User: LAPTOP-I8K1DAMV\rohin"
"2026-04-21T05:42:11.2139777+05:30","5","Process terminated:
RuleName: -
UtcTime: 2026-04-21 00:12:11.212
ProcessGuid: {a65b9ff6-c0db-69e6-3602-000000001b00}
ProcessId: 22436
Image: C:\Program Files\Git\cmd\git.exe
User: LAPTOP-I8K1DAMV\rohin"
"2026-04-21T05:42:11.2037164+05:30","5","Process terminated:
RuleName: -
UtcTime: 2026-04-21 00:12:11.202
ProcessGuid: {a65b9ff6-c0db-69e6-3802-000000001b00}
ProcessId: 14280
Image: C:\Program Files\Git\mingw64\bin\git.exe
User: LAPTOP-I8K1DAMV\rohin"
"2026-04-21T05:42:11.0284852+05:30","5","Process terminated:
RuleName: -
UtcTime: 2026-04-21 00:12:11.027
ProcessGuid: {a65b9ff6-c0da-69e6-3402-000000001b00}
ProcessId: 21584
Image: C:\Windows\System32\conhost.exe
User: LAPTOP-I8K1DAMV\rohin"
"2026-04-21T05:42:11.0236128+05:30","5","Process terminated:
RuleName: -
UtcTime: 2026-04-21 00:12:11.023
ProcessGuid: {a65b9ff6-c0da-69e6-3302-000000001b00}
ProcessId: 21884
Image: C:\Program Files\Git\cmd\git.exe
User: LAPTOP-I8K1DAMV\rohin"
"2026-04-21T05:42:11.0161209+05:30","5","Process terminated:
RuleName: -
UtcTime: 2026-04-21 00:12:11.011
ProcessGuid: {a65b9ff6-c0da-69e6-3502-000000001b00}
ProcessId: 22368
Image: C:\Program Files\Git\mingw64\bin\git.exe
User: LAPTOP-I8K1DAMV\rohin"
"2026-04-21T05:42:10.8286658+05:30","5","Process terminated:
RuleName: -
UtcTime: 2026-04-21 00:12:10.828
ProcessGuid: {a65b9ff6-c0da-69e6-3002-000000001b00}
ProcessId: 13712
Image: C:\Windows\System32\conhost.exe
User: LAPTOP-I8K1DAMV\rohin"
"2026-04-21T05:42:10.8216892+05:30","5","Process terminated:
RuleName: -
UtcTime: 2026-04-21 00:12:10.821
ProcessGuid: {a65b9ff6-c0da-69e6-2f02-000000001b00}
ProcessId: 22200
Image: C:\Program Files\Git\cmd\git.exe
User: LAPTOP-I8K1DAMV\rohin"
"2026-04-21T05:42:10.8161534+05:30","5","Process terminated:
RuleName: -
UtcTime: 2026-04-21 00:12:10.812
ProcessGuid: {a65b9ff6-c0da-69e6-3102-000000001b00}
ProcessId: 14148
Image: C:\Program Files\Git\mingw64\bin\git.exe
User: LAPTOP-I8K1DAMV\rohin"
"2026-04-21T05:42:10.6670265+05:30","5","Process terminated:
RuleName: -
UtcTime: 2026-04-21 00:12:10.663
ProcessGuid: {a65b9ff6-c0da-69e6-2d02-000000001b00}
ProcessId: 21540
Image: C:\Windows\System32\conhost.exe
User: LAPTOP-I8K1DAMV\rohin"
"2026-04-21T05:42:10.6633710+05:30","5","Process terminated:
RuleName: -
UtcTime: 2026-04-21 00:12:10.663
ProcessGuid: {a65b9ff6-c0da-69e6-2c02-000000001b00}
ProcessId: 21612
Image: C:\Program Files\Git\cmd\git.exe
User: LAPTOP-I8K1DAMV\rohin"
"2026-04-21T05:42:10.6578762+05:30","5","Process terminated:
RuleName: -
UtcTime: 2026-04-21 00:12:10.656
ProcessGuid: {a65b9ff6-c0da-69e6-2e02-000000001b00}
ProcessId: 13956
Image: C:\Program Files\Git\mingw64\bin\git.exe
User: LAPTOP-I8K1DAMV\rohin"
"2026-04-21T05:42:10.6457724+05:30","5","Process terminated:
RuleName: -
UtcTime: 2026-04-21 00:12:10.644
ProcessGuid: {a65b9ff6-c0da-69e6-2b02-000000001b00}
ProcessId: 22100
Image: C:\Windows\System32\conhost.exe
User: LAPTOP-I8K1DAMV\rohin"
"2026-04-21T05:42:10.6418691+05:30","5","Process terminated:
RuleName: -
UtcTime: 2026-04-21 00:12:10.640
ProcessGuid: {a65b9ff6-c0da-69e6-2402-000000001b00}
ProcessId: 19044
Image: C:\Windows\System32\wevtutil.exe
User: LAPTOP-I8K1DAMV\rohin"
"2026-04-21T05:42:10.4922936+05:30","5","Process terminated:
RuleName: -
UtcTime: 2026-04-21 00:12:10.491
ProcessGuid: {a65b9ff6-c0da-69e6-2902-000000001b00}
ProcessId: 19420
Image: C:\Windows\System32\conhost.exe
User: LAPTOP-I8K1DAMV\rohin"
"2026-04-21T05:42:10.4875729+05:30","5","Process terminated:
RuleName: -
UtcTime: 2026-04-21 00:12:10.486
ProcessGuid: {a65b9ff6-c0da-69e6-2802-000000001b00}
ProcessId: 14280
Image: C:\Program Files\Git\cmd\git.exe
User: LAPTOP-I8K1DAMV\rohin"
"2026-04-21T05:42:10.4830432+05:30","5","Process terminated:
RuleName: -
UtcTime: 2026-04-21 00:12:10.482
ProcessGuid: {a65b9ff6-c0da-69e6-2a02-000000001b00}
ProcessId: 22304
Image: C:\Program Files\Git\mingw64\bin\git.exe
User: LAPTOP-I8K1DAMV\rohin"
"2026-04-21T05:42:10.3464704+05:30","5","Process terminated:
RuleName: -
UtcTime: 2026-04-21 00:12:10.345
ProcessGuid: {a65b9ff6-c0da-69e6-2602-000000001b00}
ProcessId: 2772
Image: C:\Windows\System32\conhost.exe
User: LAPTOP-I8K1DAMV\rohin"
"2026-04-21T05:42:10.3428601+05:30","5","Process terminated:
RuleName: -
UtcTime: 2026-04-21 00:12:10.341
ProcessGuid: {a65b9ff6-c0da-69e6-2502-000000001b00}
ProcessId: 2212
Image: C:\Program Files\Git\cmd\git.exe
User: LAPTOP-I8K1DAMV\rohin"
"2026-04-21T05:42:10.3360048+05:30","5","Process terminated:
RuleName: -
UtcTime: 2026-04-21 00:12:10.335
ProcessGuid: {a65b9ff6-c0da-69e6-2702-000000001b00}
ProcessId: 21072
Image: C:\Program Files\Git\mingw64\bin\git.exe
User: LAPTOP-I8K1DAMV\rohin"
"2026-04-21T05:42:10.2116677+05:30","5","Process terminated:
RuleName: -
UtcTime: 2026-04-21 00:12:10.207
ProcessGuid: {a65b9ff6-c0da-69e6-2002-000000001b00}
ProcessId: 21284
Image: C:\Windows\System32\conhost.exe
User: LAPTOP-I8K1DAMV\rohin"
"2026-04-21T05:42:10.2088473+05:30","5","Process terminated:
RuleName: -
UtcTime: 2026-04-21 00:12:10.207
ProcessGuid: {a65b9ff6-c0da-69e6-1f02-000000001b00}
ProcessId: 20536
Image: C:\Program Files\Git\cmd\git.exe
User: LAPTOP-I8K1DAMV\rohin"
"2026-04-21T05:42:10.2024883+05:30","5","Process terminated:
RuleName: -
UtcTime: 2026-04-21 00:12:10.199
ProcessGuid: {a65b9ff6-c0da-69e6-2202-000000001b00}
ProcessId: 21804
Image: C:\Program Files\Git\mingw64\bin\git.exe
User: LAPTOP-I8K1DAMV\rohin"
"2026-04-21T05:42:09.9067383+05:30","5","Process terminated:
RuleName: -
UtcTime: 2026-04-21 00:12:09.904
ProcessGuid: {a65b9ff6-c0d9-69e6-1d02-000000001b00}
ProcessId: 13932
Image: C:\Windows\System32\conhost.exe
User: LAPTOP-I8K1DAMV\rohin"
"2026-04-21T05:42:09.9033047+05:30","5","Process terminated:
RuleName: -
UtcTime: 2026-04-21 00:12:09.902
ProcessGuid: {a65b9ff6-c0d9-69e6-1c02-000000001b00}
ProcessId: 22096
Image: C:\Program Files\Git\cmd\git.exe
User: LAPTOP-I8K1DAMV\rohin"
"2026-04-21T05:42:09.8995082+05:30","5","Process terminated:
RuleName: -
UtcTime: 2026-04-21 00:12:09.898
ProcessGuid: {a65b9ff6-c0d9-69e6-1e02-000000001b00}
ProcessId: 12944
Image: C:\Program Files\Git\mingw64\bin\git.exe
User: LAPTOP-I8K1DAMV\rohin"
"2026-04-21T05:42:09.6724646+05:30","5","Process terminated:
RuleName: -
UtcTime: 2026-04-21 00:12:09.672
ProcessGuid: {a65b9ff6-c0d9-69e6-1902-000000001b00}
ProcessId: 19420
Image: C:\Windows\System32\conhost.exe
User: LAPTOP-I8K1DAMV\rohin"
"2026-04-21T05:42:09.6690536+05:30","5","Process terminated:
RuleName: -
UtcTime: 2026-04-21 00:12:09.668
ProcessGuid: {a65b9ff6-c0d9-69e6-1802-000000001b00}
ProcessId: 21988
Image: C:\Program Files\Git\cmd\git.exe
User: LAPTOP-I8K1DAMV\rohin"
"2026-04-21T05:42:09.6661344+05:30","5","Process terminated:
RuleName: -
UtcTime: 2026-04-21 00:12:09.663
ProcessGuid: {a65b9ff6-c0d9-69e6-1a02-000000001b00}
ProcessId: 2396
Image: C:\Program Files\Git\mingw64\bin\git.exe
User: LAPTOP-I8K1DAMV\rohin"
"2026-04-21T05:42:08.8082948+05:30","5","Process terminated:
RuleName: -
UtcTime: 2026-04-21 00:12:08.807
ProcessGuid: {a65b9ff6-c0d8-69e6-0e02-000000001b00}
ProcessId: 21552
Image: C:\Windows\System32\conhost.exe
User: LAPTOP-I8K1DAMV\rohin"
"2026-04-21T05:42:08.8034197+05:30","5","Process terminated:
RuleName: -
UtcTime: 2026-04-21 00:12:08.802
ProcessGuid: {a65b9ff6-c0d8-69e6-0d02-000000001b00}
ProcessId: 20652
Image: C:\Program Files\Git\cmd\git.exe
User: LAPTOP-I8K1DAMV\rohin"
"2026-04-21T05:42:08.7976782+05:30","5","Process terminated:
RuleName: -
UtcTime: 2026-04-21 00:12:08.797
ProcessGuid: {a65b9ff6-c0d8-69e6-0f02-000000001b00}
ProcessId: 21056
Image: C:\Program Files\Git\mingw64\bin\git.exe
User: LAPTOP-I8K1DAMV\rohin"
"2026-04-21T05:42:08.4501533+05:30","5","Process terminated:
RuleName: -
UtcTime: 2026-04-21 00:12:08.449
ProcessGuid: {a65b9ff6-c0d8-69e6-0a02-000000001b00}
ProcessId: 22296
Image: C:\Windows\System32\conhost.exe
User: LAPTOP-I8K1DAMV\rohin"
"2026-04-21T05:42:08.4472495+05:30","5","Process terminated:
RuleName: -
UtcTime: 2026-04-21 00:12:08.447
ProcessGuid: {a65b9ff6-c0d8-69e6-0902-000000001b00}
ProcessId: 13956
Image: C:\Program Files\Git\cmd\git.exe
User: LAPTOP-I8K1DAMV\rohin"
"2026-04-21T05:42:08.4421255+05:30","5","Process terminated:
RuleName: -
UtcTime: 2026-04-21 00:12:08.441
ProcessGuid: {a65b9ff6-c0d8-69e6-0b02-000000001b00}
ProcessId: 20536
Image: C:\Program Files\Git\mingw64\bin\git.exe
User: LAPTOP-I8K1DAMV\rohin"
"2026-04-21T05:42:08.0214464+05:30","5","Process terminated:
RuleName: -
UtcTime: 2026-04-21 00:12:08.020
ProcessGuid: {a65b9ff6-c0d7-69e6-0302-000000001b00}
ProcessId: 2432
Image: C:\Windows\System32\wsl.exe
User: LAPTOP-I8K1DAMV\rohin"
"2026-04-21T05:42:08.0149443+05:30","5","Process terminated:
RuleName: -
UtcTime: 2026-04-21 00:12:08.010
ProcessGuid: {a65b9ff6-c0d7-69e6-0602-000000001b00}
ProcessId: 22368
Image: C:\Program Files\WSL\wsl.exe
User: LAPTOP-I8K1DAMV\rohin"
"2026-04-21T05:42:07.7213043+05:30","5","Process terminated:
RuleName: -
UtcTime: 2026-04-21 00:12:07.719
ProcessGuid: {a65b9ff6-c0cf-69e6-9201-000000001b00}
ProcessId: 16676
Image: C:\Windows\System32\wsl.exe
User: LAPTOP-I8K1DAMV\rohin"
"2026-04-21T05:42:07.7184957+05:30","5","Process terminated:
RuleName: -
UtcTime: 2026-04-21 00:12:07.717
ProcessGuid: {a65b9ff6-c0d5-69e6-e701-000000001b00}
ProcessId: 21920
Image: C:\Windows\System32\conhost.exe
User: LAPTOP-I8K1DAMV\rohin"
"2026-04-21T05:42:07.7138099+05:30","5","Process terminated:
RuleName: -
UtcTime: 2026-04-21 00:12:07.713
ProcessGuid: {a65b9ff6-c0d5-69e6-e901-000000001b00}
ProcessId: 21988
Image: C:\Windows\System32\wsl.exe
User: LAPTOP-I8K1DAMV\rohin"
"2026-04-21T05:42:07.7126765+05:30","5","Process terminated:
RuleName: -
UtcTime: 2026-04-21 00:12:07.711
ProcessGuid: {a65b9ff6-c0cf-69e6-9301-000000001b00}
ProcessId: 19420
Image: C:\Program Files\WSL\wsl.exe
User: LAPTOP-I8K1DAMV\rohin"
"2026-04-21T05:42:07.7054780+05:30","5","Process terminated:
RuleName: -
UtcTime: 2026-04-21 00:12:07.704
ProcessGuid: {a65b9ff6-c0d5-69e6-ea01-000000001b00}
ProcessId: 22028
Image: C:\Program Files\WSL\wsl.exe
User: LAPTOP-I8K1DAMV\rohin"
"2026-04-21T05:42:07.6879099+05:30","5","Process terminated:
RuleName: -
UtcTime: 2026-04-21 00:12:07.687
ProcessGuid: {a65b9ff6-c0b8-69e6-ef00-000000001b00}
ProcessId: 12452
Image: C:\Program Files\AMD\CNext\CNext\cncmd.exe
User: LAPTOP-I8K1DAMV\rohin"
"2026-04-21T05:42:07.4037023+05:30","5","Process terminated:
RuleName: -
UtcTime: 2026-04-21 00:12:07.402
ProcessGuid: {a65b9ff6-c0d7-69e6-ff01-000000001b00}
ProcessId: 21792
Image: C:\Windows\System32\conhost.exe
User: LAPTOP-I8K1DAMV\rohin"
"2026-04-21T05:42:07.3997858+05:30","5","Process terminated:
RuleName: -
UtcTime: 2026-04-21 00:12:07.398
ProcessGuid: {a65b9ff6-c0d7-69e6-fe01-000000001b00}
ProcessId: 21764
Image: C:\Program Files\Git\cmd\git.exe
User: LAPTOP-I8K1DAMV\rohin"
"2026-04-21T05:42:07.3936068+05:30","5","Process terminated:
RuleName: -
UtcTime: 2026-04-21 00:12:07.393
ProcessGuid: {a65b9ff6-c0d7-69e6-0002-000000001b00}
ProcessId: 21876
Image: C:\Program Files\Git\mingw64\bin\git.exe
User: LAPTOP-I8K1DAMV\rohin"
"2026-04-21T05:42:07.2494627+05:30","5","Process terminated:
RuleName: -
UtcTime: 2026-04-21 00:12:07.248
ProcessGuid: {a65b9ff6-c0d7-69e6-fc01-000000001b00}
ProcessId: 21752
Image: C:\Windows\System32\conhost.exe
User: LAPTOP-I8K1DAMV\rohin"
"2026-04-21T05:42:07.2435879+05:30","5","Process terminated:
RuleName: -
UtcTime: 2026-04-21 00:12:07.243
ProcessGuid: {a65b9ff6-c0d7-69e6-fb01-000000001b00}
ProcessId: 21072
Image: C:\Users\rohin\AppData\Local\Programs\Microsoft VS Code\560a9dba96\resources\app\node_modules\@vscode\ripgrep\bin\rg.exe
User: LAPTOP-I8K1DAMV\rohin"
"2026-04-21T05:42:07.1213790+05:30","5","Process terminated:
RuleName: -
UtcTime: 2026-04-21 00:12:07.121
ProcessGuid: {a65b9ff6-c0d7-69e6-fa01-000000001b00}
ProcessId: 21296
Image: C:\Windows\System32\conhost.exe
User: LAPTOP-I8K1DAMV\rohin"
"2026-04-21T05:42:07.1152105+05:30","5","Process terminated:
RuleName: -
UtcTime: 2026-04-21 00:12:07.113
ProcessGuid: {a65b9ff6-c0d6-69e6-f901-000000001b00}
ProcessId: 21108
Image: C:\Windows\System32\cmd.exe
User: LAPTOP-I8K1DAMV\rohin"
"2026-04-21T05:42:07.0266695+05:30","5","Process terminated:
RuleName: -
UtcTime: 2026-04-21 00:12:07.025
ProcessGuid: {a65b9ff6-c0d6-69e6-f701-000000001b00}
ProcessId: 21564
Image: C:\Windows\System32\conhost.exe
User: LAPTOP-I8K1DAMV\rohin"
"2026-04-21T05:42:07.0207110+05:30","5","Process terminated:
RuleName: -
UtcTime: 2026-04-21 00:12:07.013
ProcessGuid: {a65b9ff6-c0d6-69e6-f601-000000001b00}
ProcessId: 21620
Image: C:\Program Files\Git\cmd\git.exe
User: LAPTOP-I8K1DAMV\rohin"
"2026-04-21T05:42:07.0146032+05:30","5","Process terminated:
RuleName: -
UtcTime: 2026-04-21 00:12:07.013
ProcessGuid: {a65b9ff6-c0d6-69e6-f801-000000001b00}
ProcessId: 21592
Image: C:\Program Files\Git\mingw64\bin\git.exe
User: LAPTOP-I8K1DAMV\rohin"
"2026-04-21T05:42:06.4677085+05:30","5","Process terminated:
RuleName: -
UtcTime: 2026-04-21 00:12:06.465
ProcessGuid: {a65b9ff6-c0d5-69e6-eb01-000000001b00}
ProcessId: 22068
Image: C:\Windows\System32\taskhostw.exe
User: LAPTOP-I8K1DAMV\rohin"
"2026-04-21T05:42:06.3425445+05:30","5","Process terminated:
RuleName: -
UtcTime: 2026-04-21 00:12:06.342
ProcessGuid: {a65b9ff6-c0d5-69e6-e601-000000001b00}
ProcessId: 21884
Image: C:\Windows\System32\cmd.exe
User: LAPTOP-I8K1DAMV\rohin"
"2026-04-21T05:42:06.2831460+05:30","5","Process terminated:
RuleName: -
UtcTime: 2026-04-21 00:12:06.282
ProcessGuid: {a65b9ff6-c0d5-69e6-ef01-000000001b00}
ProcessId: 22252
Image: C:\Program Files\Common Files\McAfee\DynamicAppDownloader\DADUpdater.exe
User: NT AUTHORITY\SYSTEM"
"2026-04-21T05:42:05.9431850+05:30","5","Process terminated:
RuleName: -
UtcTime: 2026-04-21 00:12:05.942
ProcessGuid: {a65b9ff6-c0d5-69e6-f101-000000001b00}
ProcessId: 22348
Image: C:\Windows\System32\taskhostw.exe
User: NT AUTHORITY\LOCAL SERVICE"
"2026-04-21T05:42:05.6364709+05:30","5","Process terminated:
RuleName: -
UtcTime: 2026-04-21 00:12:05.635
ProcessGuid: {a65b9ff6-c0d5-69e6-ed01-000000001b00}
ProcessId: 22104
Image: C:\Program Files\Microsoft Office\root\vfs\ProgramFilesCommonX64\Microsoft Shared\OFFICE16\opushutil.exe
User: LAPTOP-I8K1DAMV\rohin"
"2026-04-21T05:42:05.5985374+05:30","5","Process terminated:
RuleName: -
UtcTime: 2026-04-21 00:12:05.596
ProcessGuid: {a65b9ff6-c0b7-69e6-e300-000000001b00}
ProcessId: 4564
Image: C:\Windows\System32\svchost.exe
User: NT AUTHORITY\SYSTEM"
"2026-04-21T05:42:05.2573324+05:30","5","Process terminated:
RuleName: -
UtcTime: 2026-04-21 00:12:05.256
ProcessGuid: {a65b9ff6-c0d5-69e6-e201-000000001b00}
ProcessId: 21540
Image: C:\Windows\System32\conhost.exe
User: LAPTOP-I8K1DAMV\rohin"
"2026-04-21T05:42:05.2530675+05:30","5","Process terminated:
RuleName: -
UtcTime: 2026-04-21 00:12:05.252
ProcessGuid: {a65b9ff6-c0d5-69e6-df01-000000001b00}
ProcessId: 21204
Image: C:\Program Files\Git\cmd\git.exe
User: LAPTOP-I8K1DAMV\rohin"
"2026-04-21T05:42:05.2477070+05:30","5","Process terminated:
RuleName: -
UtcTime: 2026-04-21 00:12:05.246
ProcessGuid: {a65b9ff6-c0d5-69e6-e501-000000001b00}
ProcessId: 21656
Image: C:\Program Files\Git\mingw64\bin\git.exe
User: LAPTOP-I8K1DAMV\rohin"
"2026-04-21T05:42:05.2189326+05:30","5","Process terminated:
RuleName: -
UtcTime: 2026-04-21 00:12:05.217
ProcessGuid: {a65b9ff6-c0d5-69e6-dc01-000000001b00}
ProcessId: 20612
Image: C:\Windows\System32\conhost.exe
User: LAPTOP-I8K1DAMV\rohin"
"2026-04-21T05:42:05.2187141+05:30","5","Process terminated:
RuleName: -
UtcTime: 2026-04-21 00:12:05.217
ProcessGuid: {a65b9ff6-c0d4-69e6-ce01-000000001b00}
ProcessId: 21164
Image: C:\Windows\System32\taskhostw.exe
User: NT AUTHORITY\NETWORK SERVICE"
"2026-04-21T05:42:05.2153249+05:30","5","Process terminated:
RuleName: -
UtcTime: 2026-04-21 00:12:05.212
ProcessGuid: {a65b9ff6-c0d5-69e6-db01-000000001b00}
ProcessId: 21080
Image: C:\Program Files\Git\cmd\git.exe
User: LAPTOP-I8K1DAMV\rohin"
"2026-04-21T05:42:05.2151066+05:30","5","Process terminated:
RuleName: -
UtcTime: 2026-04-21 00:12:05.212
ProcessGuid: {a65b9ff6-c0d5-69e6-da01-000000001b00}
ProcessId: 21184
Image: C:\Windows\System32\conhost.exe
User: LAPTOP-I8K1DAMV\rohin"
"2026-04-21T05:42:05.2098880+05:30","5","Process terminated:
RuleName: -
UtcTime: 2026-04-21 00:12:05.209
ProcessGuid: {a65b9ff6-c0d5-69e6-d801-000000001b00}
ProcessId: 21072
Image: C:\Program Files\Git\cmd\git.exe
User: LAPTOP-I8K1DAMV\rohin"
"2026-04-21T05:42:05.2079167+05:30","5","Process terminated:
RuleName: -
UtcTime: 2026-04-21 00:12:05.207
ProcessGuid: {a65b9ff6-c0d5-69e6-e401-000000001b00}
ProcessId: 21588
Image: C:\Program Files\Git\mingw64\bin\git.exe
User: LAPTOP-I8K1DAMV\rohin"
"2026-04-21T05:42:05.2050231+05:30","5","Process terminated:
RuleName: -
UtcTime: 2026-04-21 00:12:05.204
ProcessGuid: {a65b9ff6-c0d5-69e6-e301-000000001b00}
ProcessId: 21580
Image: C:\Program Files\Git\mingw64\bin\git.exe
User: LAPTOP-I8K1DAMV\rohin"
"2026-04-21T05:42:05.1908157+05:30","5","Process terminated:
RuleName: -
UtcTime: 2026-04-21 00:12:05.189
ProcessGuid: {a65b9ff6-c0d5-69e6-d901-000000001b00}
ProcessId: 21460
Image: C:\Windows\System32\conhost.exe
User: LAPTOP-I8K1DAMV\rohin"
"2026-04-21T05:42:05.1861940+05:30","5","Process terminated:
RuleName: -
UtcTime: 2026-04-21 00:12:05.185
ProcessGuid: {a65b9ff6-c0d5-69e6-d701-000000001b00}
ProcessId: 20620
Image: C:\Program Files\Git\cmd\git.exe
User: LAPTOP-I8K1DAMV\rohin"
"2026-04-21T05:42:05.1800739+05:30","5","Process terminated:
RuleName: -
UtcTime: 2026-04-21 00:12:05.179
ProcessGuid: {a65b9ff6-c0d5-69e6-e101-000000001b00}
ProcessId: 20988
Image: C:\Program Files\Git\mingw64\bin\git.exe
User: LAPTOP-I8K1DAMV\rohin"
"2026-04-21T05:42:05.1799136+05:30","5","Process terminated:
RuleName: -
UtcTime: 2026-04-21 00:12:05.178
ProcessGuid: {a65b9ff6-c0d5-69e6-d401-000000001b00}
ProcessId: 20164
Image: C:\Windows\System32\conhost.exe
User: LAPTOP-I8K1DAMV\rohin"
"2026-04-21T05:42:05.1778478+05:30","5","Process terminated:
RuleName: -
UtcTime: 2026-04-21 00:12:05.177
ProcessGuid: {a65b9ff6-c0d5-69e6-d601-000000001b00}
ProcessId: 21148
Image: C:\Windows\System32\conhost.exe
User: LAPTOP-I8K1DAMV\rohin"
"2026-04-21T05:42:05.1719375+05:30","5","Process terminated:
RuleName: -
UtcTime: 2026-04-21 00:12:05.171
ProcessGuid: {a65b9ff6-c0d5-69e6-d501-000000001b00}
ProcessId: 20536
Image: C:\Program Files\Git\cmd\git.exe
User: LAPTOP-I8K1DAMV\rohin"
"2026-04-21T05:42:05.1714817+05:30","5","Process terminated:
RuleName: -
UtcTime: 2026-04-21 00:12:05.170
ProcessGuid: {a65b9ff6-c0d4-69e6-d201-000000001b00}
ProcessId: 20632
Image: C:\Program Files\Git\cmd\git.exe
User: LAPTOP-I8K1DAMV\rohin"
"2026-04-21T05:42:05.1659939+05:30","5","Process terminated:
RuleName: -
UtcTime: 2026-04-21 00:12:05.165
ProcessGuid: {a65b9ff6-c0d5-69e6-e001-000000001b00}
ProcessId: 21068
Image: C:\Program Files\Git\mingw64\bin\git.exe
User: LAPTOP-I8K1DAMV\rohin"
"2026-04-21T05:42:05.1657911+05:30","5","Process terminated:
RuleName: -
UtcTime: 2026-04-21 00:12:05.165
ProcessGuid: {a65b9ff6-c0d5-69e6-de01-000000001b00}
ProcessId: 21372
Image: C:\Program Files\Git\mingw64\bin\git.exe
User: LAPTOP-I8K1DAMV\rohin"
"2026-04-21T05:42:05.1593128+05:30","5","Process terminated:
RuleName: -
UtcTime: 2026-04-21 00:12:05.157
ProcessGuid: {a65b9ff6-c0d4-69e6-d101-000000001b00}
ProcessId: 11940
Image: C:\Windows\System32\conhost.exe
User: LAPTOP-I8K1DAMV\rohin"
"2026-04-21T05:42:05.1545426+05:30","5","Process terminated:
RuleName: -
UtcTime: 2026-04-21 00:12:05.153
ProcessGuid: {a65b9ff6-c0d4-69e6-d001-000000001b00}
ProcessId: 20884
Image: C:\Program Files\Git\cmd\git.exe
User: LAPTOP-I8K1DAMV\rohin"
"2026-04-21T05:42:05.1455695+05:30","5","Process terminated:
RuleName: -
UtcTime: 2026-04-21 00:12:05.145
ProcessGuid: {a65b9ff6-c0d5-69e6-dd01-000000001b00}
ProcessId: 21016
Image: C:\Program Files\Git\mingw64\bin\git.exe
User: LAPTOP-I8K1DAMV\rohin"
"2026-04-21T05:42:05.0796536+05:30","5","Process terminated:
RuleName: -
UtcTime: 2026-04-21 00:12:05.078
ProcessGuid: {a65b9ff6-c0d4-69e6-cf01-000000001b00}
ProcessId: 21052
Image: C:\Windows\System32\conhost.exe
User: LAPTOP-I8K1DAMV\rohin"
"2026-04-21T05:42:05.0745559+05:30","5","Process terminated:
RuleName: -
UtcTime: 2026-04-21 00:12:05.073
ProcessGuid: {a65b9ff6-c0d4-69e6-cd01-000000001b00}
ProcessId: 21296
Image: C:\Program Files\Git\cmd\git.exe
User: LAPTOP-I8K1DAMV\rohin"
"2026-04-21T05:42:05.0686314+05:30","5","Process terminated:
RuleName: -
UtcTime: 2026-04-21 00:12:05.067
ProcessGuid: {a65b9ff6-c0d4-69e6-d301-000000001b00}
ProcessId: 21068
Image: C:\Program Files\Git\mingw64\bin\git.exe
User: LAPTOP-I8K1DAMV\rohin"
"2026-04-21T05:42:04.8863832+05:30","5","Process terminated:
RuleName: -
UtcTime: 2026-04-21 00:12:04.885
ProcessGuid: {a65b9ff6-c0d4-69e6-ca01-000000001b00}
ProcessId: 21464
Image: C:\Windows\System32\conhost.exe
User: LAPTOP-I8K1DAMV\rohin"
"2026-04-21T05:42:04.8821309+05:30","5","Process terminated:
RuleName: -
UtcTime: 2026-04-21 00:12:04.881
ProcessGuid: {a65b9ff6-c0d4-69e6-c901-000000001b00}
ProcessId: 20872
Image: C:\Program Files\Git\cmd\git.exe
User: LAPTOP-I8K1DAMV\rohin"
"2026-04-21T05:42:04.8734081+05:30","5","Process terminated:
RuleName: -
UtcTime: 2026-04-21 00:12:04.871
ProcessGuid: {a65b9ff6-c0d4-69e6-cb01-000000001b00}
ProcessId: 21080
Image: C:\Program Files\Git\mingw64\bin\git.exe
User: LAPTOP-I8K1DAMV\rohin"
"2026-04-21T05:42:04.1702683+05:30","5","Process terminated:
RuleName: -
UtcTime: 2026-04-21 00:12:04.169
ProcessGuid: {a65b9ff6-c0d4-69e6-c801-000000001b00}
ProcessId: 20652
Image: C:\Windows\System32\conhost.exe
User: LAPTOP-I8K1DAMV\rohin"
"2026-04-21T05:42:04.1616096+05:30","5","Process terminated:
RuleName: -
UtcTime: 2026-04-21 00:12:04.161
ProcessGuid: {a65b9ff6-c0d3-69e6-c701-000000001b00}
ProcessId: 20624
Image: C:\Users\rohin\AppData\Local\Programs\Microsoft VS Code\bin\code-tunnel.exe
User: LAPTOP-I8K1DAMV\rohin"
"2026-04-21T05:42:04.0101259+05:30","5","Process terminated:
RuleName: -
UtcTime: 2026-04-21 00:12:04.009
ProcessGuid: {a65b9ff6-c0d2-69e6-b401-000000001b00}
ProcessId: 20924
Image: C:\Windows\System32\conhost.exe
User: LAPTOP-I8K1DAMV\rohin"
"2026-04-21T05:42:04.0020525+05:30","5","Process terminated:
RuleName: -
UtcTime: 2026-04-21 00:12:04.001
ProcessGuid: {a65b9ff6-c0d2-69e6-b201-000000001b00}
ProcessId: 20880
Image: C:\Windows\System32\cscript.exe
User: LAPTOP-I8K1DAMV\rohin"
"2026-04-21T05:42:03.7810936+05:30","5","Process terminated:
RuleName: -
UtcTime: 2026-04-21 00:12:03.778
ProcessGuid: {a65b9ff6-c0d3-69e6-c501-000000001b00}
ProcessId: 21228
Image: C:\Windows\System32\conhost.exe
User: LAPTOP-I8K1DAMV\rohin"
"2026-04-21T05:42:03.7779388+05:30","5","Process terminated:
RuleName: -
UtcTime: 2026-04-21 00:12:03.775
ProcessGuid: {a65b9ff6-c0d3-69e6-c301-000000001b00}
ProcessId: 21268
Image: C:\Program Files\Docker\Docker\resources\bin\kubectl.exe
User: LAPTOP-I8K1DAMV\rohin"
"2026-04-21T05:42:03.7678661+05:30","5","Process terminated:
RuleName: -
UtcTime: 2026-04-21 00:12:03.765
ProcessGuid: {a65b9ff6-c0d3-69e6-c401-000000001b00}
ProcessId: 21212
Image: C:\Windows\System32\conhost.exe
User: LAPTOP-I8K1DAMV\rohin"
"2026-04-21T05:42:03.7638370+05:30","5","Process terminated:
RuleName: -
UtcTime: 2026-04-21 00:12:03.761
ProcessGuid: {a65b9ff6-c0d3-69e6-c201-000000001b00}
ProcessId: 21236
Image: C:\Program Files\Docker\Docker\resources\bin\kubectl.exe
User: LAPTOP-I8K1DAMV\rohin"
"2026-04-21T05:42:03.6122621+05:30","5","Process terminated:
RuleName: -
UtcTime: 2026-04-21 00:12:03.611
ProcessGuid: {a65b9ff6-c0d2-69e6-bb01-000000001b00}
ProcessId: 21428
Image: C:\Windows\System32\drvinst.exe
User: NT AUTHORITY\SYSTEM"
"2026-04-21T05:42:03.4690548+05:30","5","Process terminated:
RuleName: -
UtcTime: 2026-04-21 00:12:03.468
ProcessGuid: {a65b9ff6-c0d3-69e6-c101-000000001b00}
ProcessId: 21132
Image: C:\Windows\System32\conhost.exe
User: LAPTOP-I8K1DAMV\rohin"
"2026-04-21T05:42:03.4640002+05:30","5","Process terminated:
RuleName: -
UtcTime: 2026-04-21 00:12:03.463
ProcessGuid: {a65b9ff6-c0d3-69e6-c001-000000001b00}
ProcessId: 21064
Image: C:\Program Files\Docker\Docker\resources\bin\kubectl.exe
User: LAPTOP-I8K1DAMV\rohin"
"2026-04-21T05:42:03.1714386+05:30","5","Process terminated:
RuleName: -
UtcTime: 2026-04-21 00:12:03.170
ProcessGuid: {a65b9ff6-c0d2-69e6-be01-000000001b00}
ProcessId: 20512
Image: C:\Windows\System32\conhost.exe
User: LAPTOP-I8K1DAMV\rohin"
"2026-04-21T05:42:03.1693583+05:30","5","Process terminated:
RuleName: -
UtcTime: 2026-04-21 00:12:03.168
ProcessGuid: {a65b9ff6-c0d2-69e6-bf01-000000001b00}
ProcessId: 20536
Image: C:\Windows\System32\conhost.exe
User: LAPTOP-I8K1DAMV\rohin"
"2026-04-21T05:42:03.1671869+05:30","5","Process terminated:
RuleName: -
UtcTime: 2026-04-21 00:12:03.166
ProcessGuid: {a65b9ff6-c0d2-69e6-bc01-000000001b00}
ProcessId: 21480
Image: C:\Program Files\Docker\Docker\resources\bin\kubectl.exe
User: LAPTOP-I8K1DAMV\rohin"
"2026-04-21T05:42:03.1649239+05:30","5","Process terminated:
RuleName: -
UtcTime: 2026-04-21 00:12:03.164
ProcessGuid: {a65b9ff6-c0d2-69e6-bd01-000000001b00}
ProcessId: 14320
Image: C:\Program Files\Docker\Docker\resources\bin\kubectl.exe
User: LAPTOP-I8K1DAMV\rohin"
"2026-04-21T05:42:02.8327726+05:30","5","Process terminated:
RuleName: -
UtcTime: 2026-04-21 00:12:02.832
ProcessGuid: {a65b9ff6-c0d2-69e6-b301-000000001b00}
ProcessId: 20892
Image: C:\Windows\System32\conhost.exe
User: LAPTOP-I8K1DAMV\rohin"
"2026-04-21T05:42:02.8267363+05:30","5","Process terminated:
RuleName: -
UtcTime: 2026-04-21 00:12:02.826
ProcessGuid: {a65b9ff6-c0d2-69e6-b101-000000001b00}
ProcessId: 20860
Image: C:\Program Files\Docker\Docker\resources\bin\kubectl.exe
User: LAPTOP-I8K1DAMV\rohin"
"2026-04-21T05:42:02.7137415+05:30","5","Process terminated:
RuleName: -
UtcTime: 2026-04-21 00:12:02.712
ProcessGuid: {a65b9ff6-c0d2-69e6-b701-000000001b00}
ProcessId: 21012
Image: C:\Windows\System32\conhost.exe
User: LAPTOP-I8K1DAMV\rohin"
"2026-04-21T05:42:02.7079339+05:30","5","Process terminated:
RuleName: -
UtcTime: 2026-04-21 00:12:02.707
ProcessGuid: {a65b9ff6-c0d2-69e6-b501-000000001b00}
ProcessId: 20952
Image: C:\Program Files\Git\cmd\git.exe
User: LAPTOP-I8K1DAMV\rohin"
"2026-04-21T05:42:02.6993318+05:30","5","Process terminated:
RuleName: -
UtcTime: 2026-04-21 00:12:02.698
ProcessGuid: {a65b9ff6-c0d2-69e6-b901-000000001b00}
ProcessId: 21196
Image: C:\Program Files\Git\mingw64\bin\git.exe
User: LAPTOP-I8K1DAMV\rohin"
"2026-04-21T05:42:02.6068415+05:30","5","Process terminated:
RuleName: -
UtcTime: 2026-04-21 00:12:02.604
ProcessGuid: {a65b9ff6-c0d2-69e6-b001-000000001b00}
ProcessId: 20852
Image: C:\Windows\System32\conhost.exe
User: LAPTOP-I8K1DAMV\rohin"
"2026-04-21T05:42:02.5982141+05:30","5","Process terminated:
RuleName: -
UtcTime: 2026-04-21 00:12:02.595
ProcessGuid: {a65b9ff6-c0d2-69e6-af01-000000001b00}
ProcessId: 20840
Image: C:\Program Files\Git\cmd\git.exe
User: LAPTOP-I8K1DAMV\rohin"
"2026-04-21T05:42:02.5880422+05:30","5","Process terminated:
RuleName: -
UtcTime: 2026-04-21 00:12:02.587
ProcessGuid: {a65b9ff6-c0d2-69e6-b601-000000001b00}
ProcessId: 20968
Image: C:\Program Files\Git\mingw64\bin\git.exe
User: LAPTOP-I8K1DAMV\rohin"
"2026-04-21T05:42:02.2771953+05:30","5","Process terminated:
RuleName: -
UtcTime: 2026-04-21 00:12:02.276
ProcessGuid: {a65b9ff6-c0d1-69e6-a501-000000001b00}
ProcessId: 20112
Image: C:\Program Files\Docker\Docker\resources\model-runner\bin\com.docker.llama-server.exe
User: LAPTOP-I8K1DAMV\rohin"
"2026-04-21T05:42:01.8454774+05:30","5","Process terminated:
RuleName: -
UtcTime: 2026-04-21 00:12:01.845
ProcessGuid: {a65b9ff6-c0d1-69e6-ab01-000000001b00}
ProcessId: 20024
Image: C:\Windows\System32\conhost.exe
User: LAPTOP-I8K1DAMV\rohin"
"2026-04-21T05:42:01.8430434+05:30","5","Process terminated:
RuleName: -
UtcTime: 2026-04-21 00:12:01.841
ProcessGuid: {a65b9ff6-c0d1-69e6-aa01-000000001b00}
ProcessId: 20192
Image: C:\Program Files\Docker\Docker\resources\bin\kubectl.exe
User: LAPTOP-I8K1DAMV\rohin"
"2026-04-21T05:42:01.5661214+05:30","5","Process terminated:
RuleName: -
UtcTime: 2026-04-21 00:12:01.565
ProcessGuid: {a65b9ff6-c0d1-69e6-a901-000000001b00}
ProcessId: 20048
Image: C:\Windows\System32\conhost.exe
User: LAPTOP-I8K1DAMV\rohin"
"2026-04-21T05:42:01.5616518+05:30","5","Process terminated:
RuleName: -
UtcTime: 2026-04-21 00:12:01.560
ProcessGuid: {a65b9ff6-c0d1-69e6-a801-000000001b00}
ProcessId: 20052
Image: C:\Windows\System32\cscript.exe
User: LAPTOP-I8K1DAMV\rohin"
"2026-04-21T05:42:01.1734581+05:30","5","Process terminated:
RuleName: -
UtcTime: 2026-04-21 00:12:01.172
ProcessGuid: {a65b9ff6-c0d0-69e6-9d01-000000001b00}
ProcessId: 20148
Image: C:\Program Files\Git\cmd\git.exe
User: LAPTOP-I8K1DAMV\rohin"
"2026-04-21T05:42:01.1649386+05:30","5","Process terminated:
RuleName: -
UtcTime: 2026-04-21 00:12:01.164
ProcessGuid: {a65b9ff6-c0d0-69e6-a101-000000001b00}
ProcessId: 20204
Image: C:\Program Files\Git\mingw64\bin\git.exe
User: LAPTOP-I8K1DAMV\rohin"
"2026-04-21T05:42:01.1615093+05:30","5","Process terminated:
RuleName: -
UtcTime: 2026-04-21 00:12:01.160
ProcessGuid: {a65b9ff6-c0d0-69e6-a301-000000001b00}
ProcessId: 20048
Image: C:\Program Files\Git\mingw64\libexec\git-core\git.exe
User: LAPTOP-I8K1DAMV\rohin"
"2026-04-21T05:42:01.1518444+05:30","5","Process terminated:
RuleName: -
UtcTime: 2026-04-21 00:12:01.150
ProcessGuid: {a65b9ff6-c0d1-69e6-a401-000000001b00}
ProcessId: 20100
Image: C:\Program Files\Git\mingw64\libexec\git-core\git-remote-https.exe
User: LAPTOP-I8K1DAMV\rohin"
"2026-04-21T05:42:00.8796375+05:30","5","Process terminated:
RuleName: -
UtcTime: 2026-04-21 00:12:00.879
ProcessGuid: {a65b9ff6-c0d0-69e6-a001-000000001b00}
ProcessId: 20196
Image: C:\Windows\System32\conhost.exe
User: LAPTOP-I8K1DAMV\rohin"
"2026-04-21T05:42:00.8778693+05:30","5","Process terminated:
RuleName: -
UtcTime: 2026-04-21 00:12:00.876
ProcessGuid: {a65b9ff6-c0d0-69e6-9f01-000000001b00}
ProcessId: 20176
Image: C:\Users\rohin\AppData\Local\Programs\Microsoft VS Code\560a9dba96\resources\app\node_modules\@vscode\ripgrep\bin\rg.exe
User: LAPTOP-I8K1DAMV\rohin"
"2026-04-21T05:42:00.8432948+05:30","5","Process terminated:
RuleName: -
UtcTime: 2026-04-21 00:12:00.842
ProcessGuid: {a65b9ff6-c0d0-69e6-9e01-000000001b00}
ProcessId: 20156
Image: C:\Program Files\Docker\Docker\resources\model-runner\bin\com.docker.nv-gpu-info.exe
User: LAPTOP-I8K1DAMV\rohin"
"2026-04-21T05:42:00.7324125+05:30","5","Process terminated:
RuleName: -
UtcTime: 2026-04-21 00:12:00.731
ProcessGuid: {a65b9ff6-c0d0-69e6-9c01-000000001b00}
ProcessId: 19908
Image: C:\Windows\System32\conhost.exe
User: LAPTOP-I8K1DAMV\rohin"
"2026-04-21T05:42:00.7290154+05:30","5","Process terminated:
RuleName: -
UtcTime: 2026-04-21 00:12:00.728
ProcessGuid: {a65b9ff6-c0d0-69e6-9a01-000000001b00}
ProcessId: 19868
Image: C:\Users\rohin\AppData\Local\Programs\Microsoft VS Code\560a9dba96\resources\app\node_modules\@vscode\ripgrep\bin\rg.exe
User: LAPTOP-I8K1DAMV\rohin"
"2026-04-21T05:42:00.7265276+05:30","5","Process terminated:
RuleName: -
UtcTime: 2026-04-21 00:12:00.726
ProcessGuid: {a65b9ff6-c0d0-69e6-9b01-000000001b00}
ProcessId: 19876
Image: C:\Windows\System32\conhost.exe
User: LAPTOP-I8K1DAMV\rohin"
"2026-04-21T05:42:00.7228130+05:30","5","Process terminated:
RuleName: -
UtcTime: 2026-04-21 00:12:00.722
ProcessGuid: {a65b9ff6-c0d0-69e6-9901-000000001b00}
ProcessId: 19784
Image: C:\Users\rohin\AppData\Local\Programs\Microsoft VS Code\560a9dba96\resources\app\node_modules\@vscode\ripgrep\bin\rg.exe
User: LAPTOP-I8K1DAMV\rohin"
"2026-04-21T05:42:00.6700895+05:30","5","Process terminated:
RuleName: -
UtcTime: 2026-04-21 00:12:00.668
ProcessGuid: {a65b9ff6-c0b9-69e6-2101-000000001b00}
ProcessId: 14304
Image: C:\Windows\System32\svchost.exe
User: NT AUTHORITY\LOCAL SERVICE"
"2026-04-21T05:41:59.7744589+05:30","5","Process terminated:
RuleName: -
UtcTime: 2026-04-21 00:11:59.773
ProcessGuid: {a65b9ff6-c0cf-69e6-9001-000000001b00}
ProcessId: 18408
Image: C:\Windows\System32\wsl.exe
User: LAPTOP-I8K1DAMV\rohin"
"2026-04-21T05:41:59.7684949+05:30","5","Process terminated:
RuleName: -
UtcTime: 2026-04-21 00:11:59.767
ProcessGuid: {a65b9ff6-c0cf-69e6-9101-000000001b00}
ProcessId: 10964
Image: C:\Program Files\WSL\wsl.exe
User: LAPTOP-I8K1DAMV\rohin"
"2026-04-21T05:41:59.6312823+05:30","5","Process terminated:
RuleName: -
UtcTime: 2026-04-21 00:11:59.630
ProcessGuid: {a65b9ff6-c0b8-69e6-f700-000000001b00}
ProcessId: 12668
Image: C:\Windows\System32\userinit.exe
User: LAPTOP-I8K1DAMV\rohin"
"2026-04-21T05:41:59.6195831+05:30","5","Process terminated:
RuleName: -
UtcTime: 2026-04-21 00:11:59.618
ProcessGuid: {a65b9ff6-c0cf-69e6-8e01-000000001b00}
ProcessId: 18292
Image: C:\Windows\System32\wsl.exe
User: LAPTOP-I8K1DAMV\rohin"
"2026-04-21T05:41:59.6149242+05:30","5","Process terminated:
RuleName: -
UtcTime: 2026-04-21 00:11:59.614
ProcessGuid: {a65b9ff6-c0cf-69e6-8f01-000000001b00}
ProcessId: 19112
Image: C:\Program Files\WSL\wsl.exe
User: LAPTOP-I8K1DAMV\rohin"
"2026-04-21T05:41:59.4890019+05:30","5","Process terminated:
RuleName: -
UtcTime: 2026-04-21 00:11:59.488
ProcessGuid: {a65b9ff6-c0cf-69e6-8a01-000000001b00}
ProcessId: 18652
Image: C:\Windows\System32\wsl.exe
User: LAPTOP-I8K1DAMV\rohin"
"2026-04-21T05:41:59.4814123+05:30","5","Process terminated:
RuleName: -
UtcTime: 2026-04-21 00:11:59.480
ProcessGuid: {a65b9ff6-c0cf-69e6-8c01-000000001b00}
ProcessId: 18988
Image: C:\Program Files\WSL\wsl.exe
User: LAPTOP-I8K1DAMV\rohin"
"2026-04-21T05:41:59.4529203+05:30","5","Process terminated:
RuleName: -
UtcTime: 2026-04-21 00:11:59.452
ProcessGuid: {a65b9ff6-c0cf-69e6-8501-000000001b00}
ProcessId: 19404
Image: C:\Program Files\Docker\cli-plugins\docker-sandbox.exe
User: LAPTOP-I8K1DAMV\rohin"
"2026-04-21T05:41:59.3832761+05:30","5","Process terminated:
RuleName: -
UtcTime: 2026-04-21 00:11:59.382
ProcessGuid: {a65b9ff6-c0cf-69e6-8b01-000000001b00}
ProcessId: 10964
Image: C:\Program Files\Docker\Docker\resources\bin\docker-credential-wincred.exe
User: LAPTOP-I8K1DAMV\rohin"
"2026-04-21T05:41:59.3296545+05:30","5","Process terminated:
RuleName: -
UtcTime: 2026-04-21 00:11:59.329
ProcessGuid: {a65b9ff6-c0cf-69e6-8901-000000001b00}
ProcessId: 19392
Image: C:\Program Files\Docker\Docker\resources\bin\docker-credential-wincred.exe
User: LAPTOP-I8K1DAMV\rohin"
"2026-04-21T05:41:59.3192921+05:30","5","Process terminated:
RuleName: -
UtcTime: 2026-04-21 00:11:59.318
ProcessGuid: {a65b9ff6-c0cf-69e6-8301-000000001b00}
ProcessId: 19112
Image: C:\Windows\System32\wsl.exe
User: LAPTOP-I8K1DAMV\rohin"
"2026-04-21T05:41:59.3120172+05:30","5","Process terminated:
RuleName: -
UtcTime: 2026-04-21 00:11:59.311
ProcessGuid: {a65b9ff6-c0cf-69e6-8701-000000001b00}
ProcessId: 18404
Image: C:\Program Files\WSL\wsl.exe
User: LAPTOP-I8K1DAMV\rohin"
"2026-04-21T05:41:59.2727975+05:30","5","Process terminated:
RuleName: -
UtcTime: 2026-04-21 00:11:59.272
ProcessGuid: {a65b9ff6-c0cf-69e6-8601-000000001b00}
ProcessId: 17552
Image: C:\Program Files\Docker\Docker\resources\bin\docker-credential-wincred.exe
User: LAPTOP-I8K1DAMV\rohin"
"2026-04-21T05:41:59.2220876+05:30","5","Process terminated:
RuleName: -
UtcTime: 2026-04-21 00:11:59.221
ProcessGuid: {a65b9ff6-c0cf-69e6-8201-000000001b00}
ProcessId: 6444
Image: C:\Program Files\Docker\Docker\resources\bin\docker-credential-wincred.exe
User: LAPTOP-I8K1DAMV\rohin"
"2026-04-21T05:41:59.0988463+05:30","5","Process terminated:
RuleName: -
UtcTime: 2026-04-21 00:11:59.098
ProcessGuid: {a65b9ff6-c0cf-69e6-8101-000000001b00}
ProcessId: 18956
Image: C:\Program Files\Docker\Docker\resources\bin\docker-credential-wincred.exe
User: LAPTOP-I8K1DAMV\rohin"
"2026-04-21T05:41:58.9077145+05:30","5","Process terminated:
RuleName: -
UtcTime: 2026-04-21 00:11:58.907
ProcessGuid: {a65b9ff6-c0ce-69e6-8001-000000001b00}
ProcessId: 19016
Image: C:\Program Files\Docker\Docker\resources\bin\docker-credential-wincred.exe
User: LAPTOP-I8K1DAMV\rohin"
"2026-04-21T05:41:58.7878792+05:30","5","Process terminated:
RuleName: -
UtcTime: 2026-04-21 00:11:58.787
ProcessGuid: {a65b9ff6-c0ce-69e6-7c01-000000001b00}
ProcessId: 18548
Image: C:\Windows\System32\conhost.exe
User: LAPTOP-I8K1DAMV\rohin"
"2026-04-21T05:41:58.7832597+05:30","5","Process terminated:
RuleName: -
UtcTime: 2026-04-21 00:11:58.782
ProcessGuid: {a65b9ff6-c0ce-69e6-7901-000000001b00}
ProcessId: 19420
Image: C:\Windows\System32\cmd.exe
User: LAPTOP-I8K1DAMV\rohin"
"2026-04-21T05:41:58.7733019+05:30","5","Process terminated:
RuleName: -
UtcTime: 2026-04-21 00:11:58.772
ProcessGuid: {a65b9ff6-c0ce-69e6-7e01-000000001b00}
ProcessId: 18412
Image: C:\Windows\System32\schtasks.exe
User: LAPTOP-I8K1DAMV\rohin"
"2026-04-21T05:41:58.6836177+05:30","5","Process terminated:
RuleName: -
UtcTime: 2026-04-21 00:11:58.683
ProcessGuid: {a65b9ff6-c0ce-69e6-7801-000000001b00}
ProcessId: 19400
Image: C:\Windows\System32\conhost.exe
User: LAPTOP-I8K1DAMV\rohin"
"2026-04-21T05:41:58.6809744+05:30","5","Process terminated:
RuleName: -
UtcTime: 2026-04-21 00:11:58.680
ProcessGuid: {a65b9ff6-c0ce-69e6-7701-000000001b00}
ProcessId: 19392
Image: C:\Windows\System32\cmd.exe
User: LAPTOP-I8K1DAMV\rohin"
