"2026-04-21T05:44:25.8112970+05:30","5","Process terminated:
RuleName: -
UtcTime: 2026-04-21 00:14:25.811
ProcessGuid: {a65b9ff6-c161-69e6-3f03-000000001b00}
ProcessId: 3628
Image: C:\Program Files\Git\mingw64\bin\git.exe
User: LAPTOP-I8K1DAMV\rohin"
"2026-04-21T05:44:25.2439193+05:30","5","Process terminated:
RuleName: -
UtcTime: 2026-04-21 00:14:25.243
ProcessGuid: {a65b9ff6-c0c6-69e6-5701-000000001b00}
ProcessId: 13808
Image: C:\Windows\System32\RuntimeBroker.exe
User: LAPTOP-I8K1DAMV\rohin"
"2026-04-21T05:44:21.1799053+05:30","5","Process terminated:
RuleName: -
UtcTime: 2026-04-21 00:14:21.179
ProcessGuid: {a65b9ff6-c15b-69e6-3a03-000000001b00}
ProcessId: 16560
Image: C:\Windows\System32\backgroundTaskHost.exe
User: LAPTOP-I8K1DAMV\rohin"
"2026-04-21T05:44:20.4540024+05:30","5","Process terminated:
RuleName: -
UtcTime: 2026-04-21 00:14:20.453
ProcessGuid: {a65b9ff6-c10a-69e6-bc02-000000001b00}
ProcessId: 5056
Image: C:\Program Files\Google\Chrome\Application\chrome.exe
User: LAPTOP-I8K1DAMV\rohin"
"2026-04-21T05:44:20.4025713+05:30","5","Process terminated:
RuleName: -
UtcTime: 2026-04-21 00:14:20.394
ProcessGuid: {a65b9ff6-c10a-69e6-bb02-000000001b00}
ProcessId: 22388
Image: C:\Program Files\Google\Chrome\Application\chrome.exe
User: LAPTOP-I8K1DAMV\rohin"
"2026-04-21T05:44:20.3542445+05:30","5","Process terminated:
RuleName: -
UtcTime: 2026-04-21 00:14:20.353
ProcessGuid: {a65b9ff6-c15b-69e6-3b03-000000001b00}
ProcessId: 22116
Image: C:\Windows\System32\backgroundTaskHost.exe
User: LAPTOP-I8K1DAMV\rohin"
"2026-04-21T05:44:20.3174413+05:30","5","Process terminated:
RuleName: -
UtcTime: 2026-04-21 00:14:20.309
ProcessGuid: {a65b9ff6-c10a-69e6-bd02-000000001b00}
ProcessId: 9616
Image: C:\Program Files\Google\Chrome\Application\chrome.exe
User: LAPTOP-I8K1DAMV\rohin"
"2026-04-21T05:44:20.2423833+05:30","5","Process terminated:
RuleName: -
UtcTime: 2026-04-21 00:14:20.228
ProcessGuid: {a65b9ff6-c10a-69e6-c002-000000001b00}
ProcessId: 7580
Image: C:\Program Files\Google\Chrome\Application\chrome.exe
User: LAPTOP-I8K1DAMV\rohin"
"2026-04-21T05:44:20.2220053+05:30","5","Process terminated:
RuleName: -
UtcTime: 2026-04-21 00:14:20.221
ProcessGuid: {a65b9ff6-c10a-69e6-be02-000000001b00}
ProcessId: 6748
Image: C:\Program Files\Google\Chrome\Application\chrome.exe
User: LAPTOP-I8K1DAMV\rohin"
"2026-04-21T05:44:20.0912304+05:30","5","Process terminated:
RuleName: -
UtcTime: 2026-04-21 00:14:20.089
ProcessGuid: {a65b9ff6-c10d-69e6-d302-000000001b00}
ProcessId: 9292
Image: C:\Windows\System32\conhost.exe
User: LAPTOP-I8K1DAMV\rohin"
"2026-04-21T05:44:20.0888354+05:30","5","Process terminated:
RuleName: -
UtcTime: 2026-04-21 00:14:20.088
ProcessGuid: {a65b9ff6-c10d-69e6-d402-000000001b00}
ProcessId: 19408
Image: C:\Windows\System32\conhost.exe
User: LAPTOP-I8K1DAMV\rohin"
"2026-04-21T05:44:20.0846019+05:30","5","Process terminated:
RuleName: -
UtcTime: 2026-04-21 00:14:20.083
ProcessGuid: {a65b9ff6-c10d-69e6-d202-000000001b00}
ProcessId: 14720
Image: C:\Windows\System32\cmd.exe
User: LAPTOP-I8K1DAMV\rohin"
"2026-04-21T05:44:20.0749823+05:30","5","Process terminated:
RuleName: -
UtcTime: 2026-04-21 00:14:20.072
ProcessGuid: {a65b9ff6-c10d-69e6-d102-000000001b00}
ProcessId: 15304
Image: C:\Windows\System32\cmd.exe
User: LAPTOP-I8K1DAMV\rohin"
"2026-04-21T05:44:20.0748977+05:30","5","Process terminated:
RuleName: -
UtcTime: 2026-04-21 00:14:20.072
ProcessGuid: {a65b9ff6-c10d-69e6-d502-000000001b00}
ProcessId: 10100
Image: C:\Program Files\McAfee\MSC\MfeBrowserHost.exe
User: LAPTOP-I8K1DAMV\rohin"
"2026-04-21T05:44:20.0663131+05:30","5","Process terminated:
RuleName: -
UtcTime: 2026-04-21 00:14:20.062
ProcessGuid: {a65b9ff6-c10d-69e6-d602-000000001b00}
ProcessId: 5004
Image: C:\Program Files\McAfee\WebAdvisor\browserhost.exe
User: LAPTOP-I8K1DAMV\rohin"
"2026-04-21T05:44:20.0438120+05:30","5","Process terminated:
RuleName: -
UtcTime: 2026-04-21 00:14:20.040
ProcessGuid: {a65b9ff6-c10a-69e6-c302-000000001b00}
ProcessId: 23756
Image: C:\Program Files\Google\Chrome\Application\chrome.exe
User: LAPTOP-I8K1DAMV\rohin"
"2026-04-21T05:44:20.0436412+05:30","5","Process terminated:
RuleName: -
UtcTime: 2026-04-21 00:14:20.040
ProcessGuid: {a65b9ff6-c10a-69e6-c402-000000001b00}
ProcessId: 19284
Image: C:\Program Files\Google\Chrome\Application\chrome.exe
User: LAPTOP-I8K1DAMV\rohin"
"2026-04-21T05:44:19.9059416+05:30","5","Process terminated:
RuleName: -
UtcTime: 2026-04-21 00:14:19.904
ProcessGuid: {a65b9ff6-c135-69e6-2503-000000001b00}
ProcessId: 25964
Image: C:\Program Files\Google\Chrome\Application\chrome.exe
User: LAPTOP-I8K1DAMV\rohin"
"2026-04-21T05:44:16.0652283+05:30","5","Process terminated:
RuleName: -
UtcTime: 2026-04-21 00:14:16.058
ProcessGuid: {a65b9ff6-c0d4-69e6-cc01-000000001b00}
ProcessId: 20520
Image: C:\Program Files\HPPrintScanDoctor\HPPrinterHealthMonitor.exe
User: LAPTOP-I8K1DAMV\rohin"
"2026-04-21T05:44:09.2318780+05:30","5","Process terminated:
RuleName: -
UtcTime: 2026-04-21 00:14:09.231
ProcessGuid: {a65b9ff6-c151-69e6-3903-000000001b00}
ProcessId: 15256
Image: C:\Program Files\Docker\Docker\resources\Docker desktop.exe
User: LAPTOP-I8K1DAMV\rohin"
"2026-04-21T05:44:07.6468706+05:30","5","Process terminated:
RuleName: -
UtcTime: 2026-04-21 00:14:07.646
ProcessGuid: {a65b9ff6-c14f-69e6-3803-000000001b00}
ProcessId: 15884
Image: C:\Program Files\Google\Chrome\Application\chrome.exe
User: LAPTOP-I8K1DAMV\rohin"
"2026-04-21T05:44:06.8313585+05:30","5","Process terminated:
RuleName: -
UtcTime: 2026-04-21 00:14:06.830
ProcessGuid: {a65b9ff6-c0b8-69e6-0701-000000001b00}
ProcessId: 3196
Image: C:\Windows\System32\svchost.exe
User: NT AUTHORITY\SYSTEM"
"2026-04-21T05:44:06.7082909+05:30","5","Process terminated:
RuleName: -
UtcTime: 2026-04-21 00:14:06.707
ProcessGuid: {a65b9ff6-c14e-69e6-3703-000000001b00}
ProcessId: 17328
Image: C:\Windows\System32\backgroundTaskHost.exe
User: LAPTOP-I8K1DAMV\rohin"
"2026-04-21T05:44:02.7543279+05:30","5","Process terminated:
RuleName: -
UtcTime: 2026-04-21 00:14:02.754
ProcessGuid: {a65b9ff6-c14a-69e6-3603-000000001b00}
ProcessId: 18864
Image: C:\Program Files\Docker\Docker\resources\Docker desktop.exe
User: LAPTOP-I8K1DAMV\rohin"
"2026-04-21T05:44:02.3605735+05:30","5","Process terminated:
RuleName: -
UtcTime: 2026-04-21 00:14:02.356
ProcessGuid: {a65b9ff6-c149-69e6-3503-000000001b00}
ProcessId: 14776
Image: C:\Program Files\Docker\Docker\frontend\Docker Desktop.exe
User: LAPTOP-I8K1DAMV\rohin"
"2026-04-21T05:44:00.4856178+05:30","5","Process terminated:
RuleName: -
UtcTime: 2026-04-21 00:14:00.484
ProcessGuid: {a65b9ff6-c148-69e6-3403-000000001b00}
ProcessId: 22384
Image: C:\Program Files\Google\Chrome\Application\chrome.exe
User: LAPTOP-I8K1DAMV\rohin"
"2026-04-21T05:43:59.7804319+05:30","5","Process terminated:
RuleName: -
UtcTime: 2026-04-21 00:13:59.777
ProcessGuid: {a65b9ff6-c128-69e6-1903-000000001b00}
ProcessId: 26284
Image: C:\Program Files\Google\Chrome\Application\chrome.exe
User: LAPTOP-I8K1DAMV\rohin"
"2026-04-21T05:43:57.4797040+05:30","5","Process terminated:
RuleName: -
UtcTime: 2026-04-21 00:13:57.479
ProcessGuid: {a65b9ff6-c145-69e6-3303-000000001b00}
ProcessId: 27112
Image: C:\Program Files\Google\Chrome\Application\chrome.exe
User: LAPTOP-I8K1DAMV\rohin"
"2026-04-21T05:43:57.4689253+05:30","5","Process terminated:
RuleName: -
UtcTime: 2026-04-21 00:13:57.468
ProcessGuid: {a65b9ff6-c145-69e6-3203-000000001b00}
ProcessId: 24176
Image: C:\Program Files\Google\Chrome\Application\chrome.exe
User: LAPTOP-I8K1DAMV\rohin"
"2026-04-21T05:43:57.4130527+05:30","5","Process terminated:
RuleName: -
UtcTime: 2026-04-21 00:13:57.407
ProcessGuid: {a65b9ff6-c145-69e6-3103-000000001b00}
ProcessId: 12888
Image: C:\Windows\System32\rundll32.exe
User: LAPTOP-I8K1DAMV\rohin"
"2026-04-21T05:43:55.2360889+05:30","5","Process terminated:
RuleName: -
UtcTime: 2026-04-21 00:13:55.235
ProcessGuid: {a65b9ff6-c0be-69e6-4501-000000001b00}
ProcessId: 15944
Image: C:\Program Files\WindowsApps\ad2f1837.hpjumpstarts_1.10.1627.0_x64__v10z8vjag6ke6\HP.JumpStarts.exe
User: LAPTOP-I8K1DAMV\rohin"
"2026-04-21T05:43:54.1897654+05:30","5","Process terminated:
RuleName: -
UtcTime: 2026-04-21 00:13:54.186
ProcessGuid: {a65b9ff6-c140-69e6-3003-000000001b00}
ProcessId: 27284
Image: C:\Users\rohin\AppData\Local\Programs\Microsoft VS Code\Code.exe
User: LAPTOP-I8K1DAMV\rohin"
"2026-04-21T05:43:52.4310240+05:30","5","Process terminated:
RuleName: -
UtcTime: 2026-04-21 00:13:52.420
ProcessGuid: {a65b9ff6-c0ff-69e6-9f02-000000001b00}
ProcessId: 22672
Image: C:\Windows\System32\sppsvc.exe
User: NT AUTHORITY\NETWORK SERVICE"
"2026-04-21T05:43:52.4231944+05:30","5","Process terminated:
RuleName: -
UtcTime: 2026-04-21 00:13:52.420
ProcessGuid: {a65b9ff6-c11b-69e6-ec02-000000001b00}
ProcessId: 23216
Image: C:\Windows\System32\SppExtComObj.Exe
User: NT AUTHORITY\NETWORK SERVICE"
"2026-04-21T05:43:52.2582583+05:30","5","Process terminated:
RuleName: -
UtcTime: 2026-04-21 00:13:52.257
ProcessGuid: {a65b9ff6-c0fe-69e6-9902-000000001b00}
ProcessId: 2884
Image: C:\Windows\System32\svchost.exe
User: NT AUTHORITY\SYSTEM"
"2026-04-21T05:43:46.5480119+05:30","5","Process terminated:
RuleName: -
UtcTime: 2026-04-21 00:13:46.545
ProcessGuid: {a65b9ff6-c07d-69e6-6c00-000000001b00}
ProcessId: 5512
Image: C:\Windows\System32\DriverStore\FileRepository\intcoed.inf_amd64_dd6a7ef14d856351\AS\IAS\IntelAudioService.exe
User: NT AUTHORITY\SYSTEM"
"2026-04-21T05:43:43.0892326+05:30","5","Process terminated:
RuleName: -
UtcTime: 2026-04-21 00:13:43.088
ProcessGuid: {a65b9ff6-c136-69e6-2903-000000001b00}
ProcessId: 16664
Image: C:\Windows\System32\backgroundTaskHost.exe
User: LAPTOP-I8K1DAMV\rohin"
"2026-04-21T05:43:42.8515162+05:30","5","Process terminated:
RuleName: -
UtcTime: 2026-04-21 00:13:42.845
ProcessGuid: {a65b9ff6-c11e-69e6-fc02-000000001b00}
ProcessId: 26112
Image: C:\Program Files (x86)\Google\GoogleUpdater\148.0.7730.0\updater.exe
User: NT AUTHORITY\SYSTEM"
"2026-04-21T05:43:42.8514553+05:30","5","Process terminated:
RuleName: -
UtcTime: 2026-04-21 00:13:42.845
ProcessGuid: {a65b9ff6-c127-69e6-1403-000000001b00}
ProcessId: 27332
Image: C:\Program Files (x86)\Google\GoogleUpdater\148.0.7730.0\updater.exe
User: NT AUTHORITY\SYSTEM"
"2026-04-21T05:43:42.8450020+05:30","5","Process terminated:
RuleName: -
UtcTime: 2026-04-21 00:13:42.840
ProcessGuid: {a65b9ff6-c11e-69e6-fb02-000000001b00}
ProcessId: 26092
Image: C:\Program Files (x86)\Google\GoogleUpdater\148.0.7730.0\updater.exe
User: NT AUTHORITY\SYSTEM"
"2026-04-21T05:43:42.8438643+05:30","5","Process terminated:
RuleName: -
UtcTime: 2026-04-21 00:13:42.840
ProcessGuid: {a65b9ff6-c127-69e6-1303-000000001b00}
ProcessId: 27288
Image: C:\Program Files (x86)\Google\GoogleUpdater\148.0.7730.0\updater.exe
User: NT AUTHORITY\SYSTEM"
"2026-04-21T05:43:42.8154184+05:30","5","Process terminated:
RuleName: -
UtcTime: 2026-04-21 00:13:42.815
ProcessGuid: {a65b9ff6-c136-69e6-2803-000000001b00}
ProcessId: 27636
Image: C:\Program Files\Docker\Docker\resources\Docker desktop.exe
User: LAPTOP-I8K1DAMV\rohin"
"2026-04-21T05:43:42.3136254+05:30","5","Process terminated:
RuleName: -
UtcTime: 2026-04-21 00:13:42.312
ProcessGuid: {a65b9ff6-c135-69e6-2703-000000001b00}
ProcessId: 25932
Image: C:\Program Files (x86)\Microsoft\EdgeWebView\Application\147.0.3912.72\msedgewebview2.exe
User: LAPTOP-I8K1DAMV\rohin"
"2026-04-21T05:43:41.2658862+05:30","5","Process terminated:
RuleName: -
UtcTime: 2026-04-21 00:13:41.265
ProcessGuid: {a65b9ff6-c12e-69e6-1f03-000000001b00}
ProcessId: 27496
Image: C:\Program Files\Google\Chrome\Application\chrome.exe
User: LAPTOP-I8K1DAMV\rohin"
"2026-04-21T05:43:41.2491681+05:30","5","Process terminated:
RuleName: -
UtcTime: 2026-04-21 00:13:41.240
ProcessGuid: {a65b9ff6-c0b7-69e6-e400-000000001b00}
ProcessId: 5128
Image: C:\Program Files\Common Files\McAfee\PEF\CORE\OobeHook.exe
User: LAPTOP-I8K1DAMV\rohin"
"2026-04-21T05:43:39.0310080+05:30","5","Process terminated:
RuleName: -
UtcTime: 2026-04-21 00:13:39.026
ProcessGuid: {a65b9ff6-c12d-69e6-1b03-000000001b00}
ProcessId: 4796
Image: C:\Windows\System32\dllhost.exe
User: LAPTOP-I8K1DAMV\rohin"
"2026-04-21T05:43:38.6957668+05:30","5","Process terminated:
RuleName: -
UtcTime: 2026-04-21 00:13:38.692
ProcessGuid: {a65b9ff6-c11e-69e6-fd02-000000001b00}
ProcessId: 26232
Image: C:\Windows\System32\svchost.exe
User: NT AUTHORITY\LOCAL SERVICE"
"2026-04-21T05:43:37.3255044+05:30","5","Process terminated:
RuleName: -
UtcTime: 2026-04-21 00:13:37.325
ProcessGuid: {a65b9ff6-c130-69e6-2203-000000001b00}
ProcessId: 27412
Image: C:\Windows\System32\taskhostw.exe
User: NT AUTHORITY\SYSTEM"
"2026-04-21T05:43:36.9186738+05:30","5","Process terminated:
RuleName: -
UtcTime: 2026-04-21 00:13:36.918
ProcessGuid: {a65b9ff6-c130-69e6-2403-000000001b00}
ProcessId: 26788
Image: C:\Program Files\NVIDIA Corporation\NvContainer\nvcontainer.exe
User: LAPTOP-I8K1DAMV\rohin"
"2026-04-21T05:43:36.9141116+05:30","5","Process terminated:
RuleName: -
UtcTime: 2026-04-21 00:13:36.910
ProcessGuid: {a65b9ff6-c130-69e6-2103-000000001b00}
ProcessId: 25668
Image: C:\Windows\System32\wermgr.exe
User: NT AUTHORITY\SYSTEM"
"2026-04-21T05:43:36.8285120+05:30","5","Process terminated:
RuleName: -
UtcTime: 2026-04-21 00:13:36.822
ProcessGuid: {a65b9ff6-c130-69e6-2303-000000001b00}
ProcessId: 27424
Image: C:\Program Files\NVIDIA Corporation\Update Core\NvProfileUpdater64.exe
User: LAPTOP-I8K1DAMV\rohin"
"2026-04-21T05:43:36.6921321+05:30","5","Process terminated:
RuleName: -
UtcTime: 2026-04-21 00:13:36.691
ProcessGuid: {a65b9ff6-c130-69e6-2003-000000001b00}
ProcessId: 24328
Image: C:\Program Files\Docker\Docker\resources\Docker desktop.exe
User: LAPTOP-I8K1DAMV\rohin"
"2026-04-21T05:43:35.6432494+05:30","5","Process terminated:
RuleName: -
UtcTime: 2026-04-21 00:13:35.642
ProcessGuid: {a65b9ff6-c12d-69e6-1c03-000000001b00}
ProcessId: 26772
Image: C:\Program Files\Google\Chrome\Application\chrome.exe
User: LAPTOP-I8K1DAMV\rohin"
"2026-04-21T05:43:35.4916162+05:30","5","Process terminated:
RuleName: -
UtcTime: 2026-04-21 00:13:35.491
ProcessGuid: {a65b9ff6-c07c-69e6-2a00-000000001b00}
ProcessId: 2920
Image: C:\Windows\System32\svchost.exe
User: NT AUTHORITY\SYSTEM"
"2026-04-21T05:43:35.1363073+05:30","5","Process terminated:
RuleName: -
UtcTime: 2026-04-21 00:13:35.135
ProcessGuid: {a65b9ff6-c12d-69e6-1d03-000000001b00}
ProcessId: 26976
Image: C:\Program Files\Google\Chrome\Application\chrome.exe
User: LAPTOP-I8K1DAMV\rohin"
"2026-04-21T05:43:34.7132136+05:30","5","Process terminated:
RuleName: -
UtcTime: 2026-04-21 00:13:34.712
ProcessGuid: {a65b9ff6-c12d-69e6-1e03-000000001b00}
ProcessId: 25612
Image: C:\Program Files\Google\Chrome\Application\chrome.exe
User: LAPTOP-I8K1DAMV\rohin"
"2026-04-21T05:43:34.1488875+05:30","5","Process terminated:
RuleName: -
UtcTime: 2026-04-21 00:13:34.140
ProcessGuid: {a65b9ff6-c10a-69e6-c102-000000001b00}
ProcessId: 24336
Image: C:\Program Files\Google\Chrome\Application\chrome.exe
User: LAPTOP-I8K1DAMV\rohin"
"2026-04-21T05:43:33.3809725+05:30","5","Process terminated:
RuleName: -
UtcTime: 2026-04-21 00:13:33.378
ProcessGuid: {a65b9ff6-c128-69e6-1503-000000001b00}
ProcessId: 27612
Image: C:\Windows\SysWOW64\dllhost.exe
User: LAPTOP-I8K1DAMV\rohin"
"2026-04-21T05:43:32.8597258+05:30","5","Process terminated:
RuleName: -
UtcTime: 2026-04-21 00:13:32.858
ProcessGuid: {a65b9ff6-c11d-69e6-f802-000000001b00}
ProcessId: 25912
Image: C:\Program Files (x86)\Google\GoogleUpdater\148.0.7730.0\updater.exe
User: LAPTOP-I8K1DAMV\rohin"
"2026-04-21T05:43:32.8542433+05:30","5","Process terminated:
RuleName: -
UtcTime: 2026-04-21 00:13:32.853
ProcessGuid: {a65b9ff6-c11d-69e6-fa02-000000001b00}
ProcessId: 26016
Image: C:\Program Files (x86)\Google\GoogleUpdater\148.0.7730.0\updater.exe
User: LAPTOP-I8K1DAMV\rohin"
"2026-04-21T05:43:32.8533818+05:30","5","Process terminated:
RuleName: -
UtcTime: 2026-04-21 00:13:32.852
ProcessGuid: {a65b9ff6-c11d-69e6-f702-000000001b00}
ProcessId: 25860
Image: C:\Program Files (x86)\Google\GoogleUpdater\148.0.7730.0\updater.exe
User: LAPTOP-I8K1DAMV\rohin"
"2026-04-21T05:43:32.8459625+05:30","5","Process terminated:
RuleName: -
UtcTime: 2026-04-21 00:13:32.845
ProcessGuid: {a65b9ff6-c11d-69e6-f902-000000001b00}
ProcessId: 25976
Image: C:\Program Files (x86)\Google\GoogleUpdater\148.0.7730.0\updater.exe
User: LAPTOP-I8K1DAMV\rohin"
"2026-04-21T05:43:32.7003095+05:30","5","Process terminated:
RuleName: -
UtcTime: 2026-04-21 00:13:32.699
ProcessGuid: {a65b9ff6-c122-69e6-0a03-000000001b00}
ProcessId: 27480
Image: C:\Windows\System32\rundll32.exe
User: LAPTOP-I8K1DAMV\rohin"
"2026-04-21T05:43:30.7873191+05:30","5","Process terminated:
RuleName: -
UtcTime: 2026-04-21 00:13:30.781
ProcessGuid: {a65b9ff6-c12a-69e6-1a03-000000001b00}
ProcessId: 25624
Image: C:\Program Files\Google\Chrome\Application\chrome.exe
User: LAPTOP-I8K1DAMV\rohin"
"2026-04-21T05:43:29.2473592+05:30","5","Process terminated:
RuleName: -
UtcTime: 2026-04-21 00:13:29.245
ProcessGuid: {a65b9ff6-c121-69e6-0503-000000001b00}
ProcessId: 27072
Image: C:\Windows\System32\dllhost.exe
User: LAPTOP-I8K1DAMV\rohin"
"2026-04-21T05:43:28.6561300+05:30","5","Process terminated:
RuleName: -
UtcTime: 2026-04-21 00:13:28.651
ProcessGuid: {a65b9ff6-c128-69e6-1803-000000001b00}
ProcessId: 26904
Image: C:\Program Files\Google\Chrome\Application\chrome.exe
User: LAPTOP-I8K1DAMV\rohin"
"2026-04-21T05:43:28.5748896+05:30","5","Process terminated:
RuleName: -
UtcTime: 2026-04-21 00:13:28.574
ProcessGuid: {a65b9ff6-c128-69e6-1703-000000001b00}
ProcessId: 27028
Image: C:\Program Files\Google\Chrome\Application\chrome.exe
User: LAPTOP-I8K1DAMV\rohin"
"2026-04-21T05:43:28.5703412+05:30","5","Process terminated:
RuleName: -
UtcTime: 2026-04-21 00:13:28.568
ProcessGuid: {a65b9ff6-c128-69e6-1603-000000001b00}
ProcessId: 26884
Image: C:\Program Files\Google\Chrome\Application\chrome.exe
User: LAPTOP-I8K1DAMV\rohin"
"2026-04-21T05:43:28.1394297+05:30","5","Process terminated:
RuleName: -
UtcTime: 2026-04-21 00:13:28.129
ProcessGuid: {a65b9ff6-c120-69e6-0403-000000001b00}
ProcessId: 26744
Image: C:\Program Files\Microsoft OneDrive\26.055.0323.0004\FileCoAuth.exe
User: LAPTOP-I8K1DAMV\rohin"
"2026-04-21T05:43:28.1196917+05:30","5","Process terminated:
RuleName: -
UtcTime: 2026-04-21 00:13:28.111
ProcessGuid: {a65b9ff6-c10a-69e6-ba02-000000001b00}
ProcessId: 4268
Image: C:\Windows\System32\svchost.exe
User: NT AUTHORITY\SYSTEM"
"2026-04-21T05:43:27.9005845+05:30","5","Process terminated:
RuleName: -
UtcTime: 2026-04-21 00:13:27.898
ProcessGuid: {a65b9ff6-c127-69e6-1103-000000001b00}
ProcessId: 27424
Image: C:\Windows\SysWOW64\runonce.exe
User: LAPTOP-I8K1DAMV\rohin"
"2026-04-21T05:43:27.7244801+05:30","5","Process terminated:
RuleName: -
UtcTime: 2026-04-21 00:13:27.723
ProcessGuid: {a65b9ff6-c11d-69e6-f602-000000001b00}
ProcessId: 25640
Image: C:\Program Files (x86)\Google\GoogleUpdater\148.0.7730.0\updater.exe
User: NT AUTHORITY\SYSTEM"
"2026-04-21T05:43:27.7154709+05:30","5","Process terminated:
RuleName: -
UtcTime: 2026-04-21 00:13:27.714
ProcessGuid: {a65b9ff6-c11d-69e6-f502-000000001b00}
ProcessId: 25620
Image: C:\Program Files (x86)\Google\GoogleUpdater\148.0.7730.0\updater.exe
User: NT AUTHORITY\SYSTEM"
"2026-04-21T05:43:25.4375282+05:30","5","Process terminated:
RuleName: -
UtcTime: 2026-04-21 00:13:25.437
ProcessGuid: {a65b9ff6-c11e-69e6-fe02-000000001b00}
ProcessId: 26244
Image: C:\Windows\System32\wermgr.exe
User: NT AUTHORITY\SYSTEM"
"2026-04-21T05:43:25.0086477+05:30","5","Process terminated:
RuleName: -
UtcTime: 2026-04-21 00:13:24.999
ProcessGuid: {a65b9ff6-c11f-69e6-0003-000000001b00}
ProcessId: 25612
Image: C:\Program Files\Common Files\McAfee\DynamicAppDownloader\DADUpdater.exe
User: NT AUTHORITY\SYSTEM"
"2026-04-21T05:43:24.5208336+05:30","5","Process terminated:
RuleName: -
UtcTime: 2026-04-21 00:13:24.519
ProcessGuid: {a65b9ff6-c124-69e6-1003-000000001b00}
ProcessId: 26996
Image: C:\Windows\System32\conhost.exe
User: LAPTOP-I8K1DAMV\rohin"
"2026-04-21T05:43:24.5192228+05:30","5","Process terminated:
RuleName: -
UtcTime: 2026-04-21 00:13:24.511
ProcessGuid: {a65b9ff6-c124-69e6-0f03-000000001b00}
ProcessId: 27032
Image: C:\Windows\System32\reg.exe
User: LAPTOP-I8K1DAMV\rohin"
"2026-04-21T05:43:24.4738655+05:30","5","Process terminated:
RuleName: -
UtcTime: 2026-04-21 00:13:24.461
ProcessGuid: {a65b9ff6-c124-69e6-0e03-000000001b00}
ProcessId: 26904
Image: C:\Windows\System32\conhost.exe
User: LAPTOP-I8K1DAMV\rohin"
"2026-04-21T05:43:24.4720324+05:30","5","Process terminated:
RuleName: -
UtcTime: 2026-04-21 00:13:24.461
ProcessGuid: {a65b9ff6-c124-69e6-0d03-000000001b00}
ProcessId: 26332
Image: C:\Windows\System32\reg.exe
User: LAPTOP-I8K1DAMV\rohin"
"2026-04-21T05:43:24.3992017+05:30","5","Process terminated:
RuleName: -
UtcTime: 2026-04-21 00:13:24.398
ProcessGuid: {a65b9ff6-c124-69e6-0c03-000000001b00}
ProcessId: 27632
Image: C:\Windows\System32\conhost.exe
User: LAPTOP-I8K1DAMV\rohin"
"2026-04-21T05:43:24.3968913+05:30","5","Process terminated:
RuleName: -
UtcTime: 2026-04-21 00:13:24.392
ProcessGuid: {a65b9ff6-c124-69e6-0b03-000000001b00}
ProcessId: 27624
Image: C:\Windows\System32\reg.exe
User: LAPTOP-I8K1DAMV\rohin"
"2026-04-21T05:43:22.4515785+05:30","5","Process terminated:
RuleName: -
UtcTime: 2026-04-21 00:13:22.445
ProcessGuid: {a65b9ff6-c121-69e6-0603-000000001b00}
ProcessId: 27264
Image: C:\Windows\System32\SecurityHealth\10.0.29554.1001-0\SecurityHealthHost.exe
User: LAPTOP-I8K1DAMV\rohin"
"2026-04-21T05:43:22.4096247+05:30","5","Process terminated:
RuleName: -
UtcTime: 2026-04-21 00:13:22.406
ProcessGuid: {a65b9ff6-c122-69e6-0903-000000001b00}
ProcessId: 27396
Image: C:\Windows\System32\backgroundTaskHost.exe
User: LAPTOP-I8K1DAMV\rohin"
"2026-04-21T05:43:22.1821994+05:30","5","Process terminated:
RuleName: -
UtcTime: 2026-04-21 00:13:22.178
ProcessGuid: {a65b9ff6-c122-69e6-0803-000000001b00}
ProcessId: 27340
Image: C:\Program Files\WindowsApps\MicrosoftWindows.CrossDevice_1.26022.46.0_x64__cw5n1h2txyewy\CrossDeviceService.exe
User: LAPTOP-I8K1DAMV\rohin"
"2026-04-21T05:43:21.9709853+05:30","5","Process terminated:
RuleName: -
UtcTime: 2026-04-21 00:13:21.970
ProcessGuid: {a65b9ff6-c121-69e6-0703-000000001b00}
ProcessId: 27272
Image: C:\Windows\System32\taskhostw.exe
User: NT AUTHORITY\NETWORK SERVICE"
"2026-04-21T05:43:21.9616402+05:30","5","Process terminated:
RuleName: -
UtcTime: 2026-04-21 00:13:21.961
ProcessGuid: {a65b9ff6-c120-69e6-0303-000000001b00}
ProcessId: 26416
Image: C:\Windows\System32\taskhostw.exe
User: NT AUTHORITY\SYSTEM"
"2026-04-21T05:43:21.3483926+05:30","5","Process terminated:
RuleName: -
UtcTime: 2026-04-21 00:13:21.344
ProcessGuid: {a65b9ff6-c11c-69e6-ed02-000000001b00}
ProcessId: 21900
Image: C:\Windows\System32\dllhost.exe
User: LAPTOP-I8K1DAMV\rohin"
"2026-04-21T05:43:19.7855936+05:30","5","Process terminated:
RuleName: -
UtcTime: 2026-04-21 00:13:19.783
ProcessGuid: {a65b9ff6-c11f-69e6-0103-000000001b00}
ProcessId: 23556
Image: C:\Windows\System32\taskhostw.exe
User: NT AUTHORITY\NETWORK SERVICE"
"2026-04-21T05:43:19.4605371+05:30","5","Process terminated:
RuleName: -
UtcTime: 2026-04-21 00:13:19.458
ProcessGuid: {a65b9ff6-c11d-69e6-f402-000000001b00}
ProcessId: 16520
Image: C:\Program Files\McAfee\WebAdvisor\updater.exe
User: NT AUTHORITY\SYSTEM"
"2026-04-21T05:43:17.1014865+05:30","5","Process terminated:
RuleName: -
UtcTime: 2026-04-21 00:13:17.100
ProcessGuid: {a65b9ff6-c11d-69e6-f302-000000001b00}
ProcessId: 10324
Image: C:\Windows\System32\conhost.exe
User: LAPTOP-I8K1DAMV\rohin"
"2026-04-21T05:43:17.0996925+05:30","5","Process terminated:
RuleName: -
UtcTime: 2026-04-21 00:13:17.092
ProcessGuid: {a65b9ff6-c11d-69e6-f202-000000001b00}
ProcessId: 22872
Image: C:\Windows\System32\reg.exe
User: LAPTOP-I8K1DAMV\rohin"
"2026-04-21T05:43:17.0559059+05:30","5","Process terminated:
RuleName: -
UtcTime: 2026-04-21 00:13:17.055
ProcessGuid: {a65b9ff6-c11d-69e6-f102-000000001b00}
ProcessId: 16504
Image: C:\Windows\System32\conhost.exe
User: LAPTOP-I8K1DAMV\rohin"
"2026-04-21T05:43:17.0541590+05:30","5","Process terminated:
RuleName: -
UtcTime: 2026-04-21 00:13:17.053
ProcessGuid: {a65b9ff6-c11d-69e6-f002-000000001b00}
ProcessId: 16492
Image: C:\Windows\System32\reg.exe
User: LAPTOP-I8K1DAMV\rohin"
"2026-04-21T05:43:16.9921888+05:30","5","Process terminated:
RuleName: -
UtcTime: 2026-04-21 00:13:16.981
ProcessGuid: {a65b9ff6-c11c-69e6-ef02-000000001b00}
ProcessId: 22804
Image: C:\Windows\System32\conhost.exe
User: LAPTOP-I8K1DAMV\rohin"
"2026-04-21T05:43:16.9904522+05:30","5","Process terminated:
RuleName: -
UtcTime: 2026-04-21 00:13:16.981
ProcessGuid: {a65b9ff6-c11c-69e6-ee02-000000001b00}
ProcessId: 13828
Image: C:\Windows\System32\reg.exe
User: LAPTOP-I8K1DAMV\rohin"
"2026-04-21T05:43:16.9257748+05:30","5","Process terminated:
RuleName: -
UtcTime: 2026-04-21 00:13:16.921
ProcessGuid: {a65b9ff6-c0bf-69e6-4601-000000001b00}
ProcessId: 16488
Image: C:\Windows\System32\RuntimeBroker.exe
User: LAPTOP-I8K1DAMV\rohin"
"2026-04-21T05:43:16.2425964+05:30","5","Process terminated:
RuleName: -
UtcTime: 2026-04-21 00:13:16.239
ProcessGuid: {a65b9ff6-c111-69e6-e202-000000001b00}
ProcessId: 24980
Image: C:\Program Files\Google\Chrome\Application\chrome.exe
User: LAPTOP-I8K1DAMV\rohin"
"2026-04-21T05:43:15.7767539+05:30","5","Process terminated:
RuleName: -
UtcTime: 2026-04-21 00:13:15.771
ProcessGuid: {a65b9ff6-c119-69e6-ea02-000000001b00}
ProcessId: 24956
Image: C:\Program Files\Common Files\McAfee\DynamicAppDownloader\DADUpdater.exe
User: NT AUTHORITY\SYSTEM"
"2026-04-21T05:43:14.8891201+05:30","5","Process terminated:
RuleName: -
UtcTime: 2026-04-21 00:13:14.888
ProcessGuid: {a65b9ff6-c0c0-69e6-4b01-000000001b00}
ProcessId: 16752
Image: C:\Windows\System32\RuntimeBroker.exe
User: LAPTOP-I8K1DAMV\rohin"
"2026-04-21T05:43:14.3032286+05:30","5","Process terminated:
RuleName: -
UtcTime: 2026-04-21 00:13:14.294
ProcessGuid: {a65b9ff6-c0c0-69e6-4701-000000001b00}
ProcessId: 16524
Image: C:\Windows\System32\RuntimeBroker.exe
User: LAPTOP-I8K1DAMV\rohin"
"2026-04-21T05:43:13.5371081+05:30","5","Process terminated:
RuleName: -
UtcTime: 2026-04-21 00:13:13.536
ProcessGuid: {a65b9ff6-c119-69e6-eb02-000000001b00}
ProcessId: 22156
Image: C:\Windows\System32\taskhostw.exe
User: NT AUTHORITY\NETWORK SERVICE"
"2026-04-21T05:43:10.3446050+05:30","5","Process terminated:
RuleName: -
UtcTime: 2026-04-21 00:13:10.343
ProcessGuid: {a65b9ff6-c116-69e6-e802-000000001b00}
ProcessId: 23216
Image: C:\Program Files\Google\Chrome\Application\chrome.exe
User: LAPTOP-I8K1DAMV\rohin"
"2026-04-21T05:43:08.0385932+05:30","5","Process terminated:
RuleName: -
UtcTime: 2026-04-21 00:13:08.030
ProcessGuid: {a65b9ff6-c0f5-69e6-9102-000000001b00}
ProcessId: 23032
Image: C:\Program Files\McAfee\CoreUI\Launch.exe
User: NT AUTHORITY\SYSTEM"
"2026-04-21T05:43:05.9191961+05:30","5","Process terminated:
RuleName: -
UtcTime: 2026-04-21 00:13:05.918
ProcessGuid: {a65b9ff6-c10e-69e6-d902-000000001b00}
ProcessId: 25040
Image: C:\Program Files (x86)\Microsoft\EdgeWebView\Application\147.0.3912.72\msedgewebview2.exe
User: LAPTOP-I8K1DAMV\rohin"
"2026-04-21T05:43:05.8709577+05:30","5","Process terminated:
RuleName: -
UtcTime: 2026-04-21 00:13:05.870
ProcessGuid: {a65b9ff6-c10e-69e6-d802-000000001b00}
ProcessId: 24884
Image: C:\Program Files (x86)\Microsoft\EdgeWebView\Application\147.0.3912.72\msedgewebview2.exe
User: LAPTOP-I8K1DAMV\rohin"
"2026-04-21T05:43:05.7933744+05:30","5","Process terminated:
RuleName: -
UtcTime: 2026-04-21 00:13:05.792
ProcessGuid: {a65b9ff6-c10f-69e6-de02-000000001b00}
ProcessId: 25444
Image: C:\Program Files (x86)\Microsoft\EdgeWebView\Application\147.0.3912.72\msedgewebview2.exe
User: LAPTOP-I8K1DAMV\rohin"
"2026-04-21T05:43:05.7753539+05:30","5","Process terminated:
RuleName: -
UtcTime: 2026-04-21 00:13:05.774
ProcessGuid: {a65b9ff6-c10f-69e6-e002-000000001b00}
ProcessId: 24672
Image: C:\Program Files (x86)\Microsoft\EdgeWebView\Application\147.0.3912.72\msedgewebview2.exe
User: LAPTOP-I8K1DAMV\rohin"
"2026-04-21T05:43:05.7530768+05:30","5","Process terminated:
RuleName: -
UtcTime: 2026-04-21 00:13:05.752
ProcessGuid: {a65b9ff6-c10f-69e6-df02-000000001b00}
ProcessId: 25452
Image: C:\Program Files (x86)\Microsoft\EdgeWebView\Application\147.0.3912.72\msedgewebview2.exe
User: LAPTOP-I8K1DAMV\rohin"
"2026-04-21T05:43:05.5481780+05:30","5","Process terminated:
RuleName: -
UtcTime: 2026-04-21 00:13:05.547
ProcessGuid: {a65b9ff6-c10f-69e6-e102-000000001b00}
ProcessId: 3920
Image: C:\Program Files (x86)\Microsoft\EdgeWebView\Application\147.0.3912.72\msedgewebview2.exe
User: LAPTOP-I8K1DAMV\rohin"
"2026-04-21T05:43:05.2813495+05:30","5","Process terminated:
RuleName: -
UtcTime: 2026-04-21 00:13:05.280
ProcessGuid: {a65b9ff6-c10e-69e6-d702-000000001b00}
ProcessId: 24828
Image: C:\Program Files\Google\Chrome\Application\chrome.exe
User: LAPTOP-I8K1DAMV\rohin"
"2026-04-21T05:43:05.0875274+05:30","5","Process terminated:
RuleName: -
UtcTime: 2026-04-21 00:13:05.087
ProcessGuid: {a65b9ff6-c10b-69e6-ca02-000000001b00}
ProcessId: 9444
Image: C:\Windows\System32\WindowsPowerShell\v1.0\powershell.exe
User: LAPTOP-I8K1DAMV\rohin"
"2026-04-21T05:43:03.3022669+05:30","5","Process terminated:
RuleName: -
UtcTime: 2026-04-21 00:13:03.295
ProcessGuid: {a65b9ff6-c10f-69e6-dd02-000000001b00}
ProcessId: 25360
Image: C:\Windows\System32\conhost.exe
User: LAPTOP-I8K1DAMV\rohin"
"2026-04-21T05:43:03.2987699+05:30","5","Process terminated:
RuleName: -
UtcTime: 2026-04-21 00:13:03.295
ProcessGuid: {a65b9ff6-c10f-69e6-dc02-000000001b00}
ProcessId: 25352
Image: C:\Windows\System32\reg.exe
User: LAPTOP-I8K1DAMV\rohin"
"2026-04-21T05:43:03.1518771+05:30","5","Process terminated:
RuleName: -
UtcTime: 2026-04-21 00:13:03.151
ProcessGuid: {a65b9ff6-c10f-69e6-db02-000000001b00}
ProcessId: 25284
Image: C:\Windows\System32\conhost.exe
User: LAPTOP-I8K1DAMV\rohin"
"2026-04-21T05:43:03.1487450+05:30","5","Process terminated:
RuleName: -
UtcTime: 2026-04-21 00:13:03.148
ProcessGuid: {a65b9ff6-c10f-69e6-da02-000000001b00}
ProcessId: 25236
Image: C:\Windows\System32\reg.exe
User: LAPTOP-I8K1DAMV\rohin"
"2026-04-21T05:43:02.4052329+05:30","5","Process terminated:
RuleName: -
UtcTime: 2026-04-21 00:13:02.404
ProcessGuid: {a65b9ff6-c10c-69e6-d002-000000001b00}
ProcessId: 5748
Image: C:\Program Files\Google\Chrome\Application\chrome.exe
User: LAPTOP-I8K1DAMV\rohin"
"2026-04-21T05:43:01.2845703+05:30","5","Process terminated:
RuleName: -
UtcTime: 2026-04-21 00:13:01.278
ProcessGuid: {a65b9ff6-c104-69e6-ae02-000000001b00}
ProcessId: 24216
Image: C:\Program Files\Microsoft OneDrive\26.055.0323.0004\FileCoAuth.exe
User: LAPTOP-I8K1DAMV\rohin"
"2026-04-21T05:43:00.5398983+05:30","5","Process terminated:
RuleName: -
UtcTime: 2026-04-21 00:13:00.539
ProcessGuid: {a65b9ff6-c10b-69e6-c502-000000001b00}
ProcessId: 24172
Image: C:\Program Files\Google\Chrome\Application\chrome.exe
User: LAPTOP-I8K1DAMV\rohin"
"2026-04-21T05:43:00.4586383+05:30","5","Process terminated:
RuleName: -
UtcTime: 2026-04-21 00:13:00.458
ProcessGuid: {a65b9ff6-c10c-69e6-ce02-000000001b00}
ProcessId: 9824
Image: C:\Windows\System32\wsl.exe
User: LAPTOP-I8K1DAMV\rohin"
"2026-04-21T05:43:00.4494131+05:30","5","Process terminated:
RuleName: -
UtcTime: 2026-04-21 00:13:00.447
ProcessGuid: {a65b9ff6-c10c-69e6-cf02-000000001b00}
ProcessId: 10060
Image: C:\Program Files\WSL\wsl.exe
User: LAPTOP-I8K1DAMV\rohin"
"2026-04-21T05:43:00.1505976+05:30","5","Process terminated:
RuleName: -
UtcTime: 2026-04-21 00:13:00.149
ProcessGuid: {a65b9ff6-c10b-69e6-cc02-000000001b00}
ProcessId: 5336
Image: C:\Windows\System32\wsl.exe
User: LAPTOP-I8K1DAMV\rohin"
"2026-04-21T05:43:00.1437040+05:30","5","Process terminated:
RuleName: -
UtcTime: 2026-04-21 00:13:00.140
ProcessGuid: {a65b9ff6-c10c-69e6-cd02-000000001b00}
ProcessId: 2084
Image: C:\Program Files\WSL\wsl.exe
User: LAPTOP-I8K1DAMV\rohin"
"2026-04-21T05:42:59.9517418+05:30","5","Process terminated:
RuleName: -
UtcTime: 2026-04-21 00:12:59.951
ProcessGuid: {a65b9ff6-c10b-69e6-c802-000000001b00}
ProcessId: 9304
Image: C:\Windows\System32\wsl.exe
User: LAPTOP-I8K1DAMV\rohin"
"2026-04-21T05:42:59.9476587+05:30","5","Process terminated:
RuleName: -
UtcTime: 2026-04-21 00:12:59.946
ProcessGuid: {a65b9ff6-c10b-69e6-c702-000000001b00}
ProcessId: 5496
Image: C:\Windows\System32\wsl.exe
User: LAPTOP-I8K1DAMV\rohin"
"2026-04-21T05:42:59.9436334+05:30","5","Process terminated:
RuleName: -
UtcTime: 2026-04-21 00:12:59.942
ProcessGuid: {a65b9ff6-c10b-69e6-cb02-000000001b00}
ProcessId: 12556
Image: C:\Program Files\WSL\wsl.exe
User: LAPTOP-I8K1DAMV\rohin"
"2026-04-21T05:42:59.9403847+05:30","5","Process terminated:
RuleName: -
UtcTime: 2026-04-21 00:12:59.938
ProcessGuid: {a65b9ff6-c10b-69e6-c902-000000001b00}
ProcessId: 9300
Image: C:\Program Files\WSL\wsl.exe
User: LAPTOP-I8K1DAMV\rohin"
"2026-04-21T05:42:59.7660308+05:30","5","Process terminated:
RuleName: -
UtcTime: 2026-04-21 00:12:59.749
ProcessGuid: {a65b9ff6-c10a-69e6-c202-000000001b00}
ProcessId: 24332
Image: C:\Program Files\Google\Chrome\Application\chrome.exe
User: LAPTOP-I8K1DAMV\rohin"
"2026-04-21T05:42:59.7647193+05:30","5","Process terminated:
RuleName: -
UtcTime: 2026-04-21 00:12:59.746
ProcessGuid: {a65b9ff6-c0c8-69e6-5f01-000000001b00}
ProcessId: 17900
Image: C:\Windows\System32\svchost.exe
User: NT AUTHORITY\SYSTEM"
"2026-04-21T05:42:59.6623302+05:30","5","Process terminated:
RuleName: -
UtcTime: 2026-04-21 00:12:59.660
ProcessGuid: {a65b9ff6-c10b-69e6-c602-000000001b00}
ProcessId: 2252
Image: C:\Program Files\Docker\Docker\resources\bin\docker-credential-wincred.exe
User: LAPTOP-I8K1DAMV\rohin"
"2026-04-21T05:42:58.6193922+05:30","5","Process terminated:
RuleName: -
UtcTime: 2026-04-21 00:12:58.612
ProcessGuid: {a65b9ff6-c10a-69e6-bf02-000000001b00}
ProcessId: 17568
Image: C:\Program Files\Google\Chrome\Application\147.0.7727.102\elevation_service.exe
User: NT AUTHORITY\SYSTEM"
"2026-04-21T05:42:58.1368327+05:30","5","Process terminated:
RuleName: -
UtcTime: 2026-04-21 00:12:58.134
ProcessGuid: {a65b9ff6-c109-69e6-b902-000000001b00}
ProcessId: 3796
Image: C:\Windows\System32\rundll32.exe
User: LAPTOP-I8K1DAMV\rohin"
"2026-04-21T05:42:57.0082589+05:30","5","Process terminated:
RuleName: -
UtcTime: 2026-04-21 00:12:57.001
ProcessGuid: {a65b9ff6-c0fe-69e6-9e02-000000001b00}
ProcessId: 12556
Image: C:\Windows\System32\svchost.exe
User: NT AUTHORITY\NETWORK SERVICE"
"2026-04-21T05:42:55.9796603+05:30","5","Process terminated:
RuleName: -
UtcTime: 2026-04-21 00:12:55.975
ProcessGuid: {a65b9ff6-c107-69e6-b502-000000001b00}
ProcessId: 2292
Image: C:\Windows\UUS\Packages\Preview\amd64\MoNotificationUx.exe
User: LAPTOP-I8K1DAMV\rohin"
"2026-04-21T05:42:55.9427224+05:30","5","Process terminated:
RuleName: -
UtcTime: 2026-04-21 00:12:55.940
ProcessGuid: {a65b9ff6-c107-69e6-b402-000000001b00}
ProcessId: 2664
Image: C:\Windows\UUS\Packages\Preview\amd64\MoNotificationUx.exe
User: LAPTOP-I8K1DAMV\rohin"
"2026-04-21T05:42:55.9074161+05:30","5","Process terminated:
RuleName: -
UtcTime: 2026-04-21 00:12:55.905
ProcessGuid: {a65b9ff6-c107-69e6-b302-000000001b00}
ProcessId: 14624
Image: C:\Windows\UUS\Packages\Preview\amd64\MoNotificationUx.exe
User: LAPTOP-I8K1DAMV\rohin"
"2026-04-21T05:42:55.2827662+05:30","5","Process terminated:
RuleName: -
UtcTime: 2026-04-21 00:12:55.279
ProcessGuid: {a65b9ff6-c107-69e6-b102-000000001b00}
ProcessId: 16568
Image: C:\Windows\System32\UIEOrchestratorStub.exe
User: NT AUTHORITY\SYSTEM"
"2026-04-21T05:42:55.2775636+05:30","5","Process terminated:
RuleName: -
UtcTime: 2026-04-21 00:12:55.277
ProcessGuid: {a65b9ff6-c107-69e6-b202-000000001b00}
ProcessId: 14844
Image: C:\Windows\UUS\Packages\Preview\amd64\UIEOrchestrator.exe
User: NT AUTHORITY\SYSTEM"
"2026-04-21T05:42:55.2164353+05:30","5","Process terminated:
RuleName: -
UtcTime: 2026-04-21 00:12:55.213
ProcessGuid: {a65b9ff6-c104-69e6-aa02-000000001b00}
ProcessId: 24096
Image: C:\Windows\System32\UIEOrchestratorStub.exe
User: NT AUTHORITY\SYSTEM"
"2026-04-21T05:42:55.2089238+05:30","5","Process terminated:
RuleName: -
UtcTime: 2026-04-21 00:12:55.203
ProcessGuid: {a65b9ff6-c104-69e6-ac02-000000001b00}
ProcessId: 24132
Image: C:\Windows\UUS\Packages\Preview\amd64\UIEOrchestrator.exe
User: NT AUTHORITY\SYSTEM"
"2026-04-21T05:42:54.4613261+05:30","5","Process terminated:
RuleName: -
UtcTime: 2026-04-21 00:12:54.460
ProcessGuid: {a65b9ff6-c0d7-69e6-0202-000000001b00}
ProcessId: 21928
Image: C:\Program Files\WSL\wslsettings\wslsettings.exe
User: LAPTOP-I8K1DAMV\rohin"
"2026-04-21T05:42:54.2300493+05:30","5","Process terminated:
RuleName: -
UtcTime: 2026-04-21 00:12:54.228
ProcessGuid: {a65b9ff6-c0d2-69e6-ba01-000000001b00}
ProcessId: 21408
Image: C:\Windows\System32\dllhost.exe
User: NT AUTHORITY\SYSTEM"
"2026-04-21T05:42:53.7617883+05:30","5","Process terminated:
RuleName: -
UtcTime: 2026-04-21 00:12:53.754
ProcessGuid: {a65b9ff6-c105-69e6-af02-000000001b00}
ProcessId: 24344
Image: C:\Windows\System32\backgroundTaskHost.exe
User: LAPTOP-I8K1DAMV\rohin"
"2026-04-21T05:42:50.8142235+05:30","5","Process terminated:
RuleName: -
UtcTime: 2026-04-21 00:12:50.813
ProcessGuid: {a65b9ff6-c102-69e6-a802-000000001b00}
ProcessId: 23900
Image: C:\Program Files\McAfee.com\Agent\WSCLLCSectigo.exe
User: NT AUTHORITY\SYSTEM"
"2026-04-21T05:42:49.5296937+05:30","5","Process terminated:
RuleName: -
UtcTime: 2026-04-21 00:12:49.525
ProcessGuid: {a65b9ff6-c0bc-69e6-3a01-000000001b00}
ProcessId: 14788
Image: C:\Windows\System32\backgroundTaskHost.exe
User: LAPTOP-I8K1DAMV\rohin"
"2026-04-21T05:42:49.5246139+05:30","5","Process terminated:
RuleName: -
UtcTime: 2026-04-21 00:12:49.520
ProcessGuid: {a65b9ff6-c101-69e6-a702-000000001b00}
ProcessId: 23712
Image: C:\Windows\System32\conhost.exe
User: NT AUTHORITY\LOCAL SERVICE"
"2026-04-21T05:42:49.5212163+05:30","5","Process terminated:
RuleName: -
UtcTime: 2026-04-21 00:12:49.520
ProcessGuid: {a65b9ff6-c101-69e6-a602-000000001b00}
ProcessId: 23704
Image: C:\ProgramData\Microsoft\Windows Defender\Platform\4.18.26030.3011-0\MpCmdRun.exe
User: NT AUTHORITY\LOCAL SERVICE"
"2026-04-21T05:42:49.2165720+05:30","5","Process terminated:
RuleName: -
UtcTime: 2026-04-21 00:12:49.214
ProcessGuid: {a65b9ff6-c0d2-69e6-ae01-000000001b00}
ProcessId: 20696
Image: C:\Windows\System32\svchost.exe
User: NT AUTHORITY\SYSTEM"
"2026-04-21T05:42:46.9115484+05:30","5","Process terminated:
RuleName: -
UtcTime: 2026-04-21 00:12:46.904
ProcessGuid: {a65b9ff6-c0bc-69e6-3801-000000001b00}
ProcessId: 14732
Image: C:\Windows\System32\backgroundTaskHost.exe
User: LAPTOP-I8K1DAMV\rohin"
"2026-04-21T05:42:46.4270221+05:30","5","Process terminated:
RuleName: -
UtcTime: 2026-04-21 00:12:46.426
ProcessGuid: {a65b9ff6-c0fe-69e6-9b02-000000001b00}
ProcessId: 13968
Image: C:\Program Files (x86)\Microsoft\EdgeUpdate\MicrosoftEdgeUpdate.exe
User: NT AUTHORITY\SYSTEM"
"2026-04-21T05:42:46.3353791+05:30","5","Process terminated:
RuleName: -
UtcTime: 2026-04-21 00:12:46.333
ProcessGuid: {a65b9ff6-c0fe-69e6-9a02-000000001b00}
ProcessId: 9608
Image: C:\Program Files (x86)\Microsoft\EdgeUpdate\MicrosoftEdgeUpdate.exe
User: NT AUTHORITY\SYSTEM"
"2026-04-21T05:42:45.5981794+05:30","5","Process terminated:
RuleName: -
UtcTime: 2026-04-21 00:12:45.598
ProcessGuid: {a65b9ff6-c0fd-69e6-9702-000000001b00}
ProcessId: 14024
Image: C:\Program Files (x86)\BraveSoftware\Update\1.3.361.151\BraveCrashHandler64.exe
User: NT AUTHORITY\SYSTEM"
"2026-04-21T05:42:45.5704106+05:30","5","Process terminated:
RuleName: -
UtcTime: 2026-04-21 00:12:45.570
ProcessGuid: {a65b9ff6-c0fd-69e6-9502-000000001b00}
ProcessId: 21720
Image: C:\Program Files (x86)\BraveSoftware\Update\BraveUpdate.exe
User: NT AUTHORITY\SYSTEM"
"2026-04-21T05:42:45.5606098+05:30","5","Process terminated:
RuleName: -
UtcTime: 2026-04-21 00:12:45.560
ProcessGuid: {a65b9ff6-c0fd-69e6-9602-000000001b00}
ProcessId: 23168
Image: C:\Program Files (x86)\BraveSoftware\Update\1.3.361.151\BraveCrashHandler.exe
User: NT AUTHORITY\SYSTEM"
"2026-04-21T05:42:45.5114679+05:30","5","Process terminated:
RuleName: -
UtcTime: 2026-04-21 00:12:45.507
ProcessGuid: {a65b9ff6-c0fd-69e6-9402-000000001b00}
ProcessId: 22828
Image: C:\Program Files (x86)\BraveSoftware\Update\BraveUpdate.exe
User: NT AUTHORITY\SYSTEM"
"2026-04-21T05:42:44.8768410+05:30","5","Process terminated:
RuleName: -
UtcTime: 2026-04-21 00:12:44.870
ProcessGuid: {a65b9ff6-c0bc-69e6-3b01-000000001b00}
ProcessId: 14832
Image: C:\Windows\System32\backgroundTaskHost.exe
User: LAPTOP-I8K1DAMV\rohin"
"2026-04-21T05:42:44.2843121+05:30","5","Process terminated:
RuleName: -
UtcTime: 2026-04-21 00:12:44.284
ProcessGuid: {a65b9ff6-c0bc-69e6-3901-000000001b00}
ProcessId: 14772
Image: C:\Windows\System32\backgroundTaskHost.exe
User: LAPTOP-I8K1DAMV\rohin"
"2026-04-21T05:42:42.6342493+05:30","5","Process terminated:
RuleName: -
UtcTime: 2026-04-21 00:12:42.627
ProcessGuid: {a65b9ff6-c0d7-69e6-0102-000000001b00}
ProcessId: 19480
Image: C:\Windows\System32\dllhost.exe
User: NT AUTHORITY\SYSTEM"
"2026-04-21T05:42:39.1162556+05:30","5","Process terminated:
RuleName: -
UtcTime: 2026-04-21 00:12:39.111
ProcessGuid: {a65b9ff6-c0b8-69e6-0401-000000001b00}
ProcessId: 13204
Image: C:\Windows\System32\sppsvc.exe
User: NT AUTHORITY\NETWORK SERVICE"
"2026-04-21T05:42:39.1004235+05:30","5","Process terminated:
RuleName: -
UtcTime: 2026-04-21 00:12:39.099
ProcessGuid: {a65b9ff6-c0b9-69e6-1801-000000001b00}
ProcessId: 13964
Image: C:\Windows\System32\SppExtComObj.Exe
User: NT AUTHORITY\NETWORK SERVICE"
"2026-04-21T05:42:38.7162580+05:30","5","Process terminated:
RuleName: -
UtcTime: 2026-04-21 00:12:38.712
ProcessGuid: {a65b9ff6-c0f6-69e6-9302-000000001b00}
ProcessId: 12504
Image: C:\Program Files\McAfee.com\Agent\mcupdate.exe
User: LAPTOP-I8K1DAMV\rohin"
"2026-04-21T05:42:38.1502319+05:30","5","Process terminated:
RuleName: -
UtcTime: 2026-04-21 00:12:38.146
ProcessGuid: {a65b9ff6-c0f5-69e6-9202-000000001b00}
ProcessId: 22964
Image: C:\Program Files\Common Files\McAfee\Platform\Core\mchost.exe
User: NT AUTHORITY\SYSTEM"
"2026-04-21T05:42:37.6314777+05:30","5","Process terminated:
RuleName: -
UtcTime: 2026-04-21 00:12:37.629
ProcessGuid: {a65b9ff6-c0d5-69e6-f201-000000001b00}
ProcessId: 22356
Image: C:\Windows\System32\taskhostw.exe
User: NT AUTHORITY\SYSTEM"
"2026-04-21T05:42:37.2694241+05:30","5","Process terminated:
RuleName: -
UtcTime: 2026-04-21 00:12:37.269
ProcessGuid: {a65b9ff6-c0f5-69e6-8f02-000000001b00}
ProcessId: 20704
Image: C:\Windows\System32\consent.exe
User: NT AUTHORITY\SYSTEM"
"2026-04-21T05:42:37.0777981+05:30","5","Process terminated:
RuleName: -
UtcTime: 2026-04-21 00:12:37.074
ProcessGuid: {a65b9ff6-c0f5-69e6-8e02-000000001b00}
ProcessId: 20680
Image: C:\Program Files\AMD\CNext\CNext\AMDRSServ.exe
User: LAPTOP-I8K1DAMV\rohin"
"2026-04-21T05:42:36.9702336+05:30","5","Process terminated:
RuleName: -
UtcTime: 2026-04-21 00:12:36.970
ProcessGuid: {a65b9ff6-c0f4-69e6-8d02-000000001b00}
ProcessId: 14308
Image: C:\Program Files\AMD\CNext\CNext\AMDRSServ.exe
User: LAPTOP-I8K1DAMV\rohin"
"2026-04-21T05:42:36.9097046+05:30","5","Process terminated:
RuleName: -
UtcTime: 2026-04-21 00:12:36.908
ProcessGuid: {a65b9ff6-c0f4-69e6-8a02-000000001b00}
ProcessId: 21588
Image: C:\Program Files\AMD\CNext\CNext\RSServCmd.exe
User: LAPTOP-I8K1DAMV\rohin"
"2026-04-21T05:42:36.6010508+05:30","5","Process terminated:
RuleName: -
UtcTime: 2026-04-21 00:12:36.599
ProcessGuid: {a65b9ff6-c0f4-69e6-8502-000000001b00}
ProcessId: 15164
Image: C:\Windows\System32\conhost.exe
User: NT AUTHORITY\SYSTEM"
"2026-04-21T05:42:36.5982229+05:30","5","Process terminated:
RuleName: -
UtcTime: 2026-04-21 00:12:36.596
ProcessGuid: {a65b9ff6-c0f4-69e6-8402-000000001b00}
ProcessId: 7276
Image: C:\Windows\System32\appidpolicyconverter.exe
User: NT AUTHORITY\SYSTEM"
"2026-04-21T05:42:36.3897832+05:30","5","Process terminated:
RuleName: -
UtcTime: 2026-04-21 00:12:36.383
ProcessGuid: {a65b9ff6-c0f3-69e6-8102-000000001b00}
ProcessId: 23540
Image: C:\Program Files\AMD\CNext\CNext\cncmd.exe
User: LAPTOP-I8K1DAMV\rohin"
"2026-04-21T05:42:36.0578607+05:30","5","Process terminated:
RuleName: -
UtcTime: 2026-04-21 00:12:36.056
ProcessGuid: {a65b9ff6-c07c-69e6-1800-000000001b00}
ProcessId: 2108
Image: C:\Windows\System32\svchost.exe
User: NT AUTHORITY\SYSTEM"
"2026-04-21T05:42:35.4333520+05:30","5","Process terminated:
RuleName: -
UtcTime: 2026-04-21 00:12:35.430
ProcessGuid: {a65b9ff6-c0e2-69e6-7902-000000001b00}
ProcessId: 23536
Image: C:\Windows\System32\conhost.exe
User: LAPTOP-I8K1DAMV\rohin"
"2026-04-21T05:42:35.4197583+05:30","5","Process terminated:
RuleName: -
UtcTime: 2026-04-21 00:12:35.416
ProcessGuid: {a65b9ff6-c0e2-69e6-7802-000000001b00}
ProcessId: 23524
Image: C:\Windows\System32\clinfo.exe
User: LAPTOP-I8K1DAMV\rohin"
"2026-04-21T05:42:34.8369758+05:30","5","Process terminated:
RuleName: -
UtcTime: 2026-04-21 00:12:34.830
ProcessGuid: {a65b9ff6-c0d5-69e6-ee01-000000001b00}
ProcessId: 22176
Image: C:\Program Files\Microsoft Office\root\vfs\ProgramFilesCommonX64\Microsoft Shared\OFFICE16\opushutil.exe
User: LAPTOP-I8K1DAMV\rohin"
"2026-04-21T05:42:26.7610200+05:30","5","Process terminated:
RuleName: -
UtcTime: 2026-04-21 00:12:26.749
ProcessGuid: {a65b9ff6-c0ea-69e6-7e02-000000001b00}
ProcessId: 23224
Image: C:\Windows\System32\SecurityHealth\10.0.29554.1001-0\SecurityHealthHost.exe
User: LAPTOP-I8K1DAMV\rohin"
"2026-04-21T05:42:23.3252749+05:30","5","Process terminated:
RuleName: -
UtcTime: 2026-04-21 00:12:23.321
ProcessGuid: {a65b9ff6-c0bb-69e6-3401-000000001b00}
ProcessId: 14380
Image: C:\Windows\System32\RuntimeBroker.exe
User: LAPTOP-I8K1DAMV\rohin"
"2026-04-21T05:42:19.9913762+05:30","5","Process terminated:
RuleName: -
UtcTime: 2026-04-21 00:12:19.985
ProcessGuid: {a65b9ff6-c0e3-69e6-7c02-000000001b00}
ProcessId: 13400
Image: C:\Windows\System32\conhost.exe
User: LAPTOP-I8K1DAMV\rohin"
"2026-04-21T05:42:19.9892757+05:30","5","Process terminated:
RuleName: -
UtcTime: 2026-04-21 00:12:19.985
ProcessGuid: {a65b9ff6-c0e3-69e6-7b02-000000001b00}
ProcessId: 21700
Image: C:\Windows\System32\wevtutil.exe
User: LAPTOP-I8K1DAMV\rohin"
"2026-04-21T05:42:19.4832764+05:30","5","Process terminated:
RuleName: -
UtcTime: 2026-04-21 00:12:19.474
ProcessGuid: {a65b9ff6-c0e3-69e6-7a02-000000001b00}
ProcessId: 22544
Image: C:\Users\rohin\AppData\Local\Programs\Microsoft VS Code\Code.exe
User: LAPTOP-I8K1DAMV\rohin"
"2026-04-21T05:42:19.3261005+05:30","5","Process terminated:
RuleName: -
UtcTime: 2026-04-21 00:12:19.318
ProcessGuid: {a65b9ff6-c0ce-69e6-7401-000000001b00}
ProcessId: 19208
Image: C:\Windows\System32\conhost.exe
User: LAPTOP-I8K1DAMV\rohin"
"2026-04-21T05:42:19.3207212+05:30","5","Process terminated:
RuleName: -
UtcTime: 2026-04-21 00:12:19.318
ProcessGuid: {a65b9ff6-c0ce-69e6-7601-000000001b00}
ProcessId: 19260
Image: C:\Windows\System32\cmd.exe
User: LAPTOP-I8K1DAMV\rohin"
"2026-04-21T05:42:17.7103107+05:30","5","Process terminated:
RuleName: -
UtcTime: 2026-04-21 00:12:17.703
ProcessGuid: {a65b9ff6-c0e0-69e6-5d02-000000001b00}
ProcessId: 16664
Image: C:\Program Files\WindowsApps\AD2F1837.HPSystemEventUtility_3.2.16.0_x64__v10z8vjag6ke6\SystemEventUtility\CmdHelper.exe
User: LAPTOP-I8K1DAMV\rohin"
"2026-04-21T05:42:17.7055223+05:30","5","Process terminated:
RuleName: -
UtcTime: 2026-04-21 00:12:17.703
ProcessGuid: {a65b9ff6-c0e1-69e6-7702-000000001b00}
ProcessId: 23280
Image: C:\Windows\System32\conhost.exe
User: LAPTOP-I8K1DAMV\rohin"
"2026-04-21T05:42:17.7029108+05:30","5","Process terminated:
RuleName: -
UtcTime: 2026-04-21 00:12:17.702
ProcessGuid: {a65b9ff6-c0e1-69e6-7602-000000001b00}
ProcessId: 23268
Image: C:\Windows\System32\taskkill.exe
User: LAPTOP-I8K1DAMV\rohin"
"2026-04-21T05:42:17.6603573+05:30","5","Process terminated:
RuleName: -
UtcTime: 2026-04-21 00:12:17.656
ProcessGuid: {a65b9ff6-c0e0-69e6-5e02-000000001b00}
ProcessId: 16784
Image: C:\Program Files\WindowsApps\AD2F1837.HPSystemEventUtility_3.2.16.0_x64__v10z8vjag6ke6\SystemEventUtility\CmdHelper.exe
User: NT AUTHORITY\SYSTEM"
"2026-04-21T05:42:17.4834602+05:30","5","Process terminated:
RuleName: -
UtcTime: 2026-04-21 00:12:17.483
ProcessGuid: {a65b9ff6-c0e1-69e6-7502-000000001b00}
ProcessId: 23200
Image: C:\Windows\System32\conhost.exe
User: LAPTOP-I8K1DAMV\rohin"
"2026-04-21T05:42:17.4810662+05:30","5","Process terminated:
RuleName: -
UtcTime: 2026-04-21 00:12:17.480
ProcessGuid: {a65b9ff6-c0e1-69e6-7402-000000001b00}
ProcessId: 23192
Image: C:\Windows\System32\taskkill.exe
User: LAPTOP-I8K1DAMV\rohin"
"2026-04-21T05:42:17.4050135+05:30","5","Process terminated:
RuleName: -
UtcTime: 2026-04-21 00:12:17.402
ProcessGuid: {a65b9ff6-c0e1-69e6-6d02-000000001b00}
ProcessId: 22944
Image: C:\Windows\System32\conhost.exe
User: LAPTOP-I8K1DAMV\rohin"
"2026-04-21T05:42:17.4026206+05:30","5","Process terminated:
RuleName: -
UtcTime: 2026-04-21 00:12:17.399
ProcessGuid: {a65b9ff6-c0e0-69e6-6702-000000001b00}
ProcessId: 22824
Image: C:\Windows\System32\wevtutil.exe
User: LAPTOP-I8K1DAMV\rohin"
"2026-04-21T05:42:17.2589278+05:30","5","Process terminated:
RuleName: -
UtcTime: 2026-04-21 00:12:17.258
ProcessGuid: {a65b9ff6-c0e1-69e6-7302-000000001b00}
ProcessId: 23140
Image: C:\Windows\System32\conhost.exe
User: LAPTOP-I8K1DAMV\rohin"
"2026-04-21T05:42:17.2562315+05:30","5","Process terminated:
RuleName: -
UtcTime: 2026-04-21 00:12:17.255
ProcessGuid: {a65b9ff6-c0e1-69e6-7202-000000001b00}
ProcessId: 23128
Image: C:\Windows\System32\reg.exe
User: LAPTOP-I8K1DAMV\rohin"
"2026-04-21T05:42:17.1930873+05:30","5","Process terminated:
RuleName: -
UtcTime: 2026-04-21 00:12:17.192
ProcessGuid: {a65b9ff6-c0e1-69e6-7102-000000001b00}
ProcessId: 23060
Image: C:\Windows\System32\conhost.exe
User: LAPTOP-I8K1DAMV\rohin"
"2026-04-21T05:42:17.1901576+05:30","5","Process terminated:
RuleName: -
UtcTime: 2026-04-21 00:12:17.188
ProcessGuid: {a65b9ff6-c0e1-69e6-7002-000000001b00}
ProcessId: 23044
Image: C:\Windows\System32\reg.exe
User: LAPTOP-I8K1DAMV\rohin"
