"2026-04-21T08:06:40.3371456+05:30","5","Process terminated:
RuleName: -
UtcTime: 2026-04-21 02:36:40.331
ProcessGuid: {a65b9ff6-e2b7-69e6-460c-000000001b00}
ProcessId: 4996
Image: C:\Program Files\AMD\CIM\Bin64\InstallManagerApp.exe
User: LAPTOP-I8K1DAMV\rohin"
"2026-04-21T08:06:40.3303318+05:30","5","Process terminated:
RuleName: -
UtcTime: 2026-04-21 02:36:40.326
ProcessGuid: {a65b9ff6-e2b8-69e6-600c-000000001b00}
ProcessId: 12328
Image: C:\Windows\System32\conhost.exe
User: LAPTOP-I8K1DAMV\rohin"
"2026-04-21T08:06:40.3271819+05:30","5","Process terminated:
RuleName: -
UtcTime: 2026-04-21 02:36:40.326
ProcessGuid: {a65b9ff6-e2b8-69e6-5f0c-000000001b00}
ProcessId: 21192
Image: C:\Windows\System32\cmd.exe
User: LAPTOP-I8K1DAMV\rohin"
"2026-04-21T08:06:40.3228639+05:30","5","Process terminated:
RuleName: -
UtcTime: 2026-04-21 02:36:40.319
ProcessGuid: {a65b9ff6-e2b8-69e6-610c-000000001b00}
ProcessId: 23516
Image: C:\Windows\System32\schtasks.exe
User: LAPTOP-I8K1DAMV\rohin"
"2026-04-21T08:06:40.2386935+05:30","5","Process terminated:
RuleName: -
UtcTime: 2026-04-21 02:36:40.232
ProcessGuid: {a65b9ff6-e2b8-69e6-5e0c-000000001b00}
ProcessId: 25528
Image: C:\Windows\System32\conhost.exe
User: LAPTOP-I8K1DAMV\rohin"
"2026-04-21T08:06:40.2367398+05:30","5","Process terminated:
RuleName: -
UtcTime: 2026-04-21 02:36:40.232
ProcessGuid: {a65b9ff6-e2b8-69e6-5c0c-000000001b00}
ProcessId: 15640
Image: C:\Windows\System32\schtasks.exe
User: LAPTOP-I8K1DAMV\rohin"
"2026-04-21T08:06:40.2230465+05:30","5","Process terminated:
RuleName: -
UtcTime: 2026-04-21 02:36:40.216
ProcessGuid: {a65b9ff6-e2b8-69e6-5d0c-000000001b00}
ProcessId: 21116
Image: C:\Windows\System32\conhost.exe
User: LAPTOP-I8K1DAMV\rohin"
"2026-04-21T08:06:40.2208331+05:30","5","Process terminated:
RuleName: -
UtcTime: 2026-04-21 02:36:40.216
ProcessGuid: {a65b9ff6-e2b8-69e6-5b0c-000000001b00}
ProcessId: 18664
Image: C:\Windows\System32\schtasks.exe
User: LAPTOP-I8K1DAMV\rohin"
"2026-04-21T08:06:40.1571284+05:30","5","Process terminated:
RuleName: -
UtcTime: 2026-04-21 02:36:40.153
ProcessGuid: {a65b9ff6-e2b8-69e6-590c-000000001b00}
ProcessId: 772
Image: C:\Windows\System32\conhost.exe
User: LAPTOP-I8K1DAMV\rohin"
"2026-04-21T08:06:40.1541109+05:30","5","Process terminated:
RuleName: -
UtcTime: 2026-04-21 02:36:40.153
ProcessGuid: {a65b9ff6-e2b8-69e6-580c-000000001b00}
ProcessId: 24232
Image: C:\Windows\System32\cmd.exe
User: LAPTOP-I8K1DAMV\rohin"
"2026-04-21T08:06:40.1499015+05:30","5","Process terminated:
RuleName: -
UtcTime: 2026-04-21 02:36:40.142
ProcessGuid: {a65b9ff6-e2b8-69e6-5a0c-000000001b00}
ProcessId: 13056
Image: C:\Windows\System32\schtasks.exe
User: LAPTOP-I8K1DAMV\rohin"
"2026-04-21T08:06:40.0357373+05:30","5","Process terminated:
RuleName: -
UtcTime: 2026-04-21 02:36:40.027
ProcessGuid: {a65b9ff6-e2b7-69e6-560c-000000001b00}
ProcessId: 10772
Image: C:\Windows\System32\conhost.exe
User: LAPTOP-I8K1DAMV\rohin"
"2026-04-21T08:06:40.0326152+05:30","5","Process terminated:
RuleName: -
UtcTime: 2026-04-21 02:36:40.027
ProcessGuid: {a65b9ff6-e2b7-69e6-550c-000000001b00}
ProcessId: 9612
Image: C:\Windows\System32\cmd.exe
User: LAPTOP-I8K1DAMV\rohin"
"2026-04-21T08:06:40.0274441+05:30","5","Process terminated:
RuleName: -
UtcTime: 2026-04-21 02:36:40.021
ProcessGuid: {a65b9ff6-e2b7-69e6-570c-000000001b00}
ProcessId: 16000
Image: C:\Windows\System32\schtasks.exe
User: LAPTOP-I8K1DAMV\rohin"
"2026-04-21T08:06:39.9263409+05:30","5","Process terminated:
RuleName: -
UtcTime: 2026-04-21 02:36:39.924
ProcessGuid: {a65b9ff6-e275-69e6-3e0c-000000001b00}
ProcessId: 13604
Image: C:\Windows\System32\LogonUI.exe
User: NT AUTHORITY\SYSTEM"
"2026-04-21T08:06:39.9037954+05:30","5","Process terminated:
RuleName: -
UtcTime: 2026-04-21 02:36:39.903
ProcessGuid: {a65b9ff6-e2b7-69e6-4a0c-000000001b00}
ProcessId: 6024
Image: C:\Windows\System32\taskhostw.exe
User: NT AUTHORITY\SYSTEM"
"2026-04-21T08:06:39.8694506+05:30","5","Process terminated:
RuleName: -
UtcTime: 2026-04-21 02:36:39.867
ProcessGuid: {a65b9ff6-e2b7-69e6-540c-000000001b00}
ProcessId: 21348
Image: C:\Windows\System32\conhost.exe
User: LAPTOP-I8K1DAMV\rohin"
"2026-04-21T08:06:39.8645050+05:30","5","Process terminated:
RuleName: -
UtcTime: 2026-04-21 02:36:39.863
ProcessGuid: {a65b9ff6-e2b7-69e6-530c-000000001b00}
ProcessId: 22480
Image: C:\Windows\System32\schtasks.exe
User: LAPTOP-I8K1DAMV\rohin"
"2026-04-21T08:06:39.8106954+05:30","5","Process terminated:
RuleName: -
UtcTime: 2026-04-21 02:36:39.809
ProcessGuid: {a65b9ff6-e2b7-69e6-520c-000000001b00}
ProcessId: 6108
Image: C:\Windows\System32\conhost.exe
User: LAPTOP-I8K1DAMV\rohin"
"2026-04-21T08:06:39.8070002+05:30","5","Process terminated:
RuleName: -
UtcTime: 2026-04-21 02:36:39.806
ProcessGuid: {a65b9ff6-e2b7-69e6-500c-000000001b00}
ProcessId: 5072
Image: C:\Windows\System32\schtasks.exe
User: LAPTOP-I8K1DAMV\rohin"
"2026-04-21T08:06:39.6378056+05:30","5","Process terminated:
RuleName: -
UtcTime: 2026-04-21 02:36:39.636
ProcessGuid: {a65b9ff6-e2b7-69e6-4c0c-000000001b00}
ProcessId: 18080
Image: C:\Windows\System32\conhost.exe
User: LAPTOP-I8K1DAMV\rohin"
"2026-04-21T08:06:39.6316697+05:30","5","Process terminated:
RuleName: -
UtcTime: 2026-04-21 02:36:39.629
ProcessGuid: {a65b9ff6-e2b7-69e6-490c-000000001b00}
ProcessId: 14032
Image: C:\Windows\System32\cmd.exe
User: LAPTOP-I8K1DAMV\rohin"
"2026-04-21T08:06:39.6169058+05:30","5","Process terminated:
RuleName: -
UtcTime: 2026-04-21 02:36:39.615
ProcessGuid: {a65b9ff6-e2b7-69e6-4f0c-000000001b00}
ProcessId: 20680
Image: C:\Windows\System32\schtasks.exe
User: LAPTOP-I8K1DAMV\rohin"
"2026-04-21T08:06:39.5414562+05:30","5","Process terminated:
RuleName: -
UtcTime: 2026-04-21 02:36:39.537
ProcessGuid: {a65b9ff6-e2b7-69e6-4d0c-000000001b00}
ProcessId: 5040
Image: C:\Windows\System32\taskhostw.exe
User: LAPTOP-I8K1DAMV\rohin"
"2026-04-21T08:06:16.0684799+05:30","5","Process terminated:
RuleName: -
UtcTime: 2026-04-21 02:36:16.061
ProcessGuid: {a65b9ff6-e243-69e6-3d0c-000000001b00}
ProcessId: 17388
Image: C:\Windows\System32\svchost.exe
User: NT AUTHORITY\SYSTEM"
"2026-04-21T08:06:04.1840059+05:30","5","Process terminated:
RuleName: -
UtcTime: 2026-04-21 02:36:04.176
ProcessGuid: {a65b9ff6-e276-69e6-400c-000000001b00}
ProcessId: 26188
Image: C:\Windows\System32\svchost.exe
User: NT AUTHORITY\SYSTEM"
"2026-04-21T08:06:02.1012551+05:30","5","Process terminated:
RuleName: -
UtcTime: 2026-04-21 02:36:02.099
ProcessGuid: {a65b9ff6-e291-69e6-430c-000000001b00}
ProcessId: 26684
Image: C:\Windows\System32\taskhostw.exe
User: LAPTOP-I8K1DAMV\rohin"
"2026-04-21T08:06:02.0857673+05:30","5","Process terminated:
RuleName: -
UtcTime: 2026-04-21 02:36:02.083
ProcessGuid: {a65b9ff6-e291-69e6-440c-000000001b00}
ProcessId: 20876
Image: C:\Windows\SystemApps\MicrosoftWindows.Client.CBS_cw5n1h2txyewy\SoftLandingTask\SoftLandingTask.exe
User: LAPTOP-I8K1DAMV\rohin"
"2026-04-21T08:05:36.5382645+05:30","5","Process terminated:
RuleName: -
UtcTime: 2026-04-21 02:35:36.537
ProcessGuid: {a65b9ff6-d567-69e6-0f0b-000000001b00}
ProcessId: 2692
Image: C:\Program Files\WindowsApps\AD2F1837.HPSystemEventUtility_3.2.16.0_x64__v10z8vjag6ke6\SystemEventUtility\HPSystemEventUtilityHost.exe
User: LAPTOP-I8K1DAMV\rohin"
"2026-04-21T08:05:36.4860698+05:30","5","Process terminated:
RuleName: -
UtcTime: 2026-04-21 02:35:36.477
ProcessGuid: {a65b9ff6-e277-69e6-420c-000000001b00}
ProcessId: 16992
Image: C:\Windows\System32\backgroundTaskHost.exe
User: LAPTOP-I8K1DAMV\rohin"
"2026-04-21T08:05:34.1343045+05:30","5","Process terminated:
RuleName: -
UtcTime: 2026-04-21 02:35:34.128
ProcessGuid: {a65b9ff6-e276-69e6-3f0c-000000001b00}
ProcessId: 18756
Image: C:\Windows\System32\taskhostw.exe
User: LAPTOP-I8K1DAMV\rohin"
"2026-04-21T08:04:08.2679071+05:30","5","Process terminated:
RuleName: -
UtcTime: 2026-04-21 02:34:08.267
ProcessGuid: {a65b9ff6-e16c-69e6-2d0c-000000001b00}
ProcessId: 2344
Image: C:\Windows\System32\svchost.exe
User: NT AUTHORITY\SYSTEM"
"2026-04-21T08:03:10.1981055+05:30","5","Process terminated:
RuleName: -
UtcTime: 2026-04-21 02:33:10.197
ProcessGuid: {a65b9ff6-de69-69e6-e90b-000000001b00}
ProcessId: 19808
Image: C:\Program Files\Google\Chrome\Application\chrome.exe
User: LAPTOP-I8K1DAMV\rohin"
"2026-04-21T08:03:10.1980183+05:30","5","Process terminated:
RuleName: -
UtcTime: 2026-04-21 02:33:10.197
ProcessGuid: {a65b9ff6-de69-69e6-e80b-000000001b00}
ProcessId: 24900
Image: C:\Program Files\Google\Chrome\Application\chrome.exe
User: LAPTOP-I8K1DAMV\rohin"
"2026-04-21T08:03:09.7523318+05:30","5","Process terminated:
RuleName: -
UtcTime: 2026-04-21 02:33:09.751
ProcessGuid: {a65b9ff6-de88-69e6-ee0b-000000001b00}
ProcessId: 22856
Image: C:\Program Files\Google\Chrome\Application\chrome.exe
User: LAPTOP-I8K1DAMV\rohin"
"2026-04-21T08:03:09.2029972+05:30","5","Process terminated:
RuleName: -
UtcTime: 2026-04-21 02:33:09.202
ProcessGuid: {a65b9ff6-de8f-69e6-f00b-000000001b00}
ProcessId: 13056
Image: C:\Program Files\Google\Chrome\Application\chrome.exe
User: LAPTOP-I8K1DAMV\rohin"
"2026-04-21T08:03:08.1712467+05:30","5","Process terminated:
RuleName: -
UtcTime: 2026-04-21 02:33:08.170
ProcessGuid: {a65b9ff6-de9f-69e6-f20b-000000001b00}
ProcessId: 26764
Image: C:\Program Files\Google\Chrome\Application\chrome.exe
User: LAPTOP-I8K1DAMV\rohin"
"2026-04-21T08:03:01.7924067+05:30","5","Process terminated:
RuleName: -
UtcTime: 2026-04-21 02:33:01.791
ProcessGuid: {a65b9ff6-e17c-69e6-300c-000000001b00}
ProcessId: 17388
Image: C:\Program Files\Google\Chrome\Application\chrome.exe
User: LAPTOP-I8K1DAMV\rohin"
"2026-04-21T08:03:00.1944262+05:30","5","Process terminated:
RuleName: -
UtcTime: 2026-04-21 02:33:00.194
ProcessGuid: {a65b9ff6-dd56-69e6-d50b-000000001b00}
ProcessId: 12508
Image: C:\Program Files\Google\Chrome\Application\chrome.exe
User: LAPTOP-I8K1DAMV\rohin"
"2026-04-21T08:02:59.7412706+05:30","5","Process terminated:
RuleName: -
UtcTime: 2026-04-21 02:32:59.740
ProcessGuid: {a65b9ff6-de69-69e6-e70b-000000001b00}
ProcessId: 24652
Image: C:\Program Files\Google\Chrome\Application\chrome.exe
User: LAPTOP-I8K1DAMV\rohin"
"2026-04-21T08:02:59.1939273+05:30","5","Process terminated:
RuleName: -
UtcTime: 2026-04-21 02:32:59.193
ProcessGuid: {a65b9ff6-de87-69e6-ed0b-000000001b00}
ProcessId: 17768
Image: C:\Program Files\Google\Chrome\Application\chrome.exe
User: LAPTOP-I8K1DAMV\rohin"
"2026-04-21T08:02:58.1650496+05:30","5","Process terminated:
RuleName: -
UtcTime: 2026-04-21 02:32:58.163
ProcessGuid: {a65b9ff6-de8e-69e6-ef0b-000000001b00}
ProcessId: 7860
Image: C:\Program Files\Google\Chrome\Application\chrome.exe
User: LAPTOP-I8K1DAMV\rohin"
"2026-04-21T08:02:55.4210894+05:30","5","Process terminated:
RuleName: -
UtcTime: 2026-04-21 02:32:55.420
ProcessGuid: {a65b9ff6-e152-69e6-2a0c-000000001b00}
ProcessId: 10336
Image: C:\Windows\System32\wbem\WmiPrvSE.exe
User: NT AUTHORITY\LOCAL SERVICE"
"2026-04-21T08:02:55.4209754+05:30","5","Process terminated:
RuleName: -
UtcTime: 2026-04-21 02:32:55.420
ProcessGuid: {a65b9ff6-e113-69e6-200c-000000001b00}
ProcessId: 14160
Image: C:\Windows\System32\wbem\WmiPrvSE.exe
User: NT AUTHORITY\NETWORK SERVICE"
"2026-04-21T08:02:15.8416518+05:30","5","Process terminated:
RuleName: -
UtcTime: 2026-04-21 02:32:15.841
ProcessGuid: {a65b9ff6-e152-69e6-2b0c-000000001b00}
ProcessId: 26140
Image: C:\Windows\System32\svchost.exe
User: NT AUTHORITY\SYSTEM"
"2026-04-21T08:01:35.3917710+05:30","5","Process terminated:
RuleName: -
UtcTime: 2026-04-21 02:31:35.390
ProcessGuid: {a65b9ff6-e17f-69e6-310c-000000001b00}
ProcessId: 10020
Image: C:\Program Files\Google\Chrome\Application\chrome.exe
User: LAPTOP-I8K1DAMV\rohin"
"2026-04-21T08:01:35.3840809+05:30","5","Process terminated:
RuleName: -
UtcTime: 2026-04-21 02:31:35.383
ProcessGuid: {a65b9ff6-e17f-69e6-320c-000000001b00}
ProcessId: 11412
Image: C:\Program Files\Google\Chrome\Application\chrome.exe
User: LAPTOP-I8K1DAMV\rohin"
"2026-04-21T08:01:35.3578139+05:30","5","Process terminated:
RuleName: -
UtcTime: 2026-04-21 02:31:35.357
ProcessGuid: {a65b9ff6-e187-69e6-340c-000000001b00}
ProcessId: 14208
Image: C:\Program Files\Google\Chrome\Application\chrome.exe
User: LAPTOP-I8K1DAMV\rohin"
"2026-04-21T08:01:28.1976864+05:30","5","Process terminated:
RuleName: -
UtcTime: 2026-04-21 02:31:28.197
ProcessGuid: {a65b9ff6-e16c-69e6-2c0c-000000001b00}
ProcessId: 4680
Image: C:\Windows\System32\svchost.exe
User: NT AUTHORITY\LOCAL SERVICE"
"2026-04-21T08:01:25.7705344+05:30","5","Process terminated:
RuleName: -
UtcTime: 2026-04-21 02:31:25.769
ProcessGuid: {a65b9ff6-e176-69e6-2e0c-000000001b00}
ProcessId: 21556
Image: C:\Program Files\Google\Chrome\Application\chrome.exe
User: LAPTOP-I8K1DAMV\rohin"
"2026-04-21T08:01:25.7649428+05:30","5","Process terminated:
RuleName: -
UtcTime: 2026-04-21 02:31:25.764
ProcessGuid: {a65b9ff6-e176-69e6-2f0c-000000001b00}
ProcessId: 20900
Image: C:\Program Files\Google\Chrome\Application\chrome.exe
User: LAPTOP-I8K1DAMV\rohin"
"2026-04-21T08:01:17.2676717+05:30","5","Process terminated:
RuleName: -
UtcTime: 2026-04-21 02:31:17.267
ProcessGuid: {a65b9ff6-dfdc-69e6-fc0b-000000001b00}
ProcessId: 18020
Image: C:\Program Files\Google\Chrome\Application\chrome.exe
User: LAPTOP-I8K1DAMV\rohin"
"2026-04-21T08:01:16.7744304+05:30","5","Process terminated:
RuleName: -
UtcTime: 2026-04-21 02:31:16.773
ProcessGuid: {a65b9ff6-dff6-69e6-000c-000000001b00}
ProcessId: 16692
Image: C:\Program Files\Google\Chrome\Application\chrome.exe
User: LAPTOP-I8K1DAMV\rohin"
"2026-04-21T08:01:16.7668709+05:30","5","Process terminated:
RuleName: -
UtcTime: 2026-04-21 02:31:16.766
ProcessGuid: {a65b9ff6-e015-69e6-020c-000000001b00}
ProcessId: 5828
Image: C:\Program Files\Google\Chrome\Application\chrome.exe
User: LAPTOP-I8K1DAMV\rohin"
"2026-04-21T08:01:14.6564793+05:30","5","Process terminated:
RuleName: -
UtcTime: 2026-04-21 02:31:14.655
ProcessGuid: {a65b9ff6-e04f-69e6-130c-000000001b00}
ProcessId: 5308
Image: C:\Program Files\Google\Chrome\Application\chrome.exe
User: LAPTOP-I8K1DAMV\rohin"
"2026-04-21T08:01:14.1488333+05:30","5","Process terminated:
RuleName: -
UtcTime: 2026-04-21 02:31:14.148
ProcessGuid: {a65b9ff6-e04f-69e6-120c-000000001b00}
ProcessId: 16688
Image: C:\Program Files\Google\Chrome\Application\chrome.exe
User: LAPTOP-I8K1DAMV\rohin"
"2026-04-21T08:01:13.3341870+05:30","5","Process terminated:
RuleName: -
UtcTime: 2026-04-21 02:31:13.334
ProcessGuid: {a65b9ff6-dff6-69e6-010c-000000001b00}
ProcessId: 21832
Image: C:\Program Files\Google\Chrome\Application\chrome.exe
User: LAPTOP-I8K1DAMV\rohin"
"2026-04-21T08:01:13.2832215+05:30","5","Process terminated:
RuleName: -
UtcTime: 2026-04-21 02:31:13.282
ProcessGuid: {a65b9ff6-e04d-69e6-100c-000000001b00}
ProcessId: 15400
Image: C:\Program Files\Google\Chrome\Application\chrome.exe
User: LAPTOP-I8K1DAMV\rohin"
"2026-04-21T08:01:13.2704113+05:30","5","Process terminated:
RuleName: -
UtcTime: 2026-04-21 02:31:13.269
ProcessGuid: {a65b9ff6-e04b-69e6-0f0c-000000001b00}
ProcessId: 13484
Image: C:\Program Files\Google\Chrome\Application\chrome.exe
User: LAPTOP-I8K1DAMV\rohin"
"2026-04-21T08:01:12.2371495+05:30","5","Process terminated:
RuleName: -
UtcTime: 2026-04-21 02:31:12.236
ProcessGuid: {a65b9ff6-e020-69e6-070c-000000001b00}
ProcessId: 26552
Image: C:\Windows\System32\svchost.exe
User: NT AUTHORITY\SYSTEM"
"2026-04-21T08:00:37.6137040+05:30","5","Process terminated:
RuleName: -
UtcTime: 2026-04-21 02:30:37.613
ProcessGuid: {a65b9ff6-e14a-69e6-290c-000000001b00}
ProcessId: 23924
Image: C:\Program Files\Microsoft Office\root\vfs\ProgramFilesCommonX64\Microsoft Shared\OFFICE16\ActionsServer\ActionsServer.exe
User: LAPTOP-I8K1DAMV\rohin"
"2026-04-21T08:00:34.6424630+05:30","5","Process terminated:
RuleName: -
UtcTime: 2026-04-21 02:30:34.641
ProcessGuid: {a65b9ff6-e14a-69e6-280c-000000001b00}
ProcessId: 15388
Image: C:\Program Files\Microsoft Office\root\vfs\ProgramFilesCommonX64\Microsoft Shared\OFFICE16\ActionsServer\ActionsServer.exe
User: LAPTOP-I8K1DAMV\rohin"
"2026-04-21T07:59:41.8621059+05:30","5","Process terminated:
RuleName: -
UtcTime: 2026-04-21 02:29:41.861
ProcessGuid: {a65b9ff6-e114-69e6-240c-000000001b00}
ProcessId: 18088
Image: C:\Program Files\Common Files\McAfee\Platform\Core\mchost.exe
User: NT AUTHORITY\SYSTEM"
"2026-04-21T07:59:41.8607054+05:30","5","Process terminated:
RuleName: -
UtcTime: 2026-04-21 02:29:41.860
ProcessGuid: {a65b9ff6-e115-69e6-270c-000000001b00}
ProcessId: 9164
Image: C:\Program Files\Common Files\McAfee\Platform\Core\mchost.exe
User: NT AUTHORITY\SYSTEM"
"2026-04-21T07:59:41.8571493+05:30","5","Process terminated:
RuleName: -
UtcTime: 2026-04-21 02:29:41.856
ProcessGuid: {a65b9ff6-e115-69e6-250c-000000001b00}
ProcessId: 6740
Image: C:\Program Files\Common Files\McAfee\Platform\Core\mchost.exe
User: NT AUTHORITY\SYSTEM"
"2026-04-21T07:59:41.8553842+05:30","5","Process terminated:
RuleName: -
UtcTime: 2026-04-21 02:29:41.854
ProcessGuid: {a65b9ff6-e114-69e6-230c-000000001b00}
ProcessId: 11816
Image: C:\Program Files\Common Files\McAfee\Platform\Core\mchost.exe
User: NT AUTHORITY\SYSTEM"
"2026-04-21T07:59:41.8553159+05:30","5","Process terminated:
RuleName: -
UtcTime: 2026-04-21 02:29:41.854
ProcessGuid: {a65b9ff6-e114-69e6-220c-000000001b00}
ProcessId: 26740
Image: C:\Program Files\Common Files\McAfee\Platform\Core\mchost.exe
User: NT AUTHORITY\SYSTEM"
"2026-04-21T07:59:41.8548819+05:30","5","Process terminated:
RuleName: -
UtcTime: 2026-04-21 02:29:41.854
ProcessGuid: {a65b9ff6-e114-69e6-210c-000000001b00}
ProcessId: 26544
Image: C:\Program Files\Common Files\McAfee\Platform\Core\mchost.exe
User: NT AUTHORITY\SYSTEM"
"2026-04-21T07:59:41.5226781+05:30","5","Process terminated:
RuleName: -
UtcTime: 2026-04-21 02:29:41.521
ProcessGuid: {a65b9ff6-d3cd-69e6-f00a-000000001b00}
ProcessId: 18352
Image: C:\Program Files\McAfee\MQS\QcShm.exe
User: NT AUTHORITY\SYSTEM"
"2026-04-21T07:59:01.2016850+05:30","5","Process terminated:
RuleName: -
UtcTime: 2026-04-21 02:29:01.200
ProcessGuid: {a65b9ff6-e039-69e6-0c0c-000000001b00}
ProcessId: 27312
Image: C:\Windows\System32\svchost.exe
User: NT AUTHORITY\SYSTEM"
"2026-04-21T07:58:57.6270309+05:30","5","Process terminated:
RuleName: -
UtcTime: 2026-04-21 02:28:57.626
ProcessGuid: {a65b9ff6-e053-69e6-150c-000000001b00}
ProcessId: 16980
Image: C:\Windows\System32\wbem\WmiPrvSE.exe
User: NT AUTHORITY\LOCAL SERVICE"
"2026-04-21T07:58:30.6327271+05:30","5","Process terminated:
RuleName: -
UtcTime: 2026-04-21 02:28:30.632
ProcessGuid: {a65b9ff6-e053-69e6-160c-000000001b00}
ProcessId: 22888
Image: C:\Windows\System32\svchost.exe
User: NT AUTHORITY\SYSTEM"
"2026-04-21T07:58:26.3023025+05:30","5","Process terminated:
RuleName: -
UtcTime: 2026-04-21 02:28:26.301
ProcessGuid: {a65b9ff6-e0ca-69e6-1f0c-000000001b00}
ProcessId: 6188
Image: C:\Windows\System32\conhost.exe
User: NT AUTHORITY\LOCAL SERVICE"
"2026-04-21T07:58:26.2998713+05:30","5","Process terminated:
RuleName: -
UtcTime: 2026-04-21 02:28:26.299
ProcessGuid: {a65b9ff6-e0ca-69e6-1e0c-000000001b00}
ProcessId: 424
Image: C:\Windows\System32\appidcertstorecheck.exe
User: NT AUTHORITY\LOCAL SERVICE"
"2026-04-21T07:57:35.5525366+05:30","5","Process terminated:
RuleName: -
UtcTime: 2026-04-21 02:27:35.551
ProcessGuid: {a65b9ff6-e082-69e6-1d0c-000000001b00}
ProcessId: 18176
Image: C:\Program Files\Microsoft Office\root\Office16\SDXHelper.exe
User: LAPTOP-I8K1DAMV\rohin"
"2026-04-21T07:57:27.6027184+05:30","5","Process terminated:
RuleName: -
UtcTime: 2026-04-21 02:27:27.602
ProcessGuid: {a65b9ff6-e051-69e6-140c-000000001b00}
ProcessId: 908
Image: C:\Windows\System32\wbem\WmiPrvSE.exe
User: NT AUTHORITY\NETWORK SERVICE"
"2026-04-21T07:57:15.8149978+05:30","5","Process terminated:
RuleName: -
UtcTime: 2026-04-21 02:27:15.813
ProcessGuid: {a65b9ff6-e081-69e6-1c0c-000000001b00}
ProcessId: 27232
Image: C:\Program Files\Microsoft Office\root\Office16\SDXHelper.exe
User: LAPTOP-I8K1DAMV\rohin"
"2026-04-21T07:57:11.6742026+05:30","5","Process terminated:
RuleName: -
UtcTime: 2026-04-21 02:27:11.673
ProcessGuid: {a65b9ff6-e07f-69e6-1b0c-000000001b00}
ProcessId: 17956
Image: C:\Windows\System32\conhost.exe
User: NT AUTHORITY\LOCAL SERVICE"
"2026-04-21T07:57:11.6722904+05:30","5","Process terminated:
RuleName: -
UtcTime: 2026-04-21 02:27:11.671
ProcessGuid: {a65b9ff6-e07f-69e6-1a0c-000000001b00}
ProcessId: 16052
Image: C:\Windows\System32\appidcertstorecheck.exe
User: NT AUTHORITY\LOCAL SERVICE"
"2026-04-21T07:57:07.5655002+05:30","5","Process terminated:
RuleName: -
UtcTime: 2026-04-21 02:27:07.565
ProcessGuid: {a65b9ff6-e021-69e6-0a0c-000000001b00}
ProcessId: 24292
Image: C:\Windows\System32\RuntimeBroker.exe
User: LAPTOP-I8K1DAMV\rohin"
"2026-04-21T07:56:57.6330469+05:30","5","Process terminated:
RuleName: -
UtcTime: 2026-04-21 02:26:57.632
ProcessGuid: {a65b9ff6-e071-69e6-190c-000000001b00}
ProcessId: 26632
Image: C:\Windows\System32\conhost.exe
User: NT AUTHORITY\LOCAL SERVICE"
"2026-04-21T07:56:57.6306441+05:30","5","Process terminated:
RuleName: -
UtcTime: 2026-04-21 02:26:57.629
ProcessGuid: {a65b9ff6-e071-69e6-180c-000000001b00}
ProcessId: 6184
Image: C:\Windows\System32\appidcertstorecheck.exe
User: NT AUTHORITY\LOCAL SERVICE"
"2026-04-21T07:56:42.2040830+05:30","5","Process terminated:
RuleName: -
UtcTime: 2026-04-21 02:26:42.203
ProcessGuid: {a65b9ff6-e020-69e6-080c-000000001b00}
ProcessId: 18592
Image: C:\Windows\System32\RuntimeBroker.exe
User: LAPTOP-I8K1DAMV\rohin"
"2026-04-21T07:56:38.0609011+05:30","5","Process terminated:
RuleName: -
UtcTime: 2026-04-21 02:26:38.060
ProcessGuid: {a65b9ff6-e020-69e6-040c-000000001b00}
ProcessId: 23124
Image: C:\Windows\System32\backgroundTaskHost.exe
User: LAPTOP-I8K1DAMV\rohin"
"2026-04-21T07:56:37.5553380+05:30","5","Process terminated:
RuleName: -
UtcTime: 2026-04-21 02:26:37.555
ProcessGuid: {a65b9ff6-e020-69e6-060c-000000001b00}
ProcessId: 15240
Image: C:\Windows\System32\backgroundTaskHost.exe
User: LAPTOP-I8K1DAMV\rohin"
"2026-04-21T07:56:28.0926647+05:30","5","Process terminated:
RuleName: -
UtcTime: 2026-04-21 02:26:28.090
ProcessGuid: {a65b9ff6-e04d-69e6-110c-000000001b00}
ProcessId: 11364
Image: C:\Program Files\Google\Chrome\Application\chrome.exe
User: LAPTOP-I8K1DAMV\rohin"
"2026-04-21T07:56:21.2520064+05:30","5","Process terminated:
RuleName: -
UtcTime: 2026-04-21 02:26:21.251
ProcessGuid: {a65b9ff6-e038-69e6-0b0c-000000001b00}
ProcessId: 12744
Image: C:\Windows\System32\svchost.exe
User: NT AUTHORITY\LOCAL SERVICE"
"2026-04-21T07:56:19.7906252+05:30","5","Process terminated:
RuleName: -
UtcTime: 2026-04-21 02:26:19.790
ProcessGuid: {a65b9ff6-dff5-69e6-ff0b-000000001b00}
ProcessId: 13732
Image: C:\Program Files\Google\Chrome\Application\chrome.exe
User: LAPTOP-I8K1DAMV\rohin"
"2026-04-21T07:56:17.0821694+05:30","5","Process terminated:
RuleName: -
UtcTime: 2026-04-21 02:26:17.081
ProcessGuid: {a65b9ff6-e019-69e6-030c-000000001b00}
ProcessId: 11080
Image: C:\Program Files\Google\Chrome\Application\chrome.exe
User: LAPTOP-I8K1DAMV\rohin"
"2026-04-21T07:56:17.0769827+05:30","5","Process terminated:
RuleName: -
UtcTime: 2026-04-21 02:26:17.076
ProcessGuid: {a65b9ff6-e044-69e6-0d0c-000000001b00}
ProcessId: 25316
Image: C:\Program Files\Google\Chrome\Application\chrome.exe
User: LAPTOP-I8K1DAMV\rohin"
"2026-04-21T07:56:17.0685954+05:30","5","Process terminated:
RuleName: -
UtcTime: 2026-04-21 02:26:17.067
ProcessGuid: {a65b9ff6-e049-69e6-0e0c-000000001b00}
ProcessId: 16632
Image: C:\Program Files\Google\Chrome\Application\chrome.exe
User: LAPTOP-I8K1DAMV\rohin"
"2026-04-21T07:56:12.1860236+05:30","5","Process terminated:
RuleName: -
UtcTime: 2026-04-21 02:26:12.184
ProcessGuid: {a65b9ff6-e020-69e6-050c-000000001b00}
ProcessId: 25264
Image: C:\Program Files\WindowsApps\microsoft.windowscommunicationsapps_16005.14326.22342.0_x64__8wekyb3d8bbwe\HxTsr.exe
User: LAPTOP-I8K1DAMV\rohin"
"2026-04-21T07:55:42.3942824+05:30","5","Process terminated:
RuleName: -
UtcTime: 2026-04-21 02:25:42.390
ProcessGuid: {a65b9ff6-e021-69e6-090c-000000001b00}
ProcessId: 12584
Image: C:\Windows\System32\svchost.exe
User: LAPTOP-I8K1DAMV\rohin"
"2026-04-21T07:54:52.9998284+05:30","5","Process terminated:
RuleName: -
UtcTime: 2026-04-21 02:24:52.999
ProcessGuid: {a65b9ff6-de9e-69e6-f10b-000000001b00}
ProcessId: 6764
Image: C:\Program Files\Google\Chrome\Application\chrome.exe
User: LAPTOP-I8K1DAMV\rohin"
"2026-04-21T07:54:52.9925474+05:30","5","Process terminated:
RuleName: -
UtcTime: 2026-04-21 02:24:52.991
ProcessGuid: {a65b9ff6-dfdc-69e6-fb0b-000000001b00}
ProcessId: 11588
Image: C:\Program Files\Google\Chrome\Application\chrome.exe
User: LAPTOP-I8K1DAMV\rohin"
"2026-04-21T07:54:52.9661113+05:30","5","Process terminated:
RuleName: -
UtcTime: 2026-04-21 02:24:52.965
ProcessGuid: {a65b9ff6-dff4-69e6-fe0b-000000001b00}
ProcessId: 14280
Image: C:\Program Files\Google\Chrome\Application\chrome.exe
User: LAPTOP-I8K1DAMV\rohin"
"2026-04-21T07:54:27.4045488+05:30","5","Process terminated:
RuleName: -
UtcTime: 2026-04-21 02:24:27.402
ProcessGuid: {a65b9ff6-df63-69e6-f70b-000000001b00}
ProcessId: 5444
Image: C:\Windows\System32\wbem\WmiPrvSE.exe
User: NT AUTHORITY\LOCAL SERVICE"
"2026-04-21T07:54:25.2331797+05:30","5","Process terminated:
RuleName: -
UtcTime: 2026-04-21 02:24:25.230
ProcessGuid: {a65b9ff6-dfb1-69e6-fa0b-000000001b00}
ProcessId: 16964
Image: C:\Windows\System32\RuntimeBroker.exe
User: LAPTOP-I8K1DAMV\rohin"
"2026-04-21T07:54:00.4526778+05:30","5","Process terminated:
RuleName: -
UtcTime: 2026-04-21 02:24:00.452
ProcessGuid: {a65b9ff6-df63-69e6-f80b-000000001b00}
ProcessId: 22012
Image: C:\Windows\System32\svchost.exe
User: NT AUTHORITY\SYSTEM"
"2026-04-21T07:53:45.2219913+05:30","5","Process terminated:
RuleName: -
UtcTime: 2026-04-21 02:23:45.215
ProcessGuid: {a65b9ff6-dfb0-69e6-f90b-000000001b00}
ProcessId: 9928
Image: C:\Program Files\Adobe\Acrobat DC\Acrobat\RDCNotificationClient\FullTrustNotifier.exe
User: LAPTOP-I8K1DAMV\rohin"
"2026-04-21T07:53:12.0032673+05:30","5","Process terminated:
RuleName: -
UtcTime: 2026-04-21 02:23:12.002
ProcessGuid: {a65b9ff6-dd68-69e6-d70b-000000001b00}
ProcessId: 10396
Image: C:\Windows\System32\audiodg.exe
User: NT AUTHORITY\LOCAL SERVICE"
"2026-04-21T07:52:57.3843589+05:30","5","Process terminated:
RuleName: -
UtcTime: 2026-04-21 02:22:57.383
ProcessGuid: {a65b9ff6-df24-69e6-f50b-000000001b00}
ProcessId: 23220
Image: C:\Windows\System32\wbem\WmiPrvSE.exe
User: NT AUTHORITY\NETWORK SERVICE"
"2026-04-21T07:52:29.4296873+05:30","5","Process terminated:
RuleName: -
UtcTime: 2026-04-21 02:22:29.429
ProcessGuid: {a65b9ff6-dd36-69e6-cf0b-000000001b00}
ProcessId: 27404
Image: C:\Program Files\Google\Chrome\Application\chrome.exe
User: LAPTOP-I8K1DAMV\rohin"
"2026-04-21T07:52:29.3831867+05:30","5","Process terminated:
RuleName: -
UtcTime: 2026-04-21 02:22:29.382
ProcessGuid: {a65b9ff6-cd43-69e6-9609-000000001b00}
ProcessId: 14280
Image: C:\Program Files\Google\Chrome\Application\chrome.exe
User: LAPTOP-I8K1DAMV\rohin"
"2026-04-21T07:52:23.1604504+05:30","5","Process terminated:
RuleName: -
UtcTime: 2026-04-21 02:22:23.160
ProcessGuid: {a65b9ff6-de29-69e6-e10b-000000001b00}
ProcessId: 25248
Image: C:\Windows\System32\svchost.exe
User: NT AUTHORITY\SYSTEM"
"2026-04-21T07:52:15.2216939+05:30","5","Process terminated:
RuleName: -
UtcTime: 2026-04-21 02:22:15.220
ProcessGuid: {a65b9ff6-df56-69e6-f60b-000000001b00}
ProcessId: 18136
Image: C:\Windows\System32\taskhostw.exe
User: NT AUTHORITY\SYSTEM"
"2026-04-21T07:51:42.1700223+05:30","5","Process terminated:
RuleName: -
UtcTime: 2026-04-21 02:21:42.168
ProcessGuid: {a65b9ff6-dcde-69e6-bb0b-000000001b00}
ProcessId: 13484
Image: C:\Windows\System32\svchost.exe
User: NT AUTHORITY\SYSTEM"
"2026-04-21T07:51:37.5621229+05:30","5","Process terminated:
RuleName: -
UtcTime: 2026-04-21 02:21:37.561
ProcessGuid: {a65b9ff6-dc9d-69e6-ac0b-000000001b00}
ProcessId: 14324
Image: C:\Windows\System32\svchost.exe
User: NT AUTHORITY\SYSTEM"
"2026-04-21T07:51:02.1239497+05:30","5","Process terminated:
RuleName: -
UtcTime: 2026-04-21 02:21:02.123
ProcessGuid: {a65b9ff6-df0d-69e6-f30b-000000001b00}
ProcessId: 19800
Image: C:\Windows\System32\taskhostw.exe
User: LAPTOP-I8K1DAMV\rohin"
"2026-04-21T07:51:02.1228324+05:30","5","Process terminated:
RuleName: -
UtcTime: 2026-04-21 02:21:02.119
ProcessGuid: {a65b9ff6-df0d-69e6-f40b-000000001b00}
ProcessId: 24396
Image: C:\Windows\SystemApps\MicrosoftWindows.Client.CBS_cw5n1h2txyewy\SoftLandingTask\SoftLandingTask.exe
User: LAPTOP-I8K1DAMV\rohin"
"2026-04-21T07:50:27.2156004+05:30","5","Process terminated:
RuleName: -
UtcTime: 2026-04-21 02:20:27.214
ProcessGuid: {a65b9ff6-de73-69e6-eb0b-000000001b00}
ProcessId: 5652
Image: C:\Windows\System32\wbem\WmiPrvSE.exe
User: NT AUTHORITY\LOCAL SERVICE"
"2026-04-21T07:50:00.2379642+05:30","5","Process terminated:
RuleName: -
UtcTime: 2026-04-21 02:20:00.236
ProcessGuid: {a65b9ff6-de73-69e6-ec0b-000000001b00}
ProcessId: 25580
Image: C:\Windows\System32\svchost.exe
User: NT AUTHORITY\SYSTEM"
"2026-04-21T07:49:47.6548281+05:30","5","Process terminated:
RuleName: -
UtcTime: 2026-04-21 02:19:47.654
ProcessGuid: {a65b9ff6-de33-69e6-e40b-000000001b00}
ProcessId: 8136
Image: C:\Windows\System32\SearchProtocolHost.exe
User: NT AUTHORITY\SYSTEM"
"2026-04-21T07:49:40.3120965+05:30","5","Process terminated:
RuleName: -
UtcTime: 2026-04-21 02:19:40.311
ProcessGuid: {a65b9ff6-de33-69e6-e50b-000000001b00}
ProcessId: 4080
Image: C:\Windows\System32\SearchFilterHost.exe
User: NT AUTHORITY\SYSTEM"
"2026-04-21T07:49:40.2970340+05:30","5","Process terminated:
RuleName: -
UtcTime: 2026-04-21 02:19:40.296
ProcessGuid: {a65b9ff6-de33-69e6-e60b-000000001b00}
ProcessId: 10508
Image: C:\Windows\System32\SearchFilterHost.exe
User: NT AUTHORITY\SYSTEM"
"2026-04-21T07:49:34.5381573+05:30","5","Process terminated:
RuleName: -
UtcTime: 2026-04-21 02:19:34.537
ProcessGuid: {a65b9ff6-d821-69e6-400b-000000001b00}
ProcessId: 17044
Image: C:\Program Files\Google\Chrome\Application\chrome.exe
User: LAPTOP-I8K1DAMV\rohin"
"2026-04-21T07:48:57.2048347+05:30","5","Process terminated:
RuleName: -
UtcTime: 2026-04-21 02:18:57.204
ProcessGuid: {a65b9ff6-ddf8-69e6-de0b-000000001b00}
ProcessId: 10976
Image: C:\Windows\System32\wbem\WmiPrvSE.exe
User: NT AUTHORITY\NETWORK SERVICE"
"2026-04-21T07:48:27.9832357+05:30","5","Process terminated:
RuleName: -
UtcTime: 2026-04-21 02:18:27.982
ProcessGuid: {a65b9ff6-de6a-69e6-ea0b-000000001b00}
ProcessId: 16896
Image: C:\Program Files\Google\Chrome\Application\chrome.exe
User: LAPTOP-I8K1DAMV\rohin"
"2026-04-21T07:48:12.0640118+05:30","5","Process terminated:
RuleName: -
UtcTime: 2026-04-21 02:18:12.063
ProcessGuid: {a65b9ff6-dd68-69e6-d60b-000000001b00}
ProcessId: 16692
Image: C:\Program Files\Google\Chrome\Application\chrome.exe
User: LAPTOP-I8K1DAMV\rohin"
"2026-04-21T07:48:07.4656801+05:30","5","Process terminated:
RuleName: -
UtcTime: 2026-04-21 02:18:07.464
ProcessGuid: {a65b9ff6-dd3b-69e6-d10b-000000001b00}
ProcessId: 24940
Image: C:\Program Files\Google\Chrome\Application\chrome.exe
User: LAPTOP-I8K1DAMV\rohin"
"2026-04-21T07:48:06.6545728+05:30","5","Process terminated:
RuleName: -
UtcTime: 2026-04-21 02:18:06.654
ProcessGuid: {a65b9ff6-de22-69e6-e00b-000000001b00}
ProcessId: 5016
Image: C:\Windows\System32\svchost.exe
User: NT AUTHORITY\SYSTEM"
"2026-04-21T07:47:23.1026126+05:30","5","Process terminated:
RuleName: -
UtcTime: 2026-04-21 02:17:23.101
ProcessGuid: {a65b9ff6-de29-69e6-e20b-000000001b00}
ProcessId: 21548
Image: C:\Program Files\WindowsApps\Microsoft.ScreenSketch_11.2601.12.0_x64__8wekyb3d8bbwe\SnippingTool\SnippingTool.exe
User: LAPTOP-I8K1DAMV\rohin"
"2026-04-21T07:47:14.2864087+05:30","5","Process terminated:
RuleName: -
UtcTime: 2026-04-21 02:17:14.285
ProcessGuid: {a65b9ff6-de2a-69e6-e30b-000000001b00}
ProcessId: 5348
Image: C:\Windows\System32\svchost.exe
User: LAPTOP-I8K1DAMV\rohin"
"2026-04-21T07:47:07.2281307+05:30","5","Process terminated:
RuleName: -
UtcTime: 2026-04-21 02:17:07.227
ProcessGuid: {a65b9ff6-dcf6-69e6-c30b-000000001b00}
ProcessId: 18664
Image: C:\Windows\System32\smartscreen.exe
User: LAPTOP-I8K1DAMV\rohin"
"2026-04-21T07:47:06.3321164+05:30","5","Process terminated:
RuleName: -
UtcTime: 2026-04-21 02:17:06.331
ProcessGuid: {a65b9ff6-de22-69e6-df0b-000000001b00}
ProcessId: 17768
Image: C:\Windows\System32\UsoClient.exe
User: NT AUTHORITY\SYSTEM"
"2026-04-21T07:46:54.4829409+05:30","5","Process terminated:
RuleName: -
UtcTime: 2026-04-21 02:16:54.482
ProcessGuid: {a65b9ff6-dd83-69e6-d80b-000000001b00}
ProcessId: 18716
Image: C:\Windows\System32\wbem\WmiPrvSE.exe
User: NT AUTHORITY\LOCAL SERVICE"
"2026-04-21T07:46:00.0735109+05:30","5","Process terminated:
RuleName: -
UtcTime: 2026-04-21 02:16:00.073
ProcessGuid: {a65b9ff6-dd83-69e6-d90b-000000001b00}
ProcessId: 16028
Image: C:\Windows\System32\svchost.exe
User: NT AUTHORITY\SYSTEM"
"2026-04-21T07:45:39.6159718+05:30","5","Process terminated:
RuleName: -
UtcTime: 2026-04-21 02:15:39.614
ProcessGuid: {a65b9ff6-dda3-69e6-dc0b-000000001b00}
ProcessId: 14352
Image: C:\Windows\System32\RuntimeBroker.exe
User: LAPTOP-I8K1DAMV\rohin"
"2026-04-21T07:45:32.4678271+05:30","5","Process terminated:
RuleName: -
UtcTime: 2026-04-21 02:15:32.467
ProcessGuid: {a65b9ff6-dda5-69e6-dd0b-000000001b00}
ProcessId: 14140
Image: C:\Windows\System32\sppsvc.exe
User: NT AUTHORITY\NETWORK SERVICE"
"2026-04-21T07:45:04.1878077+05:30","5","Process terminated:
RuleName: -
UtcTime: 2026-04-21 02:15:04.186
ProcessGuid: {a65b9ff6-dda2-69e6-da0b-000000001b00}
ProcessId: 25544
Image: C:\Windows\System32\taskhostw.exe
User: NT AUTHORITY\SYSTEM"
"2026-04-21T07:44:59.5883642+05:30","5","Process terminated:
RuleName: -
UtcTime: 2026-04-21 02:14:59.587
ProcessGuid: {a65b9ff6-dda3-69e6-db0b-000000001b00}
ProcessId: 18340
Image: C:\Windows\System32\backgroundTaskHost.exe
User: LAPTOP-I8K1DAMV\rohin"
"2026-04-21T07:44:57.0213995+05:30","5","Process terminated:
RuleName: -
UtcTime: 2026-04-21 02:14:57.020
ProcessGuid: {a65b9ff6-dd42-69e6-d40b-000000001b00}
ProcessId: 21988
Image: C:\Windows\System32\wbem\WmiPrvSE.exe
User: NT AUTHORITY\NETWORK SERVICE"
"2026-04-21T07:44:22.7000578+05:30","5","Process terminated:
RuleName: -
UtcTime: 2026-04-21 02:14:22.699
ProcessGuid: {a65b9ff6-dd3c-69e6-d20b-000000001b00}
ProcessId: 4164
Image: C:\Windows\System32\wbem\WmiPrvSE.exe
User: NT AUTHORITY\NETWORK SERVICE"
"2026-04-21T07:44:12.8279267+05:30","5","Process terminated:
RuleName: -
UtcTime: 2026-04-21 02:14:12.827
ProcessGuid: {a65b9ff6-dcf6-69e6-c40b-000000001b00}
ProcessId: 25528
Image: C:\Windows\servicing\TrustedInstaller.exe
User: NT AUTHORITY\SYSTEM"
"2026-04-21T07:44:12.8174216+05:30","5","Process terminated:
RuleName: -
UtcTime: 2026-04-21 02:14:12.817
ProcessGuid: {a65b9ff6-dcf6-69e6-c50b-000000001b00}
ProcessId: 26952
Image: C:\Windows\WinSxS\amd64_microsoft-windows-servicingstack_31bf3856ad364e35_10.0.26100.8035_none_a54f1c79772e807e\TiWorker.exe
User: NT AUTHORITY\SYSTEM"
"2026-04-21T07:44:03.7486664+05:30","5","Process terminated:
RuleName: -
UtcTime: 2026-04-21 02:14:03.747
ProcessGuid: {a65b9ff6-dd19-69e6-c80b-000000001b00}
ProcessId: 4376
Image: C:\Program Files\Google\Chrome\Application\chrome.exe
User: LAPTOP-I8K1DAMV\rohin"
"2026-04-21T07:43:52.5100316+05:30","5","Process terminated:
RuleName: -
UtcTime: 2026-04-21 02:13:52.509
ProcessGuid: {a65b9ff6-dd2a-69e6-ce0b-000000001b00}
ProcessId: 9164
Image: C:\Windows\System32\sppsvc.exe
User: NT AUTHORITY\NETWORK SERVICE"
"2026-04-21T07:43:52.5044715+05:30","5","Process terminated:
RuleName: -
UtcTime: 2026-04-21 02:13:52.504
ProcessGuid: {a65b9ff6-dd42-69e6-d30b-000000001b00}
ProcessId: 27000
Image: C:\Windows\System32\SppExtComObj.Exe
User: NT AUTHORITY\NETWORK SERVICE"
"2026-04-21T07:43:07.4675913+05:30","5","Process terminated:
RuleName: -
UtcTime: 2026-04-21 02:13:07.466
ProcessGuid: {a65b9ff6-dd1f-69e6-cb0b-000000001b00}
ProcessId: 17636
Image: C:\Program Files\Google\Chrome\Application\chrome.exe
User: LAPTOP-I8K1DAMV\rohin"
"2026-04-21T07:42:59.1287670+05:30","5","Process terminated:
RuleName: -
UtcTime: 2026-04-21 02:12:59.127
ProcessGuid: {a65b9ff6-dd2a-69e6-cd0b-000000001b00}
ProcessId: 22756
Image: C:\Windows\System32\taskhostw.exe
User: NT AUTHORITY\NETWORK SERVICE"
"2026-04-21T07:42:51.9609901+05:30","5","Process terminated:
RuleName: -
UtcTime: 2026-04-21 02:12:51.960
ProcessGuid: {a65b9ff6-dd1d-69e6-c90b-000000001b00}
ProcessId: 25168
Image: C:\Program Files\Google\Chrome\Application\chrome.exe
User: LAPTOP-I8K1DAMV\rohin"
"2026-04-21T07:42:51.9558028+05:30","5","Process terminated:
RuleName: -
UtcTime: 2026-04-21 02:12:51.955
ProcessGuid: {a65b9ff6-dd1f-69e6-ca0b-000000001b00}
ProcessId: 22784
Image: C:\Program Files\Google\Chrome\Application\chrome.exe
User: LAPTOP-I8K1DAMV\rohin"
"2026-04-21T07:42:43.9696117+05:30","5","Process terminated:
RuleName: -
UtcTime: 2026-04-21 02:12:43.969
ProcessGuid: {a65b9ff6-dd19-69e6-c70b-000000001b00}
ProcessId: 24880
Image: C:\Program Files\Google\Chrome\Application\chrome.exe
User: LAPTOP-I8K1DAMV\rohin"
"2026-04-21T07:42:43.9637626+05:30","5","Process terminated:
RuleName: -
UtcTime: 2026-04-21 02:12:43.963
ProcessGuid: {a65b9ff6-dd19-69e6-c60b-000000001b00}
ProcessId: 26108
Image: C:\Program Files\Google\Chrome\Application\chrome.exe
User: LAPTOP-I8K1DAMV\rohin"
"2026-04-21T07:42:40.2036609+05:30","5","Process terminated:
RuleName: -
UtcTime: 2026-04-21 02:12:40.203
ProcessGuid: {a65b9ff6-da6f-69e6-8c0b-000000001b00}
ProcessId: 22888
Image: C:\Program Files\Google\Chrome\Application\chrome.exe
User: LAPTOP-I8K1DAMV\rohin"
"2026-04-21T07:42:39.6951993+05:30","5","Process terminated:
RuleName: -
UtcTime: 2026-04-21 02:12:39.694
ProcessGuid: {a65b9ff6-d824-69e6-420b-000000001b00}
ProcessId: 2060
Image: C:\Program Files\Google\Chrome\Application\chrome.exe
User: LAPTOP-I8K1DAMV\rohin"
"2026-04-21T07:42:38.8414472+05:30","5","Process terminated:
RuleName: -
UtcTime: 2026-04-21 02:12:38.840
ProcessGuid: {a65b9ff6-d831-69e6-470b-000000001b00}
ProcessId: 26896
Image: C:\Program Files\Google\Chrome\Application\chrome.exe
User: LAPTOP-I8K1DAMV\rohin"
"2026-04-21T07:42:38.1520028+05:30","5","Process terminated:
RuleName: -
UtcTime: 2026-04-21 02:12:38.151
ProcessGuid: {a65b9ff6-da59-69e6-890b-000000001b00}
ProcessId: 23640
Image: C:\Program Files\Google\Chrome\Application\chrome.exe
User: LAPTOP-I8K1DAMV\rohin"
"2026-04-21T07:42:37.7378268+05:30","5","Process terminated:
RuleName: -
UtcTime: 2026-04-21 02:12:37.736
ProcessGuid: {a65b9ff6-d825-69e6-440b-000000001b00}
ProcessId: 3056
Image: C:\Program Files\Google\Chrome\Application\chrome.exe
User: LAPTOP-I8K1DAMV\rohin"
"2026-04-21T07:42:37.6778221+05:30","5","Process terminated:
RuleName: -
UtcTime: 2026-04-21 02:12:37.677
ProcessGuid: {a65b9ff6-dc92-69e6-a40b-000000001b00}
ProcessId: 23116
Image: C:\Windows\System32\wbem\WmiPrvSE.exe
User: NT AUTHORITY\LOCAL SERVICE"
"2026-04-21T07:42:37.6760571+05:30","5","Process terminated:
RuleName: -
UtcTime: 2026-04-21 02:12:37.675
ProcessGuid: {a65b9ff6-dc9d-69e6-ad0b-000000001b00}
ProcessId: 24896
Image: C:\Windows\System32\wbem\WmiPrvSE.exe
User: NT AUTHORITY\NETWORK SERVICE"
"2026-04-21T07:42:37.2336299+05:30","5","Process terminated:
RuleName: -
UtcTime: 2026-04-21 02:12:37.232
ProcessGuid: {a65b9ff6-d82b-69e6-460b-000000001b00}
ProcessId: 10288
Image: C:\Program Files\Google\Chrome\Application\chrome.exe
User: LAPTOP-I8K1DAMV\rohin"
"2026-04-21T07:42:36.7136884+05:30","5","Process terminated:
RuleName: -
UtcTime: 2026-04-21 02:12:36.712
ProcessGuid: {a65b9ff6-d81e-69e6-3f0b-000000001b00}
ProcessId: 1824
Image: C:\Program Files\Google\Chrome\Application\chrome.exe
User: LAPTOP-I8K1DAMV\rohin"
"2026-04-21T07:42:22.1949265+05:30","5","Process terminated:
RuleName: -
UtcTime: 2026-04-21 02:12:22.184
ProcessGuid: {a65b9ff6-dcf6-69e6-c10b-000000001b00}
ProcessId: 17428
Image: C:\Windows\System32\svchost.exe
User: NT AUTHORITY\SYSTEM"
"2026-04-21T07:42:11.4488287+05:30","5","Process terminated:
RuleName: -
UtcTime: 2026-04-21 02:12:11.440
ProcessGuid: {a65b9ff6-dcf6-69e6-c20b-000000001b00}
ProcessId: 22880
Image: C:\Windows\System32\svchost.exe
User: NT AUTHORITY\SYSTEM"
"2026-04-21T07:42:08.4882112+05:30","5","Process terminated:
RuleName: -
UtcTime: 2026-04-21 02:12:08.487
ProcessGuid: {a65b9ff6-dc9e-69e6-ae0b-000000001b00}
ProcessId: 6352
Image: C:\Windows\System32\RuntimeBroker.exe
User: LAPTOP-I8K1DAMV\rohin"
"2026-04-21T07:42:06.3722021+05:30","5","Process terminated:
RuleName: -
UtcTime: 2026-04-21 02:12:06.371
ProcessGuid: {a65b9ff6-dcf6-69e6-bf0b-000000001b00}
ProcessId: 19760
Image: C:\Windows\System32\taskhostw.exe
User: NT AUTHORITY\SYSTEM"
"2026-04-21T07:42:06.1974853+05:30","5","Process terminated:
RuleName: -
UtcTime: 2026-04-21 02:12:06.196
ProcessGuid: {a65b9ff6-dcf6-69e6-be0b-000000001b00}
ProcessId: 12812
Image: C:\Windows\System32\taskhostw.exe
User: LAPTOP-I8K1DAMV\rohin"
"2026-04-21T07:42:06.1431800+05:30","5","Process terminated:
RuleName: -
UtcTime: 2026-04-21 02:12:06.139
ProcessGuid: {a65b9ff6-dcf6-69e6-c00b-000000001b00}
ProcessId: 25840
Image: C:\Windows\System32\conhost.exe
User: NT AUTHORITY\SYSTEM"
"2026-04-21T07:42:06.1407590+05:30","5","Process terminated:
RuleName: -
UtcTime: 2026-04-21 02:12:06.139
ProcessGuid: {a65b9ff6-dcf6-69e6-bd0b-000000001b00}
ProcessId: 21936
Image: C:\Windows\System32\sc.exe
User: NT AUTHORITY\SYSTEM"
"2026-04-21T07:41:59.8662454+05:30","5","Process terminated:
RuleName: -
UtcTime: 2026-04-21 02:11:59.866
ProcessGuid: {a65b9ff6-dc92-69e6-a50b-000000001b00}
ProcessId: 24480
Image: C:\Windows\System32\svchost.exe
User: NT AUTHORITY\SYSTEM"
"2026-04-21T07:41:53.6356792+05:30","5","Process terminated:
RuleName: -
UtcTime: 2026-04-21 02:11:53.635
ProcessGuid: {a65b9ff6-dcc6-69e6-b40b-000000001b00}
ProcessId: 18840
Image: C:\Program Files\Google\Chrome\Application\chrome.exe
User: LAPTOP-I8K1DAMV\rohin"
"2026-04-21T07:41:53.1815786+05:30","5","Process terminated:
RuleName: -
UtcTime: 2026-04-21 02:11:53.180
ProcessGuid: {a65b9ff6-dc9c-69e6-ab0b-000000001b00}
ProcessId: 24016
Image: C:\Program Files\Google\Chrome\Application\chrome.exe
User: LAPTOP-I8K1DAMV\rohin"
"2026-04-21T07:41:53.1316929+05:30","5","Process terminated:
RuleName: -
UtcTime: 2026-04-21 02:11:53.131
ProcessGuid: {a65b9ff6-dce0-69e6-bc0b-000000001b00}
ProcessId: 22956
Image: C:\Program Files\Google\Chrome\Application\chrome.exe
User: LAPTOP-I8K1DAMV\rohin"
"2026-04-21T07:41:52.6907015+05:30","5","Process terminated:
RuleName: -
UtcTime: 2026-04-21 02:11:52.690
ProcessGuid: {a65b9ff6-dc9f-69e6-af0b-000000001b00}
ProcessId: 22088
Image: C:\Program Files\Google\Chrome\Application\chrome.exe
User: LAPTOP-I8K1DAMV\rohin"
"2026-04-21T07:41:38.4799944+05:30","5","Process terminated:
RuleName: -
UtcTime: 2026-04-21 02:11:38.479
ProcessGuid: {a65b9ff6-dc9c-69e6-a90b-000000001b00}
ProcessId: 11412
Image: C:\Windows\System32\backgroundTaskHost.exe
User: LAPTOP-I8K1DAMV\rohin"
"2026-04-21T07:41:37.6434590+05:30","5","Process terminated:
RuleName: -
UtcTime: 2026-04-21 02:11:37.643
ProcessGuid: {a65b9ff6-dc8e-69e6-a30b-000000001b00}
ProcessId: 10072
Image: C:\Windows\System32\wbem\WmiPrvSE.exe
User: NT AUTHORITY\NETWORK SERVICE"
"2026-04-21T07:41:37.2949841+05:30","5","Process terminated:
RuleName: -
UtcTime: 2026-04-21 02:11:37.294
ProcessGuid: {a65b9ff6-dc9c-69e6-aa0b-000000001b00}
ProcessId: 18112
Image: C:\Windows\System32\backgroundTaskHost.exe
User: LAPTOP-I8K1DAMV\rohin"
"2026-04-21T07:41:30.0216554+05:30","5","Process terminated:
RuleName: -
UtcTime: 2026-04-21 02:11:30.010
ProcessGuid: {a65b9ff6-dccf-69e6-b60b-000000001b00}
ProcessId: 20944
Image: C:\Program Files\McAfee\WebAdvisor\updater.exe
User: NT AUTHORITY\SYSTEM"
"2026-04-21T07:41:28.0743243+05:30","5","Process terminated:
RuleName: -
UtcTime: 2026-04-21 02:11:28.073
ProcessGuid: {a65b9ff6-dcd0-69e6-ba0b-000000001b00}
ProcessId: 6080
Image: C:\Windows\System32\conhost.exe
User: NT AUTHORITY\SYSTEM"
"2026-04-21T07:41:28.0718668+05:30","5","Process terminated:
RuleName: -
UtcTime: 2026-04-21 02:11:28.071
ProcessGuid: {a65b9ff6-dcd0-69e6-b90b-000000001b00}
ProcessId: 5732
Image: C:\Windows\System32\cmd.exe
User: NT AUTHORITY\SYSTEM"
"2026-04-21T07:41:28.0196131+05:30","5","Process terminated:
RuleName: -
UtcTime: 2026-04-21 02:11:28.018
ProcessGuid: {a65b9ff6-dccf-69e6-b80b-000000001b00}
ProcessId: 26048
Image: C:\Windows\System32\conhost.exe
User: NT AUTHORITY\SYSTEM"
"2026-04-21T07:41:28.0173447+05:30","5","Process terminated:
RuleName: -
UtcTime: 2026-04-21 02:11:28.016
ProcessGuid: {a65b9ff6-dccf-69e6-b70b-000000001b00}
ProcessId: 21340
Image: C:\Windows\System32\cmd.exe
User: NT AUTHORITY\SYSTEM"
"2026-04-21T07:41:27.6066592+05:30","5","Process terminated:
RuleName: -
UtcTime: 2026-04-21 02:11:27.606
ProcessGuid: {a65b9ff6-dccd-69e6-b50b-000000001b00}
ProcessId: 14200
Image: C:\Program Files\McAfee\WebAdvisor\updater.exe
User: NT AUTHORITY\SYSTEM"
"2026-04-21T07:41:18.2924663+05:30","5","Process terminated:
RuleName: -
UtcTime: 2026-04-21 02:11:18.291
ProcessGuid: {a65b9ff6-dcc0-69e6-b20b-000000001b00}
ProcessId: 23872
Image: C:\Program Files\Google\Chrome\Application\chrome.exe
User: LAPTOP-I8K1DAMV\rohin"
"2026-04-21T07:41:18.2877206+05:30","5","Process terminated:
RuleName: -
UtcTime: 2026-04-21 02:11:18.287
ProcessGuid: {a65b9ff6-dcc0-69e6-b30b-000000001b00}
ProcessId: 22856
Image: C:\Program Files\Google\Chrome\Application\chrome.exe
User: LAPTOP-I8K1DAMV\rohin"
"2026-04-21T07:41:10.0473982+05:30","5","Process terminated:
RuleName: -
UtcTime: 2026-04-21 02:11:10.044
ProcessGuid: {a65b9ff6-dada-69e6-910b-000000001b00}
ProcessId: 16944
Image: C:\Program Files\Google\Chrome\Application\chrome.exe
User: LAPTOP-I8K1DAMV\rohin"
"2026-04-21T07:40:48.6003505+05:30","5","Process terminated:
RuleName: -
UtcTime: 2026-04-21 02:10:48.596
ProcessGuid: {a65b9ff6-dca8-69e6-b10b-000000001b00}
ProcessId: 19760
Image: C:\Windows\System32\conhost.exe
User: NT AUTHORITY\SYSTEM"
"2026-04-21T07:40:48.5974392+05:30","5","Process terminated:
RuleName: -
UtcTime: 2026-04-21 02:10:48.596
ProcessGuid: {a65b9ff6-dca8-69e6-b00b-000000001b00}
ProcessId: 11736
Image: C:\Windows\System32\sdbinst.exe
User: NT AUTHORITY\SYSTEM"
"2026-04-21T07:40:37.1802052+05:30","5","Process terminated:
RuleName: -
UtcTime: 2026-04-21 02:10:37.179
ProcessGuid: {a65b9ff6-dc97-69e6-a80b-000000001b00}
ProcessId: 16684
Image: C:\Program Files\Google\Chrome\Application\chrome.exe
User: LAPTOP-I8K1DAMV\rohin"
"2026-04-21T07:40:37.1723046+05:30","5","Process terminated:
RuleName: -
UtcTime: 2026-04-21 02:10:37.171
ProcessGuid: {a65b9ff6-dc97-69e6-a70b-000000001b00}
ProcessId: 12948
Image: C:\Program Files\Google\Chrome\Application\chrome.exe
User: LAPTOP-I8K1DAMV\rohin"
"2026-04-21T07:40:37.1660149+05:30","5","Process terminated:
RuleName: -
UtcTime: 2026-04-21 02:10:37.165
ProcessGuid: {a65b9ff6-dc97-69e6-a60b-000000001b00}
ProcessId: 9724
Image: C:\Program Files\Google\Chrome\Application\chrome.exe
User: LAPTOP-I8K1DAMV\rohin"
"2026-04-21T07:39:25.1713623+05:30","5","Process terminated:
RuleName: -
UtcTime: 2026-04-21 02:09:25.169
ProcessGuid: {a65b9ff6-dc2d-69e6-a20b-000000001b00}
ProcessId: 27492
Image: C:\Windows\System32\RuntimeBroker.exe
User: LAPTOP-I8K1DAMV\rohin"
"2026-04-21T07:39:24.1069826+05:30","5","Process terminated:
RuleName: -
UtcTime: 2026-04-21 02:09:24.103
ProcessGuid: {a65b9ff6-db93-69e6-9b0b-000000001b00}
ProcessId: 12992
Image: C:\Windows\System32\wbem\WmiPrvSE.exe
User: NT AUTHORITY\LOCAL SERVICE"
"2026-04-21T07:39:17.2354682+05:30","5","Process terminated:
RuleName: -
UtcTime: 2026-04-21 02:09:17.230
ProcessGuid: {a65b9ff6-d9f5-69e6-800b-000000001b00}
ProcessId: 21700
Image: C:\Windows\System32\svchost.exe
User: NT AUTHORITY\SYSTEM"
"2026-04-21T07:38:45.1356858+05:30","5","Process terminated:
RuleName: -
UtcTime: 2026-04-21 02:08:45.135
ProcessGuid: {a65b9ff6-dc2c-69e6-a10b-000000001b00}
ProcessId: 23220
Image: C:\Program Files\Adobe\Acrobat DC\Acrobat\RDCNotificationClient\FullTrustNotifier.exe
User: LAPTOP-I8K1DAMV\rohin"
"2026-04-21T07:38:14.6414738+05:30","5","Process terminated:
RuleName: -
UtcTime: 2026-04-21 02:08:14.640
ProcessGuid: {a65b9ff6-db93-69e6-9c0b-000000001b00}
ProcessId: 25300
Image: C:\Windows\System32\svchost.exe
User: NT AUTHORITY\SYSTEM"
"2026-04-21T07:37:54.0777331+05:30","5","Process terminated:
RuleName: -
UtcTime: 2026-04-21 02:07:54.077
ProcessGuid: {a65b9ff6-dba0-69e6-9d0b-000000001b00}
ProcessId: 5000
Image: C:\Windows\System32\wbem\WmiPrvSE.exe
User: NT AUTHORITY\NETWORK SERVICE"
"2026-04-21T07:37:17.4174110+05:30","5","Process terminated:
RuleName: -
UtcTime: 2026-04-21 02:07:17.416
ProcessGuid: {a65b9ff6-dbc8-69e6-9f0b-000000001b00}
ProcessId: 13872
Image: C:\Program Files\Google\Chrome\Application\chrome.exe
User: LAPTOP-I8K1DAMV\rohin"
"2026-04-21T07:37:17.4095226+05:30","5","Process terminated:
RuleName: -
UtcTime: 2026-04-21 02:07:17.408
ProcessGuid: {a65b9ff6-dbd2-69e6-a00b-000000001b00}
ProcessId: 14352
Image: C:\Program Files\Google\Chrome\Application\chrome.exe
User: LAPTOP-I8K1DAMV\rohin"
"2026-04-21T07:37:12.7455724+05:30","5","Process terminated:
RuleName: -
UtcTime: 2026-04-21 02:07:12.745
ProcessGuid: {a65b9ff6-dadd-69e6-920b-000000001b00}
ProcessId: 26908
Image: C:\Program Files\Google\Chrome\Application\chrome.exe
User: LAPTOP-I8K1DAMV\rohin"
"2026-04-21T07:37:12.7407754+05:30","5","Process terminated:
RuleName: -
UtcTime: 2026-04-21 02:07:12.740
ProcessGuid: {a65b9ff6-dbc8-69e6-9e0b-000000001b00}
ProcessId: 26880
Image: C:\Program Files\Google\Chrome\Application\chrome.exe
User: LAPTOP-I8K1DAMV\rohin"
"2026-04-21T07:37:09.0105452+05:30","5","Process terminated:
RuleName: -
UtcTime: 2026-04-21 02:07:09.006
ProcessGuid: {a65b9ff6-db90-69e6-990b-000000001b00}
ProcessId: 24704
Image: C:\Windows\System32\backgroundTaskHost.exe
User: LAPTOP-I8K1DAMV\rohin"
"2026-04-21T07:36:18.6013055+05:30","5","Process terminated:
RuleName: -
UtcTime: 2026-04-21 02:06:18.600
ProcessGuid: {a65b9ff6-db6d-69e6-940b-000000001b00}
ProcessId: 14208
Image: C:\Windows\System32\RuntimeBroker.exe
User: LAPTOP-I8K1DAMV\rohin"
