"2026-04-21T07:36:18.6001794+05:30","5","Process terminated:
RuleName: -
UtcTime: 2026-04-21 02:06:18.599
ProcessGuid: {a65b9ff6-db6e-69e6-960b-000000001b00}
ProcessId: 17380
Image: C:\Windows\System32\RuntimeBroker.exe
User: LAPTOP-I8K1DAMV\rohin"
"2026-04-21T07:36:08.3283189+05:30","5","Process terminated:
RuleName: -
UtcTime: 2026-04-21 02:06:08.327
ProcessGuid: {a65b9ff6-db90-69e6-9a0b-000000001b00}
ProcessId: 25092
Image: C:\Windows\System32\backgroundTaskHost.exe
User: LAPTOP-I8K1DAMV\rohin"
"2026-04-21T07:36:02.0747475+05:30","5","Process terminated:
RuleName: -
UtcTime: 2026-04-21 02:06:02.074
ProcessGuid: {a65b9ff6-db89-69e6-970b-000000001b00}
ProcessId: 25268
Image: C:\Windows\System32\taskhostw.exe
User: LAPTOP-I8K1DAMV\rohin"
"2026-04-21T07:36:02.0744327+05:30","5","Process terminated:
RuleName: -
UtcTime: 2026-04-21 02:06:02.074
ProcessGuid: {a65b9ff6-db89-69e6-980b-000000001b00}
ProcessId: 13564
Image: C:\Windows\SystemApps\MicrosoftWindows.Client.CBS_cw5n1h2txyewy\SoftLandingTask\SoftLandingTask.exe
User: LAPTOP-I8K1DAMV\rohin"
"2026-04-21T07:35:39.5787846+05:30","5","Process terminated:
RuleName: -
UtcTime: 2026-04-21 02:05:39.578
ProcessGuid: {a65b9ff6-d850-69e6-4b0b-000000001b00}
ProcessId: 25532
Image: C:\Program Files\Google\Chrome\Application\chrome.exe
User: LAPTOP-I8K1DAMV\rohin"
"2026-04-21T07:35:39.5701487+05:30","5","Process terminated:
RuleName: -
UtcTime: 2026-04-21 02:05:39.569
ProcessGuid: {a65b9ff6-d850-69e6-4a0b-000000001b00}
ProcessId: 8312
Image: C:\Program Files\Google\Chrome\Application\chrome.exe
User: LAPTOP-I8K1DAMV\rohin"
"2026-04-21T07:35:39.5529543+05:30","5","Process terminated:
RuleName: -
UtcTime: 2026-04-21 02:05:39.551
ProcessGuid: {a65b9ff6-d84f-69e6-490b-000000001b00}
ProcessId: 27012
Image: C:\Program Files\Google\Chrome\Application\chrome.exe
User: LAPTOP-I8K1DAMV\rohin"
"2026-04-21T07:35:38.5768109+05:30","5","Process terminated:
RuleName: -
UtcTime: 2026-04-21 02:05:38.576
ProcessGuid: {a65b9ff6-db6d-69e6-930b-000000001b00}
ProcessId: 25800
Image: C:\Windows\System32\backgroundTaskHost.exe
User: LAPTOP-I8K1DAMV\rohin"
"2026-04-21T07:35:34.5645753+05:30","5","Process terminated:
RuleName: -
UtcTime: 2026-04-21 02:05:34.563
ProcessGuid: {a65b9ff6-db6e-69e6-950b-000000001b00}
ProcessId: 25388
Image: C:\Windows\System32\backgroundTaskHost.exe
User: LAPTOP-I8K1DAMV\rohin"
"2026-04-21T07:34:26.4482808+05:30","5","Process terminated:
RuleName: -
UtcTime: 2026-04-21 02:04:26.448
ProcessGuid: {a65b9ff6-da94-69e6-8f0b-000000001b00}
ProcessId: 23348
Image: C:\Windows\System32\wbem\WmiPrvSE.exe
User: NT AUTHORITY\LOCAL SERVICE"
"2026-04-21T07:34:22.8842290+05:30","5","Process terminated:
RuleName: -
UtcTime: 2026-04-21 02:04:22.883
ProcessGuid: {a65b9ff6-da70-69e6-8d0b-000000001b00}
ProcessId: 16796
Image: C:\Program Files\Google\Chrome\Application\chrome.exe
User: LAPTOP-I8K1DAMV\rohin"
"2026-04-21T07:34:17.1675008+05:30","5","Process terminated:
RuleName: -
UtcTime: 2026-04-21 02:04:17.166
ProcessGuid: {a65b9ff6-d9f1-69e6-7f0b-000000001b00}
ProcessId: 14212
Image: C:\Windows\System32\svchost.exe
User: NT AUTHORITY\SYSTEM"
"2026-04-21T07:33:59.4536929+05:30","5","Process terminated:
RuleName: -
UtcTime: 2026-04-21 02:03:59.453
ProcessGuid: {a65b9ff6-da94-69e6-900b-000000001b00}
ProcessId: 24704
Image: C:\Windows\System32\svchost.exe
User: NT AUTHORITY\SYSTEM"
"2026-04-21T07:32:56.4446987+05:30","5","Process terminated:
RuleName: -
UtcTime: 2026-04-21 02:02:56.443
ProcessGuid: {a65b9ff6-d36a-69e6-de0a-000000001b00}
ProcessId: 18080
Image: C:\Windows\System32\wbem\WmiPrvSE.exe
User: NT AUTHORITY\NETWORK SERVICE"
"2026-04-21T07:32:53.2322298+05:30","5","Process terminated:
RuleName: -
UtcTime: 2026-04-21 02:02:53.231
ProcessGuid: {a65b9ff6-da75-69e6-8e0b-000000001b00}
ProcessId: 26128
Image: C:\Program Files\Google\Chrome\Application\chrome.exe
User: LAPTOP-I8K1DAMV\rohin"
"2026-04-21T07:31:20.1416505+05:30","5","Process terminated:
RuleName: -
UtcTime: 2026-04-21 02:01:20.141
ProcessGuid: {a65b9ff6-da68-69e6-8a0b-000000001b00}
ProcessId: 24724
Image: C:\Program Files\Google\Chrome\Application\chrome.exe
User: LAPTOP-I8K1DAMV\rohin"
"2026-04-21T07:31:20.1363820+05:30","5","Process terminated:
RuleName: -
UtcTime: 2026-04-21 02:01:20.136
ProcessGuid: {a65b9ff6-da68-69e6-8b0b-000000001b00}
ProcessId: 18584
Image: C:\Program Files\Google\Chrome\Application\chrome.exe
User: LAPTOP-I8K1DAMV\rohin"
"2026-04-21T07:30:38.0077898+05:30","5","Process terminated:
RuleName: -
UtcTime: 2026-04-21 02:00:38.007
ProcessGuid: {a65b9ff6-d985-69e6-6e0b-000000001b00}
ProcessId: 6116
Image: C:\Program Files\Google\Chrome\Application\chrome.exe
User: LAPTOP-I8K1DAMV\rohin"
"2026-04-21T07:30:30.0494351+05:30","5","Process terminated:
RuleName: -
UtcTime: 2026-04-21 02:00:30.049
ProcessGuid: {a65b9ff6-d9c5-69e6-780b-000000001b00}
ProcessId: 24940
Image: C:\Program Files\Google\Chrome\Application\chrome.exe
User: LAPTOP-I8K1DAMV\rohin"
"2026-04-21T07:30:16.2174586+05:30","5","Process terminated:
RuleName: -
UtcTime: 2026-04-21 02:00:16.216
ProcessGuid: {a65b9ff6-da10-69e6-860b-000000001b00}
ProcessId: 27360
Image: C:\Program Files (x86)\BraveSoftware\Update\BraveUpdate.exe
User: NT AUTHORITY\SYSTEM"
"2026-04-21T07:30:16.2102385+05:30","5","Process terminated:
RuleName: -
UtcTime: 2026-04-21 02:00:16.209
ProcessGuid: {a65b9ff6-da2f-69e6-880b-000000001b00}
ProcessId: 1764
Image: C:\Program Files (x86)\BraveSoftware\Update\BraveUpdate.exe
User: NT AUTHORITY\SYSTEM"
"2026-04-21T07:30:10.4147676+05:30","5","Process terminated:
RuleName: -
UtcTime: 2026-04-21 02:00:10.414
ProcessGuid: {a65b9ff6-d994-69e6-700b-000000001b00}
ProcessId: 13516
Image: C:\Windows\System32\wbem\WmiPrvSE.exe
User: NT AUTHORITY\LOCAL SERVICE"
"2026-04-21T07:29:49.0074104+05:30","5","Process terminated:
RuleName: -
UtcTime: 2026-04-21 01:59:49.007
ProcessGuid: {a65b9ff6-da11-69e6-870b-000000001b00}
ProcessId: 10420
Image: C:\Program Files\Google\Chrome\Application\chrome.exe
User: LAPTOP-I8K1DAMV\rohin"
"2026-04-21T07:29:43.4252197+05:30","5","Process terminated:
RuleName: -
UtcTime: 2026-04-21 01:59:43.424
ProcessGuid: {a65b9ff6-d994-69e6-710b-000000001b00}
ProcessId: 27208
Image: C:\Windows\System32\svchost.exe
User: NT AUTHORITY\SYSTEM"
"2026-04-21T07:29:41.4263258+05:30","5","Process terminated:
RuleName: -
UtcTime: 2026-04-21 01:59:41.426
ProcessGuid: {a65b9ff6-da0a-69e6-850b-000000001b00}
ProcessId: 3048
Image: C:\Program Files\Google\Chrome\Application\chrome.exe
User: LAPTOP-I8K1DAMV\rohin"
"2026-04-21T07:29:37.1493855+05:30","5","Process terminated:
RuleName: -
UtcTime: 2026-04-21 01:59:37.148
ProcessGuid: {a65b9ff6-da06-69e6-840b-000000001b00}
ProcessId: 13460
Image: C:\Program Files\Google\Chrome\Application\chrome.exe
User: LAPTOP-I8K1DAMV\rohin"
"2026-04-21T07:29:30.6579350+05:30","5","Process terminated:
RuleName: -
UtcTime: 2026-04-21 01:59:30.657
ProcessGuid: {a65b9ff6-d9fe-69e6-830b-000000001b00}
ProcessId: 11368
Image: C:\Program Files\Google\Chrome\Application\chrome.exe
User: LAPTOP-I8K1DAMV\rohin"
"2026-04-21T07:29:25.8513130+05:30","5","Process terminated:
RuleName: -
UtcTime: 2026-04-21 01:59:25.850
ProcessGuid: {a65b9ff6-d9fa-69e6-820b-000000001b00}
ProcessId: 21596
Image: C:\Program Files\Google\Chrome\Application\chrome.exe
User: LAPTOP-I8K1DAMV\rohin"
"2026-04-21T07:29:21.6109626+05:30","5","Process terminated:
RuleName: -
UtcTime: 2026-04-21 01:59:21.609
ProcessGuid: {a65b9ff6-d9f5-69e6-810b-000000001b00}
ProcessId: 4464
Image: C:\Program Files\Google\Chrome\Application\chrome.exe
User: LAPTOP-I8K1DAMV\rohin"
"2026-04-21T07:29:16.0078315+05:30","5","Process terminated:
RuleName: -
UtcTime: 2026-04-21 01:59:15.996
ProcessGuid: {a65b9ff6-d9ee-69e6-7d0b-000000001b00}
ProcessId: 25800
Image: C:\Program Files\Google\Chrome\Application\chrome.exe
User: LAPTOP-I8K1DAMV\rohin"
"2026-04-21T07:29:14.1252875+05:30","5","Process terminated:
RuleName: -
UtcTime: 2026-04-21 01:59:14.124
ProcessGuid: {a65b9ff6-d9f1-69e6-7e0b-000000001b00}
ProcessId: 15888
Image: C:\Program Files (x86)\Microsoft\EdgeUpdate\MicrosoftEdgeUpdate.exe
User: NT AUTHORITY\SYSTEM"
"2026-04-21T07:29:09.6172854+05:30","5","Process terminated:
RuleName: -
UtcTime: 2026-04-21 01:59:09.617
ProcessGuid: {a65b9ff6-d9e8-69e6-7c0b-000000001b00}
ProcessId: 3660
Image: C:\Program Files\Google\Chrome\Application\chrome.exe
User: LAPTOP-I8K1DAMV\rohin"
"2026-04-21T07:29:02.8680812+05:30","5","Process terminated:
RuleName: -
UtcTime: 2026-04-21 01:59:02.867
ProcessGuid: {a65b9ff6-d9e1-69e6-7b0b-000000001b00}
ProcessId: 14404
Image: C:\Program Files\Google\Chrome\Application\chrome.exe
User: LAPTOP-I8K1DAMV\rohin"
"2026-04-21T07:29:01.0029485+05:30","5","Process terminated:
RuleName: -
UtcTime: 2026-04-21 01:59:01.002
ProcessGuid: {a65b9ff6-d930-69e6-620b-000000001b00}
ProcessId: 17636
Image: C:\Windows\System32\svchost.exe
User: NT AUTHORITY\SYSTEM"
"2026-04-21T07:28:55.6921674+05:30","5","Process terminated:
RuleName: -
UtcTime: 2026-04-21 01:58:55.686
ProcessGuid: {a65b9ff6-d9da-69e6-7a0b-000000001b00}
ProcessId: 17700
Image: C:\Program Files\Google\Chrome\Application\chrome.exe
User: LAPTOP-I8K1DAMV\rohin"
"2026-04-21T07:28:49.3223928+05:30","5","Process terminated:
RuleName: -
UtcTime: 2026-04-21 01:58:49.321
ProcessGuid: {a65b9ff6-d9cf-69e6-790b-000000001b00}
ProcessId: 9620
Image: C:\Program Files\Google\Chrome\Application\chrome.exe
User: LAPTOP-I8K1DAMV\rohin"
"2026-04-21T07:28:25.9955494+05:30","5","Process terminated:
RuleName: -
UtcTime: 2026-04-21 01:58:25.995
ProcessGuid: {a65b9ff6-d9bd-69e6-770b-000000001b00}
ProcessId: 15528
Image: C:\Program Files\Google\Chrome\Application\chrome.exe
User: LAPTOP-I8K1DAMV\rohin"
"2026-04-21T07:28:19.5225374+05:30","5","Process terminated:
RuleName: -
UtcTime: 2026-04-21 01:58:19.521
ProcessGuid: {a65b9ff6-d9b6-69e6-760b-000000001b00}
ProcessId: 11692
Image: C:\Program Files\Google\Chrome\Application\chrome.exe
User: LAPTOP-I8K1DAMV\rohin"
"2026-04-21T07:28:12.7187197+05:30","5","Process terminated:
RuleName: -
UtcTime: 2026-04-21 01:58:12.716
ProcessGuid: {a65b9ff6-d9ad-69e6-750b-000000001b00}
ProcessId: 21344
Image: C:\Program Files\Google\Chrome\Application\chrome.exe
User: LAPTOP-I8K1DAMV\rohin"
"2026-04-21T07:28:06.0514120+05:30","5","Process terminated:
RuleName: -
UtcTime: 2026-04-21 01:58:06.050
ProcessGuid: {a65b9ff6-d755-69e6-360b-000000001b00}
ProcessId: 17752
Image: C:\Windows\System32\svchost.exe
User: NT AUTHORITY\SYSTEM"
"2026-04-21T07:28:04.1285765+05:30","5","Process terminated:
RuleName: -
UtcTime: 2026-04-21 01:58:04.127
ProcessGuid: {a65b9ff6-d9a7-69e6-740b-000000001b00}
ProcessId: 18640
Image: C:\Program Files\Google\Chrome\Application\chrome.exe
User: LAPTOP-I8K1DAMV\rohin"
"2026-04-21T07:27:57.7228920+05:30","5","Process terminated:
RuleName: -
UtcTime: 2026-04-21 01:57:57.721
ProcessGuid: {a65b9ff6-d9a0-69e6-730b-000000001b00}
ProcessId: 18712
Image: C:\Program Files\Google\Chrome\Application\chrome.exe
User: LAPTOP-I8K1DAMV\rohin"
"2026-04-21T07:27:51.4555169+05:30","5","Process terminated:
RuleName: -
UtcTime: 2026-04-21 01:57:51.454
ProcessGuid: {a65b9ff6-d997-69e6-720b-000000001b00}
ProcessId: 14024
Image: C:\Program Files\Google\Chrome\Application\chrome.exe
User: LAPTOP-I8K1DAMV\rohin"
"2026-04-21T07:27:42.1325353+05:30","5","Process terminated:
RuleName: -
UtcTime: 2026-04-21 01:57:42.131
ProcessGuid: {a65b9ff6-d991-69e6-6f0b-000000001b00}
ProcessId: 25804
Image: C:\Program Files\Google\Chrome\Application\chrome.exe
User: LAPTOP-I8K1DAMV\rohin"
"2026-04-21T07:27:27.7931156+05:30","5","Process terminated:
RuleName: -
UtcTime: 2026-04-21 01:57:27.789
ProcessGuid: {a65b9ff6-d915-69e6-600b-000000001b00}
ProcessId: 21948
Image: C:\Program Files\Google\Chrome\Application\chrome.exe
User: LAPTOP-I8K1DAMV\rohin"
"2026-04-21T07:27:22.1981281+05:30","5","Process terminated:
RuleName: -
UtcTime: 2026-04-21 01:57:22.197
ProcessGuid: {a65b9ff6-d97d-69e6-6d0b-000000001b00}
ProcessId: 20712
Image: C:\Program Files\Google\Chrome\Application\chrome.exe
User: LAPTOP-I8K1DAMV\rohin"
"2026-04-21T07:27:16.2019180+05:30","5","Process terminated:
RuleName: -
UtcTime: 2026-04-21 01:57:16.201
ProcessGuid: {a65b9ff6-d974-69e6-6c0b-000000001b00}
ProcessId: 22756
Image: C:\Program Files\Google\Chrome\Application\chrome.exe
User: LAPTOP-I8K1DAMV\rohin"
"2026-04-21T07:27:07.3264745+05:30","5","Process terminated:
RuleName: -
UtcTime: 2026-04-21 01:57:07.311
ProcessGuid: {a65b9ff6-d961-69e6-670b-000000001b00}
ProcessId: 25980
Image: C:\Program Files\Google\Chrome\Application\chrome.exe
User: LAPTOP-I8K1DAMV\rohin"
"2026-04-21T07:27:05.4246065+05:30","5","Process terminated:
RuleName: -
UtcTime: 2026-04-21 01:57:05.423
ProcessGuid: {a65b9ff6-d96c-69e6-6a0b-000000001b00}
ProcessId: 3472
Image: C:\Program Files\Google\Chrome\Application\chrome.exe
User: LAPTOP-I8K1DAMV\rohin"
"2026-04-21T07:27:05.4157212+05:30","5","Process terminated:
RuleName: -
UtcTime: 2026-04-21 01:57:05.415
ProcessGuid: {a65b9ff6-d96f-69e6-6b0b-000000001b00}
ProcessId: 10320
Image: C:\Program Files\Google\Chrome\Application\chrome.exe
User: LAPTOP-I8K1DAMV\rohin"
"2026-04-21T07:27:01.0039698+05:30","5","Process terminated:
RuleName: -
UtcTime: 2026-04-21 01:57:01.003
ProcessGuid: {a65b9ff6-d967-69e6-680b-000000001b00}
ProcessId: 7964
Image: C:\Program Files\Google\Chrome\Application\chrome.exe
User: LAPTOP-I8K1DAMV\rohin"
"2026-04-21T07:27:00.9986312+05:30","5","Process terminated:
RuleName: -
UtcTime: 2026-04-21 01:57:00.997
ProcessGuid: {a65b9ff6-d968-69e6-690b-000000001b00}
ProcessId: 1988
Image: C:\Program Files\Google\Chrome\Application\chrome.exe
User: LAPTOP-I8K1DAMV\rohin"
"2026-04-21T07:26:47.2270008+05:30","5","Process terminated:
RuleName: -
UtcTime: 2026-04-21 01:56:47.226
ProcessGuid: {a65b9ff6-d95a-69e6-660b-000000001b00}
ProcessId: 27312
Image: C:\Program Files\Google\Chrome\Application\chrome.exe
User: LAPTOP-I8K1DAMV\rohin"
"2026-04-21T07:26:41.1070735+05:30","5","Process terminated:
RuleName: -
UtcTime: 2026-04-21 01:56:41.106
ProcessGuid: {a65b9ff6-d951-69e6-650b-000000001b00}
ProcessId: 27140
Image: C:\Program Files\Google\Chrome\Application\chrome.exe
User: LAPTOP-I8K1DAMV\rohin"
"2026-04-21T07:26:32.3046011+05:30","5","Process terminated:
RuleName: -
UtcTime: 2026-04-21 01:56:32.303
ProcessGuid: {a65b9ff6-d948-69e6-640b-000000001b00}
ProcessId: 17008
Image: C:\Program Files\Google\Chrome\Application\chrome.exe
User: LAPTOP-I8K1DAMV\rohin"
"2026-04-21T07:26:21.9899317+05:30","5","Process terminated:
RuleName: -
UtcTime: 2026-04-21 01:56:21.989
ProcessGuid: {a65b9ff6-d936-69e6-630b-000000001b00}
ProcessId: 25608
Image: C:\Program Files\Google\Chrome\Application\chrome.exe
User: LAPTOP-I8K1DAMV\rohin"
"2026-04-21T07:26:20.9467142+05:30","5","Process terminated:
RuleName: -
UtcTime: 2026-04-21 01:56:20.935
ProcessGuid: {a65b9ff6-d930-69e6-610b-000000001b00}
ProcessId: 11340
Image: C:\Windows\System32\svchost.exe
User: NT AUTHORITY\LOCAL SERVICE"
"2026-04-21T07:26:08.7708028+05:30","5","Process terminated:
RuleName: -
UtcTime: 2026-04-21 01:56:08.770
ProcessGuid: {a65b9ff6-d8d8-69e6-570b-000000001b00}
ProcessId: 23872
Image: C:\Program Files\Google\Chrome\Application\chrome.exe
User: LAPTOP-I8K1DAMV\rohin"
"2026-04-21T07:25:54.4508221+05:30","5","Process terminated:
RuleName: -
UtcTime: 2026-04-21 01:55:54.450
ProcessGuid: {a65b9ff6-d894-69e6-4d0b-000000001b00}
ProcessId: 18440
Image: C:\Windows\System32\wbem\WmiPrvSE.exe
User: NT AUTHORITY\LOCAL SERVICE"
"2026-04-21T07:25:53.5868127+05:30","5","Process terminated:
RuleName: -
UtcTime: 2026-04-21 01:55:53.586
ProcessGuid: {a65b9ff6-d8eb-69e6-590b-000000001b00}
ProcessId: 12492
Image: C:\Windows\System32\backgroundTaskHost.exe
User: LAPTOP-I8K1DAMV\rohin"
"2026-04-21T07:25:37.8232849+05:30","5","Process terminated:
RuleName: -
UtcTime: 2026-04-21 01:55:37.822
ProcessGuid: {a65b9ff6-d910-69e6-5f0b-000000001b00}
ProcessId: 3320
Image: C:\Program Files\Google\Chrome\Application\chrome.exe
User: LAPTOP-I8K1DAMV\rohin"
"2026-04-21T07:25:32.3752233+05:30","5","Process terminated:
RuleName: -
UtcTime: 2026-04-21 01:55:32.374
ProcessGuid: {a65b9ff6-d90a-69e6-5e0b-000000001b00}
ProcessId: 17808
Image: C:\Program Files\Google\Chrome\Application\chrome.exe
User: LAPTOP-I8K1DAMV\rohin"
"2026-04-21T07:25:27.5075762+05:30","5","Process terminated:
RuleName: -
UtcTime: 2026-04-21 01:55:27.507
ProcessGuid: {a65b9ff6-d894-69e6-4e0b-000000001b00}
ProcessId: 10564
Image: C:\Windows\System32\svchost.exe
User: NT AUTHORITY\SYSTEM"
"2026-04-21T07:25:27.4420566+05:30","5","Process terminated:
RuleName: -
UtcTime: 2026-04-21 01:55:27.441
ProcessGuid: {a65b9ff6-d905-69e6-5c0b-000000001b00}
ProcessId: 13344
Image: C:\Program Files\Google\Chrome\Application\chrome.exe
User: LAPTOP-I8K1DAMV\rohin"
"2026-04-21T07:25:21.5724829+05:30","5","Process terminated:
RuleName: -
UtcTime: 2026-04-21 01:55:21.572
ProcessGuid: {a65b9ff6-d905-69e6-5d0b-000000001b00}
ProcessId: 13360
Image: C:\Program Files\Google\Chrome\Application\chrome.exe
User: LAPTOP-I8K1DAMV\rohin"
"2026-04-21T07:25:16.3962636+05:30","5","Process terminated:
RuleName: -
UtcTime: 2026-04-21 01:55:16.395
ProcessGuid: {a65b9ff6-d8f0-69e6-5b0b-000000001b00}
ProcessId: 22440
Image: C:\Program Files\Google\Chrome\Application\chrome.exe
User: LAPTOP-I8K1DAMV\rohin"
"2026-04-21T07:25:14.4828474+05:30","5","Process terminated:
RuleName: -
UtcTime: 2026-04-21 01:55:14.481
ProcessGuid: {a65b9ff6-d8ec-69e6-5a0b-000000001b00}
ProcessId: 17620
Image: C:\Program Files\Microsoft Office\root\Office16\SDXHelper.exe
User: LAPTOP-I8K1DAMV\rohin"
"2026-04-21T07:25:00.3799615+05:30","5","Process terminated:
RuleName: -
UtcTime: 2026-04-21 01:55:00.379
ProcessGuid: {a65b9ff6-d844-69e6-480b-000000001b00}
ProcessId: 13876
Image: C:\Program Files\Google\Chrome\Application\chrome.exe
User: LAPTOP-I8K1DAMV\rohin"
"2026-04-21T07:24:55.5216056+05:30","5","Process terminated:
RuleName: -
UtcTime: 2026-04-21 01:54:55.517
ProcessGuid: {a65b9ff6-d8eb-69e6-580b-000000001b00}
ProcessId: 4652
Image: C:\Program Files\Microsoft Office\root\Office16\SDXHelper.exe
User: LAPTOP-I8K1DAMV\rohin"
"2026-04-21T07:24:36.4005106+05:30","5","Process terminated:
RuleName: -
UtcTime: 2026-04-21 01:54:36.399
ProcessGuid: {a65b9ff6-d8d3-69e6-560b-000000001b00}
ProcessId: 25268
Image: C:\Program Files\Google\Chrome\Application\chrome.exe
User: LAPTOP-I8K1DAMV\rohin"
"2026-04-21T07:24:30.7550730+05:30","5","Process terminated:
RuleName: -
UtcTime: 2026-04-21 01:54:30.754
ProcessGuid: {a65b9ff6-d8ce-69e6-550b-000000001b00}
ProcessId: 15412
Image: C:\Program Files\Google\Chrome\Application\chrome.exe
User: LAPTOP-I8K1DAMV\rohin"
"2026-04-21T07:24:26.1476809+05:30","5","Process terminated:
RuleName: -
UtcTime: 2026-04-21 01:54:26.146
ProcessGuid: {a65b9ff6-d8c9-69e6-540b-000000001b00}
ProcessId: 7560
Image: C:\Program Files\Google\Chrome\Application\chrome.exe
User: LAPTOP-I8K1DAMV\rohin"
"2026-04-21T07:24:25.1684976+05:30","5","Process terminated:
RuleName: -
UtcTime: 2026-04-21 01:54:25.167
ProcessGuid: {a65b9ff6-d8a9-69e6-510b-000000001b00}
ProcessId: 8520
Image: C:\Windows\System32\RuntimeBroker.exe
User: LAPTOP-I8K1DAMV\rohin"
"2026-04-21T07:24:21.7247640+05:30","5","Process terminated:
RuleName: -
UtcTime: 2026-04-21 01:54:21.721
ProcessGuid: {a65b9ff6-d8c3-69e6-520b-000000001b00}
ProcessId: 7016
Image: C:\Program Files\Google\Chrome\Application\chrome.exe
User: LAPTOP-I8K1DAMV\rohin"
"2026-04-21T07:24:16.1976646+05:30","5","Process terminated:
RuleName: -
UtcTime: 2026-04-21 01:54:16.196
ProcessGuid: {a65b9ff6-d8c3-69e6-530b-000000001b00}
ProcessId: 5348
Image: C:\Program Files\Google\Chrome\Application\chrome.exe
User: LAPTOP-I8K1DAMV\rohin"
"2026-04-21T07:24:10.2917091+05:30","5","Process terminated:
RuleName: -
UtcTime: 2026-04-21 01:54:10.290
ProcessGuid: {a65b9ff6-d8a7-69e6-4f0b-000000001b00}
ProcessId: 5660
Image: C:\Program Files\Google\Chrome\Application\chrome.exe
User: LAPTOP-I8K1DAMV\rohin"
"2026-04-21T07:23:55.0199243+05:30","5","Process terminated:
RuleName: -
UtcTime: 2026-04-21 01:53:55.019
ProcessGuid: {a65b9ff6-d7fe-69e6-3a0b-000000001b00}
ProcessId: 27376
Image: C:\Windows\System32\svchost.exe
User: NT AUTHORITY\SYSTEM"
"2026-04-21T07:23:45.1574641+05:30","5","Process terminated:
RuleName: -
UtcTime: 2026-04-21 01:53:45.156
ProcessGuid: {a65b9ff6-d8a8-69e6-500b-000000001b00}
ProcessId: 20916
Image: C:\Program Files\Adobe\Acrobat DC\Acrobat\RDCNotificationClient\FullTrustNotifier.exe
User: LAPTOP-I8K1DAMV\rohin"
"2026-04-21T07:22:32.1568539+05:30","5","Process terminated:
RuleName: -
UtcTime: 2026-04-21 01:52:32.156
ProcessGuid: {a65b9ff6-d850-69e6-4c0b-000000001b00}
ProcessId: 26196
Image: C:\Program Files\Google\Chrome\Application\chrome.exe
User: LAPTOP-I8K1DAMV\rohin"
"2026-04-21T07:22:16.9221479+05:30","5","Process terminated:
RuleName: -
UtcTime: 2026-04-21 01:52:16.921
ProcessGuid: {a65b9ff6-d825-69e6-450b-000000001b00}
ProcessId: 20836
Image: C:\Program Files\Google\Chrome\Application\chrome.exe
User: LAPTOP-I8K1DAMV\rohin"
"2026-04-21T07:22:16.9135441+05:30","5","Process terminated:
RuleName: -
UtcTime: 2026-04-21 01:52:16.913
ProcessGuid: {a65b9ff6-cd42-69e6-9509-000000001b00}
ProcessId: 6352
Image: C:\Program Files\Google\Chrome\Application\chrome.exe
User: LAPTOP-I8K1DAMV\rohin"
"2026-04-21T07:21:53.5495869+05:30","5","Process terminated:
RuleName: -
UtcTime: 2026-04-21 01:51:53.548
ProcessGuid: {a65b9ff6-d794-69e6-370b-000000001b00}
ProcessId: 20112
Image: C:\Windows\System32\wbem\WmiPrvSE.exe
User: NT AUTHORITY\LOCAL SERVICE"
"2026-04-21T07:21:37.2623211+05:30","5","Process terminated:
RuleName: -
UtcTime: 2026-04-21 01:51:37.261
ProcessGuid: {a65b9ff6-d824-69e6-410b-000000001b00}
ProcessId: 6180
Image: C:\Program Files\Google\Chrome\Application\chrome.exe
User: LAPTOP-I8K1DAMV\rohin"
"2026-04-21T07:21:37.2555380+05:30","5","Process terminated:
RuleName: -
UtcTime: 2026-04-21 01:51:37.255
ProcessGuid: {a65b9ff6-d825-69e6-430b-000000001b00}
ProcessId: 20712
Image: C:\Program Files\Google\Chrome\Application\chrome.exe
User: LAPTOP-I8K1DAMV\rohin"
"2026-04-21T07:21:31.2602728+05:30","5","Process terminated:
RuleName: -
UtcTime: 2026-04-21 01:51:31.259
ProcessGuid: {a65b9ff6-d81e-69e6-3e0b-000000001b00}
ProcessId: 19340
Image: C:\Program Files\Google\Chrome\Application\chrome.exe
User: LAPTOP-I8K1DAMV\rohin"
"2026-04-21T07:21:31.2558493+05:30","5","Process terminated:
RuleName: -
UtcTime: 2026-04-21 01:51:31.254
ProcessGuid: {a65b9ff6-d81e-69e6-3d0b-000000001b00}
ProcessId: 19956
Image: C:\Program Files\Google\Chrome\Application\chrome.exe
User: LAPTOP-I8K1DAMV\rohin"
"2026-04-21T07:21:14.9950805+05:30","5","Process terminated:
RuleName: -
UtcTime: 2026-04-21 01:51:14.994
ProcessGuid: {a65b9ff6-d7fe-69e6-390b-000000001b00}
ProcessId: 17236
Image: C:\Windows\System32\svchost.exe
User: NT AUTHORITY\LOCAL SERVICE"
"2026-04-21T07:21:11.8117067+05:30","5","Process terminated:
RuleName: -
UtcTime: 2026-04-21 01:51:11.811
ProcessGuid: {a65b9ff6-d794-69e6-380b-000000001b00}
ProcessId: 26952
Image: C:\Windows\System32\svchost.exe
User: NT AUTHORITY\SYSTEM"
"2026-04-21T07:21:02.0765919+05:30","5","Process terminated:
RuleName: -
UtcTime: 2026-04-21 01:51:02.075
ProcessGuid: {a65b9ff6-d805-69e6-3b0b-000000001b00}
ProcessId: 23944
Image: C:\Windows\System32\taskhostw.exe
User: LAPTOP-I8K1DAMV\rohin"
"2026-04-21T07:21:02.0765071+05:30","5","Process terminated:
RuleName: -
UtcTime: 2026-04-21 01:51:02.075
ProcessGuid: {a65b9ff6-d805-69e6-3c0b-000000001b00}
ProcessId: 4828
Image: C:\Windows\SystemApps\MicrosoftWindows.Client.CBS_cw5n1h2txyewy\SoftLandingTask\SoftLandingTask.exe
User: LAPTOP-I8K1DAMV\rohin"
"2026-04-21T07:17:38.6086845+05:30","5","Process terminated:
RuleName: -
UtcTime: 2026-04-21 01:47:38.603
ProcessGuid: {a65b9ff6-d72c-69e6-330b-000000001b00}
ProcessId: 26552
Image: C:\Program Files (x86)\Google\GoogleUpdater\148.0.7730.0\updater.exe
User: NT AUTHORITY\SYSTEM"
"2026-04-21T07:17:38.6086191+05:30","5","Process terminated:
RuleName: -
UtcTime: 2026-04-21 01:47:38.603
ProcessGuid: {a65b9ff6-d72c-69e6-350b-000000001b00}
ProcessId: 17384
Image: C:\Program Files (x86)\Google\GoogleUpdater\148.0.7730.0\updater.exe
User: NT AUTHORITY\SYSTEM"
"2026-04-21T07:17:38.6007713+05:30","5","Process terminated:
RuleName: -
UtcTime: 2026-04-21 01:47:38.598
ProcessGuid: {a65b9ff6-d72c-69e6-320b-000000001b00}
ProcessId: 18584
Image: C:\Program Files (x86)\Google\GoogleUpdater\148.0.7730.0\updater.exe
User: NT AUTHORITY\SYSTEM"
"2026-04-21T07:17:38.6006717+05:30","5","Process terminated:
RuleName: -
UtcTime: 2026-04-21 01:47:38.598
ProcessGuid: {a65b9ff6-d72c-69e6-340b-000000001b00}
ProcessId: 17368
Image: C:\Program Files (x86)\Google\GoogleUpdater\148.0.7730.0\updater.exe
User: NT AUTHORITY\SYSTEM"
"2026-04-21T07:17:28.6045020+05:30","5","Process terminated:
RuleName: -
UtcTime: 2026-04-21 01:47:28.604
ProcessGuid: {a65b9ff6-d72c-69e6-310b-000000001b00}
ProcessId: 10344
Image: C:\Program Files (x86)\Google\GoogleUpdater\148.0.7730.0\updater.exe
User: NT AUTHORITY\SYSTEM"
"2026-04-21T07:17:28.5950815+05:30","5","Process terminated:
RuleName: -
UtcTime: 2026-04-21 01:47:28.590
ProcessGuid: {a65b9ff6-d72c-69e6-300b-000000001b00}
ProcessId: 16632
Image: C:\Program Files (x86)\Google\GoogleUpdater\148.0.7730.0\updater.exe
User: NT AUTHORITY\SYSTEM"
"2026-04-21T07:17:23.4098072+05:30","5","Process terminated:
RuleName: -
UtcTime: 2026-04-21 01:47:23.409
ProcessGuid: {a65b9ff6-d6a4-69e6-2a0b-000000001b00}
ProcessId: 11380
Image: C:\Windows\System32\wbem\WmiPrvSE.exe
User: NT AUTHORITY\LOCAL SERVICE"
"2026-04-21T07:17:07.1848983+05:30","5","Process terminated:
RuleName: -
UtcTime: 2026-04-21 01:47:07.184
ProcessGuid: {a65b9ff6-d6f2-69e6-2e0b-000000001b00}
ProcessId: 16456
Image: C:\Windows\System32\RuntimeBroker.exe
User: LAPTOP-I8K1DAMV\rohin"
"2026-04-21T07:16:58.5527158+05:30","5","Process terminated:
RuleName: -
UtcTime: 2026-04-21 01:46:58.551
ProcessGuid: {a65b9ff6-d6f3-69e6-2f0b-000000001b00}
ProcessId: 6940
Image: C:\Windows\System32\sppsvc.exe
User: NT AUTHORITY\NETWORK SERVICE"
"2026-04-21T07:16:42.0692225+05:30","5","Process terminated:
RuleName: -
UtcTime: 2026-04-21 01:46:42.064
ProcessGuid: {a65b9ff6-d56c-69e6-200b-000000001b00}
ProcessId: 16016
Image: C:\Program Files\Google\Chrome\Application\chrome.exe
User: LAPTOP-I8K1DAMV\rohin"
"2026-04-21T07:16:41.6493851+05:30","5","Process terminated:
RuleName: -
UtcTime: 2026-04-21 01:46:41.647
ProcessGuid: {a65b9ff6-d6a4-69e6-2b0b-000000001b00}
ProcessId: 18712
Image: C:\Windows\System32\svchost.exe
User: NT AUTHORITY\SYSTEM"
"2026-04-21T07:16:31.6649345+05:30","5","Process terminated:
RuleName: -
UtcTime: 2026-04-21 01:46:31.664
ProcessGuid: {a65b9ff6-d564-69e6-fd0a-000000001b00}
ProcessId: 27140
Image: C:\Windows\System32\svchost.exe
User: NT AUTHORITY\SYSTEM"
"2026-04-21T07:16:29.9065915+05:30","5","Process terminated:
RuleName: -
UtcTime: 2026-04-21 01:46:29.906
ProcessGuid: {a65b9ff6-d6f2-69e6-2c0b-000000001b00}
ProcessId: 22892
Image: C:\Windows\System32\taskhostw.exe
User: NT AUTHORITY\SYSTEM"
"2026-04-21T07:16:27.1552339+05:30","5","Process terminated:
RuleName: -
UtcTime: 2026-04-21 01:46:27.154
ProcessGuid: {a65b9ff6-d6f2-69e6-2d0b-000000001b00}
ProcessId: 26856
Image: C:\Windows\System32\backgroundTaskHost.exe
User: LAPTOP-I8K1DAMV\rohin"
"2026-04-21T07:15:22.6096420+05:30","5","Process terminated:
RuleName: -
UtcTime: 2026-04-21 01:45:22.608
ProcessGuid: {a65b9ff6-d564-69e6-fe0a-000000001b00}
ProcessId: 27012
Image: C:\Windows\System32\svchost.exe
User: NT AUTHORITY\SYSTEM"
"2026-04-21T07:15:17.6887672+05:30","5","Process terminated:
RuleName: -
UtcTime: 2026-04-21 01:45:17.677
ProcessGuid: {a65b9ff6-d455-69e6-f30a-000000001b00}
ProcessId: 6356
Image: C:\Windows\System32\svchost.exe
User: NT AUTHORITY\SYSTEM"
"2026-04-21T07:15:02.2536315+05:30","5","Process terminated:
RuleName: -
UtcTime: 2026-04-21 01:45:02.253
ProcessGuid: {a65b9ff6-d455-69e6-f40a-000000001b00}
ProcessId: 4716
Image: C:\Windows\System32\smartscreen.exe
User: LAPTOP-I8K1DAMV\rohin"
"2026-04-21T07:13:48.6031398+05:30","5","Process terminated:
RuleName: -
UtcTime: 2026-04-21 01:43:48.601
ProcessGuid: {a65b9ff6-d56a-69e6-1e0b-000000001b00}
ProcessId: 27092
Image: C:\Windows\System32\svchost.exe
User: NT AUTHORITY\SYSTEM"
"2026-04-21T07:13:23.2443926+05:30","5","Process terminated:
RuleName: -
UtcTime: 2026-04-21 01:43:23.243
ProcessGuid: {a65b9ff6-d5b4-69e6-280b-000000001b00}
ProcessId: 18220
Image: C:\Windows\System32\wbem\WmiPrvSE.exe
User: NT AUTHORITY\LOCAL SERVICE"
"2026-04-21T07:12:41.5072305+05:30","5","Process terminated:
RuleName: -
UtcTime: 2026-04-21 01:42:41.506
ProcessGuid: {a65b9ff6-d5b4-69e6-290b-000000001b00}
ProcessId: 6180
Image: C:\Windows\System32\svchost.exe
User: NT AUTHORITY\SYSTEM"
"2026-04-21T07:12:01.6135782+05:30","5","Process terminated:
RuleName: -
UtcTime: 2026-04-21 01:42:01.612
ProcessGuid: {a65b9ff6-d586-69e6-260b-000000001b00}
ProcessId: 14488
Image: C:\Windows\System32\RuntimeBroker.exe
User: LAPTOP-I8K1DAMV\rohin"
"2026-04-21T07:11:31.6023396+05:30","5","Process terminated:
RuleName: -
UtcTime: 2026-04-21 01:41:31.597
ProcessGuid: {a65b9ff6-d585-69e6-250b-000000001b00}
ProcessId: 13248
Image: C:\Windows\System32\backgroundTaskHost.exe
User: LAPTOP-I8K1DAMV\rohin"
"2026-04-21T07:11:13.4121007+05:30","5","Process terminated:
RuleName: -
UtcTime: 2026-04-21 01:41:13.411
ProcessGuid: {a65b9ff6-d5b4-69e6-270b-000000001b00}
ProcessId: 18224
Image: C:\Windows\System32\dllhost.exe
User: LAPTOP-I8K1DAMV\rohin"
"2026-04-21T07:10:55.2943715+05:30","5","Process terminated:
RuleName: -
UtcTime: 2026-04-21 01:40:55.293
ProcessGuid: {a65b9ff6-d565-69e6-000b-000000001b00}
ProcessId: 15388
Image: C:\Windows\System32\RuntimeBroker.exe
User: LAPTOP-I8K1DAMV\rohin"
"2026-04-21T07:10:48.9045073+05:30","5","Process terminated:
RuleName: -
UtcTime: 2026-04-21 01:40:48.904
ProcessGuid: {a65b9ff6-d564-69e6-ff0a-000000001b00}
ProcessId: 23044
Image: C:\Windows\System32\svchost.exe
User: NT AUTHORITY\SYSTEM"
"2026-04-21T07:10:25.2819539+05:30","5","Process terminated:
RuleName: -
UtcTime: 2026-04-21 01:40:25.281
ProcessGuid: {a65b9ff6-d564-69e6-fc0a-000000001b00}
ProcessId: 17156
Image: C:\Program Files\WindowsApps\microsoft.windowscommunicationsapps_16005.14326.22342.0_x64__8wekyb3d8bbwe\HxTsr.exe
User: LAPTOP-I8K1DAMV\rohin"
"2026-04-21T07:10:21.9347560+05:30","5","Process terminated:
RuleName: -
UtcTime: 2026-04-21 01:40:21.934
ProcessGuid: {a65b9ff6-d585-69e6-240b-000000001b00}
ProcessId: 25116
Image: C:\Windows\System32\taskhostw.exe
User: LAPTOP-I8K1DAMV\rohin"
"2026-04-21T07:10:21.5182787+05:30","5","Process terminated:
RuleName: -
UtcTime: 2026-04-21 01:40:21.512
ProcessGuid: {a65b9ff6-d567-69e6-0a0b-000000001b00}
ProcessId: 25884
Image: C:\Windows\System32\svchost.exe
User: NT AUTHORITY\SYSTEM"
"2026-04-21T07:10:11.7237396+05:30","5","Process terminated:
RuleName: -
UtcTime: 2026-04-21 01:40:11.722
ProcessGuid: {a65b9ff6-d567-69e6-060b-000000001b00}
ProcessId: 19760
Image: C:\Windows\System32\svchost.exe
User: NT AUTHORITY\LOCAL SERVICE"
"2026-04-21T07:10:01.5312224+05:30","5","Process terminated:
RuleName: -
UtcTime: 2026-04-21 01:40:01.521
ProcessGuid: {a65b9ff6-d571-69e6-230b-000000001b00}
ProcessId: 5660
Image: C:\Windows\System32\SecurityHealth\10.0.29554.1001-0\SecurityHealthHost.exe
User: LAPTOP-I8K1DAMV\rohin"
"2026-04-21T07:09:57.7635314+05:30","5","Process terminated:
RuleName: -
UtcTime: 2026-04-21 01:39:57.760
ProcessGuid: {a65b9ff6-cdba-69e6-b309-000000001b00}
ProcessId: 22140
Image: C:\Program Files\Google\Chrome\Application\chrome.exe
User: LAPTOP-I8K1DAMV\rohin"
"2026-04-21T07:09:57.7505191+05:30","5","Process terminated:
RuleName: -
UtcTime: 2026-04-21 01:39:57.750
ProcessGuid: {a65b9ff6-d56c-69e6-1f0b-000000001b00}
ProcessId: 20924
Image: C:\Program Files\Google\Chrome\Application\chrome.exe
User: LAPTOP-I8K1DAMV\rohin"
"2026-04-21T07:09:57.7474522+05:30","5","Process terminated:
RuleName: -
UtcTime: 2026-04-21 01:39:57.745
ProcessGuid: {a65b9ff6-d56d-69e6-220b-000000001b00}
ProcessId: 19796
Image: C:\Program Files\Google\Chrome\Application\chrome.exe
User: LAPTOP-I8K1DAMV\rohin"
"2026-04-21T07:09:55.4936229+05:30","5","Process terminated:
RuleName: -
UtcTime: 2026-04-21 01:39:55.492
ProcessGuid: {a65b9ff6-d566-69e6-020b-000000001b00}
ProcessId: 21432
Image: C:\Windows\System32\svchost.exe
User: LAPTOP-I8K1DAMV\rohin"
"2026-04-21T07:09:54.9432066+05:30","5","Process terminated:
RuleName: -
UtcTime: 2026-04-21 01:39:54.942
ProcessGuid: {a65b9ff6-d565-69e6-010b-000000001b00}
ProcessId: 23344
Image: C:\Windows\System32\ctfmon.exe
User: NT AUTHORITY\SYSTEM"
"2026-04-21T07:09:52.5018533+05:30","5","Process terminated:
RuleName: -
UtcTime: 2026-04-21 01:39:52.500
ProcessGuid: {a65b9ff6-d567-69e6-050b-000000001b00}
ProcessId: 27468
Image: C:\Program Files\AMD\CIM\Bin64\InstallManagerApp.exe
User: LAPTOP-I8K1DAMV\rohin"
"2026-04-21T07:09:52.4978737+05:30","5","Process terminated:
RuleName: -
UtcTime: 2026-04-21 01:39:52.496
ProcessGuid: {a65b9ff6-d568-69e6-1c0b-000000001b00}
ProcessId: 17012
Image: C:\Windows\System32\conhost.exe
User: LAPTOP-I8K1DAMV\rohin"
"2026-04-21T07:09:52.4942711+05:30","5","Process terminated:
RuleName: -
UtcTime: 2026-04-21 01:39:52.492
ProcessGuid: {a65b9ff6-d568-69e6-1b0b-000000001b00}
ProcessId: 2368
Image: C:\Windows\System32\cmd.exe
User: LAPTOP-I8K1DAMV\rohin"
"2026-04-21T07:09:52.4891442+05:30","5","Process terminated:
RuleName: -
UtcTime: 2026-04-21 01:39:52.482
ProcessGuid: {a65b9ff6-d568-69e6-1d0b-000000001b00}
ProcessId: 17764
Image: C:\Windows\System32\schtasks.exe
User: LAPTOP-I8K1DAMV\rohin"
"2026-04-21T07:09:52.3984034+05:30","5","Process terminated:
RuleName: -
UtcTime: 2026-04-21 01:39:52.389
ProcessGuid: {a65b9ff6-d568-69e6-1a0b-000000001b00}
ProcessId: 9840
Image: C:\Windows\System32\conhost.exe
User: LAPTOP-I8K1DAMV\rohin"
"2026-04-21T07:09:52.3961437+05:30","5","Process terminated:
RuleName: -
UtcTime: 2026-04-21 01:39:52.389
ProcessGuid: {a65b9ff6-d568-69e6-180b-000000001b00}
ProcessId: 16980
Image: C:\Windows\System32\schtasks.exe
User: LAPTOP-I8K1DAMV\rohin"
"2026-04-21T07:09:52.3959620+05:30","5","Process terminated:
RuleName: -
UtcTime: 2026-04-21 01:39:52.389
ProcessGuid: {a65b9ff6-d567-69e6-040b-000000001b00}
ProcessId: 25968
Image: C:\Program Files\AMD\CIM\Bin64\InstallManagerApp.exe
User: LAPTOP-I8K1DAMV\rohin"
"2026-04-21T07:09:52.3743645+05:30","5","Process terminated:
RuleName: -
UtcTime: 2026-04-21 01:39:52.369
ProcessGuid: {a65b9ff6-d568-69e6-190b-000000001b00}
ProcessId: 15288
Image: C:\Windows\System32\conhost.exe
User: LAPTOP-I8K1DAMV\rohin"
"2026-04-21T07:09:52.3711839+05:30","5","Process terminated:
RuleName: -
UtcTime: 2026-04-21 01:39:52.369
ProcessGuid: {a65b9ff6-d568-69e6-170b-000000001b00}
ProcessId: 27404
Image: C:\Windows\System32\schtasks.exe
User: LAPTOP-I8K1DAMV\rohin"
"2026-04-21T07:09:52.2855218+05:30","5","Process terminated:
RuleName: -
UtcTime: 2026-04-21 01:39:52.277
ProcessGuid: {a65b9ff6-d568-69e6-150b-000000001b00}
ProcessId: 11368
Image: C:\Windows\System32\conhost.exe
User: LAPTOP-I8K1DAMV\rohin"
"2026-04-21T07:09:52.2816592+05:30","5","Process terminated:
RuleName: -
UtcTime: 2026-04-21 01:39:52.277
ProcessGuid: {a65b9ff6-d568-69e6-140b-000000001b00}
ProcessId: 4420
Image: C:\Windows\System32\cmd.exe
User: LAPTOP-I8K1DAMV\rohin"
"2026-04-21T07:09:52.2763683+05:30","5","Process terminated:
RuleName: -
UtcTime: 2026-04-21 01:39:52.276
ProcessGuid: {a65b9ff6-d568-69e6-160b-000000001b00}
ProcessId: 27208
Image: C:\Windows\System32\schtasks.exe
User: LAPTOP-I8K1DAMV\rohin"
"2026-04-21T07:09:52.1483768+05:30","5","Process terminated:
RuleName: -
UtcTime: 2026-04-21 01:39:52.138
ProcessGuid: {a65b9ff6-d567-69e6-120b-000000001b00}
ProcessId: 25464
Image: C:\Windows\System32\conhost.exe
User: LAPTOP-I8K1DAMV\rohin"
"2026-04-21T07:09:52.1437487+05:30","5","Process terminated:
RuleName: -
UtcTime: 2026-04-21 01:39:52.138
ProcessGuid: {a65b9ff6-d567-69e6-110b-000000001b00}
ProcessId: 20944
Image: C:\Windows\System32\cmd.exe
User: LAPTOP-I8K1DAMV\rohin"
"2026-04-21T07:09:52.1369037+05:30","5","Process terminated:
RuleName: -
UtcTime: 2026-04-21 01:39:52.136
ProcessGuid: {a65b9ff6-d568-69e6-130b-000000001b00}
ProcessId: 17364
Image: C:\Windows\System32\schtasks.exe
User: LAPTOP-I8K1DAMV\rohin"
"2026-04-21T07:09:52.0786780+05:30","5","Process terminated:
RuleName: -
UtcTime: 2026-04-21 01:39:52.072
ProcessGuid: {a65b9ff6-d0f2-69e6-a60a-000000001b00}
ProcessId: 24968
Image: C:\Windows\System32\LogonUI.exe
User: NT AUTHORITY\SYSTEM"
"2026-04-21T07:09:51.9503849+05:30","5","Process terminated:
RuleName: -
UtcTime: 2026-04-21 01:39:51.949
ProcessGuid: {a65b9ff6-d567-69e6-100b-000000001b00}
ProcessId: 15136
Image: C:\Windows\System32\conhost.exe
User: LAPTOP-I8K1DAMV\rohin"
"2026-04-21T07:09:51.9444877+05:30","5","Process terminated:
RuleName: -
UtcTime: 2026-04-21 01:39:51.943
ProcessGuid: {a65b9ff6-d567-69e6-0e0b-000000001b00}
ProcessId: 6188
Image: C:\Windows\System32\schtasks.exe
User: LAPTOP-I8K1DAMV\rohin"
"2026-04-21T07:09:51.9395017+05:30","5","Process terminated:
RuleName: -
UtcTime: 2026-04-21 01:39:51.938
ProcessGuid: {a65b9ff6-d567-69e6-030b-000000001b00}
ProcessId: 18840
Image: C:\Windows\System32\taskhostw.exe
User: NT AUTHORITY\SYSTEM"
"2026-04-21T07:09:51.8733074+05:30","5","Process terminated:
RuleName: -
UtcTime: 2026-04-21 01:39:51.870
ProcessGuid: {a65b9ff6-d567-69e6-0d0b-000000001b00}
ProcessId: 21116
Image: C:\Windows\System32\conhost.exe
User: LAPTOP-I8K1DAMV\rohin"
"2026-04-21T07:09:51.8652613+05:30","5","Process terminated:
RuleName: -
UtcTime: 2026-04-21 01:39:51.864
ProcessGuid: {a65b9ff6-d567-69e6-0c0b-000000001b00}
ProcessId: 11356
Image: C:\Windows\System32\schtasks.exe
User: LAPTOP-I8K1DAMV\rohin"
"2026-04-21T07:09:51.7059112+05:30","5","Process terminated:
RuleName: -
UtcTime: 2026-04-21 01:39:51.704
ProcessGuid: {a65b9ff6-d567-69e6-090b-000000001b00}
ProcessId: 8812
Image: C:\Windows\System32\conhost.exe
User: LAPTOP-I8K1DAMV\rohin"
"2026-04-21T07:09:51.7003018+05:30","5","Process terminated:
RuleName: -
UtcTime: 2026-04-21 01:39:51.698
ProcessGuid: {a65b9ff6-d567-69e6-070b-000000001b00}
ProcessId: 20112
Image: C:\Windows\System32\cmd.exe
User: LAPTOP-I8K1DAMV\rohin"
"2026-04-21T07:09:51.6921173+05:30","5","Process terminated:
RuleName: -
UtcTime: 2026-04-21 01:39:51.691
ProcessGuid: {a65b9ff6-d567-69e6-0b0b-000000001b00}
ProcessId: 5072
Image: C:\Windows\System32\schtasks.exe
User: LAPTOP-I8K1DAMV\rohin"
"2026-04-21T07:09:51.6194925+05:30","5","Process terminated:
RuleName: -
UtcTime: 2026-04-21 01:39:51.617
ProcessGuid: {a65b9ff6-d567-69e6-080b-000000001b00}
ProcessId: 5036
Image: C:\Windows\System32\taskhostw.exe
User: LAPTOP-I8K1DAMV\rohin"
"2026-04-21T07:09:49.6835569+05:30","5","Process terminated:
RuleName: -
UtcTime: 2026-04-21 01:39:49.682
ProcessGuid: {a65b9ff6-d1f1-69e6-b90a-000000001b00}
ProcessId: 23124
Image: C:\Windows\System32\taskhostw.exe
User: NT AUTHORITY\SYSTEM"
"2026-04-21T07:09:49.5895074+05:30","5","Process terminated:
RuleName: -
UtcTime: 2026-04-21 01:39:49.586
ProcessGuid: {a65b9ff6-d1f1-69e6-bf0a-000000001b00}
ProcessId: 12924
Image: C:\Program Files\Common Files\McAfee\TaskScheduler\McAMTaskAgent.exe
User: NT AUTHORITY\SYSTEM"
"2026-04-21T07:09:25.0970698+05:30","5","Process terminated:
RuleName: -
UtcTime: 2026-04-21 01:39:25.095
ProcessGuid: {a65b9ff6-d525-69e6-fb0a-000000001b00}
ProcessId: 20924
Image: C:\Windows\System32\RuntimeBroker.exe
User: LAPTOP-I8K1DAMV\rohin"
"2026-04-21T07:09:21.5013208+05:30","5","Process terminated:
RuleName: -
UtcTime: 2026-04-21 01:39:21.496
ProcessGuid: {a65b9ff6-d4b3-69e6-f70a-000000001b00}
ProcessId: 15132
Image: C:\Windows\System32\wbem\WmiPrvSE.exe
User: NT AUTHORITY\LOCAL SERVICE"
"2026-04-21T07:09:06.2509940+05:30","5","Process terminated:
RuleName: -
UtcTime: 2026-04-21 01:39:06.241
ProcessGuid: {a65b9ff6-d44a-69e6-f20a-000000001b00}
ProcessId: 14256
Image: C:\Windows\System32\svchost.exe
User: NT AUTHORITY\SYSTEM"
"2026-04-21T07:08:54.5305703+05:30","5","Process terminated:
RuleName: -
UtcTime: 2026-04-21 01:38:54.529
ProcessGuid: {a65b9ff6-d4b3-69e6-f80a-000000001b00}
ProcessId: 11012
Image: C:\Windows\System32\svchost.exe
User: NT AUTHORITY\SYSTEM"
"2026-04-21T07:08:45.0767560+05:30","5","Process terminated:
RuleName: -
UtcTime: 2026-04-21 01:38:45.075
ProcessGuid: {a65b9ff6-d524-69e6-fa0a-000000001b00}
ProcessId: 26344
Image: C:\Program Files\Adobe\Acrobat DC\Acrobat\RDCNotificationClient\FullTrustNotifier.exe
User: LAPTOP-I8K1DAMV\rohin"
"2026-04-21T07:08:34.2947258+05:30","5","Process terminated:
RuleName: -
UtcTime: 2026-04-21 01:38:34.291
ProcessGuid: {a65b9ff6-d4dd-69e6-f90a-000000001b00}
ProcessId: 6188
Image: C:\Windows\System32\backgroundTaskHost.exe
User: LAPTOP-I8K1DAMV\rohin"
"2026-04-21T07:06:02.0543388+05:30","5","Process terminated:
RuleName: -
UtcTime: 2026-04-21 01:36:02.053
ProcessGuid: {a65b9ff6-d481-69e6-f50a-000000001b00}
ProcessId: 21776
Image: C:\Windows\System32\taskhostw.exe
User: LAPTOP-I8K1DAMV\rohin"
"2026-04-21T07:06:02.0536525+05:30","5","Process terminated:
RuleName: -
UtcTime: 2026-04-21 01:36:02.053
ProcessGuid: {a65b9ff6-d481-69e6-f60a-000000001b00}
ProcessId: 17380
Image: C:\Windows\SystemApps\MicrosoftWindows.Client.CBS_cw5n1h2txyewy\SoftLandingTask\SoftLandingTask.exe
User: LAPTOP-I8K1DAMV\rohin"
"2026-04-21T07:05:08.6844196+05:30","5","Process terminated:
RuleName: -
UtcTime: 2026-04-21 01:35:08.679
ProcessGuid: {a65b9ff6-d1f4-69e6-d00a-000000001b00}
ProcessId: 27336
Image: C:\Windows\System32\svchost.exe
User: NT AUTHORITY\SYSTEM"
"2026-04-21T07:04:59.4068544+05:30","5","Process terminated:
RuleName: -
UtcTime: 2026-04-21 01:34:59.405
ProcessGuid: {a65b9ff6-d3b4-69e6-df0a-000000001b00}
ProcessId: 25884
Image: C:\Windows\System32\wbem\WmiPrvSE.exe
User: NT AUTHORITY\LOCAL SERVICE"
"2026-04-21T07:04:39.2866128+05:30","5","Process terminated:
RuleName: -
UtcTime: 2026-04-21 01:34:39.276
ProcessGuid: {a65b9ff6-d3b4-69e6-e00a-000000001b00}
ProcessId: 19000
Image: C:\Windows\System32\svchost.exe
User: NT AUTHORITY\SYSTEM"
"2026-04-21T07:03:02.8689918+05:30","5","Process terminated:
RuleName: -
UtcTime: 2026-04-21 01:33:02.864
ProcessGuid: {a65b9ff6-d3ca-69e6-ea0a-000000001b00}
ProcessId: 12944
Image: C:\Program Files\Common Files\McAfee\HackerWatch\hwupdchk.exe
User: NT AUTHORITY\SYSTEM"
"2026-04-21T07:03:01.5993686+05:30","5","Process terminated:
RuleName: -
UtcTime: 2026-04-21 01:33:01.596
ProcessGuid: {a65b9ff6-d3cd-69e6-f10a-000000001b00}
ProcessId: 26148
Image: C:\Program Files\Common Files\McAfee\Platform\Core\mchost.exe
User: NT AUTHORITY\SYSTEM"
"2026-04-21T07:03:01.5982999+05:30","5","Process terminated:
RuleName: -
UtcTime: 2026-04-21 01:33:01.596
ProcessGuid: {a65b9ff6-d3cc-69e6-ee0a-000000001b00}
ProcessId: 24972
Image: C:\Program Files\Common Files\McAfee\Platform\Core\mchost.exe
User: NT AUTHORITY\SYSTEM"
"2026-04-21T07:03:01.5974208+05:30","5","Process terminated:
RuleName: -
UtcTime: 2026-04-21 01:33:01.596
ProcessGuid: {a65b9ff6-d3cd-69e6-ef0a-000000001b00}
ProcessId: 17008
Image: C:\Program Files\Common Files\McAfee\Platform\Core\mchost.exe
User: NT AUTHORITY\SYSTEM"
"2026-04-21T07:03:01.5966973+05:30","5","Process terminated:
RuleName: -
UtcTime: 2026-04-21 01:33:01.596
ProcessGuid: {a65b9ff6-d3cc-69e6-ed0a-000000001b00}
ProcessId: 21636
Image: C:\Program Files\Common Files\McAfee\Platform\Core\mchost.exe
User: NT AUTHORITY\SYSTEM"
"2026-04-21T07:03:01.5956991+05:30","5","Process terminated:
RuleName: -
UtcTime: 2026-04-21 01:33:01.595
ProcessGuid: {a65b9ff6-d3cc-69e6-eb0a-000000001b00}
ProcessId: 25268
Image: C:\Program Files\Common Files\McAfee\Platform\Core\mchost.exe
User: NT AUTHORITY\SYSTEM"
"2026-04-21T07:03:01.5955315+05:30","5","Process terminated:
RuleName: -
UtcTime: 2026-04-21 01:33:01.595
ProcessGuid: {a65b9ff6-d3cc-69e6-ec0a-000000001b00}
ProcessId: 5828
Image: C:\Program Files\Common Files\McAfee\Platform\Core\mchost.exe
User: NT AUTHORITY\SYSTEM"
"2026-04-21T07:02:59.3488962+05:30","5","Process terminated:
RuleName: -
UtcTime: 2026-04-21 01:32:59.340
ProcessGuid: {a65b9ff6-d3ca-69e6-e80a-000000001b00}
ProcessId: 17516
Image: C:\Program Files\McAfee\MQS\QcShm.exe
User: NT AUTHORITY\SYSTEM"
"2026-04-21T07:02:59.3487665+05:30","5","Process terminated:
RuleName: -
UtcTime: 2026-04-21 01:32:59.340
ProcessGuid: {a65b9ff6-d3ca-69e6-e90a-000000001b00}
ProcessId: 22448
Image: C:\Program Files\Common Files\McAfee\Platform\Core\mchost.exe
User: NT AUTHORITY\SYSTEM"
"2026-04-21T07:02:59.3474954+05:30","5","Process terminated:
RuleName: -
UtcTime: 2026-04-21 01:32:59.340
ProcessGuid: {a65b9ff6-d3c9-69e6-e70a-000000001b00}
ProcessId: 14700
Image: C:\Program Files\Common Files\McAfee\Platform\Core\mchost.exe
User: NT AUTHORITY\SYSTEM"
"2026-04-21T07:02:58.6025094+05:30","5","Process terminated:
RuleName: -
UtcTime: 2026-04-21 01:32:58.601
ProcessGuid: {a65b9ff6-d3c5-69e6-e20a-000000001b00}
ProcessId: 17756
Image: C:\Program Files\Common Files\McAfee\UPDMGR\10.5.139.1\mcupdatemgr.exe
User: NT AUTHORITY\SYSTEM"
"2026-04-21T07:02:58.5798125+05:30","5","Process terminated:
RuleName: -
UtcTime: 2026-04-21 01:32:58.570
ProcessGuid: {a65b9ff6-d3c9-69e6-e60a-000000001b00}
ProcessId: 22760
Image: C:\Program Files\Common Files\McAfee\Platform\Core\mchost.exe
User: NT AUTHORITY\SYSTEM"
"2026-04-21T07:02:58.5780156+05:30","5","Process terminated:
RuleName: -
UtcTime: 2026-04-21 01:32:58.570
ProcessGuid: {a65b9ff6-d3c9-69e6-e50a-000000001b00}
ProcessId: 26232
Image: C:\Program Files\Common Files\McAfee\Platform\Core\mchost.exe
User: NT AUTHORITY\SYSTEM"
"2026-04-21T07:02:58.5771565+05:30","5","Process terminated:
RuleName: -
UtcTime: 2026-04-21 01:32:58.570
ProcessGuid: {a65b9ff6-d3c9-69e6-e40a-000000001b00}
ProcessId: 13100
Image: C:\Program Files\Common Files\McAfee\Platform\Core\mchost.exe
User: NT AUTHORITY\SYSTEM"
"2026-04-21T07:02:58.5770705+05:30","5","Process terminated:
RuleName: -
UtcTime: 2026-04-21 01:32:58.570
ProcessGuid: {a65b9ff6-d3c9-69e6-e30a-000000001b00}
ProcessId: 12360
Image: C:\Program Files\Common Files\McAfee\Platform\Core\mchost.exe
User: NT AUTHORITY\SYSTEM"
"2026-04-21T07:02:54.2746931+05:30","5","Process terminated:
RuleName: -
UtcTime: 2026-04-21 01:32:54.263
ProcessGuid: {a65b9ff6-d3c5-69e6-e10a-000000001b00}
ProcessId: 9572
Image: C:\Program Files\McAfee.com\Agent\mcupdate.exe
User: NT AUTHORITY\SYSTEM"
"2026-04-21T07:01:52.3637811+05:30","5","Process terminated:
RuleName: -
UtcTime: 2026-04-21 01:31:52.356
ProcessGuid: {a65b9ff6-d0f4-69e6-a90a-000000001b00}
ProcessId: 24860
Image: C:\Windows\System32\svchost.exe
User: NT AUTHORITY\SYSTEM"
"2026-04-21T07:00:51.1084410+05:30","5","Process terminated:
RuleName: -
UtcTime: 2026-04-21 01:30:51.103
ProcessGuid: {a65b9ff6-d2b5-69e6-dc0a-000000001b00}
ProcessId: 21848
Image: C:\Windows\System32\wbem\WmiPrvSE.exe
User: NT AUTHORITY\LOCAL SERVICE"
"2026-04-21T07:00:24.1223752+05:30","5","Process terminated:
RuleName: -
UtcTime: 2026-04-21 01:30:24.119
ProcessGuid: {a65b9ff6-d2b5-69e6-dd0a-000000001b00}
ProcessId: 17008
Image: C:\Windows\System32\svchost.exe
User: NT AUTHORITY\SYSTEM"
"2026-04-21T07:00:17.8933077+05:30","5","Process terminated:
RuleName: -
UtcTime: 2026-04-21 01:30:17.889
ProcessGuid: {a65b9ff6-d1f1-69e6-ba0a-000000001b00}
ProcessId: 20932
Image: C:\Windows\System32\svchost.exe
User: NT AUTHORITY\SYSTEM"
"2026-04-21T06:58:18.6825099+05:30","5","Process terminated:
RuleName: -
UtcTime: 2026-04-21 01:28:18.677
ProcessGuid: {a65b9ff6-d2b2-69e6-db0a-000000001b00}
ProcessId: 7016
Image: C:\Windows\System32\conhost.exe
User: NT AUTHORITY\LOCAL SERVICE"
"2026-04-21T06:58:18.6804805+05:30","5","Process terminated:
RuleName: -
UtcTime: 2026-04-21 01:28:18.677
ProcessGuid: {a65b9ff6-d2b2-69e6-da0a-000000001b00}
ProcessId: 22892
Image: C:\Windows\System32\appidcertstorecheck.exe
User: NT AUTHORITY\LOCAL SERVICE"
"2026-04-21T06:58:11.8333841+05:30","5","Process terminated:
RuleName: -
UtcTime: 2026-04-21 01:28:11.823
ProcessGuid: {a65b9ff6-d1f2-69e6-c80a-000000001b00}
ProcessId: 21024
Image: C:\Windows\System32\svchost.exe
User: NT AUTHORITY\SYSTEM"
"2026-04-21T06:58:02.7809750+05:30","5","Process terminated:
RuleName: -
UtcTime: 2026-04-21 01:28:02.776
ProcessGuid: {a65b9ff6-d1f6-69e6-d30a-000000001b00}
ProcessId: 2140
Image: C:\Windows\System32\RuntimeBroker.exe
User: LAPTOP-I8K1DAMV\rohin"
"2026-04-21T06:57:52.6597669+05:30","5","Process terminated:
RuleName: -
UtcTime: 2026-04-21 01:27:52.654
ProcessGuid: {a65b9ff6-d1f4-69e6-d10a-000000001b00}
ProcessId: 6800
Image: C:\Windows\System32\wbem\WmiPrvSE.exe
User: NT AUTHORITY\NETWORK SERVICE"
"2026-04-21T06:57:32.7639211+05:30","5","Process terminated:
RuleName: -
UtcTime: 2026-04-21 01:27:32.763
ProcessGuid: {a65b9ff6-d1f5-69e6-d20a-000000001b00}
ProcessId: 17872
Image: C:\Windows\System32\backgroundTaskHost.exe
User: LAPTOP-I8K1DAMV\rohin"
"2026-04-21T06:57:07.6570957+05:30","5","Process terminated:
RuleName: -
UtcTime: 2026-04-21 01:27:07.649
ProcessGuid: {a65b9ff6-d1f3-69e6-c90a-000000001b00}
ProcessId: 20156
Image: C:\Windows\System32\svchost.exe
User: NT AUTHORITY\SYSTEM"
"2026-04-21T06:57:06.5327433+05:30","5","Process terminated:
RuleName: -
UtcTime: 2026-04-21 01:27:06.517
ProcessGuid: {a65b9ff6-d26a-69e6-d90a-000000001b00}
ProcessId: 24052
Image: C:\Windows\System32\DeviceCensus.exe
User: LAPTOP-I8K1DAMV\rohin"
"2026-04-21T06:56:52.6451269+05:30","5","Process terminated:
RuleName: -
UtcTime: 2026-04-21 01:26:52.640
ProcessGuid: {a65b9ff6-d1b5-69e6-b60a-000000001b00}
ProcessId: 27404
Image: C:\Windows\System32\wbem\WmiPrvSE.exe
User: NT AUTHORITY\LOCAL SERVICE"
"2026-04-21T06:56:36.8576709+05:30","5","Process terminated:
RuleName: -
UtcTime: 2026-04-21 01:26:36.852
ProcessGuid: {a65b9ff6-d210-69e6-d50a-000000001b00}
ProcessId: 11104
Image: C:\Windows\System32\backgroundTaskHost.exe
User: LAPTOP-I8K1DAMV\rohin"
