"2026-04-21T13:18:18.1764664+05:30","5","Process terminated:
RuleName: -
UtcTime: 2026-04-21 07:48:18.175
ProcessGuid: {a65b9ff6-2bc1-69e7-7c0f-000000001b00}
ProcessId: 30580
Image: C:\Windows\System32\WindowsPowerShell\v1.0\powershell.exe
User: LAPTOP-I8K1DAMV\rohin"
"2026-04-21T13:18:17.4561775+05:30","5","Process terminated:
RuleName: -
UtcTime: 2026-04-21 07:48:17.455
ProcessGuid: {a65b9ff6-2bc0-69e7-7b0f-000000001b00}
ProcessId: 30496
Image: C:\Windows\System32\WindowsPowerShell\v1.0\powershell.exe
User: LAPTOP-I8K1DAMV\rohin"
"2026-04-21T13:18:16.5806876+05:30","5","Process terminated:
RuleName: -
UtcTime: 2026-04-21 07:48:16.579
ProcessGuid: {a65b9ff6-2bc0-69e7-7a0f-000000001b00}
ProcessId: 27856
Image: C:\Windows\System32\WindowsPowerShell\v1.0\powershell.exe
User: LAPTOP-I8K1DAMV\rohin"
"2026-04-21T13:18:16.1269175+05:30","5","Process terminated:
RuleName: -
UtcTime: 2026-04-21 07:48:16.121
ProcessGuid: {a65b9ff6-2bb0-69e7-740f-000000001b00}
ProcessId: 24500
Image: C:\Program Files (x86)\Google\GoogleUpdater\148.0.7730.0\updater.exe
User: NT AUTHORITY\SYSTEM"
"2026-04-21T13:18:16.1212503+05:30","5","Process terminated:
RuleName: -
UtcTime: 2026-04-21 07:48:16.113
ProcessGuid: {a65b9ff6-2bb0-69e7-700f-000000001b00}
ProcessId: 24480
Image: C:\Program Files (x86)\Google\GoogleUpdater\148.0.7730.0\updater.exe
User: NT AUTHORITY\SYSTEM"
"2026-04-21T13:18:16.1140231+05:30","5","Process terminated:
RuleName: -
UtcTime: 2026-04-21 07:48:16.108
ProcessGuid: {a65b9ff6-2bb0-69e7-730f-000000001b00}
ProcessId: 28772
Image: C:\Program Files (x86)\Google\GoogleUpdater\148.0.7730.0\updater.exe
User: NT AUTHORITY\SYSTEM"
"2026-04-21T13:18:16.1092211+05:30","5","Process terminated:
RuleName: -
UtcTime: 2026-04-21 07:48:16.108
ProcessGuid: {a65b9ff6-2bb0-69e7-6e0f-000000001b00}
ProcessId: 24416
Image: C:\Program Files (x86)\Google\GoogleUpdater\148.0.7730.0\updater.exe
User: NT AUTHORITY\SYSTEM"
"2026-04-21T13:18:15.8080878+05:30","5","Process terminated:
RuleName: -
UtcTime: 2026-04-21 07:48:15.800
ProcessGuid: {a65b9ff6-2bbf-69e7-790f-000000001b00}
ProcessId: 27348
Image: C:\Windows\System32\WindowsPowerShell\v1.0\powershell.exe
User: LAPTOP-I8K1DAMV\rohin"
"2026-04-21T13:18:14.9660810+05:30","5","Process terminated:
RuleName: -
UtcTime: 2026-04-21 07:48:14.964
ProcessGuid: {a65b9ff6-2bbe-69e7-780f-000000001b00}
ProcessId: 16796
Image: C:\Windows\System32\WindowsPowerShell\v1.0\powershell.exe
User: LAPTOP-I8K1DAMV\rohin"
"2026-04-21T13:18:14.2661097+05:30","5","Process terminated:
RuleName: -
UtcTime: 2026-04-21 07:48:14.265
ProcessGuid: {a65b9ff6-2bbd-69e7-770f-000000001b00}
ProcessId: 31348
Image: C:\Windows\System32\WindowsPowerShell\v1.0\powershell.exe
User: LAPTOP-I8K1DAMV\rohin"
"2026-04-21T13:18:13.5235419+05:30","5","Process terminated:
RuleName: -
UtcTime: 2026-04-21 07:48:13.522
ProcessGuid: {a65b9ff6-2bbc-69e7-760f-000000001b00}
ProcessId: 30096
Image: C:\Windows\System32\WindowsPowerShell\v1.0\powershell.exe
User: LAPTOP-I8K1DAMV\rohin"
"2026-04-21T13:18:06.1158795+05:30","5","Process terminated:
RuleName: -
UtcTime: 2026-04-21 07:48:06.114
ProcessGuid: {a65b9ff6-2bb0-69e7-6c0f-000000001b00}
ProcessId: 14356
Image: C:\Program Files (x86)\Google\GoogleUpdater\148.0.7730.0\updater.exe
User: NT AUTHORITY\SYSTEM"
"2026-04-21T13:18:06.0936091+05:30","5","Process terminated:
RuleName: -
UtcTime: 2026-04-21 07:48:06.093
ProcessGuid: {a65b9ff6-2bad-69e7-640f-000000001b00}
ProcessId: 29384
Image: C:\Program Files (x86)\Google\GoogleUpdater\148.0.7730.0\updater.exe
User: NT AUTHORITY\SYSTEM"
"2026-04-21T13:18:03.5025303+05:30","5","Process terminated:
RuleName: -
UtcTime: 2026-04-21 07:48:03.502
ProcessGuid: {a65b9ff6-2bad-69e7-630f-000000001b00}
ProcessId: 31572
Image: C:\Windows\System32\dllhost.exe
User: LAPTOP-I8K1DAMV\rohin"
"2026-04-21T13:18:02.5972231+05:30","5","Process terminated:
RuleName: -
UtcTime: 2026-04-21 07:48:02.596
ProcessGuid: {a65b9ff6-2bad-69e7-650f-000000001b00}
ProcessId: 28192
Image: C:\Windows\System32\taskhostw.exe
User: NT AUTHORITY\SYSTEM"
"2026-04-21T13:18:00.7684657+05:30","5","Process terminated:
RuleName: -
UtcTime: 2026-04-21 07:48:00.768
ProcessGuid: {a65b9ff6-2bad-69e7-660f-000000001b00}
ProcessId: 16096
Image: C:\Windows\System32\wermgr.exe
User: NT AUTHORITY\SYSTEM"
"2026-04-21T13:18:00.6410908+05:30","5","Process terminated:
RuleName: -
UtcTime: 2026-04-21 07:48:00.640
ProcessGuid: {a65b9ff6-2bb0-69e7-720f-000000001b00}
ProcessId: 28232
Image: C:\Windows\System32\conhost.exe
User: LAPTOP-I8K1DAMV\rohin"
"2026-04-21T13:18:00.6372852+05:30","5","Process terminated:
RuleName: -
UtcTime: 2026-04-21 07:48:00.636
ProcessGuid: {a65b9ff6-2bb0-69e7-710f-000000001b00}
ProcessId: 28180
Image: C:\Windows\System32\reg.exe
User: LAPTOP-I8K1DAMV\rohin"
"2026-04-21T13:18:00.5768987+05:30","5","Process terminated:
RuleName: -
UtcTime: 2026-04-21 07:48:00.575
ProcessGuid: {a65b9ff6-2bb0-69e7-6f0f-000000001b00}
ProcessId: 6396
Image: C:\Windows\System32\conhost.exe
User: LAPTOP-I8K1DAMV\rohin"
"2026-04-21T13:18:00.5724676+05:30","5","Process terminated:
RuleName: -
UtcTime: 2026-04-21 07:48:00.571
ProcessGuid: {a65b9ff6-2bb0-69e7-6d0f-000000001b00}
ProcessId: 4800
Image: C:\Windows\System32\reg.exe
User: LAPTOP-I8K1DAMV\rohin"
"2026-04-21T13:17:58.8251404+05:30","5","Process terminated:
RuleName: -
UtcTime: 2026-04-21 07:47:58.824
ProcessGuid: {a65b9ff6-2bae-69e7-6a0f-000000001b00}
ProcessId: 29624
Image: C:\Windows\System32\conhost.exe
User: LAPTOP-I8K1DAMV\rohin"
"2026-04-21T13:17:58.8172507+05:30","5","Process terminated:
RuleName: -
UtcTime: 2026-04-21 07:47:58.816
ProcessGuid: {a65b9ff6-2bae-69e7-690f-000000001b00}
ProcessId: 25364
Image: C:\Windows\System32\reg.exe
User: LAPTOP-I8K1DAMV\rohin"
"2026-04-21T13:17:58.8079340+05:30","5","Process terminated:
RuleName: -
UtcTime: 2026-04-21 07:47:58.807
ProcessGuid: {a65b9ff6-2ba5-69e7-5e0f-000000001b00}
ProcessId: 9608
Image: C:\Windows\System32\PickerHost.exe
User: LAPTOP-I8K1DAMV\rohin"
"2026-04-21T13:17:58.7125830+05:30","5","Process terminated:
RuleName: -
UtcTime: 2026-04-21 07:47:58.712
ProcessGuid: {a65b9ff6-2bae-69e7-680f-000000001b00}
ProcessId: 7364
Image: C:\Windows\System32\conhost.exe
User: LAPTOP-I8K1DAMV\rohin"
"2026-04-21T13:17:58.6979110+05:30","5","Process terminated:
RuleName: -
UtcTime: 2026-04-21 07:47:58.697
ProcessGuid: {a65b9ff6-2bae-69e7-670f-000000001b00}
ProcessId: 27920
Image: C:\Windows\System32\reg.exe
User: LAPTOP-I8K1DAMV\rohin"
"2026-04-21T13:17:54.8342246+05:30","5","Process terminated:
RuleName: -
UtcTime: 2026-04-21 07:47:54.833
ProcessGuid: {a65b9ff6-2ba5-69e7-5d0f-000000001b00}
ProcessId: 21276
Image: C:\Windows\System32\dllhost.exe
User: LAPTOP-I8K1DAMV\rohin"
"2026-04-21T13:17:49.9905898+05:30","5","Process terminated:
RuleName: -
UtcTime: 2026-04-21 07:47:49.990
ProcessGuid: {a65b9ff6-2ba5-69e7-620f-000000001b00}
ProcessId: 18184
Image: C:\Windows\System32\conhost.exe
User: LAPTOP-I8K1DAMV\rohin"
"2026-04-21T13:17:49.9794386+05:30","5","Process terminated:
RuleName: -
UtcTime: 2026-04-21 07:47:49.979
ProcessGuid: {a65b9ff6-2ba5-69e7-610f-000000001b00}
ProcessId: 29776
Image: C:\Windows\System32\reg.exe
User: LAPTOP-I8K1DAMV\rohin"
"2026-04-21T13:17:49.8494083+05:30","5","Process terminated:
RuleName: -
UtcTime: 2026-04-21 07:47:49.849
ProcessGuid: {a65b9ff6-2ba5-69e7-600f-000000001b00}
ProcessId: 28308
Image: C:\Windows\System32\conhost.exe
User: LAPTOP-I8K1DAMV\rohin"
"2026-04-21T13:17:49.8446820+05:30","5","Process terminated:
RuleName: -
UtcTime: 2026-04-21 07:47:49.843
ProcessGuid: {a65b9ff6-2ba5-69e7-5f0f-000000001b00}
ProcessId: 25264
Image: C:\Windows\System32\reg.exe
User: LAPTOP-I8K1DAMV\rohin"
"2026-04-21T13:17:42.1542247+05:30","5","Process terminated:
RuleName: -
UtcTime: 2026-04-21 07:47:42.153
ProcessGuid: {a65b9ff6-2b9d-69e7-5a0f-000000001b00}
ProcessId: 9744
Image: C:\msys64\ucrt64\bin\python.exe
User: LAPTOP-I8K1DAMV\rohin"
"2026-04-21T13:17:37.7707595+05:30","5","Process terminated:
RuleName: -
UtcTime: 2026-04-21 07:47:37.770
ProcessGuid: {a65b9ff6-2b5b-69e7-3c0f-000000001b00}
ProcessId: 9720
Image: C:\Windows\System32\svchost.exe
User: NT AUTHORITY\SYSTEM"
"2026-04-21T13:17:32.3668634+05:30","5","Process terminated:
RuleName: -
UtcTime: 2026-04-21 07:47:32.366
ProcessGuid: {a65b9ff6-2b94-69e7-580f-000000001b00}
ProcessId: 23788
Image: C:\Windows\System32\conhost.exe
User: LAPTOP-I8K1DAMV\rohin"
"2026-04-21T13:17:32.3609553+05:30","5","Process terminated:
RuleName: -
UtcTime: 2026-04-21 07:47:32.360
ProcessGuid: {a65b9ff6-2b94-69e7-570f-000000001b00}
ProcessId: 28704
Image: C:\Program Files\Git\cmd\git.exe
User: LAPTOP-I8K1DAMV\rohin"
"2026-04-21T13:17:32.3517403+05:30","5","Process terminated:
RuleName: -
UtcTime: 2026-04-21 07:47:32.351
ProcessGuid: {a65b9ff6-2b94-69e7-590f-000000001b00}
ProcessId: 28316
Image: C:\Program Files\Git\mingw64\bin\git.exe
User: LAPTOP-I8K1DAMV\rohin"
"2026-04-21T13:17:20.2839093+05:30","5","Process terminated:
RuleName: -
UtcTime: 2026-04-21 07:47:20.283
ProcessGuid: {a65b9ff6-2b88-69e7-540f-000000001b00}
ProcessId: 31248
Image: C:\Windows\System32\conhost.exe
User: LAPTOP-I8K1DAMV\rohin"
"2026-04-21T13:17:20.2691694+05:30","5","Process terminated:
RuleName: -
UtcTime: 2026-04-21 07:47:20.268
ProcessGuid: {a65b9ff6-2b87-69e7-530f-000000001b00}
ProcessId: 8772
Image: C:\Program Files\Git\cmd\git.exe
User: LAPTOP-I8K1DAMV\rohin"
"2026-04-21T13:17:20.2520262+05:30","5","Process terminated:
RuleName: -
UtcTime: 2026-04-21 07:47:20.251
ProcessGuid: {a65b9ff6-2b88-69e7-560f-000000001b00}
ProcessId: 27336
Image: C:\Program Files\Git\mingw64\bin\git.exe
User: LAPTOP-I8K1DAMV\rohin"
"2026-04-21T13:17:20.1687505+05:30","5","Process terminated:
RuleName: -
UtcTime: 2026-04-21 07:47:20.168
ProcessGuid: {a65b9ff6-2b87-69e7-520f-000000001b00}
ProcessId: 29308
Image: C:\Windows\System32\conhost.exe
User: LAPTOP-I8K1DAMV\rohin"
"2026-04-21T13:17:20.1658164+05:30","5","Process terminated:
RuleName: -
UtcTime: 2026-04-21 07:47:20.162
ProcessGuid: {a65b9ff6-2b87-69e7-510f-000000001b00}
ProcessId: 1800
Image: C:\Program Files\Git\cmd\git.exe
User: LAPTOP-I8K1DAMV\rohin"
"2026-04-21T13:17:20.1532461+05:30","5","Process terminated:
RuleName: -
UtcTime: 2026-04-21 07:47:20.152
ProcessGuid: {a65b9ff6-2b88-69e7-550f-000000001b00}
ProcessId: 25544
Image: C:\Program Files\Git\mingw64\bin\git.exe
User: LAPTOP-I8K1DAMV\rohin"
"2026-04-21T13:17:16.9663688+05:30","5","Process terminated:
RuleName: -
UtcTime: 2026-04-21 07:47:16.965
ProcessGuid: {a65b9ff6-2b52-69e7-310f-000000001b00}
ProcessId: 9900
Image: C:\Windows\System32\RuntimeBroker.exe
User: LAPTOP-I8K1DAMV\rohin"
"2026-04-21T13:17:01.2251611+05:30","5","Process terminated:
RuleName: -
UtcTime: 2026-04-21 07:47:01.224
ProcessGuid: {a65b9ff6-2b74-69e7-4f0f-000000001b00}
ProcessId: 28420
Image: C:\Windows\System32\conhost.exe
User: LAPTOP-I8K1DAMV\rohin"
"2026-04-21T13:17:01.2183783+05:30","5","Process terminated:
RuleName: -
UtcTime: 2026-04-21 07:47:01.218
ProcessGuid: {a65b9ff6-2b74-69e7-4e0f-000000001b00}
ProcessId: 2916
Image: C:\Program Files\Git\cmd\git.exe
User: LAPTOP-I8K1DAMV\rohin"
"2026-04-21T13:17:01.2064566+05:30","5","Process terminated:
RuleName: -
UtcTime: 2026-04-21 07:47:01.206
ProcessGuid: {a65b9ff6-2b75-69e7-500f-000000001b00}
ProcessId: 24936
Image: C:\Program Files\Git\mingw64\bin\git.exe
User: LAPTOP-I8K1DAMV\rohin"
"2026-04-21T13:16:49.8920292+05:30","5","Process terminated:
RuleName: -
UtcTime: 2026-04-21 07:46:49.891
ProcessGuid: {a65b9ff6-2b69-69e7-4d0f-000000001b00}
ProcessId: 22444
Image: C:\Windows\System32\conhost.exe
User: LAPTOP-I8K1DAMV\rohin"
"2026-04-21T13:16:49.8881379+05:30","5","Process terminated:
RuleName: -
UtcTime: 2026-04-21 07:46:49.887
ProcessGuid: {a65b9ff6-2b69-69e7-4c0f-000000001b00}
ProcessId: 28592
Image: C:\Windows\System32\reg.exe
User: LAPTOP-I8K1DAMV\rohin"
"2026-04-21T13:16:49.8062399+05:30","5","Process terminated:
RuleName: -
UtcTime: 2026-04-21 07:46:49.806
ProcessGuid: {a65b9ff6-2b69-69e7-4b0f-000000001b00}
ProcessId: 18152
Image: C:\Windows\System32\conhost.exe
User: LAPTOP-I8K1DAMV\rohin"
"2026-04-21T13:16:49.8019511+05:30","5","Process terminated:
RuleName: -
UtcTime: 2026-04-21 07:46:49.801
ProcessGuid: {a65b9ff6-2b69-69e7-4a0f-000000001b00}
ProcessId: 31692
Image: C:\Windows\System32\reg.exe
User: LAPTOP-I8K1DAMV\rohin"
"2026-04-21T13:16:43.4028837+05:30","5","Process terminated:
RuleName: -
UtcTime: 2026-04-21 07:46:43.401
ProcessGuid: {a65b9ff6-2b5f-69e7-440f-000000001b00}
ProcessId: 29644
Image: C:\Windows\System32\ctfmon.exe
User: NT AUTHORITY\SYSTEM"
"2026-04-21T13:16:41.4063634+05:30","5","Process terminated:
RuleName: -
UtcTime: 2026-04-21 07:46:41.405
ProcessGuid: {a65b9ff6-2b61-69e7-480f-000000001b00}
ProcessId: 28012
Image: C:\Windows\System32\conhost.exe
User: LAPTOP-I8K1DAMV\rohin"
"2026-04-21T13:16:41.4009756+05:30","5","Process terminated:
RuleName: -
UtcTime: 2026-04-21 07:46:41.400
ProcessGuid: {a65b9ff6-2b61-69e7-470f-000000001b00}
ProcessId: 3384
Image: C:\Program Files\Git\cmd\git.exe
User: LAPTOP-I8K1DAMV\rohin"
"2026-04-21T13:16:41.3929731+05:30","5","Process terminated:
RuleName: -
UtcTime: 2026-04-21 07:46:41.392
ProcessGuid: {a65b9ff6-2b61-69e7-490f-000000001b00}
ProcessId: 27172
Image: C:\Program Files\Git\mingw64\bin\git.exe
User: LAPTOP-I8K1DAMV\rohin"
"2026-04-21T13:16:40.5165291+05:30","5","Process terminated:
RuleName: -
UtcTime: 2026-04-21 07:46:40.515
ProcessGuid: {a65b9ff6-2b5e-69e7-430f-000000001b00}
ProcessId: 6352
Image: C:\Windows\System32\consent.exe
User: NT AUTHORITY\SYSTEM"
"2026-04-21T13:16:39.7990112+05:30","5","Process terminated:
RuleName: -
UtcTime: 2026-04-21 07:46:39.798
ProcessGuid: {a65b9ff6-2b5b-69e7-3a0f-000000001b00}
ProcessId: 24344
Image: C:\Windows\System32\ctfmon.exe
User: NT AUTHORITY\SYSTEM"
"2026-04-21T13:16:37.8776857+05:30","5","Process terminated:
RuleName: -
UtcTime: 2026-04-21 07:46:37.877
ProcessGuid: {a65b9ff6-2b5a-69e7-390f-000000001b00}
ProcessId: 22672
Image: C:\Windows\System32\consent.exe
User: NT AUTHORITY\SYSTEM"
"2026-04-21T13:16:37.7594278+05:30","5","Process terminated:
RuleName: -
UtcTime: 2026-04-21 07:46:37.758
ProcessGuid: {a65b9ff6-2b5d-69e7-3f0f-000000001b00}
ProcessId: 14088
Image: C:\Windows\System32\conhost.exe
User: LAPTOP-I8K1DAMV\rohin"
"2026-04-21T13:16:37.7549830+05:30","5","Process terminated:
RuleName: -
UtcTime: 2026-04-21 07:46:37.754
ProcessGuid: {a65b9ff6-2b5d-69e7-3e0f-000000001b00}
ProcessId: 30028
Image: C:\Program Files\Git\cmd\git.exe
User: LAPTOP-I8K1DAMV\rohin"
"2026-04-21T13:16:37.7483801+05:30","5","Process terminated:
RuleName: -
UtcTime: 2026-04-21 07:46:37.746
ProcessGuid: {a65b9ff6-2b5d-69e7-400f-000000001b00}
ProcessId: 28732
Image: C:\Program Files\Git\mingw64\bin\git.exe
User: LAPTOP-I8K1DAMV\rohin"
"2026-04-21T13:16:36.9339427+05:30","5","Process terminated:
RuleName: -
UtcTime: 2026-04-21 07:46:36.932
ProcessGuid: {a65b9ff6-2b5c-69e7-3d0f-000000001b00}
ProcessId: 30204
Image: C:\Windows\System32\backgroundTaskHost.exe
User: LAPTOP-I8K1DAMV\rohin"
"2026-04-21T13:16:32.8744366+05:30","5","Process terminated:
RuleName: -
UtcTime: 2026-04-21 07:46:32.873
ProcessGuid: {a65b9ff6-2b53-69e7-320f-000000001b00}
ProcessId: 6132
Image: C:\Windows\System32\dllhost.exe
User: LAPTOP-I8K1DAMV\rohin"
"2026-04-21T13:16:31.1968061+05:30","5","Process terminated:
RuleName: -
UtcTime: 2026-04-21 07:46:31.196
ProcessGuid: {a65b9ff6-2b19-69e7-290f-000000001b00}
ProcessId: 28204
Image: C:\Windows\System32\svchost.exe
User: NT AUTHORITY\SYSTEM"
"2026-04-21T13:16:29.4346394+05:30","5","Process terminated:
RuleName: -
UtcTime: 2026-04-21 07:46:29.434
ProcessGuid: {a65b9ff6-2b55-69e7-330f-000000001b00}
ProcessId: 31092
Image: C:\Windows\System32\rundll32.exe
User: LAPTOP-I8K1DAMV\rohin"
"2026-04-21T13:16:27.4624371+05:30","5","Process terminated:
RuleName: -
UtcTime: 2026-04-21 07:46:27.461
ProcessGuid: {a65b9ff6-2b52-69e7-300f-000000001b00}
ProcessId: 3528
Image: C:\Windows\System32\backgroundTaskHost.exe
User: LAPTOP-I8K1DAMV\rohin"
"2026-04-21T13:16:22.9275447+05:30","5","Process terminated:
RuleName: -
UtcTime: 2026-04-21 07:46:22.927
ProcessGuid: {a65b9ff6-2b4e-69e7-2e0f-000000001b00}
ProcessId: 13640
Image: C:\Windows\System32\conhost.exe
User: LAPTOP-I8K1DAMV\rohin"
"2026-04-21T13:16:22.9226198+05:30","5","Process terminated:
RuleName: -
UtcTime: 2026-04-21 07:46:22.922
ProcessGuid: {a65b9ff6-2b4e-69e7-2d0f-000000001b00}
ProcessId: 13352
Image: C:\Program Files\Git\cmd\git.exe
User: LAPTOP-I8K1DAMV\rohin"
"2026-04-21T13:16:22.9153442+05:30","5","Process terminated:
RuleName: -
UtcTime: 2026-04-21 07:46:22.914
ProcessGuid: {a65b9ff6-2b4e-69e7-2f0f-000000001b00}
ProcessId: 26932
Image: C:\Program Files\Git\mingw64\bin\git.exe
User: LAPTOP-I8K1DAMV\rohin"
"2026-04-21T13:16:01.7929736+05:30","5","Process terminated:
RuleName: -
UtcTime: 2026-04-21 07:46:01.791
ProcessGuid: {a65b9ff6-2aae-69e7-150f-000000001b00}
ProcessId: 18724
Image: C:\Windows\System32\wbem\WmiPrvSE.exe
User: NT AUTHORITY\LOCAL SERVICE"
"2026-04-21T13:15:31.1389881+05:30","5","Process terminated:
RuleName: -
UtcTime: 2026-04-21 07:45:31.138
ProcessGuid: {a65b9ff6-2b1a-69e7-2b0f-000000001b00}
ProcessId: 3788
Image: C:\Windows\System32\conhost.exe
User: LAPTOP-I8K1DAMV\rohin"
"2026-04-21T13:15:31.1308646+05:30","5","Process terminated:
RuleName: -
UtcTime: 2026-04-21 07:45:31.130
ProcessGuid: {a65b9ff6-2b1a-69e7-2a0f-000000001b00}
ProcessId: 27132
Image: C:\Program Files\Git\cmd\git.exe
User: LAPTOP-I8K1DAMV\rohin"
"2026-04-21T13:15:31.1191014+05:30","5","Process terminated:
RuleName: -
UtcTime: 2026-04-21 07:45:31.118
ProcessGuid: {a65b9ff6-2b1a-69e7-2c0f-000000001b00}
ProcessId: 30608
Image: C:\Program Files\Git\mingw64\bin\git.exe
User: LAPTOP-I8K1DAMV\rohin"
"2026-04-21T13:15:16.0709797+05:30","5","Process terminated:
RuleName: -
UtcTime: 2026-04-21 07:45:16.070
ProcessGuid: {a65b9ff6-2aaf-69e7-160f-000000001b00}
ProcessId: 18696
Image: C:\Windows\System32\svchost.exe
User: NT AUTHORITY\SYSTEM"
"2026-04-21T13:14:50.0643313+05:30","5","Process terminated:
RuleName: -
UtcTime: 2026-04-21 07:44:50.064
ProcessGuid: {a65b9ff6-2aac-69e7-140f-000000001b00}
ProcessId: 6440
Image: C:\Program Files\Microsoft Office\root\Office16\SDXHelper.exe
User: LAPTOP-I8K1DAMV\rohin"
"2026-04-21T13:14:49.9824387+05:30","5","Process terminated:
RuleName: -
UtcTime: 2026-04-21 07:44:49.981
ProcessGuid: {a65b9ff6-2af1-69e7-280f-000000001b00}
ProcessId: 7712
Image: C:\Windows\System32\conhost.exe
User: LAPTOP-I8K1DAMV\rohin"
"2026-04-21T13:14:49.9778890+05:30","5","Process terminated:
RuleName: -
UtcTime: 2026-04-21 07:44:49.976
ProcessGuid: {a65b9ff6-2af1-69e7-270f-000000001b00}
ProcessId: 21960
Image: C:\Windows\System32\reg.exe
User: LAPTOP-I8K1DAMV\rohin"
"2026-04-21T13:14:49.8782152+05:30","5","Process terminated:
RuleName: -
UtcTime: 2026-04-21 07:44:49.878
ProcessGuid: {a65b9ff6-2af1-69e7-260f-000000001b00}
ProcessId: 12172
Image: C:\Windows\System32\conhost.exe
User: LAPTOP-I8K1DAMV\rohin"
"2026-04-21T13:14:49.8736101+05:30","5","Process terminated:
RuleName: -
UtcTime: 2026-04-21 07:44:49.873
ProcessGuid: {a65b9ff6-2af1-69e7-250f-000000001b00}
ProcessId: 22244
Image: C:\Windows\System32\reg.exe
User: LAPTOP-I8K1DAMV\rohin"
"2026-04-21T13:14:18.5695577+05:30","5","Process terminated:
RuleName: -
UtcTime: 2026-04-21 07:44:18.568
ProcessGuid: {a65b9ff6-2aa7-69e7-0f0f-000000001b00}
ProcessId: 25668
Image: C:\Windows\System32\RuntimeBroker.exe
User: LAPTOP-I8K1DAMV\rohin"
"2026-04-21T13:14:10.3631675+05:30","5","Process terminated:
RuleName: -
UtcTime: 2026-04-21 07:44:10.362
ProcessGuid: {a65b9ff6-2aa3-69e7-0a0f-000000001b00}
ProcessId: 5412
Image: C:\Windows\System32\sppsvc.exe
User: NT AUTHORITY\NETWORK SERVICE"
"2026-04-21T13:14:10.3387136+05:30","5","Process terminated:
RuleName: -
UtcTime: 2026-04-21 07:44:10.337
ProcessGuid: {a65b9ff6-2aa7-69e7-0d0f-000000001b00}
ProcessId: 31088
Image: C:\Windows\System32\SppExtComObj.Exe
User: NT AUTHORITY\NETWORK SERVICE"
"2026-04-21T13:13:57.6760689+05:30","5","Process terminated:
RuleName: -
UtcTime: 2026-04-21 07:43:57.675
ProcessGuid: {a65b9ff6-2ab8-69e7-200f-000000001b00}
ProcessId: 13516
Image: C:\Windows\System32\dllhost.exe
User: LAPTOP-I8K1DAMV\rohin"
"2026-04-21T13:13:52.2423768+05:30","5","Process terminated:
RuleName: -
UtcTime: 2026-04-21 07:43:52.240
ProcessGuid: {a65b9ff6-2ab8-69e7-1f0f-000000001b00}
ProcessId: 14860
Image: C:\Windows\System32\conhost.exe
User: LAPTOP-I8K1DAMV\rohin"
"2026-04-21T13:13:52.2364616+05:30","5","Process terminated:
RuleName: -
UtcTime: 2026-04-21 07:43:52.236
ProcessGuid: {a65b9ff6-2ab8-69e7-1e0f-000000001b00}
ProcessId: 28816
Image: C:\Windows\System32\reg.exe
User: LAPTOP-I8K1DAMV\rohin"
"2026-04-21T13:13:52.1365678+05:30","5","Process terminated:
RuleName: -
UtcTime: 2026-04-21 07:43:52.134
ProcessGuid: {a65b9ff6-2ab8-69e7-1d0f-000000001b00}
ProcessId: 29912
Image: C:\Windows\System32\conhost.exe
User: LAPTOP-I8K1DAMV\rohin"
"2026-04-21T13:13:52.1263882+05:30","5","Process terminated:
RuleName: -
UtcTime: 2026-04-21 07:43:52.126
ProcessGuid: {a65b9ff6-2ab7-69e7-1c0f-000000001b00}
ProcessId: 9612
Image: C:\Windows\System32\reg.exe
User: LAPTOP-I8K1DAMV\rohin"
"2026-04-21T13:13:52.0607960+05:30","5","Process terminated:
RuleName: -
UtcTime: 2026-04-21 07:43:52.060
ProcessGuid: {a65b9ff6-2ab7-69e7-1b0f-000000001b00}
ProcessId: 18136
Image: C:\Windows\System32\conhost.exe
User: LAPTOP-I8K1DAMV\rohin"
"2026-04-21T13:13:52.0539245+05:30","5","Process terminated:
RuleName: -
UtcTime: 2026-04-21 07:43:52.053
ProcessGuid: {a65b9ff6-2ab7-69e7-1a0f-000000001b00}
ProcessId: 23344
Image: C:\Windows\System32\reg.exe
User: LAPTOP-I8K1DAMV\rohin"
"2026-04-21T13:13:51.9644098+05:30","5","Process terminated:
RuleName: -
UtcTime: 2026-04-21 07:43:51.963
ProcessGuid: {a65b9ff6-2ab7-69e7-190f-000000001b00}
ProcessId: 25480
Image: C:\Windows\System32\conhost.exe
User: LAPTOP-I8K1DAMV\rohin"
"2026-04-21T13:13:51.9564601+05:30","5","Process terminated:
RuleName: -
UtcTime: 2026-04-21 07:43:51.955
ProcessGuid: {a65b9ff6-2ab7-69e7-180f-000000001b00}
ProcessId: 25164
Image: C:\Windows\System32\reg.exe
User: LAPTOP-I8K1DAMV\rohin"
"2026-04-21T13:13:49.7202628+05:30","5","Process terminated:
RuleName: -
UtcTime: 2026-04-21 07:43:49.708
ProcessGuid: {a65b9ff6-2ab3-69e7-170f-000000001b00}
ProcessId: 5912
Image: C:\Windows\System32\taskhostw.exe
User: LAPTOP-I8K1DAMV\rohin"
"2026-04-21T13:13:48.7067515+05:30","5","Process terminated:
RuleName: -
UtcTime: 2026-04-21 07:43:48.705
ProcessGuid: {a65b9ff6-2a9a-69e7-f80e-000000001b00}
ProcessId: 3296
Image: C:\Program Files\Microsoft Office\root\Office16\SDXHelper.exe
User: LAPTOP-I8K1DAMV\rohin"
"2026-04-21T13:13:46.3998771+05:30","5","Process terminated:
RuleName: -
UtcTime: 2026-04-21 07:43:46.398
ProcessGuid: {a65b9ff6-2aa9-69e7-100f-000000001b00}
ProcessId: 18116
Image: C:\Windows\System32\taskhostw.exe
User: NT AUTHORITY\SYSTEM"
"2026-04-21T13:13:46.1173693+05:30","5","Process terminated:
RuleName: -
UtcTime: 2026-04-21 07:43:46.116
ProcessGuid: {a65b9ff6-2aab-69e7-130f-000000001b00}
ProcessId: 16464
Image: C:\Program Files\Google\Chrome\Application\chrome.exe
User: LAPTOP-I8K1DAMV\rohin"
"2026-04-21T13:13:45.9226951+05:30","5","Process terminated:
RuleName: -
UtcTime: 2026-04-21 07:43:45.919
ProcessGuid: {a65b9ff6-2aaa-69e7-110f-000000001b00}
ProcessId: 20812
Image: C:\Program Files\Google\Chrome\Application\chrome.exe
User: LAPTOP-I8K1DAMV\rohin"
"2026-04-21T13:13:45.9188763+05:30","5","Process terminated:
RuleName: -
UtcTime: 2026-04-21 07:43:45.917
ProcessGuid: {a65b9ff6-2aaa-69e7-120f-000000001b00}
ProcessId: 22672
Image: C:\Program Files\Google\Chrome\Application\chrome.exe
User: LAPTOP-I8K1DAMV\rohin"
"2026-04-21T13:13:45.6117153+05:30","5","Process terminated:
RuleName: -
UtcTime: 2026-04-21 07:43:45.610
ProcessGuid: {a65b9ff6-2a86-69e7-ec0e-000000001b00}
ProcessId: 25300
Image: C:\Program Files\Google\Chrome\Application\chrome.exe
User: LAPTOP-I8K1DAMV\rohin"
"2026-04-21T13:13:45.6011363+05:30","5","Process terminated:
RuleName: -
UtcTime: 2026-04-21 07:43:45.599
ProcessGuid: {a65b9ff6-2a84-69e7-eb0e-000000001b00}
ProcessId: 30656
Image: C:\Program Files\Google\Chrome\Application\chrome.exe
User: LAPTOP-I8K1DAMV\rohin"
"2026-04-21T13:13:45.3442036+05:30","5","Process terminated:
RuleName: -
UtcTime: 2026-04-21 07:43:45.342
ProcessGuid: {a65b9ff6-2a87-69e7-ed0e-000000001b00}
ProcessId: 5388
Image: C:\Program Files\Google\Chrome\Application\chrome.exe
User: LAPTOP-I8K1DAMV\rohin"
"2026-04-21T13:13:40.3650956+05:30","5","Process terminated:
RuleName: -
UtcTime: 2026-04-21 07:43:40.364
ProcessGuid: {a65b9ff6-2a99-69e7-f70e-000000001b00}
ProcessId: 29564
Image: C:\Program Files (x86)\Common Files\Adobe\ARM\1.0\AdobeARM.exe
User: LAPTOP-I8K1DAMV\rohin"
"2026-04-21T13:13:38.5285157+05:30","5","Process terminated:
RuleName: -
UtcTime: 2026-04-21 07:43:38.527
ProcessGuid: {a65b9ff6-c0c3-69e6-5001-000000001b00}
ProcessId: 16276
Image: C:\Program Files\WindowsApps\Microsoft.YourPhone_1.26022.64.0_x64__8wekyb3d8bbwe\PhoneExperienceHost.exe
User: LAPTOP-I8K1DAMV\rohin"
"2026-04-21T13:13:36.3902199+05:30","5","Process terminated:
RuleName: -
UtcTime: 2026-04-21 07:43:36.389
ProcessGuid: {a65b9ff6-2aa7-69e7-0e0f-000000001b00}
ProcessId: 22936
Image: C:\Windows\System32\backgroundTaskHost.exe
User: LAPTOP-I8K1DAMV\rohin"
"2026-04-21T13:13:35.7865423+05:30","5","Process terminated:
RuleName: -
UtcTime: 2026-04-21 07:43:35.785
ProcessGuid: {a65b9ff6-2aa6-69e7-0c0f-000000001b00}
ProcessId: 28888
Image: C:\Windows\System32\conhost.exe
User: NT AUTHORITY\SYSTEM"
"2026-04-21T13:13:35.7421467+05:30","5","Process terminated:
RuleName: -
UtcTime: 2026-04-21 07:43:35.741
ProcessGuid: {a65b9ff6-2aa6-69e7-0b0f-000000001b00}
ProcessId: 27864
Image: C:\Windows\System32\dmclient.exe
User: NT AUTHORITY\SYSTEM"
"2026-04-21T13:13:35.0223846+05:30","5","Process terminated:
RuleName: -
UtcTime: 2026-04-21 07:43:35.022
ProcessGuid: {a65b9ff6-2a9a-69e7-f90e-000000001b00}
ProcessId: 25312
Image: C:\Windows\System32\UsoClient.exe
User: NT AUTHORITY\SYSTEM"
"2026-04-21T13:13:34.9911944+05:30","5","Process terminated:
RuleName: -
UtcTime: 2026-04-21 07:43:34.990
ProcessGuid: {a65b9ff6-2978-69e7-b70e-000000001b00}
ProcessId: 10688
Image: C:\Windows\System32\audiodg.exe
User: NT AUTHORITY\LOCAL SERVICE"
"2026-04-21T13:13:34.8976796+05:30","5","Process terminated:
RuleName: -
UtcTime: 2026-04-21 07:43:34.897
ProcessGuid: {a65b9ff6-2a99-69e7-f60e-000000001b00}
ProcessId: 21084
Image: C:\Windows\System32\taskhostw.exe
User: NT AUTHORITY\NETWORK SERVICE"
"2026-04-21T13:13:34.5748124+05:30","5","Process terminated:
RuleName: -
UtcTime: 2026-04-21 07:43:34.573
ProcessGuid: {a65b9ff6-2a99-69e7-f50e-000000001b00}
ProcessId: 28192
Image: C:\Windows\System32\taskhostw.exe
User: NT AUTHORITY\SYSTEM"
"2026-04-21T13:13:32.5925676+05:30","5","Process terminated:
RuleName: -
UtcTime: 2026-04-21 07:43:32.591
ProcessGuid: {a65b9ff6-2a92-69e7-f20e-000000001b00}
ProcessId: 6184
Image: C:\Program Files\Google\Chrome\Application\chrome.exe
User: LAPTOP-I8K1DAMV\rohin"
"2026-04-21T13:13:30.6464113+05:30","5","Process terminated:
RuleName: -
UtcTime: 2026-04-21 07:43:30.644
ProcessGuid: {a65b9ff6-2a92-69e7-f10e-000000001b00}
ProcessId: 4984
Image: C:\Program Files\Google\Chrome\Application\chrome.exe
User: LAPTOP-I8K1DAMV\rohin"
"2026-04-21T13:13:30.4802171+05:30","5","Process terminated:
RuleName: -
UtcTime: 2026-04-21 07:43:30.477
ProcessGuid: {a65b9ff6-2a91-69e7-f00e-000000001b00}
ProcessId: 4660
Image: C:\Program Files\Google\Chrome\Application\chrome.exe
User: LAPTOP-I8K1DAMV\rohin"
"2026-04-21T13:13:30.2643895+05:30","5","Process terminated:
RuleName: -
UtcTime: 2026-04-21 07:43:30.263
ProcessGuid: {a65b9ff6-2aa1-69e7-090f-000000001b00}
ProcessId: 5288
Image: C:\Windows\System32\conhost.exe
User: LAPTOP-I8K1DAMV\rohin"
"2026-04-21T13:13:30.1884535+05:30","5","Process terminated:
RuleName: -
UtcTime: 2026-04-21 07:43:30.184
ProcessGuid: {a65b9ff6-2aa1-69e7-080f-000000001b00}
ProcessId: 9896
Image: C:\Windows\System32\reg.exe
User: LAPTOP-I8K1DAMV\rohin"
"2026-04-21T13:13:29.5720520+05:30","5","Process terminated:
RuleName: -
UtcTime: 2026-04-21 07:43:29.544
ProcessGuid: {a65b9ff6-2aa0-69e7-070f-000000001b00}
ProcessId: 29540
Image: C:\Windows\System32\conhost.exe
User: LAPTOP-I8K1DAMV\rohin"
"2026-04-21T13:13:29.5136119+05:30","5","Process terminated:
RuleName: -
UtcTime: 2026-04-21 07:43:29.511
ProcessGuid: {a65b9ff6-2a99-69e7-f30e-000000001b00}
ProcessId: 2700
Image: C:\Windows\System32\dllhost.exe
User: LAPTOP-I8K1DAMV\rohin"
"2026-04-21T13:13:29.4220108+05:30","5","Process terminated:
RuleName: -
UtcTime: 2026-04-21 07:43:29.420
ProcessGuid: {a65b9ff6-2aa0-69e7-060f-000000001b00}
ProcessId: 31144
Image: C:\Windows\System32\reg.exe
User: LAPTOP-I8K1DAMV\rohin"
"2026-04-21T13:13:29.4092909+05:30","5","Process terminated:
RuleName: -
UtcTime: 2026-04-21 07:43:29.407
ProcessGuid: {a65b9ff6-2a91-69e7-ef0e-000000001b00}
ProcessId: 31356
Image: C:\Program Files\Google\Chrome\Application\chrome.exe
User: LAPTOP-I8K1DAMV\rohin"
"2026-04-21T13:13:28.3945165+05:30","5","Process terminated:
RuleName: -
UtcTime: 2026-04-21 07:43:28.392
ProcessGuid: {a65b9ff6-2a9f-69e7-050f-000000001b00}
ProcessId: 26824
Image: C:\Windows\System32\conhost.exe
User: LAPTOP-I8K1DAMV\rohin"
"2026-04-21T13:13:28.3608770+05:30","5","Process terminated:
RuleName: -
UtcTime: 2026-04-21 07:43:28.359
ProcessGuid: {a65b9ff6-2a9f-69e7-040f-000000001b00}
ProcessId: 29836
Image: C:\Windows\System32\reg.exe
User: LAPTOP-I8K1DAMV\rohin"
"2026-04-21T13:13:28.2188354+05:30","5","Process terminated:
RuleName: -
UtcTime: 2026-04-21 07:43:28.166
ProcessGuid: {a65b9ff6-2625-69e7-920d-000000001b00}
ProcessId: 27980
Image: C:\Windows\System32\DriverStore\FileRepository\hpcustomcapcomp.inf_amd64_db0ee1e66e6d408e\x64\BridgeCommunication.exe
User: LAPTOP-I8K1DAMV\rohin"
"2026-04-21T13:13:27.7855562+05:30","5","Process terminated:
RuleName: -
UtcTime: 2026-04-21 07:43:27.783
ProcessGuid: {a65b9ff6-2a9f-69e7-030f-000000001b00}
ProcessId: 30188
Image: C:\Windows\System32\conhost.exe
User: LAPTOP-I8K1DAMV\rohin"
"2026-04-21T13:13:27.7517501+05:30","5","Process terminated:
RuleName: -
UtcTime: 2026-04-21 07:43:27.750
ProcessGuid: {a65b9ff6-2a9f-69e7-020f-000000001b00}
ProcessId: 29200
Image: C:\Windows\System32\reg.exe
User: LAPTOP-I8K1DAMV\rohin"
"2026-04-21T13:13:27.1447574+05:30","5","Process terminated:
RuleName: -
UtcTime: 2026-04-21 07:43:27.143
ProcessGuid: {a65b9ff6-2a9d-69e7-fd0e-000000001b00}
ProcessId: 31068
Image: C:\Windows\System32\conhost.exe
User: LAPTOP-I8K1DAMV\rohin"
"2026-04-21T13:13:27.1332107+05:30","5","Process terminated:
RuleName: -
UtcTime: 2026-04-21 07:43:27.132
ProcessGuid: {a65b9ff6-2a9d-69e7-ff0e-000000001b00}
ProcessId: 30796
Image: C:\Windows\System32\conhost.exe
User: LAPTOP-I8K1DAMV\rohin"
"2026-04-21T13:13:27.1114743+05:30","5","Process terminated:
RuleName: -
UtcTime: 2026-04-21 07:43:27.109
ProcessGuid: {a65b9ff6-2a9e-69e7-010f-000000001b00}
ProcessId: 28928
Image: C:\Windows\System32\conhost.exe
User: LAPTOP-I8K1DAMV\rohin"
"2026-04-21T13:13:27.0983625+05:30","5","Process terminated:
RuleName: -
UtcTime: 2026-04-21 07:43:27.096
ProcessGuid: {a65b9ff6-2a9c-69e7-fb0e-000000001b00}
ProcessId: 29236
Image: C:\Windows\System32\reg.exe
User: LAPTOP-I8K1DAMV\rohin"
"2026-04-21T13:13:27.0967130+05:30","5","Process terminated:
RuleName: -
UtcTime: 2026-04-21 07:43:27.095
ProcessGuid: {a65b9ff6-2a9d-69e7-fe0e-000000001b00}
ProcessId: 29376
Image: C:\Windows\System32\reg.exe
User: LAPTOP-I8K1DAMV\rohin"
"2026-04-21T13:13:27.0567662+05:30","5","Process terminated:
RuleName: -
UtcTime: 2026-04-21 07:43:27.053
ProcessGuid: {a65b9ff6-2a9d-69e7-000f-000000001b00}
ProcessId: 21988
Image: C:\Windows\System32\reg.exe
User: LAPTOP-I8K1DAMV\rohin"
"2026-04-21T13:13:25.7473027+05:30","5","Process terminated:
RuleName: -
UtcTime: 2026-04-21 07:43:25.746
ProcessGuid: {a65b9ff6-2a9d-69e7-fc0e-000000001b00}
ProcessId: 30956
Image: C:\Windows\System32\conhost.exe
User: LAPTOP-I8K1DAMV\rohin"
"2026-04-21T13:13:25.7216813+05:30","5","Process terminated:
RuleName: -
UtcTime: 2026-04-21 07:43:25.717
ProcessGuid: {a65b9ff6-2a9c-69e7-fa0e-000000001b00}
ProcessId: 25556
Image: C:\Windows\System32\reg.exe
User: LAPTOP-I8K1DAMV\rohin"
"2026-04-21T13:13:23.3009403+05:30","5","Process terminated:
RuleName: -
UtcTime: 2026-04-21 07:43:23.291
ProcessGuid: {a65b9ff6-2a99-69e7-f40e-000000001b00}
ProcessId: 17204
Image: C:\Windows\System32\taskhostw.exe
User: LAPTOP-I8K1DAMV\rohin"
"2026-04-21T13:13:13.1401166+05:30","5","Process terminated:
RuleName: -
UtcTime: 2026-04-21 07:43:13.139
ProcessGuid: {a65b9ff6-2824-69e7-3d0e-000000001b00}
ProcessId: 31572
Image: C:\Windows\System32\smartscreen.exe
User: LAPTOP-I8K1DAMV\rohin"
"2026-04-21T13:13:00.4724490+05:30","5","Process terminated:
RuleName: -
UtcTime: 2026-04-21 07:43:00.472
ProcessGuid: {a65b9ff6-2a7d-69e7-e90e-000000001b00}
ProcessId: 24112
Image: C:\Program Files\Google\Chrome\Application\chrome.exe
User: LAPTOP-I8K1DAMV\rohin"
"2026-04-21T13:13:00.4586772+05:30","5","Process terminated:
RuleName: -
UtcTime: 2026-04-21 07:43:00.458
ProcessGuid: {a65b9ff6-2a7e-69e7-ea0e-000000001b00}
ProcessId: 30092
Image: C:\Program Files\Google\Chrome\Application\chrome.exe
User: LAPTOP-I8K1DAMV\rohin"
"2026-04-21T13:12:52.5789175+05:30","5","Process terminated:
RuleName: -
UtcTime: 2026-04-21 07:42:52.578
ProcessGuid: {a65b9ff6-2a7a-69e7-e80e-000000001b00}
ProcessId: 13092
Image: C:\Program Files\Google\Chrome\Application\chrome.exe
User: LAPTOP-I8K1DAMV\rohin"
"2026-04-21T13:12:52.0070339+05:30","5","Process terminated:
RuleName: -
UtcTime: 2026-04-21 07:42:52.006
ProcessGuid: {a65b9ff6-2823-69e7-3b0e-000000001b00}
ProcessId: 30748
Image: C:\Windows\System32\svchost.exe
User: NT AUTHORITY\SYSTEM"
"2026-04-21T13:12:29.2078896+05:30","5","Process terminated:
RuleName: -
UtcTime: 2026-04-21 07:42:29.206
ProcessGuid: {a65b9ff6-2a64-69e7-e60e-000000001b00}
ProcessId: 2480
Image: D:\BTP\Log-Anamoly-Detection\.venv\Scripts\python.exe
User: LAPTOP-I8K1DAMV\rohin"
"2026-04-21T13:12:29.1985788+05:30","5","Process terminated:
RuleName: -
UtcTime: 2026-04-21 07:42:29.197
ProcessGuid: {a65b9ff6-2a64-69e7-e70e-000000001b00}
ProcessId: 22188
Image: C:\Users\rohin\AppData\Local\Programs\Python\Python314\python.exe
User: LAPTOP-I8K1DAMV\rohin"
"2026-04-21T13:12:21.1276687+05:30","5","Process terminated:
RuleName: -
UtcTime: 2026-04-21 07:42:21.124
ProcessGuid: {a65b9ff6-2a5b-69e7-e50e-000000001b00}
ProcessId: 28776
Image: C:\Windows\System32\WindowsPowerShell\v1.0\powershell.exe
User: LAPTOP-I8K1DAMV\rohin"
"2026-04-21T13:12:13.4542221+05:30","5","Process terminated:
RuleName: -
UtcTime: 2026-04-21 07:42:13.452
ProcessGuid: {a65b9ff6-27ce-69e7-290e-000000001b00}
ProcessId: 14860
Image: C:\Windows\System32\wbem\WmiPrvSE.exe
User: NT AUTHORITY\LOCAL SERVICE"
"2026-04-21T13:12:13.1724843+05:30","5","Process terminated:
RuleName: -
UtcTime: 2026-04-21 07:42:13.171
ProcessGuid: {a65b9ff6-2a53-69e7-e40e-000000001b00}
ProcessId: 21192
Image: C:\Windows\System32\WindowsPowerShell\v1.0\powershell.exe
User: LAPTOP-I8K1DAMV\rohin"
"2026-04-21T13:11:49.8650539+05:30","5","Process terminated:
RuleName: -
UtcTime: 2026-04-21 07:41:49.864
ProcessGuid: {a65b9ff6-2a3d-69e7-e30e-000000001b00}
ProcessId: 23220
Image: C:\Windows\System32\conhost.exe
User: LAPTOP-I8K1DAMV\rohin"
"2026-04-21T13:11:49.8289407+05:30","5","Process terminated:
RuleName: -
UtcTime: 2026-04-21 07:41:49.828
ProcessGuid: {a65b9ff6-2a3d-69e7-e20e-000000001b00}
ProcessId: 29852
Image: C:\Windows\System32\reg.exe
User: LAPTOP-I8K1DAMV\rohin"
"2026-04-21T13:11:49.6264636+05:30","5","Process terminated:
RuleName: -
UtcTime: 2026-04-21 07:41:49.624
ProcessGuid: {a65b9ff6-2a3d-69e7-e10e-000000001b00}
ProcessId: 22888
Image: C:\Windows\System32\conhost.exe
User: LAPTOP-I8K1DAMV\rohin"
"2026-04-21T13:11:49.5969467+05:30","5","Process terminated:
RuleName: -
UtcTime: 2026-04-21 07:41:49.596
ProcessGuid: {a65b9ff6-2a3d-69e7-e00e-000000001b00}
ProcessId: 2796
Image: C:\Windows\System32\reg.exe
User: LAPTOP-I8K1DAMV\rohin"
"2026-04-21T13:11:46.3964634+05:30","5","Process terminated:
RuleName: -
UtcTime: 2026-04-21 07:41:46.395
ProcessGuid: {a65b9ff6-2a36-69e7-de0e-000000001b00}
ProcessId: 29572
Image: D:\BTP\Log-Anamoly-Detection\.venv\Scripts\python.exe
User: LAPTOP-I8K1DAMV\rohin"
"2026-04-21T13:11:46.3723888+05:30","5","Process terminated:
RuleName: -
UtcTime: 2026-04-21 07:41:46.371
ProcessGuid: {a65b9ff6-2a36-69e7-df0e-000000001b00}
ProcessId: 18364
Image: C:\Users\rohin\AppData\Local\Programs\Python\Python314\python.exe
User: LAPTOP-I8K1DAMV\rohin"
"2026-04-21T13:11:29.2102505+05:30","5","Process terminated:
RuleName: -
UtcTime: 2026-04-21 07:41:29.202
ProcessGuid: {a65b9ff6-2844-69e7-4d0e-000000001b00}
ProcessId: 26880
Image: C:\Windows\System32\svchost.exe
User: NT AUTHORITY\SYSTEM"
"2026-04-21T13:11:27.6456497+05:30","5","Process terminated:
RuleName: -
UtcTime: 2026-04-21 07:41:27.645
ProcessGuid: {a65b9ff6-2a25-69e7-db0e-000000001b00}
ProcessId: 2140
Image: D:\BTP\Log-Anamoly-Detection\.venv\Scripts\python.exe
User: LAPTOP-I8K1DAMV\rohin"
"2026-04-21T13:11:27.6373586+05:30","5","Process terminated:
RuleName: -
UtcTime: 2026-04-21 07:41:27.636
ProcessGuid: {a65b9ff6-2a25-69e7-dc0e-000000001b00}
ProcessId: 31072
Image: C:\Users\rohin\AppData\Local\Programs\Python\Python314\python.exe
User: LAPTOP-I8K1DAMV\rohin"
"2026-04-21T13:11:27.5885378+05:30","5","Process terminated:
RuleName: -
UtcTime: 2026-04-21 07:41:27.588
ProcessGuid: {a65b9ff6-2a25-69e7-dd0e-000000001b00}
ProcessId: 27924
Image: C:\Windows\System32\WindowsPowerShell\v1.0\powershell.exe
User: LAPTOP-I8K1DAMV\rohin"
"2026-04-21T13:11:11.4845729+05:30","5","Process terminated:
RuleName: -
UtcTime: 2026-04-21 07:41:11.483
ProcessGuid: {a65b9ff6-2a17-69e7-d60e-000000001b00}
ProcessId: 28936
Image: C:\Windows\System32\conhost.exe
User: LAPTOP-I8K1DAMV\rohin"
"2026-04-21T13:11:11.4781898+05:30","5","Process terminated:
RuleName: -
UtcTime: 2026-04-21 07:41:11.477
ProcessGuid: {a65b9ff6-2a17-69e7-d50e-000000001b00}
ProcessId: 25800
Image: C:\Windows\System32\cmd.exe
User: LAPTOP-I8K1DAMV\rohin"
"2026-04-21T13:11:11.4705207+05:30","5","Process terminated:
RuleName: -
UtcTime: 2026-04-21 07:41:11.469
ProcessGuid: {a65b9ff6-2a17-69e7-d80e-000000001b00}
ProcessId: 6140
Image: C:\Windows\System32\wsl.exe
User: LAPTOP-I8K1DAMV\rohin"
"2026-04-21T13:11:11.4632537+05:30","5","Process terminated:
RuleName: -
UtcTime: 2026-04-21 07:41:11.462
ProcessGuid: {a65b9ff6-2a17-69e7-d90e-000000001b00}
ProcessId: 20144
Image: C:\Program Files\WSL\wsl.exe
User: LAPTOP-I8K1DAMV\rohin"
"2026-04-21T13:10:14.6246765+05:30","5","Process terminated:
RuleName: -
UtcTime: 2026-04-21 07:40:14.623
ProcessGuid: {a65b9ff6-25f8-69e7-770d-000000001b00}
ProcessId: 5444
Image: C:\Program Files\Google\Chrome\Application\chrome.exe
User: LAPTOP-I8K1DAMV\rohin"
"2026-04-21T13:10:12.8744228+05:30","5","Process terminated:
RuleName: -
UtcTime: 2026-04-21 07:40:12.873
ProcessGuid: {a65b9ff6-25d3-69e7-530d-000000001b00}
ProcessId: 28016
Image: C:\Windows\System32\svchost.exe
User: NT AUTHORITY\LOCAL SERVICE"
"2026-04-21T13:10:09.7225526+05:30","5","Process terminated:
RuleName: -
UtcTime: 2026-04-21 07:40:09.721
ProcessGuid: {a65b9ff6-e42a-69e6-810c-000000001b00}
ProcessId: 9476
Image: C:\Program Files\Google\Chrome\Application\chrome.exe
User: LAPTOP-I8K1DAMV\rohin"
"2026-04-21T13:10:00.9939876+05:30","5","Process terminated:
RuleName: -
UtcTime: 2026-04-21 07:40:00.991
ProcessGuid: {a65b9ff6-29d0-69e7-d30e-000000001b00}
ProcessId: 424
Image: C:\Windows\System32\conhost.exe
User: LAPTOP-I8K1DAMV\rohin"
"2026-04-21T13:10:00.9898171+05:30","5","Process terminated:
RuleName: -
UtcTime: 2026-04-21 07:40:00.988
ProcessGuid: {a65b9ff6-29d0-69e7-d20e-000000001b00}
ProcessId: 31264
Image: C:\Program Files\Git\cmd\git.exe
User: LAPTOP-I8K1DAMV\rohin"
"2026-04-21T13:10:00.9837942+05:30","5","Process terminated:
RuleName: -
UtcTime: 2026-04-21 07:40:00.977
ProcessGuid: {a65b9ff6-29d0-69e7-d40e-000000001b00}
ProcessId: 10396
Image: C:\Program Files\Git\mingw64\bin\git.exe
User: LAPTOP-I8K1DAMV\rohin"
"2026-04-21T13:09:49.3461211+05:30","5","Process terminated:
RuleName: -
UtcTime: 2026-04-21 07:39:49.345
ProcessGuid: {a65b9ff6-29c5-69e7-d10e-000000001b00}
ProcessId: 30712
Image: C:\Windows\System32\conhost.exe
User: LAPTOP-I8K1DAMV\rohin"
"2026-04-21T13:09:49.3413239+05:30","5","Process terminated:
RuleName: -
UtcTime: 2026-04-21 07:39:49.340
ProcessGuid: {a65b9ff6-29c5-69e7-d00e-000000001b00}
ProcessId: 18916
Image: C:\Windows\System32\reg.exe
User: LAPTOP-I8K1DAMV\rohin"
"2026-04-21T13:09:49.2428132+05:30","5","Process terminated:
RuleName: -
UtcTime: 2026-04-21 07:39:49.242
ProcessGuid: {a65b9ff6-29c5-69e7-cf0e-000000001b00}
ProcessId: 25740
Image: C:\Windows\System32\conhost.exe
User: LAPTOP-I8K1DAMV\rohin"
"2026-04-21T13:09:49.2390860+05:30","5","Process terminated:
RuleName: -
UtcTime: 2026-04-21 07:39:49.238
ProcessGuid: {a65b9ff6-29c5-69e7-ce0e-000000001b00}
ProcessId: 12680
Image: C:\Windows\System32\reg.exe
User: LAPTOP-I8K1DAMV\rohin"
"2026-04-21T13:09:35.6816598+05:30","5","Process terminated:
RuleName: -
UtcTime: 2026-04-21 07:39:35.680
ProcessGuid: {a65b9ff6-29b4-69e7-cc0e-000000001b00}
ProcessId: 31124
Image: D:\BTP\Log-Anamoly-Detection\.venv\Scripts\python.exe
User: LAPTOP-I8K1DAMV\rohin"
"2026-04-21T13:09:35.6566339+05:30","5","Process terminated:
RuleName: -
UtcTime: 2026-04-21 07:39:35.655
ProcessGuid: {a65b9ff6-29b4-69e7-cd0e-000000001b00}
ProcessId: 11820
Image: C:\Users\rohin\AppData\Local\Programs\Python\Python314\python.exe
User: LAPTOP-I8K1DAMV\rohin"
"2026-04-21T13:09:32.5165063+05:30","5","Process terminated:
RuleName: -
UtcTime: 2026-04-21 07:39:32.515
ProcessGuid: {a65b9ff6-29b1-69e7-ca0e-000000001b00}
ProcessId: 14404
Image: D:\BTP\Log-Anamoly-Detection\.venv\Scripts\python.exe
User: LAPTOP-I8K1DAMV\rohin"
"2026-04-21T13:09:32.4957184+05:30","5","Process terminated:
RuleName: -
UtcTime: 2026-04-21 07:39:32.495
ProcessGuid: {a65b9ff6-29b1-69e7-cb0e-000000001b00}
ProcessId: 3960
Image: C:\Users\rohin\AppData\Local\Programs\Python\Python314\python.exe
User: LAPTOP-I8K1DAMV\rohin"
"2026-04-21T13:09:29.3479961+05:30","5","Process terminated:
RuleName: -
UtcTime: 2026-04-21 07:39:29.345
ProcessGuid: {a65b9ff6-29ae-69e7-c80e-000000001b00}
ProcessId: 24288
Image: D:\BTP\Log-Anamoly-Detection\.venv\Scripts\python.exe
User: LAPTOP-I8K1DAMV\rohin"
"2026-04-21T13:09:29.3271536+05:30","5","Process terminated:
RuleName: -
UtcTime: 2026-04-21 07:39:29.321
ProcessGuid: {a65b9ff6-29ae-69e7-c90e-000000001b00}
ProcessId: 30928
Image: C:\Users\rohin\AppData\Local\Programs\Python\Python314\python.exe
User: LAPTOP-I8K1DAMV\rohin"
"2026-04-21T13:09:26.2598000+05:30","5","Process terminated:
RuleName: -
UtcTime: 2026-04-21 07:39:26.259
ProcessGuid: {a65b9ff6-29ab-69e7-c60e-000000001b00}
ProcessId: 14324
Image: D:\BTP\Log-Anamoly-Detection\.venv\Scripts\python.exe
User: LAPTOP-I8K1DAMV\rohin"
"2026-04-21T13:09:26.2341188+05:30","5","Process terminated:
RuleName: -
UtcTime: 2026-04-21 07:39:26.233
ProcessGuid: {a65b9ff6-29ab-69e7-c70e-000000001b00}
ProcessId: 27668
Image: C:\Users\rohin\AppData\Local\Programs\Python\Python314\python.exe
User: LAPTOP-I8K1DAMV\rohin"
"2026-04-21T13:09:23.1213090+05:30","5","Process terminated:
RuleName: -
UtcTime: 2026-04-21 07:39:23.120
ProcessGuid: {a65b9ff6-29a7-69e7-c10e-000000001b00}
ProcessId: 10432
Image: D:\BTP\Log-Anamoly-Detection\.venv\Scripts\python.exe
User: LAPTOP-I8K1DAMV\rohin"
"2026-04-21T13:09:23.0987345+05:30","5","Process terminated:
RuleName: -
UtcTime: 2026-04-21 07:39:23.098
ProcessGuid: {a65b9ff6-29a7-69e7-c20e-000000001b00}
ProcessId: 10380
Image: C:\Users\rohin\AppData\Local\Programs\Python\Python314\python.exe
User: LAPTOP-I8K1DAMV\rohin"
"2026-04-21T13:09:21.2913320+05:30","5","Process terminated:
RuleName: -
UtcTime: 2026-04-21 07:39:21.290
ProcessGuid: {a65b9ff6-29a9-69e7-c40e-000000001b00}
ProcessId: 31424
Image: C:\Windows\System32\conhost.exe
User: LAPTOP-I8K1DAMV\rohin"
"2026-04-21T13:09:21.2867768+05:30","5","Process terminated:
RuleName: -
UtcTime: 2026-04-21 07:39:21.285
ProcessGuid: {a65b9ff6-29a9-69e7-c30e-000000001b00}
ProcessId: 7740
Image: C:\Program Files\Git\cmd\git.exe
User: LAPTOP-I8K1DAMV\rohin"
"2026-04-21T13:09:21.2785348+05:30","5","Process terminated:
RuleName: -
UtcTime: 2026-04-21 07:39:21.278
ProcessGuid: {a65b9ff6-29a9-69e7-c50e-000000001b00}
ProcessId: 15152
Image: C:\Program Files\Git\mingw64\bin\git.exe
User: LAPTOP-I8K1DAMV\rohin"
"2026-04-21T13:09:18.4191539+05:30","5","Process terminated:
RuleName: -
UtcTime: 2026-04-21 07:39:18.416
ProcessGuid: {a65b9ff6-29a6-69e7-bf0e-000000001b00}
ProcessId: 29260
Image: C:\Windows\System32\conhost.exe
User: LAPTOP-I8K1DAMV\rohin"
"2026-04-21T13:09:18.4151446+05:30","5","Process terminated:
RuleName: -
UtcTime: 2026-04-21 07:39:18.413
ProcessGuid: {a65b9ff6-29a6-69e7-be0e-000000001b00}
ProcessId: 31472
Image: C:\Program Files\Git\cmd\git.exe
User: LAPTOP-I8K1DAMV\rohin"
"2026-04-21T13:09:18.4078555+05:30","5","Process terminated:
RuleName: -
UtcTime: 2026-04-21 07:39:18.406
ProcessGuid: {a65b9ff6-29a6-69e7-c00e-000000001b00}
ProcessId: 14928
Image: C:\Program Files\Git\mingw64\bin\git.exe
User: LAPTOP-I8K1DAMV\rohin"
"2026-04-21T13:08:52.8757996+05:30","5","Process terminated:
RuleName: -
UtcTime: 2026-04-21 07:38:52.875
ProcessGuid: {a65b9ff6-298b-69e7-bd0e-000000001b00}
ProcessId: 31284
Image: C:\ProgramData\Microsoft\Windows Defender\Platform\4.18.26030.3011-0\MpCmdRun.exe
User: NT AUTHORITY\NETWORK SERVICE"
"2026-04-21T13:08:50.6189406+05:30","5","Process terminated:
RuleName: -
UtcTime: 2026-04-21 07:38:50.618
ProcessGuid: {a65b9ff6-2821-69e7-380e-000000001b00}
ProcessId: 20008
Image: C:\Windows\System32\conhost.exe
User: NT AUTHORITY\SYSTEM"
"2026-04-21T13:08:50.6125458+05:30","5","Process terminated:
RuleName: -
UtcTime: 2026-04-21 07:38:50.611
ProcessGuid: {a65b9ff6-2821-69e7-370e-000000001b00}
ProcessId: 10772
Image: C:\ProgramData\Microsoft\Windows Defender\Platform\4.18.26030.3011-0\MpCmdRun.exe
User: NT AUTHORITY\SYSTEM"
"2026-04-21T13:08:50.4886476+05:30","5","Process terminated:
RuleName: -
UtcTime: 2026-04-21 07:38:50.488
ProcessGuid: {a65b9ff6-2822-69e7-3a0e-000000001b00}
ProcessId: 5064
Image: C:\Windows\System32\conhost.exe
User: NT AUTHORITY\SYSTEM"
"2026-04-21T13:08:50.4772804+05:30","5","Process terminated:
RuleName: -
UtcTime: 2026-04-21 07:38:50.475
ProcessGuid: {a65b9ff6-2822-69e7-390e-000000001b00}
ProcessId: 18160
Image: C:\ProgramData\Microsoft\Windows Defender\Platform\4.18.26030.3011-0\MpCmdRun.exe
User: NT AUTHORITY\SYSTEM"
"2026-04-21T13:08:49.3475852+05:30","5","Process terminated:
RuleName: -
UtcTime: 2026-04-21 07:38:49.346
ProcessGuid: {a65b9ff6-2989-69e7-bc0e-000000001b00}
ProcessId: 30560
Image: C:\Windows\System32\conhost.exe
User: LAPTOP-I8K1DAMV\rohin"
"2026-04-21T13:08:49.3435389+05:30","5","Process terminated:
RuleName: -
UtcTime: 2026-04-21 07:38:49.342
ProcessGuid: {a65b9ff6-2989-69e7-bb0e-000000001b00}
ProcessId: 30620
Image: C:\Windows\System32\reg.exe
User: LAPTOP-I8K1DAMV\rohin"
"2026-04-21T13:08:49.2719532+05:30","5","Process terminated:
RuleName: -
UtcTime: 2026-04-21 07:38:49.271
ProcessGuid: {a65b9ff6-2989-69e7-ba0e-000000001b00}
ProcessId: 28776
Image: C:\Windows\System32\conhost.exe
User: LAPTOP-I8K1DAMV\rohin"
"2026-04-21T13:08:49.2668484+05:30","5","Process terminated:
RuleName: -
UtcTime: 2026-04-21 07:38:49.266
ProcessGuid: {a65b9ff6-2989-69e7-b90e-000000001b00}
ProcessId: 13308
Image: C:\Windows\System32\reg.exe
User: LAPTOP-I8K1DAMV\rohin"
"2026-04-21T13:08:39.1477705+05:30","5","Process terminated:
RuleName: -
UtcTime: 2026-04-21 07:38:39.146
ProcessGuid: {a65b9ff6-2979-69e7-b80e-000000001b00}
ProcessId: 15404
Image: C:\Windows\System32\dllhost.exe
User: LAPTOP-I8K1DAMV\rohin"
"2026-04-21T13:08:24.6714504+05:30","5","Process terminated:
RuleName: -
UtcTime: 2026-04-21 07:38:24.670
ProcessGuid: {a65b9ff6-2970-69e7-b60e-000000001b00}
ProcessId: 27312
Image: C:\Users\rohin\AppData\Local\Programs\Microsoft VS Code\Code.exe
User: LAPTOP-I8K1DAMV\rohin"
"2026-04-21T13:08:24.3940273+05:30","5","Process terminated:
RuleName: -
UtcTime: 2026-04-21 07:38:24.392
ProcessGuid: {a65b9ff6-293b-69e7-9b0e-000000001b00}
ProcessId: 23316
Image: C:\Windows\System32\conhost.exe
User: LAPTOP-I8K1DAMV\rohin"
"2026-04-21T13:08:24.3792842+05:30","5","Process terminated:
RuleName: -
UtcTime: 2026-04-21 07:38:24.378
ProcessGuid: {a65b9ff6-293b-69e7-a00e-000000001b00}
ProcessId: 30884
Image: C:\Windows\System32\cmd.exe
User: LAPTOP-I8K1DAMV\rohin"
"2026-04-21T13:08:22.8743879+05:30","5","Process terminated:
RuleName: -
UtcTime: 2026-04-21 07:38:22.873
ProcessGuid: {a65b9ff6-296e-69e7-b20e-000000001b00}
ProcessId: 3660
Image: C:\Windows\System32\conhost.exe
User: LAPTOP-I8K1DAMV\rohin"
"2026-04-21T13:08:22.8674557+05:30","5","Process terminated:
RuleName: -
UtcTime: 2026-04-21 07:38:22.866
ProcessGuid: {a65b9ff6-296e-69e7-b00e-000000001b00}
ProcessId: 28380
Image: C:\Windows\System32\cmd.exe
User: LAPTOP-I8K1DAMV\rohin"
"2026-04-21T13:08:22.8577478+05:30","5","Process terminated:
RuleName: -
UtcTime: 2026-04-21 07:38:22.856
ProcessGuid: {a65b9ff6-296e-69e7-b30e-000000001b00}
ProcessId: 776
Image: C:\Windows\System32\wsl.exe
User: LAPTOP-I8K1DAMV\rohin"
"2026-04-21T13:08:22.8490277+05:30","5","Process terminated:
RuleName: -
UtcTime: 2026-04-21 07:38:22.848
ProcessGuid: {a65b9ff6-296e-69e7-b40e-000000001b00}
ProcessId: 17804
Image: C:\Program Files\WSL\wsl.exe
User: LAPTOP-I8K1DAMV\rohin"
"2026-04-21T13:08:18.2501269+05:30","5","Process terminated:
RuleName: -
UtcTime: 2026-04-21 07:38:18.249
ProcessGuid: {a65b9ff6-296a-69e7-ae0e-000000001b00}
ProcessId: 30624
Image: C:\Windows\System32\conhost.exe
User: LAPTOP-I8K1DAMV\rohin"
