"2026-04-21T06:10:05.6802571+05:30","5","Process terminated:
RuleName: -
UtcTime: 2026-04-21 00:40:05.679
ProcessGuid: {a65b9ff6-c763-69e6-9a05-000000001b00}
ProcessId: 24628
Image: C:\Program Files\Docker\Docker\resources\bin\docker.exe
User: LAPTOP-I8K1DAMV\rohin"
"2026-04-21T06:09:55.6784769+05:30","5","Process terminated:
RuleName: -
UtcTime: 2026-04-21 00:39:55.677
ProcessGuid: {a65b9ff6-c759-69e6-9805-000000001b00}
ProcessId: 7320
Image: C:\Windows\System32\conhost.exe
User: LAPTOP-I8K1DAMV\rohin"
"2026-04-21T06:09:55.6750876+05:30","5","Process terminated:
RuleName: -
UtcTime: 2026-04-21 00:39:55.674
ProcessGuid: {a65b9ff6-c759-69e6-9705-000000001b00}
ProcessId: 9948
Image: C:\Program Files\Docker\Docker\resources\bin\docker.exe
User: LAPTOP-I8K1DAMV\rohin"
"2026-04-21T06:09:48.0407499+05:30","5","Process terminated:
RuleName: -
UtcTime: 2026-04-21 00:39:48.040
ProcessGuid: {a65b9ff6-c753-69e6-9505-000000001b00}
ProcessId: 6692
Image: C:\Windows\System32\conhost.exe
User: LAPTOP-I8K1DAMV\rohin"
"2026-04-21T06:09:48.0377306+05:30","5","Process terminated:
RuleName: -
UtcTime: 2026-04-21 00:39:48.037
ProcessGuid: {a65b9ff6-c753-69e6-9405-000000001b00}
ProcessId: 16608
Image: C:\Program Files\Git\cmd\git.exe
User: LAPTOP-I8K1DAMV\rohin"
"2026-04-21T06:09:48.0331645+05:30","5","Process terminated:
RuleName: -
UtcTime: 2026-04-21 00:39:48.032
ProcessGuid: {a65b9ff6-c753-69e6-9605-000000001b00}
ProcessId: 19904
Image: C:\Program Files\Git\mingw64\bin\git.exe
User: LAPTOP-I8K1DAMV\rohin"
"2026-04-21T06:09:45.6361591+05:30","5","Process terminated:
RuleName: -
UtcTime: 2026-04-21 00:39:45.635
ProcessGuid: {a65b9ff6-c74f-69e6-9305-000000001b00}
ProcessId: 15508
Image: C:\Windows\System32\conhost.exe
User: LAPTOP-I8K1DAMV\rohin"
"2026-04-21T06:09:45.6326519+05:30","5","Process terminated:
RuleName: -
UtcTime: 2026-04-21 00:39:45.632
ProcessGuid: {a65b9ff6-c74f-69e6-9205-000000001b00}
ProcessId: 19496
Image: C:\Program Files\Docker\Docker\resources\bin\docker.exe
User: LAPTOP-I8K1DAMV\rohin"
"2026-04-21T06:09:35.5968081+05:30","5","Process terminated:
RuleName: -
UtcTime: 2026-04-21 00:39:35.596
ProcessGuid: {a65b9ff6-c745-69e6-9105-000000001b00}
ProcessId: 25348
Image: C:\Windows\System32\conhost.exe
User: LAPTOP-I8K1DAMV\rohin"
"2026-04-21T06:09:35.5941784+05:30","5","Process terminated:
RuleName: -
UtcTime: 2026-04-21 00:39:35.593
ProcessGuid: {a65b9ff6-c745-69e6-9005-000000001b00}
ProcessId: 13940
Image: C:\Program Files\Docker\Docker\resources\bin\docker.exe
User: LAPTOP-I8K1DAMV\rohin"
"2026-04-21T06:09:31.3663368+05:30","5","Process terminated:
RuleName: -
UtcTime: 2026-04-21 00:39:31.366
ProcessGuid: {a65b9ff6-c706-69e6-7905-000000001b00}
ProcessId: 1544
Image: C:\Windows\System32\svchost.exe
User: NT AUTHORITY\SYSTEM"
"2026-04-21T06:09:25.8328501+05:30","5","Process terminated:
RuleName: -
UtcTime: 2026-04-21 00:39:25.832
ProcessGuid: {a65b9ff6-c715-69e6-8105-000000001b00}
ProcessId: 24104
Image: C:\Windows\System32\RuntimeBroker.exe
User: LAPTOP-I8K1DAMV\rohin"
"2026-04-21T06:09:25.6160037+05:30","5","Process terminated:
RuleName: -
UtcTime: 2026-04-21 00:39:25.615
ProcessGuid: {a65b9ff6-c73b-69e6-8d05-000000001b00}
ProcessId: 14508
Image: C:\Windows\System32\conhost.exe
User: LAPTOP-I8K1DAMV\rohin"
"2026-04-21T06:09:25.6122615+05:30","5","Process terminated:
RuleName: -
UtcTime: 2026-04-21 00:39:25.611
ProcessGuid: {a65b9ff6-c73b-69e6-8c05-000000001b00}
ProcessId: 17528
Image: C:\Program Files\Docker\Docker\resources\bin\docker.exe
User: LAPTOP-I8K1DAMV\rohin"
"2026-04-21T06:09:23.1188820+05:30","5","Process terminated:
RuleName: -
UtcTime: 2026-04-21 00:39:23.118
ProcessGuid: {a65b9ff6-c736-69e6-8b05-000000001b00}
ProcessId: 15104
Image: C:\Windows\System32\dllhost.exe
User: LAPTOP-I8K1DAMV\rohin"
"2026-04-21T06:09:20.2959977+05:30","5","Process terminated:
RuleName: -
UtcTime: 2026-04-21 00:39:20.295
ProcessGuid: {a65b9ff6-c732-69e6-8a05-000000001b00}
ProcessId: 14756
Image: C:\Program Files\Google\Chrome\Application\chrome.exe
User: LAPTOP-I8K1DAMV\rohin"
"2026-04-21T06:09:15.5960945+05:30","5","Process terminated:
RuleName: -
UtcTime: 2026-04-21 00:39:15.595
ProcessGuid: {a65b9ff6-c731-69e6-8905-000000001b00}
ProcessId: 17220
Image: C:\Windows\System32\conhost.exe
User: LAPTOP-I8K1DAMV\rohin"
"2026-04-21T06:09:15.5929047+05:30","5","Process terminated:
RuleName: -
UtcTime: 2026-04-21 00:39:15.592
ProcessGuid: {a65b9ff6-c731-69e6-8805-000000001b00}
ProcessId: 13908
Image: C:\Program Files\Docker\Docker\resources\bin\docker.exe
User: LAPTOP-I8K1DAMV\rohin"
"2026-04-21T06:09:11.7087153+05:30","5","Process terminated:
RuleName: -
UtcTime: 2026-04-21 00:39:11.704
ProcessGuid: {a65b9ff6-c72a-69e6-8605-000000001b00}
ProcessId: 27620
Image: C:\Windows\System32\dllhost.exe
User: LAPTOP-I8K1DAMV\rohin"
"2026-04-21T06:09:05.6056298+05:30","5","Process terminated:
RuleName: -
UtcTime: 2026-04-21 00:39:05.605
ProcessGuid: {a65b9ff6-c727-69e6-8505-000000001b00}
ProcessId: 13100
Image: C:\Windows\System32\conhost.exe
User: LAPTOP-I8K1DAMV\rohin"
"2026-04-21T06:09:05.6026907+05:30","5","Process terminated:
RuleName: -
UtcTime: 2026-04-21 00:39:05.602
ProcessGuid: {a65b9ff6-c727-69e6-8405-000000001b00}
ProcessId: 14136
Image: C:\Program Files\Docker\Docker\resources\bin\docker.exe
User: LAPTOP-I8K1DAMV\rohin"
"2026-04-21T06:09:03.2614868+05:30","5","Process terminated:
RuleName: -
UtcTime: 2026-04-21 00:39:03.261
ProcessGuid: {a65b9ff6-c708-69e6-7b05-000000001b00}
ProcessId: 24096
Image: C:\Windows\System32\sppsvc.exe
User: NT AUTHORITY\NETWORK SERVICE"
"2026-04-21T06:08:55.6362438+05:30","5","Process terminated:
RuleName: -
UtcTime: 2026-04-21 00:38:55.636
ProcessGuid: {a65b9ff6-c71d-69e6-8305-000000001b00}
ProcessId: 21488
Image: C:\Windows\System32\conhost.exe
User: LAPTOP-I8K1DAMV\rohin"
"2026-04-21T06:08:55.6331681+05:30","5","Process terminated:
RuleName: -
UtcTime: 2026-04-21 00:38:55.632
ProcessGuid: {a65b9ff6-c71d-69e6-8205-000000001b00}
ProcessId: 23924
Image: C:\Program Files\Docker\Docker\resources\bin\docker.exe
User: LAPTOP-I8K1DAMV\rohin"
"2026-04-21T06:08:45.8200549+05:30","5","Process terminated:
RuleName: -
UtcTime: 2026-04-21 00:38:45.818
ProcessGuid: {a65b9ff6-c714-69e6-8005-000000001b00}
ProcessId: 22132
Image: C:\Program Files\Adobe\Acrobat DC\Acrobat\RDCNotificationClient\FullTrustNotifier.exe
User: LAPTOP-I8K1DAMV\rohin"
"2026-04-21T06:08:45.7542034+05:30","5","Process terminated:
RuleName: -
UtcTime: 2026-04-21 00:38:45.753
ProcessGuid: {a65b9ff6-c713-69e6-7f05-000000001b00}
ProcessId: 24444
Image: C:\Windows\System32\conhost.exe
User: LAPTOP-I8K1DAMV\rohin"
"2026-04-21T06:08:45.7484373+05:30","5","Process terminated:
RuleName: -
UtcTime: 2026-04-21 00:38:45.747
ProcessGuid: {a65b9ff6-c713-69e6-7e05-000000001b00}
ProcessId: 9948
Image: C:\Program Files\Docker\Docker\resources\bin\docker.exe
User: LAPTOP-I8K1DAMV\rohin"
"2026-04-21T06:08:35.8415995+05:30","5","Process terminated:
RuleName: -
UtcTime: 2026-04-21 00:38:35.841
ProcessGuid: {a65b9ff6-c709-69e6-7d05-000000001b00}
ProcessId: 26568
Image: C:\Windows\System32\conhost.exe
User: LAPTOP-I8K1DAMV\rohin"
"2026-04-21T06:08:35.8381282+05:30","5","Process terminated:
RuleName: -
UtcTime: 2026-04-21 00:38:35.838
ProcessGuid: {a65b9ff6-c709-69e6-7c05-000000001b00}
ProcessId: 16100
Image: C:\Program Files\Docker\Docker\resources\bin\docker.exe
User: LAPTOP-I8K1DAMV\rohin"
"2026-04-21T06:08:34.7029286+05:30","5","Process terminated:
RuleName: -
UtcTime: 2026-04-21 00:38:34.702
ProcessGuid: {a65b9ff6-c707-69e6-7a05-000000001b00}
ProcessId: 14896
Image: C:\Windows\System32\taskhostw.exe
User: NT AUTHORITY\SYSTEM"
"2026-04-21T06:08:30.1983758+05:30","5","Process terminated:
RuleName: -
UtcTime: 2026-04-21 00:38:30.197
ProcessGuid: {a65b9ff6-c705-69e6-7705-000000001b00}
ProcessId: 25260
Image: C:\Windows\System32\consent.exe
User: NT AUTHORITY\SYSTEM"
"2026-04-21T06:08:29.6939582+05:30","5","Process terminated:
RuleName: -
UtcTime: 2026-04-21 00:38:29.693
ProcessGuid: {a65b9ff6-c705-69e6-7605-000000001b00}
ProcessId: 15172
Image: C:\Windows\System32\mmc.exe
User: LAPTOP-I8K1DAMV\rohin"
"2026-04-21T06:08:25.6485442+05:30","5","Process terminated:
RuleName: -
UtcTime: 2026-04-21 00:38:25.648
ProcessGuid: {a65b9ff6-c6ff-69e6-7505-000000001b00}
ProcessId: 26484
Image: C:\Windows\System32\conhost.exe
User: LAPTOP-I8K1DAMV\rohin"
"2026-04-21T06:08:25.6429985+05:30","5","Process terminated:
RuleName: -
UtcTime: 2026-04-21 00:38:25.642
ProcessGuid: {a65b9ff6-c6ff-69e6-7405-000000001b00}
ProcessId: 17204
Image: C:\Program Files\Docker\Docker\resources\bin\docker.exe
User: LAPTOP-I8K1DAMV\rohin"
"2026-04-21T06:08:23.4063550+05:30","5","Process terminated:
RuleName: -
UtcTime: 2026-04-21 00:38:23.405
ProcessGuid: {a65b9ff6-c6fa-69e6-7305-000000001b00}
ProcessId: 27096
Image: C:\Windows\System32\dllhost.exe
User: LAPTOP-I8K1DAMV\rohin"
"2026-04-21T06:08:22.9008372+05:30","5","Process terminated:
RuleName: -
UtcTime: 2026-04-21 00:38:22.896
ProcessGuid: {a65b9ff6-c6f5-69e6-7005-000000001b00}
ProcessId: 25896
Image: C:\Program Files\Google\Chrome\Application\chrome.exe
User: LAPTOP-I8K1DAMV\rohin"
"2026-04-21T06:08:21.4920751+05:30","5","Process terminated:
RuleName: -
UtcTime: 2026-04-21 00:38:21.491
ProcessGuid: {a65b9ff6-c6bf-69e6-5105-000000001b00}
ProcessId: 13060
Image: C:\Windows\System32\svchost.exe
User: NT AUTHORITY\SYSTEM"
"2026-04-21T06:08:15.6603462+05:30","5","Process terminated:
RuleName: -
UtcTime: 2026-04-21 00:38:15.660
ProcessGuid: {a65b9ff6-c6f5-69e6-7205-000000001b00}
ProcessId: 13872
Image: C:\Windows\System32\conhost.exe
User: LAPTOP-I8K1DAMV\rohin"
"2026-04-21T06:08:15.6567239+05:30","5","Process terminated:
RuleName: -
UtcTime: 2026-04-21 00:38:15.656
ProcessGuid: {a65b9ff6-c6f5-69e6-7105-000000001b00}
ProcessId: 12824
Image: C:\Program Files\Docker\Docker\resources\bin\docker.exe
User: LAPTOP-I8K1DAMV\rohin"
"2026-04-21T06:08:10.7449631+05:30","5","Process terminated:
RuleName: -
UtcTime: 2026-04-21 00:38:10.744
ProcessGuid: {a65b9ff6-c6ee-69e6-6f05-000000001b00}
ProcessId: 18124
Image: C:\Program Files\Google\Chrome\Application\chrome.exe
User: LAPTOP-I8K1DAMV\rohin"
"2026-04-21T06:08:05.6922465+05:30","5","Process terminated:
RuleName: -
UtcTime: 2026-04-21 00:38:05.691
ProcessGuid: {a65b9ff6-c6eb-69e6-6e05-000000001b00}
ProcessId: 15104
Image: C:\Windows\System32\conhost.exe
User: LAPTOP-I8K1DAMV\rohin"
"2026-04-21T06:08:05.6888652+05:30","5","Process terminated:
RuleName: -
UtcTime: 2026-04-21 00:38:05.688
ProcessGuid: {a65b9ff6-c6eb-69e6-6d05-000000001b00}
ProcessId: 3972
Image: C:\Program Files\Docker\Docker\resources\bin\docker.exe
User: LAPTOP-I8K1DAMV\rohin"
"2026-04-21T06:08:00.6163789+05:30","5","Process terminated:
RuleName: -
UtcTime: 2026-04-21 00:38:00.615
ProcessGuid: {a65b9ff6-c6c0-69e6-5305-000000001b00}
ProcessId: 25720
Image: C:\Windows\System32\RuntimeBroker.exe
User: LAPTOP-I8K1DAMV\rohin"
"2026-04-21T06:07:55.6453776+05:30","5","Process terminated:
RuleName: -
UtcTime: 2026-04-21 00:37:55.644
ProcessGuid: {a65b9ff6-c6e1-69e6-6c05-000000001b00}
ProcessId: 23112
Image: C:\Windows\System32\conhost.exe
User: LAPTOP-I8K1DAMV\rohin"
"2026-04-21T06:07:55.6426643+05:30","5","Process terminated:
RuleName: -
UtcTime: 2026-04-21 00:37:55.642
ProcessGuid: {a65b9ff6-c6e1-69e6-6b05-000000001b00}
ProcessId: 2840
Image: C:\Program Files\Docker\Docker\resources\bin\docker.exe
User: LAPTOP-I8K1DAMV\rohin"
"2026-04-21T06:07:53.0392453+05:30","5","Process terminated:
RuleName: -
UtcTime: 2026-04-21 00:37:53.038
ProcessGuid: {a65b9ff6-c6c2-69e6-5505-000000001b00}
ProcessId: 13100
Image: C:\Windows\System32\sppsvc.exe
User: NT AUTHORITY\NETWORK SERVICE"
"2026-04-21T06:07:46.0698131+05:30","5","Process terminated:
RuleName: -
UtcTime: 2026-04-21 00:37:46.069
ProcessGuid: {a65b9ff6-c6d7-69e6-6a05-000000001b00}
ProcessId: 27248
Image: C:\Windows\System32\conhost.exe
User: LAPTOP-I8K1DAMV\rohin"
"2026-04-21T06:07:46.0660972+05:30","5","Process terminated:
RuleName: -
UtcTime: 2026-04-21 00:37:46.065
ProcessGuid: {a65b9ff6-c6d7-69e6-6905-000000001b00}
ProcessId: 6356
Image: C:\Program Files\Docker\Docker\resources\bin\docker.exe
User: LAPTOP-I8K1DAMV\rohin"
"2026-04-21T06:07:44.9619241+05:30","5","Process terminated:
RuleName: -
UtcTime: 2026-04-21 00:37:44.958
ProcessGuid: {a65b9ff6-c651-69e6-0a05-000000001b00}
ProcessId: 11252
Image: C:\Windows\System32\wbem\WmiPrvSE.exe
User: NT AUTHORITY\LOCAL SERVICE"
"2026-04-21T06:07:44.5280373+05:30","5","Process terminated:
RuleName: -
UtcTime: 2026-04-21 00:37:44.527
ProcessGuid: {a65b9ff6-c6d6-69e6-6605-000000001b00}
ProcessId: 3944
Image: C:\Program Files\Google\Chrome\Application\chrome.exe
User: LAPTOP-I8K1DAMV\rohin"
"2026-04-21T06:07:42.7794521+05:30","5","Process terminated:
RuleName: -
UtcTime: 2026-04-21 00:37:42.778
ProcessGuid: {a65b9ff6-c5ff-69e6-f504-000000001b00}
ProcessId: 24860
Image: C:\Windows\System32\SearchProtocolHost.exe
User: NT AUTHORITY\SYSTEM"
"2026-04-21T06:07:42.1059291+05:30","5","Process terminated:
RuleName: -
UtcTime: 2026-04-21 00:37:42.105
ProcessGuid: {a65b9ff6-c6d6-69e6-6505-000000001b00}
ProcessId: 15660
Image: C:\Program Files\Google\Chrome\Application\chrome.exe
User: LAPTOP-I8K1DAMV\rohin"
"2026-04-21T06:07:42.0973906+05:30","5","Process terminated:
RuleName: -
UtcTime: 2026-04-21 00:37:42.096
ProcessGuid: {a65b9ff6-c6d6-69e6-6405-000000001b00}
ProcessId: 2452
Image: C:\Program Files\Google\Chrome\Application\chrome.exe
User: LAPTOP-I8K1DAMV\rohin"
"2026-04-21T06:07:39.5763692+05:30","5","Process terminated:
RuleName: -
UtcTime: 2026-04-21 00:37:39.575
ProcessGuid: {a65b9ff6-c6d3-69e6-6205-000000001b00}
ProcessId: 13568
Image: C:\Windows\System32\conhost.exe
User: LAPTOP-I8K1DAMV\rohin"
"2026-04-21T06:07:39.5737238+05:30","5","Process terminated:
RuleName: -
UtcTime: 2026-04-21 00:37:39.573
ProcessGuid: {a65b9ff6-c6d3-69e6-6105-000000001b00}
ProcessId: 17540
Image: C:\Program Files\Git\cmd\git.exe
User: LAPTOP-I8K1DAMV\rohin"
"2026-04-21T06:07:39.5678969+05:30","5","Process terminated:
RuleName: -
UtcTime: 2026-04-21 00:37:39.567
ProcessGuid: {a65b9ff6-c6d3-69e6-6305-000000001b00}
ProcessId: 16916
Image: C:\Program Files\Git\mingw64\bin\git.exe
User: LAPTOP-I8K1DAMV\rohin"
"2026-04-21T06:07:36.3058127+05:30","5","Process terminated:
RuleName: -
UtcTime: 2026-04-21 00:37:36.305
ProcessGuid: {a65b9ff6-c6d0-69e6-5f05-000000001b00}
ProcessId: 25216
Image: C:\Windows\System32\conhost.exe
User: LAPTOP-I8K1DAMV\rohin"
"2026-04-21T06:07:36.3025930+05:30","5","Process terminated:
RuleName: -
UtcTime: 2026-04-21 00:37:36.302
ProcessGuid: {a65b9ff6-c6d0-69e6-5e05-000000001b00}
ProcessId: 23804
Image: C:\elasticsearch-9.3.1\jdk\bin\java.exe
User: LAPTOP-I8K1DAMV\rohin"
"2026-04-21T06:07:36.0500390+05:30","5","Process terminated:
RuleName: -
UtcTime: 2026-04-21 00:37:36.049
ProcessGuid: {a65b9ff6-c6cf-69e6-5d05-000000001b00}
ProcessId: 9832
Image: C:\Windows\System32\conhost.exe
User: LAPTOP-I8K1DAMV\rohin"
"2026-04-21T06:07:36.0474371+05:30","5","Process terminated:
RuleName: -
UtcTime: 2026-04-21 00:37:36.047
ProcessGuid: {a65b9ff6-c6cf-69e6-5c05-000000001b00}
ProcessId: 17180
Image: C:\elasticsearch-9.3.1\jdk\bin\java.exe
User: LAPTOP-I8K1DAMV\rohin"
"2026-04-21T06:07:35.4961346+05:30","5","Process terminated:
RuleName: -
UtcTime: 2026-04-21 00:37:35.495
ProcessGuid: {a65b9ff6-c6cd-69e6-5b05-000000001b00}
ProcessId: 9800
Image: C:\Windows\System32\conhost.exe
User: LAPTOP-I8K1DAMV\rohin"
"2026-04-21T06:07:35.4932324+05:30","5","Process terminated:
RuleName: -
UtcTime: 2026-04-21 00:37:35.492
ProcessGuid: {a65b9ff6-c6cd-69e6-5a05-000000001b00}
ProcessId: 3920
Image: C:\Program Files\Docker\Docker\resources\bin\docker.exe
User: LAPTOP-I8K1DAMV\rohin"
"2026-04-21T06:07:25.4663124+05:30","5","Process terminated:
RuleName: -
UtcTime: 2026-04-21 00:37:25.465
ProcessGuid: {a65b9ff6-c6c3-69e6-5705-000000001b00}
ProcessId: 3328
Image: C:\Windows\System32\conhost.exe
User: LAPTOP-I8K1DAMV\rohin"
"2026-04-21T06:07:25.4637096+05:30","5","Process terminated:
RuleName: -
UtcTime: 2026-04-21 00:37:25.463
ProcessGuid: {a65b9ff6-c6c3-69e6-5605-000000001b00}
ProcessId: 14464
Image: C:\Program Files\Docker\Docker\resources\bin\docker.exe
User: LAPTOP-I8K1DAMV\rohin"
"2026-04-21T06:07:23.8908688+05:30","5","Process terminated:
RuleName: -
UtcTime: 2026-04-21 00:37:23.889
ProcessGuid: {a65b9ff6-c6c1-69e6-5405-000000001b00}
ProcessId: 13156
Image: C:\Windows\System32\taskhostw.exe
User: NT AUTHORITY\SYSTEM"
"2026-04-21T06:07:20.9780185+05:30","5","Process terminated:
RuleName: -
UtcTime: 2026-04-21 00:37:20.976
ProcessGuid: {a65b9ff6-c6be-69e6-4b05-000000001b00}
ProcessId: 15472
Image: C:\Program Files\Google\Chrome\Application\chrome.exe
User: LAPTOP-I8K1DAMV\rohin"
"2026-04-21T06:07:20.5953158+05:30","5","Process terminated:
RuleName: -
UtcTime: 2026-04-21 00:37:20.594
ProcessGuid: {a65b9ff6-c6c0-69e6-5205-000000001b00}
ProcessId: 12800
Image: C:\Windows\System32\backgroundTaskHost.exe
User: LAPTOP-I8K1DAMV\rohin"
"2026-04-21T06:07:15.4674451+05:30","5","Process terminated:
RuleName: -
UtcTime: 2026-04-21 00:37:15.467
ProcessGuid: {a65b9ff6-c6b9-69e6-4a05-000000001b00}
ProcessId: 26140
Image: C:\Windows\System32\conhost.exe
User: LAPTOP-I8K1DAMV\rohin"
"2026-04-21T06:07:15.4639216+05:30","5","Process terminated:
RuleName: -
UtcTime: 2026-04-21 00:37:15.463
ProcessGuid: {a65b9ff6-c6b9-69e6-4905-000000001b00}
ProcessId: 10272
Image: C:\Program Files\Docker\Docker\resources\bin\docker.exe
User: LAPTOP-I8K1DAMV\rohin"
"2026-04-21T06:07:13.6198675+05:30","5","Process terminated:
RuleName: -
UtcTime: 2026-04-21 00:37:13.619
ProcessGuid: {a65b9ff6-c6b7-69e6-4805-000000001b00}
ProcessId: 15528
Image: C:\Program Files\Google\Chrome\Application\chrome.exe
User: LAPTOP-I8K1DAMV\rohin"
"2026-04-21T06:07:10.2672118+05:30","5","Process terminated:
RuleName: -
UtcTime: 2026-04-21 00:37:10.266
ProcessGuid: {a65b9ff6-c6b3-69e6-4705-000000001b00}
ProcessId: 4660
Image: C:\Program Files\Google\Chrome\Application\chrome.exe
User: LAPTOP-I8K1DAMV\rohin"
"2026-04-21T06:07:07.8655942+05:30","5","Process terminated:
RuleName: -
UtcTime: 2026-04-21 00:37:07.865
ProcessGuid: {a65b9ff6-c6b3-69e6-4605-000000001b00}
ProcessId: 26416
Image: C:\Program Files\Google\Chrome\Application\chrome.exe
User: LAPTOP-I8K1DAMV\rohin"
"2026-04-21T06:07:07.8555113+05:30","5","Process terminated:
RuleName: -
UtcTime: 2026-04-21 00:37:07.854
ProcessGuid: {a65b9ff6-c6b3-69e6-4505-000000001b00}
ProcessId: 4384
Image: C:\Program Files\Google\Chrome\Application\chrome.exe
User: LAPTOP-I8K1DAMV\rohin"
"2026-04-21T06:07:06.0140613+05:30","5","Process terminated:
RuleName: -
UtcTime: 2026-04-21 00:37:06.013
ProcessGuid: {a65b9ff6-c6b1-69e6-4305-000000001b00}
ProcessId: 27328
Image: C:\Windows\System32\conhost.exe
User: LAPTOP-I8K1DAMV\rohin"
"2026-04-21T06:07:06.0117333+05:30","5","Process terminated:
RuleName: -
UtcTime: 2026-04-21 00:37:06.011
ProcessGuid: {a65b9ff6-c6b1-69e6-4205-000000001b00}
ProcessId: 14208
Image: C:\Program Files\Git\cmd\git.exe
User: LAPTOP-I8K1DAMV\rohin"
"2026-04-21T06:07:06.0077658+05:30","5","Process terminated:
RuleName: -
UtcTime: 2026-04-21 00:37:06.007
ProcessGuid: {a65b9ff6-c6b1-69e6-4405-000000001b00}
ProcessId: 7564
Image: C:\Program Files\Git\mingw64\bin\git.exe
User: LAPTOP-I8K1DAMV\rohin"
"2026-04-21T06:07:05.5101998+05:30","5","Process terminated:
RuleName: -
UtcTime: 2026-04-21 00:37:05.509
ProcessGuid: {a65b9ff6-c6af-69e6-4005-000000001b00}
ProcessId: 2804
Image: C:\Windows\System32\conhost.exe
User: LAPTOP-I8K1DAMV\rohin"
"2026-04-21T06:07:05.5073364+05:30","5","Process terminated:
RuleName: -
UtcTime: 2026-04-21 00:37:05.507
ProcessGuid: {a65b9ff6-c6af-69e6-3f05-000000001b00}
ProcessId: 9712
Image: C:\Program Files\Docker\Docker\resources\bin\docker.exe
User: LAPTOP-I8K1DAMV\rohin"
"2026-04-21T06:07:03.5832175+05:30","5","Process terminated:
RuleName: -
UtcTime: 2026-04-21 00:37:03.582
ProcessGuid: {a65b9ff6-c6af-69e6-4105-000000001b00}
ProcessId: 5296
Image: C:\Program Files\Google\Chrome\Application\chrome.exe
User: LAPTOP-I8K1DAMV\rohin"
"2026-04-21T06:07:02.6962702+05:30","5","Process terminated:
RuleName: -
UtcTime: 2026-04-21 00:37:02.683
ProcessGuid: {a65b9ff6-c651-69e6-0b05-000000001b00}
ProcessId: 23924
Image: C:\Windows\System32\svchost.exe
User: NT AUTHORITY\SYSTEM"
"2026-04-21T06:07:02.5396923+05:30","5","Process terminated:
RuleName: -
UtcTime: 2026-04-21 00:37:02.539
ProcessGuid: {a65b9ff6-c6ae-69e6-3e05-000000001b00}
ProcessId: 24760
Image: C:\Program Files\Google\Chrome\Application\chrome.exe
User: LAPTOP-I8K1DAMV\rohin"
"2026-04-21T06:07:02.4172769+05:30","5","Process terminated:
RuleName: -
UtcTime: 2026-04-21 00:37:02.417
ProcessGuid: {a65b9ff6-c6ae-69e6-3d05-000000001b00}
ProcessId: 10540
Image: C:\Program Files\Google\Chrome\Application\chrome.exe
User: LAPTOP-I8K1DAMV\rohin"
"2026-04-21T06:07:02.4077767+05:30","5","Process terminated:
RuleName: -
UtcTime: 2026-04-21 00:37:02.405
ProcessGuid: {a65b9ff6-c6ae-69e6-3c05-000000001b00}
ProcessId: 20980
Image: C:\Program Files\Google\Chrome\Application\chrome.exe
User: LAPTOP-I8K1DAMV\rohin"
"2026-04-21T06:07:01.2106076+05:30","5","Process terminated:
RuleName: -
UtcTime: 2026-04-21 00:37:01.210
ProcessGuid: {a65b9ff6-c6ad-69e6-3a05-000000001b00}
ProcessId: 21600
Image: C:\Windows\System32\conhost.exe
User: LAPTOP-I8K1DAMV\rohin"
"2026-04-21T06:07:01.2086374+05:30","5","Process terminated:
RuleName: -
UtcTime: 2026-04-21 00:37:01.208
ProcessGuid: {a65b9ff6-c6ad-69e6-3905-000000001b00}
ProcessId: 20156
Image: C:\Program Files\Git\cmd\git.exe
User: LAPTOP-I8K1DAMV\rohin"
"2026-04-21T06:07:01.2055153+05:30","5","Process terminated:
RuleName: -
UtcTime: 2026-04-21 00:37:01.205
ProcessGuid: {a65b9ff6-c6ad-69e6-3b05-000000001b00}
ProcessId: 12884
Image: C:\Program Files\Git\mingw64\bin\git.exe
User: LAPTOP-I8K1DAMV\rohin"
"2026-04-21T06:06:55.4770103+05:30","5","Process terminated:
RuleName: -
UtcTime: 2026-04-21 00:36:55.476
ProcessGuid: {a65b9ff6-c6a5-69e6-3805-000000001b00}
ProcessId: 5044
Image: C:\Windows\System32\conhost.exe
User: LAPTOP-I8K1DAMV\rohin"
"2026-04-21T06:06:55.4744448+05:30","5","Process terminated:
RuleName: -
UtcTime: 2026-04-21 00:36:55.474
ProcessGuid: {a65b9ff6-c6a5-69e6-3705-000000001b00}
ProcessId: 10632
Image: C:\Program Files\Docker\Docker\resources\bin\docker.exe
User: LAPTOP-I8K1DAMV\rohin"
"2026-04-21T06:06:45.9043035+05:30","5","Process terminated:
RuleName: -
UtcTime: 2026-04-21 00:36:45.903
ProcessGuid: {a65b9ff6-c5bd-69e6-cf04-000000001b00}
ProcessId: 24308
Image: C:\Program Files\Google\Chrome\Application\chrome.exe
User: LAPTOP-I8K1DAMV\rohin"
"2026-04-21T06:06:45.9041307+05:30","5","Process terminated:
RuleName: -
UtcTime: 2026-04-21 00:36:45.903
ProcessGuid: {a65b9ff6-c5b8-69e6-cc04-000000001b00}
ProcessId: 10020
Image: C:\Program Files\Google\Chrome\Application\chrome.exe
User: LAPTOP-I8K1DAMV\rohin"
"2026-04-21T06:06:45.4788303+05:30","5","Process terminated:
RuleName: -
UtcTime: 2026-04-21 00:36:45.478
ProcessGuid: {a65b9ff6-c69b-69e6-3505-000000001b00}
ProcessId: 24548
Image: C:\Windows\System32\conhost.exe
User: LAPTOP-I8K1DAMV\rohin"
"2026-04-21T06:06:45.4755118+05:30","5","Process terminated:
RuleName: -
UtcTime: 2026-04-21 00:36:45.475
ProcessGuid: {a65b9ff6-c69b-69e6-3405-000000001b00}
ProcessId: 14248
Image: C:\Program Files\Docker\Docker\resources\bin\docker.exe
User: LAPTOP-I8K1DAMV\rohin"
"2026-04-21T06:06:45.4330232+05:30","5","Process terminated:
RuleName: -
UtcTime: 2026-04-21 00:36:45.425
ProcessGuid: {a65b9ff6-c5b6-69e6-cb04-000000001b00}
ProcessId: 26268
Image: C:\Program Files\Google\Chrome\Application\chrome.exe
User: LAPTOP-I8K1DAMV\rohin"
"2026-04-21T06:06:40.2322267+05:30","5","Process terminated:
RuleName: -
UtcTime: 2026-04-21 00:36:40.231
ProcessGuid: {a65b9ff6-c698-69e6-3205-000000001b00}
ProcessId: 13996
Image: C:\Program Files\Google\Chrome\Application\chrome.exe
User: LAPTOP-I8K1DAMV\rohin"
"2026-04-21T06:06:40.2222501+05:30","5","Process terminated:
RuleName: -
UtcTime: 2026-04-21 00:36:40.221
ProcessGuid: {a65b9ff6-c698-69e6-3105-000000001b00}
ProcessId: 17204
Image: C:\Program Files\Google\Chrome\Application\chrome.exe
User: LAPTOP-I8K1DAMV\rohin"
"2026-04-21T06:06:35.4827960+05:30","5","Process terminated:
RuleName: -
UtcTime: 2026-04-21 00:36:35.482
ProcessGuid: {a65b9ff6-c691-69e6-3005-000000001b00}
ProcessId: 20900
Image: C:\Windows\System32\conhost.exe
User: LAPTOP-I8K1DAMV\rohin"
"2026-04-21T06:06:35.4800899+05:30","5","Process terminated:
RuleName: -
UtcTime: 2026-04-21 00:36:35.479
ProcessGuid: {a65b9ff6-c691-69e6-2f05-000000001b00}
ProcessId: 2236
Image: C:\Program Files\Docker\Docker\resources\bin\docker.exe
User: LAPTOP-I8K1DAMV\rohin"
"2026-04-21T06:06:30.9083314+05:30","5","Process terminated:
RuleName: -
UtcTime: 2026-04-21 00:36:30.908
ProcessGuid: {a65b9ff6-c68e-69e6-2d05-000000001b00}
ProcessId: 17208
Image: C:\Windows\System32\conhost.exe
User: LAPTOP-I8K1DAMV\rohin"
"2026-04-21T06:06:30.9058037+05:30","5","Process terminated:
RuleName: -
UtcTime: 2026-04-21 00:36:30.904
ProcessGuid: {a65b9ff6-c68e-69e6-2c05-000000001b00}
ProcessId: 27364
Image: C:\Program Files\Git\cmd\git.exe
User: LAPTOP-I8K1DAMV\rohin"
"2026-04-21T06:06:30.9018332+05:30","5","Process terminated:
RuleName: -
UtcTime: 2026-04-21 00:36:30.901
ProcessGuid: {a65b9ff6-c68e-69e6-2e05-000000001b00}
ProcessId: 15188
Image: C:\Program Files\Git\mingw64\bin\git.exe
User: LAPTOP-I8K1DAMV\rohin"
"2026-04-21T06:06:19.3849881+05:30","5","Process terminated:
RuleName: -
UtcTime: 2026-04-21 00:36:19.384
ProcessGuid: {a65b9ff6-c677-69e6-1f05-000000001b00}
ProcessId: 13648
Image: C:\Program Files\Docker\Docker\resources\bin\docker-compose.exe
User: LAPTOP-I8K1DAMV\rohin"
"2026-04-21T06:06:18.9939371+05:30","5","Process terminated:
RuleName: -
UtcTime: 2026-04-21 00:36:18.993
ProcessGuid: {a65b9ff6-c680-69e6-2b05-000000001b00}
ProcessId: 26316
Image: C:\Windows\System32\conhost.exe
User: LAPTOP-I8K1DAMV\rohin"
"2026-04-21T06:06:18.9894207+05:30","5","Process terminated:
RuleName: -
UtcTime: 2026-04-21 00:36:18.988
ProcessGuid: {a65b9ff6-c680-69e6-2a05-000000001b00}
ProcessId: 25056
Image: C:\Program Files\Docker\Docker\resources\bin\docker.exe
User: LAPTOP-I8K1DAMV\rohin"
"2026-04-21T06:06:15.6240900+05:30","5","Process terminated:
RuleName: -
UtcTime: 2026-04-21 00:36:15.623
ProcessGuid: {a65b9ff6-c678-69e6-2205-000000001b00}
ProcessId: 17372
Image: C:\Program Files\Docker\cli-plugins\docker-buildx.exe
User: LAPTOP-I8K1DAMV\rohin"
"2026-04-21T06:06:09.7296018+05:30","5","Process terminated:
RuleName: -
UtcTime: 2026-04-21 00:36:09.729
ProcessGuid: {a65b9ff6-c679-69e6-2705-000000001b00}
ProcessId: 7972
Image: C:\Program Files\Docker\Docker\resources\bin\docker-credential-desktop.exe
User: LAPTOP-I8K1DAMV\rohin"
"2026-04-21T06:06:09.7271123+05:30","5","Process terminated:
RuleName: -
UtcTime: 2026-04-21 00:36:09.726
ProcessGuid: {a65b9ff6-c679-69e6-2805-000000001b00}
ProcessId: 5496
Image: C:\Program Files\Docker\Docker\resources\bin\docker-credential-wincred.exe
User: LAPTOP-I8K1DAMV\rohin"
"2026-04-21T06:06:09.2832806+05:30","5","Process terminated:
RuleName: -
UtcTime: 2026-04-21 00:36:09.281
ProcessGuid: {a65b9ff6-c679-69e6-2505-000000001b00}
ProcessId: 26740
Image: C:\Program Files\Git\cmd\git.exe
User: LAPTOP-I8K1DAMV\rohin"
"2026-04-21T06:06:09.2796499+05:30","5","Process terminated:
RuleName: -
UtcTime: 2026-04-21 00:36:09.277
ProcessGuid: {a65b9ff6-c679-69e6-2605-000000001b00}
ProcessId: 4688
Image: C:\Program Files\Git\mingw64\bin\git.exe
User: LAPTOP-I8K1DAMV\rohin"
"2026-04-21T06:06:09.0979425+05:30","5","Process terminated:
RuleName: -
UtcTime: 2026-04-21 00:36:09.097
ProcessGuid: {a65b9ff6-c679-69e6-2305-000000001b00}
ProcessId: 16928
Image: C:\Program Files\Git\cmd\git.exe
User: LAPTOP-I8K1DAMV\rohin"
"2026-04-21T06:06:09.0944087+05:30","5","Process terminated:
RuleName: -
UtcTime: 2026-04-21 00:36:09.093
ProcessGuid: {a65b9ff6-c679-69e6-2405-000000001b00}
ProcessId: 27208
Image: C:\Program Files\Git\mingw64\bin\git.exe
User: LAPTOP-I8K1DAMV\rohin"
"2026-04-21T06:06:09.0600220+05:30","5","Process terminated:
RuleName: -
UtcTime: 2026-04-21 00:36:09.059
ProcessGuid: {a65b9ff6-c676-69e6-1e05-000000001b00}
ProcessId: 26320
Image: C:\Windows\System32\conhost.exe
User: LAPTOP-I8K1DAMV\rohin"
"2026-04-21T06:06:09.0566999+05:30","5","Process terminated:
RuleName: -
UtcTime: 2026-04-21 00:36:09.056
ProcessGuid: {a65b9ff6-c676-69e6-1d05-000000001b00}
ProcessId: 12824
Image: C:\Program Files\Docker\Docker\resources\bin\docker.exe
User: LAPTOP-I8K1DAMV\rohin"
"2026-04-21T06:06:08.3608499+05:30","5","Process terminated:
RuleName: -
UtcTime: 2026-04-21 00:36:08.360
ProcessGuid: {a65b9ff6-c678-69e6-2105-000000001b00}
ProcessId: 13872
Image: C:\Program Files\Docker\cli-plugins\docker-buildx.exe
User: LAPTOP-I8K1DAMV\rohin"
"2026-04-21T06:06:08.2872006+05:30","5","Process terminated:
RuleName: -
UtcTime: 2026-04-21 00:36:08.287
ProcessGuid: {a65b9ff6-c678-69e6-2005-000000001b00}
ProcessId: 27312
Image: C:\Program Files\Docker\cli-plugins\docker-buildx.exe
User: LAPTOP-I8K1DAMV\rohin"
"2026-04-21T06:06:02.1711885+05:30","5","Process terminated:
RuleName: -
UtcTime: 2026-04-21 00:36:02.170
ProcessGuid: {a65b9ff6-c672-69e6-1c05-000000001b00}
ProcessId: 25220
Image: C:\Windows\SystemApps\MicrosoftWindows.Client.CBS_cw5n1h2txyewy\SoftLandingTask\SoftLandingTask.exe
User: LAPTOP-I8K1DAMV\rohin"
"2026-04-21T06:06:02.1699810+05:30","5","Process terminated:
RuleName: -
UtcTime: 2026-04-21 00:36:02.169
ProcessGuid: {a65b9ff6-c671-69e6-1b05-000000001b00}
ProcessId: 11220
Image: C:\Windows\System32\taskhostw.exe
User: LAPTOP-I8K1DAMV\rohin"
"2026-04-21T06:05:59.7432066+05:30","5","Process terminated:
RuleName: -
UtcTime: 2026-04-21 00:35:59.741
ProcessGuid: {a65b9ff6-c07d-69e6-5800-000000001b00}
ProcessId: 5252
Image: C:\Windows\System32\wbem\WmiPrvSE.exe
User: NT AUTHORITY\NETWORK SERVICE"
"2026-04-21T06:05:59.0393657+05:30","5","Process terminated:
RuleName: -
UtcTime: 2026-04-21 00:35:59.038
ProcessGuid: {a65b9ff6-c66c-69e6-1a05-000000001b00}
ProcessId: 23708
Image: C:\Windows\System32\conhost.exe
User: LAPTOP-I8K1DAMV\rohin"
"2026-04-21T06:05:59.0365624+05:30","5","Process terminated:
RuleName: -
UtcTime: 2026-04-21 00:35:59.036
ProcessGuid: {a65b9ff6-c66c-69e6-1905-000000001b00}
ProcessId: 11728
Image: C:\Program Files\Docker\Docker\resources\bin\docker.exe
User: LAPTOP-I8K1DAMV\rohin"
"2026-04-21T06:05:55.4503490+05:30","5","Process terminated:
RuleName: -
UtcTime: 2026-04-21 00:35:55.450
ProcessGuid: {a65b9ff6-c5b5-69e6-ca04-000000001b00}
ProcessId: 8252
Image: C:\Windows\System32\svchost.exe
User: NT AUTHORITY\SYSTEM"
"2026-04-21T06:05:49.0477352+05:30","5","Process terminated:
RuleName: -
UtcTime: 2026-04-21 00:35:49.047
ProcessGuid: {a65b9ff6-c662-69e6-1805-000000001b00}
ProcessId: 14248
Image: C:\Windows\System32\conhost.exe
User: LAPTOP-I8K1DAMV\rohin"
"2026-04-21T06:05:49.0446790+05:30","5","Process terminated:
RuleName: -
UtcTime: 2026-04-21 00:35:49.044
ProcessGuid: {a65b9ff6-c662-69e6-1705-000000001b00}
ProcessId: 24548
Image: C:\Program Files\Docker\Docker\resources\bin\docker.exe
User: LAPTOP-I8K1DAMV\rohin"
"2026-04-21T06:05:46.8855713+05:30","5","Process terminated:
RuleName: -
UtcTime: 2026-04-21 00:35:46.885
ProcessGuid: {a65b9ff6-c662-69e6-1605-000000001b00}
ProcessId: 25360
Image: C:\Program Files\Docker\Docker\resources\bin\docker-compose.exe
User: LAPTOP-I8K1DAMV\rohin"
"2026-04-21T06:05:41.6906201+05:30","5","Process terminated:
RuleName: -
UtcTime: 2026-04-21 00:35:41.690
ProcessGuid: {a65b9ff6-c65d-69e6-1505-000000001b00}
ProcessId: 420
Image: C:\Program Files\Docker\Docker\resources\bin\docker-compose.exe
User: LAPTOP-I8K1DAMV\rohin"
"2026-04-21T06:05:38.9903311+05:30","5","Process terminated:
RuleName: -
UtcTime: 2026-04-21 00:35:38.989
ProcessGuid: {a65b9ff6-c658-69e6-1405-000000001b00}
ProcessId: 3768
Image: C:\Windows\System32\conhost.exe
User: LAPTOP-I8K1DAMV\rohin"
"2026-04-21T06:05:38.9875095+05:30","5","Process terminated:
RuleName: -
UtcTime: 2026-04-21 00:35:38.987
ProcessGuid: {a65b9ff6-c658-69e6-1305-000000001b00}
ProcessId: 25192
Image: C:\Program Files\Docker\Docker\resources\bin\docker.exe
User: LAPTOP-I8K1DAMV\rohin"
"2026-04-21T06:05:35.2756657+05:30","5","Process terminated:
RuleName: -
UtcTime: 2026-04-21 00:35:35.275
ProcessGuid: {a65b9ff6-c657-69e6-0e05-000000001b00}
ProcessId: 26028
Image: C:\Windows\System32\conhost.exe
User: LAPTOP-I8K1DAMV\rohin"
"2026-04-21T06:05:35.2721305+05:30","5","Process terminated:
RuleName: -
UtcTime: 2026-04-21 00:35:35.271
ProcessGuid: {a65b9ff6-c657-69e6-0d05-000000001b00}
ProcessId: 27060
Image: C:\Windows\System32\cmd.exe
User: LAPTOP-I8K1DAMV\rohin"
"2026-04-21T06:05:35.2670269+05:30","5","Process terminated:
RuleName: -
UtcTime: 2026-04-21 00:35:35.266
ProcessGuid: {a65b9ff6-c657-69e6-0f05-000000001b00}
ProcessId: 25648
Image: C:\Windows\System32\wsl.exe
User: LAPTOP-I8K1DAMV\rohin"
"2026-04-21T06:05:35.2625250+05:30","5","Process terminated:
RuleName: -
UtcTime: 2026-04-21 00:35:35.261
ProcessGuid: {a65b9ff6-c657-69e6-1105-000000001b00}
ProcessId: 14876
Image: C:\Program Files\WSL\wsl.exe
User: LAPTOP-I8K1DAMV\rohin"
"2026-04-21T06:05:33.2797787+05:30","5","Process terminated:
RuleName: -
UtcTime: 2026-04-21 00:35:33.278
ProcessGuid: {a65b9ff6-c652-69e6-0c05-000000001b00}
ProcessId: 5496
Image: C:\Program Files\Docker\Docker\resources\bin\docker-compose.exe
User: LAPTOP-I8K1DAMV\rohin"
"2026-04-21T06:05:28.9125484+05:30","5","Process terminated:
RuleName: -
UtcTime: 2026-04-21 00:35:28.912
ProcessGuid: {a65b9ff6-c64e-69e6-0905-000000001b00}
ProcessId: 21616
Image: C:\Windows\System32\conhost.exe
User: LAPTOP-I8K1DAMV\rohin"
"2026-04-21T06:05:28.9100763+05:30","5","Process terminated:
RuleName: -
UtcTime: 2026-04-21 00:35:28.909
ProcessGuid: {a65b9ff6-c64e-69e6-0805-000000001b00}
ProcessId: 18668
Image: C:\Program Files\Docker\Docker\resources\bin\docker.exe
User: LAPTOP-I8K1DAMV\rohin"
"2026-04-21T06:05:19.1233745+05:30","5","Process terminated:
RuleName: -
UtcTime: 2026-04-21 00:35:19.122
ProcessGuid: {a65b9ff6-c644-69e6-0705-000000001b00}
ProcessId: 26628
Image: C:\Windows\System32\conhost.exe
User: LAPTOP-I8K1DAMV\rohin"
"2026-04-21T06:05:19.1204806+05:30","5","Process terminated:
RuleName: -
UtcTime: 2026-04-21 00:35:19.120
ProcessGuid: {a65b9ff6-c644-69e6-0605-000000001b00}
ProcessId: 10732
Image: C:\Program Files\Docker\Docker\resources\bin\docker.exe
User: LAPTOP-I8K1DAMV\rohin"
"2026-04-21T06:05:09.0217241+05:30","5","Process terminated:
RuleName: -
UtcTime: 2026-04-21 00:35:09.021
ProcessGuid: {a65b9ff6-c63a-69e6-0505-000000001b00}
ProcessId: 9716
Image: C:\Windows\System32\conhost.exe
User: LAPTOP-I8K1DAMV\rohin"
"2026-04-21T06:05:09.0182211+05:30","5","Process terminated:
RuleName: -
UtcTime: 2026-04-21 00:35:09.017
ProcessGuid: {a65b9ff6-c63a-69e6-0405-000000001b00}
ProcessId: 15576
Image: C:\Program Files\Docker\Docker\resources\bin\docker.exe
User: LAPTOP-I8K1DAMV\rohin"
"2026-04-21T06:05:02.6022760+05:30","5","Process terminated:
RuleName: -
UtcTime: 2026-04-21 00:35:02.601
ProcessGuid: {a65b9ff6-c4fb-69e6-8704-000000001b00}
ProcessId: 11012
Image: C:\Windows\System32\svchost.exe
User: NT AUTHORITY\SYSTEM"
"2026-04-21T06:04:58.9473494+05:30","5","Process terminated:
RuleName: -
UtcTime: 2026-04-21 00:34:58.946
ProcessGuid: {a65b9ff6-c630-69e6-0305-000000001b00}
ProcessId: 11740
Image: C:\Windows\System32\conhost.exe
User: LAPTOP-I8K1DAMV\rohin"
"2026-04-21T06:04:58.9441144+05:30","5","Process terminated:
RuleName: -
UtcTime: 2026-04-21 00:34:58.943
ProcessGuid: {a65b9ff6-c630-69e6-0205-000000001b00}
ProcessId: 25324
Image: C:\Program Files\Docker\Docker\resources\bin\docker.exe
User: LAPTOP-I8K1DAMV\rohin"
"2026-04-21T06:04:52.0926915+05:30","5","Process terminated:
RuleName: -
UtcTime: 2026-04-21 00:34:52.091
ProcessGuid: {a65b9ff6-c629-69e6-0105-000000001b00}
ProcessId: 21620
Image: C:\Program Files\Google\Chrome\Application\chrome.exe
User: LAPTOP-I8K1DAMV\rohin"
"2026-04-21T06:04:48.9705305+05:30","5","Process terminated:
RuleName: -
UtcTime: 2026-04-21 00:34:48.970
ProcessGuid: {a65b9ff6-c626-69e6-fd04-000000001b00}
ProcessId: 16952
Image: C:\Windows\System32\conhost.exe
User: LAPTOP-I8K1DAMV\rohin"
"2026-04-21T06:04:48.9659247+05:30","5","Process terminated:
RuleName: -
UtcTime: 2026-04-21 00:34:48.965
ProcessGuid: {a65b9ff6-c626-69e6-fc04-000000001b00}
ProcessId: 17180
Image: C:\Program Files\Docker\Docker\resources\bin\docker.exe
User: LAPTOP-I8K1DAMV\rohin"
"2026-04-21T06:04:48.9524831+05:30","5","Process terminated:
RuleName: -
UtcTime: 2026-04-21 00:34:48.951
ProcessGuid: {a65b9ff6-c628-69e6-ff04-000000001b00}
ProcessId: 10096
Image: C:\Windows\System32\conhost.exe
User: LAPTOP-I8K1DAMV\rohin"
"2026-04-21T06:04:48.9490625+05:30","5","Process terminated:
RuleName: -
UtcTime: 2026-04-21 00:34:48.948
ProcessGuid: {a65b9ff6-c628-69e6-fe04-000000001b00}
ProcessId: 18924
Image: C:\Program Files\Git\cmd\git.exe
User: LAPTOP-I8K1DAMV\rohin"
"2026-04-21T06:04:48.9431101+05:30","5","Process terminated:
RuleName: -
UtcTime: 2026-04-21 00:34:48.942
ProcessGuid: {a65b9ff6-c628-69e6-0005-000000001b00}
ProcessId: 20944
Image: C:\Program Files\Git\mingw64\bin\git.exe
User: LAPTOP-I8K1DAMV\rohin"
"2026-04-21T06:04:38.9629675+05:30","5","Process terminated:
RuleName: -
UtcTime: 2026-04-21 00:34:38.962
ProcessGuid: {a65b9ff6-c61c-69e6-fb04-000000001b00}
ProcessId: 24212
Image: C:\Windows\System32\conhost.exe
User: LAPTOP-I8K1DAMV\rohin"
"2026-04-21T06:04:38.9600067+05:30","5","Process terminated:
RuleName: -
UtcTime: 2026-04-21 00:34:38.959
ProcessGuid: {a65b9ff6-c61c-69e6-fa04-000000001b00}
ProcessId: 27404
Image: C:\Program Files\Docker\Docker\resources\bin\docker.exe
User: LAPTOP-I8K1DAMV\rohin"
"2026-04-21T06:04:26.0803611+05:30","5","Process terminated:
RuleName: -
UtcTime: 2026-04-21 00:34:26.080
ProcessGuid: {a65b9ff6-c60f-69e6-f904-000000001b00}
ProcessId: 11588
Image: C:\Windows\System32\conhost.exe
User: LAPTOP-I8K1DAMV\rohin"
"2026-04-21T06:04:26.0772104+05:30","5","Process terminated:
RuleName: -
UtcTime: 2026-04-21 00:34:26.076
ProcessGuid: {a65b9ff6-c60f-69e6-f804-000000001b00}
ProcessId: 12160
Image: C:\Program Files\Docker\Docker\resources\bin\docker.exe
User: LAPTOP-I8K1DAMV\rohin"
"2026-04-21T06:04:16.0587954+05:30","5","Process terminated:
RuleName: -
UtcTime: 2026-04-21 00:34:16.058
ProcessGuid: {a65b9ff6-c605-69e6-f704-000000001b00}
ProcessId: 26492
Image: C:\Windows\System32\conhost.exe
User: LAPTOP-I8K1DAMV\rohin"
"2026-04-21T06:04:16.0548441+05:30","5","Process terminated:
RuleName: -
UtcTime: 2026-04-21 00:34:16.054
ProcessGuid: {a65b9ff6-c605-69e6-f604-000000001b00}
ProcessId: 10340
Image: C:\Program Files\Docker\Docker\resources\bin\docker.exe
User: LAPTOP-I8K1DAMV\rohin"
"2026-04-21T06:04:07.2228252+05:30","5","Process terminated:
RuleName: -
UtcTime: 2026-04-21 00:34:07.222
ProcessGuid: {a65b9ff6-c563-69e6-a604-000000001b00}
ProcessId: 14508
Image: C:\Program Files\Docker\Docker\resources\bin\docker-compose.exe
User: LAPTOP-I8K1DAMV\rohin"
"2026-04-21T06:04:05.0380060+05:30","5","Process terminated:
RuleName: -
UtcTime: 2026-04-21 00:34:05.037
ProcessGuid: {a65b9ff6-c5fb-69e6-f404-000000001b00}
ProcessId: 24300
Image: C:\Windows\System32\conhost.exe
User: LAPTOP-I8K1DAMV\rohin"
"2026-04-21T06:04:05.0351842+05:30","5","Process terminated:
RuleName: -
UtcTime: 2026-04-21 00:34:05.035
ProcessGuid: {a65b9ff6-c5fb-69e6-f304-000000001b00}
ProcessId: 3248
Image: C:\Program Files\Docker\Docker\resources\bin\docker.exe
User: LAPTOP-I8K1DAMV\rohin"
"2026-04-21T06:03:55.1472765+05:30","5","Process terminated:
RuleName: -
UtcTime: 2026-04-21 00:33:55.147
ProcessGuid: {a65b9ff6-c5f1-69e6-f204-000000001b00}
ProcessId: 17316
Image: C:\Windows\System32\conhost.exe
User: LAPTOP-I8K1DAMV\rohin"
"2026-04-21T06:03:55.1440496+05:30","5","Process terminated:
RuleName: -
UtcTime: 2026-04-21 00:33:55.143
ProcessGuid: {a65b9ff6-c5f1-69e6-f104-000000001b00}
ProcessId: 14200
Image: C:\Program Files\Docker\Docker\resources\bin\docker.exe
User: LAPTOP-I8K1DAMV\rohin"
"2026-04-21T06:03:52.0565978+05:30","5","Process terminated:
RuleName: -
UtcTime: 2026-04-21 00:33:52.055
ProcessGuid: {a65b9ff6-c552-69e6-9e04-000000001b00}
ProcessId: 24592
Image: C:\Windows\System32\wbem\WmiPrvSE.exe
User: NT AUTHORITY\LOCAL SERVICE"
"2026-04-21T06:03:45.6326444+05:30","5","Process terminated:
RuleName: -
UtcTime: 2026-04-21 00:33:45.631
ProcessGuid: {a65b9ff6-c085-69e6-b700-000000001b00}
ProcessId: 9664
Image: C:\Windows\System32\svchost.exe
User: NT AUTHORITY\SYSTEM"
"2026-04-21T06:03:45.0499147+05:30","5","Process terminated:
RuleName: -
UtcTime: 2026-04-21 00:33:45.049
ProcessGuid: {a65b9ff6-c5e7-69e6-f004-000000001b00}
ProcessId: 19316
Image: C:\Windows\System32\conhost.exe
User: LAPTOP-I8K1DAMV\rohin"
"2026-04-21T06:03:45.0461872+05:30","5","Process terminated:
RuleName: -
UtcTime: 2026-04-21 00:33:45.045
ProcessGuid: {a65b9ff6-c5e7-69e6-ef04-000000001b00}
ProcessId: 4376
Image: C:\Program Files\Docker\Docker\resources\bin\docker.exe
User: LAPTOP-I8K1DAMV\rohin"
"2026-04-21T06:03:45.0340862+05:30","5","Process terminated:
RuleName: -
UtcTime: 2026-04-21 00:33:45.033
ProcessGuid: {a65b9ff6-c582-69e6-b204-000000001b00}
ProcessId: 22004
Image: C:\Windows\System32\SearchProtocolHost.exe
User: NT AUTHORITY\SYSTEM"
"2026-04-21T06:03:35.5310205+05:30","5","Process terminated:
RuleName: -
UtcTime: 2026-04-21 00:33:35.530
ProcessGuid: {a65b9ff6-c5dd-69e6-ee04-000000001b00}
ProcessId: 1824
Image: C:\Windows\System32\conhost.exe
User: LAPTOP-I8K1DAMV\rohin"
"2026-04-21T06:03:35.5278442+05:30","5","Process terminated:
RuleName: -
UtcTime: 2026-04-21 00:33:35.527
ProcessGuid: {a65b9ff6-c5dd-69e6-ed04-000000001b00}
ProcessId: 15404
Image: C:\Program Files\Docker\Docker\resources\bin\docker.exe
User: LAPTOP-I8K1DAMV\rohin"
"2026-04-21T06:03:34.1310905+05:30","5","Process terminated:
RuleName: -
UtcTime: 2026-04-21 00:33:34.130
ProcessGuid: {a65b9ff6-c5cf-69e6-e704-000000001b00}
ProcessId: 22852
Image: C:\Program Files (x86)\Google\GoogleUpdater\148.0.7730.0\updater.exe
User: NT AUTHORITY\SYSTEM"
"2026-04-21T06:03:34.1240883+05:30","5","Process terminated:
RuleName: -
UtcTime: 2026-04-21 00:33:34.123
ProcessGuid: {a65b9ff6-c5c5-69e6-db04-000000001b00}
ProcessId: 10632
Image: C:\Program Files (x86)\Google\GoogleUpdater\148.0.7730.0\updater.exe
User: NT AUTHORITY\SYSTEM"
"2026-04-21T06:03:34.1182541+05:30","5","Process terminated:
RuleName: -
UtcTime: 2026-04-21 00:33:34.115
ProcessGuid: {a65b9ff6-c5cf-69e6-e604-000000001b00}
ProcessId: 26660
Image: C:\Program Files (x86)\Google\GoogleUpdater\148.0.7730.0\updater.exe
User: NT AUTHORITY\SYSTEM"
"2026-04-21T06:03:34.1127823+05:30","5","Process terminated:
RuleName: -
UtcTime: 2026-04-21 00:33:34.111
ProcessGuid: {a65b9ff6-c5c5-69e6-da04-000000001b00}
ProcessId: 16916
Image: C:\Program Files (x86)\Google\GoogleUpdater\148.0.7730.0\updater.exe
User: NT AUTHORITY\SYSTEM"
"2026-04-21T06:03:25.1437217+05:30","5","Process terminated:
RuleName: -
UtcTime: 2026-04-21 00:33:25.143
ProcessGuid: {a65b9ff6-c5d3-69e6-ec04-000000001b00}
ProcessId: 12644
Image: C:\Windows\System32\conhost.exe
User: LAPTOP-I8K1DAMV\rohin"
"2026-04-21T06:03:25.1409672+05:30","5","Process terminated:
RuleName: -
UtcTime: 2026-04-21 00:33:25.140
ProcessGuid: {a65b9ff6-c5d3-69e6-eb04-000000001b00}
ProcessId: 17252
Image: C:\Program Files\Docker\Docker\resources\bin\docker.exe
User: LAPTOP-I8K1DAMV\rohin"
"2026-04-21T06:03:24.1335377+05:30","5","Process terminated:
RuleName: -
UtcTime: 2026-04-21 00:33:24.133
ProcessGuid: {a65b9ff6-c5c4-69e6-d704-000000001b00}
ProcessId: 20948
Image: C:\Program Files (x86)\Google\GoogleUpdater\148.0.7730.0\updater.exe
User: LAPTOP-I8K1DAMV\rohin"
"2026-04-21T06:03:24.1236262+05:30","5","Process terminated:
RuleName: -
UtcTime: 2026-04-21 00:33:24.114
ProcessGuid: {a65b9ff6-c5c4-69e6-d604-000000001b00}
ProcessId: 19956
Image: C:\Program Files (x86)\Google\GoogleUpdater\148.0.7730.0\updater.exe
User: LAPTOP-I8K1DAMV\rohin"
"2026-04-21T06:03:24.1235140+05:30","5","Process terminated:
RuleName: -
UtcTime: 2026-04-21 00:33:24.114
ProcessGuid: {a65b9ff6-c5c5-69e6-d904-000000001b00}
ProcessId: 864
Image: C:\Program Files (x86)\Google\GoogleUpdater\148.0.7730.0\updater.exe
User: LAPTOP-I8K1DAMV\rohin"
"2026-04-21T06:03:24.1146054+05:30","5","Process terminated:
RuleName: -
UtcTime: 2026-04-21 00:33:24.114
ProcessGuid: {a65b9ff6-c5c5-69e6-d804-000000001b00}
ProcessId: 17336
Image: C:\Program Files (x86)\Google\GoogleUpdater\148.0.7730.0\updater.exe
User: LAPTOP-I8K1DAMV\rohin"
"2026-04-21T06:03:22.0479852+05:30","5","Process terminated:
RuleName: -
UtcTime: 2026-04-21 00:33:22.047
ProcessGuid: {a65b9ff6-c5ca-69e6-e204-000000001b00}
ProcessId: 24964
Image: C:\Windows\System32\dllhost.exe
User: LAPTOP-I8K1DAMV\rohin"
"2026-04-21T06:03:19.9167875+05:30","5","Process terminated:
RuleName: -
UtcTime: 2026-04-21 00:33:19.916
ProcessGuid: {a65b9ff6-c5cf-69e6-ea04-000000001b00}
ProcessId: 2848
Image: C:\Program Files\Google\Chrome\Application\chrome.exe
User: LAPTOP-I8K1DAMV\rohin"
"2026-04-21T06:03:19.8327642+05:30","5","Process terminated:
RuleName: -
UtcTime: 2026-04-21 00:33:19.832
ProcessGuid: {a65b9ff6-c5cf-69e6-e904-000000001b00}
ProcessId: 14220
Image: C:\Program Files\Google\Chrome\Application\chrome.exe
User: LAPTOP-I8K1DAMV\rohin"
"2026-04-21T06:03:19.8327136+05:30","5","Process terminated:
RuleName: -
UtcTime: 2026-04-21 00:33:19.832
ProcessGuid: {a65b9ff6-c5cf-69e6-e804-000000001b00}
ProcessId: 27144
Image: C:\Program Files\Google\Chrome\Application\chrome.exe
User: LAPTOP-I8K1DAMV\rohin"
"2026-04-21T06:03:18.9802577+05:30","5","Process terminated:
RuleName: -
UtcTime: 2026-04-21 00:33:18.979
ProcessGuid: {a65b9ff6-c5c4-69e6-d504-000000001b00}
ProcessId: 19876
Image: C:\Program Files (x86)\Google\GoogleUpdater\148.0.7730.0\updater.exe
User: NT AUTHORITY\SYSTEM"
"2026-04-21T06:03:18.9698386+05:30","5","Process terminated:
RuleName: -
UtcTime: 2026-04-21 00:33:18.969
ProcessGuid: {a65b9ff6-c5c4-69e6-d404-000000001b00}
ProcessId: 20920
Image: C:\Program Files (x86)\Google\GoogleUpdater\148.0.7730.0\updater.exe
User: NT AUTHORITY\SYSTEM"
"2026-04-21T06:03:17.7066953+05:30","5","Process terminated:
RuleName: -
UtcTime: 2026-04-21 00:33:17.705
ProcessGuid: {a65b9ff6-c5cd-69e6-e404-000000001b00}
ProcessId: 26016
Image: C:\Windows\System32\conhost.exe
User: LAPTOP-I8K1DAMV\rohin"
"2026-04-21T06:03:17.7043498+05:30","5","Process terminated:
RuleName: -
UtcTime: 2026-04-21 00:33:17.701
ProcessGuid: {a65b9ff6-c5cd-69e6-e304-000000001b00}
ProcessId: 12328
Image: C:\Program Files\Git\cmd\git.exe
User: LAPTOP-I8K1DAMV\rohin"
"2026-04-21T06:03:17.7003212+05:30","5","Process terminated:
RuleName: -
UtcTime: 2026-04-21 00:33:17.699
ProcessGuid: {a65b9ff6-c5cd-69e6-e504-000000001b00}
ProcessId: 13792
Image: C:\Program Files\Git\mingw64\bin\git.exe
User: LAPTOP-I8K1DAMV\rohin"
"2026-04-21T06:03:17.4444758+05:30","5","Process terminated:
RuleName: -
UtcTime: 2026-04-21 00:33:17.443
ProcessGuid: {a65b9ff6-c552-69e6-9f04-000000001b00}
ProcessId: 10012
Image: C:\Windows\System32\svchost.exe
User: NT AUTHORITY\SYSTEM"
"2026-04-21T06:03:17.1483183+05:30","5","Process terminated:
RuleName: -
UtcTime: 2026-04-21 00:33:17.148
ProcessGuid: {a65b9ff6-c5c7-69e6-e004-000000001b00}
ProcessId: 24640
Image: C:\Windows\System32\PickerHost.exe
User: LAPTOP-I8K1DAMV\rohin"
"2026-04-21T06:03:14.7695462+05:30","5","Process terminated:
RuleName: -
UtcTime: 2026-04-21 00:33:14.767
ProcessGuid: {a65b9ff6-c5ca-69e6-e104-000000001b00}
ProcessId: 11232
Image: C:\Windows\System32\consent.exe
User: NT AUTHORITY\SYSTEM"
"2026-04-21T06:03:11.5785979+05:30","5","Process terminated:
RuleName: -
UtcTime: 2026-04-21 00:33:11.578
ProcessGuid: {a65b9ff6-c5c7-69e6-df04-000000001b00}
ProcessId: 9684
Image: C:\Windows\System32\conhost.exe
User: LAPTOP-I8K1DAMV\rohin"
"2026-04-21T06:03:11.5727482+05:30","5","Process terminated:
RuleName: -
UtcTime: 2026-04-21 00:33:11.572
ProcessGuid: {a65b9ff6-c5c7-69e6-de04-000000001b00}
ProcessId: 1804
Image: C:\Program Files\WSL\wslhost.exe
User: LAPTOP-I8K1DAMV\rohin"
"2026-04-21T06:03:11.5640108+05:30","5","Process terminated:
RuleName: -
UtcTime: 2026-04-21 00:33:11.563
ProcessGuid: {a65b9ff6-c5c7-69e6-dc04-000000001b00}
ProcessId: 27460
Image: C:\Windows\System32\wsl.exe
User: LAPTOP-I8K1DAMV\rohin"
"2026-04-21T06:03:11.5578845+05:30","5","Process terminated:
RuleName: -
UtcTime: 2026-04-21 00:33:11.552
ProcessGuid: {a65b9ff6-c5c7-69e6-dd04-000000001b00}
ProcessId: 16692
Image: C:\Program Files\WSL\wsl.exe
User: LAPTOP-I8K1DAMV\rohin"
"2026-04-21T06:03:09.1237223+05:30","5","Process terminated:
RuleName: -
UtcTime: 2026-04-21 00:33:09.123
ProcessGuid: {a65b9ff6-c564-69e6-a904-000000001b00}
ProcessId: 26816
Image: C:\Program Files\Docker\cli-plugins\docker-buildx.exe
User: LAPTOP-I8K1DAMV\rohin"
"2026-04-21T06:03:04.8867835+05:30","5","Process terminated:
RuleName: -
UtcTime: 2026-04-21 00:33:04.885
ProcessGuid: {a65b9ff6-c5bc-69e6-ce04-000000001b00}
ProcessId: 1568
Image: C:\Program Files\Google\Chrome\Application\chrome.exe
User: LAPTOP-I8K1DAMV\rohin"
"2026-04-21T06:03:03.5225355+05:30","5","Process terminated:
RuleName: -
UtcTime: 2026-04-21 00:33:03.522
ProcessGuid: {a65b9ff6-c5bf-69e6-d104-000000001b00}
ProcessId: 26844
Image: C:\Windows\System32\conhost.exe
User: LAPTOP-I8K1DAMV\rohin"
"2026-04-21T06:03:03.5197717+05:30","5","Process terminated:
RuleName: -
UtcTime: 2026-04-21 00:33:03.519
ProcessGuid: {a65b9ff6-c5bf-69e6-d004-000000001b00}
ProcessId: 15172
Image: C:\Program Files\Git\cmd\git.exe
User: LAPTOP-I8K1DAMV\rohin"
"2026-04-21T06:03:03.5163953+05:30","5","Process terminated:
RuleName: -
UtcTime: 2026-04-21 00:33:03.515
ProcessGuid: {a65b9ff6-c5bf-69e6-d204-000000001b00}
ProcessId: 24628
Image: C:\Program Files\Git\mingw64\bin\git.exe
User: LAPTOP-I8K1DAMV\rohin"
