"2026-04-21T06:23:33.5755195+05:30","5","Process terminated:
RuleName: -
UtcTime: 2026-04-21 00:53:33.571
ProcessGuid: {a65b9ff6-ca8d-69e6-e307-000000001b00}
ProcessId: 24232
Image: C:\Program Files\Git\mingw64\bin\git.exe
User: LAPTOP-I8K1DAMV\rohin"
"2026-04-21T06:23:32.8392011+05:30","5","Process terminated:
RuleName: -
UtcTime: 2026-04-21 00:53:32.838
ProcessGuid: {a65b9ff6-ca8c-69e6-dc07-000000001b00}
ProcessId: 24832
Image: C:\Windows\System32\conhost.exe
User: LAPTOP-I8K1DAMV\rohin"
"2026-04-21T06:23:32.8328967+05:30","5","Process terminated:
RuleName: -
UtcTime: 2026-04-21 00:53:32.830
ProcessGuid: {a65b9ff6-ca8c-69e6-db07-000000001b00}
ProcessId: 20704
Image: C:\Windows\System32\cmd.exe
User: LAPTOP-I8K1DAMV\rohin"
"2026-04-21T06:23:32.8240836+05:30","5","Process terminated:
RuleName: -
UtcTime: 2026-04-21 00:53:32.823
ProcessGuid: {a65b9ff6-ca8c-69e6-dd07-000000001b00}
ProcessId: 10992
Image: C:\Windows\System32\wsl.exe
User: LAPTOP-I8K1DAMV\rohin"
"2026-04-21T06:23:32.8169442+05:30","5","Process terminated:
RuleName: -
UtcTime: 2026-04-21 00:53:32.816
ProcessGuid: {a65b9ff6-ca8c-69e6-de07-000000001b00}
ProcessId: 24028
Image: C:\Program Files\WSL\wsl.exe
User: LAPTOP-I8K1DAMV\rohin"
"2026-04-21T06:23:32.6078063+05:30","5","Process terminated:
RuleName: -
UtcTime: 2026-04-21 00:53:32.606
ProcessGuid: {a65b9ff6-ca8c-69e6-da07-000000001b00}
ProcessId: 17380
Image: C:\Windows\System32\conhost.exe
User: LAPTOP-I8K1DAMV\rohin"
"2026-04-21T06:23:32.6047566+05:30","5","Process terminated:
RuleName: -
UtcTime: 2026-04-21 00:53:32.603
ProcessGuid: {a65b9ff6-ca8c-69e6-d907-000000001b00}
ProcessId: 25580
Image: C:\Users\rohin\AppData\Local\Programs\Microsoft VS Code\bin\code-tunnel.exe
User: LAPTOP-I8K1DAMV\rohin"
"2026-04-21T06:23:32.5243782+05:30","5","Process terminated:
RuleName: -
UtcTime: 2026-04-21 00:53:32.523
ProcessGuid: {a65b9ff6-ca8c-69e6-d807-000000001b00}
ProcessId: 25340
Image: C:\Windows\System32\conhost.exe
User: LAPTOP-I8K1DAMV\rohin"
"2026-04-21T06:23:32.5167972+05:30","5","Process terminated:
RuleName: -
UtcTime: 2026-04-21 00:53:32.513
ProcessGuid: {a65b9ff6-ca8c-69e6-d707-000000001b00}
ProcessId: 11036
Image: C:\Windows\System32\cmd.exe
User: LAPTOP-I8K1DAMV\rohin"
"2026-04-21T06:23:32.3931409+05:30","5","Process terminated:
RuleName: -
UtcTime: 2026-04-21 00:53:32.392
ProcessGuid: {a65b9ff6-ca8c-69e6-d507-000000001b00}
ProcessId: 27404
Image: C:\Windows\System32\conhost.exe
User: LAPTOP-I8K1DAMV\rohin"
"2026-04-21T06:23:32.3904022+05:30","5","Process terminated:
RuleName: -
UtcTime: 2026-04-21 00:53:32.389
ProcessGuid: {a65b9ff6-ca8c-69e6-d407-000000001b00}
ProcessId: 26376
Image: C:\Program Files\Git\cmd\git.exe
User: LAPTOP-I8K1DAMV\rohin"
"2026-04-21T06:23:32.3854900+05:30","5","Process terminated:
RuleName: -
UtcTime: 2026-04-21 00:53:32.384
ProcessGuid: {a65b9ff6-ca8c-69e6-d607-000000001b00}
ProcessId: 25420
Image: C:\Program Files\Git\mingw64\bin\git.exe
User: LAPTOP-I8K1DAMV\rohin"
"2026-04-21T06:23:32.2591997+05:30","5","Process terminated:
RuleName: -
UtcTime: 2026-04-21 00:53:32.258
ProcessGuid: {a65b9ff6-ca8c-69e6-d207-000000001b00}
ProcessId: 21592
Image: C:\Windows\System32\conhost.exe
User: LAPTOP-I8K1DAMV\rohin"
"2026-04-21T06:23:32.2555761+05:30","5","Process terminated:
RuleName: -
UtcTime: 2026-04-21 00:53:32.254
ProcessGuid: {a65b9ff6-ca8c-69e6-d107-000000001b00}
ProcessId: 15896
Image: C:\Program Files\Git\cmd\git.exe
User: LAPTOP-I8K1DAMV\rohin"
"2026-04-21T06:23:32.2501523+05:30","5","Process terminated:
RuleName: -
UtcTime: 2026-04-21 00:53:32.250
ProcessGuid: {a65b9ff6-ca8c-69e6-d307-000000001b00}
ProcessId: 7400
Image: C:\Program Files\Git\mingw64\bin\git.exe
User: LAPTOP-I8K1DAMV\rohin"
"2026-04-21T06:23:32.1280495+05:30","5","Process terminated:
RuleName: -
UtcTime: 2026-04-21 00:53:32.127
ProcessGuid: {a65b9ff6-ca8c-69e6-cf07-000000001b00}
ProcessId: 19800
Image: C:\Windows\System32\conhost.exe
User: LAPTOP-I8K1DAMV\rohin"
"2026-04-21T06:23:32.1251897+05:30","5","Process terminated:
RuleName: -
UtcTime: 2026-04-21 00:53:32.124
ProcessGuid: {a65b9ff6-ca8c-69e6-ce07-000000001b00}
ProcessId: 22000
Image: C:\Program Files\Git\cmd\git.exe
User: LAPTOP-I8K1DAMV\rohin"
"2026-04-21T06:23:32.1199480+05:30","5","Process terminated:
RuleName: -
UtcTime: 2026-04-21 00:53:32.119
ProcessGuid: {a65b9ff6-ca8c-69e6-d007-000000001b00}
ProcessId: 9384
Image: C:\Program Files\Git\mingw64\bin\git.exe
User: LAPTOP-I8K1DAMV\rohin"
"2026-04-21T06:23:32.0049156+05:30","5","Process terminated:
RuleName: -
UtcTime: 2026-04-21 00:53:32.004
ProcessGuid: {a65b9ff6-ca8b-69e6-cc07-000000001b00}
ProcessId: 17992
Image: C:\Windows\System32\conhost.exe
User: LAPTOP-I8K1DAMV\rohin"
"2026-04-21T06:23:32.0025409+05:30","5","Process terminated:
RuleName: -
UtcTime: 2026-04-21 00:53:32.001
ProcessGuid: {a65b9ff6-ca8b-69e6-cb07-000000001b00}
ProcessId: 20152
Image: C:\Program Files\Git\cmd\git.exe
User: LAPTOP-I8K1DAMV\rohin"
"2026-04-21T06:23:31.9989952+05:30","5","Process terminated:
RuleName: -
UtcTime: 2026-04-21 00:53:31.998
ProcessGuid: {a65b9ff6-ca8b-69e6-cd07-000000001b00}
ProcessId: 19200
Image: C:\Program Files\Git\mingw64\bin\git.exe
User: LAPTOP-I8K1DAMV\rohin"
"2026-04-21T06:23:31.8742804+05:30","5","Process terminated:
RuleName: -
UtcTime: 2026-04-21 00:53:31.873
ProcessGuid: {a65b9ff6-ca8b-69e6-c807-000000001b00}
ProcessId: 19844
Image: C:\Windows\System32\conhost.exe
User: LAPTOP-I8K1DAMV\rohin"
"2026-04-21T06:23:31.8715893+05:30","5","Process terminated:
RuleName: -
UtcTime: 2026-04-21 00:53:31.871
ProcessGuid: {a65b9ff6-ca8b-69e6-c707-000000001b00}
ProcessId: 20524
Image: C:\Program Files\Git\cmd\git.exe
User: LAPTOP-I8K1DAMV\rohin"
"2026-04-21T06:23:31.8676916+05:30","5","Process terminated:
RuleName: -
UtcTime: 2026-04-21 00:53:31.867
ProcessGuid: {a65b9ff6-ca8b-69e6-ca07-000000001b00}
ProcessId: 19204
Image: C:\Program Files\Git\mingw64\bin\git.exe
User: LAPTOP-I8K1DAMV\rohin"
"2026-04-21T06:23:31.8533328+05:30","5","Process terminated:
RuleName: -
UtcTime: 2026-04-21 00:53:31.852
ProcessGuid: {a65b9ff6-ca8b-69e6-c607-000000001b00}
ProcessId: 21492
Image: C:\Program Files\Git\cmd\git.exe
User: LAPTOP-I8K1DAMV\rohin"
"2026-04-21T06:23:31.8490629+05:30","5","Process terminated:
RuleName: -
UtcTime: 2026-04-21 00:53:31.848
ProcessGuid: {a65b9ff6-ca8b-69e6-c907-000000001b00}
ProcessId: 11804
Image: C:\Program Files\Git\mingw64\bin\git.exe
User: LAPTOP-I8K1DAMV\rohin"
"2026-04-21T06:23:31.7344954+05:30","5","Process terminated:
RuleName: -
UtcTime: 2026-04-21 00:53:31.733
ProcessGuid: {a65b9ff6-ca8a-69e6-b707-000000001b00}
ProcessId: 15200
Image: C:\Program Files\Git\cmd\git.exe
User: LAPTOP-I8K1DAMV\rohin"
"2026-04-21T06:23:31.7292419+05:30","5","Process terminated:
RuleName: -
UtcTime: 2026-04-21 00:53:31.729
ProcessGuid: {a65b9ff6-ca8a-69e6-b807-000000001b00}
ProcessId: 18352
Image: C:\Program Files\Git\mingw64\bin\git.exe
User: LAPTOP-I8K1DAMV\rohin"
"2026-04-21T06:23:31.7242915+05:30","5","Process terminated:
RuleName: -
UtcTime: 2026-04-21 00:53:31.724
ProcessGuid: {a65b9ff6-ca8a-69e6-b907-000000001b00}
ProcessId: 20092
Image: C:\Program Files\Git\mingw64\libexec\git-core\git.exe
User: LAPTOP-I8K1DAMV\rohin"
"2026-04-21T06:23:31.7187970+05:30","5","Process terminated:
RuleName: -
UtcTime: 2026-04-21 00:53:31.718
ProcessGuid: {a65b9ff6-ca8a-69e6-ba07-000000001b00}
ProcessId: 21848
Image: C:\Program Files\Git\mingw64\libexec\git-core\git-remote-https.exe
User: LAPTOP-I8K1DAMV\rohin"
"2026-04-21T06:23:31.6829510+05:30","5","Process terminated:
RuleName: -
UtcTime: 2026-04-21 00:53:31.682
ProcessGuid: {a65b9ff6-ca8b-69e6-c407-000000001b00}
ProcessId: 9964
Image: C:\Windows\System32\conhost.exe
User: LAPTOP-I8K1DAMV\rohin"
"2026-04-21T06:23:31.6793260+05:30","5","Process terminated:
RuleName: -
UtcTime: 2026-04-21 00:53:31.678
ProcessGuid: {a65b9ff6-ca8b-69e6-c307-000000001b00}
ProcessId: 7576
Image: C:\Program Files\Git\cmd\git.exe
User: LAPTOP-I8K1DAMV\rohin"
"2026-04-21T06:23:31.6734214+05:30","5","Process terminated:
RuleName: -
UtcTime: 2026-04-21 00:53:31.672
ProcessGuid: {a65b9ff6-ca8b-69e6-c507-000000001b00}
ProcessId: 24876
Image: C:\Program Files\Git\mingw64\bin\git.exe
User: LAPTOP-I8K1DAMV\rohin"
"2026-04-21T06:23:31.3029328+05:30","5","Process terminated:
RuleName: -
UtcTime: 2026-04-21 00:53:31.302
ProcessGuid: {a65b9ff6-ca8b-69e6-c007-000000001b00}
ProcessId: 18192
Image: C:\Windows\System32\conhost.exe
User: LAPTOP-I8K1DAMV\rohin"
"2026-04-21T06:23:31.2989627+05:30","5","Process terminated:
RuleName: -
UtcTime: 2026-04-21 00:53:31.298
ProcessGuid: {a65b9ff6-ca8b-69e6-bf07-000000001b00}
ProcessId: 27220
Image: C:\Users\rohin\AppData\Local\Programs\Microsoft VS Code\560a9dba96\resources\app\node_modules\@vscode\ripgrep\bin\rg.exe
User: LAPTOP-I8K1DAMV\rohin"
"2026-04-21T06:23:31.2312363+05:30","5","Process terminated:
RuleName: -
UtcTime: 2026-04-21 00:53:31.230
ProcessGuid: {a65b9ff6-ca8b-69e6-be07-000000001b00}
ProcessId: 27080
Image: C:\Windows\System32\conhost.exe
User: LAPTOP-I8K1DAMV\rohin"
"2026-04-21T06:23:31.2279367+05:30","5","Process terminated:
RuleName: -
UtcTime: 2026-04-21 00:53:31.227
ProcessGuid: {a65b9ff6-ca8b-69e6-bc07-000000001b00}
ProcessId: 26588
Image: C:\Users\rohin\AppData\Local\Programs\Microsoft VS Code\560a9dba96\resources\app\node_modules\@vscode\ripgrep\bin\rg.exe
User: LAPTOP-I8K1DAMV\rohin"
"2026-04-21T06:23:31.2150821+05:30","5","Process terminated:
RuleName: -
UtcTime: 2026-04-21 00:53:31.212
ProcessGuid: {a65b9ff6-ca8b-69e6-bd07-000000001b00}
ProcessId: 15660
Image: C:\Windows\System32\conhost.exe
User: LAPTOP-I8K1DAMV\rohin"
"2026-04-21T06:23:31.2093535+05:30","5","Process terminated:
RuleName: -
UtcTime: 2026-04-21 00:53:31.209
ProcessGuid: {a65b9ff6-ca8b-69e6-bb07-000000001b00}
ProcessId: 9824
Image: C:\Users\rohin\AppData\Local\Programs\Microsoft VS Code\560a9dba96\resources\app\node_modules\@vscode\ripgrep\bin\rg.exe
User: LAPTOP-I8K1DAMV\rohin"
"2026-04-21T06:23:27.7052447+05:30","5","Process terminated:
RuleName: -
UtcTime: 2026-04-21 00:53:27.704
ProcessGuid: {a65b9ff6-ca87-69e6-a807-000000001b00}
ProcessId: 22940
Image: C:\Windows\System32\conhost.exe
User: LAPTOP-I8K1DAMV\rohin"
"2026-04-21T06:23:27.7014244+05:30","5","Process terminated:
RuleName: -
UtcTime: 2026-04-21 00:53:27.700
ProcessGuid: {a65b9ff6-ca87-69e6-a707-000000001b00}
ProcessId: 14220
Image: C:\Windows\System32\cmd.exe
User: LAPTOP-I8K1DAMV\rohin"
"2026-04-21T06:23:27.6959869+05:30","5","Process terminated:
RuleName: -
UtcTime: 2026-04-21 00:53:27.695
ProcessGuid: {a65b9ff6-ca87-69e6-a907-000000001b00}
ProcessId: 24432
Image: C:\Windows\System32\wsl.exe
User: LAPTOP-I8K1DAMV\rohin"
"2026-04-21T06:23:27.6917300+05:30","5","Process terminated:
RuleName: -
UtcTime: 2026-04-21 00:53:27.690
ProcessGuid: {a65b9ff6-ca87-69e6-aa07-000000001b00}
ProcessId: 26120
Image: C:\Program Files\WSL\wsl.exe
User: LAPTOP-I8K1DAMV\rohin"
"2026-04-21T06:23:25.7678918+05:30","5","Process terminated:
RuleName: -
UtcTime: 2026-04-21 00:53:25.767
ProcessGuid: {a65b9ff6-ca85-69e6-a007-000000001b00}
ProcessId: 14464
Image: C:\Windows\System32\conhost.exe
User: LAPTOP-I8K1DAMV\rohin"
"2026-04-21T06:23:25.7645083+05:30","5","Process terminated:
RuleName: -
UtcTime: 2026-04-21 00:53:25.762
ProcessGuid: {a65b9ff6-ca85-69e6-9f07-000000001b00}
ProcessId: 18008
Image: C:\Windows\System32\cmd.exe
User: LAPTOP-I8K1DAMV\rohin"
"2026-04-21T06:23:25.7537008+05:30","5","Process terminated:
RuleName: -
UtcTime: 2026-04-21 00:53:25.753
ProcessGuid: {a65b9ff6-ca85-69e6-a107-000000001b00}
ProcessId: 14024
Image: C:\Windows\System32\wsl.exe
User: LAPTOP-I8K1DAMV\rohin"
"2026-04-21T06:23:25.7504376+05:30","5","Process terminated:
RuleName: -
UtcTime: 2026-04-21 00:53:25.744
ProcessGuid: {a65b9ff6-ca85-69e6-a307-000000001b00}
ProcessId: 25372
Image: C:\Program Files\WSL\wsl.exe
User: LAPTOP-I8K1DAMV\rohin"
"2026-04-21T06:23:24.3497369+05:30","5","Process terminated:
RuleName: -
UtcTime: 2026-04-21 00:53:24.348
ProcessGuid: {a65b9ff6-ca84-69e6-9d07-000000001b00}
ProcessId: 1648
Image: C:\Users\rohin\AppData\Local\Programs\Microsoft VS Code\560a9dba96\tools\inno_updater.exe
User: LAPTOP-I8K1DAMV\rohin"
"2026-04-21T06:23:19.4449512+05:30","5","Process terminated:
RuleName: -
UtcTime: 2026-04-21 00:53:19.443
ProcessGuid: {a65b9ff6-ca28-69e6-d006-000000001b00}
ProcessId: 12780
Image: C:\Windows\System32\RuntimeBroker.exe
User: LAPTOP-I8K1DAMV\rohin"
"2026-04-21T06:23:16.9816231+05:30","5","Process terminated:
RuleName: -
UtcTime: 2026-04-21 00:53:16.981
ProcessGuid: {a65b9ff6-ca29-69e6-d306-000000001b00}
ProcessId: 26160
Image: C:\Users\rohin\AppData\Local\Programs\Microsoft VS Code\Code.exe
User: LAPTOP-I8K1DAMV\rohin"
"2026-04-21T06:23:16.9436087+05:30","5","Process terminated:
RuleName: -
UtcTime: 2026-04-21 00:53:16.942
ProcessGuid: {a65b9ff6-ca28-69e6-d206-000000001b00}
ProcessId: 5548
Image: C:\Users\rohin\AppData\Local\Programs\Microsoft VS Code\Code.exe
User: LAPTOP-I8K1DAMV\rohin"
"2026-04-21T06:23:16.8872882+05:30","5","Process terminated:
RuleName: -
UtcTime: 2026-04-21 00:53:16.886
ProcessGuid: {a65b9ff6-ca29-69e6-d406-000000001b00}
ProcessId: 2948
Image: C:\Users\rohin\AppData\Local\Programs\Microsoft VS Code\Code.exe
User: LAPTOP-I8K1DAMV\rohin"
"2026-04-21T06:23:16.6989822+05:30","5","Process terminated:
RuleName: -
UtcTime: 2026-04-21 00:53:16.697
ProcessGuid: {a65b9ff6-ca2f-69e6-f406-000000001b00}
ProcessId: 21332
Image: C:\Windows\System32\conhost.exe
User: LAPTOP-I8K1DAMV\rohin"
"2026-04-21T06:23:16.6989492+05:30","5","Process terminated:
RuleName: -
UtcTime: 2026-04-21 00:53:16.697
ProcessGuid: {a65b9ff6-ca2e-69e6-ec06-000000001b00}
ProcessId: 21772
Image: C:\Windows\System32\conhost.exe
User: LAPTOP-I8K1DAMV\rohin"
"2026-04-21T06:23:16.6985806+05:30","5","Process terminated:
RuleName: -
UtcTime: 2026-04-21 00:53:16.697
ProcessGuid: {a65b9ff6-ca34-69e6-1807-000000001b00}
ProcessId: 12324
Image: C:\Windows\System32\conhost.exe
User: LAPTOP-I8K1DAMV\rohin"
"2026-04-21T06:23:16.6962786+05:30","5","Process terminated:
RuleName: -
UtcTime: 2026-04-21 00:53:16.695
ProcessGuid: {a65b9ff6-ca2e-69e6-ea06-000000001b00}
ProcessId: 8520
Image: C:\Windows\System32\conhost.exe
User: LAPTOP-I8K1DAMV\rohin"
"2026-04-21T06:23:16.6944291+05:30","5","Process terminated:
RuleName: -
UtcTime: 2026-04-21 00:53:16.693
ProcessGuid: {a65b9ff6-ca7c-69e6-9707-000000001b00}
ProcessId: 24452
Image: C:\Users\rohin\AppData\Local\Programs\Microsoft VS Code\Code.exe
User: LAPTOP-I8K1DAMV\rohin"
"2026-04-21T06:23:16.6941168+05:30","5","Process terminated:
RuleName: -
UtcTime: 2026-04-21 00:53:16.693
ProcessGuid: {a65b9ff6-ca2e-69e6-e806-000000001b00}
ProcessId: 5868
Image: C:\Windows\System32\conhost.exe
User: LAPTOP-I8K1DAMV\rohin"
"2026-04-21T06:23:16.6739565+05:30","5","Process terminated:
RuleName: -
UtcTime: 2026-04-21 00:53:16.673
ProcessGuid: {a65b9ff6-ca2b-69e6-db06-000000001b00}
ProcessId: 3512
Image: C:\Users\rohin\AppData\Local\Programs\Microsoft VS Code\Code.exe
User: LAPTOP-I8K1DAMV\rohin"
"2026-04-21T06:23:16.6474947+05:30","5","Process terminated:
RuleName: -
UtcTime: 2026-04-21 00:53:16.647
ProcessGuid: {a65b9ff6-ca2b-69e6-e106-000000001b00}
ProcessId: 11036
Image: C:\Users\rohin\AppData\Local\Programs\Microsoft VS Code\Code.exe
User: LAPTOP-I8K1DAMV\rohin"
"2026-04-21T06:23:16.6404791+05:30","5","Process terminated:
RuleName: -
UtcTime: 2026-04-21 00:53:16.640
ProcessGuid: {a65b9ff6-ca29-69e6-d506-000000001b00}
ProcessId: 25556
Image: C:\Users\rohin\AppData\Local\Programs\Microsoft VS Code\Code.exe
User: LAPTOP-I8K1DAMV\rohin"
"2026-04-21T06:23:16.6005728+05:30","5","Process terminated:
RuleName: -
UtcTime: 2026-04-21 00:53:16.596
ProcessGuid: {a65b9ff6-ca2f-69e6-ee06-000000001b00}
ProcessId: 5456
Image: C:\Windows\System32\WindowsPowerShell\v1.0\powershell.exe
User: LAPTOP-I8K1DAMV\rohin"
"2026-04-21T06:23:16.6005502+05:30","5","Process terminated:
RuleName: -
UtcTime: 2026-04-21 00:53:16.596
ProcessGuid: {a65b9ff6-ca2e-69e6-eb06-000000001b00}
ProcessId: 23924
Image: C:\Windows\System32\WindowsPowerShell\v1.0\powershell.exe
User: LAPTOP-I8K1DAMV\rohin"
"2026-04-21T06:23:16.6005089+05:30","5","Process terminated:
RuleName: -
UtcTime: 2026-04-21 00:53:16.596
ProcessGuid: {a65b9ff6-ca34-69e6-1a07-000000001b00}
ProcessId: 27420
Image: C:\Windows\System32\WindowsPowerShell\v1.0\powershell.exe
User: LAPTOP-I8K1DAMV\rohin"
"2026-04-21T06:23:16.6000411+05:30","5","Process terminated:
RuleName: -
UtcTime: 2026-04-21 00:53:16.595
ProcessGuid: {a65b9ff6-ca2e-69e6-e906-000000001b00}
ProcessId: 13520
Image: C:\Windows\System32\WindowsPowerShell\v1.0\powershell.exe
User: LAPTOP-I8K1DAMV\rohin"
"2026-04-21T06:23:16.5995121+05:30","5","Process terminated:
RuleName: -
UtcTime: 2026-04-21 00:53:16.595
ProcessGuid: {a65b9ff6-ca2f-69e6-f506-000000001b00}
ProcessId: 19828
Image: C:\Windows\System32\WindowsPowerShell\v1.0\powershell.exe
User: LAPTOP-I8K1DAMV\rohin"
"2026-04-21T06:23:16.5109585+05:30","5","Process terminated:
RuleName: -
UtcTime: 2026-04-21 00:53:16.509
ProcessGuid: {a65b9ff6-ca29-69e6-d606-000000001b00}
ProcessId: 16808
Image: C:\Users\rohin\AppData\Local\Programs\Microsoft VS Code\Code.exe
User: LAPTOP-I8K1DAMV\rohin"
"2026-04-21T06:23:16.4740235+05:30","5","Process terminated:
RuleName: -
UtcTime: 2026-04-21 00:53:16.473
ProcessGuid: {a65b9ff6-ca2f-69e6-f006-000000001b00}
ProcessId: 4176
Image: C:\Windows\System32\conhost.exe
User: LAPTOP-I8K1DAMV\rohin"
"2026-04-21T06:23:16.4646475+05:30","5","Process terminated:
RuleName: -
UtcTime: 2026-04-21 00:53:16.464
ProcessGuid: {a65b9ff6-ca2b-69e6-e206-000000001b00}
ProcessId: 14876
Image: C:\Users\rohin\AppData\Local\Programs\Microsoft VS Code\Code.exe
User: LAPTOP-I8K1DAMV\rohin"
"2026-04-21T06:23:16.4622461+05:30","5","Process terminated:
RuleName: -
UtcTime: 2026-04-21 00:53:16.461
ProcessGuid: {a65b9ff6-ca2f-69e6-f306-000000001b00}
ProcessId: 21308
Image: C:\Windows\System32\cmd.exe
User: LAPTOP-I8K1DAMV\rohin"
"2026-04-21T06:23:16.2566259+05:30","5","Process terminated:
RuleName: -
UtcTime: 2026-04-21 00:53:16.255
ProcessGuid: {a65b9ff6-ca37-69e6-3c07-000000001b00}
ProcessId: 18608
Image: C:\Windows\System32\conhost.exe
User: LAPTOP-I8K1DAMV\rohin"
"2026-04-21T06:23:16.2549379+05:30","5","Process terminated:
RuleName: -
UtcTime: 2026-04-21 00:53:16.254
ProcessGuid: {a65b9ff6-ca38-69e6-4f07-000000001b00}
ProcessId: 18108
Image: C:\Users\rohin\AppData\Local\Programs\Microsoft VS Code\Code.exe
User: LAPTOP-I8K1DAMV\rohin"
"2026-04-21T06:23:16.2539444+05:30","5","Process terminated:
RuleName: -
UtcTime: 2026-04-21 00:53:16.253
ProcessGuid: {a65b9ff6-ca37-69e6-3a07-000000001b00}
ProcessId: 4208
Image: C:\Users\rohin\.vscode\extensions\ms-python.vscode-python-envs-1.28.0-win32-x64\python-env-tools\bin\pet.exe
User: LAPTOP-I8K1DAMV\rohin"
"2026-04-21T06:23:16.2509128+05:30","5","Process terminated:
RuleName: -
UtcTime: 2026-04-21 00:53:16.250
ProcessGuid: {a65b9ff6-ca2b-69e6-e006-000000001b00}
ProcessId: 14548
Image: C:\Users\rohin\AppData\Local\Programs\Microsoft VS Code\Code.exe
User: LAPTOP-I8K1DAMV\rohin"
"2026-04-21T06:23:16.2354133+05:30","5","Process terminated:
RuleName: -
UtcTime: 2026-04-21 00:53:16.234
ProcessGuid: {a65b9ff6-ca36-69e6-3107-000000001b00}
ProcessId: 3104
Image: C:\Users\rohin\AppData\Local\Programs\Microsoft VS Code\Code.exe
User: LAPTOP-I8K1DAMV\rohin"
"2026-04-21T06:23:16.2234722+05:30","5","Process terminated:
RuleName: -
UtcTime: 2026-04-21 00:53:16.222
ProcessGuid: {a65b9ff6-ca31-69e6-f706-000000001b00}
ProcessId: 13956
Image: C:\Windows\System32\conhost.exe
User: LAPTOP-I8K1DAMV\rohin"
"2026-04-21T06:23:16.2208213+05:30","5","Process terminated:
RuleName: -
UtcTime: 2026-04-21 00:53:16.219
ProcessGuid: {a65b9ff6-ca31-69e6-f606-000000001b00}
ProcessId: 15464
Image: C:\Users\rohin\.vscode\extensions\openai.chatgpt-26.417.40842-win32-x64\bin\windows-x86_64\codex.exe
User: LAPTOP-I8K1DAMV\rohin"
"2026-04-21T06:23:16.2143911+05:30","5","Process terminated:
RuleName: -
UtcTime: 2026-04-21 00:53:16.213
ProcessGuid: {a65b9ff6-ca32-69e6-0307-000000001b00}
ProcessId: 17676
Image: C:\Windows\System32\conhost.exe
User: LAPTOP-I8K1DAMV\rohin"
"2026-04-21T06:23:16.2118722+05:30","5","Process terminated:
RuleName: -
UtcTime: 2026-04-21 00:53:16.210
ProcessGuid: {a65b9ff6-ca32-69e6-0207-000000001b00}
ProcessId: 17720
Image: C:\Users\rohin\.vscode\extensions\ms-python.python-2026.4.0-win32-x64\python-env-tools\bin\pet.exe
User: LAPTOP-I8K1DAMV\rohin"
"2026-04-21T06:23:15.4307790+05:30","5","Process terminated:
RuleName: -
UtcTime: 2026-04-21 00:53:15.430
ProcessGuid: {a65b9ff6-c9c5-69e6-9e06-000000001b00}
ProcessId: 25144
Image: C:\Windows\System32\wbem\WmiPrvSE.exe
User: NT AUTHORITY\NETWORK SERVICE"
"2026-04-21T06:23:09.9502334+05:30","5","Process terminated:
RuleName: -
UtcTime: 2026-04-21 00:53:09.949
ProcessGuid: {a65b9ff6-c944-69e6-7806-000000001b00}
ProcessId: 20916
Image: C:\Program Files\Google\Chrome\Application\chrome.exe
User: LAPTOP-I8K1DAMV\rohin"
"2026-04-21T06:22:54.5635524+05:30","5","Process terminated:
RuleName: -
UtcTime: 2026-04-21 00:52:54.559
ProcessGuid: {a65b9ff6-ca29-69e6-d706-000000001b00}
ProcessId: 2536
Image: C:\Windows\System32\svchost.exe
User: NT AUTHORITY\SYSTEM"
"2026-04-21T06:22:41.2581209+05:30","5","Process terminated:
RuleName: -
UtcTime: 2026-04-21 00:52:41.254
ProcessGuid: {a65b9ff6-ca57-69e6-9107-000000001b00}
ProcessId: 17760
Image: C:\Users\rohin\AppData\Local\Programs\Microsoft VS Code\Code.exe
User: LAPTOP-I8K1DAMV\rohin"
"2026-04-21T06:22:41.2379087+05:30","5","Process terminated:
RuleName: -
UtcTime: 2026-04-21 00:52:41.235
ProcessGuid: {a65b9ff6-ca56-69e6-9007-000000001b00}
ProcessId: 17016
Image: C:\Users\rohin\AppData\Local\Programs\Microsoft VS Code\Code.exe
User: LAPTOP-I8K1DAMV\rohin"
"2026-04-21T06:22:40.0461275+05:30","5","Process terminated:
RuleName: -
UtcTime: 2026-04-21 00:52:40.046
ProcessGuid: {a65b9ff6-ca4f-69e6-8e07-000000001b00}
ProcessId: 10620
Image: C:\Windows\System32\dllhost.exe
User: LAPTOP-I8K1DAMV\rohin"
"2026-04-21T06:22:39.9757365+05:30","5","Process terminated:
RuleName: -
UtcTime: 2026-04-21 00:52:39.975
ProcessGuid: {a65b9ff6-ca57-69e6-9507-000000001b00}
ProcessId: 17624
Image: C:\Windows\System32\conhost.exe
User: LAPTOP-I8K1DAMV\rohin"
"2026-04-21T06:22:39.9736541+05:30","5","Process terminated:
RuleName: -
UtcTime: 2026-04-21 00:52:39.973
ProcessGuid: {a65b9ff6-ca57-69e6-9407-000000001b00}
ProcessId: 26320
Image: C:\Program Files\Git\cmd\git.exe
User: LAPTOP-I8K1DAMV\rohin"
"2026-04-21T06:22:39.9708328+05:30","5","Process terminated:
RuleName: -
UtcTime: 2026-04-21 00:52:39.970
ProcessGuid: {a65b9ff6-ca57-69e6-9607-000000001b00}
ProcessId: 22212
Image: C:\Program Files\Git\mingw64\bin\git.exe
User: LAPTOP-I8K1DAMV\rohin"
"2026-04-21T06:22:39.4287067+05:30","5","Process terminated:
RuleName: -
UtcTime: 2026-04-21 00:52:39.427
ProcessGuid: {a65b9ff6-ca57-69e6-9207-000000001b00}
ProcessId: 16696
Image: C:\Users\rohin\AppData\Local\Programs\Microsoft VS Code\Code.exe
User: LAPTOP-I8K1DAMV\rohin"
"2026-04-21T06:22:39.4093678+05:30","5","Process terminated:
RuleName: -
UtcTime: 2026-04-21 00:52:39.408
ProcessGuid: {a65b9ff6-ca57-69e6-9307-000000001b00}
ProcessId: 18156
Image: C:\Users\rohin\AppData\Local\Programs\Microsoft VS Code\Code.exe
User: LAPTOP-I8K1DAMV\rohin"
"2026-04-21T06:22:32.7892599+05:30","5","Process terminated:
RuleName: -
UtcTime: 2026-04-21 00:52:32.782
ProcessGuid: {a65b9ff6-ca50-69e6-8f07-000000001b00}
ProcessId: 5100
Image: C:\Windows\System32\rundll32.exe
User: LAPTOP-I8K1DAMV\rohin"
"2026-04-21T06:22:30.4361279+05:30","5","Process terminated:
RuleName: -
UtcTime: 2026-04-21 00:52:30.434
ProcessGuid: {a65b9ff6-ca4e-69e6-8b07-000000001b00}
ProcessId: 4328
Image: C:\Windows\System32\backgroundTaskHost.exe
User: LAPTOP-I8K1DAMV\rohin"
"2026-04-21T06:22:27.1680243+05:30","5","Process terminated:
RuleName: -
UtcTime: 2026-04-21 00:52:27.167
ProcessGuid: {a65b9ff6-c785-69e6-b205-000000001b00}
ProcessId: 24376
Image: C:\Windows\System32\svchost.exe
User: NT AUTHORITY\SYSTEM"
"2026-04-21T06:22:26.9896025+05:30","5","Process terminated:
RuleName: -
UtcTime: 2026-04-21 00:52:26.989
ProcessGuid: {a65b9ff6-ca2c-69e6-e306-000000001b00}
ProcessId: 4652
Image: C:\Windows\System32\sppsvc.exe
User: NT AUTHORITY\NETWORK SERVICE"
"2026-04-21T06:22:17.2242077+05:30","5","Process terminated:
RuleName: -
UtcTime: 2026-04-21 00:52:17.223
ProcessGuid: {a65b9ff6-ca41-69e6-8907-000000001b00}
ProcessId: 18028
Image: C:\Windows\System32\conhost.exe
User: LAPTOP-I8K1DAMV\rohin"
"2026-04-21T06:22:17.2217011+05:30","5","Process terminated:
RuleName: -
UtcTime: 2026-04-21 00:52:17.221
ProcessGuid: {a65b9ff6-ca41-69e6-8807-000000001b00}
ProcessId: 17708
Image: C:\Program Files\Git\cmd\git.exe
User: LAPTOP-I8K1DAMV\rohin"
"2026-04-21T06:22:17.2189633+05:30","5","Process terminated:
RuleName: -
UtcTime: 2026-04-21 00:52:17.218
ProcessGuid: {a65b9ff6-ca41-69e6-8a07-000000001b00}
ProcessId: 6440
Image: C:\Program Files\Git\mingw64\bin\git.exe
User: LAPTOP-I8K1DAMV\rohin"
"2026-04-21T06:22:17.1486174+05:30","5","Process terminated:
RuleName: -
UtcTime: 2026-04-21 00:52:17.148
ProcessGuid: {a65b9ff6-ca41-69e6-8607-000000001b00}
ProcessId: 21984
Image: C:\Windows\System32\conhost.exe
User: LAPTOP-I8K1DAMV\rohin"
"2026-04-21T06:22:17.1464426+05:30","5","Process terminated:
RuleName: -
UtcTime: 2026-04-21 00:52:17.146
ProcessGuid: {a65b9ff6-ca41-69e6-8507-000000001b00}
ProcessId: 9944
Image: C:\Program Files\Git\cmd\git.exe
User: LAPTOP-I8K1DAMV\rohin"
"2026-04-21T06:22:17.1426160+05:30","5","Process terminated:
RuleName: -
UtcTime: 2026-04-21 00:52:17.141
ProcessGuid: {a65b9ff6-ca41-69e6-8707-000000001b00}
ProcessId: 23448
Image: C:\Program Files\Git\mingw64\bin\git.exe
User: LAPTOP-I8K1DAMV\rohin"
"2026-04-21T06:22:17.0292851+05:30","5","Process terminated:
RuleName: -
UtcTime: 2026-04-21 00:52:17.028
ProcessGuid: {a65b9ff6-ca40-69e6-8307-000000001b00}
ProcessId: 3132
Image: C:\Windows\System32\conhost.exe
User: LAPTOP-I8K1DAMV\rohin"
"2026-04-21T06:22:17.0261518+05:30","5","Process terminated:
RuleName: -
UtcTime: 2026-04-21 00:52:17.024
ProcessGuid: {a65b9ff6-ca40-69e6-8207-000000001b00}
ProcessId: 17828
Image: C:\Program Files\Git\cmd\git.exe
User: LAPTOP-I8K1DAMV\rohin"
"2026-04-21T06:22:17.0200391+05:30","5","Process terminated:
RuleName: -
UtcTime: 2026-04-21 00:52:17.019
ProcessGuid: {a65b9ff6-ca40-69e6-8407-000000001b00}
ProcessId: 14392
Image: C:\Program Files\Git\mingw64\bin\git.exe
User: LAPTOP-I8K1DAMV\rohin"
"2026-04-21T06:22:16.9333235+05:30","5","Process terminated:
RuleName: -
UtcTime: 2026-04-21 00:52:16.932
ProcessGuid: {a65b9ff6-ca40-69e6-8007-000000001b00}
ProcessId: 17812
Image: C:\Windows\System32\conhost.exe
User: LAPTOP-I8K1DAMV\rohin"
"2026-04-21T06:22:16.9313578+05:30","5","Process terminated:
RuleName: -
UtcTime: 2026-04-21 00:52:16.930
ProcessGuid: {a65b9ff6-ca40-69e6-7f07-000000001b00}
ProcessId: 15528
Image: C:\Program Files\Git\cmd\git.exe
User: LAPTOP-I8K1DAMV\rohin"
"2026-04-21T06:22:16.9281955+05:30","5","Process terminated:
RuleName: -
UtcTime: 2026-04-21 00:52:16.927
ProcessGuid: {a65b9ff6-ca40-69e6-8107-000000001b00}
ProcessId: 18104
Image: C:\Program Files\Git\mingw64\bin\git.exe
User: LAPTOP-I8K1DAMV\rohin"
"2026-04-21T06:22:16.8210366+05:30","5","Process terminated:
RuleName: -
UtcTime: 2026-04-21 00:52:16.820
ProcessGuid: {a65b9ff6-ca40-69e6-7d07-000000001b00}
ProcessId: 17500
Image: C:\Windows\System32\conhost.exe
User: LAPTOP-I8K1DAMV\rohin"
"2026-04-21T06:22:16.8190940+05:30","5","Process terminated:
RuleName: -
UtcTime: 2026-04-21 00:52:16.818
ProcessGuid: {a65b9ff6-ca40-69e6-7c07-000000001b00}
ProcessId: 17512
Image: C:\Program Files\Git\cmd\git.exe
User: LAPTOP-I8K1DAMV\rohin"
"2026-04-21T06:22:16.8145362+05:30","5","Process terminated:
RuleName: -
UtcTime: 2026-04-21 00:52:16.814
ProcessGuid: {a65b9ff6-ca40-69e6-7e07-000000001b00}
ProcessId: 17712
Image: C:\Program Files\Git\mingw64\bin\git.exe
User: LAPTOP-I8K1DAMV\rohin"
"2026-04-21T06:22:12.1148398+05:30","5","Process terminated:
RuleName: -
UtcTime: 2026-04-21 00:52:12.110
ProcessGuid: {a65b9ff6-ca3b-69e6-7b07-000000001b00}
ProcessId: 14148
Image: C:\Windows\System32\conhost.exe
User: LAPTOP-I8K1DAMV\rohin"
"2026-04-21T06:22:12.1125315+05:30","5","Process terminated:
RuleName: -
UtcTime: 2026-04-21 00:52:12.110
ProcessGuid: {a65b9ff6-ca3b-69e6-7a07-000000001b00}
ProcessId: 9852
Image: C:\Users\rohin\AppData\Local\Programs\Python\Python314\python.exe
User: LAPTOP-I8K1DAMV\rohin"
"2026-04-21T06:22:11.8404877+05:30","5","Process terminated:
RuleName: -
UtcTime: 2026-04-21 00:52:11.824
ProcessGuid: {a65b9ff6-ca3b-69e6-7907-000000001b00}
ProcessId: 27212
Image: C:\Windows\System32\conhost.exe
User: LAPTOP-I8K1DAMV\rohin"
"2026-04-21T06:22:11.8377855+05:30","5","Process terminated:
RuleName: -
UtcTime: 2026-04-21 00:52:11.824
ProcessGuid: {a65b9ff6-ca3b-69e6-7807-000000001b00}
ProcessId: 3416
Image: C:\Users\rohin\AppData\Local\Programs\Python\Python314\python.exe
User: LAPTOP-I8K1DAMV\rohin"
"2026-04-21T06:22:11.3861899+05:30","5","Process terminated:
RuleName: -
UtcTime: 2026-04-21 00:52:11.377
ProcessGuid: {a65b9ff6-ca3b-69e6-7507-000000001b00}
ProcessId: 5176
Image: C:\Windows\System32\conhost.exe
User: LAPTOP-I8K1DAMV\rohin"
"2026-04-21T06:22:11.3851900+05:30","5","Process terminated:
RuleName: -
UtcTime: 2026-04-21 00:52:11.377
ProcessGuid: {a65b9ff6-ca3b-69e6-7307-000000001b00}
ProcessId: 24688
Image: C:\Windows\System32\conhost.exe
User: LAPTOP-I8K1DAMV\rohin"
"2026-04-21T06:22:11.3831056+05:30","5","Process terminated:
RuleName: -
UtcTime: 2026-04-21 00:52:11.377
ProcessGuid: {a65b9ff6-ca3b-69e6-7407-000000001b00}
ProcessId: 3308
Image: C:\Users\rohin\AppData\Local\Programs\Python\Python314\python.exe
User: LAPTOP-I8K1DAMV\rohin"
"2026-04-21T06:22:11.3818250+05:30","5","Process terminated:
RuleName: -
UtcTime: 2026-04-21 00:52:11.377
ProcessGuid: {a65b9ff6-ca3b-69e6-7007-000000001b00}
ProcessId: 21840
Image: C:\Users\rohin\AppData\Local\Programs\Python\Python314\python.exe
User: LAPTOP-I8K1DAMV\rohin"
"2026-04-21T06:22:11.3619832+05:30","5","Process terminated:
RuleName: -
UtcTime: 2026-04-21 00:52:11.361
ProcessGuid: {a65b9ff6-ca3b-69e6-7707-000000001b00}
ProcessId: 24104
Image: C:\Windows\System32\conhost.exe
User: LAPTOP-I8K1DAMV\rohin"
"2026-04-21T06:22:11.3588785+05:30","5","Process terminated:
RuleName: -
UtcTime: 2026-04-21 00:52:11.358
ProcessGuid: {a65b9ff6-ca3b-69e6-7607-000000001b00}
ProcessId: 14640
Image: C:\Users\rohin\AppData\Local\Programs\Microsoft VS Code\560a9dba96\resources\app\node_modules\@vscode\ripgrep\bin\rg.exe
User: LAPTOP-I8K1DAMV\rohin"
"2026-04-21T06:22:11.2501011+05:30","5","Process terminated:
RuleName: -
UtcTime: 2026-04-21 00:52:11.248
ProcessGuid: {a65b9ff6-ca3b-69e6-7207-000000001b00}
ProcessId: 19376
Image: C:\Users\rohin\AppData\Local\Programs\Microsoft VS Code\Code.exe
User: LAPTOP-I8K1DAMV\rohin"
"2026-04-21T06:22:11.2430873+05:30","5","Process terminated:
RuleName: -
UtcTime: 2026-04-21 00:52:11.242
ProcessGuid: {a65b9ff6-ca3b-69e6-7107-000000001b00}
ProcessId: 9096
Image: C:\Users\rohin\AppData\Local\Programs\Microsoft VS Code\Code.exe
User: LAPTOP-I8K1DAMV\rohin"
"2026-04-21T06:22:10.9653252+05:30","5","Process terminated:
RuleName: -
UtcTime: 2026-04-21 00:52:10.965
ProcessGuid: {a65b9ff6-ca3a-69e6-6f07-000000001b00}
ProcessId: 9476
Image: C:\Windows\System32\conhost.exe
User: LAPTOP-I8K1DAMV\rohin"
"2026-04-21T06:22:10.9626812+05:30","5","Process terminated:
RuleName: -
UtcTime: 2026-04-21 00:52:10.961
ProcessGuid: {a65b9ff6-ca3a-69e6-6e07-000000001b00}
ProcessId: 25476
Image: C:\Users\rohin\AppData\Local\Programs\Python\Python314\python.exe
User: LAPTOP-I8K1DAMV\rohin"
"2026-04-21T06:22:10.7762064+05:30","5","Process terminated:
RuleName: -
UtcTime: 2026-04-21 00:52:10.774
ProcessGuid: {a65b9ff6-ca3a-69e6-6d07-000000001b00}
ProcessId: 25316
Image: C:\Windows\System32\conhost.exe
User: LAPTOP-I8K1DAMV\rohin"
"2026-04-21T06:22:10.7732800+05:30","5","Process terminated:
RuleName: -
UtcTime: 2026-04-21 00:52:10.771
ProcessGuid: {a65b9ff6-ca3a-69e6-6c07-000000001b00}
ProcessId: 19052
Image: C:\Users\rohin\AppData\Local\Programs\Python\Python314\python.exe
User: LAPTOP-I8K1DAMV\rohin"
"2026-04-21T06:22:10.6402481+05:30","5","Process terminated:
RuleName: -
UtcTime: 2026-04-21 00:52:10.626
ProcessGuid: {a65b9ff6-ca3a-69e6-6b07-000000001b00}
ProcessId: 5464
Image: C:\Windows\System32\conhost.exe
User: LAPTOP-I8K1DAMV\rohin"
"2026-04-21T06:22:10.6363520+05:30","5","Process terminated:
RuleName: -
UtcTime: 2026-04-21 00:52:10.626
ProcessGuid: {a65b9ff6-ca3a-69e6-6a07-000000001b00}
ProcessId: 22112
Image: C:\Users\rohin\AppData\Local\Programs\Python\Python314\python.exe
User: LAPTOP-I8K1DAMV\rohin"
"2026-04-21T06:22:09.1249936+05:30","5","Process terminated:
RuleName: -
UtcTime: 2026-04-21 00:52:09.124
ProcessGuid: {a65b9ff6-ca39-69e6-6707-000000001b00}
ProcessId: 21616
Image: C:\Windows\System32\conhost.exe
User: LAPTOP-I8K1DAMV\rohin"
"2026-04-21T06:22:09.1219740+05:30","5","Process terminated:
RuleName: -
UtcTime: 2026-04-21 00:52:09.121
ProcessGuid: {a65b9ff6-ca39-69e6-6607-000000001b00}
ProcessId: 2944
Image: C:\Program Files\Git\cmd\git.exe
User: LAPTOP-I8K1DAMV\rohin"
"2026-04-21T06:22:09.1168030+05:30","5","Process terminated:
RuleName: -
UtcTime: 2026-04-21 00:52:09.115
ProcessGuid: {a65b9ff6-ca39-69e6-6907-000000001b00}
ProcessId: 4884
Image: C:\Program Files\Git\mingw64\bin\git.exe
User: LAPTOP-I8K1DAMV\rohin"
"2026-04-21T06:22:09.0870504+05:30","5","Process terminated:
RuleName: -
UtcTime: 2026-04-21 00:52:09.086
ProcessGuid: {a65b9ff6-ca39-69e6-6807-000000001b00}
ProcessId: 14508
Image: C:\Users\rohin\AppData\Local\Programs\Microsoft VS Code\Code.exe
User: LAPTOP-I8K1DAMV\rohin"
"2026-04-21T06:22:08.9744206+05:30","5","Process terminated:
RuleName: -
UtcTime: 2026-04-21 00:52:08.973
ProcessGuid: {a65b9ff6-ca38-69e6-6407-000000001b00}
ProcessId: 6748
Image: C:\Windows\System32\conhost.exe
User: LAPTOP-I8K1DAMV\rohin"
"2026-04-21T06:22:08.9705576+05:30","5","Process terminated:
RuleName: -
UtcTime: 2026-04-21 00:52:08.969
ProcessGuid: {a65b9ff6-ca38-69e6-6307-000000001b00}
ProcessId: 17636
Image: C:\Program Files\Git\cmd\git.exe
User: LAPTOP-I8K1DAMV\rohin"
"2026-04-21T06:22:08.9649353+05:30","5","Process terminated:
RuleName: -
UtcTime: 2026-04-21 00:52:08.963
ProcessGuid: {a65b9ff6-ca38-69e6-6507-000000001b00}
ProcessId: 18392
Image: C:\Program Files\Git\mingw64\bin\git.exe
User: LAPTOP-I8K1DAMV\rohin"
"2026-04-21T06:22:08.8229931+05:30","5","Process terminated:
RuleName: -
UtcTime: 2026-04-21 00:52:08.821
ProcessGuid: {a65b9ff6-ca38-69e6-6107-000000001b00}
ProcessId: 15064
Image: C:\Windows\System32\conhost.exe
User: LAPTOP-I8K1DAMV\rohin"
"2026-04-21T06:22:08.8198737+05:30","5","Process terminated:
RuleName: -
UtcTime: 2026-04-21 00:52:08.818
ProcessGuid: {a65b9ff6-ca38-69e6-6007-000000001b00}
ProcessId: 22760
Image: C:\Program Files\Git\cmd\git.exe
User: LAPTOP-I8K1DAMV\rohin"
"2026-04-21T06:22:08.8138972+05:30","5","Process terminated:
RuleName: -
UtcTime: 2026-04-21 00:52:08.812
ProcessGuid: {a65b9ff6-ca38-69e6-6207-000000001b00}
ProcessId: 22140
Image: C:\Program Files\Git\mingw64\bin\git.exe
User: LAPTOP-I8K1DAMV\rohin"
"2026-04-21T06:22:08.6794401+05:30","5","Process terminated:
RuleName: -
UtcTime: 2026-04-21 00:52:08.678
ProcessGuid: {a65b9ff6-ca38-69e6-5e07-000000001b00}
ProcessId: 7392
Image: C:\Windows\System32\conhost.exe
User: LAPTOP-I8K1DAMV\rohin"
"2026-04-21T06:22:08.6765911+05:30","5","Process terminated:
RuleName: -
UtcTime: 2026-04-21 00:52:08.675
ProcessGuid: {a65b9ff6-ca38-69e6-5d07-000000001b00}
ProcessId: 27012
Image: C:\Program Files\Git\cmd\git.exe
User: LAPTOP-I8K1DAMV\rohin"
"2026-04-21T06:22:08.6715563+05:30","5","Process terminated:
RuleName: -
UtcTime: 2026-04-21 00:52:08.670
ProcessGuid: {a65b9ff6-ca38-69e6-5f07-000000001b00}
ProcessId: 9864
Image: C:\Program Files\Git\mingw64\bin\git.exe
User: LAPTOP-I8K1DAMV\rohin"
"2026-04-21T06:22:08.5143924+05:30","5","Process terminated:
RuleName: -
UtcTime: 2026-04-21 00:52:08.513
ProcessGuid: {a65b9ff6-ca38-69e6-5807-000000001b00}
ProcessId: 17588
Image: C:\Windows\System32\conhost.exe
User: LAPTOP-I8K1DAMV\rohin"
"2026-04-21T06:22:08.5092802+05:30","5","Process terminated:
RuleName: -
UtcTime: 2026-04-21 00:52:08.508
ProcessGuid: {a65b9ff6-ca38-69e6-5707-000000001b00}
ProcessId: 17672
Image: C:\Program Files\Git\cmd\git.exe
User: LAPTOP-I8K1DAMV\rohin"
"2026-04-21T06:22:08.5072866+05:30","5","Process terminated:
RuleName: -
UtcTime: 2026-04-21 00:52:08.506
ProcessGuid: {a65b9ff6-ca38-69e6-5c07-000000001b00}
ProcessId: 18732
Image: C:\Windows\System32\chcp.com
User: LAPTOP-I8K1DAMV\rohin"
"2026-04-21T06:22:08.5021362+05:30","5","Process terminated:
RuleName: -
UtcTime: 2026-04-21 00:52:08.501
ProcessGuid: {a65b9ff6-ca38-69e6-5b07-000000001b00}
ProcessId: 27360
Image: C:\Program Files\Git\mingw64\bin\git.exe
User: LAPTOP-I8K1DAMV\rohin"
"2026-04-21T06:22:08.4601149+05:30","5","Process terminated:
RuleName: -
UtcTime: 2026-04-21 00:52:08.459
ProcessGuid: {a65b9ff6-ca38-69e6-5a07-000000001b00}
ProcessId: 9088
Image: C:\Windows\System32\chcp.com
User: LAPTOP-I8K1DAMV\rohin"
"2026-04-21T06:22:08.4279005+05:30","5","Process terminated:
RuleName: -
UtcTime: 2026-04-21 00:52:08.426
ProcessGuid: {a65b9ff6-ca38-69e6-5607-000000001b00}
ProcessId: 17640
Image: C:\Windows\System32\cmd.exe
User: LAPTOP-I8K1DAMV\rohin"
"2026-04-21T06:22:08.4173468+05:30","5","Process terminated:
RuleName: -
UtcTime: 2026-04-21 00:52:08.414
ProcessGuid: {a65b9ff6-ca38-69e6-5907-000000001b00}
ProcessId: 15668
Image: C:\Windows\System32\chcp.com
User: LAPTOP-I8K1DAMV\rohin"
"2026-04-21T06:22:08.3459284+05:30","5","Process terminated:
RuleName: -
UtcTime: 2026-04-21 00:52:08.342
ProcessGuid: {a65b9ff6-ca38-69e6-5407-000000001b00}
ProcessId: 17700
Image: C:\Windows\System32\conhost.exe
User: LAPTOP-I8K1DAMV\rohin"
"2026-04-21T06:22:08.3383567+05:30","5","Process terminated:
RuleName: -
UtcTime: 2026-04-21 00:52:08.337
ProcessGuid: {a65b9ff6-ca38-69e6-5307-000000001b00}
ProcessId: 16696
Image: C:\Program Files\Git\cmd\git.exe
User: LAPTOP-I8K1DAMV\rohin"
"2026-04-21T06:22:08.3311250+05:30","5","Process terminated:
RuleName: -
UtcTime: 2026-04-21 00:52:08.330
ProcessGuid: {a65b9ff6-ca38-69e6-5507-000000001b00}
ProcessId: 18156
Image: C:\Program Files\Git\mingw64\bin\git.exe
User: LAPTOP-I8K1DAMV\rohin"
"2026-04-21T06:22:08.2036126+05:30","5","Process terminated:
RuleName: -
UtcTime: 2026-04-21 00:52:08.202
ProcessGuid: {a65b9ff6-ca38-69e6-5107-000000001b00}
ProcessId: 18112
Image: C:\Windows\System32\conhost.exe
User: LAPTOP-I8K1DAMV\rohin"
"2026-04-21T06:22:08.1998326+05:30","5","Process terminated:
RuleName: -
UtcTime: 2026-04-21 00:52:08.198
ProcessGuid: {a65b9ff6-ca38-69e6-5007-000000001b00}
ProcessId: 18208
Image: C:\Program Files\Git\cmd\git.exe
User: LAPTOP-I8K1DAMV\rohin"
"2026-04-21T06:22:08.1952366+05:30","5","Process terminated:
RuleName: -
UtcTime: 2026-04-21 00:52:08.194
ProcessGuid: {a65b9ff6-ca38-69e6-5207-000000001b00}
ProcessId: 17488
Image: C:\Program Files\Git\mingw64\bin\git.exe
User: LAPTOP-I8K1DAMV\rohin"
"2026-04-21T06:22:08.0772253+05:30","5","Process terminated:
RuleName: -
UtcTime: 2026-04-21 00:52:08.071
ProcessGuid: {a65b9ff6-ca37-69e6-4c07-000000001b00}
ProcessId: 17796
Image: C:\Windows\System32\conhost.exe
User: LAPTOP-I8K1DAMV\rohin"
"2026-04-21T06:22:08.0739689+05:30","5","Process terminated:
RuleName: -
UtcTime: 2026-04-21 00:52:08.071
ProcessGuid: {a65b9ff6-ca37-69e6-4b07-000000001b00}
ProcessId: 17892
Image: C:\Program Files\Git\cmd\git.exe
User: LAPTOP-I8K1DAMV\rohin"
"2026-04-21T06:22:08.0666610+05:30","5","Process terminated:
RuleName: -
UtcTime: 2026-04-21 00:52:08.066
ProcessGuid: {a65b9ff6-ca38-69e6-4e07-000000001b00}
ProcessId: 18556
Image: C:\Program Files\Git\mingw64\bin\git.exe
User: LAPTOP-I8K1DAMV\rohin"
"2026-04-21T06:22:08.0471141+05:30","5","Process terminated:
RuleName: -
UtcTime: 2026-04-21 00:52:08.044
ProcessGuid: {a65b9ff6-ca37-69e6-4a07-000000001b00}
ProcessId: 17948
Image: C:\Windows\System32\conhost.exe
User: LAPTOP-I8K1DAMV\rohin"
"2026-04-21T06:22:08.0435091+05:30","5","Process terminated:
RuleName: -
UtcTime: 2026-04-21 00:52:08.037
ProcessGuid: {a65b9ff6-ca37-69e6-4907-000000001b00}
ProcessId: 17688
Image: C:\Program Files\Git\cmd\git.exe
User: LAPTOP-I8K1DAMV\rohin"
"2026-04-21T06:22:08.0380338+05:30","5","Process terminated:
RuleName: -
UtcTime: 2026-04-21 00:52:08.037
ProcessGuid: {a65b9ff6-ca37-69e6-4d07-000000001b00}
ProcessId: 12884
Image: C:\Program Files\Git\mingw64\bin\git.exe
User: LAPTOP-I8K1DAMV\rohin"
"2026-04-21T06:22:07.9316202+05:30","5","Process terminated:
RuleName: -
UtcTime: 2026-04-21 00:52:07.930
ProcessGuid: {a65b9ff6-ca37-69e6-4707-000000001b00}
ProcessId: 20924
Image: C:\Windows\System32\conhost.exe
User: LAPTOP-I8K1DAMV\rohin"
"2026-04-21T06:22:07.9289124+05:30","5","Process terminated:
RuleName: -
UtcTime: 2026-04-21 00:52:07.927
ProcessGuid: {a65b9ff6-ca37-69e6-4607-000000001b00}
ProcessId: 5856
Image: C:\Program Files\Git\cmd\git.exe
User: LAPTOP-I8K1DAMV\rohin"
"2026-04-21T06:22:07.9238854+05:30","5","Process terminated:
RuleName: -
UtcTime: 2026-04-21 00:52:07.923
ProcessGuid: {a65b9ff6-ca37-69e6-4807-000000001b00}
ProcessId: 24388
Image: C:\Program Files\Git\mingw64\bin\git.exe
User: LAPTOP-I8K1DAMV\rohin"
"2026-04-21T06:22:07.8129455+05:30","5","Process terminated:
RuleName: -
UtcTime: 2026-04-21 00:52:07.810
ProcessGuid: {a65b9ff6-ca37-69e6-4407-000000001b00}
ProcessId: 14736
Image: C:\Windows\System32\conhost.exe
User: LAPTOP-I8K1DAMV\rohin"
"2026-04-21T06:22:07.8083518+05:30","5","Process terminated:
RuleName: -
UtcTime: 2026-04-21 00:52:07.807
ProcessGuid: {a65b9ff6-ca37-69e6-4307-000000001b00}
ProcessId: 17784
Image: C:\Program Files\Git\cmd\git.exe
User: LAPTOP-I8K1DAMV\rohin"
"2026-04-21T06:22:07.8031881+05:30","5","Process terminated:
RuleName: -
UtcTime: 2026-04-21 00:52:07.795
ProcessGuid: {a65b9ff6-ca37-69e6-4507-000000001b00}
ProcessId: 18336
Image: C:\Program Files\Git\mingw64\bin\git.exe
User: LAPTOP-I8K1DAMV\rohin"
"2026-04-21T06:22:07.7040622+05:30","5","Process terminated:
RuleName: -
UtcTime: 2026-04-21 00:52:07.699
ProcessGuid: {a65b9ff6-ca37-69e6-4107-000000001b00}
ProcessId: 18640
Image: C:\Windows\System32\conhost.exe
User: LAPTOP-I8K1DAMV\rohin"
"2026-04-21T06:22:07.7009397+05:30","5","Process terminated:
RuleName: -
UtcTime: 2026-04-21 00:52:07.699
ProcessGuid: {a65b9ff6-ca37-69e6-4007-000000001b00}
ProcessId: 18692
Image: C:\Program Files\Git\cmd\git.exe
User: LAPTOP-I8K1DAMV\rohin"
"2026-04-21T06:22:07.6950336+05:30","5","Process terminated:
RuleName: -
UtcTime: 2026-04-21 00:52:07.690
ProcessGuid: {a65b9ff6-ca37-69e6-4207-000000001b00}
ProcessId: 24348
Image: C:\Program Files\Git\mingw64\bin\git.exe
User: LAPTOP-I8K1DAMV\rohin"
"2026-04-21T06:22:07.5893639+05:30","5","Process terminated:
RuleName: -
UtcTime: 2026-04-21 00:52:07.586
ProcessGuid: {a65b9ff6-ca37-69e6-3e07-000000001b00}
ProcessId: 26632
Image: C:\Windows\System32\conhost.exe
User: LAPTOP-I8K1DAMV\rohin"
"2026-04-21T06:22:07.5867055+05:30","5","Process terminated:
RuleName: -
UtcTime: 2026-04-21 00:52:07.586
ProcessGuid: {a65b9ff6-ca37-69e6-3d07-000000001b00}
ProcessId: 4660
Image: C:\Program Files\Git\cmd\git.exe
User: LAPTOP-I8K1DAMV\rohin"
"2026-04-21T06:22:07.5819925+05:30","5","Process terminated:
RuleName: -
UtcTime: 2026-04-21 00:52:07.580
ProcessGuid: {a65b9ff6-ca37-69e6-3f07-000000001b00}
ProcessId: 18536
Image: C:\Program Files\Git\mingw64\bin\git.exe
User: LAPTOP-I8K1DAMV\rohin"
"2026-04-21T06:22:07.5003903+05:30","5","Process terminated:
RuleName: -
UtcTime: 2026-04-21 00:52:07.499
ProcessGuid: {a65b9ff6-ca37-69e6-3907-000000001b00}
ProcessId: 6248
Image: C:\Windows\System32\conhost.exe
User: LAPTOP-I8K1DAMV\rohin"
"2026-04-21T06:22:07.4979715+05:30","5","Process terminated:
RuleName: -
UtcTime: 2026-04-21 00:52:07.497
ProcessGuid: {a65b9ff6-ca37-69e6-3807-000000001b00}
ProcessId: 4376
Image: C:\Program Files\Git\cmd\git.exe
User: LAPTOP-I8K1DAMV\rohin"
"2026-04-21T06:22:07.4926174+05:30","5","Process terminated:
RuleName: -
UtcTime: 2026-04-21 00:52:07.480
ProcessGuid: {a65b9ff6-ca37-69e6-3b07-000000001b00}
ProcessId: 18560
Image: C:\Program Files\Git\mingw64\bin\git.exe
User: LAPTOP-I8K1DAMV\rohin"
"2026-04-21T06:22:07.3900658+05:30","5","Process terminated:
RuleName: -
UtcTime: 2026-04-21 00:52:07.389
ProcessGuid: {a65b9ff6-ca37-69e6-3607-000000001b00}
ProcessId: 13020
Image: C:\Windows\System32\conhost.exe
User: LAPTOP-I8K1DAMV\rohin"
"2026-04-21T06:22:07.3877526+05:30","5","Process terminated:
RuleName: -
UtcTime: 2026-04-21 00:52:07.387
ProcessGuid: {a65b9ff6-ca37-69e6-3507-000000001b00}
ProcessId: 14900
Image: C:\Program Files\Git\cmd\git.exe
User: LAPTOP-I8K1DAMV\rohin"
"2026-04-21T06:22:07.3831037+05:30","5","Process terminated:
RuleName: -
UtcTime: 2026-04-21 00:52:07.381
ProcessGuid: {a65b9ff6-ca37-69e6-3707-000000001b00}
ProcessId: 18244
Image: C:\Program Files\Git\mingw64\bin\git.exe
User: LAPTOP-I8K1DAMV\rohin"
"2026-04-21T06:22:07.0943927+05:30","5","Process terminated:
RuleName: -
UtcTime: 2026-04-21 00:52:07.093
ProcessGuid: {a65b9ff6-ca36-69e6-3307-000000001b00}
ProcessId: 19488
Image: C:\Windows\System32\conhost.exe
User: LAPTOP-I8K1DAMV\rohin"
"2026-04-21T06:22:07.0913286+05:30","5","Process terminated:
RuleName: -
UtcTime: 2026-04-21 00:52:07.090
ProcessGuid: {a65b9ff6-ca36-69e6-3207-000000001b00}
ProcessId: 24300
Image: C:\Program Files\Git\cmd\git.exe
User: LAPTOP-I8K1DAMV\rohin"
"2026-04-21T06:22:07.0867000+05:30","5","Process terminated:
RuleName: -
UtcTime: 2026-04-21 00:52:07.085
ProcessGuid: {a65b9ff6-ca37-69e6-3407-000000001b00}
ProcessId: 6072
Image: C:\Program Files\Git\mingw64\bin\git.exe
User: LAPTOP-I8K1DAMV\rohin"
"2026-04-21T06:22:06.8982701+05:30","5","Process terminated:
RuleName: -
UtcTime: 2026-04-21 00:52:06.898
ProcessGuid: {a65b9ff6-ca36-69e6-2f07-000000001b00}
ProcessId: 27212
Image: C:\Windows\System32\conhost.exe
User: LAPTOP-I8K1DAMV\rohin"
"2026-04-21T06:22:06.8947045+05:30","5","Process terminated:
RuleName: -
UtcTime: 2026-04-21 00:52:06.893
ProcessGuid: {a65b9ff6-ca36-69e6-2e07-000000001b00}
ProcessId: 26136
Image: C:\Program Files\Git\cmd\git.exe
User: LAPTOP-I8K1DAMV\rohin"
"2026-04-21T06:22:06.8904673+05:30","5","Process terminated:
RuleName: -
UtcTime: 2026-04-21 00:52:06.889
ProcessGuid: {a65b9ff6-ca36-69e6-3007-000000001b00}
ProcessId: 13144
Image: C:\Program Files\Git\mingw64\bin\git.exe
User: LAPTOP-I8K1DAMV\rohin"
"2026-04-21T06:22:05.9293692+05:30","5","Process terminated:
RuleName: -
UtcTime: 2026-04-21 00:52:05.929
ProcessGuid: {a65b9ff6-ca35-69e6-2d07-000000001b00}
ProcessId: 24704
Image: C:\Windows\System32\conhost.exe
User: LAPTOP-I8K1DAMV\rohin"
"2026-04-21T06:22:05.9264668+05:30","5","Process terminated:
RuleName: -
UtcTime: 2026-04-21 00:52:05.926
ProcessGuid: {a65b9ff6-ca35-69e6-2c07-000000001b00}
ProcessId: 1544
Image: C:\Users\rohin\AppData\Local\Programs\Microsoft VS Code\560a9dba96\resources\app\node_modules\@vscode\ripgrep\bin\rg.exe
User: LAPTOP-I8K1DAMV\rohin"
"2026-04-21T06:22:05.8636424+05:30","5","Process terminated:
RuleName: -
UtcTime: 2026-04-21 00:52:05.863
ProcessGuid: {a65b9ff6-ca35-69e6-2b07-000000001b00}
ProcessId: 10772
Image: C:\Windows\System32\conhost.exe
User: LAPTOP-I8K1DAMV\rohin"
"2026-04-21T06:22:05.8606571+05:30","5","Process terminated:
RuleName: -
UtcTime: 2026-04-21 00:52:05.858
ProcessGuid: {a65b9ff6-ca35-69e6-2907-000000001b00}
ProcessId: 17364
Image: C:\Windows\System32\cmd.exe
User: LAPTOP-I8K1DAMV\rohin"
"2026-04-21T06:22:05.8539219+05:30","5","Process terminated:
RuleName: -
UtcTime: 2026-04-21 00:52:05.853
ProcessGuid: {a65b9ff6-ca35-69e6-2807-000000001b00}
ProcessId: 1060
Image: C:\Windows\System32\conhost.exe
User: LAPTOP-I8K1DAMV\rohin"
"2026-04-21T06:22:05.8508896+05:30","5","Process terminated:
RuleName: -
UtcTime: 2026-04-21 00:52:05.850
ProcessGuid: {a65b9ff6-ca35-69e6-2707-000000001b00}
ProcessId: 9476
Image: C:\Program Files\Git\cmd\git.exe
User: LAPTOP-I8K1DAMV\rohin"
"2026-04-21T06:22:05.8455764+05:30","5","Process terminated:
RuleName: -
UtcTime: 2026-04-21 00:52:05.844
ProcessGuid: {a65b9ff6-ca35-69e6-2a07-000000001b00}
ProcessId: 25476
Image: C:\Program Files\Git\mingw64\bin\git.exe
User: LAPTOP-I8K1DAMV\rohin"
"2026-04-21T06:22:05.6770230+05:30","5","Process terminated:
RuleName: -
UtcTime: 2026-04-21 00:52:05.676
ProcessGuid: {a65b9ff6-ca35-69e6-2307-000000001b00}
ProcessId: 16952
Image: C:\Windows\System32\conhost.exe
User: LAPTOP-I8K1DAMV\rohin"
"2026-04-21T06:22:05.6744222+05:30","5","Process terminated:
RuleName: -
UtcTime: 2026-04-21 00:52:05.674
ProcessGuid: {a65b9ff6-ca35-69e6-2207-000000001b00}
ProcessId: 9156
Image: C:\Program Files\Git\cmd\git.exe
User: LAPTOP-I8K1DAMV\rohin"
"2026-04-21T06:22:05.6706129+05:30","5","Process terminated:
RuleName: -
UtcTime: 2026-04-21 00:52:05.670
ProcessGuid: {a65b9ff6-ca35-69e6-2607-000000001b00}
ProcessId: 13792
Image: C:\Program Files\Git\mingw64\bin\git.exe
User: LAPTOP-I8K1DAMV\rohin"
"2026-04-21T06:22:05.6631119+05:30","5","Process terminated:
RuleName: -
UtcTime: 2026-04-21 00:52:05.662
ProcessGuid: {a65b9ff6-ca35-69e6-2107-000000001b00}
ProcessId: 3356
Image: C:\Windows\System32\conhost.exe
User: LAPTOP-I8K1DAMV\rohin"
"2026-04-21T06:22:05.6606040+05:30","5","Process terminated:
RuleName: -
UtcTime: 2026-04-21 00:52:05.660
ProcessGuid: {a65b9ff6-ca35-69e6-2007-000000001b00}
ProcessId: 5052
Image: C:\Program Files\Git\cmd\git.exe
User: LAPTOP-I8K1DAMV\rohin"
"2026-04-21T06:22:05.6557991+05:30","5","Process terminated:
RuleName: -
UtcTime: 2026-04-21 00:52:05.655
ProcessGuid: {a65b9ff6-ca35-69e6-2507-000000001b00}
ProcessId: 436
Image: C:\Program Files\Git\mingw64\bin\git.exe
User: LAPTOP-I8K1DAMV\rohin"
"2026-04-21T06:22:05.6489036+05:30","5","Process terminated:
RuleName: -
UtcTime: 2026-04-21 00:52:05.648
ProcessGuid: {a65b9ff6-ca35-69e6-1f07-000000001b00}
ProcessId: 21784
Image: C:\Windows\System32\conhost.exe
User: LAPTOP-I8K1DAMV\rohin"
