"2026-04-21T13:57:38.9917765+05:30","5","Process terminated:
RuleName: -
UtcTime: 2026-04-21 08:27:38.991
ProcessGuid: {a65b9ff6-34fa-69e7-3812-000000001b00}
ProcessId: 21312
Image: C:\Windows\System32\WindowsPowerShell\v1.0\powershell.exe
User: LAPTOP-I8K1DAMV\rohin"
"2026-04-21T13:57:38.3402273+05:30","5","Process terminated:
RuleName: -
UtcTime: 2026-04-21 08:27:38.328
ProcessGuid: {a65b9ff6-34f9-69e7-3712-000000001b00}
ProcessId: 30868
Image: C:\Windows\System32\WindowsPowerShell\v1.0\powershell.exe
User: LAPTOP-I8K1DAMV\rohin"
"2026-04-21T13:57:37.6052458+05:30","5","Process terminated:
RuleName: -
UtcTime: 2026-04-21 08:27:37.602
ProcessGuid: {a65b9ff6-34f9-69e7-3612-000000001b00}
ProcessId: 21308
Image: C:\Windows\System32\WindowsPowerShell\v1.0\powershell.exe
User: LAPTOP-I8K1DAMV\rohin"
"2026-04-21T13:57:36.9955791+05:30","5","Process terminated:
RuleName: -
UtcTime: 2026-04-21 08:27:36.987
ProcessGuid: {a65b9ff6-34f8-69e7-3512-000000001b00}
ProcessId: 27636
Image: C:\Windows\System32\WindowsPowerShell\v1.0\powershell.exe
User: LAPTOP-I8K1DAMV\rohin"
"2026-04-21T13:57:36.5893939+05:30","5","Process terminated:
RuleName: -
UtcTime: 2026-04-21 08:27:36.588
ProcessGuid: {a65b9ff6-347d-69e7-0712-000000001b00}
ProcessId: 24556
Image: C:\Windows\System32\svchost.exe
User: NT AUTHORITY\SYSTEM"
"2026-04-21T13:57:36.3986915+05:30","5","Process terminated:
RuleName: -
UtcTime: 2026-04-21 08:27:36.397
ProcessGuid: {a65b9ff6-34f8-69e7-3412-000000001b00}
ProcessId: 29412
Image: C:\Windows\System32\WindowsPowerShell\v1.0\powershell.exe
User: LAPTOP-I8K1DAMV\rohin"
"2026-04-21T13:57:35.8003784+05:30","5","Process terminated:
RuleName: -
UtcTime: 2026-04-21 08:27:35.800
ProcessGuid: {a65b9ff6-34f7-69e7-3312-000000001b00}
ProcessId: 23220
Image: C:\Windows\System32\WindowsPowerShell\v1.0\powershell.exe
User: LAPTOP-I8K1DAMV\rohin"
"2026-04-21T13:57:35.1656677+05:30","5","Process terminated:
RuleName: -
UtcTime: 2026-04-21 08:27:35.165
ProcessGuid: {a65b9ff6-34f6-69e7-3212-000000001b00}
ProcessId: 21264
Image: C:\Windows\System32\WindowsPowerShell\v1.0\powershell.exe
User: LAPTOP-I8K1DAMV\rohin"
"2026-04-21T13:57:34.5626976+05:30","5","Process terminated:
RuleName: -
UtcTime: 2026-04-21 08:27:34.562
ProcessGuid: {a65b9ff6-34f6-69e7-3112-000000001b00}
ProcessId: 27944
Image: C:\Windows\System32\WindowsPowerShell\v1.0\powershell.exe
User: LAPTOP-I8K1DAMV\rohin"
"2026-04-21T13:57:33.9551696+05:30","5","Process terminated:
RuleName: -
UtcTime: 2026-04-21 08:27:33.954
ProcessGuid: {a65b9ff6-34f5-69e7-3012-000000001b00}
ProcessId: 30700
Image: C:\Windows\System32\WindowsPowerShell\v1.0\powershell.exe
User: LAPTOP-I8K1DAMV\rohin"
"2026-04-21T13:57:33.3503317+05:30","5","Process terminated:
RuleName: -
UtcTime: 2026-04-21 08:27:33.349
ProcessGuid: {a65b9ff6-34f4-69e7-2f12-000000001b00}
ProcessId: 7392
Image: C:\Windows\System32\WindowsPowerShell\v1.0\powershell.exe
User: LAPTOP-I8K1DAMV\rohin"
"2026-04-21T13:57:32.7433343+05:30","5","Process terminated:
RuleName: -
UtcTime: 2026-04-21 08:27:32.742
ProcessGuid: {a65b9ff6-34f4-69e7-2e12-000000001b00}
ProcessId: 17456
Image: C:\Windows\System32\WindowsPowerShell\v1.0\powershell.exe
User: LAPTOP-I8K1DAMV\rohin"
"2026-04-21T13:57:32.1388315+05:30","5","Process terminated:
RuleName: -
UtcTime: 2026-04-21 08:27:32.132
ProcessGuid: {a65b9ff6-34f3-69e7-2d12-000000001b00}
ProcessId: 26248
Image: C:\Windows\System32\WindowsPowerShell\v1.0\powershell.exe
User: LAPTOP-I8K1DAMV\rohin"
"2026-04-21T13:57:31.5243068+05:30","5","Process terminated:
RuleName: -
UtcTime: 2026-04-21 08:27:31.520
ProcessGuid: {a65b9ff6-34f3-69e7-2c12-000000001b00}
ProcessId: 13100
Image: C:\Windows\System32\WindowsPowerShell\v1.0\powershell.exe
User: LAPTOP-I8K1DAMV\rohin"
"2026-04-21T13:57:30.9083856+05:30","5","Process terminated:
RuleName: -
UtcTime: 2026-04-21 08:27:30.907
ProcessGuid: {a65b9ff6-34f2-69e7-2b12-000000001b00}
ProcessId: 24396
Image: C:\Windows\System32\WindowsPowerShell\v1.0\powershell.exe
User: LAPTOP-I8K1DAMV\rohin"
"2026-04-21T13:57:30.2892687+05:30","5","Process terminated:
RuleName: -
UtcTime: 2026-04-21 08:27:30.288
ProcessGuid: {a65b9ff6-34f1-69e7-2a12-000000001b00}
ProcessId: 30956
Image: C:\Windows\System32\WindowsPowerShell\v1.0\powershell.exe
User: LAPTOP-I8K1DAMV\rohin"
"2026-04-21T13:57:29.6856397+05:30","5","Process terminated:
RuleName: -
UtcTime: 2026-04-21 08:27:29.684
ProcessGuid: {a65b9ff6-34f1-69e7-2912-000000001b00}
ProcessId: 30348
Image: C:\Windows\System32\WindowsPowerShell\v1.0\powershell.exe
User: LAPTOP-I8K1DAMV\rohin"
"2026-04-21T13:57:29.0745742+05:30","5","Process terminated:
RuleName: -
UtcTime: 2026-04-21 08:27:29.073
ProcessGuid: {a65b9ff6-34f0-69e7-2812-000000001b00}
ProcessId: 11380
Image: C:\Windows\System32\WindowsPowerShell\v1.0\powershell.exe
User: LAPTOP-I8K1DAMV\rohin"
"2026-04-21T13:57:28.4639862+05:30","5","Process terminated:
RuleName: -
UtcTime: 2026-04-21 08:27:28.463
ProcessGuid: {a65b9ff6-34f0-69e7-2712-000000001b00}
ProcessId: 17384
Image: C:\Windows\System32\WindowsPowerShell\v1.0\powershell.exe
User: LAPTOP-I8K1DAMV\rohin"
"2026-04-21T13:57:27.8381725+05:30","5","Process terminated:
RuleName: -
UtcTime: 2026-04-21 08:27:27.837
ProcessGuid: {a65b9ff6-34ef-69e7-2612-000000001b00}
ProcessId: 3320
Image: C:\Windows\System32\WindowsPowerShell\v1.0\powershell.exe
User: LAPTOP-I8K1DAMV\rohin"
"2026-04-21T13:57:27.2267324+05:30","5","Process terminated:
RuleName: -
UtcTime: 2026-04-21 08:27:27.225
ProcessGuid: {a65b9ff6-34ee-69e7-2512-000000001b00}
ProcessId: 17804
Image: C:\Windows\System32\WindowsPowerShell\v1.0\powershell.exe
User: LAPTOP-I8K1DAMV\rohin"
"2026-04-21T13:57:26.6110350+05:30","5","Process terminated:
RuleName: -
UtcTime: 2026-04-21 08:27:26.605
ProcessGuid: {a65b9ff6-34ee-69e7-2412-000000001b00}
ProcessId: 30760
Image: C:\Windows\System32\WindowsPowerShell\v1.0\powershell.exe
User: LAPTOP-I8K1DAMV\rohin"
"2026-04-21T13:57:26.0013656+05:30","5","Process terminated:
RuleName: -
UtcTime: 2026-04-21 08:27:25.992
ProcessGuid: {a65b9ff6-34ed-69e7-2312-000000001b00}
ProcessId: 12976
Image: C:\Windows\System32\WindowsPowerShell\v1.0\powershell.exe
User: LAPTOP-I8K1DAMV\rohin"
"2026-04-21T13:57:25.3920936+05:30","5","Process terminated:
RuleName: -
UtcTime: 2026-04-21 08:27:25.391
ProcessGuid: {a65b9ff6-34ec-69e7-2212-000000001b00}
ProcessId: 26868
Image: C:\Windows\System32\WindowsPowerShell\v1.0\powershell.exe
User: LAPTOP-I8K1DAMV\rohin"
"2026-04-21T13:57:24.7805437+05:30","5","Process terminated:
RuleName: -
UtcTime: 2026-04-21 08:27:24.780
ProcessGuid: {a65b9ff6-34ec-69e7-2112-000000001b00}
ProcessId: 29924
Image: C:\Windows\System32\WindowsPowerShell\v1.0\powershell.exe
User: LAPTOP-I8K1DAMV\rohin"
"2026-04-21T13:57:24.1560718+05:30","5","Process terminated:
RuleName: -
UtcTime: 2026-04-21 08:27:24.155
ProcessGuid: {a65b9ff6-34eb-69e7-2012-000000001b00}
ProcessId: 29188
Image: C:\Windows\System32\WindowsPowerShell\v1.0\powershell.exe
User: LAPTOP-I8K1DAMV\rohin"
"2026-04-21T13:57:23.4596242+05:30","5","Process terminated:
RuleName: -
UtcTime: 2026-04-21 08:27:23.459
ProcessGuid: {a65b9ff6-34eb-69e7-1f12-000000001b00}
ProcessId: 14580
Image: C:\Windows\System32\WindowsPowerShell\v1.0\powershell.exe
User: LAPTOP-I8K1DAMV\rohin"
"2026-04-21T13:57:22.7972591+05:30","5","Process terminated:
RuleName: -
UtcTime: 2026-04-21 08:27:22.796
ProcessGuid: {a65b9ff6-34e9-69e7-1e12-000000001b00}
ProcessId: 15436
Image: C:\Windows\System32\WindowsPowerShell\v1.0\powershell.exe
User: LAPTOP-I8K1DAMV\rohin"
"2026-04-21T13:57:18.3603946+05:30","5","Process terminated:
RuleName: -
UtcTime: 2026-04-21 08:27:18.355
ProcessGuid: {a65b9ff6-34e6-69e7-1a12-000000001b00}
ProcessId: 24012
Image: C:\Windows\System32\conhost.exe
User: NT AUTHORITY\LOCAL SERVICE"
"2026-04-21T13:57:18.3582456+05:30","5","Process terminated:
RuleName: -
UtcTime: 2026-04-21 08:27:18.355
ProcessGuid: {a65b9ff6-34e6-69e7-1912-000000001b00}
ProcessId: 29960
Image: C:\Windows\System32\appidcertstorecheck.exe
User: NT AUTHORITY\LOCAL SERVICE"
"2026-04-21T13:57:03.9416319+05:30","5","Process terminated:
RuleName: -
UtcTime: 2026-04-21 08:27:03.941
ProcessGuid: {a65b9ff6-3472-69e7-ff11-000000001b00}
ProcessId: 3004
Image: C:\Windows\System32\SearchProtocolHost.exe
User: NT AUTHORITY\SYSTEM"
"2026-04-21T13:57:02.3009185+05:30","5","Process terminated:
RuleName: -
UtcTime: 2026-04-21 08:27:02.300
ProcessGuid: {a65b9ff6-3472-69e7-0012-000000001b00}
ProcessId: 16644
Image: C:\Windows\System32\SearchFilterHost.exe
User: NT AUTHORITY\SYSTEM"
"2026-04-21T13:57:02.2725481+05:30","5","Process terminated:
RuleName: -
UtcTime: 2026-04-21 08:27:02.271
ProcessGuid: {a65b9ff6-3473-69e7-0112-000000001b00}
ProcessId: 29856
Image: C:\Windows\System32\SearchFilterHost.exe
User: NT AUTHORITY\SYSTEM"
"2026-04-21T13:56:24.3896262+05:30","5","Process terminated:
RuleName: -
UtcTime: 2026-04-21 08:26:24.389
ProcessGuid: {a65b9ff6-3491-69e7-0f12-000000001b00}
ProcessId: 14860
Image: C:\Windows\System32\DataExchangeHost.exe
User: LAPTOP-I8K1DAMV\rohin"
"2026-04-21T13:56:10.7322236+05:30","5","Process terminated:
RuleName: -
UtcTime: 2026-04-21 08:26:10.725
ProcessGuid: {a65b9ff6-34a2-69e7-1712-000000001b00}
ProcessId: 26840
Image: C:\Windows\System32\conhost.exe
User: LAPTOP-I8K1DAMV\rohin"
"2026-04-21T13:56:10.7213622+05:30","5","Process terminated:
RuleName: -
UtcTime: 2026-04-21 08:26:10.708
ProcessGuid: {a65b9ff6-34a2-69e7-1612-000000001b00}
ProcessId: 29420
Image: C:\Program Files\Git\cmd\git.exe
User: LAPTOP-I8K1DAMV\rohin"
"2026-04-21T13:56:10.7131539+05:30","5","Process terminated:
RuleName: -
UtcTime: 2026-04-21 08:26:10.708
ProcessGuid: {a65b9ff6-34a2-69e7-1812-000000001b00}
ProcessId: 17780
Image: C:\Program Files\Git\mingw64\bin\git.exe
User: LAPTOP-I8K1DAMV\rohin"
"2026-04-21T13:56:08.2017837+05:30","5","Process terminated:
RuleName: -
UtcTime: 2026-04-21 08:26:08.201
ProcessGuid: {a65b9ff6-34a0-69e7-1412-000000001b00}
ProcessId: 8160
Image: C:\Windows\System32\conhost.exe
User: LAPTOP-I8K1DAMV\rohin"
"2026-04-21T13:56:08.1943060+05:30","5","Process terminated:
RuleName: -
UtcTime: 2026-04-21 08:26:08.193
ProcessGuid: {a65b9ff6-34a0-69e7-1312-000000001b00}
ProcessId: 25856
Image: C:\Program Files\Git\cmd\git.exe
User: LAPTOP-I8K1DAMV\rohin"
"2026-04-21T13:56:08.1807537+05:30","5","Process terminated:
RuleName: -
UtcTime: 2026-04-21 08:26:08.180
ProcessGuid: {a65b9ff6-34a0-69e7-1512-000000001b00}
ProcessId: 29884
Image: C:\Program Files\Git\mingw64\bin\git.exe
User: LAPTOP-I8K1DAMV\rohin"
"2026-04-21T13:55:54.9550150+05:30","5","Process terminated:
RuleName: -
UtcTime: 2026-04-21 08:25:54.954
ProcessGuid: {a65b9ff6-3492-69e7-1112-000000001b00}
ProcessId: 29788
Image: C:\Windows\System32\conhost.exe
User: LAPTOP-I8K1DAMV\rohin"
"2026-04-21T13:55:54.9519366+05:30","5","Process terminated:
RuleName: -
UtcTime: 2026-04-21 08:25:54.951
ProcessGuid: {a65b9ff6-3492-69e7-1012-000000001b00}
ProcessId: 30912
Image: C:\Program Files\Git\cmd\git.exe
User: LAPTOP-I8K1DAMV\rohin"
"2026-04-21T13:55:54.9476629+05:30","5","Process terminated:
RuleName: -
UtcTime: 2026-04-21 08:25:54.946
ProcessGuid: {a65b9ff6-3492-69e7-1212-000000001b00}
ProcessId: 31432
Image: C:\Program Files\Git\mingw64\bin\git.exe
User: LAPTOP-I8K1DAMV\rohin"
"2026-04-21T13:55:50.4165695+05:30","5","Process terminated:
RuleName: -
UtcTime: 2026-04-21 08:25:50.404
ProcessGuid: {a65b9ff6-348e-69e7-0e12-000000001b00}
ProcessId: 6024
Image: C:\Windows\System32\conhost.exe
User: LAPTOP-I8K1DAMV\rohin"
"2026-04-21T13:55:50.4138632+05:30","5","Process terminated:
RuleName: -
UtcTime: 2026-04-21 08:25:50.404
ProcessGuid: {a65b9ff6-348e-69e7-0d12-000000001b00}
ProcessId: 21220
Image: C:\Windows\System32\reg.exe
User: LAPTOP-I8K1DAMV\rohin"
"2026-04-21T13:55:50.3565851+05:30","5","Process terminated:
RuleName: -
UtcTime: 2026-04-21 08:25:50.353
ProcessGuid: {a65b9ff6-348e-69e7-0c12-000000001b00}
ProcessId: 10508
Image: C:\Windows\System32\conhost.exe
User: LAPTOP-I8K1DAMV\rohin"
"2026-04-21T13:55:50.3526543+05:30","5","Process terminated:
RuleName: -
UtcTime: 2026-04-21 08:25:50.344
ProcessGuid: {a65b9ff6-348e-69e7-0b12-000000001b00}
ProcessId: 30600
Image: C:\Windows\System32\reg.exe
User: LAPTOP-I8K1DAMV\rohin"
"2026-04-21T13:55:35.0038649+05:30","5","Process terminated:
RuleName: -
UtcTime: 2026-04-21 08:25:35.003
ProcessGuid: {a65b9ff6-347e-69e7-0912-000000001b00}
ProcessId: 16152
Image: C:\Windows\System32\conhost.exe
User: LAPTOP-I8K1DAMV\rohin"
"2026-04-21T13:55:35.0002106+05:30","5","Process terminated:
RuleName: -
UtcTime: 2026-04-21 08:25:34.999
ProcessGuid: {a65b9ff6-347e-69e7-0812-000000001b00}
ProcessId: 31260
Image: C:\Program Files\Git\cmd\git.exe
User: LAPTOP-I8K1DAMV\rohin"
"2026-04-21T13:55:34.9960139+05:30","5","Process terminated:
RuleName: -
UtcTime: 2026-04-21 08:25:34.995
ProcessGuid: {a65b9ff6-347e-69e7-0a12-000000001b00}
ProcessId: 23700
Image: C:\Program Files\Git\mingw64\bin\git.exe
User: LAPTOP-I8K1DAMV\rohin"
"2026-04-21T13:55:33.8730802+05:30","5","Process terminated:
RuleName: -
UtcTime: 2026-04-21 08:25:33.872
ProcessGuid: {a65b9ff6-3477-69e7-0512-000000001b00}
ProcessId: 28024
Image: C:\Windows\System32\dllhost.exe
User: LAPTOP-I8K1DAMV\rohin"
"2026-04-21T13:55:25.4372030+05:30","5","Process terminated:
RuleName: -
UtcTime: 2026-04-21 08:25:25.437
ProcessGuid: {a65b9ff6-3475-69e7-0312-000000001b00}
ProcessId: 28884
Image: C:\Windows\System32\conhost.exe
User: LAPTOP-I8K1DAMV\rohin"
"2026-04-21T13:55:25.4330316+05:30","5","Process terminated:
RuleName: -
UtcTime: 2026-04-21 08:25:25.432
ProcessGuid: {a65b9ff6-3475-69e7-0212-000000001b00}
ProcessId: 26344
Image: C:\Program Files\Git\cmd\git.exe
User: LAPTOP-I8K1DAMV\rohin"
"2026-04-21T13:55:25.4292568+05:30","5","Process terminated:
RuleName: -
UtcTime: 2026-04-21 08:25:25.428
ProcessGuid: {a65b9ff6-3475-69e7-0412-000000001b00}
ProcessId: 2068
Image: C:\Program Files\Git\mingw64\bin\git.exe
User: LAPTOP-I8K1DAMV\rohin"
"2026-04-21T13:55:22.6775782+05:30","5","Process terminated:
RuleName: -
UtcTime: 2026-04-21 08:25:22.677
ProcessGuid: {a65b9ff6-346d-69e7-fd11-000000001b00}
ProcessId: 11080
Image: C:\Program Files\WindowsApps\Microsoft.ScreenSketch_11.2601.12.0_x64__8wekyb3d8bbwe\SnippingTool\SnippingTool.exe
User: LAPTOP-I8K1DAMV\rohin"
"2026-04-21T13:55:18.6859998+05:30","5","Process terminated:
RuleName: -
UtcTime: 2026-04-21 08:25:18.685
ProcessGuid: {a65b9ff6-346e-69e7-fe11-000000001b00}
ProcessId: 8808
Image: C:\Windows\System32\svchost.exe
User: LAPTOP-I8K1DAMV\rohin"
"2026-04-21T13:55:10.1412000+05:30","5","Process terminated:
RuleName: -
UtcTime: 2026-04-21 08:25:10.140
ProcessGuid: {a65b9ff6-3466-69e7-fb11-000000001b00}
ProcessId: 10996
Image: C:\Windows\System32\conhost.exe
User: LAPTOP-I8K1DAMV\rohin"
"2026-04-21T13:55:10.1371034+05:30","5","Process terminated:
RuleName: -
UtcTime: 2026-04-21 08:25:10.136
ProcessGuid: {a65b9ff6-3466-69e7-fa11-000000001b00}
ProcessId: 21784
Image: C:\Program Files\Git\cmd\git.exe
User: LAPTOP-I8K1DAMV\rohin"
"2026-04-21T13:55:10.1317850+05:30","5","Process terminated:
RuleName: -
UtcTime: 2026-04-21 08:25:10.131
ProcessGuid: {a65b9ff6-3466-69e7-fc11-000000001b00}
ProcessId: 7716
Image: C:\Program Files\Git\mingw64\bin\git.exe
User: LAPTOP-I8K1DAMV\rohin"
"2026-04-21T13:54:57.6707053+05:30","5","Process terminated:
RuleName: -
UtcTime: 2026-04-21 08:24:57.670
ProcessGuid: {a65b9ff6-33eb-69e7-ee11-000000001b00}
ProcessId: 16944
Image: C:\Windows\System32\wbem\WmiPrvSE.exe
User: NT AUTHORITY\NETWORK SERVICE"
"2026-04-21T13:54:41.0227223+05:30","5","Process terminated:
RuleName: -
UtcTime: 2026-04-21 08:24:41.020
ProcessGuid: {a65b9ff6-3448-69e7-f911-000000001b00}
ProcessId: 30660
Image: C:\Windows\System32\conhost.exe
User: NT AUTHORITY\LOCAL SERVICE"
"2026-04-21T13:54:41.0201415+05:30","5","Process terminated:
RuleName: -
UtcTime: 2026-04-21 08:24:41.011
ProcessGuid: {a65b9ff6-3448-69e7-f811-000000001b00}
ProcessId: 17360
Image: C:\Windows\System32\appidcertstorecheck.exe
User: NT AUTHORITY\LOCAL SERVICE"
"2026-04-21T13:53:58.6542552+05:30","5","Process terminated:
RuleName: -
UtcTime: 2026-04-21 08:23:58.653
ProcessGuid: {a65b9ff6-33cd-69e7-c011-000000001b00}
ProcessId: 23056
Image: C:\Windows\System32\cmd.exe
User: LAPTOP-I8K1DAMV\rohin"
"2026-04-21T13:53:58.6128299+05:30","5","Process terminated:
RuleName: -
UtcTime: 2026-04-21 08:23:58.604
ProcessGuid: {a65b9ff6-3416-69e7-f611-000000001b00}
ProcessId: 8240
Image: D:\BTP\Log-Anamoly-Detection\.venv\Scripts\python.exe
User: LAPTOP-I8K1DAMV\rohin"
"2026-04-21T13:53:58.5906122+05:30","5","Process terminated:
RuleName: -
UtcTime: 2026-04-21 08:23:58.589
ProcessGuid: {a65b9ff6-3416-69e7-f711-000000001b00}
ProcessId: 28256
Image: C:\Users\rohin\AppData\Local\Programs\Python\Python314\python.exe
User: LAPTOP-I8K1DAMV\rohin"
"2026-04-21T13:53:57.6556828+05:30","5","Process terminated:
RuleName: -
UtcTime: 2026-04-21 08:23:57.654
ProcessGuid: {a65b9ff6-337e-69e7-be11-000000001b00}
ProcessId: 12536
Image: C:\Windows\System32\wbem\WmiPrvSE.exe
User: NT AUTHORITY\LOCAL SERVICE"
"2026-04-21T13:53:50.4070853+05:30","5","Process terminated:
RuleName: -
UtcTime: 2026-04-21 08:23:50.406
ProcessGuid: {a65b9ff6-3413-69e7-f411-000000001b00}
ProcessId: 24792
Image: D:\BTP\Log-Anamoly-Detection\.venv\Scripts\python.exe
User: LAPTOP-I8K1DAMV\rohin"
"2026-04-21T13:53:50.3946693+05:30","5","Process terminated:
RuleName: -
UtcTime: 2026-04-21 08:23:50.393
ProcessGuid: {a65b9ff6-3413-69e7-f511-000000001b00}
ProcessId: 11036
Image: C:\Users\rohin\AppData\Local\Programs\Python\Python314\python.exe
User: LAPTOP-I8K1DAMV\rohin"
"2026-04-21T13:53:47.0722762+05:30","5","Process terminated:
RuleName: -
UtcTime: 2026-04-21 08:23:47.071
ProcessGuid: {a65b9ff6-3412-69e7-f111-000000001b00}
ProcessId: 14196
Image: C:\Windows\System32\cmd.exe
User: LAPTOP-I8K1DAMV\rohin"
"2026-04-21T13:53:47.0676277+05:30","5","Process terminated:
RuleName: -
UtcTime: 2026-04-21 08:23:47.061
ProcessGuid: {a65b9ff6-3412-69e7-f311-000000001b00}
ProcessId: 21500
Image: C:\Windows\System32\find.exe
User: LAPTOP-I8K1DAMV\rohin"
"2026-04-21T13:53:47.0651602+05:30","5","Process terminated:
RuleName: -
UtcTime: 2026-04-21 08:23:47.061
ProcessGuid: {a65b9ff6-3412-69e7-f211-000000001b00}
ProcessId: 4420
Image: C:\Windows\System32\cmd.exe
User: LAPTOP-I8K1DAMV\rohin"
"2026-04-21T13:53:46.9119401+05:30","5","Process terminated:
RuleName: -
UtcTime: 2026-04-21 08:23:46.911
ProcessGuid: {a65b9ff6-33e5-69e7-eb11-000000001b00}
ProcessId: 12436
Image: D:\BTP\Log-Anamoly-Detection\.venv\Scripts\python.exe
User: LAPTOP-I8K1DAMV\rohin"
"2026-04-21T13:53:46.8971787+05:30","5","Process terminated:
RuleName: -
UtcTime: 2026-04-21 08:23:46.890
ProcessGuid: {a65b9ff6-33e5-69e7-ec11-000000001b00}
ProcessId: 16788
Image: C:\Users\rohin\AppData\Local\Programs\Python\Python314\python.exe
User: LAPTOP-I8K1DAMV\rohin"
"2026-04-21T13:53:46.8096250+05:30","5","Process terminated:
RuleName: -
UtcTime: 2026-04-21 08:23:46.809
ProcessGuid: {a65b9ff6-33e5-69e7-ed11-000000001b00}
ProcessId: 19844
Image: C:\Windows\System32\WindowsPowerShell\v1.0\powershell.exe
User: LAPTOP-I8K1DAMV\rohin"
"2026-04-21T13:53:21.2222271+05:30","5","Process terminated:
RuleName: -
UtcTime: 2026-04-21 08:23:21.221
ProcessGuid: {a65b9ff6-337e-69e7-bf11-000000001b00}
ProcessId: 30648
Image: C:\Windows\System32\svchost.exe
User: NT AUTHORITY\SYSTEM"
"2026-04-21T13:53:08.0320160+05:30","5","Process terminated:
RuleName: -
UtcTime: 2026-04-21 08:23:08.031
ProcessGuid: {a65b9ff6-3378-69e7-bd11-000000001b00}
ProcessId: 27220
Image: C:\Windows\System32\SearchProtocolHost.exe
User: NT AUTHORITY\SYSTEM"
"2026-04-21T13:53:01.6459772+05:30","5","Process terminated:
RuleName: -
UtcTime: 2026-04-21 08:23:01.637
ProcessGuid: {a65b9ff6-33cd-69e7-c111-000000001b00}
ProcessId: 31060
Image: D:\BTP\Log-Anamoly-Detection\.venv\Scripts\python.exe
User: LAPTOP-I8K1DAMV\rohin"
"2026-04-21T13:53:01.6410592+05:30","5","Process terminated:
RuleName: -
UtcTime: 2026-04-21 08:23:01.637
ProcessGuid: {a65b9ff6-33cd-69e7-c211-000000001b00}
ProcessId: 26660
Image: C:\Users\rohin\AppData\Local\Programs\Python\Python314\python.exe
User: LAPTOP-I8K1DAMV\rohin"
"2026-04-21T13:53:01.5924068+05:30","11","File created:
RuleName: -
UtcTime: 2026-04-21 08:23:01.591
ProcessGuid: {a65b9ff6-33cd-69e7-c211-000000001b00}
ProcessId: 26660
Image: C:\Users\rohin\AppData\Local\Programs\Python\Python314\python.exe
TargetFilename: D:\BTP\Log-Anamoly-Detection\attack_files\attack_file_029.txt
CreationUtcTime: 2026-04-20 23:20:30.906
User: LAPTOP-I8K1DAMV\rohin"
"2026-04-21T13:53:01.5608001+05:30","11","File created:
RuleName: -
UtcTime: 2026-04-21 08:23:01.560
ProcessGuid: {a65b9ff6-33cd-69e7-c211-000000001b00}
ProcessId: 26660
Image: C:\Users\rohin\AppData\Local\Programs\Python\Python314\python.exe
TargetFilename: D:\BTP\Log-Anamoly-Detection\attack_files\attack_file_028.txt
CreationUtcTime: 2026-04-20 23:20:30.897
User: LAPTOP-I8K1DAMV\rohin"
"2026-04-21T13:53:01.5293169+05:30","11","File created:
RuleName: -
UtcTime: 2026-04-21 08:23:01.528
ProcessGuid: {a65b9ff6-33cd-69e7-c211-000000001b00}
ProcessId: 26660
Image: C:\Users\rohin\AppData\Local\Programs\Python\Python314\python.exe
TargetFilename: D:\BTP\Log-Anamoly-Detection\attack_files\attack_file_027.txt
CreationUtcTime: 2026-04-20 23:20:30.896
User: LAPTOP-I8K1DAMV\rohin"
"2026-04-21T13:53:01.4978655+05:30","11","File created:
RuleName: -
UtcTime: 2026-04-21 08:23:01.497
ProcessGuid: {a65b9ff6-33cd-69e7-c211-000000001b00}
ProcessId: 26660
Image: C:\Users\rohin\AppData\Local\Programs\Python\Python314\python.exe
TargetFilename: D:\BTP\Log-Anamoly-Detection\attack_files\attack_file_026.txt
CreationUtcTime: 2026-04-20 23:20:30.890
User: LAPTOP-I8K1DAMV\rohin"
"2026-04-21T13:53:01.4665293+05:30","11","File created:
RuleName: -
UtcTime: 2026-04-21 08:23:01.466
ProcessGuid: {a65b9ff6-33cd-69e7-c211-000000001b00}
ProcessId: 26660
Image: C:\Users\rohin\AppData\Local\Programs\Python\Python314\python.exe
TargetFilename: D:\BTP\Log-Anamoly-Detection\attack_files\attack_file_025.txt
CreationUtcTime: 2026-04-20 23:20:30.883
User: LAPTOP-I8K1DAMV\rohin"
"2026-04-21T13:53:01.4303666+05:30","11","File created:
RuleName: -
UtcTime: 2026-04-21 08:23:01.429
ProcessGuid: {a65b9ff6-33cd-69e7-c211-000000001b00}
ProcessId: 26660
Image: C:\Users\rohin\AppData\Local\Programs\Python\Python314\python.exe
TargetFilename: D:\BTP\Log-Anamoly-Detection\attack_files\attack_file_024.txt
CreationUtcTime: 2026-04-20 23:20:30.879
User: LAPTOP-I8K1DAMV\rohin"
"2026-04-21T13:53:01.3990153+05:30","11","File created:
RuleName: -
UtcTime: 2026-04-21 08:23:01.397
ProcessGuid: {a65b9ff6-33cd-69e7-c211-000000001b00}
ProcessId: 26660
Image: C:\Users\rohin\AppData\Local\Programs\Python\Python314\python.exe
TargetFilename: D:\BTP\Log-Anamoly-Detection\attack_files\attack_file_023.txt
CreationUtcTime: 2026-04-20 23:20:30.873
User: LAPTOP-I8K1DAMV\rohin"
"2026-04-21T13:53:01.3672316+05:30","11","File created:
RuleName: -
UtcTime: 2026-04-21 08:23:01.366
ProcessGuid: {a65b9ff6-33cd-69e7-c211-000000001b00}
ProcessId: 26660
Image: C:\Users\rohin\AppData\Local\Programs\Python\Python314\python.exe
TargetFilename: D:\BTP\Log-Anamoly-Detection\attack_files\attack_file_022.txt
CreationUtcTime: 2026-04-20 23:20:30.868
User: LAPTOP-I8K1DAMV\rohin"
"2026-04-21T13:53:01.3354347+05:30","11","File created:
RuleName: -
UtcTime: 2026-04-21 08:23:01.334
ProcessGuid: {a65b9ff6-33cd-69e7-c211-000000001b00}
ProcessId: 26660
Image: C:\Users\rohin\AppData\Local\Programs\Python\Python314\python.exe
TargetFilename: D:\BTP\Log-Anamoly-Detection\attack_files\attack_file_021.txt
CreationUtcTime: 2026-04-20 23:20:30.865
User: LAPTOP-I8K1DAMV\rohin"
"2026-04-21T13:53:01.3038580+05:30","11","File created:
RuleName: -
UtcTime: 2026-04-21 08:23:01.302
ProcessGuid: {a65b9ff6-33cd-69e7-c211-000000001b00}
ProcessId: 26660
Image: C:\Users\rohin\AppData\Local\Programs\Python\Python314\python.exe
TargetFilename: D:\BTP\Log-Anamoly-Detection\attack_files\attack_file_020.txt
CreationUtcTime: 2026-04-20 23:20:30.859
User: LAPTOP-I8K1DAMV\rohin"
"2026-04-21T13:53:01.2716460+05:30","11","File created:
RuleName: -
UtcTime: 2026-04-21 08:23:01.270
ProcessGuid: {a65b9ff6-33cd-69e7-c211-000000001b00}
ProcessId: 26660
Image: C:\Users\rohin\AppData\Local\Programs\Python\Python314\python.exe
TargetFilename: D:\BTP\Log-Anamoly-Detection\attack_files\attack_file_019.txt
CreationUtcTime: 2026-04-20 23:20:30.853
User: LAPTOP-I8K1DAMV\rohin"
"2026-04-21T13:53:01.2400930+05:30","11","File created:
RuleName: -
UtcTime: 2026-04-21 08:23:01.239
ProcessGuid: {a65b9ff6-33cd-69e7-c211-000000001b00}
ProcessId: 26660
Image: C:\Users\rohin\AppData\Local\Programs\Python\Python314\python.exe
TargetFilename: D:\BTP\Log-Anamoly-Detection\attack_files\attack_file_018.txt
CreationUtcTime: 2026-04-20 23:20:30.849
User: LAPTOP-I8K1DAMV\rohin"
"2026-04-21T13:53:01.2086557+05:30","11","File created:
RuleName: -
UtcTime: 2026-04-21 08:23:01.207
ProcessGuid: {a65b9ff6-33cd-69e7-c211-000000001b00}
ProcessId: 26660
Image: C:\Users\rohin\AppData\Local\Programs\Python\Python314\python.exe
TargetFilename: D:\BTP\Log-Anamoly-Detection\attack_files\attack_file_017.txt
CreationUtcTime: 2026-04-20 23:20:30.844
User: LAPTOP-I8K1DAMV\rohin"
"2026-04-21T13:53:01.1771921+05:30","11","File created:
RuleName: -
UtcTime: 2026-04-21 08:23:01.176
ProcessGuid: {a65b9ff6-33cd-69e7-c211-000000001b00}
ProcessId: 26660
Image: C:\Users\rohin\AppData\Local\Programs\Python\Python314\python.exe
TargetFilename: D:\BTP\Log-Anamoly-Detection\attack_files\attack_file_016.txt
CreationUtcTime: 2026-04-20 23:20:30.840
User: LAPTOP-I8K1DAMV\rohin"
"2026-04-21T13:53:01.1456852+05:30","11","File created:
RuleName: -
UtcTime: 2026-04-21 08:23:01.144
ProcessGuid: {a65b9ff6-33cd-69e7-c211-000000001b00}
ProcessId: 26660
Image: C:\Users\rohin\AppData\Local\Programs\Python\Python314\python.exe
TargetFilename: D:\BTP\Log-Anamoly-Detection\attack_files\attack_file_015.txt
CreationUtcTime: 2026-04-20 23:20:30.834
User: LAPTOP-I8K1DAMV\rohin"
"2026-04-21T13:53:01.1139615+05:30","11","File created:
RuleName: -
UtcTime: 2026-04-21 08:23:01.112
ProcessGuid: {a65b9ff6-33cd-69e7-c211-000000001b00}
ProcessId: 26660
Image: C:\Users\rohin\AppData\Local\Programs\Python\Python314\python.exe
TargetFilename: D:\BTP\Log-Anamoly-Detection\attack_files\attack_file_014.txt
CreationUtcTime: 2026-04-20 23:20:30.827
User: LAPTOP-I8K1DAMV\rohin"
"2026-04-21T13:53:01.0819624+05:30","11","File created:
RuleName: -
UtcTime: 2026-04-21 08:23:01.081
ProcessGuid: {a65b9ff6-33cd-69e7-c211-000000001b00}
ProcessId: 26660
Image: C:\Users\rohin\AppData\Local\Programs\Python\Python314\python.exe
TargetFilename: D:\BTP\Log-Anamoly-Detection\attack_files\attack_file_013.txt
CreationUtcTime: 2026-04-20 23:20:30.818
User: LAPTOP-I8K1DAMV\rohin"
"2026-04-21T13:53:01.0504493+05:30","11","File created:
RuleName: -
UtcTime: 2026-04-21 08:23:01.049
ProcessGuid: {a65b9ff6-33cd-69e7-c211-000000001b00}
ProcessId: 26660
Image: C:\Users\rohin\AppData\Local\Programs\Python\Python314\python.exe
TargetFilename: D:\BTP\Log-Anamoly-Detection\attack_files\attack_file_012.txt
CreationUtcTime: 2026-04-20 23:20:30.802
User: LAPTOP-I8K1DAMV\rohin"
"2026-04-21T13:53:01.0190495+05:30","11","File created:
RuleName: -
UtcTime: 2026-04-21 08:23:01.018
ProcessGuid: {a65b9ff6-33cd-69e7-c211-000000001b00}
ProcessId: 26660
Image: C:\Users\rohin\AppData\Local\Programs\Python\Python314\python.exe
TargetFilename: D:\BTP\Log-Anamoly-Detection\attack_files\attack_file_011.txt
CreationUtcTime: 2026-04-20 23:20:30.802
User: LAPTOP-I8K1DAMV\rohin"
"2026-04-21T13:53:00.9877362+05:30","11","File created:
RuleName: -
UtcTime: 2026-04-21 08:23:00.987
ProcessGuid: {a65b9ff6-33cd-69e7-c211-000000001b00}
ProcessId: 26660
Image: C:\Users\rohin\AppData\Local\Programs\Python\Python314\python.exe
TargetFilename: D:\BTP\Log-Anamoly-Detection\attack_files\attack_file_010.txt
CreationUtcTime: 2026-04-20 23:20:30.802
User: LAPTOP-I8K1DAMV\rohin"
"2026-04-21T13:53:00.9565190+05:30","11","File created:
RuleName: -
UtcTime: 2026-04-21 08:23:00.955
ProcessGuid: {a65b9ff6-33cd-69e7-c211-000000001b00}
ProcessId: 26660
Image: C:\Users\rohin\AppData\Local\Programs\Python\Python314\python.exe
TargetFilename: D:\BTP\Log-Anamoly-Detection\attack_files\attack_file_009.txt
CreationUtcTime: 2026-04-20 23:20:30.802
User: LAPTOP-I8K1DAMV\rohin"
"2026-04-21T13:53:00.9250543+05:30","11","File created:
RuleName: -
UtcTime: 2026-04-21 08:23:00.924
ProcessGuid: {a65b9ff6-33cd-69e7-c211-000000001b00}
ProcessId: 26660
Image: C:\Users\rohin\AppData\Local\Programs\Python\Python314\python.exe
TargetFilename: D:\BTP\Log-Anamoly-Detection\attack_files\attack_file_008.txt
CreationUtcTime: 2026-04-20 23:20:30.786
User: LAPTOP-I8K1DAMV\rohin"
"2026-04-21T13:53:00.8933502+05:30","11","File created:
RuleName: -
UtcTime: 2026-04-21 08:23:00.892
ProcessGuid: {a65b9ff6-33cd-69e7-c211-000000001b00}
ProcessId: 26660
Image: C:\Users\rohin\AppData\Local\Programs\Python\Python314\python.exe
TargetFilename: D:\BTP\Log-Anamoly-Detection\attack_files\attack_file_007.txt
CreationUtcTime: 2026-04-20 23:20:30.786
User: LAPTOP-I8K1DAMV\rohin"
"2026-04-21T13:53:00.8612797+05:30","11","File created:
RuleName: -
UtcTime: 2026-04-21 08:23:00.860
ProcessGuid: {a65b9ff6-33cd-69e7-c211-000000001b00}
ProcessId: 26660
Image: C:\Users\rohin\AppData\Local\Programs\Python\Python314\python.exe
TargetFilename: D:\BTP\Log-Anamoly-Detection\attack_files\attack_file_006.txt
CreationUtcTime: 2026-04-20 23:20:30.786
User: LAPTOP-I8K1DAMV\rohin"
"2026-04-21T13:53:00.8299154+05:30","11","File created:
RuleName: -
UtcTime: 2026-04-21 08:23:00.828
ProcessGuid: {a65b9ff6-33cd-69e7-c211-000000001b00}
ProcessId: 26660
Image: C:\Users\rohin\AppData\Local\Programs\Python\Python314\python.exe
TargetFilename: D:\BTP\Log-Anamoly-Detection\attack_files\attack_file_005.txt
CreationUtcTime: 2026-04-20 23:20:30.782
User: LAPTOP-I8K1DAMV\rohin"
"2026-04-21T13:53:00.7985516+05:30","11","File created:
RuleName: -
UtcTime: 2026-04-21 08:23:00.798
ProcessGuid: {a65b9ff6-33cd-69e7-c211-000000001b00}
ProcessId: 26660
Image: C:\Users\rohin\AppData\Local\Programs\Python\Python314\python.exe
TargetFilename: D:\BTP\Log-Anamoly-Detection\attack_files\attack_file_004.txt
CreationUtcTime: 2026-04-20 23:20:30.778
User: LAPTOP-I8K1DAMV\rohin"
"2026-04-21T13:53:00.7670951+05:30","11","File created:
RuleName: -
UtcTime: 2026-04-21 08:23:00.766
ProcessGuid: {a65b9ff6-33cd-69e7-c211-000000001b00}
ProcessId: 26660
Image: C:\Users\rohin\AppData\Local\Programs\Python\Python314\python.exe
TargetFilename: D:\BTP\Log-Anamoly-Detection\attack_files\attack_file_003.txt
CreationUtcTime: 2026-04-20 23:20:30.771
User: LAPTOP-I8K1DAMV\rohin"
"2026-04-21T13:53:00.7348616+05:30","11","File created:
RuleName: -
UtcTime: 2026-04-21 08:23:00.734
ProcessGuid: {a65b9ff6-33cd-69e7-c211-000000001b00}
ProcessId: 26660
Image: C:\Users\rohin\AppData\Local\Programs\Python\Python314\python.exe
TargetFilename: D:\BTP\Log-Anamoly-Detection\attack_files\attack_file_002.txt
CreationUtcTime: 2026-04-20 23:20:30.767
User: LAPTOP-I8K1DAMV\rohin"
"2026-04-21T13:53:00.7028277+05:30","11","File created:
RuleName: -
UtcTime: 2026-04-21 08:23:00.701
ProcessGuid: {a65b9ff6-33cd-69e7-c211-000000001b00}
ProcessId: 26660
Image: C:\Users\rohin\AppData\Local\Programs\Python\Python314\python.exe
TargetFilename: D:\BTP\Log-Anamoly-Detection\attack_files\attack_file_001.txt
CreationUtcTime: 2026-04-20 23:20:30.763
User: LAPTOP-I8K1DAMV\rohin"
"2026-04-21T13:53:00.6709044+05:30","11","File created:
RuleName: -
UtcTime: 2026-04-21 08:23:00.670
ProcessGuid: {a65b9ff6-33cd-69e7-c211-000000001b00}
ProcessId: 26660
Image: C:\Users\rohin\AppData\Local\Programs\Python\Python314\python.exe
TargetFilename: D:\BTP\Log-Anamoly-Detection\attack_files\attack_file_000.txt
CreationUtcTime: 2026-04-20 23:20:30.758
User: LAPTOP-I8K1DAMV\rohin"
"2026-04-21T13:53:00.4559382+05:30","5","Process terminated:
RuleName: -
UtcTime: 2026-04-21 08:23:00.455
ProcessGuid: {a65b9ff6-33e4-69e7-ea11-000000001b00}
ProcessId: 5636
Image: C:\Windows\System32\WindowsPowerShell\v1.0\powershell.exe
User: LAPTOP-I8K1DAMV\rohin"
"2026-04-21T13:52:59.8066331+05:30","5","Process terminated:
RuleName: -
UtcTime: 2026-04-21 08:22:59.805
ProcessGuid: {a65b9ff6-33e3-69e7-e911-000000001b00}
ProcessId: 29984
Image: C:\Windows\System32\WindowsPowerShell\v1.0\powershell.exe
User: LAPTOP-I8K1DAMV\rohin"
"2026-04-21T13:52:59.1550193+05:30","5","Process terminated:
RuleName: -
UtcTime: 2026-04-21 08:22:59.154
ProcessGuid: {a65b9ff6-33e2-69e7-e811-000000001b00}
ProcessId: 28808
Image: C:\Windows\System32\WindowsPowerShell\v1.0\powershell.exe
User: LAPTOP-I8K1DAMV\rohin"
"2026-04-21T13:52:58.5033786+05:30","5","Process terminated:
RuleName: -
UtcTime: 2026-04-21 08:22:58.502
ProcessGuid: {a65b9ff6-33e2-69e7-e711-000000001b00}
ProcessId: 31572
Image: C:\Windows\System32\WindowsPowerShell\v1.0\powershell.exe
User: LAPTOP-I8K1DAMV\rohin"
"2026-04-21T13:52:57.8469318+05:30","5","Process terminated:
RuleName: -
UtcTime: 2026-04-21 08:22:57.846
ProcessGuid: {a65b9ff6-33e1-69e7-e611-000000001b00}
ProcessId: 31536
Image: C:\Windows\System32\WindowsPowerShell\v1.0\powershell.exe
User: LAPTOP-I8K1DAMV\rohin"
"2026-04-21T13:52:57.1930855+05:30","5","Process terminated:
RuleName: -
UtcTime: 2026-04-21 08:22:57.192
ProcessGuid: {a65b9ff6-33e0-69e7-e511-000000001b00}
ProcessId: 29876
Image: C:\Windows\System32\WindowsPowerShell\v1.0\powershell.exe
User: LAPTOP-I8K1DAMV\rohin"
"2026-04-21T13:52:56.5449631+05:30","5","Process terminated:
RuleName: -
UtcTime: 2026-04-21 08:22:56.543
ProcessGuid: {a65b9ff6-33e0-69e7-e411-000000001b00}
ProcessId: 16644
Image: C:\Windows\System32\WindowsPowerShell\v1.0\powershell.exe
User: LAPTOP-I8K1DAMV\rohin"
"2026-04-21T13:52:55.8766616+05:30","5","Process terminated:
RuleName: -
UtcTime: 2026-04-21 08:22:55.876
ProcessGuid: {a65b9ff6-33df-69e7-e311-000000001b00}
ProcessId: 14592
Image: C:\Windows\System32\WindowsPowerShell\v1.0\powershell.exe
User: LAPTOP-I8K1DAMV\rohin"
"2026-04-21T13:52:55.2028927+05:30","5","Process terminated:
RuleName: -
UtcTime: 2026-04-21 08:22:55.202
ProcessGuid: {a65b9ff6-33de-69e7-e211-000000001b00}
ProcessId: 16160
Image: C:\Windows\System32\WindowsPowerShell\v1.0\powershell.exe
User: LAPTOP-I8K1DAMV\rohin"
"2026-04-21T13:52:54.5145305+05:30","5","Process terminated:
RuleName: -
UtcTime: 2026-04-21 08:22:54.513
ProcessGuid: {a65b9ff6-33dd-69e7-e111-000000001b00}
ProcessId: 21376
Image: C:\Windows\System32\WindowsPowerShell\v1.0\powershell.exe
User: LAPTOP-I8K1DAMV\rohin"
"2026-04-21T13:52:53.7767610+05:30","5","Process terminated:
RuleName: -
UtcTime: 2026-04-21 08:22:53.776
ProcessGuid: {a65b9ff6-33dd-69e7-df11-000000001b00}
ProcessId: 30888
Image: C:\Windows\System32\WindowsPowerShell\v1.0\powershell.exe
User: LAPTOP-I8K1DAMV\rohin"
"2026-04-21T13:52:53.1237038+05:30","5","Process terminated:
RuleName: -
UtcTime: 2026-04-21 08:22:53.122
ProcessGuid: {a65b9ff6-33dc-69e7-de11-000000001b00}
ProcessId: 21300
Image: C:\Windows\System32\WindowsPowerShell\v1.0\powershell.exe
User: LAPTOP-I8K1DAMV\rohin"
"2026-04-21T13:52:52.5187547+05:30","5","Process terminated:
RuleName: -
UtcTime: 2026-04-21 08:22:52.517
ProcessGuid: {a65b9ff6-33dc-69e7-dd11-000000001b00}
ProcessId: 21192
Image: C:\Windows\System32\WindowsPowerShell\v1.0\powershell.exe
User: LAPTOP-I8K1DAMV\rohin"
"2026-04-21T13:52:51.9129964+05:30","5","Process terminated:
RuleName: -
UtcTime: 2026-04-21 08:22:51.912
ProcessGuid: {a65b9ff6-33db-69e7-dc11-000000001b00}
ProcessId: 24832
Image: C:\Windows\System32\WindowsPowerShell\v1.0\powershell.exe
User: LAPTOP-I8K1DAMV\rohin"
"2026-04-21T13:52:51.2851346+05:30","5","Process terminated:
RuleName: -
UtcTime: 2026-04-21 08:22:51.284
ProcessGuid: {a65b9ff6-33da-69e7-db11-000000001b00}
ProcessId: 7460
Image: C:\Windows\System32\WindowsPowerShell\v1.0\powershell.exe
User: LAPTOP-I8K1DAMV\rohin"
"2026-04-21T13:52:50.6494955+05:30","5","Process terminated:
RuleName: -
UtcTime: 2026-04-21 08:22:50.646
ProcessGuid: {a65b9ff6-33da-69e7-da11-000000001b00}
ProcessId: 17756
Image: C:\Windows\System32\WindowsPowerShell\v1.0\powershell.exe
User: LAPTOP-I8K1DAMV\rohin"
"2026-04-21T13:52:50.2251727+05:30","5","Process terminated:
RuleName: -
UtcTime: 2026-04-21 08:22:50.212
ProcessGuid: {a65b9ff6-33da-69e7-d911-000000001b00}
ProcessId: 14220
Image: C:\Windows\System32\conhost.exe
User: LAPTOP-I8K1DAMV\rohin"
"2026-04-21T13:52:50.2225406+05:30","5","Process terminated:
RuleName: -
UtcTime: 2026-04-21 08:22:50.212
ProcessGuid: {a65b9ff6-33da-69e7-d811-000000001b00}
ProcessId: 25288
Image: C:\Windows\System32\reg.exe
User: LAPTOP-I8K1DAMV\rohin"
"2026-04-21T13:52:50.1827566+05:30","5","Process terminated:
RuleName: -
UtcTime: 2026-04-21 08:22:50.179
ProcessGuid: {a65b9ff6-33da-69e7-d711-000000001b00}
ProcessId: 23812
Image: C:\Windows\System32\conhost.exe
User: LAPTOP-I8K1DAMV\rohin"
"2026-04-21T13:52:50.1792268+05:30","5","Process terminated:
RuleName: -
UtcTime: 2026-04-21 08:22:50.164
ProcessGuid: {a65b9ff6-33da-69e7-d611-000000001b00}
ProcessId: 3788
Image: C:\Windows\System32\reg.exe
User: LAPTOP-I8K1DAMV\rohin"
"2026-04-21T13:52:50.0315201+05:30","5","Process terminated:
RuleName: -
UtcTime: 2026-04-21 08:22:50.027
ProcessGuid: {a65b9ff6-33d9-69e7-d511-000000001b00}
ProcessId: 24396
Image: C:\Windows\System32\WindowsPowerShell\v1.0\powershell.exe
User: LAPTOP-I8K1DAMV\rohin"
"2026-04-21T13:52:49.4044084+05:30","5","Process terminated:
RuleName: -
UtcTime: 2026-04-21 08:22:49.401
ProcessGuid: {a65b9ff6-33d8-69e7-d411-000000001b00}
ProcessId: 20956
Image: C:\Windows\System32\WindowsPowerShell\v1.0\powershell.exe
User: LAPTOP-I8K1DAMV\rohin"
"2026-04-21T13:52:48.5938997+05:30","5","Process terminated:
RuleName: -
UtcTime: 2026-04-21 08:22:48.593
ProcessGuid: {a65b9ff6-33d8-69e7-d311-000000001b00}
ProcessId: 3816
Image: C:\Windows\System32\WindowsPowerShell\v1.0\powershell.exe
User: LAPTOP-I8K1DAMV\rohin"
"2026-04-21T13:52:47.9092858+05:30","5","Process terminated:
RuleName: -
UtcTime: 2026-04-21 08:22:47.908
ProcessGuid: {a65b9ff6-33d7-69e7-d211-000000001b00}
ProcessId: 23116
Image: C:\Windows\System32\WindowsPowerShell\v1.0\powershell.exe
User: LAPTOP-I8K1DAMV\rohin"
"2026-04-21T13:52:47.2682399+05:30","5","Process terminated:
RuleName: -
UtcTime: 2026-04-21 08:22:47.267
ProcessGuid: {a65b9ff6-33d6-69e7-d111-000000001b00}
ProcessId: 30652
Image: C:\Windows\System32\WindowsPowerShell\v1.0\powershell.exe
User: LAPTOP-I8K1DAMV\rohin"
"2026-04-21T13:52:46.6309026+05:30","5","Process terminated:
RuleName: -
UtcTime: 2026-04-21 08:22:46.629
ProcessGuid: {a65b9ff6-33d6-69e7-d011-000000001b00}
ProcessId: 22172
Image: C:\Windows\System32\WindowsPowerShell\v1.0\powershell.exe
User: LAPTOP-I8K1DAMV\rohin"
"2026-04-21T13:52:46.0059813+05:30","5","Process terminated:
RuleName: -
UtcTime: 2026-04-21 08:22:46.005
ProcessGuid: {a65b9ff6-33d5-69e7-cf11-000000001b00}
ProcessId: 17816
Image: C:\Windows\System32\WindowsPowerShell\v1.0\powershell.exe
User: LAPTOP-I8K1DAMV\rohin"
"2026-04-21T13:52:45.3784630+05:30","5","Process terminated:
RuleName: -
UtcTime: 2026-04-21 08:22:45.378
ProcessGuid: {a65b9ff6-33d4-69e7-ce11-000000001b00}
ProcessId: 20524
Image: C:\Windows\System32\WindowsPowerShell\v1.0\powershell.exe
User: LAPTOP-I8K1DAMV\rohin"
"2026-04-21T13:52:44.7536503+05:30","5","Process terminated:
RuleName: -
UtcTime: 2026-04-21 08:22:44.752
ProcessGuid: {a65b9ff6-33d4-69e7-cd11-000000001b00}
ProcessId: 18640
Image: C:\Windows\System32\WindowsPowerShell\v1.0\powershell.exe
User: LAPTOP-I8K1DAMV\rohin"
"2026-04-21T13:52:44.1091547+05:30","5","Process terminated:
RuleName: -
UtcTime: 2026-04-21 08:22:44.108
ProcessGuid: {a65b9ff6-33d3-69e7-cc11-000000001b00}
ProcessId: 16508
Image: C:\Windows\System32\WindowsPowerShell\v1.0\powershell.exe
User: LAPTOP-I8K1DAMV\rohin"
"2026-04-21T13:52:43.4837446+05:30","5","Process terminated:
RuleName: -
UtcTime: 2026-04-21 08:22:43.483
ProcessGuid: {a65b9ff6-33d3-69e7-cb11-000000001b00}
ProcessId: 764
Image: C:\Windows\System32\WindowsPowerShell\v1.0\powershell.exe
User: LAPTOP-I8K1DAMV\rohin"
"2026-04-21T13:52:42.8018890+05:30","5","Process terminated:
RuleName: -
UtcTime: 2026-04-21 08:22:42.801
ProcessGuid: {a65b9ff6-33d2-69e7-ca11-000000001b00}
ProcessId: 9828
Image: C:\Windows\System32\WindowsPowerShell\v1.0\powershell.exe
User: LAPTOP-I8K1DAMV\rohin"
"2026-04-21T13:52:42.1124469+05:30","5","Process terminated:
RuleName: -
UtcTime: 2026-04-21 08:22:42.111
ProcessGuid: {a65b9ff6-33d1-69e7-c911-000000001b00}
ProcessId: 16776
Image: C:\Windows\System32\WindowsPowerShell\v1.0\powershell.exe
User: LAPTOP-I8K1DAMV\rohin"
"2026-04-21T13:52:41.4260243+05:30","5","Process terminated:
RuleName: -
UtcTime: 2026-04-21 08:22:41.425
ProcessGuid: {a65b9ff6-33d1-69e7-c811-000000001b00}
ProcessId: 27328
Image: C:\Windows\System32\WindowsPowerShell\v1.0\powershell.exe
User: LAPTOP-I8K1DAMV\rohin"
"2026-04-21T13:52:40.8073706+05:30","5","Process terminated:
RuleName: -
UtcTime: 2026-04-21 08:22:40.806
ProcessGuid: {a65b9ff6-33d0-69e7-c711-000000001b00}
ProcessId: 25348
Image: C:\Windows\System32\WindowsPowerShell\v1.0\powershell.exe
User: LAPTOP-I8K1DAMV\rohin"
"2026-04-21T13:52:40.1766817+05:30","5","Process terminated:
RuleName: -
UtcTime: 2026-04-21 08:22:40.176
ProcessGuid: {a65b9ff6-33cf-69e7-c611-000000001b00}
ProcessId: 26836
Image: C:\Windows\System32\WindowsPowerShell\v1.0\powershell.exe
User: LAPTOP-I8K1DAMV\rohin"
"2026-04-21T13:52:39.5701248+05:30","5","Process terminated:
RuleName: -
UtcTime: 2026-04-21 08:22:39.569
ProcessGuid: {a65b9ff6-33cf-69e7-c511-000000001b00}
ProcessId: 28972
Image: C:\Windows\System32\WindowsPowerShell\v1.0\powershell.exe
User: LAPTOP-I8K1DAMV\rohin"
"2026-04-21T13:52:38.9465978+05:30","5","Process terminated:
RuleName: -
UtcTime: 2026-04-21 08:22:38.945
ProcessGuid: {a65b9ff6-33ce-69e7-c411-000000001b00}
ProcessId: 26820
Image: C:\Windows\System32\WindowsPowerShell\v1.0\powershell.exe
User: LAPTOP-I8K1DAMV\rohin"
"2026-04-21T13:52:38.3296193+05:30","5","Process terminated:
RuleName: -
UtcTime: 2026-04-21 08:22:38.329
ProcessGuid: {a65b9ff6-33cd-69e7-c311-000000001b00}
ProcessId: 27536
Image: C:\Windows\System32\WindowsPowerShell\v1.0\powershell.exe
User: LAPTOP-I8K1DAMV\rohin"
"2026-04-21T13:52:22.3342670+05:30","5","Process terminated:
RuleName: -
UtcTime: 2026-04-21 08:22:22.328
ProcessGuid: {a65b9ff6-335d-69e7-b311-000000001b00}
ProcessId: 30748
Image: C:\Windows\System32\RuntimeBroker.exe
User: LAPTOP-I8K1DAMV\rohin"
"2026-04-21T13:52:13.7467052+05:30","5","Process terminated:
RuleName: -
UtcTime: 2026-04-21 08:22:13.746
ProcessGuid: {a65b9ff6-3159-69e7-1d11-000000001b00}
ProcessId: 26848
Image: C:\Program Files\Google\Chrome\Application\chrome.exe
User: LAPTOP-I8K1DAMV\rohin"
"2026-04-21T13:52:13.7144431+05:30","5","Process terminated:
RuleName: -
UtcTime: 2026-04-21 08:22:13.713
ProcessGuid: {a65b9ff6-315c-69e7-1f11-000000001b00}
ProcessId: 17936
Image: C:\Program Files\Google\Chrome\Application\chrome.exe
User: LAPTOP-I8K1DAMV\rohin"
"2026-04-21T13:52:13.6878477+05:30","5","Process terminated:
RuleName: -
UtcTime: 2026-04-21 08:22:13.686
ProcessGuid: {a65b9ff6-315b-69e7-1e11-000000001b00}
ProcessId: 15412
Image: C:\Program Files\Google\Chrome\Application\chrome.exe
User: LAPTOP-I8K1DAMV\rohin"
"2026-04-21T13:52:07.8894137+05:30","5","Process terminated:
RuleName: -
UtcTime: 2026-04-21 08:22:07.888
ProcessGuid: {a65b9ff6-32bf-69e7-7811-000000001b00}
ProcessId: 31420
Image: C:\Windows\System32\svchost.exe
User: NT AUTHORITY\SYSTEM"
"2026-04-21T13:51:52.3527716+05:30","5","Process terminated:
RuleName: -
UtcTime: 2026-04-21 08:21:52.352
ProcessGuid: {a65b9ff6-335e-69e7-b411-000000001b00}
ProcessId: 22140
Image: C:\Program Files\WindowsApps\Microsoft.DesktopAppInstaller_1.28.220.0_x64__8wekyb3d8bbwe\WindowsPackageManagerServer.exe
User: LAPTOP-I8K1DAMV\rohin"
"2026-04-21T13:51:52.3133652+05:30","5","Process terminated:
RuleName: -
UtcTime: 2026-04-21 08:21:52.312
ProcessGuid: {a65b9ff6-335b-69e7-af11-000000001b00}
ProcessId: 26744
Image: C:\Windows\System32\backgroundTaskHost.exe
User: LAPTOP-I8K1DAMV\rohin"
"2026-04-21T13:51:50.6408349+05:30","5","Process terminated:
RuleName: -
UtcTime: 2026-04-21 08:21:50.639
ProcessGuid: {a65b9ff6-335c-69e7-b111-000000001b00}
ProcessId: 16132
Image: C:\Windows\System32\RuntimeBroker.exe
User: LAPTOP-I8K1DAMV\rohin"
"2026-04-21T13:51:20.6318067+05:30","5","Process terminated:
RuleName: -
UtcTime: 2026-04-21 08:21:20.631
ProcessGuid: {a65b9ff6-335b-69e7-ae11-000000001b00}
ProcessId: 9952
Image: C:\Program Files\WindowsApps\microsoft.windowscommunicationsapps_16005.14326.22342.0_x64__8wekyb3d8bbwe\HxTsr.exe
User: LAPTOP-I8K1DAMV\rohin"
"2026-04-21T13:51:12.7475052+05:30","5","Process terminated:
RuleName: -
UtcTime: 2026-04-21 08:21:12.744
ProcessGuid: {a65b9ff6-3363-69e7-b911-000000001b00}
ProcessId: 7188
Image: D:\BTP\Log-Anamoly-Detection\.venv\Scripts\python.exe
User: LAPTOP-I8K1DAMV\rohin"
"2026-04-21T13:51:12.7424656+05:30","5","Process terminated:
RuleName: -
UtcTime: 2026-04-21 08:21:12.733
ProcessGuid: {a65b9ff6-3363-69e7-ba11-000000001b00}
ProcessId: 5496
Image: C:\Users\rohin\AppData\Local\Programs\Python\Python314\python.exe
User: LAPTOP-I8K1DAMV\rohin"
"2026-04-21T13:51:01.9883914+05:30","5","Process terminated:
RuleName: -
UtcTime: 2026-04-21 08:21:01.988
ProcessGuid: {a65b9ff6-336d-69e7-bb11-000000001b00}
ProcessId: 30792
Image: C:\Windows\System32\taskhostw.exe
User: LAPTOP-I8K1DAMV\rohin"
"2026-04-21T13:51:01.9815925+05:30","5","Process terminated:
RuleName: -
UtcTime: 2026-04-21 08:21:01.981
ProcessGuid: {a65b9ff6-336d-69e7-bc11-000000001b00}
ProcessId: 28340
Image: C:\Windows\SystemApps\MicrosoftWindows.Client.CBS_cw5n1h2txyewy\SoftLandingTask\SoftLandingTask.exe
User: LAPTOP-I8K1DAMV\rohin"
"2026-04-21T13:50:50.7984739+05:30","5","Process terminated:
RuleName: -
UtcTime: 2026-04-21 08:20:50.797
ProcessGuid: {a65b9ff6-335d-69e7-b211-000000001b00}
ProcessId: 28416
Image: C:\Windows\System32\svchost.exe
User: LAPTOP-I8K1DAMV\rohin"
"2026-04-21T13:50:50.2170336+05:30","5","Process terminated:
RuleName: -
UtcTime: 2026-04-21 08:20:50.216
ProcessGuid: {a65b9ff6-3362-69e7-b811-000000001b00}
ProcessId: 6108
Image: C:\Windows\System32\conhost.exe
User: LAPTOP-I8K1DAMV\rohin"
"2026-04-21T13:50:50.2140735+05:30","5","Process terminated:
RuleName: -
UtcTime: 2026-04-21 08:20:50.213
ProcessGuid: {a65b9ff6-3362-69e7-b711-000000001b00}
ProcessId: 1648
Image: C:\Windows\System32\reg.exe
User: LAPTOP-I8K1DAMV\rohin"
"2026-04-21T13:50:50.1701910+05:30","5","Process terminated:
RuleName: -
UtcTime: 2026-04-21 08:20:50.169
ProcessGuid: {a65b9ff6-3362-69e7-b611-000000001b00}
ProcessId: 25588
Image: C:\Windows\System32\conhost.exe
User: LAPTOP-I8K1DAMV\rohin"
"2026-04-21T13:50:50.1670109+05:30","5","Process terminated:
RuleName: -
UtcTime: 2026-04-21 08:20:50.166
ProcessGuid: {a65b9ff6-3362-69e7-b511-000000001b00}
ProcessId: 30588
Image: C:\Windows\System32\reg.exe
User: LAPTOP-I8K1DAMV\rohin"
"2026-04-21T13:50:34.2575991+05:30","5","Process terminated:
RuleName: -
UtcTime: 2026-04-21 08:20:34.257
ProcessGuid: {a65b9ff6-3338-69e7-8211-000000001b00}
ProcessId: 13580
Image: C:\Windows\System32\cmd.exe
User: LAPTOP-I8K1DAMV\rohin"
"2026-04-21T13:50:34.2420848+05:30","5","Process terminated:
RuleName: -
UtcTime: 2026-04-21 08:20:34.241
ProcessGuid: {a65b9ff6-3351-69e7-ab11-000000001b00}
ProcessId: 31588
Image: D:\BTP\Log-Anamoly-Detection\.venv\Scripts\python.exe
User: LAPTOP-I8K1DAMV\rohin"
"2026-04-21T13:50:34.2368141+05:30","5","Process terminated:
RuleName: -
UtcTime: 2026-04-21 08:20:34.236
ProcessGuid: {a65b9ff6-3351-69e7-ac11-000000001b00}
ProcessId: 28824
Image: C:\Users\rohin\AppData\Local\Programs\Python\Python314\python.exe
User: LAPTOP-I8K1DAMV\rohin"
"2026-04-21T13:50:34.2008645+05:30","5","Process terminated:
RuleName: -
UtcTime: 2026-04-21 08:20:34.200
ProcessGuid: {a65b9ff6-3351-69e7-ad11-000000001b00}
ProcessId: 26228
Image: C:\Windows\System32\WindowsPowerShell\v1.0\powershell.exe
User: LAPTOP-I8K1DAMV\rohin"
"2026-04-21T13:50:33.2322400+05:30","5","Process terminated:
RuleName: -
UtcTime: 2026-04-21 08:20:33.231
ProcessGuid: {a65b9ff6-3338-69e7-8311-000000001b00}
ProcessId: 27772
Image: D:\BTP\Log-Anamoly-Detection\.venv\Scripts\python.exe
User: LAPTOP-I8K1DAMV\rohin"
"2026-04-21T13:50:33.2279440+05:30","5","Process terminated:
RuleName: -
UtcTime: 2026-04-21 08:20:33.227
ProcessGuid: {a65b9ff6-3338-69e7-8411-000000001b00}
ProcessId: 30020
Image: C:\Users\rohin\AppData\Local\Programs\Python\Python314\python.exe
User: LAPTOP-I8K1DAMV\rohin"
"2026-04-21T13:50:33.1784176+05:30","11","File created:
RuleName: -
UtcTime: 2026-04-21 08:20:33.177
ProcessGuid: {a65b9ff6-3338-69e7-8411-000000001b00}
ProcessId: 30020
Image: C:\Users\rohin\AppData\Local\Programs\Python\Python314\python.exe
TargetFilename: D:\BTP\Log-Anamoly-Detection\attack_files\attack_file_029.txt
CreationUtcTime: 2026-04-20 23:20:30.906
User: LAPTOP-I8K1DAMV\rohin"
"2026-04-21T13:50:33.1467569+05:30","11","File created:
RuleName: -
UtcTime: 2026-04-21 08:20:33.145
ProcessGuid: {a65b9ff6-3338-69e7-8411-000000001b00}
ProcessId: 30020
Image: C:\Users\rohin\AppData\Local\Programs\Python\Python314\python.exe
TargetFilename: D:\BTP\Log-Anamoly-Detection\attack_files\attack_file_028.txt
CreationUtcTime: 2026-04-20 23:20:30.897
User: LAPTOP-I8K1DAMV\rohin"
"2026-04-21T13:50:33.1152912+05:30","11","File created:
RuleName: -
UtcTime: 2026-04-21 08:20:33.115
ProcessGuid: {a65b9ff6-3338-69e7-8411-000000001b00}
ProcessId: 30020
Image: C:\Users\rohin\AppData\Local\Programs\Python\Python314\python.exe
TargetFilename: D:\BTP\Log-Anamoly-Detection\attack_files\attack_file_027.txt
CreationUtcTime: 2026-04-20 23:20:30.896
User: LAPTOP-I8K1DAMV\rohin"
