"2026-04-21T05:53:40.5211926+05:30","5","Process terminated:
RuleName: -
UtcTime: 2026-04-21 00:23:40.515
ProcessGuid: {a65b9ff6-c38b-69e6-0804-000000001b00}
ProcessId: 16464
Image: C:\Program Files\McAfee\MQS\QcShm.exe
User: NT AUTHORITY\SYSTEM"
"2026-04-21T05:53:39.7018442+05:30","5","Process terminated:
RuleName: -
UtcTime: 2026-04-21 00:23:39.701
ProcessGuid: {a65b9ff6-c389-69e6-0204-000000001b00}
ProcessId: 21160
Image: C:\Program Files\Adobe\Acrobat DC\Acrobat\Acrobat.exe
User: LAPTOP-I8K1DAMV\rohin"
"2026-04-21T05:53:39.4084609+05:30","5","Process terminated:
RuleName: -
UtcTime: 2026-04-21 00:23:39.408
ProcessGuid: {a65b9ff6-c389-69e6-0404-000000001b00}
ProcessId: 5072
Image: C:\Program Files\Adobe\Acrobat DC\Acrobat\Acrobat.exe
User: LAPTOP-I8K1DAMV\rohin"
"2026-04-21T05:53:38.9696974+05:30","5","Process terminated:
RuleName: -
UtcTime: 2026-04-21 00:23:38.969
ProcessGuid: {a65b9ff6-c388-69e6-0004-000000001b00}
ProcessId: 26584
Image: C:\Program Files (x86)\Common Files\Adobe\ARM\1.0\AdobeARM.exe
User: LAPTOP-I8K1DAMV\rohin"
"2026-04-21T05:53:38.7405387+05:30","5","Process terminated:
RuleName: -
UtcTime: 2026-04-21 00:23:38.740
ProcessGuid: {a65b9ff6-c38a-69e6-0504-000000001b00}
ProcessId: 3056
Image: C:\Program Files\Adobe\Acrobat DC\Acrobat\ADNotificationManager.exe
User: LAPTOP-I8K1DAMV\rohin"
"2026-04-21T05:53:37.5971930+05:30","5","Process terminated:
RuleName: -
UtcTime: 2026-04-21 00:23:37.595
ProcessGuid: {a65b9ff6-c389-69e6-0104-000000001b00}
ProcessId: 13524
Image: C:\Program Files\Adobe\Acrobat DC\Acrobat\acrobat_sl.exe
User: LAPTOP-I8K1DAMV\rohin"
"2026-04-21T05:53:25.6421028+05:30","5","Process terminated:
RuleName: -
UtcTime: 2026-04-21 00:23:25.636
ProcessGuid: {a65b9ff6-c0b8-69e6-0001-000000001b00}
ProcessId: 12920
Image: C:\Windows\System32\ShellHost.exe
User: LAPTOP-I8K1DAMV\rohin"
"2026-04-21T05:53:24.4417152+05:30","5","Process terminated:
RuleName: -
UtcTime: 2026-04-21 00:23:24.441
ProcessGuid: {a65b9ff6-c37a-69e6-f703-000000001b00}
ProcessId: 10524
Image: C:\Program Files\Docker\Docker\resources\bin\docker-compose.exe
User: LAPTOP-I8K1DAMV\rohin"
"2026-04-21T05:53:24.4220746+05:30","5","Process terminated:
RuleName: -
UtcTime: 2026-04-21 00:23:24.421
ProcessGuid: {a65b9ff6-c37a-69e6-fa03-000000001b00}
ProcessId: 25424
Image: C:\Program Files\Docker\cli-plugins\docker-buildx.exe
User: LAPTOP-I8K1DAMV\rohin"
"2026-04-21T05:53:22.7498164+05:30","5","Process terminated:
RuleName: -
UtcTime: 2026-04-21 00:23:22.749
ProcessGuid: {a65b9ff6-c37a-69e6-fd03-000000001b00}
ProcessId: 27432
Image: C:\Program Files\Docker\Docker\resources\bin\docker-credential-desktop.exe
User: LAPTOP-I8K1DAMV\rohin"
"2026-04-21T05:53:22.7477910+05:30","5","Process terminated:
RuleName: -
UtcTime: 2026-04-21 00:23:22.747
ProcessGuid: {a65b9ff6-c37a-69e6-fe03-000000001b00}
ProcessId: 15196
Image: C:\Program Files\Docker\Docker\resources\bin\docker-credential-wincred.exe
User: LAPTOP-I8K1DAMV\rohin"
"2026-04-21T05:53:22.6087327+05:30","5","Process terminated:
RuleName: -
UtcTime: 2026-04-21 00:23:22.608
ProcessGuid: {a65b9ff6-c37a-69e6-fb03-000000001b00}
ProcessId: 4208
Image: C:\Program Files\Git\cmd\git.exe
User: LAPTOP-I8K1DAMV\rohin"
"2026-04-21T05:53:22.6063023+05:30","5","Process terminated:
RuleName: -
UtcTime: 2026-04-21 00:23:22.605
ProcessGuid: {a65b9ff6-c37a-69e6-fc03-000000001b00}
ProcessId: 27248
Image: C:\Program Files\Git\mingw64\bin\git.exe
User: LAPTOP-I8K1DAMV\rohin"
"2026-04-21T05:53:22.3551862+05:30","5","Process terminated:
RuleName: -
UtcTime: 2026-04-21 00:23:22.354
ProcessGuid: {a65b9ff6-c37a-69e6-f903-000000001b00}
ProcessId: 6984
Image: C:\Program Files\Docker\cli-plugins\docker-buildx.exe
User: LAPTOP-I8K1DAMV\rohin"
"2026-04-21T05:53:22.2896360+05:30","5","Process terminated:
RuleName: -
UtcTime: 2026-04-21 00:23:22.289
ProcessGuid: {a65b9ff6-c37a-69e6-f803-000000001b00}
ProcessId: 25828
Image: C:\Program Files\Docker\cli-plugins\docker-buildx.exe
User: LAPTOP-I8K1DAMV\rohin"
"2026-04-21T05:53:21.9436301+05:30","5","Process terminated:
RuleName: -
UtcTime: 2026-04-21 00:23:21.943
ProcessGuid: {a65b9ff6-c33e-69e6-ec03-000000001b00}
ProcessId: 9596
Image: C:\Program Files\Docker\Docker\resources\bin\docker-compose.exe
User: LAPTOP-I8K1DAMV\rohin"
"2026-04-21T05:53:21.9247441+05:30","5","Process terminated:
RuleName: -
UtcTime: 2026-04-21 00:23:21.924
ProcessGuid: {a65b9ff6-c33e-69e6-ef03-000000001b00}
ProcessId: 10496
Image: C:\Program Files\Docker\cli-plugins\docker-buildx.exe
User: LAPTOP-I8K1DAMV\rohin"
"2026-04-21T05:53:11.5171841+05:30","5","Process terminated:
RuleName: -
UtcTime: 2026-04-21 00:23:11.516
ProcessGuid: {a65b9ff6-c315-69e6-d603-000000001b00}
ProcessId: 18776
Image: C:\Windows\System32\RuntimeBroker.exe
User: LAPTOP-I8K1DAMV\rohin"
"2026-04-21T05:52:45.4975660+05:30","5","Process terminated:
RuleName: -
UtcTime: 2026-04-21 00:22:45.496
ProcessGuid: {a65b9ff6-c311-69e6-d303-000000001b00}
ProcessId: 21684
Image: C:\Windows\System32\RuntimeBroker.exe
User: LAPTOP-I8K1DAMV\rohin"
"2026-04-21T05:52:42.6431691+05:30","5","Process terminated:
RuleName: -
UtcTime: 2026-04-21 00:22:42.642
ProcessGuid: {a65b9ff6-c310-69e6-cf03-000000001b00}
ProcessId: 9608
Image: C:\Windows\System32\backgroundTaskHost.exe
User: LAPTOP-I8K1DAMV\rohin"
"2026-04-21T05:52:41.5044702+05:30","5","Process terminated:
RuleName: -
UtcTime: 2026-04-21 00:22:41.503
ProcessGuid: {a65b9ff6-c310-69e6-d003-000000001b00}
ProcessId: 7312
Image: C:\Windows\System32\backgroundTaskHost.exe
User: LAPTOP-I8K1DAMV\rohin"
"2026-04-21T05:52:25.1677750+05:30","5","Process terminated:
RuleName: -
UtcTime: 2026-04-21 00:22:25.167
ProcessGuid: {a65b9ff6-c341-69e6-f503-000000001b00}
ProcessId: 15024
Image: C:\Windows\System32\conhost.exe
User: LAPTOP-I8K1DAMV\rohin"
"2026-04-21T05:52:25.1660124+05:30","5","Process terminated:
RuleName: -
UtcTime: 2026-04-21 00:22:25.165
ProcessGuid: {a65b9ff6-c341-69e6-f403-000000001b00}
ProcessId: 21596
Image: C:\Program Files\Git\cmd\git.exe
User: LAPTOP-I8K1DAMV\rohin"
"2026-04-21T05:52:25.1631633+05:30","5","Process terminated:
RuleName: -
UtcTime: 2026-04-21 00:22:25.163
ProcessGuid: {a65b9ff6-c341-69e6-f603-000000001b00}
ProcessId: 23680
Image: C:\Program Files\Git\mingw64\bin\git.exe
User: LAPTOP-I8K1DAMV\rohin"
"2026-04-21T05:52:22.8912033+05:30","5","Process terminated:
RuleName: -
UtcTime: 2026-04-21 00:22:22.890
ProcessGuid: {a65b9ff6-c33e-69e6-f203-000000001b00}
ProcessId: 17308
Image: C:\Program Files\Docker\Docker\resources\bin\docker-credential-desktop.exe
User: LAPTOP-I8K1DAMV\rohin"
"2026-04-21T05:52:22.8886710+05:30","5","Process terminated:
RuleName: -
UtcTime: 2026-04-21 00:22:22.888
ProcessGuid: {a65b9ff6-c33e-69e6-f303-000000001b00}
ProcessId: 13036
Image: C:\Program Files\Docker\Docker\resources\bin\docker-credential-wincred.exe
User: LAPTOP-I8K1DAMV\rohin"
"2026-04-21T05:52:22.7405772+05:30","5","Process terminated:
RuleName: -
UtcTime: 2026-04-21 00:22:22.739
ProcessGuid: {a65b9ff6-c33e-69e6-f003-000000001b00}
ProcessId: 26040
Image: C:\Program Files\Git\cmd\git.exe
User: LAPTOP-I8K1DAMV\rohin"
"2026-04-21T05:52:22.7374679+05:30","5","Process terminated:
RuleName: -
UtcTime: 2026-04-21 00:22:22.736
ProcessGuid: {a65b9ff6-c33e-69e6-f103-000000001b00}
ProcessId: 5652
Image: C:\Program Files\Git\mingw64\bin\git.exe
User: LAPTOP-I8K1DAMV\rohin"
"2026-04-21T05:52:22.4611421+05:30","5","Process terminated:
RuleName: -
UtcTime: 2026-04-21 00:22:22.460
ProcessGuid: {a65b9ff6-c33e-69e6-ee03-000000001b00}
ProcessId: 18864
Image: C:\Program Files\Docker\cli-plugins\docker-buildx.exe
User: LAPTOP-I8K1DAMV\rohin"
"2026-04-21T05:52:22.3966140+05:30","5","Process terminated:
RuleName: -
UtcTime: 2026-04-21 00:22:22.395
ProcessGuid: {a65b9ff6-c33e-69e6-ed03-000000001b00}
ProcessId: 25116
Image: C:\Program Files\Docker\cli-plugins\docker-buildx.exe
User: LAPTOP-I8K1DAMV\rohin"
"2026-04-21T05:52:16.5579769+05:30","5","Process terminated:
RuleName: -
UtcTime: 2026-04-21 00:22:16.557
ProcessGuid: {a65b9ff6-c32e-69e6-e503-000000001b00}
ProcessId: 25416
Image: C:\Program Files\Microsoft OneDrive\26.055.0323.0004\OneDriveLauncher.exe
User: LAPTOP-I8K1DAMV\rohin"
"2026-04-21T05:52:16.0967408+05:30","5","Process terminated:
RuleName: -
UtcTime: 2026-04-21 00:22:16.092
ProcessGuid: {a65b9ff6-c337-69e6-e703-000000001b00}
ProcessId: 13164
Image: C:\Windows\System32\conhost.exe
User: LAPTOP-I8K1DAMV\rohin"
"2026-04-21T05:52:16.0940126+05:30","5","Process terminated:
RuleName: -
UtcTime: 2026-04-21 00:22:16.092
ProcessGuid: {a65b9ff6-c337-69e6-e603-000000001b00}
ProcessId: 24312
Image: C:\Windows\System32\cmd.exe
User: LAPTOP-I8K1DAMV\rohin"
"2026-04-21T05:52:16.0893755+05:30","5","Process terminated:
RuleName: -
UtcTime: 2026-04-21 00:22:16.089
ProcessGuid: {a65b9ff6-c338-69e6-e803-000000001b00}
ProcessId: 23956
Image: C:\Windows\System32\wsl.exe
User: LAPTOP-I8K1DAMV\rohin"
"2026-04-21T05:52:16.0860062+05:30","5","Process terminated:
RuleName: -
UtcTime: 2026-04-21 00:22:16.084
ProcessGuid: {a65b9ff6-c338-69e6-e903-000000001b00}
ProcessId: 25616
Image: C:\Program Files\WSL\wsl.exe
User: LAPTOP-I8K1DAMV\rohin"
"2026-04-21T05:52:15.4889511+05:30","5","Process terminated:
RuleName: -
UtcTime: 2026-04-21 00:22:15.488
ProcessGuid: {a65b9ff6-c310-69e6-d103-000000001b00}
ProcessId: 25740
Image: C:\Program Files\WindowsApps\microsoft.windowscommunicationsapps_16005.14326.22342.0_x64__8wekyb3d8bbwe\HxTsr.exe
User: LAPTOP-I8K1DAMV\rohin"
"2026-04-21T05:52:12.2054302+05:30","5","Process terminated:
RuleName: -
UtcTime: 2026-04-21 00:22:12.205
ProcessGuid: {a65b9ff6-c323-69e6-e003-000000001b00}
ProcessId: 27132
Image: C:\Program Files\Docker\cli-plugins\docker-buildx.exe
User: LAPTOP-I8K1DAMV\rohin"
"2026-04-21T05:51:55.8545167+05:30","5","Process terminated:
RuleName: -
UtcTime: 2026-04-21 00:21:55.853
ProcessGuid: {a65b9ff6-c323-69e6-e303-000000001b00}
ProcessId: 24584
Image: C:\Program Files\Docker\Docker\resources\bin\docker-credential-desktop.exe
User: LAPTOP-I8K1DAMV\rohin"
"2026-04-21T05:51:55.8521107+05:30","5","Process terminated:
RuleName: -
UtcTime: 2026-04-21 00:21:55.851
ProcessGuid: {a65b9ff6-c323-69e6-e403-000000001b00}
ProcessId: 24500
Image: C:\Program Files\Docker\Docker\resources\bin\docker-credential-wincred.exe
User: LAPTOP-I8K1DAMV\rohin"
"2026-04-21T05:51:55.6368827+05:30","5","Process terminated:
RuleName: -
UtcTime: 2026-04-21 00:21:55.633
ProcessGuid: {a65b9ff6-c323-69e6-e103-000000001b00}
ProcessId: 14720
Image: C:\Program Files\Git\cmd\git.exe
User: LAPTOP-I8K1DAMV\rohin"
"2026-04-21T05:51:55.6344159+05:30","5","Process terminated:
RuleName: -
UtcTime: 2026-04-21 00:21:55.633
ProcessGuid: {a65b9ff6-c323-69e6-e203-000000001b00}
ProcessId: 1040
Image: C:\Program Files\Git\mingw64\bin\git.exe
User: LAPTOP-I8K1DAMV\rohin"
"2026-04-21T05:51:55.3074011+05:30","5","Process terminated:
RuleName: -
UtcTime: 2026-04-21 00:21:55.307
ProcessGuid: {a65b9ff6-c323-69e6-df03-000000001b00}
ProcessId: 22116
Image: C:\Program Files\Docker\cli-plugins\docker-buildx.exe
User: LAPTOP-I8K1DAMV\rohin"
"2026-04-21T05:51:55.2294822+05:30","5","Process terminated:
RuleName: -
UtcTime: 2026-04-21 00:21:55.229
ProcessGuid: {a65b9ff6-c323-69e6-de03-000000001b00}
ProcessId: 20680
Image: C:\Program Files\Docker\cli-plugins\docker-buildx.exe
User: LAPTOP-I8K1DAMV\rohin"
"2026-04-21T05:51:52.5397015+05:30","5","Process terminated:
RuleName: -
UtcTime: 2026-04-21 00:21:52.532
ProcessGuid: {a65b9ff6-c31f-69e6-d803-000000001b00}
ProcessId: 17328
Image: C:\Windows\System32\taskhostw.exe
User: NT AUTHORITY\SYSTEM"
"2026-04-21T05:51:52.5236397+05:30","5","Process terminated:
RuleName: -
UtcTime: 2026-04-21 00:21:52.516
ProcessGuid: {a65b9ff6-c320-69e6-dc03-000000001b00}
ProcessId: 16668
Image: C:\Windows\System32\SecurityHealth\10.0.29554.1001-0\SecurityHealthHost.exe
User: LAPTOP-I8K1DAMV\rohin"
"2026-04-21T05:51:52.4770225+05:30","5","Process terminated:
RuleName: -
UtcTime: 2026-04-21 00:21:52.476
ProcessGuid: {a65b9ff6-c320-69e6-da03-000000001b00}
ProcessId: 7320
Image: C:\Windows\System32\SecurityHealth\10.0.29554.1001-0\SecurityHealthHost.exe
User: LAPTOP-I8K1DAMV\rohin"
"2026-04-21T05:51:51.9793419+05:30","5","Process terminated:
RuleName: -
UtcTime: 2026-04-21 00:21:51.963
ProcessGuid: {a65b9ff6-c29e-69e6-a303-000000001b00}
ProcessId: 23464
Image: C:\Windows\System32\SearchProtocolHost.exe
User: NT AUTHORITY\SYSTEM"
"2026-04-21T05:51:45.4340476+05:30","5","Process terminated:
RuleName: -
UtcTime: 2026-04-21 00:21:45.433
ProcessGuid: {a65b9ff6-c314-69e6-d503-000000001b00}
ProcessId: 16476
Image: C:\Windows\System32\svchost.exe
User: LAPTOP-I8K1DAMV\rohin"
"2026-04-21T05:51:40.7982688+05:30","5","Process terminated:
RuleName: -
UtcTime: 2026-04-21 00:21:40.798
ProcessGuid: {a65b9ff6-c310-69e6-d203-000000001b00}
ProcessId: 8968
Image: C:\Program Files\Microsoft Office\root\vfs\ProgramFilesCommonX64\Microsoft Shared\OFFICE16\ActionsServer\ActionsServer.exe
User: LAPTOP-I8K1DAMV\rohin"
"2026-04-21T05:51:36.9774476+05:30","5","Process terminated:
RuleName: -
UtcTime: 2026-04-21 00:21:36.974
ProcessGuid: {a65b9ff6-c310-69e6-ce03-000000001b00}
ProcessId: 15420
Image: C:\Program Files\Microsoft Office\root\vfs\ProgramFilesCommonX64\Microsoft Shared\OFFICE16\ActionsServer\ActionsServer.exe
User: LAPTOP-I8K1DAMV\rohin"
"2026-04-21T05:51:23.5179275+05:30","5","Process terminated:
RuleName: -
UtcTime: 2026-04-21 00:21:23.517
ProcessGuid: {a65b9ff6-c301-69e6-c903-000000001b00}
ProcessId: 17068
Image: C:\Program Files\McAfee\WebAdvisor\updater.exe
User: NT AUTHORITY\SYSTEM"
"2026-04-21T05:51:21.7683222+05:30","5","Process terminated:
RuleName: -
UtcTime: 2026-04-21 00:21:21.765
ProcessGuid: {a65b9ff6-c301-69e6-cd03-000000001b00}
ProcessId: 25972
Image: C:\Windows\System32\conhost.exe
User: NT AUTHORITY\SYSTEM"
"2026-04-21T05:51:21.7663071+05:30","5","Process terminated:
RuleName: -
UtcTime: 2026-04-21 00:21:21.765
ProcessGuid: {a65b9ff6-c301-69e6-cc03-000000001b00}
ProcessId: 15224
Image: C:\Windows\System32\cmd.exe
User: NT AUTHORITY\SYSTEM"
"2026-04-21T05:51:21.7160774+05:30","5","Process terminated:
RuleName: -
UtcTime: 2026-04-21 00:21:21.713
ProcessGuid: {a65b9ff6-c301-69e6-cb03-000000001b00}
ProcessId: 7400
Image: C:\Windows\System32\conhost.exe
User: NT AUTHORITY\SYSTEM"
"2026-04-21T05:51:21.7138680+05:30","5","Process terminated:
RuleName: -
UtcTime: 2026-04-21 00:21:21.713
ProcessGuid: {a65b9ff6-c301-69e6-ca03-000000001b00}
ProcessId: 11560
Image: C:\Windows\System32\cmd.exe
User: NT AUTHORITY\SYSTEM"
"2026-04-21T05:51:21.3429192+05:30","5","Process terminated:
RuleName: -
UtcTime: 2026-04-21 00:21:21.342
ProcessGuid: {a65b9ff6-c2ff-69e6-c803-000000001b00}
ProcessId: 25704
Image: C:\Program Files\McAfee\WebAdvisor\updater.exe
User: NT AUTHORITY\SYSTEM"
"2026-04-21T05:51:05.2094432+05:30","5","Process terminated:
RuleName: -
UtcTime: 2026-04-21 00:21:05.209
ProcessGuid: {a65b9ff6-c2d6-69e6-ae03-000000001b00}
ProcessId: 24476
Image: C:\Program Files\Docker\Docker\resources\bin\docker-compose.exe
User: LAPTOP-I8K1DAMV\rohin"
"2026-04-21T05:51:05.1707148+05:30","5","Process terminated:
RuleName: -
UtcTime: 2026-04-21 00:21:05.170
ProcessGuid: {a65b9ff6-c2d7-69e6-b103-000000001b00}
ProcessId: 25440
Image: C:\Program Files\Docker\cli-plugins\docker-buildx.exe
User: LAPTOP-I8K1DAMV\rohin"
"2026-04-21T05:51:03.1242921+05:30","5","Process terminated:
RuleName: -
UtcTime: 2026-04-21 00:21:03.123
ProcessGuid: {a65b9ff6-c2ee-69e6-c703-000000001b00}
ProcessId: 26208
Image: C:\Program Files\Docker\Docker\resources\bin\docker.exe
User: LAPTOP-I8K1DAMV\rohin"
"2026-04-21T05:51:02.1241446+05:30","5","Process terminated:
RuleName: -
UtcTime: 2026-04-21 00:21:02.123
ProcessGuid: {a65b9ff6-c2ed-69e6-c603-000000001b00}
ProcessId: 12440
Image: C:\Windows\SystemApps\MicrosoftWindows.Client.CBS_cw5n1h2txyewy\SoftLandingTask\SoftLandingTask.exe
User: LAPTOP-I8K1DAMV\rohin"
"2026-04-21T05:51:02.1226818+05:30","5","Process terminated:
RuleName: -
UtcTime: 2026-04-21 00:21:02.121
ProcessGuid: {a65b9ff6-c2ed-69e6-c503-000000001b00}
ProcessId: 26872
Image: C:\Windows\System32\taskhostw.exe
User: LAPTOP-I8K1DAMV\rohin"
"2026-04-21T05:50:59.7051133+05:30","5","Process terminated:
RuleName: -
UtcTime: 2026-04-21 00:20:59.704
ProcessGuid: {a65b9ff6-c2eb-69e6-c103-000000001b00}
ProcessId: 21060
Image: C:\Windows\System32\conhost.exe
User: LAPTOP-I8K1DAMV\rohin"
"2026-04-21T05:50:59.7017158+05:30","5","Process terminated:
RuleName: -
UtcTime: 2026-04-21 00:20:59.701
ProcessGuid: {a65b9ff6-c2eb-69e6-bf03-000000001b00}
ProcessId: 15348
Image: C:\Windows\System32\cmd.exe
User: LAPTOP-I8K1DAMV\rohin"
"2026-04-21T05:50:59.6970200+05:30","5","Process terminated:
RuleName: -
UtcTime: 2026-04-21 00:20:59.696
ProcessGuid: {a65b9ff6-c2eb-69e6-c203-000000001b00}
ProcessId: 21596
Image: C:\Windows\System32\wsl.exe
User: LAPTOP-I8K1DAMV\rohin"
"2026-04-21T05:50:59.6929970+05:30","5","Process terminated:
RuleName: -
UtcTime: 2026-04-21 00:20:59.692
ProcessGuid: {a65b9ff6-c2eb-69e6-c303-000000001b00}
ProcessId: 14768
Image: C:\Program Files\WSL\wsl.exe
User: LAPTOP-I8K1DAMV\rohin"
"2026-04-21T05:50:56.8595740+05:30","5","Process terminated:
RuleName: -
UtcTime: 2026-04-21 00:20:56.856
ProcessGuid: {a65b9ff6-c2e8-69e6-bd03-000000001b00}
ProcessId: 17840
Image: C:\Windows\System32\conhost.exe
User: LAPTOP-I8K1DAMV\rohin"
"2026-04-21T05:50:56.8570102+05:30","5","Process terminated:
RuleName: -
UtcTime: 2026-04-21 00:20:56.856
ProcessGuid: {a65b9ff6-c2e8-69e6-bc03-000000001b00}
ProcessId: 22912
Image: C:\Program Files\Git\cmd\git.exe
User: LAPTOP-I8K1DAMV\rohin"
"2026-04-21T05:50:56.8522588+05:30","5","Process terminated:
RuleName: -
UtcTime: 2026-04-21 00:20:56.844
ProcessGuid: {a65b9ff6-c2e8-69e6-be03-000000001b00}
ProcessId: 26752
Image: C:\Program Files\Git\mingw64\bin\git.exe
User: LAPTOP-I8K1DAMV\rohin"
"2026-04-21T05:50:43.8418721+05:30","5","Process terminated:
RuleName: -
UtcTime: 2026-04-21 00:20:43.840
ProcessGuid: {a65b9ff6-c086-69e6-c500-000000001b00}
ProcessId: 10316
Image: C:\Windows\System32\svchost.exe
User: NT AUTHORITY\SYSTEM"
"2026-04-21T05:50:41.6392017+05:30","5","Process terminated:
RuleName: -
UtcTime: 2026-04-21 00:20:41.638
ProcessGuid: {a65b9ff6-c2d9-69e6-b603-000000001b00}
ProcessId: 27188
Image: C:\Program Files\Docker\Docker\resources\bin\docker-credential-desktop.exe
User: LAPTOP-I8K1DAMV\rohin"
"2026-04-21T05:50:41.6368157+05:30","5","Process terminated:
RuleName: -
UtcTime: 2026-04-21 00:20:41.636
ProcessGuid: {a65b9ff6-c2d9-69e6-b703-000000001b00}
ProcessId: 5100
Image: C:\Program Files\Docker\Docker\resources\bin\docker-credential-wincred.exe
User: LAPTOP-I8K1DAMV\rohin"
"2026-04-21T05:50:40.1345705+05:30","5","Process terminated:
RuleName: -
UtcTime: 2026-04-21 00:20:40.133
ProcessGuid: {a65b9ff6-c2d8-69e6-b403-000000001b00}
ProcessId: 4912
Image: C:\Program Files\Git\cmd\git.exe
User: LAPTOP-I8K1DAMV\rohin"
"2026-04-21T05:50:40.1316163+05:30","5","Process terminated:
RuleName: -
UtcTime: 2026-04-21 00:20:40.130
ProcessGuid: {a65b9ff6-c2d8-69e6-b503-000000001b00}
ProcessId: 18672
Image: C:\Program Files\Git\mingw64\bin\git.exe
User: LAPTOP-I8K1DAMV\rohin"
"2026-04-21T05:50:40.0326136+05:30","5","Process terminated:
RuleName: -
UtcTime: 2026-04-21 00:20:40.028
ProcessGuid: {a65b9ff6-c2d7-69e6-b203-000000001b00}
ProcessId: 4620
Image: C:\Program Files\Git\cmd\git.exe
User: LAPTOP-I8K1DAMV\rohin"
"2026-04-21T05:50:40.0298097+05:30","5","Process terminated:
RuleName: -
UtcTime: 2026-04-21 00:20:40.028
ProcessGuid: {a65b9ff6-c2d8-69e6-b303-000000001b00}
ProcessId: 7188
Image: C:\Program Files\Git\mingw64\bin\git.exe
User: LAPTOP-I8K1DAMV\rohin"
"2026-04-21T05:50:39.2637364+05:30","5","Process terminated:
RuleName: -
UtcTime: 2026-04-21 00:20:39.263
ProcessGuid: {a65b9ff6-c2d7-69e6-b003-000000001b00}
ProcessId: 17016
Image: C:\Program Files\Docker\cli-plugins\docker-buildx.exe
User: LAPTOP-I8K1DAMV\rohin"
"2026-04-21T05:50:39.2002978+05:30","5","Process terminated:
RuleName: -
UtcTime: 2026-04-21 00:20:39.200
ProcessGuid: {a65b9ff6-c2d7-69e6-af03-000000001b00}
ProcessId: 23044
Image: C:\Program Files\Docker\cli-plugins\docker-buildx.exe
User: LAPTOP-I8K1DAMV\rohin"
"2026-04-21T05:50:36.4184614+05:30","5","Process terminated:
RuleName: -
UtcTime: 2026-04-21 00:20:36.417
ProcessGuid: {a65b9ff6-c07c-69e6-3100-000000001b00}
ProcessId: 3364
Image: C:\Windows\System32\svchost.exe
User: NT AUTHORITY\SYSTEM"
"2026-04-21T05:49:59.2226012+05:30","5","Process terminated:
RuleName: -
UtcTime: 2026-04-21 00:19:59.221
ProcessGuid: {a65b9ff6-c2af-69e6-ad03-000000001b00}
ProcessId: 2728
Image: C:\Program Files\Docker\Docker\resources\bin\docker-compose.exe
User: LAPTOP-I8K1DAMV\rohin"
"2026-04-21T05:49:52.7596930+05:30","5","Process terminated:
RuleName: -
UtcTime: 2026-04-21 00:19:52.758
ProcessGuid: {a65b9ff6-c2a8-69e6-a803-000000001b00}
ProcessId: 3776
Image: C:\Windows\System32\conhost.exe
User: LAPTOP-I8K1DAMV\rohin"
"2026-04-21T05:49:52.7565815+05:30","5","Process terminated:
RuleName: -
UtcTime: 2026-04-21 00:19:52.756
ProcessGuid: {a65b9ff6-c2a8-69e6-a703-000000001b00}
ProcessId: 22020
Image: C:\Windows\System32\cmd.exe
User: LAPTOP-I8K1DAMV\rohin"
"2026-04-21T05:49:52.7519173+05:30","5","Process terminated:
RuleName: -
UtcTime: 2026-04-21 00:19:52.751
ProcessGuid: {a65b9ff6-c2a8-69e6-a903-000000001b00}
ProcessId: 3432
Image: C:\Windows\System32\wsl.exe
User: LAPTOP-I8K1DAMV\rohin"
"2026-04-21T05:49:52.7478747+05:30","5","Process terminated:
RuleName: -
UtcTime: 2026-04-21 00:19:52.747
ProcessGuid: {a65b9ff6-c2a8-69e6-aa03-000000001b00}
ProcessId: 10664
Image: C:\Program Files\WSL\wsl.exe
User: LAPTOP-I8K1DAMV\rohin"
"2026-04-21T05:49:47.1973999+05:30","5","Process terminated:
RuleName: -
UtcTime: 2026-04-21 00:19:47.196
ProcessGuid: {a65b9ff6-c2a3-69e6-a603-000000001b00}
ProcessId: 22084
Image: C:\Windows\System32\svchost.exe
User: LAPTOP-I8K1DAMV\rohin"
"2026-04-21T05:49:34.3303788+05:30","5","Process terminated:
RuleName: -
UtcTime: 2026-04-21 00:19:34.327
ProcessGuid: {a65b9ff6-c296-69e6-a103-000000001b00}
ProcessId: 22980
Image: C:\Windows\System32\conhost.exe
User: LAPTOP-I8K1DAMV\rohin"
"2026-04-21T05:49:34.3287277+05:30","5","Process terminated:
RuleName: -
UtcTime: 2026-04-21 00:19:34.327
ProcessGuid: {a65b9ff6-c296-69e6-a203-000000001b00}
ProcessId: 26484
Image: C:\Windows\System32\conhost.exe
User: LAPTOP-I8K1DAMV\rohin"
"2026-04-21T05:49:34.3284671+05:30","5","Process terminated:
RuleName: -
UtcTime: 2026-04-21 00:19:34.327
ProcessGuid: {a65b9ff6-c296-69e6-9f03-000000001b00}
ProcessId: 13988
Image: C:\Users\rohin\AppData\Local\Programs\Microsoft VS Code\560a9dba96\resources\app\node_modules\@vscode\ripgrep\bin\rg.exe
User: LAPTOP-I8K1DAMV\rohin"
"2026-04-21T05:49:34.3267090+05:30","5","Process terminated:
RuleName: -
UtcTime: 2026-04-21 00:19:34.325
ProcessGuid: {a65b9ff6-c296-69e6-a003-000000001b00}
ProcessId: 26600
Image: C:\Users\rohin\AppData\Local\Programs\Microsoft VS Code\560a9dba96\resources\app\node_modules\@vscode\ripgrep\bin\rg.exe
User: LAPTOP-I8K1DAMV\rohin"
"2026-04-21T05:49:07.7067985+05:30","5","Process terminated:
RuleName: -
UtcTime: 2026-04-21 00:19:07.706
ProcessGuid: {a65b9ff6-c23f-69e6-9a03-000000001b00}
ProcessId: 12624
Image: C:\Windows\System32\svchost.exe
User: NT AUTHORITY\SYSTEM"
"2026-04-21T05:48:55.7475805+05:30","5","Process terminated:
RuleName: -
UtcTime: 2026-04-21 00:18:55.746
ProcessGuid: {a65b9ff6-c26f-69e6-9e03-000000001b00}
ProcessId: 21084
Image: C:\Program Files\Docker\Docker\resources\bin\docker.exe
User: LAPTOP-I8K1DAMV\rohin"
"2026-04-21T05:48:24.8424671+05:30","5","Process terminated:
RuleName: -
UtcTime: 2026-04-21 00:18:24.841
ProcessGuid: {a65b9ff6-c24b-69e6-9d03-000000001b00}
ProcessId: 15472
Image: C:\Windows\System32\dllhost.exe
User: LAPTOP-I8K1DAMV\rohin"
"2026-04-21T05:48:14.7064154+05:30","5","Process terminated:
RuleName: -
UtcTime: 2026-04-21 00:18:14.695
ProcessGuid: {a65b9ff6-c16d-69e6-5e03-000000001b00}
ProcessId: 10432
Image: C:\Windows\System32\wbem\WMIADAP.exe
User: NT AUTHORITY\SYSTEM"
"2026-04-21T05:48:12.5814426+05:30","5","Process terminated:
RuleName: -
UtcTime: 2026-04-21 00:18:12.580
ProcessGuid: {a65b9ff6-c23f-69e6-9803-000000001b00}
ProcessId: 25708
Image: C:\Windows\System32\svchost.exe
User: NT AUTHORITY\SYSTEM"
"2026-04-21T05:48:11.5093024+05:30","5","Process terminated:
RuleName: -
UtcTime: 2026-04-21 00:18:11.509
ProcessGuid: {a65b9ff6-c243-69e6-9c03-000000001b00}
ProcessId: 3004
Image: C:\Windows\System32\conhost.exe
User: NT AUTHORITY\LOCAL SERVICE"
"2026-04-21T05:48:11.5076404+05:30","5","Process terminated:
RuleName: -
UtcTime: 2026-04-21 00:18:11.507
ProcessGuid: {a65b9ff6-c243-69e6-9b03-000000001b00}
ProcessId: 19308
Image: C:\Windows\System32\appidcertstorecheck.exe
User: NT AUTHORITY\LOCAL SERVICE"
"2026-04-21T05:48:08.9676542+05:30","5","Process terminated:
RuleName: -
UtcTime: 2026-04-21 00:18:08.966
ProcessGuid: {a65b9ff6-c23e-69e6-9203-000000001b00}
ProcessId: 10780
Image: C:\Windows\System32\UIEOrchestratorStub.exe
User: NT AUTHORITY\SYSTEM"
"2026-04-21T05:48:08.9617963+05:30","5","Process terminated:
RuleName: -
UtcTime: 2026-04-21 00:18:08.961
ProcessGuid: {a65b9ff6-c23f-69e6-9903-000000001b00}
ProcessId: 25948
Image: C:\Windows\UUS\Packages\Preview\amd64\UIEOrchestrator.exe
User: NT AUTHORITY\SYSTEM"
"2026-04-21T05:48:07.8673075+05:30","5","Process terminated:
RuleName: -
UtcTime: 2026-04-21 00:18:07.866
ProcessGuid: {a65b9ff6-c23e-69e6-9503-000000001b00}
ProcessId: 14660
Image: C:\Windows\System32\wermgr.exe
User: NT AUTHORITY\SYSTEM"
"2026-04-21T05:48:07.8024635+05:30","5","Process terminated:
RuleName: -
UtcTime: 2026-04-21 00:18:07.800
ProcessGuid: {a65b9ff6-c084-69e6-b500-000000001b00}
ProcessId: 9592
Image: C:\Windows\System32\audiodg.exe
User: NT AUTHORITY\LOCAL SERVICE"
"2026-04-21T05:48:07.5002493+05:30","5","Process terminated:
RuleName: -
UtcTime: 2026-04-21 00:18:07.499
ProcessGuid: {a65b9ff6-c23e-69e6-9603-000000001b00}
ProcessId: 24264
Image: C:\Windows\System32\UsoClient.exe
User: NT AUTHORITY\SYSTEM"
"2026-04-21T05:48:07.2749384+05:30","5","Process terminated:
RuleName: -
UtcTime: 2026-04-21 00:18:07.273
ProcessGuid: {a65b9ff6-c23e-69e6-9303-000000001b00}
ProcessId: 24272
Image: C:\Windows\System32\taskhostw.exe
User: NT AUTHORITY\SYSTEM"
"2026-04-21T05:48:07.1745558+05:30","5","Process terminated:
RuleName: -
UtcTime: 2026-04-21 00:18:07.173
ProcessGuid: {a65b9ff6-c23f-69e6-9703-000000001b00}
ProcessId: 19024
Image: C:\Windows\System32\conhost.exe
User: NT AUTHORITY\SYSTEM"
"2026-04-21T05:48:07.1310149+05:30","5","Process terminated:
RuleName: -
UtcTime: 2026-04-21 00:18:07.130
ProcessGuid: {a65b9ff6-c23e-69e6-9403-000000001b00}
ProcessId: 10588
Image: C:\Windows\System32\sc.exe
User: NT AUTHORITY\SYSTEM"
"2026-04-21T05:47:51.9528903+05:30","5","Process terminated:
RuleName: -
UtcTime: 2026-04-21 00:17:51.952
ProcessGuid: {a65b9ff6-c120-69e6-0203-000000001b00}
ProcessId: 8352
Image: C:\Windows\System32\SearchProtocolHost.exe
User: NT AUTHORITY\SYSTEM"
"2026-04-21T05:47:50.3993736+05:30","5","Process terminated:
RuleName: -
UtcTime: 2026-04-21 00:17:50.398
ProcessGuid: {a65b9ff6-c22e-69e6-9103-000000001b00}
ProcessId: 13748
Image: C:\Windows\System32\conhost.exe
User: NT AUTHORITY\LOCAL SERVICE"
"2026-04-21T05:47:50.3974272+05:30","5","Process terminated:
RuleName: -
UtcTime: 2026-04-21 00:17:50.396
ProcessGuid: {a65b9ff6-c22e-69e6-9003-000000001b00}
ProcessId: 16448
Image: C:\Windows\System32\appidcertstorecheck.exe
User: NT AUTHORITY\LOCAL SERVICE"
"2026-04-21T05:47:47.1942520+05:30","5","Process terminated:
RuleName: -
UtcTime: 2026-04-21 00:17:47.194
ProcessGuid: {a65b9ff6-c228-69e6-8d03-000000001b00}
ProcessId: 24136
Image: C:\Program Files\AMD\CNext\CNext\QtWebEngineProcess.exe
User: LAPTOP-I8K1DAMV\rohin"
"2026-04-21T05:47:45.0633238+05:30","5","Process terminated:
RuleName: -
UtcTime: 2026-04-21 00:17:45.053
ProcessGuid: {a65b9ff6-c228-69e6-8f03-000000001b00}
ProcessId: 15740
Image: C:\Windows\System32\conhost.exe
User: LAPTOP-I8K1DAMV\rohin"
"2026-04-21T05:47:45.0607283+05:30","5","Process terminated:
RuleName: -
UtcTime: 2026-04-21 00:17:45.053
ProcessGuid: {a65b9ff6-c228-69e6-8e03-000000001b00}
ProcessId: 27392
Image: C:\Windows\System32\WindowsPowerShell\v1.0\powershell.exe
User: LAPTOP-I8K1DAMV\rohin"
"2026-04-21T05:47:44.3833546+05:30","5","Process terminated:
RuleName: -
UtcTime: 2026-04-21 00:17:44.383
ProcessGuid: {a65b9ff6-c227-69e6-8c03-000000001b00}
ProcessId: 4528
Image: C:\Windows\System32\conhost.exe
User: LAPTOP-I8K1DAMV\rohin"
"2026-04-21T05:47:44.3809151+05:30","5","Process terminated:
RuleName: -
UtcTime: 2026-04-21 00:17:44.378
ProcessGuid: {a65b9ff6-c227-69e6-8b03-000000001b00}
ProcessId: 6740
Image: C:\Windows\System32\WindowsPowerShell\v1.0\powershell.exe
User: LAPTOP-I8K1DAMV\rohin"
"2026-04-21T05:47:43.5930182+05:30","5","Process terminated:
RuleName: -
UtcTime: 2026-04-21 00:17:43.592
ProcessGuid: {a65b9ff6-c226-69e6-8a03-000000001b00}
ProcessId: 25716
Image: C:\Windows\System32\conhost.exe
User: LAPTOP-I8K1DAMV\rohin"
"2026-04-21T05:47:43.5907382+05:30","5","Process terminated:
RuleName: -
UtcTime: 2026-04-21 00:17:43.585
ProcessGuid: {a65b9ff6-c226-69e6-8903-000000001b00}
ProcessId: 13020
Image: C:\Windows\System32\WindowsPowerShell\v1.0\powershell.exe
User: LAPTOP-I8K1DAMV\rohin"
"2026-04-21T05:47:42.7530508+05:30","5","Process terminated:
RuleName: -
UtcTime: 2026-04-21 00:17:42.748
ProcessGuid: {a65b9ff6-c225-69e6-8703-000000001b00}
ProcessId: 17460
Image: C:\Windows\System32\conhost.exe
User: LAPTOP-I8K1DAMV\rohin"
"2026-04-21T05:47:42.7500990+05:30","5","Process terminated:
RuleName: -
UtcTime: 2026-04-21 00:17:42.748
ProcessGuid: {a65b9ff6-c225-69e6-8603-000000001b00}
ProcessId: 14608
Image: C:\Windows\System32\WindowsPowerShell\v1.0\powershell.exe
User: LAPTOP-I8K1DAMV\rohin"
"2026-04-21T05:47:42.2762882+05:30","5","Process terminated:
RuleName: -
UtcTime: 2026-04-21 00:17:42.273
ProcessGuid: {a65b9ff6-c226-69e6-8803-000000001b00}
ProcessId: 2276
Image: C:\Program Files\AMD\CNext\CNext\cncmd.exe
User: LAPTOP-I8K1DAMV\rohin"
"2026-04-21T05:47:39.4091260+05:30","5","Process terminated:
RuleName: -
UtcTime: 2026-04-21 00:17:39.400
ProcessGuid: {a65b9ff6-c223-69e6-8503-000000001b00}
ProcessId: 21836
Image: C:\Program Files\AMD\CNext\CNext\cncmd.exe
User: LAPTOP-I8K1DAMV\rohin"
"2026-04-21T05:47:39.2201587+05:30","5","Process terminated:
RuleName: -
UtcTime: 2026-04-21 00:17:39.219
ProcessGuid: {a65b9ff6-c220-69e6-8303-000000001b00}
ProcessId: 24684
Image: C:\Windows\System32\conhost.exe
User: LAPTOP-I8K1DAMV\rohin"
"2026-04-21T05:47:39.2137788+05:30","5","Process terminated:
RuleName: -
UtcTime: 2026-04-21 00:17:39.213
ProcessGuid: {a65b9ff6-c220-69e6-8203-000000001b00}
ProcessId: 3292
Image: C:\Windows\System32\clinfo.exe
User: LAPTOP-I8K1DAMV\rohin"
"2026-04-21T05:47:24.8676581+05:30","5","Process terminated:
RuleName: -
UtcTime: 2026-04-21 00:17:24.863
ProcessGuid: {a65b9ff6-c1ec-69e6-7e03-000000001b00}
ProcessId: 8000
Image: C:\Windows\System32\RuntimeBroker.exe
User: LAPTOP-I8K1DAMV\rohin"
"2026-04-21T05:47:20.9901081+05:30","5","Process terminated:
RuleName: -
UtcTime: 2026-04-21 00:17:20.989
ProcessGuid: {a65b9ff6-c16e-69e6-6503-000000001b00}
ProcessId: 12328
Image: C:\Program Files\Docker\Docker\resources\bin\docker-compose.exe
User: LAPTOP-I8K1DAMV\rohin"
"2026-04-21T05:47:20.9181268+05:30","5","Process terminated:
RuleName: -
UtcTime: 2026-04-21 00:17:20.917
ProcessGuid: {a65b9ff6-c210-69e6-8103-000000001b00}
ProcessId: 11588
Image: C:\Program Files\Docker\cli-plugins\docker-buildx.exe
User: LAPTOP-I8K1DAMV\rohin"
"2026-04-21T05:47:20.0493249+05:30","5","Process terminated:
RuleName: -
UtcTime: 2026-04-21 00:17:20.048
ProcessGuid: {a65b9ff6-c20f-69e6-8003-000000001b00}
ProcessId: 22940
Image: C:\Program Files\Docker\cli-plugins\docker-buildx.exe
User: LAPTOP-I8K1DAMV\rohin"
"2026-04-21T05:47:19.9683195+05:30","5","Process terminated:
RuleName: -
UtcTime: 2026-04-21 00:17:19.967
ProcessGuid: {a65b9ff6-c20f-69e6-7f03-000000001b00}
ProcessId: 24348
Image: C:\Program Files\Docker\cli-plugins\docker-buildx.exe
User: LAPTOP-I8K1DAMV\rohin"
"2026-04-21T05:46:56.3582247+05:30","5","Process terminated:
RuleName: -
UtcTime: 2026-04-21 00:16:56.357
ProcessGuid: {a65b9ff6-c0f2-69e6-8002-000000001b00}
ProcessId: 23460
Image: C:\Windows\System32\RuntimeBroker.exe
User: LAPTOP-I8K1DAMV\rohin"
"2026-04-21T05:46:48.5428464+05:30","5","Process terminated:
RuleName: -
UtcTime: 2026-04-21 00:16:48.541
ProcessGuid: {a65b9ff6-c0bc-69e6-3701-000000001b00}
ProcessId: 14696
Image: C:\Windows\System32\dllhost.exe
User: LAPTOP-I8K1DAMV\rohin"
"2026-04-21T05:46:44.8511822+05:30","5","Process terminated:
RuleName: -
UtcTime: 2026-04-21 00:16:44.850
ProcessGuid: {a65b9ff6-c1eb-69e6-7d03-000000001b00}
ProcessId: 24096
Image: C:\Windows\System32\backgroundTaskHost.exe
User: LAPTOP-I8K1DAMV\rohin"
"2026-04-21T05:46:41.3628989+05:30","5","Process terminated:
RuleName: -
UtcTime: 2026-04-21 00:16:41.362
ProcessGuid: {a65b9ff6-c1e4-69e6-7b03-000000001b00}
ProcessId: 3600
Image: C:\Program Files\Common Files\microsoft shared\ClickToRun\OfficeC2RClient.exe
User: NT AUTHORITY\SYSTEM"
"2026-04-21T05:46:39.7261758+05:30","5","Process terminated:
RuleName: -
UtcTime: 2026-04-21 00:16:39.721
ProcessGuid: {a65b9ff6-c1e7-69e6-7c03-000000001b00}
ProcessId: 26508
Image: C:\Windows\System32\taskhostw.exe
User: NT AUTHORITY\SYSTEM"
"2026-04-21T05:46:36.8968013+05:30","5","Process terminated:
RuleName: -
UtcTime: 2026-04-21 00:16:36.895
ProcessGuid: {a65b9ff6-c1e4-69e6-7a03-000000001b00}
ProcessId: 25792
Image: C:\Windows\System32\taskhostw.exe
User: LAPTOP-I8K1DAMV\rohin"
"2026-04-21T05:46:31.5394365+05:30","5","Process terminated:
RuleName: -
UtcTime: 2026-04-21 00:16:31.538
ProcessGuid: {a65b9ff6-c1de-69e6-7903-000000001b00}
ProcessId: 4688
Image: C:\Program Files\Common Files\McAfee\MSGSDK\msgrunner.exe
User: LAPTOP-I8K1DAMV\rohin"
"2026-04-21T05:46:30.4945666+05:30","5","Process terminated:
RuleName: -
UtcTime: 2026-04-21 00:16:30.494
ProcessGuid: {a65b9ff6-c1de-69e6-7803-000000001b00}
ProcessId: 2596
Image: C:\Program Files\McAfee.com\Agent\mcupdate.exe
User: LAPTOP-I8K1DAMV\rohin"
"2026-04-21T05:46:30.1159063+05:30","5","Process terminated:
RuleName: -
UtcTime: 2026-04-21 00:16:30.115
ProcessGuid: {a65b9ff6-c1d5-69e6-7703-000000001b00}
ProcessId: 16924
Image: C:\Program Files\Common Files\McAfee\OOBE\mcoemmgr.exe
User: NT AUTHORITY\SYSTEM"
"2026-04-21T05:46:26.3433346+05:30","5","Process terminated:
RuleName: -
UtcTime: 2026-04-21 00:16:26.342
ProcessGuid: {a65b9ff6-c0eb-69e6-7f02-000000001b00}
ProcessId: 15976
Image: C:\Windows\System32\backgroundTaskHost.exe
User: LAPTOP-I8K1DAMV\rohin"
"2026-04-21T05:46:25.6690614+05:30","5","Process terminated:
RuleName: -
UtcTime: 2026-04-21 00:16:25.668
ProcessGuid: {a65b9ff6-c172-69e6-7103-000000001b00}
ProcessId: 6940
Image: C:\Windows\System32\RuntimeBroker.exe
User: LAPTOP-I8K1DAMV\rohin"
"2026-04-21T05:46:23.3221780+05:30","5","Process terminated:
RuleName: -
UtcTime: 2026-04-21 00:16:23.321
ProcessGuid: {a65b9ff6-c174-69e6-7203-000000001b00}
ProcessId: 26256
Image: C:\Windows\System32\RuntimeBroker.exe
User: LAPTOP-I8K1DAMV\rohin"
"2026-04-21T05:46:12.1539206+05:30","5","Process terminated:
RuleName: -
UtcTime: 2026-04-21 00:16:12.152
ProcessGuid: {a65b9ff6-c171-69e6-7003-000000001b00}
ProcessId: 22384
Image: C:\Windows\System32\RuntimeBroker.exe
User: LAPTOP-I8K1DAMV\rohin"
"2026-04-21T05:45:55.6456539+05:30","5","Process terminated:
RuleName: -
UtcTime: 2026-04-21 00:15:55.645
ProcessGuid: {a65b9ff6-c16c-69e6-5703-000000001b00}
ProcessId: 24580
Image: C:\Windows\System32\backgroundTaskHost.exe
User: LAPTOP-I8K1DAMV\rohin"
"2026-04-21T05:45:53.3169698+05:30","5","Process terminated:
RuleName: -
UtcTime: 2026-04-21 00:15:53.316
ProcessGuid: {a65b9ff6-c16c-69e6-5603-000000001b00}
ProcessId: 19768
Image: C:\Windows\System32\backgroundTaskHost.exe
User: LAPTOP-I8K1DAMV\rohin"
"2026-04-21T05:45:53.0520479+05:30","5","Process terminated:
RuleName: -
UtcTime: 2026-04-21 00:15:53.051
ProcessGuid: {a65b9ff6-c16c-69e6-5303-000000001b00}
ProcessId: 10588
Image: C:\Windows\System32\backgroundTaskHost.exe
User: LAPTOP-I8K1DAMV\rohin"
"2026-04-21T05:45:49.5342677+05:30","5","Process terminated:
RuleName: -
UtcTime: 2026-04-21 00:15:49.533
ProcessGuid: {a65b9ff6-c089-69e6-d000-000000001b00}
ProcessId: 11076
Image: C:\Windows\System32\msiexec.exe
User: NT AUTHORITY\SYSTEM"
"2026-04-21T05:45:47.1876678+05:30","5","Process terminated:
RuleName: -
UtcTime: 2026-04-21 00:15:47.187
ProcessGuid: {a65b9ff6-c087-69e6-c900-000000001b00}
ProcessId: 10596
Image: C:\Windows\System32\svchost.exe
User: NT AUTHORITY\SYSTEM"
"2026-04-21T05:45:46.5635188+05:30","5","Process terminated:
RuleName: -
UtcTime: 2026-04-21 00:15:46.563
ProcessGuid: {a65b9ff6-c16c-69e6-5a03-000000001b00}
ProcessId: 25684
Image: C:\Windows\System32\RuntimeBroker.exe
User: LAPTOP-I8K1DAMV\rohin"
"2026-04-21T05:45:45.2986122+05:30","5","Process terminated:
RuleName: -
UtcTime: 2026-04-21 00:15:45.297
ProcessGuid: {a65b9ff6-c1ac-69e6-7603-000000001b00}
ProcessId: 22676
Image: C:\Windows\System32\dllhost.exe
User: LAPTOP-I8K1DAMV\rohin"
"2026-04-21T05:45:42.1353360+05:30","5","Process terminated:
RuleName: -
UtcTime: 2026-04-21 00:15:42.135
ProcessGuid: {a65b9ff6-c16c-69e6-5503-000000001b00}
ProcessId: 9704
Image: C:\Windows\System32\backgroundTaskHost.exe
User: LAPTOP-I8K1DAMV\rohin"
"2026-04-21T05:45:40.8444904+05:30","5","Process terminated:
RuleName: -
UtcTime: 2026-04-21 00:15:40.844
ProcessGuid: {a65b9ff6-c16d-69e6-6003-000000001b00}
ProcessId: 24116
Image: C:\Windows\System32\oobe\UserOOBEBroker.exe
User: LAPTOP-I8K1DAMV\rohin"
"2026-04-21T05:45:40.8283265+05:30","5","Process terminated:
RuleName: -
UtcTime: 2026-04-21 00:15:40.825
ProcessGuid: {a65b9ff6-c16c-69e6-5d03-000000001b00}
ProcessId: 10100
Image: C:\Windows\System32\backgroundTaskHost.exe
User: LAPTOP-I8K1DAMV\rohin"
"2026-04-21T05:45:39.6212426+05:30","5","Process terminated:
RuleName: -
UtcTime: 2026-04-21 00:15:39.621
ProcessGuid: {a65b9ff6-c1a9-69e6-7503-000000001b00}
ProcessId: 23200
Image: C:\Windows\System32\taskhostw.exe
User: NT AUTHORITY\SYSTEM"
"2026-04-21T05:45:37.7193558+05:30","5","Process terminated:
RuleName: -
UtcTime: 2026-04-21 00:15:37.715
ProcessGuid: {a65b9ff6-c16c-69e6-5903-000000001b00}
ProcessId: 23324
Image: C:\Windows\System32\backgroundTaskHost.exe
User: LAPTOP-I8K1DAMV\rohin"
"2026-04-21T05:45:37.7192885+05:30","5","Process terminated:
RuleName: -
UtcTime: 2026-04-21 00:15:37.715
ProcessGuid: {a65b9ff6-c16c-69e6-5c03-000000001b00}
ProcessId: 21440
Image: C:\Windows\System32\backgroundTaskHost.exe
User: LAPTOP-I8K1DAMV\rohin"
"2026-04-21T05:45:36.7092183+05:30","5","Process terminated:
RuleName: -
UtcTime: 2026-04-21 00:15:36.708
ProcessGuid: {a65b9ff6-c16c-69e6-5b03-000000001b00}
ProcessId: 10476
Image: C:\Windows\System32\backgroundTaskHost.exe
User: LAPTOP-I8K1DAMV\rohin"
"2026-04-21T05:45:36.4442401+05:30","5","Process terminated:
RuleName: -
UtcTime: 2026-04-21 00:15:36.443
ProcessGuid: {a65b9ff6-c16c-69e6-5203-000000001b00}
ProcessId: 15192
Image: C:\Program Files\WindowsApps\Microsoft.WindowsStore_22603.1401.7.0_x64__8wekyb3d8bbwe\StoreDesktopExtension.exe
User: LAPTOP-I8K1DAMV\rohin"
"2026-04-21T05:45:34.3134233+05:30","5","Process terminated:
RuleName: -
UtcTime: 2026-04-21 00:15:34.313
ProcessGuid: {a65b9ff6-c169-69e6-4e03-000000001b00}
ProcessId: 3472
Image: C:\Windows\System32\svchost.exe
User: NT AUTHORITY\SYSTEM"
"2026-04-21T05:45:21.6775502+05:30","5","Process terminated:
RuleName: -
UtcTime: 2026-04-21 00:15:21.677
ProcessGuid: {a65b9ff6-c104-69e6-ab02-000000001b00}
ProcessId: 24104
Image: C:\Windows\System32\svchost.exe
User: NT AUTHORITY\SYSTEM"
"2026-04-21T05:45:20.9715542+05:30","5","Process terminated:
RuleName: -
UtcTime: 2026-04-21 00:15:20.971
ProcessGuid: {a65b9ff6-c197-69e6-7403-000000001b00}
ProcessId: 6768
Image: C:\Windows\System32\taskhostw.exe
User: NT AUTHORITY\SYSTEM"
"2026-04-21T05:45:18.6230585+05:30","5","Process terminated:
RuleName: -
UtcTime: 2026-04-21 00:15:18.622
ProcessGuid: {a65b9ff6-c105-69e6-b002-000000001b00}
ProcessId: 24516
Image: C:\Windows\System32\RuntimeBroker.exe
User: LAPTOP-I8K1DAMV\rohin"
"2026-04-21T05:45:16.5433805+05:30","5","Process terminated:
RuleName: -
UtcTime: 2026-04-21 00:15:16.542
ProcessGuid: {a65b9ff6-c16c-69e6-5803-000000001b00}
ProcessId: 22132
Image: C:\Program Files\WindowsApps\microsoft.windowscommunicationsapps_16005.14326.22342.0_x64__8wekyb3d8bbwe\HxTsr.exe
User: LAPTOP-I8K1DAMV\rohin"
"2026-04-21T05:45:12.1661191+05:30","5","Process terminated:
RuleName: -
UtcTime: 2026-04-21 00:15:12.165
ProcessGuid: {a65b9ff6-c18e-69e6-7303-000000001b00}
ProcessId: 6908
Image: C:\Program Files\McAfee\MQS\QcShm.exe
User: NT AUTHORITY\SYSTEM"
"2026-04-21T05:45:09.8736278+05:30","5","Process terminated:
RuleName: -
UtcTime: 2026-04-21 00:15:09.873
ProcessGuid: {a65b9ff6-c0d5-69e6-f301-000000001b00}
ProcessId: 22392
Image: C:\Windows\System32\wbem\WmiPrvSE.exe
User: NT AUTHORITY\NETWORK SERVICE"
"2026-04-21T05:45:05.6784045+05:30","5","Process terminated:
RuleName: -
UtcTime: 2026-04-21 00:15:05.677
ProcessGuid: {a65b9ff6-c16b-69e6-5103-000000001b00}
ProcessId: 16920
Image: C:\Windows\System32\sppsvc.exe
User: NT AUTHORITY\NETWORK SERVICE"
"2026-04-21T05:45:01.2018299+05:30","5","Process terminated:
RuleName: -
UtcTime: 2026-04-21 00:15:01.201
ProcessGuid: {a65b9ff6-c15c-69e6-3c03-000000001b00}
ProcessId: 13492
Image: C:\Windows\System32\RuntimeBroker.exe
User: LAPTOP-I8K1DAMV\rohin"
"2026-04-21T05:44:54.0523591+05:30","5","Process terminated:
RuleName: -
UtcTime: 2026-04-21 00:14:54.051
ProcessGuid: {a65b9ff6-c07c-69e6-4100-000000001b00}
ProcessId: 4060
Image: C:\Windows\servicing\TrustedInstaller.exe
User: NT AUTHORITY\SYSTEM"
"2026-04-21T05:44:54.0223611+05:30","5","Process terminated:
RuleName: -
UtcTime: 2026-04-21 00:14:54.019
ProcessGuid: {a65b9ff6-c08a-69e6-d200-000000001b00}
ProcessId: 11176
Image: C:\Windows\WinSxS\amd64_microsoft-windows-servicingstack_31bf3856ad364e35_10.0.26100.8035_none_a54f1c79772e807e\TiWorker.exe
User: NT AUTHORITY\SYSTEM"
"2026-04-21T05:44:46.2580322+05:30","5","Process terminated:
RuleName: -
UtcTime: 2026-04-21 00:14:46.257
ProcessGuid: {a65b9ff6-c171-69e6-6f03-000000001b00}
ProcessId: 13744
Image: C:\Windows\System32\svchost.exe
User: LAPTOP-I8K1DAMV\rohin"
"2026-04-21T05:44:39.2285635+05:30","5","Process terminated:
RuleName: -
UtcTime: 2026-04-21 00:14:39.227
ProcessGuid: {a65b9ff6-c16e-69e6-6703-000000001b00}
ProcessId: 15288
Image: C:\Program Files\Docker\Docker\resources\bin\docker-credential-desktop.exe
User: LAPTOP-I8K1DAMV\rohin"
"2026-04-21T05:44:39.2275830+05:30","5","Process terminated:
RuleName: -
UtcTime: 2026-04-21 00:14:39.227
ProcessGuid: {a65b9ff6-c16e-69e6-6803-000000001b00}
ProcessId: 1804
Image: C:\Program Files\Docker\Docker\resources\bin\docker-credential-desktop.exe
User: LAPTOP-I8K1DAMV\rohin"
"2026-04-21T05:44:39.2261060+05:30","5","Process terminated:
RuleName: -
UtcTime: 2026-04-21 00:14:39.225
ProcessGuid: {a65b9ff6-c16e-69e6-6603-000000001b00}
ProcessId: 2776
Image: C:\Program Files\Docker\Docker\resources\bin\docker-credential-desktop.exe
User: LAPTOP-I8K1DAMV\rohin"
"2026-04-21T05:44:39.2258333+05:30","5","Process terminated:
RuleName: -
UtcTime: 2026-04-21 00:14:39.225
ProcessGuid: {a65b9ff6-c16e-69e6-6903-000000001b00}
ProcessId: 26900
Image: C:\Program Files\Docker\Docker\resources\bin\docker-credential-desktop.exe
User: LAPTOP-I8K1DAMV\rohin"
"2026-04-21T05:44:39.2235733+05:30","5","Process terminated:
RuleName: -
UtcTime: 2026-04-21 00:14:39.222
ProcessGuid: {a65b9ff6-c16f-69e6-6d03-000000001b00}
ProcessId: 8052
Image: C:\Program Files\Docker\Docker\resources\bin\docker-credential-wincred.exe
User: LAPTOP-I8K1DAMV\rohin"
"2026-04-21T05:44:39.2228120+05:30","5","Process terminated:
RuleName: -
UtcTime: 2026-04-21 00:14:39.222
ProcessGuid: {a65b9ff6-c16f-69e6-6a03-000000001b00}
ProcessId: 10468
Image: C:\Program Files\Docker\Docker\resources\bin\docker-credential-wincred.exe
User: LAPTOP-I8K1DAMV\rohin"
"2026-04-21T05:44:39.2213302+05:30","5","Process terminated:
RuleName: -
UtcTime: 2026-04-21 00:14:39.220
ProcessGuid: {a65b9ff6-c16f-69e6-6c03-000000001b00}
ProcessId: 7976
Image: C:\Program Files\Docker\Docker\resources\bin\docker-credential-wincred.exe
User: LAPTOP-I8K1DAMV\rohin"
"2026-04-21T05:44:39.2211411+05:30","5","Process terminated:
RuleName: -
UtcTime: 2026-04-21 00:14:39.220
ProcessGuid: {a65b9ff6-c16f-69e6-6b03-000000001b00}
ProcessId: 24964
Image: C:\Program Files\Docker\Docker\resources\bin\docker-credential-wincred.exe
User: LAPTOP-I8K1DAMV\rohin"
"2026-04-21T05:44:38.8517803+05:30","5","Process terminated:
RuleName: -
UtcTime: 2026-04-21 00:14:38.851
ProcessGuid: {a65b9ff6-c16d-69e6-5f03-000000001b00}
ProcessId: 23716
Image: C:\Program Files\Common Files\McAfee\Platform\Core\mchost.exe
User: NT AUTHORITY\SYSTEM"
"2026-04-21T05:44:38.1724222+05:30","5","Process terminated:
RuleName: -
UtcTime: 2026-04-21 00:14:38.171
ProcessGuid: {a65b9ff6-c16e-69e6-6303-000000001b00}
ProcessId: 26104
Image: C:\Windows\System32\conhost.exe
User: LAPTOP-I8K1DAMV\rohin"
"2026-04-21T05:44:38.1702190+05:30","5","Process terminated:
RuleName: -
UtcTime: 2026-04-21 00:14:38.169
ProcessGuid: {a65b9ff6-c16e-69e6-6203-000000001b00}
ProcessId: 12316
Image: C:\Program Files\Git\cmd\git.exe
User: LAPTOP-I8K1DAMV\rohin"
"2026-04-21T05:44:38.1665064+05:30","5","Process terminated:
RuleName: -
UtcTime: 2026-04-21 00:14:38.166
ProcessGuid: {a65b9ff6-c16e-69e6-6403-000000001b00}
ProcessId: 6808
Image: C:\Program Files\Git\mingw64\bin\git.exe
User: LAPTOP-I8K1DAMV\rohin"
"2026-04-21T05:44:37.5167387+05:30","5","Process terminated:
RuleName: -
UtcTime: 2026-04-21 00:14:37.516
ProcessGuid: {a65b9ff6-c16a-69e6-5003-000000001b00}
ProcessId: 26276
Image: C:\Windows\System32\taskhostw.exe
User: NT AUTHORITY\SYSTEM"
"2026-04-21T05:44:37.4092639+05:30","5","Process terminated:
RuleName: -
UtcTime: 2026-04-21 00:14:37.407
ProcessGuid: {a65b9ff6-c168-69e6-4c03-000000001b00}
ProcessId: 17228
Image: C:\Windows\System32\dllhost.exe
User: LAPTOP-I8K1DAMV\rohin"
"2026-04-21T05:44:34.0579907+05:30","5","Process terminated:
RuleName: -
UtcTime: 2026-04-21 00:14:34.054
ProcessGuid: {a65b9ff6-c169-69e6-4f03-000000001b00}
ProcessId: 24560
Image: C:\Windows\System32\backgroundTaskHost.exe
User: LAPTOP-I8K1DAMV\rohin"
"2026-04-21T05:44:30.2025238+05:30","5","Process terminated:
RuleName: -
UtcTime: 2026-04-21 00:14:30.189
ProcessGuid: {a65b9ff6-c166-69e6-4a03-000000001b00}
ProcessId: 24128
Image: C:\Windows\System32\conhost.exe
User: LAPTOP-I8K1DAMV\rohin"
"2026-04-21T05:44:30.2007816+05:30","5","Process terminated:
RuleName: -
UtcTime: 2026-04-21 00:14:30.189
ProcessGuid: {a65b9ff6-c166-69e6-4903-000000001b00}
ProcessId: 22040
Image: C:\Program Files\Git\cmd\git.exe
User: LAPTOP-I8K1DAMV\rohin"
"2026-04-21T05:44:30.1980842+05:30","5","Process terminated:
RuleName: -
UtcTime: 2026-04-21 00:14:30.189
ProcessGuid: {a65b9ff6-c166-69e6-4b03-000000001b00}
ProcessId: 17312
Image: C:\Program Files\Git\mingw64\bin\git.exe
User: LAPTOP-I8K1DAMV\rohin"
"2026-04-21T05:44:27.0035409+05:30","5","Process terminated:
RuleName: -
UtcTime: 2026-04-21 00:14:27.003
ProcessGuid: {a65b9ff6-c162-69e6-4703-000000001b00}
ProcessId: 15200
Image: C:\Windows\System32\conhost.exe
User: LAPTOP-I8K1DAMV\rohin"
"2026-04-21T05:44:27.0020626+05:30","5","Process terminated:
RuleName: -
UtcTime: 2026-04-21 00:14:27.001
ProcessGuid: {a65b9ff6-c162-69e6-4603-000000001b00}
ProcessId: 22384
Image: C:\Program Files\Git\cmd\git.exe
User: LAPTOP-I8K1DAMV\rohin"
"2026-04-21T05:44:26.9989096+05:30","5","Process terminated:
RuleName: -
UtcTime: 2026-04-21 00:14:26.998
ProcessGuid: {a65b9ff6-c162-69e6-4803-000000001b00}
ProcessId: 23308
Image: C:\Program Files\Git\mingw64\bin\git.exe
User: LAPTOP-I8K1DAMV\rohin"
"2026-04-21T05:44:26.1805342+05:30","5","Process terminated:
RuleName: -
UtcTime: 2026-04-21 00:14:26.178
ProcessGuid: {a65b9ff6-c162-69e6-4403-000000001b00}
ProcessId: 26124
Image: C:\Windows\System32\conhost.exe
User: LAPTOP-I8K1DAMV\rohin"
"2026-04-21T05:44:26.1790746+05:30","5","Process terminated:
RuleName: -
UtcTime: 2026-04-21 00:14:26.178
ProcessGuid: {a65b9ff6-c162-69e6-4303-000000001b00}
ProcessId: 22108
Image: C:\Program Files\Git\cmd\git.exe
User: LAPTOP-I8K1DAMV\rohin"
"2026-04-21T05:44:26.1764978+05:30","5","Process terminated:
RuleName: -
UtcTime: 2026-04-21 00:14:26.167
ProcessGuid: {a65b9ff6-c162-69e6-4503-000000001b00}
ProcessId: 24224
Image: C:\Program Files\Git\mingw64\bin\git.exe
User: LAPTOP-I8K1DAMV\rohin"
"2026-04-21T05:44:25.9238095+05:30","5","Process terminated:
RuleName: -
UtcTime: 2026-04-21 00:14:25.923
ProcessGuid: {a65b9ff6-c161-69e6-4103-000000001b00}
ProcessId: 14948
Image: C:\Windows\System32\conhost.exe
User: LAPTOP-I8K1DAMV\rohin"
"2026-04-21T05:44:25.9216409+05:30","5","Process terminated:
RuleName: -
UtcTime: 2026-04-21 00:14:25.921
ProcessGuid: {a65b9ff6-c161-69e6-4003-000000001b00}
ProcessId: 21652
Image: C:\Program Files\Git\cmd\git.exe
User: LAPTOP-I8K1DAMV\rohin"
"2026-04-21T05:44:25.9187259+05:30","5","Process terminated:
RuleName: -
UtcTime: 2026-04-21 00:14:25.918
ProcessGuid: {a65b9ff6-c161-69e6-4203-000000001b00}
ProcessId: 13344
Image: C:\Program Files\Git\mingw64\bin\git.exe
User: LAPTOP-I8K1DAMV\rohin"
"2026-04-21T05:44:25.8160316+05:30","5","Process terminated:
RuleName: -
UtcTime: 2026-04-21 00:14:25.815
ProcessGuid: {a65b9ff6-c161-69e6-3e03-000000001b00}
ProcessId: 27468
Image: C:\Windows\System32\conhost.exe
User: LAPTOP-I8K1DAMV\rohin"
"2026-04-21T05:44:25.8141180+05:30","5","Process terminated:
RuleName: -
UtcTime: 2026-04-21 00:14:25.814
ProcessGuid: {a65b9ff6-c161-69e6-3d03-000000001b00}
ProcessId: 26164
Image: C:\Program Files\Git\cmd\git.exe
User: LAPTOP-I8K1DAMV\rohin"
