"2026-04-21T06:40:07.2568766+05:30","5","Process terminated:
RuleName: -
UtcTime: 2026-04-21 01:10:07.253
ProcessGuid: {a65b9ff6-ce6f-69e6-190a-000000001b00}
ProcessId: 19496
Image: C:\Users\rohin\AppData\Local\Programs\Microsoft VS Code\560a9dba96\resources\app\node_modules\@vscode\ripgrep\bin\rg.exe
User: LAPTOP-I8K1DAMV\rohin"
"2026-04-21T06:40:07.1279486+05:30","5","Process terminated:
RuleName: -
UtcTime: 2026-04-21 01:10:07.117
ProcessGuid: {a65b9ff6-cdf5-69e6-da09-000000001b00}
ProcessId: 6064
Image: C:\Windows\System32\wbem\WmiPrvSE.exe
User: NT AUTHORITY\LOCAL SERVICE"
"2026-04-21T06:40:02.3091855+05:30","5","Process terminated:
RuleName: -
UtcTime: 2026-04-21 01:10:02.308
ProcessGuid: {a65b9ff6-ce6a-69e6-180a-000000001b00}
ProcessId: 22756
Image: C:\Windows\System32\conhost.exe
User: LAPTOP-I8K1DAMV\rohin"
"2026-04-21T06:40:02.3071954+05:30","5","Process terminated:
RuleName: -
UtcTime: 2026-04-21 01:10:02.306
ProcessGuid: {a65b9ff6-ce6a-69e6-170a-000000001b00}
ProcessId: 21540
Image: C:\Users\rohin\AppData\Local\Programs\Microsoft VS Code\560a9dba96\resources\app\node_modules\@vscode\ripgrep\bin\rg.exe
User: LAPTOP-I8K1DAMV\rohin"
"2026-04-21T06:39:38.2194232+05:30","5","Process terminated:
RuleName: -
UtcTime: 2026-04-21 01:09:38.218
ProcessGuid: {a65b9ff6-cdf5-69e6-db09-000000001b00}
ProcessId: 10432
Image: C:\Windows\System32\svchost.exe
User: NT AUTHORITY\SYSTEM"
"2026-04-21T06:39:25.3025678+05:30","5","Process terminated:
RuleName: -
UtcTime: 2026-04-21 01:09:25.302
ProcessGuid: {a65b9ff6-ce1d-69e6-0b0a-000000001b00}
ProcessId: 26012
Image: C:\Windows\System32\RuntimeBroker.exe
User: LAPTOP-I8K1DAMV\rohin"
"2026-04-21T06:39:20.8090899+05:30","5","Process terminated:
RuleName: -
UtcTime: 2026-04-21 01:09:20.808
ProcessGuid: {a65b9ff6-ce40-69e6-130a-000000001b00}
ProcessId: 13156
Image: C:\Windows\System32\conhost.exe
User: LAPTOP-I8K1DAMV\rohin"
"2026-04-21T06:39:20.8071842+05:30","5","Process terminated:
RuleName: -
UtcTime: 2026-04-21 01:09:20.806
ProcessGuid: {a65b9ff6-ce40-69e6-120a-000000001b00}
ProcessId: 18448
Image: C:\Program Files\Git\cmd\git.exe
User: LAPTOP-I8K1DAMV\rohin"
"2026-04-21T06:39:20.8038428+05:30","5","Process terminated:
RuleName: -
UtcTime: 2026-04-21 01:09:20.803
ProcessGuid: {a65b9ff6-ce40-69e6-140a-000000001b00}
ProcessId: 18728
Image: C:\Program Files\Git\mingw64\bin\git.exe
User: LAPTOP-I8K1DAMV\rohin"
"2026-04-21T06:39:19.5042890+05:30","5","Process terminated:
RuleName: -
UtcTime: 2026-04-21 01:09:19.503
ProcessGuid: {a65b9ff6-cd43-69e6-9709-000000001b00}
ProcessId: 11012
Image: C:\Program Files\Google\Chrome\Application\chrome.exe
User: LAPTOP-I8K1DAMV\rohin"
"2026-04-21T06:39:02.8166703+05:30","5","Process terminated:
RuleName: -
UtcTime: 2026-04-21 01:09:02.816
ProcessGuid: {a65b9ff6-ce2e-69e6-100a-000000001b00}
ProcessId: 15016
Image: C:\Windows\System32\conhost.exe
User: LAPTOP-I8K1DAMV\rohin"
"2026-04-21T06:39:02.8138008+05:30","5","Process terminated:
RuleName: -
UtcTime: 2026-04-21 01:09:02.813
ProcessGuid: {a65b9ff6-ce2e-69e6-0f0a-000000001b00}
ProcessId: 25764
Image: C:\Program Files\Git\cmd\git.exe
User: LAPTOP-I8K1DAMV\rohin"
"2026-04-21T06:39:02.8102728+05:30","5","Process terminated:
RuleName: -
UtcTime: 2026-04-21 01:09:02.810
ProcessGuid: {a65b9ff6-ce2e-69e6-110a-000000001b00}
ProcessId: 18080
Image: C:\Program Files\Git\mingw64\bin\git.exe
User: LAPTOP-I8K1DAMV\rohin"
"2026-04-21T06:38:58.3042448+05:30","5","Process terminated:
RuleName: -
UtcTime: 2026-04-21 01:08:58.303
ProcessGuid: {a65b9ff6-ce2a-69e6-0d0a-000000001b00}
ProcessId: 19196
Image: C:\Windows\System32\conhost.exe
User: LAPTOP-I8K1DAMV\rohin"
"2026-04-21T06:38:58.3021386+05:30","5","Process terminated:
RuleName: -
UtcTime: 2026-04-21 01:08:58.301
ProcessGuid: {a65b9ff6-ce2a-69e6-0c0a-000000001b00}
ProcessId: 21832
Image: C:\Program Files\Git\cmd\git.exe
User: LAPTOP-I8K1DAMV\rohin"
"2026-04-21T06:38:58.2983378+05:30","5","Process terminated:
RuleName: -
UtcTime: 2026-04-21 01:08:58.297
ProcessGuid: {a65b9ff6-ce2a-69e6-0e0a-000000001b00}
ProcessId: 12924
Image: C:\Program Files\Git\mingw64\bin\git.exe
User: LAPTOP-I8K1DAMV\rohin"
"2026-04-21T06:38:45.2951796+05:30","5","Process terminated:
RuleName: -
UtcTime: 2026-04-21 01:08:45.295
ProcessGuid: {a65b9ff6-ce1c-69e6-0a0a-000000001b00}
ProcessId: 17668
Image: C:\Program Files\Adobe\Acrobat DC\Acrobat\RDCNotificationClient\FullTrustNotifier.exe
User: LAPTOP-I8K1DAMV\rohin"
"2026-04-21T06:38:39.5095628+05:30","5","Process terminated:
RuleName: -
UtcTime: 2026-04-21 01:08:39.504
ProcessGuid: {a65b9ff6-cdff-69e6-dc09-000000001b00}
ProcessId: 10380
Image: D:\BTP\Log-Anamoly-Detection\.venv\Scripts\python.exe
User: LAPTOP-I8K1DAMV\rohin"
"2026-04-21T06:38:39.5052282+05:30","5","Process terminated:
RuleName: -
UtcTime: 2026-04-21 01:08:39.504
ProcessGuid: {a65b9ff6-cdff-69e6-dd09-000000001b00}
ProcessId: 19040
Image: C:\Users\rohin\AppData\Local\Programs\Python\Python314\python.exe
User: LAPTOP-I8K1DAMV\rohin"
"2026-04-21T06:38:39.4580529+05:30","11","File created:
RuleName: -
UtcTime: 2026-04-21 01:08:39.457
ProcessGuid: {a65b9ff6-cdff-69e6-dd09-000000001b00}
ProcessId: 19040
Image: C:\Users\rohin\AppData\Local\Programs\Python\Python314\python.exe
TargetFilename: D:\BTP\Log-Anamoly-Detection\attack_files\attack_file_029.txt
CreationUtcTime: 2026-04-20 23:20:30.906
User: LAPTOP-I8K1DAMV\rohin"
"2026-04-21T06:38:39.4265591+05:30","11","File created:
RuleName: -
UtcTime: 2026-04-21 01:08:39.425
ProcessGuid: {a65b9ff6-cdff-69e6-dd09-000000001b00}
ProcessId: 19040
Image: C:\Users\rohin\AppData\Local\Programs\Python\Python314\python.exe
TargetFilename: D:\BTP\Log-Anamoly-Detection\attack_files\attack_file_028.txt
CreationUtcTime: 2026-04-20 23:20:30.897
User: LAPTOP-I8K1DAMV\rohin"
"2026-04-21T06:38:39.3953126+05:30","11","File created:
RuleName: -
UtcTime: 2026-04-21 01:08:39.394
ProcessGuid: {a65b9ff6-cdff-69e6-dd09-000000001b00}
ProcessId: 19040
Image: C:\Users\rohin\AppData\Local\Programs\Python\Python314\python.exe
TargetFilename: D:\BTP\Log-Anamoly-Detection\attack_files\attack_file_027.txt
CreationUtcTime: 2026-04-20 23:20:30.896
User: LAPTOP-I8K1DAMV\rohin"
"2026-04-21T06:38:39.3636781+05:30","11","File created:
RuleName: -
UtcTime: 2026-04-21 01:08:39.362
ProcessGuid: {a65b9ff6-cdff-69e6-dd09-000000001b00}
ProcessId: 19040
Image: C:\Users\rohin\AppData\Local\Programs\Python\Python314\python.exe
TargetFilename: D:\BTP\Log-Anamoly-Detection\attack_files\attack_file_026.txt
CreationUtcTime: 2026-04-20 23:20:30.890
User: LAPTOP-I8K1DAMV\rohin"
"2026-04-21T06:38:39.3324239+05:30","11","File created:
RuleName: -
UtcTime: 2026-04-21 01:08:39.331
ProcessGuid: {a65b9ff6-cdff-69e6-dd09-000000001b00}
ProcessId: 19040
Image: C:\Users\rohin\AppData\Local\Programs\Python\Python314\python.exe
TargetFilename: D:\BTP\Log-Anamoly-Detection\attack_files\attack_file_025.txt
CreationUtcTime: 2026-04-20 23:20:30.883
User: LAPTOP-I8K1DAMV\rohin"
"2026-04-21T06:38:39.3004907+05:30","11","File created:
RuleName: -
UtcTime: 2026-04-21 01:08:39.299
ProcessGuid: {a65b9ff6-cdff-69e6-dd09-000000001b00}
ProcessId: 19040
Image: C:\Users\rohin\AppData\Local\Programs\Python\Python314\python.exe
TargetFilename: D:\BTP\Log-Anamoly-Detection\attack_files\attack_file_024.txt
CreationUtcTime: 2026-04-20 23:20:30.879
User: LAPTOP-I8K1DAMV\rohin"
"2026-04-21T06:38:39.2691809+05:30","11","File created:
RuleName: -
UtcTime: 2026-04-21 01:08:39.268
ProcessGuid: {a65b9ff6-cdff-69e6-dd09-000000001b00}
ProcessId: 19040
Image: C:\Users\rohin\AppData\Local\Programs\Python\Python314\python.exe
TargetFilename: D:\BTP\Log-Anamoly-Detection\attack_files\attack_file_023.txt
CreationUtcTime: 2026-04-20 23:20:30.873
User: LAPTOP-I8K1DAMV\rohin"
"2026-04-21T06:38:39.2376703+05:30","11","File created:
RuleName: -
UtcTime: 2026-04-21 01:08:39.236
ProcessGuid: {a65b9ff6-cdff-69e6-dd09-000000001b00}
ProcessId: 19040
Image: C:\Users\rohin\AppData\Local\Programs\Python\Python314\python.exe
TargetFilename: D:\BTP\Log-Anamoly-Detection\attack_files\attack_file_022.txt
CreationUtcTime: 2026-04-20 23:20:30.868
User: LAPTOP-I8K1DAMV\rohin"
"2026-04-21T06:38:39.2057033+05:30","11","File created:
RuleName: -
UtcTime: 2026-04-21 01:08:39.204
ProcessGuid: {a65b9ff6-cdff-69e6-dd09-000000001b00}
ProcessId: 19040
Image: C:\Users\rohin\AppData\Local\Programs\Python\Python314\python.exe
TargetFilename: D:\BTP\Log-Anamoly-Detection\attack_files\attack_file_021.txt
CreationUtcTime: 2026-04-20 23:20:30.865
User: LAPTOP-I8K1DAMV\rohin"
"2026-04-21T06:38:39.1742967+05:30","11","File created:
RuleName: -
UtcTime: 2026-04-21 01:08:39.173
ProcessGuid: {a65b9ff6-cdff-69e6-dd09-000000001b00}
ProcessId: 19040
Image: C:\Users\rohin\AppData\Local\Programs\Python\Python314\python.exe
TargetFilename: D:\BTP\Log-Anamoly-Detection\attack_files\attack_file_020.txt
CreationUtcTime: 2026-04-20 23:20:30.859
User: LAPTOP-I8K1DAMV\rohin"
"2026-04-21T06:38:39.1427895+05:30","11","File created:
RuleName: -
UtcTime: 2026-04-21 01:08:39.141
ProcessGuid: {a65b9ff6-cdff-69e6-dd09-000000001b00}
ProcessId: 19040
Image: C:\Users\rohin\AppData\Local\Programs\Python\Python314\python.exe
TargetFilename: D:\BTP\Log-Anamoly-Detection\attack_files\attack_file_019.txt
CreationUtcTime: 2026-04-20 23:20:30.853
User: LAPTOP-I8K1DAMV\rohin"
"2026-04-21T06:38:39.1104907+05:30","11","File created:
RuleName: -
UtcTime: 2026-04-21 01:08:39.109
ProcessGuid: {a65b9ff6-cdff-69e6-dd09-000000001b00}
ProcessId: 19040
Image: C:\Users\rohin\AppData\Local\Programs\Python\Python314\python.exe
TargetFilename: D:\BTP\Log-Anamoly-Detection\attack_files\attack_file_018.txt
CreationUtcTime: 2026-04-20 23:20:30.849
User: LAPTOP-I8K1DAMV\rohin"
"2026-04-21T06:38:39.0782827+05:30","11","File created:
RuleName: -
UtcTime: 2026-04-21 01:08:39.076
ProcessGuid: {a65b9ff6-cdff-69e6-dd09-000000001b00}
ProcessId: 19040
Image: C:\Users\rohin\AppData\Local\Programs\Python\Python314\python.exe
TargetFilename: D:\BTP\Log-Anamoly-Detection\attack_files\attack_file_017.txt
CreationUtcTime: 2026-04-20 23:20:30.844
User: LAPTOP-I8K1DAMV\rohin"
"2026-04-21T06:38:39.0458729+05:30","11","File created:
RuleName: -
UtcTime: 2026-04-21 01:08:39.045
ProcessGuid: {a65b9ff6-cdff-69e6-dd09-000000001b00}
ProcessId: 19040
Image: C:\Users\rohin\AppData\Local\Programs\Python\Python314\python.exe
TargetFilename: D:\BTP\Log-Anamoly-Detection\attack_files\attack_file_016.txt
CreationUtcTime: 2026-04-20 23:20:30.840
User: LAPTOP-I8K1DAMV\rohin"
"2026-04-21T06:38:39.0137967+05:30","11","File created:
RuleName: -
UtcTime: 2026-04-21 01:08:39.012
ProcessGuid: {a65b9ff6-cdff-69e6-dd09-000000001b00}
ProcessId: 19040
Image: C:\Users\rohin\AppData\Local\Programs\Python\Python314\python.exe
TargetFilename: D:\BTP\Log-Anamoly-Detection\attack_files\attack_file_015.txt
CreationUtcTime: 2026-04-20 23:20:30.834
User: LAPTOP-I8K1DAMV\rohin"
"2026-04-21T06:38:38.9817219+05:30","11","File created:
RuleName: -
UtcTime: 2026-04-21 01:08:38.980
ProcessGuid: {a65b9ff6-cdff-69e6-dd09-000000001b00}
ProcessId: 19040
Image: C:\Users\rohin\AppData\Local\Programs\Python\Python314\python.exe
TargetFilename: D:\BTP\Log-Anamoly-Detection\attack_files\attack_file_014.txt
CreationUtcTime: 2026-04-20 23:20:30.827
User: LAPTOP-I8K1DAMV\rohin"
"2026-04-21T06:38:38.9500527+05:30","11","File created:
RuleName: -
UtcTime: 2026-04-21 01:08:38.948
ProcessGuid: {a65b9ff6-cdff-69e6-dd09-000000001b00}
ProcessId: 19040
Image: C:\Users\rohin\AppData\Local\Programs\Python\Python314\python.exe
TargetFilename: D:\BTP\Log-Anamoly-Detection\attack_files\attack_file_013.txt
CreationUtcTime: 2026-04-20 23:20:30.818
User: LAPTOP-I8K1DAMV\rohin"
"2026-04-21T06:38:38.9183259+05:30","11","File created:
RuleName: -
UtcTime: 2026-04-21 01:08:38.918
ProcessGuid: {a65b9ff6-cdff-69e6-dd09-000000001b00}
ProcessId: 19040
Image: C:\Users\rohin\AppData\Local\Programs\Python\Python314\python.exe
TargetFilename: D:\BTP\Log-Anamoly-Detection\attack_files\attack_file_012.txt
CreationUtcTime: 2026-04-20 23:20:30.802
User: LAPTOP-I8K1DAMV\rohin"
"2026-04-21T06:38:38.8862938+05:30","11","File created:
RuleName: -
UtcTime: 2026-04-21 01:08:38.885
ProcessGuid: {a65b9ff6-cdff-69e6-dd09-000000001b00}
ProcessId: 19040
Image: C:\Users\rohin\AppData\Local\Programs\Python\Python314\python.exe
TargetFilename: D:\BTP\Log-Anamoly-Detection\attack_files\attack_file_011.txt
CreationUtcTime: 2026-04-20 23:20:30.802
User: LAPTOP-I8K1DAMV\rohin"
"2026-04-21T06:38:38.8544836+05:30","11","File created:
RuleName: -
UtcTime: 2026-04-21 01:08:38.853
ProcessGuid: {a65b9ff6-cdff-69e6-dd09-000000001b00}
ProcessId: 19040
Image: C:\Users\rohin\AppData\Local\Programs\Python\Python314\python.exe
TargetFilename: D:\BTP\Log-Anamoly-Detection\attack_files\attack_file_010.txt
CreationUtcTime: 2026-04-20 23:20:30.802
User: LAPTOP-I8K1DAMV\rohin"
"2026-04-21T06:38:38.8223179+05:30","11","File created:
RuleName: -
UtcTime: 2026-04-21 01:08:38.821
ProcessGuid: {a65b9ff6-cdff-69e6-dd09-000000001b00}
ProcessId: 19040
Image: C:\Users\rohin\AppData\Local\Programs\Python\Python314\python.exe
TargetFilename: D:\BTP\Log-Anamoly-Detection\attack_files\attack_file_009.txt
CreationUtcTime: 2026-04-20 23:20:30.802
User: LAPTOP-I8K1DAMV\rohin"
"2026-04-21T06:38:38.7908771+05:30","11","File created:
RuleName: -
UtcTime: 2026-04-21 01:08:38.789
ProcessGuid: {a65b9ff6-cdff-69e6-dd09-000000001b00}
ProcessId: 19040
Image: C:\Users\rohin\AppData\Local\Programs\Python\Python314\python.exe
TargetFilename: D:\BTP\Log-Anamoly-Detection\attack_files\attack_file_008.txt
CreationUtcTime: 2026-04-20 23:20:30.786
User: LAPTOP-I8K1DAMV\rohin"
"2026-04-21T06:38:38.7594935+05:30","11","File created:
RuleName: -
UtcTime: 2026-04-21 01:08:38.758
ProcessGuid: {a65b9ff6-cdff-69e6-dd09-000000001b00}
ProcessId: 19040
Image: C:\Users\rohin\AppData\Local\Programs\Python\Python314\python.exe
TargetFilename: D:\BTP\Log-Anamoly-Detection\attack_files\attack_file_007.txt
CreationUtcTime: 2026-04-20 23:20:30.786
User: LAPTOP-I8K1DAMV\rohin"
"2026-04-21T06:38:38.7279332+05:30","11","File created:
RuleName: -
UtcTime: 2026-04-21 01:08:38.727
ProcessGuid: {a65b9ff6-cdff-69e6-dd09-000000001b00}
ProcessId: 19040
Image: C:\Users\rohin\AppData\Local\Programs\Python\Python314\python.exe
TargetFilename: D:\BTP\Log-Anamoly-Detection\attack_files\attack_file_006.txt
CreationUtcTime: 2026-04-20 23:20:30.786
User: LAPTOP-I8K1DAMV\rohin"
"2026-04-21T06:38:38.6961842+05:30","11","File created:
RuleName: -
UtcTime: 2026-04-21 01:08:38.695
ProcessGuid: {a65b9ff6-cdff-69e6-dd09-000000001b00}
ProcessId: 19040
Image: C:\Users\rohin\AppData\Local\Programs\Python\Python314\python.exe
TargetFilename: D:\BTP\Log-Anamoly-Detection\attack_files\attack_file_005.txt
CreationUtcTime: 2026-04-20 23:20:30.782
User: LAPTOP-I8K1DAMV\rohin"
"2026-04-21T06:38:38.6645568+05:30","11","File created:
RuleName: -
UtcTime: 2026-04-21 01:08:38.663
ProcessGuid: {a65b9ff6-cdff-69e6-dd09-000000001b00}
ProcessId: 19040
Image: C:\Users\rohin\AppData\Local\Programs\Python\Python314\python.exe
TargetFilename: D:\BTP\Log-Anamoly-Detection\attack_files\attack_file_004.txt
CreationUtcTime: 2026-04-20 23:20:30.778
User: LAPTOP-I8K1DAMV\rohin"
"2026-04-21T06:38:38.6330924+05:30","11","File created:
RuleName: -
UtcTime: 2026-04-21 01:08:38.632
ProcessGuid: {a65b9ff6-cdff-69e6-dd09-000000001b00}
ProcessId: 19040
Image: C:\Users\rohin\AppData\Local\Programs\Python\Python314\python.exe
TargetFilename: D:\BTP\Log-Anamoly-Detection\attack_files\attack_file_003.txt
CreationUtcTime: 2026-04-20 23:20:30.771
User: LAPTOP-I8K1DAMV\rohin"
"2026-04-21T06:38:38.5988331+05:30","11","File created:
RuleName: -
UtcTime: 2026-04-21 01:08:38.598
ProcessGuid: {a65b9ff6-cdff-69e6-dd09-000000001b00}
ProcessId: 19040
Image: C:\Users\rohin\AppData\Local\Programs\Python\Python314\python.exe
TargetFilename: D:\BTP\Log-Anamoly-Detection\attack_files\attack_file_002.txt
CreationUtcTime: 2026-04-20 23:20:30.767
User: LAPTOP-I8K1DAMV\rohin"
"2026-04-21T06:38:38.5664901+05:30","11","File created:
RuleName: -
UtcTime: 2026-04-21 01:08:38.564
ProcessGuid: {a65b9ff6-cdff-69e6-dd09-000000001b00}
ProcessId: 19040
Image: C:\Users\rohin\AppData\Local\Programs\Python\Python314\python.exe
TargetFilename: D:\BTP\Log-Anamoly-Detection\attack_files\attack_file_001.txt
CreationUtcTime: 2026-04-20 23:20:30.763
User: LAPTOP-I8K1DAMV\rohin"
"2026-04-21T06:38:38.5341918+05:30","11","File created:
RuleName: -
UtcTime: 2026-04-21 01:08:38.533
ProcessGuid: {a65b9ff6-cdff-69e6-dd09-000000001b00}
ProcessId: 19040
Image: C:\Users\rohin\AppData\Local\Programs\Python\Python314\python.exe
TargetFilename: D:\BTP\Log-Anamoly-Detection\attack_files\attack_file_000.txt
CreationUtcTime: 2026-04-20 23:20:30.758
User: LAPTOP-I8K1DAMV\rohin"
"2026-04-21T06:38:38.3204608+05:30","5","Process terminated:
RuleName: -
UtcTime: 2026-04-21 01:08:38.315
ProcessGuid: {a65b9ff6-ce15-69e6-090a-000000001b00}
ProcessId: 18832
Image: C:\Windows\System32\WindowsPowerShell\v1.0\powershell.exe
User: LAPTOP-I8K1DAMV\rohin"
"2026-04-21T06:38:37.6728544+05:30","5","Process terminated:
RuleName: -
UtcTime: 2026-04-21 01:08:37.667
ProcessGuid: {a65b9ff6-ce15-69e6-080a-000000001b00}
ProcessId: 10976
Image: C:\Windows\System32\WindowsPowerShell\v1.0\powershell.exe
User: LAPTOP-I8K1DAMV\rohin"
"2026-04-21T06:38:37.0101068+05:30","5","Process terminated:
RuleName: -
UtcTime: 2026-04-21 01:08:37.008
ProcessGuid: {a65b9ff6-ce14-69e6-070a-000000001b00}
ProcessId: 23436
Image: C:\Windows\System32\WindowsPowerShell\v1.0\powershell.exe
User: LAPTOP-I8K1DAMV\rohin"
"2026-04-21T06:38:36.3489361+05:30","5","Process terminated:
RuleName: -
UtcTime: 2026-04-21 01:08:36.339
ProcessGuid: {a65b9ff6-ce13-69e6-060a-000000001b00}
ProcessId: 2700
Image: C:\Windows\System32\WindowsPowerShell\v1.0\powershell.exe
User: LAPTOP-I8K1DAMV\rohin"
"2026-04-21T06:38:35.6933140+05:30","5","Process terminated:
RuleName: -
UtcTime: 2026-04-21 01:08:35.692
ProcessGuid: {a65b9ff6-ce13-69e6-050a-000000001b00}
ProcessId: 20004
Image: C:\Windows\System32\WindowsPowerShell\v1.0\powershell.exe
User: LAPTOP-I8K1DAMV\rohin"
"2026-04-21T06:38:35.0248001+05:30","5","Process terminated:
RuleName: -
UtcTime: 2026-04-21 01:08:35.024
ProcessGuid: {a65b9ff6-ce12-69e6-040a-000000001b00}
ProcessId: 22924
Image: C:\Windows\System32\WindowsPowerShell\v1.0\powershell.exe
User: LAPTOP-I8K1DAMV\rohin"
"2026-04-21T06:38:34.3769272+05:30","5","Process terminated:
RuleName: -
UtcTime: 2026-04-21 01:08:34.376
ProcessGuid: {a65b9ff6-ce11-69e6-030a-000000001b00}
ProcessId: 18872
Image: C:\Windows\System32\WindowsPowerShell\v1.0\powershell.exe
User: LAPTOP-I8K1DAMV\rohin"
"2026-04-21T06:38:33.7193134+05:30","5","Process terminated:
RuleName: -
UtcTime: 2026-04-21 01:08:33.718
ProcessGuid: {a65b9ff6-ce11-69e6-020a-000000001b00}
ProcessId: 21404
Image: C:\Windows\System32\WindowsPowerShell\v1.0\powershell.exe
User: LAPTOP-I8K1DAMV\rohin"
"2026-04-21T06:38:33.0580177+05:30","5","Process terminated:
RuleName: -
UtcTime: 2026-04-21 01:08:33.056
ProcessGuid: {a65b9ff6-ce10-69e6-010a-000000001b00}
ProcessId: 4272
Image: C:\Windows\System32\WindowsPowerShell\v1.0\powershell.exe
User: LAPTOP-I8K1DAMV\rohin"
"2026-04-21T06:38:32.3548561+05:30","5","Process terminated:
RuleName: -
UtcTime: 2026-04-21 01:08:32.351
ProcessGuid: {a65b9ff6-ce0f-69e6-000a-000000001b00}
ProcessId: 10364
Image: C:\Windows\System32\WindowsPowerShell\v1.0\powershell.exe
User: LAPTOP-I8K1DAMV\rohin"
"2026-04-21T06:38:31.5579149+05:30","5","Process terminated:
RuleName: -
UtcTime: 2026-04-21 01:08:31.557
ProcessGuid: {a65b9ff6-ce0f-69e6-ff09-000000001b00}
ProcessId: 23760
Image: C:\Windows\System32\WindowsPowerShell\v1.0\powershell.exe
User: LAPTOP-I8K1DAMV\rohin"
"2026-04-21T06:38:31.0792588+05:30","5","Process terminated:
RuleName: -
UtcTime: 2026-04-21 01:08:31.078
ProcessGuid: {a65b9ff6-ce0f-69e6-fd09-000000001b00}
ProcessId: 14552
Image: C:\Windows\System32\conhost.exe
User: LAPTOP-I8K1DAMV\rohin"
"2026-04-21T06:38:31.0773457+05:30","5","Process terminated:
RuleName: -
UtcTime: 2026-04-21 01:08:31.077
ProcessGuid: {a65b9ff6-ce0e-69e6-fc09-000000001b00}
ProcessId: 4836
Image: C:\Program Files\Git\cmd\git.exe
User: LAPTOP-I8K1DAMV\rohin"
"2026-04-21T06:38:31.0740425+05:30","5","Process terminated:
RuleName: -
UtcTime: 2026-04-21 01:08:31.073
ProcessGuid: {a65b9ff6-ce0f-69e6-fe09-000000001b00}
ProcessId: 4492
Image: C:\Program Files\Git\mingw64\bin\git.exe
User: LAPTOP-I8K1DAMV\rohin"
"2026-04-21T06:38:30.8676906+05:30","5","Process terminated:
RuleName: -
UtcTime: 2026-04-21 01:08:30.867
ProcessGuid: {a65b9ff6-ce0e-69e6-fb09-000000001b00}
ProcessId: 25744
Image: C:\Windows\System32\WindowsPowerShell\v1.0\powershell.exe
User: LAPTOP-I8K1DAMV\rohin"
"2026-04-21T06:38:30.1185656+05:30","5","Process terminated:
RuleName: -
UtcTime: 2026-04-21 01:08:30.117
ProcessGuid: {a65b9ff6-ce0d-69e6-fa09-000000001b00}
ProcessId: 12316
Image: C:\Windows\System32\WindowsPowerShell\v1.0\powershell.exe
User: LAPTOP-I8K1DAMV\rohin"
"2026-04-21T06:38:29.4549280+05:30","5","Process terminated:
RuleName: -
UtcTime: 2026-04-21 01:08:29.454
ProcessGuid: {a65b9ff6-ce0c-69e6-f609-000000001b00}
ProcessId: 23948
Image: C:\Windows\System32\WindowsPowerShell\v1.0\powershell.exe
User: LAPTOP-I8K1DAMV\rohin"
"2026-04-21T06:38:29.1467051+05:30","5","Process terminated:
RuleName: -
UtcTime: 2026-04-21 01:08:29.145
ProcessGuid: {a65b9ff6-ce0c-69e6-f809-000000001b00}
ProcessId: 17932
Image: C:\Windows\System32\conhost.exe
User: LAPTOP-I8K1DAMV\rohin"
"2026-04-21T06:38:29.1445088+05:30","5","Process terminated:
RuleName: -
UtcTime: 2026-04-21 01:08:29.143
ProcessGuid: {a65b9ff6-ce0c-69e6-f709-000000001b00}
ProcessId: 19200
Image: C:\Program Files\Git\cmd\git.exe
User: LAPTOP-I8K1DAMV\rohin"
"2026-04-21T06:38:29.1400777+05:30","5","Process terminated:
RuleName: -
UtcTime: 2026-04-21 01:08:29.139
ProcessGuid: {a65b9ff6-ce0d-69e6-f909-000000001b00}
ProcessId: 16268
Image: C:\Program Files\Git\mingw64\bin\git.exe
User: LAPTOP-I8K1DAMV\rohin"
"2026-04-21T06:38:28.6952232+05:30","5","Process terminated:
RuleName: -
UtcTime: 2026-04-21 01:08:28.694
ProcessGuid: {a65b9ff6-ce0c-69e6-f509-000000001b00}
ProcessId: 19468
Image: C:\Windows\System32\WindowsPowerShell\v1.0\powershell.exe
User: LAPTOP-I8K1DAMV\rohin"
"2026-04-21T06:38:27.9731281+05:30","5","Process terminated:
RuleName: -
UtcTime: 2026-04-21 01:08:27.972
ProcessGuid: {a65b9ff6-ce0b-69e6-f409-000000001b00}
ProcessId: 20924
Image: C:\Windows\System32\WindowsPowerShell\v1.0\powershell.exe
User: LAPTOP-I8K1DAMV\rohin"
"2026-04-21T06:38:27.3269173+05:30","5","Process terminated:
RuleName: -
UtcTime: 2026-04-21 01:08:27.325
ProcessGuid: {a65b9ff6-ce0a-69e6-f309-000000001b00}
ProcessId: 12436
Image: C:\Windows\System32\WindowsPowerShell\v1.0\powershell.exe
User: LAPTOP-I8K1DAMV\rohin"
"2026-04-21T06:38:26.6633565+05:30","5","Process terminated:
RuleName: -
UtcTime: 2026-04-21 01:08:26.663
ProcessGuid: {a65b9ff6-ce0a-69e6-f209-000000001b00}
ProcessId: 14672
Image: C:\Windows\System32\WindowsPowerShell\v1.0\powershell.exe
User: LAPTOP-I8K1DAMV\rohin"
"2026-04-21T06:38:25.8837263+05:30","5","Process terminated:
RuleName: -
UtcTime: 2026-04-21 01:08:25.883
ProcessGuid: {a65b9ff6-ce09-69e6-f109-000000001b00}
ProcessId: 17024
Image: C:\Windows\System32\WindowsPowerShell\v1.0\powershell.exe
User: LAPTOP-I8K1DAMV\rohin"
"2026-04-21T06:38:25.2604667+05:30","5","Process terminated:
RuleName: -
UtcTime: 2026-04-21 01:08:25.255
ProcessGuid: {a65b9ff6-ce08-69e6-f009-000000001b00}
ProcessId: 14352
Image: C:\Windows\System32\WindowsPowerShell\v1.0\powershell.exe
User: LAPTOP-I8K1DAMV\rohin"
"2026-04-21T06:38:24.6162304+05:30","5","Process terminated:
RuleName: -
UtcTime: 2026-04-21 01:08:24.615
ProcessGuid: {a65b9ff6-ce08-69e6-ef09-000000001b00}
ProcessId: 27312
Image: C:\Windows\System32\WindowsPowerShell\v1.0\powershell.exe
User: LAPTOP-I8K1DAMV\rohin"
"2026-04-21T06:38:23.9712017+05:30","5","Process terminated:
RuleName: -
UtcTime: 2026-04-21 01:08:23.970
ProcessGuid: {a65b9ff6-ce07-69e6-ee09-000000001b00}
ProcessId: 21988
Image: C:\Windows\System32\WindowsPowerShell\v1.0\powershell.exe
User: LAPTOP-I8K1DAMV\rohin"
"2026-04-21T06:38:23.3400531+05:30","5","Process terminated:
RuleName: -
UtcTime: 2026-04-21 01:08:23.338
ProcessGuid: {a65b9ff6-ce06-69e6-ed09-000000001b00}
ProcessId: 23108
Image: C:\Windows\System32\WindowsPowerShell\v1.0\powershell.exe
User: LAPTOP-I8K1DAMV\rohin"
"2026-04-21T06:38:22.7338915+05:30","5","Process terminated:
RuleName: -
UtcTime: 2026-04-21 01:08:22.721
ProcessGuid: {a65b9ff6-ce06-69e6-ec09-000000001b00}
ProcessId: 10640
Image: C:\Windows\System32\WindowsPowerShell\v1.0\powershell.exe
User: LAPTOP-I8K1DAMV\rohin"
"2026-04-21T06:38:22.1212606+05:30","5","Process terminated:
RuleName: -
UtcTime: 2026-04-21 01:08:22.116
ProcessGuid: {a65b9ff6-ce05-69e6-eb09-000000001b00}
ProcessId: 23832
Image: C:\Windows\System32\WindowsPowerShell\v1.0\powershell.exe
User: LAPTOP-I8K1DAMV\rohin"
"2026-04-21T06:38:21.4929793+05:30","5","Process terminated:
RuleName: -
UtcTime: 2026-04-21 01:08:21.492
ProcessGuid: {a65b9ff6-ce05-69e6-ea09-000000001b00}
ProcessId: 17088
Image: C:\Windows\System32\WindowsPowerShell\v1.0\powershell.exe
User: LAPTOP-I8K1DAMV\rohin"
"2026-04-21T06:38:20.8678894+05:30","5","Process terminated:
RuleName: -
UtcTime: 2026-04-21 01:08:20.867
ProcessGuid: {a65b9ff6-ce04-69e6-e909-000000001b00}
ProcessId: 18864
Image: C:\Windows\System32\WindowsPowerShell\v1.0\powershell.exe
User: LAPTOP-I8K1DAMV\rohin"
"2026-04-21T06:38:20.2548228+05:30","5","Process terminated:
RuleName: -
UtcTime: 2026-04-21 01:08:20.254
ProcessGuid: {a65b9ff6-ce03-69e6-e809-000000001b00}
ProcessId: 21264
Image: C:\Windows\System32\WindowsPowerShell\v1.0\powershell.exe
User: LAPTOP-I8K1DAMV\rohin"
"2026-04-21T06:38:19.6402803+05:30","5","Process terminated:
RuleName: -
UtcTime: 2026-04-21 01:08:19.639
ProcessGuid: {a65b9ff6-ce03-69e6-e709-000000001b00}
ProcessId: 26188
Image: C:\Windows\System32\WindowsPowerShell\v1.0\powershell.exe
User: LAPTOP-I8K1DAMV\rohin"
"2026-04-21T06:38:18.9900538+05:30","5","Process terminated:
RuleName: -
UtcTime: 2026-04-21 01:08:18.989
ProcessGuid: {a65b9ff6-ce02-69e6-e609-000000001b00}
ProcessId: 17592
Image: C:\Windows\System32\WindowsPowerShell\v1.0\powershell.exe
User: LAPTOP-I8K1DAMV\rohin"
"2026-04-21T06:38:18.2415392+05:30","5","Process terminated:
RuleName: -
UtcTime: 2026-04-21 01:08:18.240
ProcessGuid: {a65b9ff6-ce01-69e6-e509-000000001b00}
ProcessId: 7396
Image: C:\Windows\System32\WindowsPowerShell\v1.0\powershell.exe
User: LAPTOP-I8K1DAMV\rohin"
"2026-04-21T06:38:17.6384156+05:30","5","Process terminated:
RuleName: -
UtcTime: 2026-04-21 01:08:17.637
ProcessGuid: {a65b9ff6-ce01-69e6-e409-000000001b00}
ProcessId: 26972
Image: C:\Windows\System32\WindowsPowerShell\v1.0\powershell.exe
User: LAPTOP-I8K1DAMV\rohin"
"2026-04-21T06:38:17.0344723+05:30","5","Process terminated:
RuleName: -
UtcTime: 2026-04-21 01:08:17.031
ProcessGuid: {a65b9ff6-ce00-69e6-e309-000000001b00}
ProcessId: 26204
Image: C:\Windows\System32\WindowsPowerShell\v1.0\powershell.exe
User: LAPTOP-I8K1DAMV\rohin"
"2026-04-21T06:38:16.4363944+05:30","5","Process terminated:
RuleName: -
UtcTime: 2026-04-21 01:08:16.434
ProcessGuid: {a65b9ff6-ce00-69e6-e209-000000001b00}
ProcessId: 5860
Image: C:\Windows\System32\WindowsPowerShell\v1.0\powershell.exe
User: LAPTOP-I8K1DAMV\rohin"
"2026-04-21T06:38:15.8115156+05:30","5","Process terminated:
RuleName: -
UtcTime: 2026-04-21 01:08:15.811
ProcessGuid: {a65b9ff6-cdff-69e6-e109-000000001b00}
ProcessId: 24692
Image: C:\Windows\System32\WindowsPowerShell\v1.0\powershell.exe
User: LAPTOP-I8K1DAMV\rohin"
"2026-04-21T06:38:15.3231227+05:30","5","Process terminated:
RuleName: -
UtcTime: 2026-04-21 01:08:15.322
ProcessGuid: {a65b9ff6-cdff-69e6-df09-000000001b00}
ProcessId: 24008
Image: C:\Windows\System32\conhost.exe
User: LAPTOP-I8K1DAMV\rohin"
"2026-04-21T06:38:15.3205157+05:30","5","Process terminated:
RuleName: -
UtcTime: 2026-04-21 01:08:15.319
ProcessGuid: {a65b9ff6-cdff-69e6-de09-000000001b00}
ProcessId: 15132
Image: C:\Program Files\Git\cmd\git.exe
User: LAPTOP-I8K1DAMV\rohin"
"2026-04-21T06:38:15.3167977+05:30","5","Process terminated:
RuleName: -
UtcTime: 2026-04-21 01:08:15.315
ProcessGuid: {a65b9ff6-cdff-69e6-e009-000000001b00}
ProcessId: 11844
Image: C:\Program Files\Git\mingw64\bin\git.exe
User: LAPTOP-I8K1DAMV\rohin"
"2026-04-21T06:38:02.7945605+05:30","5","Process terminated:
RuleName: -
UtcTime: 2026-04-21 01:08:02.792
ProcessGuid: {a65b9ff6-cbce-69e6-ff08-000000001b00}
ProcessId: 9436
Image: C:\Windows\System32\audiodg.exe
User: NT AUTHORITY\LOCAL SERVICE"
"2026-04-21T06:37:57.4905710+05:30","5","Process terminated:
RuleName: -
UtcTime: 2026-04-21 01:07:57.490
ProcessGuid: {a65b9ff6-cded-69e6-d809-000000001b00}
ProcessId: 24364
Image: C:\Windows\System32\conhost.exe
User: LAPTOP-I8K1DAMV\rohin"
"2026-04-21T06:37:57.4880532+05:30","5","Process terminated:
RuleName: -
UtcTime: 2026-04-21 01:07:57.487
ProcessGuid: {a65b9ff6-cded-69e6-d709-000000001b00}
ProcessId: 4656
Image: C:\Program Files\Git\cmd\git.exe
User: LAPTOP-I8K1DAMV\rohin"
"2026-04-21T06:37:57.4837230+05:30","5","Process terminated:
RuleName: -
UtcTime: 2026-04-21 01:07:57.483
ProcessGuid: {a65b9ff6-cded-69e6-d909-000000001b00}
ProcessId: 24052
Image: C:\Program Files\Git\mingw64\bin\git.exe
User: LAPTOP-I8K1DAMV\rohin"
"2026-04-21T06:37:56.6900028+05:30","5","Process terminated:
RuleName: -
UtcTime: 2026-04-21 01:07:56.689
ProcessGuid: {a65b9ff6-cdec-69e6-d509-000000001b00}
ProcessId: 6420
Image: C:\Windows\System32\conhost.exe
User: LAPTOP-I8K1DAMV\rohin"
"2026-04-21T06:37:56.6869879+05:30","5","Process terminated:
RuleName: -
UtcTime: 2026-04-21 01:07:56.686
ProcessGuid: {a65b9ff6-cdec-69e6-d409-000000001b00}
ProcessId: 4632
Image: C:\Program Files\Git\cmd\git.exe
User: LAPTOP-I8K1DAMV\rohin"
"2026-04-21T06:37:56.6831713+05:30","5","Process terminated:
RuleName: -
UtcTime: 2026-04-21 01:07:56.682
ProcessGuid: {a65b9ff6-cdec-69e6-d609-000000001b00}
ProcessId: 2472
Image: C:\Program Files\Git\mingw64\bin\git.exe
User: LAPTOP-I8K1DAMV\rohin"
"2026-04-21T06:37:50.6410829+05:30","5","Process terminated:
RuleName: -
UtcTime: 2026-04-21 01:07:50.640
ProcessGuid: {a65b9ff6-cde6-69e6-d209-000000001b00}
ProcessId: 13784
Image: C:\Windows\System32\conhost.exe
User: LAPTOP-I8K1DAMV\rohin"
"2026-04-21T06:37:50.6385586+05:30","5","Process terminated:
RuleName: -
UtcTime: 2026-04-21 01:07:50.638
ProcessGuid: {a65b9ff6-cde6-69e6-d109-000000001b00}
ProcessId: 20680
Image: C:\Program Files\Git\cmd\git.exe
User: LAPTOP-I8K1DAMV\rohin"
"2026-04-21T06:37:50.6347966+05:30","5","Process terminated:
RuleName: -
UtcTime: 2026-04-21 01:07:50.633
ProcessGuid: {a65b9ff6-cde6-69e6-d309-000000001b00}
ProcessId: 25248
Image: C:\Program Files\Git\mingw64\bin\git.exe
User: LAPTOP-I8K1DAMV\rohin"
"2026-04-21T06:37:41.8874102+05:30","5","Process terminated:
RuleName: -
UtcTime: 2026-04-21 01:07:41.885
ProcessGuid: {a65b9ff6-cdda-69e6-cf09-000000001b00}
ProcessId: 13576
Image: D:\BTP\Log-Anamoly-Detection\.venv\Scripts\python.exe
User: LAPTOP-I8K1DAMV\rohin"
"2026-04-21T06:37:41.8642028+05:30","5","Process terminated:
RuleName: -
UtcTime: 2026-04-21 01:07:41.859
ProcessGuid: {a65b9ff6-cddb-69e6-d009-000000001b00}
ProcessId: 20112
Image: C:\Users\rohin\AppData\Local\Programs\Python\Python314\python.exe
User: LAPTOP-I8K1DAMV\rohin"
"2026-04-21T06:37:38.9834743+05:30","5","Process terminated:
RuleName: -
UtcTime: 2026-04-21 01:07:38.975
ProcessGuid: {a65b9ff6-cdd2-69e6-ca09-000000001b00}
ProcessId: 20000
Image: D:\BTP\Log-Anamoly-Detection\.venv\Scripts\python.exe
User: LAPTOP-I8K1DAMV\rohin"
"2026-04-21T06:37:38.9651427+05:30","5","Process terminated:
RuleName: -
UtcTime: 2026-04-21 01:07:38.963
ProcessGuid: {a65b9ff6-cdd2-69e6-cb09-000000001b00}
ProcessId: 13424
Image: C:\Users\rohin\AppData\Local\Programs\Python\Python314\python.exe
User: LAPTOP-I8K1DAMV\rohin"
"2026-04-21T06:37:33.3317702+05:30","5","Process terminated:
RuleName: -
UtcTime: 2026-04-21 01:07:33.331
ProcessGuid: {a65b9ff6-cdd5-69e6-cd09-000000001b00}
ProcessId: 7768
Image: C:\Windows\System32\conhost.exe
User: LAPTOP-I8K1DAMV\rohin"
"2026-04-21T06:37:33.3297164+05:30","5","Process terminated:
RuleName: -
UtcTime: 2026-04-21 01:07:33.329
ProcessGuid: {a65b9ff6-cdd5-69e6-cc09-000000001b00}
ProcessId: 27184
Image: C:\Program Files\Git\cmd\git.exe
User: LAPTOP-I8K1DAMV\rohin"
"2026-04-21T06:37:33.3258751+05:30","5","Process terminated:
RuleName: -
UtcTime: 2026-04-21 01:07:33.319
ProcessGuid: {a65b9ff6-cdd5-69e6-ce09-000000001b00}
ProcessId: 9948
Image: C:\Program Files\Git\mingw64\bin\git.exe
User: LAPTOP-I8K1DAMV\rohin"
"2026-04-21T06:37:30.6018171+05:30","5","Process terminated:
RuleName: -
UtcTime: 2026-04-21 01:07:30.600
ProcessGuid: {a65b9ff6-cdd1-69e6-c809-000000001b00}
ProcessId: 15188
Image: D:\BTP\Log-Anamoly-Detection\.venv\Scripts\python.exe
User: LAPTOP-I8K1DAMV\rohin"
"2026-04-21T06:37:30.5695534+05:30","5","Process terminated:
RuleName: -
UtcTime: 2026-04-21 01:07:30.568
ProcessGuid: {a65b9ff6-cdd1-69e6-c909-000000001b00}
ProcessId: 23712
Image: C:\Users\rohin\AppData\Local\Programs\Python\Python314\python.exe
User: LAPTOP-I8K1DAMV\rohin"
"2026-04-21T06:37:29.2733434+05:30","5","Process terminated:
RuleName: -
UtcTime: 2026-04-21 01:07:29.272
ProcessGuid: {a65b9ff6-cdcf-69e6-c609-000000001b00}
ProcessId: 18008
Image: D:\BTP\Log-Anamoly-Detection\.venv\Scripts\python.exe
User: LAPTOP-I8K1DAMV\rohin"
"2026-04-21T06:37:29.2624856+05:30","5","Process terminated:
RuleName: -
UtcTime: 2026-04-21 01:07:29.262
ProcessGuid: {a65b9ff6-cdcf-69e6-c709-000000001b00}
ProcessId: 12744
Image: C:\Users\rohin\AppData\Local\Programs\Python\Python314\python.exe
User: LAPTOP-I8K1DAMV\rohin"
"2026-04-21T06:37:27.0100216+05:30","5","Process terminated:
RuleName: -
UtcTime: 2026-04-21 01:07:27.009
ProcessGuid: {a65b9ff6-cdc8-69e6-b709-000000001b00}
ProcessId: 14340
Image: D:\BTP\Log-Anamoly-Detection\.venv\Scripts\python.exe
User: LAPTOP-I8K1DAMV\rohin"
"2026-04-21T06:37:27.0043220+05:30","5","Process terminated:
RuleName: -
UtcTime: 2026-04-21 01:07:27.003
ProcessGuid: {a65b9ff6-cdc8-69e6-b809-000000001b00}
ProcessId: 27336
Image: C:\Users\rohin\AppData\Local\Programs\Python\Python314\python.exe
User: LAPTOP-I8K1DAMV\rohin"
"2026-04-21T06:37:26.9747080+05:30","11","File created:
RuleName: -
UtcTime: 2026-04-21 01:07:26.973
ProcessGuid: {a65b9ff6-cdc8-69e6-b809-000000001b00}
ProcessId: 27336
Image: C:\Users\rohin\AppData\Local\Programs\Python\Python314\python.exe
TargetFilename: D:\BTP\Log-Anamoly-Detection\attack_files\attack_file_029.txt
CreationUtcTime: 2026-04-20 23:20:30.906
User: LAPTOP-I8K1DAMV\rohin"
"2026-04-21T06:37:26.9631476+05:30","11","File created:
RuleName: -
UtcTime: 2026-04-21 01:07:26.962
ProcessGuid: {a65b9ff6-cdc8-69e6-b809-000000001b00}
ProcessId: 27336
Image: C:\Users\rohin\AppData\Local\Programs\Python\Python314\python.exe
TargetFilename: D:\BTP\Log-Anamoly-Detection\attack_files\attack_file_028.txt
CreationUtcTime: 2026-04-20 23:20:30.897
User: LAPTOP-I8K1DAMV\rohin"
"2026-04-21T06:37:26.9509244+05:30","11","File created:
RuleName: -
UtcTime: 2026-04-21 01:07:26.950
ProcessGuid: {a65b9ff6-cdc8-69e6-b809-000000001b00}
ProcessId: 27336
Image: C:\Users\rohin\AppData\Local\Programs\Python\Python314\python.exe
TargetFilename: D:\BTP\Log-Anamoly-Detection\attack_files\attack_file_027.txt
CreationUtcTime: 2026-04-20 23:20:30.896
User: LAPTOP-I8K1DAMV\rohin"
"2026-04-21T06:37:26.9395473+05:30","11","File created:
RuleName: -
UtcTime: 2026-04-21 01:07:26.938
ProcessGuid: {a65b9ff6-cdc8-69e6-b809-000000001b00}
ProcessId: 27336
Image: C:\Users\rohin\AppData\Local\Programs\Python\Python314\python.exe
TargetFilename: D:\BTP\Log-Anamoly-Detection\attack_files\attack_file_026.txt
CreationUtcTime: 2026-04-20 23:20:30.890
User: LAPTOP-I8K1DAMV\rohin"
"2026-04-21T06:37:26.9279275+05:30","11","File created:
RuleName: -
UtcTime: 2026-04-21 01:07:26.927
ProcessGuid: {a65b9ff6-cdc8-69e6-b809-000000001b00}
ProcessId: 27336
Image: C:\Users\rohin\AppData\Local\Programs\Python\Python314\python.exe
TargetFilename: D:\BTP\Log-Anamoly-Detection\attack_files\attack_file_025.txt
CreationUtcTime: 2026-04-20 23:20:30.883
User: LAPTOP-I8K1DAMV\rohin"
"2026-04-21T06:37:26.9163537+05:30","11","File created:
RuleName: -
UtcTime: 2026-04-21 01:07:26.916
ProcessGuid: {a65b9ff6-cdc8-69e6-b809-000000001b00}
ProcessId: 27336
Image: C:\Users\rohin\AppData\Local\Programs\Python\Python314\python.exe
TargetFilename: D:\BTP\Log-Anamoly-Detection\attack_files\attack_file_024.txt
CreationUtcTime: 2026-04-20 23:20:30.879
User: LAPTOP-I8K1DAMV\rohin"
"2026-04-21T06:37:26.9043018+05:30","11","File created:
RuleName: -
UtcTime: 2026-04-21 01:07:26.903
ProcessGuid: {a65b9ff6-cdc8-69e6-b809-000000001b00}
ProcessId: 27336
Image: C:\Users\rohin\AppData\Local\Programs\Python\Python314\python.exe
TargetFilename: D:\BTP\Log-Anamoly-Detection\attack_files\attack_file_023.txt
CreationUtcTime: 2026-04-20 23:20:30.873
User: LAPTOP-I8K1DAMV\rohin"
"2026-04-21T06:37:26.8928756+05:30","11","File created:
RuleName: -
UtcTime: 2026-04-21 01:07:26.892
ProcessGuid: {a65b9ff6-cdc8-69e6-b809-000000001b00}
ProcessId: 27336
Image: C:\Users\rohin\AppData\Local\Programs\Python\Python314\python.exe
TargetFilename: D:\BTP\Log-Anamoly-Detection\attack_files\attack_file_022.txt
CreationUtcTime: 2026-04-20 23:20:30.868
User: LAPTOP-I8K1DAMV\rohin"
"2026-04-21T06:37:26.8817316+05:30","11","File created:
RuleName: -
UtcTime: 2026-04-21 01:07:26.880
ProcessGuid: {a65b9ff6-cdc8-69e6-b809-000000001b00}
ProcessId: 27336
Image: C:\Users\rohin\AppData\Local\Programs\Python\Python314\python.exe
TargetFilename: D:\BTP\Log-Anamoly-Detection\attack_files\attack_file_021.txt
CreationUtcTime: 2026-04-20 23:20:30.865
User: LAPTOP-I8K1DAMV\rohin"
"2026-04-21T06:37:26.8702163+05:30","11","File created:
RuleName: -
UtcTime: 2026-04-21 01:07:26.869
ProcessGuid: {a65b9ff6-cdc8-69e6-b809-000000001b00}
ProcessId: 27336
Image: C:\Users\rohin\AppData\Local\Programs\Python\Python314\python.exe
TargetFilename: D:\BTP\Log-Anamoly-Detection\attack_files\attack_file_020.txt
CreationUtcTime: 2026-04-20 23:20:30.859
User: LAPTOP-I8K1DAMV\rohin"
"2026-04-21T06:37:26.8583012+05:30","11","File created:
RuleName: -
UtcTime: 2026-04-21 01:07:26.857
ProcessGuid: {a65b9ff6-cdc8-69e6-b809-000000001b00}
ProcessId: 27336
Image: C:\Users\rohin\AppData\Local\Programs\Python\Python314\python.exe
TargetFilename: D:\BTP\Log-Anamoly-Detection\attack_files\attack_file_019.txt
CreationUtcTime: 2026-04-20 23:20:30.853
User: LAPTOP-I8K1DAMV\rohin"
"2026-04-21T06:37:26.8469466+05:30","11","File created:
RuleName: -
UtcTime: 2026-04-21 01:07:26.846
ProcessGuid: {a65b9ff6-cdc8-69e6-b809-000000001b00}
ProcessId: 27336
Image: C:\Users\rohin\AppData\Local\Programs\Python\Python314\python.exe
TargetFilename: D:\BTP\Log-Anamoly-Detection\attack_files\attack_file_018.txt
CreationUtcTime: 2026-04-20 23:20:30.849
User: LAPTOP-I8K1DAMV\rohin"
"2026-04-21T06:37:26.8353538+05:30","11","File created:
RuleName: -
UtcTime: 2026-04-21 01:07:26.834
ProcessGuid: {a65b9ff6-cdc8-69e6-b809-000000001b00}
ProcessId: 27336
Image: C:\Users\rohin\AppData\Local\Programs\Python\Python314\python.exe
TargetFilename: D:\BTP\Log-Anamoly-Detection\attack_files\attack_file_017.txt
CreationUtcTime: 2026-04-20 23:20:30.844
User: LAPTOP-I8K1DAMV\rohin"
"2026-04-21T06:37:26.8239418+05:30","11","File created:
RuleName: -
UtcTime: 2026-04-21 01:07:26.823
ProcessGuid: {a65b9ff6-cdc8-69e6-b809-000000001b00}
ProcessId: 27336
Image: C:\Users\rohin\AppData\Local\Programs\Python\Python314\python.exe
TargetFilename: D:\BTP\Log-Anamoly-Detection\attack_files\attack_file_016.txt
CreationUtcTime: 2026-04-20 23:20:30.840
User: LAPTOP-I8K1DAMV\rohin"
"2026-04-21T06:37:26.8120412+05:30","11","File created:
RuleName: -
UtcTime: 2026-04-21 01:07:26.811
ProcessGuid: {a65b9ff6-cdc8-69e6-b809-000000001b00}
ProcessId: 27336
Image: C:\Users\rohin\AppData\Local\Programs\Python\Python314\python.exe
TargetFilename: D:\BTP\Log-Anamoly-Detection\attack_files\attack_file_015.txt
CreationUtcTime: 2026-04-20 23:20:30.834
User: LAPTOP-I8K1DAMV\rohin"
"2026-04-21T06:37:26.8006492+05:30","11","File created:
RuleName: -
UtcTime: 2026-04-21 01:07:26.799
ProcessGuid: {a65b9ff6-cdc8-69e6-b809-000000001b00}
ProcessId: 27336
Image: C:\Users\rohin\AppData\Local\Programs\Python\Python314\python.exe
TargetFilename: D:\BTP\Log-Anamoly-Detection\attack_files\attack_file_014.txt
CreationUtcTime: 2026-04-20 23:20:30.827
User: LAPTOP-I8K1DAMV\rohin"
"2026-04-21T06:37:26.7893833+05:30","11","File created:
RuleName: -
UtcTime: 2026-04-21 01:07:26.788
ProcessGuid: {a65b9ff6-cdc8-69e6-b809-000000001b00}
ProcessId: 27336
Image: C:\Users\rohin\AppData\Local\Programs\Python\Python314\python.exe
TargetFilename: D:\BTP\Log-Anamoly-Detection\attack_files\attack_file_013.txt
CreationUtcTime: 2026-04-20 23:20:30.818
User: LAPTOP-I8K1DAMV\rohin"
"2026-04-21T06:37:26.7783234+05:30","11","File created:
RuleName: -
UtcTime: 2026-04-21 01:07:26.778
ProcessGuid: {a65b9ff6-cdc8-69e6-b809-000000001b00}
ProcessId: 27336
Image: C:\Users\rohin\AppData\Local\Programs\Python\Python314\python.exe
TargetFilename: D:\BTP\Log-Anamoly-Detection\attack_files\attack_file_012.txt
CreationUtcTime: 2026-04-20 23:20:30.802
User: LAPTOP-I8K1DAMV\rohin"
"2026-04-21T06:37:26.7653683+05:30","11","File created:
RuleName: -
UtcTime: 2026-04-21 01:07:26.764
ProcessGuid: {a65b9ff6-cdc8-69e6-b809-000000001b00}
ProcessId: 27336
Image: C:\Users\rohin\AppData\Local\Programs\Python\Python314\python.exe
TargetFilename: D:\BTP\Log-Anamoly-Detection\attack_files\attack_file_011.txt
CreationUtcTime: 2026-04-20 23:20:30.802
User: LAPTOP-I8K1DAMV\rohin"
"2026-04-21T06:37:26.7535977+05:30","11","File created:
RuleName: -
UtcTime: 2026-04-21 01:07:26.752
ProcessGuid: {a65b9ff6-cdc8-69e6-b809-000000001b00}
ProcessId: 27336
Image: C:\Users\rohin\AppData\Local\Programs\Python\Python314\python.exe
TargetFilename: D:\BTP\Log-Anamoly-Detection\attack_files\attack_file_010.txt
CreationUtcTime: 2026-04-20 23:20:30.802
User: LAPTOP-I8K1DAMV\rohin"
"2026-04-21T06:37:26.7415361+05:30","11","File created:
RuleName: -
UtcTime: 2026-04-21 01:07:26.740
ProcessGuid: {a65b9ff6-cdc8-69e6-b809-000000001b00}
ProcessId: 27336
Image: C:\Users\rohin\AppData\Local\Programs\Python\Python314\python.exe
TargetFilename: D:\BTP\Log-Anamoly-Detection\attack_files\attack_file_009.txt
CreationUtcTime: 2026-04-20 23:20:30.802
User: LAPTOP-I8K1DAMV\rohin"
"2026-04-21T06:37:26.7298549+05:30","11","File created:
RuleName: -
UtcTime: 2026-04-21 01:07:26.729
ProcessGuid: {a65b9ff6-cdc8-69e6-b809-000000001b00}
ProcessId: 27336
Image: C:\Users\rohin\AppData\Local\Programs\Python\Python314\python.exe
TargetFilename: D:\BTP\Log-Anamoly-Detection\attack_files\attack_file_008.txt
CreationUtcTime: 2026-04-20 23:20:30.786
User: LAPTOP-I8K1DAMV\rohin"
"2026-04-21T06:37:26.7175411+05:30","11","File created:
RuleName: -
UtcTime: 2026-04-21 01:07:26.716
ProcessGuid: {a65b9ff6-cdc8-69e6-b809-000000001b00}
ProcessId: 27336
Image: C:\Users\rohin\AppData\Local\Programs\Python\Python314\python.exe
TargetFilename: D:\BTP\Log-Anamoly-Detection\attack_files\attack_file_007.txt
CreationUtcTime: 2026-04-20 23:20:30.786
User: LAPTOP-I8K1DAMV\rohin"
"2026-04-21T06:37:26.7057840+05:30","11","File created:
RuleName: -
UtcTime: 2026-04-21 01:07:26.705
ProcessGuid: {a65b9ff6-cdc8-69e6-b809-000000001b00}
ProcessId: 27336
Image: C:\Users\rohin\AppData\Local\Programs\Python\Python314\python.exe
TargetFilename: D:\BTP\Log-Anamoly-Detection\attack_files\attack_file_006.txt
CreationUtcTime: 2026-04-20 23:20:30.786
User: LAPTOP-I8K1DAMV\rohin"
"2026-04-21T06:37:26.6937556+05:30","11","File created:
RuleName: -
UtcTime: 2026-04-21 01:07:26.693
ProcessGuid: {a65b9ff6-cdc8-69e6-b809-000000001b00}
ProcessId: 27336
Image: C:\Users\rohin\AppData\Local\Programs\Python\Python314\python.exe
TargetFilename: D:\BTP\Log-Anamoly-Detection\attack_files\attack_file_005.txt
CreationUtcTime: 2026-04-20 23:20:30.782
User: LAPTOP-I8K1DAMV\rohin"
"2026-04-21T06:37:26.6819701+05:30","11","File created:
RuleName: -
UtcTime: 2026-04-21 01:07:26.681
ProcessGuid: {a65b9ff6-cdc8-69e6-b809-000000001b00}
ProcessId: 27336
Image: C:\Users\rohin\AppData\Local\Programs\Python\Python314\python.exe
TargetFilename: D:\BTP\Log-Anamoly-Detection\attack_files\attack_file_004.txt
CreationUtcTime: 2026-04-20 23:20:30.778
User: LAPTOP-I8K1DAMV\rohin"
"2026-04-21T06:37:26.6697855+05:30","11","File created:
RuleName: -
UtcTime: 2026-04-21 01:07:26.669
ProcessGuid: {a65b9ff6-cdc8-69e6-b809-000000001b00}
ProcessId: 27336
Image: C:\Users\rohin\AppData\Local\Programs\Python\Python314\python.exe
TargetFilename: D:\BTP\Log-Anamoly-Detection\attack_files\attack_file_003.txt
CreationUtcTime: 2026-04-20 23:20:30.771
User: LAPTOP-I8K1DAMV\rohin"
"2026-04-21T06:37:26.6581672+05:30","11","File created:
RuleName: -
UtcTime: 2026-04-21 01:07:26.657
ProcessGuid: {a65b9ff6-cdc8-69e6-b809-000000001b00}
ProcessId: 27336
Image: C:\Users\rohin\AppData\Local\Programs\Python\Python314\python.exe
TargetFilename: D:\BTP\Log-Anamoly-Detection\attack_files\attack_file_002.txt
CreationUtcTime: 2026-04-20 23:20:30.767
User: LAPTOP-I8K1DAMV\rohin"
"2026-04-21T06:37:26.6467266+05:30","11","File created:
RuleName: -
UtcTime: 2026-04-21 01:07:26.646
ProcessGuid: {a65b9ff6-cdc8-69e6-b809-000000001b00}
ProcessId: 27336
Image: C:\Users\rohin\AppData\Local\Programs\Python\Python314\python.exe
TargetFilename: D:\BTP\Log-Anamoly-Detection\attack_files\attack_file_001.txt
CreationUtcTime: 2026-04-20 23:20:30.763
User: LAPTOP-I8K1DAMV\rohin"
"2026-04-21T06:37:26.6347788+05:30","11","File created:
RuleName: -
UtcTime: 2026-04-21 01:07:26.633
ProcessGuid: {a65b9ff6-cdc8-69e6-b809-000000001b00}
ProcessId: 27336
Image: C:\Users\rohin\AppData\Local\Programs\Python\Python314\python.exe
TargetFilename: D:\BTP\Log-Anamoly-Detection\attack_files\attack_file_000.txt
CreationUtcTime: 2026-04-20 23:20:30.758
User: LAPTOP-I8K1DAMV\rohin"
"2026-04-21T06:37:26.5632806+05:30","5","Process terminated:
RuleName: -
UtcTime: 2026-04-21 01:07:26.562
ProcessGuid: {a65b9ff6-cdce-69e6-c509-000000001b00}
ProcessId: 4660
Image: C:\Windows\System32\WindowsPowerShell\v1.0\powershell.exe
User: LAPTOP-I8K1DAMV\rohin"
"2026-04-21T06:37:26.0574035+05:30","5","Process terminated:
RuleName: -
UtcTime: 2026-04-21 01:07:26.057
ProcessGuid: {a65b9ff6-cdcd-69e6-c409-000000001b00}
ProcessId: 26548
Image: C:\Windows\System32\WindowsPowerShell\v1.0\powershell.exe
User: LAPTOP-I8K1DAMV\rohin"
"2026-04-21T06:37:25.5690238+05:30","5","Process terminated:
RuleName: -
UtcTime: 2026-04-21 01:07:25.568
ProcessGuid: {a65b9ff6-cdcd-69e6-c309-000000001b00}
ProcessId: 24664
Image: C:\Windows\System32\WindowsPowerShell\v1.0\powershell.exe
User: LAPTOP-I8K1DAMV\rohin"
"2026-04-21T06:37:25.0310475+05:30","5","Process terminated:
RuleName: -
UtcTime: 2026-04-21 01:07:25.030
ProcessGuid: {a65b9ff6-cdcc-69e6-c209-000000001b00}
ProcessId: 10280
Image: C:\Windows\System32\WindowsPowerShell\v1.0\powershell.exe
User: LAPTOP-I8K1DAMV\rohin"
"2026-04-21T06:37:24.2951861+05:30","5","Process terminated:
RuleName: -
UtcTime: 2026-04-21 01:07:24.294
ProcessGuid: {a65b9ff6-cdcb-69e6-c109-000000001b00}
ProcessId: 3296
Image: C:\Windows\System32\WindowsPowerShell\v1.0\powershell.exe
User: LAPTOP-I8K1DAMV\rohin"
"2026-04-21T06:37:23.8579007+05:30","5","Process terminated:
RuleName: -
UtcTime: 2026-04-21 01:07:23.856
ProcessGuid: {a65b9ff6-cdcb-69e6-c009-000000001b00}
ProcessId: 19904
Image: C:\Windows\System32\WindowsPowerShell\v1.0\powershell.exe
User: LAPTOP-I8K1DAMV\rohin"
"2026-04-21T06:37:23.4237960+05:30","5","Process terminated:
RuleName: -
UtcTime: 2026-04-21 01:07:23.423
ProcessGuid: {a65b9ff6-cdcb-69e6-bf09-000000001b00}
ProcessId: 1060
Image: C:\Windows\System32\WindowsPowerShell\v1.0\powershell.exe
User: LAPTOP-I8K1DAMV\rohin"
"2026-04-21T06:37:22.9737366+05:30","5","Process terminated:
RuleName: -
UtcTime: 2026-04-21 01:07:22.973
ProcessGuid: {a65b9ff6-cdca-69e6-be09-000000001b00}
ProcessId: 18824
Image: C:\Windows\System32\WindowsPowerShell\v1.0\powershell.exe
User: LAPTOP-I8K1DAMV\rohin"
"2026-04-21T06:37:22.5132221+05:30","5","Process terminated:
RuleName: -
UtcTime: 2026-04-21 01:07:22.512
ProcessGuid: {a65b9ff6-cdca-69e6-bd09-000000001b00}
ProcessId: 18256
Image: C:\Windows\System32\WindowsPowerShell\v1.0\powershell.exe
User: LAPTOP-I8K1DAMV\rohin"
"2026-04-21T06:37:22.0513486+05:30","5","Process terminated:
RuleName: -
UtcTime: 2026-04-21 01:07:22.050
ProcessGuid: {a65b9ff6-cdc9-69e6-bc09-000000001b00}
ProcessId: 17048
Image: C:\Windows\System32\WindowsPowerShell\v1.0\powershell.exe
User: LAPTOP-I8K1DAMV\rohin"
"2026-04-21T06:37:21.1685970+05:30","5","Process terminated:
RuleName: -
UtcTime: 2026-04-21 01:07:21.168
ProcessGuid: {a65b9ff6-cdc9-69e6-ba09-000000001b00}
ProcessId: 17668
Image: C:\Windows\System32\conhost.exe
User: LAPTOP-I8K1DAMV\rohin"
"2026-04-21T06:37:21.1667235+05:30","5","Process terminated:
RuleName: -
UtcTime: 2026-04-21 01:07:21.166
ProcessGuid: {a65b9ff6-cdc9-69e6-b909-000000001b00}
ProcessId: 9752
Image: C:\Program Files\Git\cmd\git.exe
User: LAPTOP-I8K1DAMV\rohin"
"2026-04-21T06:37:21.1626561+05:30","5","Process terminated:
RuleName: -
UtcTime: 2026-04-21 01:07:21.162
ProcessGuid: {a65b9ff6-cdc9-69e6-bb09-000000001b00}
ProcessId: 26972
Image: C:\Program Files\Git\mingw64\bin\git.exe
User: LAPTOP-I8K1DAMV\rohin"
"2026-04-21T06:37:12.7194644+05:30","5","Process terminated:
RuleName: -
UtcTime: 2026-04-21 01:07:12.719
ProcessGuid: {a65b9ff6-cdc0-69e6-b509-000000001b00}
ProcessId: 4828
Image: C:\Windows\System32\conhost.exe
User: LAPTOP-I8K1DAMV\rohin"
"2026-04-21T06:37:12.7170805+05:30","5","Process terminated:
RuleName: -
UtcTime: 2026-04-21 01:07:12.716
ProcessGuid: {a65b9ff6-cdc0-69e6-b409-000000001b00}
ProcessId: 16132
Image: C:\Program Files\Git\cmd\git.exe
User: LAPTOP-I8K1DAMV\rohin"
