"2026-04-21T13:45:09.5963344+05:30","5","Process terminated:
RuleName: -
UtcTime: 2026-04-21 08:15:09.596
ProcessGuid: {a65b9ff6-320d-69e7-4511-000000001b00}
ProcessId: 28424
Image: C:\Windows\System32\conhost.exe
User: LAPTOP-I8K1DAMV\rohin"
"2026-04-21T13:45:09.5932663+05:30","5","Process terminated:
RuleName: -
UtcTime: 2026-04-21 08:15:09.592
ProcessGuid: {a65b9ff6-320d-69e7-4411-000000001b00}
ProcessId: 30156
Image: C:\Program Files\Git\cmd\git.exe
User: LAPTOP-I8K1DAMV\rohin"
"2026-04-21T13:45:09.5892133+05:30","5","Process terminated:
RuleName: -
UtcTime: 2026-04-21 08:15:09.588
ProcessGuid: {a65b9ff6-320d-69e7-4611-000000001b00}
ProcessId: 30224
Image: C:\Program Files\Git\mingw64\bin\git.exe
User: LAPTOP-I8K1DAMV\rohin"
"2026-04-21T13:45:09.2762768+05:30","5","Process terminated:
RuleName: -
UtcTime: 2026-04-21 08:15:09.276
ProcessGuid: {a65b9ff6-320c-69e7-4011-000000001b00}
ProcessId: 18100
Image: C:\Windows\System32\WindowsPowerShell\v1.0\powershell.exe
User: LAPTOP-I8K1DAMV\rohin"
"2026-04-21T13:45:08.7594513+05:30","5","Process terminated:
RuleName: -
UtcTime: 2026-04-21 08:15:08.759
ProcessGuid: {a65b9ff6-320c-69e7-4111-000000001b00}
ProcessId: 15440
Image: C:\Windows\System32\conhost.exe
User: LAPTOP-I8K1DAMV\rohin"
"2026-04-21T13:45:08.7541319+05:30","5","Process terminated:
RuleName: -
UtcTime: 2026-04-21 08:15:08.753
ProcessGuid: {a65b9ff6-320c-69e7-3f11-000000001b00}
ProcessId: 28448
Image: C:\Program Files\Git\cmd\git.exe
User: LAPTOP-I8K1DAMV\rohin"
"2026-04-21T13:45:08.7463743+05:30","5","Process terminated:
RuleName: -
UtcTime: 2026-04-21 08:15:08.746
ProcessGuid: {a65b9ff6-320c-69e7-4211-000000001b00}
ProcessId: 29024
Image: C:\Program Files\Git\mingw64\bin\git.exe
User: LAPTOP-I8K1DAMV\rohin"
"2026-04-21T13:45:07.0467242+05:30","5","Process terminated:
RuleName: -
UtcTime: 2026-04-21 08:15:07.045
ProcessGuid: {a65b9ff6-320a-69e7-3a11-000000001b00}
ProcessId: 27956
Image: C:\Windows\System32\conhost.exe
User: LAPTOP-I8K1DAMV\rohin"
"2026-04-21T13:45:07.0429023+05:30","5","Process terminated:
RuleName: -
UtcTime: 2026-04-21 08:15:07.042
ProcessGuid: {a65b9ff6-320a-69e7-3911-000000001b00}
ProcessId: 26120
Image: C:\Program Files\Git\cmd\git.exe
User: LAPTOP-I8K1DAMV\rohin"
"2026-04-21T13:45:07.0383859+05:30","5","Process terminated:
RuleName: -
UtcTime: 2026-04-21 08:15:07.038
ProcessGuid: {a65b9ff6-320a-69e7-3b11-000000001b00}
ProcessId: 22056
Image: C:\Program Files\Git\mingw64\bin\git.exe
User: LAPTOP-I8K1DAMV\rohin"
"2026-04-21T13:45:01.7644878+05:30","5","Process terminated:
RuleName: -
UtcTime: 2026-04-21 08:15:01.764
ProcessGuid: {a65b9ff6-3165-69e7-2311-000000001b00}
ProcessId: 3424
Image: C:\Program Files\Google\Chrome\Application\chrome.exe
User: LAPTOP-I8K1DAMV\rohin"
"2026-04-21T13:44:57.2741943+05:30","5","Process terminated:
RuleName: -
UtcTime: 2026-04-21 08:14:57.274
ProcessGuid: {a65b9ff6-3201-69e7-3711-000000001b00}
ProcessId: 19988
Image: C:\Windows\System32\conhost.exe
User: LAPTOP-I8K1DAMV\rohin"
"2026-04-21T13:44:57.2714355+05:30","5","Process terminated:
RuleName: -
UtcTime: 2026-04-21 08:14:57.271
ProcessGuid: {a65b9ff6-3201-69e7-3611-000000001b00}
ProcessId: 30520
Image: C:\Program Files\Git\cmd\git.exe
User: LAPTOP-I8K1DAMV\rohin"
"2026-04-21T13:44:57.2675720+05:30","5","Process terminated:
RuleName: -
UtcTime: 2026-04-21 08:14:57.267
ProcessGuid: {a65b9ff6-3201-69e7-3811-000000001b00}
ProcessId: 27884
Image: C:\Program Files\Git\mingw64\bin\git.exe
User: LAPTOP-I8K1DAMV\rohin"
"2026-04-21T13:44:50.1517062+05:30","5","Process terminated:
RuleName: -
UtcTime: 2026-04-21 08:14:50.150
ProcessGuid: {a65b9ff6-31fa-69e7-3511-000000001b00}
ProcessId: 15596
Image: C:\Windows\System32\conhost.exe
User: LAPTOP-I8K1DAMV\rohin"
"2026-04-21T13:44:50.1488464+05:30","5","Process terminated:
RuleName: -
UtcTime: 2026-04-21 08:14:50.147
ProcessGuid: {a65b9ff6-31fa-69e7-3411-000000001b00}
ProcessId: 28068
Image: C:\Windows\System32\reg.exe
User: LAPTOP-I8K1DAMV\rohin"
"2026-04-21T13:44:50.1027182+05:30","5","Process terminated:
RuleName: -
UtcTime: 2026-04-21 08:14:50.102
ProcessGuid: {a65b9ff6-31fa-69e7-3311-000000001b00}
ProcessId: 3984
Image: C:\Windows\System32\conhost.exe
User: LAPTOP-I8K1DAMV\rohin"
"2026-04-21T13:44:50.1000447+05:30","5","Process terminated:
RuleName: -
UtcTime: 2026-04-21 08:14:50.098
ProcessGuid: {a65b9ff6-31fa-69e7-3211-000000001b00}
ProcessId: 6460
Image: C:\Windows\System32\reg.exe
User: LAPTOP-I8K1DAMV\rohin"
"2026-04-21T13:44:49.2653091+05:30","5","Process terminated:
RuleName: -
UtcTime: 2026-04-21 08:14:49.264
ProcessGuid: {a65b9ff6-317e-69e7-2611-000000001b00}
ProcessId: 28648
Image: C:\Windows\System32\svchost.exe
User: NT AUTHORITY\SYSTEM"
"2026-04-21T13:44:30.7484914+05:30","5","Process terminated:
RuleName: -
UtcTime: 2026-04-21 08:14:30.747
ProcessGuid: {a65b9ff6-31e6-69e7-3011-000000001b00}
ProcessId: 31392
Image: C:\Windows\System32\conhost.exe
User: LAPTOP-I8K1DAMV\rohin"
"2026-04-21T13:44:30.7443570+05:30","5","Process terminated:
RuleName: -
UtcTime: 2026-04-21 08:14:30.744
ProcessGuid: {a65b9ff6-31e6-69e7-2f11-000000001b00}
ProcessId: 27784
Image: C:\Program Files\Git\cmd\git.exe
User: LAPTOP-I8K1DAMV\rohin"
"2026-04-21T13:44:30.7402999+05:30","5","Process terminated:
RuleName: -
UtcTime: 2026-04-21 08:14:30.740
ProcessGuid: {a65b9ff6-31e6-69e7-3111-000000001b00}
ProcessId: 10380
Image: C:\Program Files\Git\mingw64\bin\git.exe
User: LAPTOP-I8K1DAMV\rohin"
"2026-04-21T13:43:45.7972378+05:30","5","Process terminated:
RuleName: -
UtcTime: 2026-04-21 08:13:45.796
ProcessGuid: {a65b9ff6-31b8-69e7-2e11-000000001b00}
ProcessId: 29180
Image: C:\Windows\System32\taskhostw.exe
User: NT AUTHORITY\SYSTEM"
"2026-04-21T13:43:39.0222467+05:30","5","Process terminated:
RuleName: -
UtcTime: 2026-04-21 08:13:39.022
ProcessGuid: {a65b9ff6-3158-69e7-1c11-000000001b00}
ProcessId: 28436
Image: C:\Windows\System32\RuntimeBroker.exe
User: LAPTOP-I8K1DAMV\rohin"
"2026-04-21T13:43:18.5620926+05:30","5","Process terminated:
RuleName: -
UtcTime: 2026-04-21 08:13:18.556
ProcessGuid: {a65b9ff6-319e-69e7-2c11-000000001b00}
ProcessId: 10628
Image: C:\Windows\System32\conhost.exe
User: LAPTOP-I8K1DAMV\rohin"
"2026-04-21T13:43:18.5528879+05:30","5","Process terminated:
RuleName: -
UtcTime: 2026-04-21 08:13:18.546
ProcessGuid: {a65b9ff6-319e-69e7-2b11-000000001b00}
ProcessId: 25312
Image: C:\Program Files\Git\cmd\git.exe
User: LAPTOP-I8K1DAMV\rohin"
"2026-04-21T13:43:18.5475166+05:30","5","Process terminated:
RuleName: -
UtcTime: 2026-04-21 08:13:18.546
ProcessGuid: {a65b9ff6-319e-69e7-2d11-000000001b00}
ProcessId: 30868
Image: C:\Program Files\Git\mingw64\bin\git.exe
User: LAPTOP-I8K1DAMV\rohin"
"2026-04-21T13:43:09.8824721+05:30","5","Process terminated:
RuleName: -
UtcTime: 2026-04-21 08:13:09.881
ProcessGuid: {a65b9ff6-3156-69e7-1a11-000000001b00}
ProcessId: 29036
Image: C:\Windows\System32\backgroundTaskHost.exe
User: LAPTOP-I8K1DAMV\rohin"
"2026-04-21T13:43:08.9903721+05:30","5","Process terminated:
RuleName: -
UtcTime: 2026-04-21 08:13:08.989
ProcessGuid: {a65b9ff6-3156-69e7-1b11-000000001b00}
ProcessId: 20780
Image: C:\Windows\System32\backgroundTaskHost.exe
User: LAPTOP-I8K1DAMV\rohin"
"2026-04-21T13:42:50.2741125+05:30","5","Process terminated:
RuleName: -
UtcTime: 2026-04-21 08:12:50.273
ProcessGuid: {a65b9ff6-3182-69e7-2a11-000000001b00}
ProcessId: 19876
Image: C:\Windows\System32\conhost.exe
User: LAPTOP-I8K1DAMV\rohin"
"2026-04-21T13:42:50.2717136+05:30","5","Process terminated:
RuleName: -
UtcTime: 2026-04-21 08:12:50.271
ProcessGuid: {a65b9ff6-3182-69e7-2911-000000001b00}
ProcessId: 14700
Image: C:\Windows\System32\reg.exe
User: LAPTOP-I8K1DAMV\rohin"
"2026-04-21T13:42:50.2166230+05:30","5","Process terminated:
RuleName: -
UtcTime: 2026-04-21 08:12:50.215
ProcessGuid: {a65b9ff6-3182-69e7-2811-000000001b00}
ProcessId: 9916
Image: C:\Windows\System32\conhost.exe
User: LAPTOP-I8K1DAMV\rohin"
"2026-04-21T13:42:50.2143516+05:30","5","Process terminated:
RuleName: -
UtcTime: 2026-04-21 08:12:50.213
ProcessGuid: {a65b9ff6-3182-69e7-2711-000000001b00}
ProcessId: 25608
Image: C:\Windows\System32\reg.exe
User: LAPTOP-I8K1DAMV\rohin"
"2026-04-21T13:42:45.8480191+05:30","5","Process terminated:
RuleName: -
UtcTime: 2026-04-21 08:12:45.847
ProcessGuid: {a65b9ff6-2ff0-69e7-dc10-000000001b00}
ProcessId: 29724
Image: C:\Windows\System32\svchost.exe
User: NT AUTHORITY\SYSTEM"
"2026-04-21T13:42:16.1317062+05:30","5","Process terminated:
RuleName: -
UtcTime: 2026-04-21 08:12:16.131
ProcessGuid: {a65b9ff6-3160-69e7-2111-000000001b00}
ProcessId: 31644
Image: C:\Windows\System32\taskhostw.exe
User: NT AUTHORITY\SYSTEM"
"2026-04-21T13:42:10.2296423+05:30","5","Process terminated:
RuleName: -
UtcTime: 2026-04-21 08:12:10.229
ProcessGuid: {a65b9ff6-3104-69e7-0e11-000000001b00}
ProcessId: 17752
Image: C:\Program Files\Google\Chrome\Application\chrome.exe
User: LAPTOP-I8K1DAMV\rohin"
"2026-04-21T13:42:10.2208796+05:30","5","Process terminated:
RuleName: -
UtcTime: 2026-04-21 08:12:10.219
ProcessGuid: {a65b9ff6-3104-69e7-0f11-000000001b00}
ProcessId: 30408
Image: C:\Program Files\Google\Chrome\Application\chrome.exe
User: LAPTOP-I8K1DAMV\rohin"
"2026-04-21T13:42:10.2192120+05:30","5","Process terminated:
RuleName: -
UtcTime: 2026-04-21 08:12:10.218
ProcessGuid: {a65b9ff6-3108-69e7-1011-000000001b00}
ProcessId: 20140
Image: C:\Program Files\Google\Chrome\Application\chrome.exe
User: LAPTOP-I8K1DAMV\rohin"
"2026-04-21T13:42:06.2504694+05:30","5","Process terminated:
RuleName: -
UtcTime: 2026-04-21 08:12:06.249
ProcessGuid: {a65b9ff6-3156-69e7-1911-000000001b00}
ProcessId: 17204
Image: C:\Windows\System32\taskhostw.exe
User: LAPTOP-I8K1DAMV\rohin"
"2026-04-21T13:41:50.1474584+05:30","5","Process terminated:
RuleName: -
UtcTime: 2026-04-21 08:11:50.146
ProcessGuid: {a65b9ff6-3146-69e7-1811-000000001b00}
ProcessId: 27804
Image: C:\Windows\System32\conhost.exe
User: LAPTOP-I8K1DAMV\rohin"
"2026-04-21T13:41:50.1443600+05:30","5","Process terminated:
RuleName: -
UtcTime: 2026-04-21 08:11:50.143
ProcessGuid: {a65b9ff6-3146-69e7-1711-000000001b00}
ProcessId: 25936
Image: C:\Windows\System32\reg.exe
User: LAPTOP-I8K1DAMV\rohin"
"2026-04-21T13:41:50.1025807+05:30","5","Process terminated:
RuleName: -
UtcTime: 2026-04-21 08:11:50.102
ProcessGuid: {a65b9ff6-3146-69e7-1611-000000001b00}
ProcessId: 28604
Image: C:\Windows\System32\conhost.exe
User: LAPTOP-I8K1DAMV\rohin"
"2026-04-21T13:41:50.1000804+05:30","5","Process terminated:
RuleName: -
UtcTime: 2026-04-21 08:11:50.099
ProcessGuid: {a65b9ff6-3146-69e7-1511-000000001b00}
ProcessId: 29368
Image: C:\Windows\System32\reg.exe
User: LAPTOP-I8K1DAMV\rohin"
"2026-04-21T13:41:44.4019156+05:30","5","Process terminated:
RuleName: -
UtcTime: 2026-04-21 08:11:44.400
ProcessGuid: {a65b9ff6-3118-69e7-1311-000000001b00}
ProcessId: 29792
Image: C:\Windows\System32\RuntimeBroker.exe
User: LAPTOP-I8K1DAMV\rohin"
"2026-04-21T13:41:35.8139860+05:30","5","Process terminated:
RuleName: -
UtcTime: 2026-04-21 08:11:35.809
ProcessGuid: {a65b9ff6-3119-69e7-1411-000000001b00}
ProcessId: 18028
Image: C:\Windows\System32\sppsvc.exe
User: NT AUTHORITY\NETWORK SERVICE"
"2026-04-21T13:41:17.9139250+05:30","5","Process terminated:
RuleName: -
UtcTime: 2026-04-21 08:11:17.913
ProcessGuid: {a65b9ff6-25ef-69e7-730d-000000001b00}
ProcessId: 27760
Image: C:\Program Files\Google\Chrome\Application\chrome.exe
User: LAPTOP-I8K1DAMV\rohin"
"2026-04-21T13:41:15.3540119+05:30","5","Process terminated:
RuleName: -
UtcTime: 2026-04-21 08:11:15.350
ProcessGuid: {a65b9ff6-2fe5-69e7-d210-000000001b00}
ProcessId: 30296
Image: C:\Windows\System32\svchost.exe
User: NT AUTHORITY\SYSTEM"
"2026-04-21T13:41:07.6542140+05:30","5","Process terminated:
RuleName: -
UtcTime: 2026-04-21 08:11:07.647
ProcessGuid: {a65b9ff6-3117-69e7-1111-000000001b00}
ProcessId: 22008
Image: C:\Windows\System32\taskhostw.exe
User: NT AUTHORITY\SYSTEM"
"2026-04-21T13:41:04.3788631+05:30","5","Process terminated:
RuleName: -
UtcTime: 2026-04-21 08:11:04.371
ProcessGuid: {a65b9ff6-3117-69e7-1211-000000001b00}
ProcessId: 24232
Image: C:\Windows\System32\backgroundTaskHost.exe
User: LAPTOP-I8K1DAMV\rohin"
"2026-04-21T13:40:56.0703037+05:30","5","Process terminated:
RuleName: -
UtcTime: 2026-04-21 08:10:56.068
ProcessGuid: {a65b9ff6-307d-69e7-f110-000000001b00}
ProcessId: 30268
Image: C:\Windows\System32\wbem\WmiPrvSE.exe
User: NT AUTHORITY\LOCAL SERVICE"
"2026-04-21T13:40:33.0495593+05:30","5","Process terminated:
RuleName: -
UtcTime: 2026-04-21 08:10:33.048
ProcessGuid: {a65b9ff6-307e-69e7-f210-000000001b00}
ProcessId: 31656
Image: C:\Windows\System32\svchost.exe
User: NT AUTHORITY\SYSTEM"
"2026-04-21T13:40:07.0013154+05:30","5","Process terminated:
RuleName: -
UtcTime: 2026-04-21 08:10:07.001
ProcessGuid: {a65b9ff6-30dd-69e7-0b11-000000001b00}
ProcessId: 31048
Image: D:\BTP\Log-Anamoly-Detection\.venv\Scripts\python.exe
User: LAPTOP-I8K1DAMV\rohin"
"2026-04-21T13:40:06.9965723+05:30","5","Process terminated:
RuleName: -
UtcTime: 2026-04-21 08:10:06.996
ProcessGuid: {a65b9ff6-30dd-69e7-0c11-000000001b00}
ProcessId: 29644
Image: C:\Users\rohin\AppData\Local\Programs\Python\Python314\python.exe
User: LAPTOP-I8K1DAMV\rohin"
"2026-04-21T13:40:06.9579269+05:30","5","Process terminated:
RuleName: -
UtcTime: 2026-04-21 08:10:06.957
ProcessGuid: {a65b9ff6-30dd-69e7-0d11-000000001b00}
ProcessId: 29108
Image: C:\Windows\System32\WindowsPowerShell\v1.0\powershell.exe
User: LAPTOP-I8K1DAMV\rohin"
"2026-04-21T13:39:55.1042074+05:30","5","Process terminated:
RuleName: -
UtcTime: 2026-04-21 08:09:55.094
ProcessGuid: {a65b9ff6-30d2-69e7-0911-000000001b00}
ProcessId: 24256
Image: C:\Windows\System32\conhost.exe
User: LAPTOP-I8K1DAMV\rohin"
"2026-04-21T13:39:55.1011330+05:30","5","Process terminated:
RuleName: -
UtcTime: 2026-04-21 08:09:55.094
ProcessGuid: {a65b9ff6-30d2-69e7-0811-000000001b00}
ProcessId: 10280
Image: C:\Program Files\Git\cmd\git.exe
User: LAPTOP-I8K1DAMV\rohin"
"2026-04-21T13:39:55.0966339+05:30","5","Process terminated:
RuleName: -
UtcTime: 2026-04-21 08:09:55.094
ProcessGuid: {a65b9ff6-30d3-69e7-0a11-000000001b00}
ProcessId: 23316
Image: C:\Program Files\Git\mingw64\bin\git.exe
User: LAPTOP-I8K1DAMV\rohin"
"2026-04-21T13:39:50.8499903+05:30","5","Process terminated:
RuleName: -
UtcTime: 2026-04-21 08:09:50.848
ProcessGuid: {a65b9ff6-2ac2-69e7-230f-000000001b00}
ProcessId: 19048
Image: C:\Program Files\Google\Chrome\Application\chrome.exe
User: LAPTOP-I8K1DAMV\rohin"
"2026-04-21T13:39:50.7898259+05:30","5","Process terminated:
RuleName: -
UtcTime: 2026-04-21 08:09:50.789
ProcessGuid: {a65b9ff6-2ac2-69e7-220f-000000001b00}
ProcessId: 28776
Image: C:\Program Files\Google\Chrome\Application\chrome.exe
User: LAPTOP-I8K1DAMV\rohin"
"2026-04-21T13:39:50.7463603+05:30","5","Process terminated:
RuleName: -
UtcTime: 2026-04-21 08:09:50.744
ProcessGuid: {a65b9ff6-2ac1-69e7-210f-000000001b00}
ProcessId: 6544
Image: C:\Program Files\Google\Chrome\Application\chrome.exe
User: LAPTOP-I8K1DAMV\rohin"
"2026-04-21T13:39:50.1285452+05:30","5","Process terminated:
RuleName: -
UtcTime: 2026-04-21 08:09:50.127
ProcessGuid: {a65b9ff6-30ce-69e7-0711-000000001b00}
ProcessId: 29132
Image: C:\Windows\System32\conhost.exe
User: LAPTOP-I8K1DAMV\rohin"
"2026-04-21T13:39:50.1258448+05:30","5","Process terminated:
RuleName: -
UtcTime: 2026-04-21 08:09:50.125
ProcessGuid: {a65b9ff6-30ce-69e7-0611-000000001b00}
ProcessId: 18372
Image: C:\Windows\System32\reg.exe
User: LAPTOP-I8K1DAMV\rohin"
"2026-04-21T13:39:50.0796183+05:30","5","Process terminated:
RuleName: -
UtcTime: 2026-04-21 08:09:50.078
ProcessGuid: {a65b9ff6-30ce-69e7-0511-000000001b00}
ProcessId: 29128
Image: C:\Windows\System32\conhost.exe
User: LAPTOP-I8K1DAMV\rohin"
"2026-04-21T13:39:50.0756121+05:30","5","Process terminated:
RuleName: -
UtcTime: 2026-04-21 08:09:50.074
ProcessGuid: {a65b9ff6-30ce-69e7-0411-000000001b00}
ProcessId: 31088
Image: C:\Windows\System32\reg.exe
User: LAPTOP-I8K1DAMV\rohin"
"2026-04-21T13:39:48.5890832+05:30","5","Process terminated:
RuleName: -
UtcTime: 2026-04-21 08:09:48.588
ProcessGuid: {a65b9ff6-3041-69e7-e610-000000001b00}
ProcessId: 20144
Image: C:\Program Files\Google\Chrome\Application\chrome.exe
User: LAPTOP-I8K1DAMV\rohin"
"2026-04-21T13:39:48.5889850+05:30","5","Process terminated:
RuleName: -
UtcTime: 2026-04-21 08:09:48.588
ProcessGuid: {a65b9ff6-3044-69e7-e810-000000001b00}
ProcessId: 28168
Image: C:\Program Files\Google\Chrome\Application\chrome.exe
User: LAPTOP-I8K1DAMV\rohin"
"2026-04-21T13:39:48.1015098+05:30","5","Process terminated:
RuleName: -
UtcTime: 2026-04-21 08:09:48.100
ProcessGuid: {a65b9ff6-3043-69e7-e710-000000001b00}
ProcessId: 21116
Image: C:\Program Files\Google\Chrome\Application\chrome.exe
User: LAPTOP-I8K1DAMV\rohin"
"2026-04-21T13:39:45.6632328+05:30","5","Process terminated:
RuleName: -
UtcTime: 2026-04-21 08:09:45.662
ProcessGuid: {a65b9ff6-30b0-69e7-0311-000000001b00}
ProcessId: 14880
Image: C:\Program Files\Google\Chrome\Application\chrome.exe
User: LAPTOP-I8K1DAMV\rohin"
"2026-04-21T13:39:26.9746919+05:30","5","Process terminated:
RuleName: -
UtcTime: 2026-04-21 08:09:26.974
ProcessGuid: {a65b9ff6-308e-69e7-f610-000000001b00}
ProcessId: 29440
Image: C:\Windows\System32\RuntimeBroker.exe
User: LAPTOP-I8K1DAMV\rohin"
"2026-04-21T13:39:21.1100171+05:30","5","Process terminated:
RuleName: -
UtcTime: 2026-04-21 08:09:21.109
ProcessGuid: {a65b9ff6-30ac-69e7-0111-000000001b00}
ProcessId: 28392
Image: C:\Program Files\Google\Chrome\Application\chrome.exe
User: LAPTOP-I8K1DAMV\rohin"
"2026-04-21T13:39:21.0535578+05:30","5","Process terminated:
RuleName: -
UtcTime: 2026-04-21 08:09:21.053
ProcessGuid: {a65b9ff6-30ae-69e7-0211-000000001b00}
ProcessId: 2204
Image: C:\Program Files\Google\Chrome\Application\chrome.exe
User: LAPTOP-I8K1DAMV\rohin"
"2026-04-21T13:39:16.6656801+05:30","5","Process terminated:
RuleName: -
UtcTime: 2026-04-21 08:09:16.665
ProcessGuid: {a65b9ff6-30a5-69e7-0011-000000001b00}
ProcessId: 18676
Image: C:\Program Files\Google\Chrome\Application\chrome.exe
User: LAPTOP-I8K1DAMV\rohin"
"2026-04-21T13:39:16.6499648+05:30","5","Process terminated:
RuleName: -
UtcTime: 2026-04-21 08:09:16.649
ProcessGuid: {a65b9ff6-30a4-69e7-ff10-000000001b00}
ProcessId: 31260
Image: C:\Program Files\Google\Chrome\Application\chrome.exe
User: LAPTOP-I8K1DAMV\rohin"
"2026-04-21T13:39:16.6421426+05:30","5","Process terminated:
RuleName: -
UtcTime: 2026-04-21 08:09:16.641
ProcessGuid: {a65b9ff6-30a4-69e7-fe10-000000001b00}
ProcessId: 3700
Image: C:\Program Files\Google\Chrome\Application\chrome.exe
User: LAPTOP-I8K1DAMV\rohin"
"2026-04-21T13:39:03.3361879+05:30","5","Process terminated:
RuleName: -
UtcTime: 2026-04-21 08:09:03.335
ProcessGuid: {a65b9ff6-305d-69e7-f010-000000001b00}
ProcessId: 28360
Image: C:\Program Files\Google\Chrome\Application\chrome.exe
User: LAPTOP-I8K1DAMV\rohin"
"2026-04-21T13:39:03.0984253+05:30","5","Process terminated:
RuleName: -
UtcTime: 2026-04-21 08:09:03.098
ProcessGuid: {a65b9ff6-309a-69e7-fd10-000000001b00}
ProcessId: 16004
Image: C:\Program Files\Google\Chrome\Application\chrome.exe
User: LAPTOP-I8K1DAMV\rohin"
"2026-04-21T13:38:50.6310068+05:30","5","Process terminated:
RuleName: -
UtcTime: 2026-04-21 08:08:50.630
ProcessGuid: {a65b9ff6-3092-69e7-fc10-000000001b00}
ProcessId: 14876
Image: C:\Windows\System32\conhost.exe
User: LAPTOP-I8K1DAMV\rohin"
"2026-04-21T13:38:50.6241916+05:30","5","Process terminated:
RuleName: -
UtcTime: 2026-04-21 08:08:50.623
ProcessGuid: {a65b9ff6-3092-69e7-fb10-000000001b00}
ProcessId: 16584
Image: C:\Windows\System32\reg.exe
User: LAPTOP-I8K1DAMV\rohin"
"2026-04-21T13:38:50.5201650+05:30","5","Process terminated:
RuleName: -
UtcTime: 2026-04-21 08:08:50.519
ProcessGuid: {a65b9ff6-3092-69e7-fa10-000000001b00}
ProcessId: 31084
Image: C:\Windows\System32\conhost.exe
User: LAPTOP-I8K1DAMV\rohin"
"2026-04-21T13:38:50.5168025+05:30","5","Process terminated:
RuleName: -
UtcTime: 2026-04-21 08:08:50.516
ProcessGuid: {a65b9ff6-3092-69e7-f910-000000001b00}
ProcessId: 28236
Image: C:\Windows\System32\reg.exe
User: LAPTOP-I8K1DAMV\rohin"
"2026-04-21T13:38:46.9440901+05:30","5","Process terminated:
RuleName: -
UtcTime: 2026-04-21 08:08:46.942
ProcessGuid: {a65b9ff6-308d-69e7-f510-000000001b00}
ProcessId: 5188
Image: C:\Windows\System32\backgroundTaskHost.exe
User: LAPTOP-I8K1DAMV\rohin"
"2026-04-21T13:37:50.1543588+05:30","5","Process terminated:
RuleName: -
UtcTime: 2026-04-21 08:07:50.153
ProcessGuid: {a65b9ff6-3056-69e7-ee10-000000001b00}
ProcessId: 31472
Image: C:\Windows\System32\conhost.exe
User: LAPTOP-I8K1DAMV\rohin"
"2026-04-21T13:37:50.1490163+05:30","5","Process terminated:
RuleName: -
UtcTime: 2026-04-21 08:07:50.148
ProcessGuid: {a65b9ff6-3056-69e7-ed10-000000001b00}
ProcessId: 11016
Image: C:\Windows\System32\reg.exe
User: LAPTOP-I8K1DAMV\rohin"
"2026-04-21T13:37:50.0895724+05:30","5","Process terminated:
RuleName: -
UtcTime: 2026-04-21 08:07:50.089
ProcessGuid: {a65b9ff6-3056-69e7-ec10-000000001b00}
ProcessId: 7008
Image: C:\Windows\System32\conhost.exe
User: LAPTOP-I8K1DAMV\rohin"
"2026-04-21T13:37:50.0863845+05:30","5","Process terminated:
RuleName: -
UtcTime: 2026-04-21 08:07:50.086
ProcessGuid: {a65b9ff6-3056-69e7-eb10-000000001b00}
ProcessId: 2944
Image: C:\Windows\System32\reg.exe
User: LAPTOP-I8K1DAMV\rohin"
"2026-04-21T13:37:37.2385290+05:30","5","Process terminated:
RuleName: -
UtcTime: 2026-04-21 08:07:37.238
ProcessGuid: {a65b9ff6-3048-69e7-ea10-000000001b00}
ProcessId: 9916
Image: C:\Program Files\Google\Chrome\Application\chrome.exe
User: LAPTOP-I8K1DAMV\rohin"
"2026-04-21T13:37:30.5445644+05:30","5","Process terminated:
RuleName: -
UtcTime: 2026-04-21 08:07:30.543
ProcessGuid: {a65b9ff6-303c-69e7-e210-000000001b00}
ProcessId: 6412
Image: C:\Program Files\Google\Chrome\Application\chrome.exe
User: LAPTOP-I8K1DAMV\rohin"
"2026-04-21T13:37:30.5342901+05:30","5","Process terminated:
RuleName: -
UtcTime: 2026-04-21 08:07:30.533
ProcessGuid: {a65b9ff6-303d-69e7-e310-000000001b00}
ProcessId: 12308
Image: C:\Program Files\Google\Chrome\Application\chrome.exe
User: LAPTOP-I8K1DAMV\rohin"
"2026-04-21T13:37:29.9104911+05:30","5","Process terminated:
RuleName: -
UtcTime: 2026-04-21 08:07:29.909
ProcessGuid: {a65b9ff6-3040-69e7-e510-000000001b00}
ProcessId: 30108
Image: C:\Program Files\Google\Chrome\Application\chrome.exe
User: LAPTOP-I8K1DAMV\rohin"
"2026-04-21T13:37:07.4900973+05:30","5","Process terminated:
RuleName: -
UtcTime: 2026-04-21 08:07:07.489
ProcessGuid: {a65b9ff6-2fe5-69e7-d310-000000001b00}
ProcessId: 30052
Image: C:\Windows\System32\backgroundTaskHost.exe
User: LAPTOP-I8K1DAMV\rohin"
"2026-04-21T13:36:57.4136914+05:30","5","Process terminated:
RuleName: -
UtcTime: 2026-04-21 08:06:57.412
ProcessGuid: {a65b9ff6-2f8d-69e7-6310-000000001b00}
ProcessId: 21204
Image: C:\Windows\System32\wbem\WmiPrvSE.exe
User: NT AUTHORITY\LOCAL SERVICE"
"2026-04-21T13:36:50.1766507+05:30","5","Process terminated:
RuleName: -
UtcTime: 2026-04-21 08:06:50.170
ProcessGuid: {a65b9ff6-301a-69e7-e110-000000001b00}
ProcessId: 30488
Image: C:\Windows\System32\conhost.exe
User: LAPTOP-I8K1DAMV\rohin"
"2026-04-21T13:36:50.1741307+05:30","5","Process terminated:
RuleName: -
UtcTime: 2026-04-21 08:06:50.170
ProcessGuid: {a65b9ff6-301a-69e7-e010-000000001b00}
ProcessId: 11844
Image: C:\Windows\System32\reg.exe
User: LAPTOP-I8K1DAMV\rohin"
"2026-04-21T13:36:50.1253516+05:30","5","Process terminated:
RuleName: -
UtcTime: 2026-04-21 08:06:50.123
ProcessGuid: {a65b9ff6-301a-69e7-df10-000000001b00}
ProcessId: 28528
Image: C:\Windows\System32\conhost.exe
User: LAPTOP-I8K1DAMV\rohin"
"2026-04-21T13:36:50.1226493+05:30","5","Process terminated:
RuleName: -
UtcTime: 2026-04-21 08:06:50.120
ProcessGuid: {a65b9ff6-301a-69e7-de10-000000001b00}
ProcessId: 28440
Image: C:\Windows\System32\reg.exe
User: LAPTOP-I8K1DAMV\rohin"
"2026-04-21T13:36:45.2539482+05:30","5","Process terminated:
RuleName: -
UtcTime: 2026-04-21 08:06:45.249
ProcessGuid: {a65b9ff6-2fe6-69e7-d510-000000001b00}
ProcessId: 29388
Image: C:\Windows\System32\RuntimeBroker.exe
User: LAPTOP-I8K1DAMV\rohin"
"2026-04-21T13:36:34.7796782+05:30","5","Process terminated:
RuleName: -
UtcTime: 2026-04-21 08:06:34.778
ProcessGuid: {a65b9ff6-300a-69e7-dd10-000000001b00}
ProcessId: 19956
Image: C:\Windows\System32\wermgr.exe
User: NT AUTHORITY\SYSTEM"
"2026-04-21T13:36:15.2428851+05:30","5","Process terminated:
RuleName: -
UtcTime: 2026-04-21 08:06:15.242
ProcessGuid: {a65b9ff6-2fe6-69e7-d410-000000001b00}
ProcessId: 26716
Image: C:\Program Files\WindowsApps\microsoft.windowscommunicationsapps_16005.14326.22342.0_x64__8wekyb3d8bbwe\HxTsr.exe
User: LAPTOP-I8K1DAMV\rohin"
"2026-04-21T13:36:10.2452280+05:30","5","Process terminated:
RuleName: -
UtcTime: 2026-04-21 08:06:10.244
ProcessGuid: {a65b9ff6-2ff0-69e7-db10-000000001b00}
ProcessId: 4272
Image: C:\Windows\System32\taskhostw.exe
User: LAPTOP-I8K1DAMV\rohin"
"2026-04-21T13:36:02.8112432+05:30","5","Process terminated:
RuleName: -
UtcTime: 2026-04-21 08:06:02.810
ProcessGuid: {a65b9ff6-2f8d-69e7-6410-000000001b00}
ProcessId: 16716
Image: C:\Windows\System32\svchost.exe
User: NT AUTHORITY\SYSTEM"
"2026-04-21T13:36:02.0461934+05:30","5","Process terminated:
RuleName: -
UtcTime: 2026-04-21 08:06:02.045
ProcessGuid: {a65b9ff6-2fe9-69e7-d910-000000001b00}
ProcessId: 6712
Image: C:\Windows\System32\taskhostw.exe
User: LAPTOP-I8K1DAMV\rohin"
"2026-04-21T13:36:02.0419608+05:30","5","Process terminated:
RuleName: -
UtcTime: 2026-04-21 08:06:02.041
ProcessGuid: {a65b9ff6-2fe9-69e7-da10-000000001b00}
ProcessId: 29196
Image: C:\Windows\SystemApps\MicrosoftWindows.Client.CBS_cw5n1h2txyewy\SoftLandingTask\SoftLandingTask.exe
User: LAPTOP-I8K1DAMV\rohin"
"2026-04-21T13:36:01.5101262+05:30","5","Process terminated:
RuleName: -
UtcTime: 2026-04-21 08:06:01.509
ProcessGuid: {a65b9ff6-2fe9-69e7-d710-000000001b00}
ProcessId: 27956
Image: C:\Windows\System32\conhost.exe
User: LAPTOP-I8K1DAMV\rohin"
"2026-04-21T13:36:01.5064736+05:30","5","Process terminated:
RuleName: -
UtcTime: 2026-04-21 08:06:01.506
ProcessGuid: {a65b9ff6-2fe9-69e7-d610-000000001b00}
ProcessId: 8240
Image: C:\Program Files\Git\cmd\git.exe
User: LAPTOP-I8K1DAMV\rohin"
"2026-04-21T13:36:01.5014012+05:30","5","Process terminated:
RuleName: -
UtcTime: 2026-04-21 08:06:01.501
ProcessGuid: {a65b9ff6-2fe9-69e7-d810-000000001b00}
ProcessId: 29904
Image: C:\Program Files\Git\mingw64\bin\git.exe
User: LAPTOP-I8K1DAMV\rohin"
"2026-04-21T13:35:59.1495643+05:30","5","Process terminated:
RuleName: -
UtcTime: 2026-04-21 08:05:59.149
ProcessGuid: {a65b9ff6-2fc9-69e7-a010-000000001b00}
ProcessId: 20096
Image: C:\Windows\System32\cmd.exe
User: LAPTOP-I8K1DAMV\rohin"
"2026-04-21T13:35:59.1226902+05:30","5","Process terminated:
RuleName: -
UtcTime: 2026-04-21 08:05:59.122
ProcessGuid: {a65b9ff6-2fe4-69e7-d010-000000001b00}
ProcessId: 7740
Image: D:\BTP\Log-Anamoly-Detection\.venv\Scripts\python.exe
User: LAPTOP-I8K1DAMV\rohin"
"2026-04-21T13:35:59.1088927+05:30","5","Process terminated:
RuleName: -
UtcTime: 2026-04-21 08:05:59.108
ProcessGuid: {a65b9ff6-2fe4-69e7-d110-000000001b00}
ProcessId: 19052
Image: C:\Users\rohin\AppData\Local\Programs\Python\Python314\python.exe
User: LAPTOP-I8K1DAMV\rohin"
"2026-04-21T13:35:56.2673599+05:30","5","Process terminated:
RuleName: -
UtcTime: 2026-04-21 08:05:56.267
ProcessGuid: {a65b9ff6-2fe3-69e7-cd10-000000001b00}
ProcessId: 31092
Image: D:\BTP\Log-Anamoly-Detection\.venv\Scripts\python.exe
User: LAPTOP-I8K1DAMV\rohin"
"2026-04-21T13:35:56.2624724+05:30","5","Process terminated:
RuleName: -
UtcTime: 2026-04-21 08:05:56.262
ProcessGuid: {a65b9ff6-2fe3-69e7-ce10-000000001b00}
ProcessId: 17328
Image: C:\Users\rohin\AppData\Local\Programs\Python\Python314\python.exe
User: LAPTOP-I8K1DAMV\rohin"
"2026-04-21T13:35:56.2315744+05:30","5","Process terminated:
RuleName: -
UtcTime: 2026-04-21 08:05:56.231
ProcessGuid: {a65b9ff6-2fe3-69e7-cf10-000000001b00}
ProcessId: 30668
Image: C:\Windows\System32\WindowsPowerShell\v1.0\powershell.exe
User: LAPTOP-I8K1DAMV\rohin"
"2026-04-21T13:35:55.0887107+05:30","5","Process terminated:
RuleName: -
UtcTime: 2026-04-21 08:05:55.088
ProcessGuid: {a65b9ff6-2fc9-69e7-a110-000000001b00}
ProcessId: 22752
Image: D:\BTP\Log-Anamoly-Detection\.venv\Scripts\python.exe
User: LAPTOP-I8K1DAMV\rohin"
"2026-04-21T13:35:55.0822187+05:30","5","Process terminated:
RuleName: -
UtcTime: 2026-04-21 08:05:55.081
ProcessGuid: {a65b9ff6-2fc9-69e7-a210-000000001b00}
ProcessId: 21500
Image: C:\Users\rohin\AppData\Local\Programs\Python\Python314\python.exe
User: LAPTOP-I8K1DAMV\rohin"
"2026-04-21T13:35:55.0277537+05:30","11","File created:
RuleName: -
UtcTime: 2026-04-21 08:05:55.026
ProcessGuid: {a65b9ff6-2fc9-69e7-a210-000000001b00}
ProcessId: 21500
Image: C:\Users\rohin\AppData\Local\Programs\Python\Python314\python.exe
TargetFilename: D:\BTP\Log-Anamoly-Detection\attack_files\attack_file_029.txt
CreationUtcTime: 2026-04-20 23:20:30.906
User: LAPTOP-I8K1DAMV\rohin"
"2026-04-21T13:35:54.9958964+05:30","11","File created:
RuleName: -
UtcTime: 2026-04-21 08:05:54.995
ProcessGuid: {a65b9ff6-2fc9-69e7-a210-000000001b00}
ProcessId: 21500
Image: C:\Users\rohin\AppData\Local\Programs\Python\Python314\python.exe
TargetFilename: D:\BTP\Log-Anamoly-Detection\attack_files\attack_file_028.txt
CreationUtcTime: 2026-04-20 23:20:30.897
User: LAPTOP-I8K1DAMV\rohin"
"2026-04-21T13:35:54.9639684+05:30","11","File created:
RuleName: -
UtcTime: 2026-04-21 08:05:54.963
ProcessGuid: {a65b9ff6-2fc9-69e7-a210-000000001b00}
ProcessId: 21500
Image: C:\Users\rohin\AppData\Local\Programs\Python\Python314\python.exe
TargetFilename: D:\BTP\Log-Anamoly-Detection\attack_files\attack_file_027.txt
CreationUtcTime: 2026-04-20 23:20:30.896
User: LAPTOP-I8K1DAMV\rohin"
"2026-04-21T13:35:54.9319819+05:30","11","File created:
RuleName: -
UtcTime: 2026-04-21 08:05:54.931
ProcessGuid: {a65b9ff6-2fc9-69e7-a210-000000001b00}
ProcessId: 21500
Image: C:\Users\rohin\AppData\Local\Programs\Python\Python314\python.exe
TargetFilename: D:\BTP\Log-Anamoly-Detection\attack_files\attack_file_026.txt
CreationUtcTime: 2026-04-20 23:20:30.890
User: LAPTOP-I8K1DAMV\rohin"
"2026-04-21T13:35:54.9000550+05:30","11","File created:
RuleName: -
UtcTime: 2026-04-21 08:05:54.899
ProcessGuid: {a65b9ff6-2fc9-69e7-a210-000000001b00}
ProcessId: 21500
Image: C:\Users\rohin\AppData\Local\Programs\Python\Python314\python.exe
TargetFilename: D:\BTP\Log-Anamoly-Detection\attack_files\attack_file_025.txt
CreationUtcTime: 2026-04-20 23:20:30.883
User: LAPTOP-I8K1DAMV\rohin"
"2026-04-21T13:35:54.8679928+05:30","11","File created:
RuleName: -
UtcTime: 2026-04-21 08:05:54.867
ProcessGuid: {a65b9ff6-2fc9-69e7-a210-000000001b00}
ProcessId: 21500
Image: C:\Users\rohin\AppData\Local\Programs\Python\Python314\python.exe
TargetFilename: D:\BTP\Log-Anamoly-Detection\attack_files\attack_file_024.txt
CreationUtcTime: 2026-04-20 23:20:30.879
User: LAPTOP-I8K1DAMV\rohin"
"2026-04-21T13:35:54.8360248+05:30","11","File created:
RuleName: -
UtcTime: 2026-04-21 08:05:54.835
ProcessGuid: {a65b9ff6-2fc9-69e7-a210-000000001b00}
ProcessId: 21500
Image: C:\Users\rohin\AppData\Local\Programs\Python\Python314\python.exe
TargetFilename: D:\BTP\Log-Anamoly-Detection\attack_files\attack_file_023.txt
CreationUtcTime: 2026-04-20 23:20:30.873
User: LAPTOP-I8K1DAMV\rohin"
"2026-04-21T13:35:54.8035994+05:30","11","File created:
RuleName: -
UtcTime: 2026-04-21 08:05:54.803
ProcessGuid: {a65b9ff6-2fc9-69e7-a210-000000001b00}
ProcessId: 21500
Image: C:\Users\rohin\AppData\Local\Programs\Python\Python314\python.exe
TargetFilename: D:\BTP\Log-Anamoly-Detection\attack_files\attack_file_022.txt
CreationUtcTime: 2026-04-20 23:20:30.868
User: LAPTOP-I8K1DAMV\rohin"
"2026-04-21T13:35:54.7714346+05:30","11","File created:
RuleName: -
UtcTime: 2026-04-21 08:05:54.770
ProcessGuid: {a65b9ff6-2fc9-69e7-a210-000000001b00}
ProcessId: 21500
Image: C:\Users\rohin\AppData\Local\Programs\Python\Python314\python.exe
TargetFilename: D:\BTP\Log-Anamoly-Detection\attack_files\attack_file_021.txt
CreationUtcTime: 2026-04-20 23:20:30.865
User: LAPTOP-I8K1DAMV\rohin"
"2026-04-21T13:35:54.7390679+05:30","11","File created:
RuleName: -
UtcTime: 2026-04-21 08:05:54.738
ProcessGuid: {a65b9ff6-2fc9-69e7-a210-000000001b00}
ProcessId: 21500
Image: C:\Users\rohin\AppData\Local\Programs\Python\Python314\python.exe
TargetFilename: D:\BTP\Log-Anamoly-Detection\attack_files\attack_file_020.txt
CreationUtcTime: 2026-04-20 23:20:30.859
User: LAPTOP-I8K1DAMV\rohin"
"2026-04-21T13:35:54.7068544+05:30","11","File created:
RuleName: -
UtcTime: 2026-04-21 08:05:54.706
ProcessGuid: {a65b9ff6-2fc9-69e7-a210-000000001b00}
ProcessId: 21500
Image: C:\Users\rohin\AppData\Local\Programs\Python\Python314\python.exe
TargetFilename: D:\BTP\Log-Anamoly-Detection\attack_files\attack_file_019.txt
CreationUtcTime: 2026-04-20 23:20:30.853
User: LAPTOP-I8K1DAMV\rohin"
"2026-04-21T13:35:54.6748587+05:30","11","File created:
RuleName: -
UtcTime: 2026-04-21 08:05:54.673
ProcessGuid: {a65b9ff6-2fc9-69e7-a210-000000001b00}
ProcessId: 21500
Image: C:\Users\rohin\AppData\Local\Programs\Python\Python314\python.exe
TargetFilename: D:\BTP\Log-Anamoly-Detection\attack_files\attack_file_018.txt
CreationUtcTime: 2026-04-20 23:20:30.849
User: LAPTOP-I8K1DAMV\rohin"
"2026-04-21T13:35:54.6429740+05:30","11","File created:
RuleName: -
UtcTime: 2026-04-21 08:05:54.641
ProcessGuid: {a65b9ff6-2fc9-69e7-a210-000000001b00}
ProcessId: 21500
Image: C:\Users\rohin\AppData\Local\Programs\Python\Python314\python.exe
TargetFilename: D:\BTP\Log-Anamoly-Detection\attack_files\attack_file_017.txt
CreationUtcTime: 2026-04-20 23:20:30.844
User: LAPTOP-I8K1DAMV\rohin"
"2026-04-21T13:35:54.6110177+05:30","11","File created:
RuleName: -
UtcTime: 2026-04-21 08:05:54.609
ProcessGuid: {a65b9ff6-2fc9-69e7-a210-000000001b00}
ProcessId: 21500
Image: C:\Users\rohin\AppData\Local\Programs\Python\Python314\python.exe
TargetFilename: D:\BTP\Log-Anamoly-Detection\attack_files\attack_file_016.txt
CreationUtcTime: 2026-04-20 23:20:30.840
User: LAPTOP-I8K1DAMV\rohin"
"2026-04-21T13:35:54.5791997+05:30","11","File created:
RuleName: -
UtcTime: 2026-04-21 08:05:54.578
ProcessGuid: {a65b9ff6-2fc9-69e7-a210-000000001b00}
ProcessId: 21500
Image: C:\Users\rohin\AppData\Local\Programs\Python\Python314\python.exe
TargetFilename: D:\BTP\Log-Anamoly-Detection\attack_files\attack_file_015.txt
CreationUtcTime: 2026-04-20 23:20:30.834
User: LAPTOP-I8K1DAMV\rohin"
"2026-04-21T13:35:54.5474897+05:30","11","File created:
RuleName: -
UtcTime: 2026-04-21 08:05:54.547
ProcessGuid: {a65b9ff6-2fc9-69e7-a210-000000001b00}
ProcessId: 21500
Image: C:\Users\rohin\AppData\Local\Programs\Python\Python314\python.exe
TargetFilename: D:\BTP\Log-Anamoly-Detection\attack_files\attack_file_014.txt
CreationUtcTime: 2026-04-20 23:20:30.827
User: LAPTOP-I8K1DAMV\rohin"
"2026-04-21T13:35:54.5154914+05:30","11","File created:
RuleName: -
UtcTime: 2026-04-21 08:05:54.515
ProcessGuid: {a65b9ff6-2fc9-69e7-a210-000000001b00}
ProcessId: 21500
Image: C:\Users\rohin\AppData\Local\Programs\Python\Python314\python.exe
TargetFilename: D:\BTP\Log-Anamoly-Detection\attack_files\attack_file_013.txt
CreationUtcTime: 2026-04-20 23:20:30.818
User: LAPTOP-I8K1DAMV\rohin"
"2026-04-21T13:35:54.4835431+05:30","11","File created:
RuleName: -
UtcTime: 2026-04-21 08:05:54.482
ProcessGuid: {a65b9ff6-2fc9-69e7-a210-000000001b00}
ProcessId: 21500
Image: C:\Users\rohin\AppData\Local\Programs\Python\Python314\python.exe
TargetFilename: D:\BTP\Log-Anamoly-Detection\attack_files\attack_file_012.txt
CreationUtcTime: 2026-04-20 23:20:30.802
User: LAPTOP-I8K1DAMV\rohin"
"2026-04-21T13:35:54.4516630+05:30","11","File created:
RuleName: -
UtcTime: 2026-04-21 08:05:54.450
ProcessGuid: {a65b9ff6-2fc9-69e7-a210-000000001b00}
ProcessId: 21500
Image: C:\Users\rohin\AppData\Local\Programs\Python\Python314\python.exe
TargetFilename: D:\BTP\Log-Anamoly-Detection\attack_files\attack_file_011.txt
CreationUtcTime: 2026-04-20 23:20:30.802
User: LAPTOP-I8K1DAMV\rohin"
"2026-04-21T13:35:54.4195399+05:30","11","File created:
RuleName: -
UtcTime: 2026-04-21 08:05:54.418
ProcessGuid: {a65b9ff6-2fc9-69e7-a210-000000001b00}
ProcessId: 21500
Image: C:\Users\rohin\AppData\Local\Programs\Python\Python314\python.exe
TargetFilename: D:\BTP\Log-Anamoly-Detection\attack_files\attack_file_010.txt
CreationUtcTime: 2026-04-20 23:20:30.802
User: LAPTOP-I8K1DAMV\rohin"
"2026-04-21T13:35:54.3876688+05:30","11","File created:
RuleName: -
UtcTime: 2026-04-21 08:05:54.387
ProcessGuid: {a65b9ff6-2fc9-69e7-a210-000000001b00}
ProcessId: 21500
Image: C:\Users\rohin\AppData\Local\Programs\Python\Python314\python.exe
TargetFilename: D:\BTP\Log-Anamoly-Detection\attack_files\attack_file_009.txt
CreationUtcTime: 2026-04-20 23:20:30.802
User: LAPTOP-I8K1DAMV\rohin"
"2026-04-21T13:35:54.3556565+05:30","11","File created:
RuleName: -
UtcTime: 2026-04-21 08:05:54.354
ProcessGuid: {a65b9ff6-2fc9-69e7-a210-000000001b00}
ProcessId: 21500
Image: C:\Users\rohin\AppData\Local\Programs\Python\Python314\python.exe
TargetFilename: D:\BTP\Log-Anamoly-Detection\attack_files\attack_file_008.txt
CreationUtcTime: 2026-04-20 23:20:30.786
User: LAPTOP-I8K1DAMV\rohin"
"2026-04-21T13:35:54.3254429+05:30","11","File created:
RuleName: -
UtcTime: 2026-04-21 08:05:54.322
ProcessGuid: {a65b9ff6-2fc9-69e7-a210-000000001b00}
ProcessId: 21500
Image: C:\Users\rohin\AppData\Local\Programs\Python\Python314\python.exe
TargetFilename: D:\BTP\Log-Anamoly-Detection\attack_files\attack_file_007.txt
CreationUtcTime: 2026-04-20 23:20:30.786
User: LAPTOP-I8K1DAMV\rohin"
"2026-04-21T13:35:54.2924160+05:30","11","File created:
RuleName: -
UtcTime: 2026-04-21 08:05:54.291
ProcessGuid: {a65b9ff6-2fc9-69e7-a210-000000001b00}
ProcessId: 21500
Image: C:\Users\rohin\AppData\Local\Programs\Python\Python314\python.exe
TargetFilename: D:\BTP\Log-Anamoly-Detection\attack_files\attack_file_006.txt
CreationUtcTime: 2026-04-20 23:20:30.786
User: LAPTOP-I8K1DAMV\rohin"
"2026-04-21T13:35:54.2608359+05:30","11","File created:
RuleName: -
UtcTime: 2026-04-21 08:05:54.260
ProcessGuid: {a65b9ff6-2fc9-69e7-a210-000000001b00}
ProcessId: 21500
Image: C:\Users\rohin\AppData\Local\Programs\Python\Python314\python.exe
TargetFilename: D:\BTP\Log-Anamoly-Detection\attack_files\attack_file_005.txt
CreationUtcTime: 2026-04-20 23:20:30.782
User: LAPTOP-I8K1DAMV\rohin"
"2026-04-21T13:35:54.2292809+05:30","11","File created:
RuleName: -
UtcTime: 2026-04-21 08:05:54.228
ProcessGuid: {a65b9ff6-2fc9-69e7-a210-000000001b00}
ProcessId: 21500
Image: C:\Users\rohin\AppData\Local\Programs\Python\Python314\python.exe
TargetFilename: D:\BTP\Log-Anamoly-Detection\attack_files\attack_file_004.txt
CreationUtcTime: 2026-04-20 23:20:30.778
User: LAPTOP-I8K1DAMV\rohin"
"2026-04-21T13:35:54.1974567+05:30","11","File created:
RuleName: -
UtcTime: 2026-04-21 08:05:54.196
ProcessGuid: {a65b9ff6-2fc9-69e7-a210-000000001b00}
ProcessId: 21500
Image: C:\Users\rohin\AppData\Local\Programs\Python\Python314\python.exe
TargetFilename: D:\BTP\Log-Anamoly-Detection\attack_files\attack_file_003.txt
CreationUtcTime: 2026-04-20 23:20:30.771
User: LAPTOP-I8K1DAMV\rohin"
"2026-04-21T13:35:54.1654643+05:30","11","File created:
RuleName: -
UtcTime: 2026-04-21 08:05:54.165
ProcessGuid: {a65b9ff6-2fc9-69e7-a210-000000001b00}
ProcessId: 21500
Image: C:\Users\rohin\AppData\Local\Programs\Python\Python314\python.exe
TargetFilename: D:\BTP\Log-Anamoly-Detection\attack_files\attack_file_002.txt
CreationUtcTime: 2026-04-20 23:20:30.767
User: LAPTOP-I8K1DAMV\rohin"
"2026-04-21T13:35:54.1329287+05:30","11","File created:
RuleName: -
UtcTime: 2026-04-21 08:05:54.131
ProcessGuid: {a65b9ff6-2fc9-69e7-a210-000000001b00}
ProcessId: 21500
Image: C:\Users\rohin\AppData\Local\Programs\Python\Python314\python.exe
TargetFilename: D:\BTP\Log-Anamoly-Detection\attack_files\attack_file_001.txt
CreationUtcTime: 2026-04-20 23:20:30.763
User: LAPTOP-I8K1DAMV\rohin"
"2026-04-21T13:35:54.1009266+05:30","11","File created:
RuleName: -
UtcTime: 2026-04-21 08:05:54.098
ProcessGuid: {a65b9ff6-2fc9-69e7-a210-000000001b00}
ProcessId: 21500
Image: C:\Users\rohin\AppData\Local\Programs\Python\Python314\python.exe
TargetFilename: D:\BTP\Log-Anamoly-Detection\attack_files\attack_file_000.txt
CreationUtcTime: 2026-04-20 23:20:30.758
User: LAPTOP-I8K1DAMV\rohin"
"2026-04-21T13:35:53.8847793+05:30","5","Process terminated:
RuleName: -
UtcTime: 2026-04-21 08:05:53.880
ProcessGuid: {a65b9ff6-2fe1-69e7-cc10-000000001b00}
ProcessId: 31484
Image: C:\Windows\System32\WindowsPowerShell\v1.0\powershell.exe
User: LAPTOP-I8K1DAMV\rohin"
"2026-04-21T13:35:53.1546767+05:30","5","Process terminated:
RuleName: -
UtcTime: 2026-04-21 08:05:53.143
ProcessGuid: {a65b9ff6-2fe0-69e7-cb10-000000001b00}
ProcessId: 28028
Image: C:\Windows\System32\WindowsPowerShell\v1.0\powershell.exe
User: LAPTOP-I8K1DAMV\rohin"
"2026-04-21T13:35:52.2957570+05:30","5","Process terminated:
RuleName: -
UtcTime: 2026-04-21 08:05:52.295
ProcessGuid: {a65b9ff6-2fdf-69e7-ca10-000000001b00}
ProcessId: 19820
Image: C:\Windows\System32\WindowsPowerShell\v1.0\powershell.exe
User: LAPTOP-I8K1DAMV\rohin"
"2026-04-21T13:35:51.3120805+05:30","5","Process terminated:
RuleName: -
UtcTime: 2026-04-21 08:05:51.311
ProcessGuid: {a65b9ff6-2fde-69e7-c910-000000001b00}
ProcessId: 15440
Image: C:\Windows\System32\WindowsPowerShell\v1.0\powershell.exe
User: LAPTOP-I8K1DAMV\rohin"
"2026-04-21T13:35:50.1588004+05:30","5","Process terminated:
RuleName: -
UtcTime: 2026-04-21 08:05:50.157
ProcessGuid: {a65b9ff6-2fde-69e7-c810-000000001b00}
ProcessId: 13040
Image: C:\Windows\System32\conhost.exe
User: LAPTOP-I8K1DAMV\rohin"
"2026-04-21T13:35:50.1555588+05:30","5","Process terminated:
RuleName: -
UtcTime: 2026-04-21 08:05:50.152
ProcessGuid: {a65b9ff6-2fde-69e7-c710-000000001b00}
ProcessId: 7984
Image: C:\Windows\System32\reg.exe
User: LAPTOP-I8K1DAMV\rohin"
"2026-04-21T13:35:50.1204277+05:30","5","Process terminated:
RuleName: -
UtcTime: 2026-04-21 08:05:50.117
ProcessGuid: {a65b9ff6-2fdd-69e7-c410-000000001b00}
ProcessId: 24008
Image: C:\Windows\System32\WindowsPowerShell\v1.0\powershell.exe
User: LAPTOP-I8K1DAMV\rohin"
"2026-04-21T13:35:50.0862662+05:30","5","Process terminated:
RuleName: -
UtcTime: 2026-04-21 08:05:50.085
ProcessGuid: {a65b9ff6-2fde-69e7-c610-000000001b00}
ProcessId: 29552
Image: C:\Windows\System32\conhost.exe
User: LAPTOP-I8K1DAMV\rohin"
"2026-04-21T13:35:50.0793472+05:30","5","Process terminated:
RuleName: -
UtcTime: 2026-04-21 08:05:50.073
ProcessGuid: {a65b9ff6-2fde-69e7-c510-000000001b00}
ProcessId: 12780
Image: C:\Windows\System32\reg.exe
User: LAPTOP-I8K1DAMV\rohin"
"2026-04-21T13:35:49.2358198+05:30","5","Process terminated:
RuleName: -
UtcTime: 2026-04-21 08:05:49.234
ProcessGuid: {a65b9ff6-2fdc-69e7-c310-000000001b00}
ProcessId: 30536
Image: C:\Windows\System32\WindowsPowerShell\v1.0\powershell.exe
User: LAPTOP-I8K1DAMV\rohin"
"2026-04-21T13:35:48.3562640+05:30","5","Process terminated:
RuleName: -
UtcTime: 2026-04-21 08:05:48.355
ProcessGuid: {a65b9ff6-2fdb-69e7-c210-000000001b00}
ProcessId: 27136
Image: C:\Windows\System32\WindowsPowerShell\v1.0\powershell.exe
User: LAPTOP-I8K1DAMV\rohin"
"2026-04-21T13:35:47.6343511+05:30","5","Process terminated:
RuleName: -
UtcTime: 2026-04-21 08:05:47.633
ProcessGuid: {a65b9ff6-2fdb-69e7-c110-000000001b00}
ProcessId: 29940
Image: C:\Windows\System32\WindowsPowerShell\v1.0\powershell.exe
User: LAPTOP-I8K1DAMV\rohin"
"2026-04-21T13:35:46.8824358+05:30","5","Process terminated:
RuleName: -
UtcTime: 2026-04-21 08:05:46.875
ProcessGuid: {a65b9ff6-2fda-69e7-c010-000000001b00}
ProcessId: 17936
Image: C:\Windows\System32\WindowsPowerShell\v1.0\powershell.exe
User: LAPTOP-I8K1DAMV\rohin"
"2026-04-21T13:35:46.1399411+05:30","5","Process terminated:
RuleName: -
UtcTime: 2026-04-21 08:05:46.135
ProcessGuid: {a65b9ff6-2fd9-69e7-bf10-000000001b00}
ProcessId: 28140
Image: C:\Windows\System32\WindowsPowerShell\v1.0\powershell.exe
User: LAPTOP-I8K1DAMV\rohin"
"2026-04-21T13:35:45.3340365+05:30","5","Process terminated:
RuleName: -
UtcTime: 2026-04-21 08:05:45.332
ProcessGuid: {a65b9ff6-2fd8-69e7-be10-000000001b00}
ProcessId: 21900
Image: C:\Windows\System32\WindowsPowerShell\v1.0\powershell.exe
User: LAPTOP-I8K1DAMV\rohin"
"2026-04-21T13:35:44.7057941+05:30","5","Process terminated:
RuleName: -
UtcTime: 2026-04-21 08:05:44.704
ProcessGuid: {a65b9ff6-2fd8-69e7-bd10-000000001b00}
ProcessId: 24028
Image: C:\Windows\System32\WindowsPowerShell\v1.0\powershell.exe
User: LAPTOP-I8K1DAMV\rohin"
"2026-04-21T13:35:44.0766416+05:30","5","Process terminated:
RuleName: -
UtcTime: 2026-04-21 08:05:44.076
ProcessGuid: {a65b9ff6-2fd7-69e7-bc10-000000001b00}
ProcessId: 30352
Image: C:\Windows\System32\WindowsPowerShell\v1.0\powershell.exe
User: LAPTOP-I8K1DAMV\rohin"
"2026-04-21T13:35:43.4511628+05:30","5","Process terminated:
RuleName: -
UtcTime: 2026-04-21 08:05:43.450
ProcessGuid: {a65b9ff6-2fd7-69e7-bb10-000000001b00}
ProcessId: 20812
Image: C:\Windows\System32\WindowsPowerShell\v1.0\powershell.exe
User: LAPTOP-I8K1DAMV\rohin"
"2026-04-21T13:35:42.8427599+05:30","5","Process terminated:
RuleName: -
UtcTime: 2026-04-21 08:05:42.840
ProcessGuid: {a65b9ff6-2fd6-69e7-ba10-000000001b00}
ProcessId: 22936
Image: C:\Windows\System32\WindowsPowerShell\v1.0\powershell.exe
User: LAPTOP-I8K1DAMV\rohin"
"2026-04-21T13:35:42.2259416+05:30","5","Process terminated:
RuleName: -
UtcTime: 2026-04-21 08:05:42.223
ProcessGuid: {a65b9ff6-2fd5-69e7-b910-000000001b00}
ProcessId: 28832
Image: C:\Windows\System32\WindowsPowerShell\v1.0\powershell.exe
User: LAPTOP-I8K1DAMV\rohin"
"2026-04-21T13:35:41.6004922+05:30","5","Process terminated:
RuleName: -
UtcTime: 2026-04-21 08:05:41.587
ProcessGuid: {a65b9ff6-2fd5-69e7-b810-000000001b00}
ProcessId: 836
Image: C:\Windows\System32\WindowsPowerShell\v1.0\powershell.exe
User: LAPTOP-I8K1DAMV\rohin"
"2026-04-21T13:35:40.9733827+05:30","5","Process terminated:
RuleName: -
UtcTime: 2026-04-21 08:05:40.969
ProcessGuid: {a65b9ff6-2fd4-69e7-b710-000000001b00}
ProcessId: 30704
Image: C:\Windows\System32\WindowsPowerShell\v1.0\powershell.exe
User: LAPTOP-I8K1DAMV\rohin"
"2026-04-21T13:35:40.3282595+05:30","5","Process terminated:
RuleName: -
UtcTime: 2026-04-21 08:05:40.328
ProcessGuid: {a65b9ff6-2fd3-69e7-b610-000000001b00}
ProcessId: 20084
Image: C:\Windows\System32\WindowsPowerShell\v1.0\powershell.exe
User: LAPTOP-I8K1DAMV\rohin"
"2026-04-21T13:35:39.6866665+05:30","5","Process terminated:
RuleName: -
UtcTime: 2026-04-21 08:05:39.686
ProcessGuid: {a65b9ff6-2fd3-69e7-b510-000000001b00}
ProcessId: 31376
Image: C:\Windows\System32\WindowsPowerShell\v1.0\powershell.exe
User: LAPTOP-I8K1DAMV\rohin"
"2026-04-21T13:35:39.0647556+05:30","5","Process terminated:
RuleName: -
UtcTime: 2026-04-21 08:05:39.063
ProcessGuid: {a65b9ff6-2fd2-69e7-b410-000000001b00}
ProcessId: 28924
Image: C:\Windows\System32\WindowsPowerShell\v1.0\powershell.exe
User: LAPTOP-I8K1DAMV\rohin"
"2026-04-21T13:35:38.4486587+05:30","5","Process terminated:
RuleName: -
UtcTime: 2026-04-21 08:05:38.444
ProcessGuid: {a65b9ff6-2fd2-69e7-b310-000000001b00}
ProcessId: 30760
Image: C:\Windows\System32\WindowsPowerShell\v1.0\powershell.exe
User: LAPTOP-I8K1DAMV\rohin"
"2026-04-21T13:35:37.8139648+05:30","5","Process terminated:
RuleName: -
UtcTime: 2026-04-21 08:05:37.812
ProcessGuid: {a65b9ff6-2fd1-69e7-b210-000000001b00}
ProcessId: 9900
Image: C:\Windows\System32\WindowsPowerShell\v1.0\powershell.exe
User: LAPTOP-I8K1DAMV\rohin"
"2026-04-21T13:35:37.1883271+05:30","5","Process terminated:
RuleName: -
UtcTime: 2026-04-21 08:05:37.186
ProcessGuid: {a65b9ff6-2fd0-69e7-b110-000000001b00}
ProcessId: 30360
Image: C:\Windows\System32\WindowsPowerShell\v1.0\powershell.exe
User: LAPTOP-I8K1DAMV\rohin"
"2026-04-21T13:35:36.5712211+05:30","5","Process terminated:
RuleName: -
UtcTime: 2026-04-21 08:05:36.570
ProcessGuid: {a65b9ff6-2fd0-69e7-b010-000000001b00}
ProcessId: 18332
Image: C:\Windows\System32\WindowsPowerShell\v1.0\powershell.exe
User: LAPTOP-I8K1DAMV\rohin"
"2026-04-21T13:35:35.9550792+05:30","5","Process terminated:
RuleName: -
UtcTime: 2026-04-21 08:05:35.954
ProcessGuid: {a65b9ff6-2fcf-69e7-af10-000000001b00}
ProcessId: 1988
Image: C:\Windows\System32\WindowsPowerShell\v1.0\powershell.exe
User: LAPTOP-I8K1DAMV\rohin"
"2026-04-21T13:35:35.3257361+05:30","5","Process terminated:
RuleName: -
UtcTime: 2026-04-21 08:05:35.325
ProcessGuid: {a65b9ff6-2fce-69e7-ae10-000000001b00}
ProcessId: 31088
Image: C:\Windows\System32\WindowsPowerShell\v1.0\powershell.exe
User: LAPTOP-I8K1DAMV\rohin"
"2026-04-21T13:35:34.6996361+05:30","5","Process terminated:
RuleName: -
UtcTime: 2026-04-21 08:05:34.697
ProcessGuid: {a65b9ff6-2fce-69e7-ad10-000000001b00}
ProcessId: 8420
Image: C:\Windows\System32\WindowsPowerShell\v1.0\powershell.exe
User: LAPTOP-I8K1DAMV\rohin"
"2026-04-21T13:35:34.0777365+05:30","5","Process terminated:
RuleName: -
UtcTime: 2026-04-21 08:05:34.074
ProcessGuid: {a65b9ff6-2fcd-69e7-ac10-000000001b00}
ProcessId: 18372
Image: C:\Windows\System32\WindowsPowerShell\v1.0\powershell.exe
User: LAPTOP-I8K1DAMV\rohin"
"2026-04-21T13:35:33.4573813+05:30","5","Process terminated:
RuleName: -
UtcTime: 2026-04-21 08:05:33.455
ProcessGuid: {a65b9ff6-2fcd-69e7-ab10-000000001b00}
ProcessId: 25668
Image: C:\Windows\System32\WindowsPowerShell\v1.0\powershell.exe
User: LAPTOP-I8K1DAMV\rohin"
"2026-04-21T13:35:32.8137735+05:30","5","Process terminated:
RuleName: -
UtcTime: 2026-04-21 08:05:32.813
ProcessGuid: {a65b9ff6-2fcc-69e7-aa10-000000001b00}
ProcessId: 30348
Image: C:\Windows\System32\WindowsPowerShell\v1.0\powershell.exe
User: LAPTOP-I8K1DAMV\rohin"
"2026-04-21T13:35:32.1960020+05:30","5","Process terminated:
RuleName: -
UtcTime: 2026-04-21 08:05:32.195
ProcessGuid: {a65b9ff6-2fcb-69e7-a910-000000001b00}
ProcessId: 31580
Image: C:\Windows\System32\WindowsPowerShell\v1.0\powershell.exe
User: LAPTOP-I8K1DAMV\rohin"
