"2026-04-21T14:03:19.3145298+05:30","11","File created:
RuleName: -
UtcTime: 2026-04-21 08:33:19.314
ProcessGuid: {a65b9ff6-3636-69e7-7b12-000000001b00}
ProcessId: 17872
Image: C:\Users\rohin\AppData\Local\Programs\Python\Python314\python.exe
TargetFilename: D:\BTP\Log-Anamoly-Detection\attack_files\attack_file_022.txt
CreationUtcTime: 2026-04-20 23:20:30.868
User: LAPTOP-I8K1DAMV\rohin"
"2026-04-21T14:03:19.2831057+05:30","11","File created:
RuleName: -
UtcTime: 2026-04-21 08:33:19.282
ProcessGuid: {a65b9ff6-3636-69e7-7b12-000000001b00}
ProcessId: 17872
Image: C:\Users\rohin\AppData\Local\Programs\Python\Python314\python.exe
TargetFilename: D:\BTP\Log-Anamoly-Detection\attack_files\attack_file_021.txt
CreationUtcTime: 2026-04-20 23:20:30.865
User: LAPTOP-I8K1DAMV\rohin"
"2026-04-21T14:03:19.2514161+05:30","11","File created:
RuleName: -
UtcTime: 2026-04-21 08:33:19.250
ProcessGuid: {a65b9ff6-3636-69e7-7b12-000000001b00}
ProcessId: 17872
Image: C:\Users\rohin\AppData\Local\Programs\Python\Python314\python.exe
TargetFilename: D:\BTP\Log-Anamoly-Detection\attack_files\attack_file_020.txt
CreationUtcTime: 2026-04-20 23:20:30.859
User: LAPTOP-I8K1DAMV\rohin"
"2026-04-21T14:03:19.2196488+05:30","11","File created:
RuleName: -
UtcTime: 2026-04-21 08:33:19.219
ProcessGuid: {a65b9ff6-3636-69e7-7b12-000000001b00}
ProcessId: 17872
Image: C:\Users\rohin\AppData\Local\Programs\Python\Python314\python.exe
TargetFilename: D:\BTP\Log-Anamoly-Detection\attack_files\attack_file_019.txt
CreationUtcTime: 2026-04-20 23:20:30.853
User: LAPTOP-I8K1DAMV\rohin"
"2026-04-21T14:03:19.1875158+05:30","11","File created:
RuleName: -
UtcTime: 2026-04-21 08:33:19.187
ProcessGuid: {a65b9ff6-3636-69e7-7b12-000000001b00}
ProcessId: 17872
Image: C:\Users\rohin\AppData\Local\Programs\Python\Python314\python.exe
TargetFilename: D:\BTP\Log-Anamoly-Detection\attack_files\attack_file_018.txt
CreationUtcTime: 2026-04-20 23:20:30.849
User: LAPTOP-I8K1DAMV\rohin"
"2026-04-21T14:03:19.1552603+05:30","11","File created:
RuleName: -
UtcTime: 2026-04-21 08:33:19.154
ProcessGuid: {a65b9ff6-3636-69e7-7b12-000000001b00}
ProcessId: 17872
Image: C:\Users\rohin\AppData\Local\Programs\Python\Python314\python.exe
TargetFilename: D:\BTP\Log-Anamoly-Detection\attack_files\attack_file_017.txt
CreationUtcTime: 2026-04-20 23:20:30.844
User: LAPTOP-I8K1DAMV\rohin"
"2026-04-21T14:03:19.1236210+05:30","11","File created:
RuleName: -
UtcTime: 2026-04-21 08:33:19.122
ProcessGuid: {a65b9ff6-3636-69e7-7b12-000000001b00}
ProcessId: 17872
Image: C:\Users\rohin\AppData\Local\Programs\Python\Python314\python.exe
TargetFilename: D:\BTP\Log-Anamoly-Detection\attack_files\attack_file_016.txt
CreationUtcTime: 2026-04-20 23:20:30.840
User: LAPTOP-I8K1DAMV\rohin"
"2026-04-21T14:03:19.0919224+05:30","11","File created:
RuleName: -
UtcTime: 2026-04-21 08:33:19.091
ProcessGuid: {a65b9ff6-3636-69e7-7b12-000000001b00}
ProcessId: 17872
Image: C:\Users\rohin\AppData\Local\Programs\Python\Python314\python.exe
TargetFilename: D:\BTP\Log-Anamoly-Detection\attack_files\attack_file_015.txt
CreationUtcTime: 2026-04-20 23:20:30.834
User: LAPTOP-I8K1DAMV\rohin"
"2026-04-21T14:03:19.0602996+05:30","11","File created:
RuleName: -
UtcTime: 2026-04-21 08:33:19.059
ProcessGuid: {a65b9ff6-3636-69e7-7b12-000000001b00}
ProcessId: 17872
Image: C:\Users\rohin\AppData\Local\Programs\Python\Python314\python.exe
TargetFilename: D:\BTP\Log-Anamoly-Detection\attack_files\attack_file_014.txt
CreationUtcTime: 2026-04-20 23:20:30.827
User: LAPTOP-I8K1DAMV\rohin"
"2026-04-21T14:03:19.0288909+05:30","11","File created:
RuleName: -
UtcTime: 2026-04-21 08:33:19.027
ProcessGuid: {a65b9ff6-3636-69e7-7b12-000000001b00}
ProcessId: 17872
Image: C:\Users\rohin\AppData\Local\Programs\Python\Python314\python.exe
TargetFilename: D:\BTP\Log-Anamoly-Detection\attack_files\attack_file_013.txt
CreationUtcTime: 2026-04-20 23:20:30.818
User: LAPTOP-I8K1DAMV\rohin"
"2026-04-21T14:03:18.9972749+05:30","11","File created:
RuleName: -
UtcTime: 2026-04-21 08:33:18.996
ProcessGuid: {a65b9ff6-3636-69e7-7b12-000000001b00}
ProcessId: 17872
Image: C:\Users\rohin\AppData\Local\Programs\Python\Python314\python.exe
TargetFilename: D:\BTP\Log-Anamoly-Detection\attack_files\attack_file_012.txt
CreationUtcTime: 2026-04-20 23:20:30.802
User: LAPTOP-I8K1DAMV\rohin"
"2026-04-21T14:03:18.9656010+05:30","11","File created:
RuleName: -
UtcTime: 2026-04-21 08:33:18.964
ProcessGuid: {a65b9ff6-3636-69e7-7b12-000000001b00}
ProcessId: 17872
Image: C:\Users\rohin\AppData\Local\Programs\Python\Python314\python.exe
TargetFilename: D:\BTP\Log-Anamoly-Detection\attack_files\attack_file_011.txt
CreationUtcTime: 2026-04-20 23:20:30.802
User: LAPTOP-I8K1DAMV\rohin"
"2026-04-21T14:03:18.9331257+05:30","11","File created:
RuleName: -
UtcTime: 2026-04-21 08:33:18.932
ProcessGuid: {a65b9ff6-3636-69e7-7b12-000000001b00}
ProcessId: 17872
Image: C:\Users\rohin\AppData\Local\Programs\Python\Python314\python.exe
TargetFilename: D:\BTP\Log-Anamoly-Detection\attack_files\attack_file_010.txt
CreationUtcTime: 2026-04-20 23:20:30.802
User: LAPTOP-I8K1DAMV\rohin"
"2026-04-21T14:03:18.9012446+05:30","11","File created:
RuleName: -
UtcTime: 2026-04-21 08:33:18.900
ProcessGuid: {a65b9ff6-3636-69e7-7b12-000000001b00}
ProcessId: 17872
Image: C:\Users\rohin\AppData\Local\Programs\Python\Python314\python.exe
TargetFilename: D:\BTP\Log-Anamoly-Detection\attack_files\attack_file_009.txt
CreationUtcTime: 2026-04-20 23:20:30.802
User: LAPTOP-I8K1DAMV\rohin"
"2026-04-21T14:03:18.8690303+05:30","11","File created:
RuleName: -
UtcTime: 2026-04-21 08:33:18.868
ProcessGuid: {a65b9ff6-3636-69e7-7b12-000000001b00}
ProcessId: 17872
Image: C:\Users\rohin\AppData\Local\Programs\Python\Python314\python.exe
TargetFilename: D:\BTP\Log-Anamoly-Detection\attack_files\attack_file_008.txt
CreationUtcTime: 2026-04-20 23:20:30.786
User: LAPTOP-I8K1DAMV\rohin"
"2026-04-21T14:03:18.8372984+05:30","11","File created:
RuleName: -
UtcTime: 2026-04-21 08:33:18.836
ProcessGuid: {a65b9ff6-3636-69e7-7b12-000000001b00}
ProcessId: 17872
Image: C:\Users\rohin\AppData\Local\Programs\Python\Python314\python.exe
TargetFilename: D:\BTP\Log-Anamoly-Detection\attack_files\attack_file_007.txt
CreationUtcTime: 2026-04-20 23:20:30.786
User: LAPTOP-I8K1DAMV\rohin"
"2026-04-21T14:03:18.8050125+05:30","11","File created:
RuleName: -
UtcTime: 2026-04-21 08:33:18.804
ProcessGuid: {a65b9ff6-3636-69e7-7b12-000000001b00}
ProcessId: 17872
Image: C:\Users\rohin\AppData\Local\Programs\Python\Python314\python.exe
TargetFilename: D:\BTP\Log-Anamoly-Detection\attack_files\attack_file_006.txt
CreationUtcTime: 2026-04-20 23:20:30.786
User: LAPTOP-I8K1DAMV\rohin"
"2026-04-21T14:03:18.7725936+05:30","11","File created:
RuleName: -
UtcTime: 2026-04-21 08:33:18.771
ProcessGuid: {a65b9ff6-3636-69e7-7b12-000000001b00}
ProcessId: 17872
Image: C:\Users\rohin\AppData\Local\Programs\Python\Python314\python.exe
TargetFilename: D:\BTP\Log-Anamoly-Detection\attack_files\attack_file_005.txt
CreationUtcTime: 2026-04-20 23:20:30.782
User: LAPTOP-I8K1DAMV\rohin"
"2026-04-21T14:03:18.7401988+05:30","11","File created:
RuleName: -
UtcTime: 2026-04-21 08:33:18.739
ProcessGuid: {a65b9ff6-3636-69e7-7b12-000000001b00}
ProcessId: 17872
Image: C:\Users\rohin\AppData\Local\Programs\Python\Python314\python.exe
TargetFilename: D:\BTP\Log-Anamoly-Detection\attack_files\attack_file_004.txt
CreationUtcTime: 2026-04-20 23:20:30.778
User: LAPTOP-I8K1DAMV\rohin"
"2026-04-21T14:03:18.7076653+05:30","11","File created:
RuleName: -
UtcTime: 2026-04-21 08:33:18.706
ProcessGuid: {a65b9ff6-3636-69e7-7b12-000000001b00}
ProcessId: 17872
Image: C:\Users\rohin\AppData\Local\Programs\Python\Python314\python.exe
TargetFilename: D:\BTP\Log-Anamoly-Detection\attack_files\attack_file_003.txt
CreationUtcTime: 2026-04-20 23:20:30.771
User: LAPTOP-I8K1DAMV\rohin"
"2026-04-21T14:03:18.6758244+05:30","11","File created:
RuleName: -
UtcTime: 2026-04-21 08:33:18.675
ProcessGuid: {a65b9ff6-3636-69e7-7b12-000000001b00}
ProcessId: 17872
Image: C:\Users\rohin\AppData\Local\Programs\Python\Python314\python.exe
TargetFilename: D:\BTP\Log-Anamoly-Detection\attack_files\attack_file_002.txt
CreationUtcTime: 2026-04-20 23:20:30.767
User: LAPTOP-I8K1DAMV\rohin"
"2026-04-21T14:03:18.6440309+05:30","11","File created:
RuleName: -
UtcTime: 2026-04-21 08:33:18.643
ProcessGuid: {a65b9ff6-3636-69e7-7b12-000000001b00}
ProcessId: 17872
Image: C:\Users\rohin\AppData\Local\Programs\Python\Python314\python.exe
TargetFilename: D:\BTP\Log-Anamoly-Detection\attack_files\attack_file_001.txt
CreationUtcTime: 2026-04-20 23:20:30.763
User: LAPTOP-I8K1DAMV\rohin"
"2026-04-21T14:03:18.6123336+05:30","11","File created:
RuleName: -
UtcTime: 2026-04-21 08:33:18.608
ProcessGuid: {a65b9ff6-3636-69e7-7b12-000000001b00}
ProcessId: 17872
Image: C:\Users\rohin\AppData\Local\Programs\Python\Python314\python.exe
TargetFilename: D:\BTP\Log-Anamoly-Detection\attack_files\attack_file_000.txt
CreationUtcTime: 2026-04-20 23:20:30.758
User: LAPTOP-I8K1DAMV\rohin"
"2026-04-21T14:03:18.3951542+05:30","5","Process terminated:
RuleName: -
UtcTime: 2026-04-21 08:33:18.394
ProcessGuid: {a65b9ff6-364d-69e7-a712-000000001b00}
ProcessId: 30536
Image: C:\Windows\System32\WindowsPowerShell\v1.0\powershell.exe
User: LAPTOP-I8K1DAMV\rohin"
"2026-04-21T14:03:17.5720498+05:30","5","Process terminated:
RuleName: -
UtcTime: 2026-04-21 08:33:17.570
ProcessGuid: {a65b9ff6-364c-69e7-a612-000000001b00}
ProcessId: 28620
Image: C:\Windows\System32\WindowsPowerShell\v1.0\powershell.exe
User: LAPTOP-I8K1DAMV\rohin"
"2026-04-21T14:03:16.7727209+05:30","5","Process terminated:
RuleName: -
UtcTime: 2026-04-21 08:33:16.771
ProcessGuid: {a65b9ff6-364c-69e7-a512-000000001b00}
ProcessId: 30256
Image: C:\Windows\System32\WindowsPowerShell\v1.0\powershell.exe
User: LAPTOP-I8K1DAMV\rohin"
"2026-04-21T14:03:16.0186195+05:30","5","Process terminated:
RuleName: -
UtcTime: 2026-04-21 08:33:16.017
ProcessGuid: {a65b9ff6-3649-69e7-9f12-000000001b00}
ProcessId: 27668
Image: C:\Program Files\Google\Chrome\Application\chrome.exe
User: LAPTOP-I8K1DAMV\rohin"
"2026-04-21T14:03:16.0009857+05:30","5","Process terminated:
RuleName: -
UtcTime: 2026-04-21 08:33:16.000
ProcessGuid: {a65b9ff6-3649-69e7-a012-000000001b00}
ProcessId: 17456
Image: C:\Program Files\Google\Chrome\Application\chrome.exe
User: LAPTOP-I8K1DAMV\rohin"
"2026-04-21T14:03:15.8469158+05:30","5","Process terminated:
RuleName: -
UtcTime: 2026-04-21 08:33:15.846
ProcessGuid: {a65b9ff6-364b-69e7-a412-000000001b00}
ProcessId: 9684
Image: C:\Windows\System32\WindowsPowerShell\v1.0\powershell.exe
User: LAPTOP-I8K1DAMV\rohin"
"2026-04-21T14:03:15.1294168+05:30","5","Process terminated:
RuleName: -
UtcTime: 2026-04-21 08:33:15.128
ProcessGuid: {a65b9ff6-364a-69e7-a212-000000001b00}
ProcessId: 9620
Image: C:\Windows\System32\WindowsPowerShell\v1.0\powershell.exe
User: LAPTOP-I8K1DAMV\rohin"
"2026-04-21T14:03:14.4186937+05:30","5","Process terminated:
RuleName: -
UtcTime: 2026-04-21 08:33:14.417
ProcessGuid: {a65b9ff6-3649-69e7-a112-000000001b00}
ProcessId: 9652
Image: C:\Windows\System32\WindowsPowerShell\v1.0\powershell.exe
User: LAPTOP-I8K1DAMV\rohin"
"2026-04-21T14:03:13.7171614+05:30","5","Process terminated:
RuleName: -
UtcTime: 2026-04-21 08:33:13.716
ProcessGuid: {a65b9ff6-3649-69e7-9e12-000000001b00}
ProcessId: 27884
Image: C:\Windows\System32\WindowsPowerShell\v1.0\powershell.exe
User: LAPTOP-I8K1DAMV\rohin"
"2026-04-21T14:03:12.8932040+05:30","5","Process terminated:
RuleName: -
UtcTime: 2026-04-21 08:33:12.892
ProcessGuid: {a65b9ff6-3648-69e7-9d12-000000001b00}
ProcessId: 6184
Image: C:\Windows\System32\WindowsPowerShell\v1.0\powershell.exe
User: LAPTOP-I8K1DAMV\rohin"
"2026-04-21T14:03:12.1407583+05:30","5","Process terminated:
RuleName: -
UtcTime: 2026-04-21 08:33:12.140
ProcessGuid: {a65b9ff6-3645-69e7-9912-000000001b00}
ProcessId: 21340
Image: C:\Program Files\Google\Chrome\Application\chrome.exe
User: LAPTOP-I8K1DAMV\rohin"
"2026-04-21T14:03:12.0812128+05:30","5","Process terminated:
RuleName: -
UtcTime: 2026-04-21 08:33:12.081
ProcessGuid: {a65b9ff6-3647-69e7-9c12-000000001b00}
ProcessId: 13636
Image: C:\Windows\System32\WindowsPowerShell\v1.0\powershell.exe
User: LAPTOP-I8K1DAMV\rohin"
"2026-04-21T14:03:11.3580545+05:30","5","Process terminated:
RuleName: -
UtcTime: 2026-04-21 08:33:11.357
ProcessGuid: {a65b9ff6-3646-69e7-9b12-000000001b00}
ProcessId: 23056
Image: C:\Windows\System32\WindowsPowerShell\v1.0\powershell.exe
User: LAPTOP-I8K1DAMV\rohin"
"2026-04-21T14:03:10.4230185+05:30","5","Process terminated:
RuleName: -
UtcTime: 2026-04-21 08:33:10.422
ProcessGuid: {a65b9ff6-3645-69e7-9a12-000000001b00}
ProcessId: 30276
Image: C:\Windows\System32\WindowsPowerShell\v1.0\powershell.exe
User: LAPTOP-I8K1DAMV\rohin"
"2026-04-21T14:03:10.0482492+05:30","5","Process terminated:
RuleName: -
UtcTime: 2026-04-21 08:33:10.046
ProcessGuid: {a65b9ff6-3562-69e7-6312-000000001b00}
ProcessId: 30268
Image: C:\Program Files\Google\Chrome\Application\chrome.exe
User: LAPTOP-I8K1DAMV\rohin"
"2026-04-21T14:03:09.6609866+05:30","5","Process terminated:
RuleName: -
UtcTime: 2026-04-21 08:33:09.660
ProcessGuid: {a65b9ff6-3645-69e7-9812-000000001b00}
ProcessId: 18468
Image: C:\Windows\System32\WindowsPowerShell\v1.0\powershell.exe
User: LAPTOP-I8K1DAMV\rohin"
"2026-04-21T14:03:08.9463226+05:30","5","Process terminated:
RuleName: -
UtcTime: 2026-04-21 08:33:08.945
ProcessGuid: {a65b9ff6-3644-69e7-9512-000000001b00}
ProcessId: 21104
Image: C:\Windows\System32\WindowsPowerShell\v1.0\powershell.exe
User: LAPTOP-I8K1DAMV\rohin"
"2026-04-21T14:03:08.7474401+05:30","5","Process terminated:
RuleName: -
UtcTime: 2026-04-21 08:33:08.746
ProcessGuid: {a65b9ff6-3644-69e7-9712-000000001b00}
ProcessId: 6068
Image: C:\Program Files\Google\Chrome\Application\chrome.exe
User: LAPTOP-I8K1DAMV\rohin"
"2026-04-21T14:03:08.7319423+05:30","5","Process terminated:
RuleName: -
UtcTime: 2026-04-21 08:33:08.730
ProcessGuid: {a65b9ff6-3644-69e7-9612-000000001b00}
ProcessId: 28152
Image: C:\Program Files\Google\Chrome\Application\chrome.exe
User: LAPTOP-I8K1DAMV\rohin"
"2026-04-21T14:03:08.2658104+05:30","5","Process terminated:
RuleName: -
UtcTime: 2026-04-21 08:33:08.264
ProcessGuid: {a65b9ff6-3643-69e7-9412-000000001b00}
ProcessId: 6412
Image: C:\Windows\System32\WindowsPowerShell\v1.0\powershell.exe
User: LAPTOP-I8K1DAMV\rohin"
"2026-04-21T14:03:07.6544152+05:30","5","Process terminated:
RuleName: -
UtcTime: 2026-04-21 08:33:07.654
ProcessGuid: {a65b9ff6-3643-69e7-9312-000000001b00}
ProcessId: 14580
Image: C:\Windows\System32\WindowsPowerShell\v1.0\powershell.exe
User: LAPTOP-I8K1DAMV\rohin"
"2026-04-21T14:03:07.0148110+05:30","5","Process terminated:
RuleName: -
UtcTime: 2026-04-21 08:33:07.013
ProcessGuid: {a65b9ff6-3642-69e7-9212-000000001b00}
ProcessId: 29280
Image: C:\Windows\System32\WindowsPowerShell\v1.0\powershell.exe
User: LAPTOP-I8K1DAMV\rohin"
"2026-04-21T14:03:06.3678607+05:30","5","Process terminated:
RuleName: -
UtcTime: 2026-04-21 08:33:06.367
ProcessGuid: {a65b9ff6-3641-69e7-9112-000000001b00}
ProcessId: 30596
Image: C:\Windows\System32\WindowsPowerShell\v1.0\powershell.exe
User: LAPTOP-I8K1DAMV\rohin"
"2026-04-21T14:03:05.7492873+05:30","5","Process terminated:
RuleName: -
UtcTime: 2026-04-21 08:33:05.748
ProcessGuid: {a65b9ff6-3641-69e7-9012-000000001b00}
ProcessId: 24288
Image: C:\Windows\System32\WindowsPowerShell\v1.0\powershell.exe
User: LAPTOP-I8K1DAMV\rohin"
"2026-04-21T14:03:05.1366351+05:30","5","Process terminated:
RuleName: -
UtcTime: 2026-04-21 08:33:05.136
ProcessGuid: {a65b9ff6-3640-69e7-8f12-000000001b00}
ProcessId: 29316
Image: C:\Windows\System32\WindowsPowerShell\v1.0\powershell.exe
User: LAPTOP-I8K1DAMV\rohin"
"2026-04-21T14:03:04.4751776+05:30","5","Process terminated:
RuleName: -
UtcTime: 2026-04-21 08:33:04.474
ProcessGuid: {a65b9ff6-3640-69e7-8e12-000000001b00}
ProcessId: 29220
Image: C:\Windows\System32\WindowsPowerShell\v1.0\powershell.exe
User: LAPTOP-I8K1DAMV\rohin"
"2026-04-21T14:03:03.8514859+05:30","5","Process terminated:
RuleName: -
UtcTime: 2026-04-21 08:33:03.850
ProcessGuid: {a65b9ff6-363f-69e7-8a12-000000001b00}
ProcessId: 26944
Image: C:\Windows\System32\WindowsPowerShell\v1.0\powershell.exe
User: LAPTOP-I8K1DAMV\rohin"
"2026-04-21T14:03:03.6686966+05:30","5","Process terminated:
RuleName: -
UtcTime: 2026-04-21 08:33:03.668
ProcessGuid: {a65b9ff6-363f-69e7-8c12-000000001b00}
ProcessId: 13880
Image: C:\Windows\System32\conhost.exe
User: LAPTOP-I8K1DAMV\rohin"
"2026-04-21T14:03:03.6658305+05:30","5","Process terminated:
RuleName: -
UtcTime: 2026-04-21 08:33:03.665
ProcessGuid: {a65b9ff6-363f-69e7-8b12-000000001b00}
ProcessId: 29524
Image: C:\Program Files\Git\cmd\git.exe
User: LAPTOP-I8K1DAMV\rohin"
"2026-04-21T14:03:03.6613024+05:30","5","Process terminated:
RuleName: -
UtcTime: 2026-04-21 08:33:03.660
ProcessGuid: {a65b9ff6-363f-69e7-8d12-000000001b00}
ProcessId: 26452
Image: C:\Program Files\Git\mingw64\bin\git.exe
User: LAPTOP-I8K1DAMV\rohin"
"2026-04-21T14:03:03.1514247+05:30","5","Process terminated:
RuleName: -
UtcTime: 2026-04-21 08:33:03.150
ProcessGuid: {a65b9ff6-363e-69e7-8912-000000001b00}
ProcessId: 25488
Image: C:\Windows\System32\WindowsPowerShell\v1.0\powershell.exe
User: LAPTOP-I8K1DAMV\rohin"
"2026-04-21T14:03:02.4302129+05:30","5","Process terminated:
RuleName: -
UtcTime: 2026-04-21 08:33:02.429
ProcessGuid: {a65b9ff6-363e-69e7-8812-000000001b00}
ProcessId: 13988
Image: C:\Windows\System32\WindowsPowerShell\v1.0\powershell.exe
User: LAPTOP-I8K1DAMV\rohin"
"2026-04-21T14:03:01.8073472+05:30","5","Process terminated:
RuleName: -
UtcTime: 2026-04-21 08:33:01.803
ProcessGuid: {a65b9ff6-363d-69e7-8712-000000001b00}
ProcessId: 22516
Image: C:\Windows\System32\WindowsPowerShell\v1.0\powershell.exe
User: LAPTOP-I8K1DAMV\rohin"
"2026-04-21T14:03:01.1788976+05:30","5","Process terminated:
RuleName: -
UtcTime: 2026-04-21 08:33:01.177
ProcessGuid: {a65b9ff6-363c-69e7-8612-000000001b00}
ProcessId: 28004
Image: C:\Windows\System32\WindowsPowerShell\v1.0\powershell.exe
User: LAPTOP-I8K1DAMV\rohin"
"2026-04-21T14:03:00.5542315+05:30","5","Process terminated:
RuleName: -
UtcTime: 2026-04-21 08:33:00.553
ProcessGuid: {a65b9ff6-363c-69e7-8512-000000001b00}
ProcessId: 28632
Image: C:\Windows\System32\WindowsPowerShell\v1.0\powershell.exe
User: LAPTOP-I8K1DAMV\rohin"
"2026-04-21T14:02:59.9394786+05:30","5","Process terminated:
RuleName: -
UtcTime: 2026-04-21 08:32:59.939
ProcessGuid: {a65b9ff6-363b-69e7-8412-000000001b00}
ProcessId: 21432
Image: C:\Windows\System32\WindowsPowerShell\v1.0\powershell.exe
User: LAPTOP-I8K1DAMV\rohin"
"2026-04-21T14:02:59.3197722+05:30","5","Process terminated:
RuleName: -
UtcTime: 2026-04-21 08:32:59.314
ProcessGuid: {a65b9ff6-363a-69e7-8312-000000001b00}
ProcessId: 3480
Image: C:\Windows\System32\WindowsPowerShell\v1.0\powershell.exe
User: LAPTOP-I8K1DAMV\rohin"
"2026-04-21T14:02:58.7018571+05:30","5","Process terminated:
RuleName: -
UtcTime: 2026-04-21 08:32:58.701
ProcessGuid: {a65b9ff6-363a-69e7-8212-000000001b00}
ProcessId: 428
Image: C:\Windows\System32\WindowsPowerShell\v1.0\powershell.exe
User: LAPTOP-I8K1DAMV\rohin"
"2026-04-21T14:02:58.0772801+05:30","5","Process terminated:
RuleName: -
UtcTime: 2026-04-21 08:32:58.071
ProcessGuid: {a65b9ff6-3639-69e7-8112-000000001b00}
ProcessId: 12320
Image: C:\Windows\System32\WindowsPowerShell\v1.0\powershell.exe
User: LAPTOP-I8K1DAMV\rohin"
"2026-04-21T14:02:57.4603987+05:30","5","Process terminated:
RuleName: -
UtcTime: 2026-04-21 08:32:57.454
ProcessGuid: {a65b9ff6-3639-69e7-8012-000000001b00}
ProcessId: 23228
Image: C:\Windows\System32\WindowsPowerShell\v1.0\powershell.exe
User: LAPTOP-I8K1DAMV\rohin"
"2026-04-21T14:02:56.8462560+05:30","5","Process terminated:
RuleName: -
UtcTime: 2026-04-21 08:32:56.845
ProcessGuid: {a65b9ff6-3638-69e7-7f12-000000001b00}
ProcessId: 18724
Image: C:\Windows\System32\WindowsPowerShell\v1.0\powershell.exe
User: LAPTOP-I8K1DAMV\rohin"
"2026-04-21T14:02:56.2134660+05:30","5","Process terminated:
RuleName: -
UtcTime: 2026-04-21 08:32:56.212
ProcessGuid: {a65b9ff6-3637-69e7-7e12-000000001b00}
ProcessId: 18184
Image: C:\Windows\System32\WindowsPowerShell\v1.0\powershell.exe
User: LAPTOP-I8K1DAMV\rohin"
"2026-04-21T14:02:55.5771978+05:30","5","Process terminated:
RuleName: -
UtcTime: 2026-04-21 08:32:55.576
ProcessGuid: {a65b9ff6-3637-69e7-7d12-000000001b00}
ProcessId: 20528
Image: C:\Windows\System32\WindowsPowerShell\v1.0\powershell.exe
User: LAPTOP-I8K1DAMV\rohin"
"2026-04-21T14:02:54.9200139+05:30","5","Process terminated:
RuleName: -
UtcTime: 2026-04-21 08:32:54.919
ProcessGuid: {a65b9ff6-3636-69e7-7c12-000000001b00}
ProcessId: 9840
Image: C:\Windows\System32\WindowsPowerShell\v1.0\powershell.exe
User: LAPTOP-I8K1DAMV\rohin"
"2026-04-21T14:02:53.7624219+05:30","5","Process terminated:
RuleName: -
UtcTime: 2026-04-21 08:32:53.758
ProcessGuid: {a65b9ff6-33dd-69e7-e011-000000001b00}
ProcessId: 12628
Image: C:\Windows\System32\svchost.exe
User: NT AUTHORITY\SYSTEM"
"2026-04-21T14:02:50.3876108+05:30","5","Process terminated:
RuleName: -
UtcTime: 2026-04-21 08:32:50.373
ProcessGuid: {a65b9ff6-3632-69e7-7812-000000001b00}
ProcessId: 8136
Image: C:\Windows\System32\conhost.exe
User: LAPTOP-I8K1DAMV\rohin"
"2026-04-21T14:02:50.3850997+05:30","5","Process terminated:
RuleName: -
UtcTime: 2026-04-21 08:32:50.373
ProcessGuid: {a65b9ff6-3632-69e7-7712-000000001b00}
ProcessId: 13288
Image: C:\Windows\System32\reg.exe
User: LAPTOP-I8K1DAMV\rohin"
"2026-04-21T14:02:50.3293129+05:30","5","Process terminated:
RuleName: -
UtcTime: 2026-04-21 08:32:50.327
ProcessGuid: {a65b9ff6-3632-69e7-7612-000000001b00}
ProcessId: 31616
Image: C:\Windows\System32\conhost.exe
User: LAPTOP-I8K1DAMV\rohin"
"2026-04-21T14:02:50.3258534+05:30","5","Process terminated:
RuleName: -
UtcTime: 2026-04-21 08:32:50.325
ProcessGuid: {a65b9ff6-3632-69e7-7512-000000001b00}
ProcessId: 30768
Image: C:\Windows\System32\reg.exe
User: LAPTOP-I8K1DAMV\rohin"
"2026-04-21T14:02:16.9893994+05:30","5","Process terminated:
RuleName: -
UtcTime: 2026-04-21 08:32:16.987
ProcessGuid: {a65b9ff6-357c-69e7-6612-000000001b00}
ProcessId: 28260
Image: C:\Windows\System32\wbem\WmiPrvSE.exe
User: NT AUTHORITY\LOCAL SERVICE"
"2026-04-21T14:01:51.8880217+05:30","5","Process terminated:
RuleName: -
UtcTime: 2026-04-21 08:31:51.887
ProcessGuid: {a65b9ff6-357c-69e7-6712-000000001b00}
ProcessId: 26428
Image: C:\Windows\System32\svchost.exe
User: NT AUTHORITY\SYSTEM"
"2026-04-21T14:01:47.1393901+05:30","5","Process terminated:
RuleName: -
UtcTime: 2026-04-21 08:31:47.139
ProcessGuid: {a65b9ff6-308e-69e7-f710-000000001b00}
ProcessId: 30276
Image: C:\Windows\System32\svchost.exe
User: NT AUTHORITY\SYSTEM"
"2026-04-21T14:01:41.4777213+05:30","5","Process terminated:
RuleName: -
UtcTime: 2026-04-21 08:31:41.476
ProcessGuid: {a65b9ff6-35ed-69e7-7312-000000001b00}
ProcessId: 29532
Image: C:\Windows\System32\conhost.exe
User: LAPTOP-I8K1DAMV\rohin"
"2026-04-21T14:01:41.4743438+05:30","5","Process terminated:
RuleName: -
UtcTime: 2026-04-21 08:31:41.473
ProcessGuid: {a65b9ff6-35ed-69e7-7212-000000001b00}
ProcessId: 28836
Image: C:\Users\rohin\AppData\Local\Programs\Microsoft VS Code\560a9dba96\resources\app\node_modules\@vscode\ripgrep\bin\rg.exe
User: LAPTOP-I8K1DAMV\rohin"
"2026-04-21T14:01:11.0056102+05:30","5","Process terminated:
RuleName: -
UtcTime: 2026-04-21 08:31:11.005
ProcessGuid: {a65b9ff6-35ce-69e7-7012-000000001b00}
ProcessId: 5876
Image: C:\Windows\System32\conhost.exe
User: LAPTOP-I8K1DAMV\rohin"
"2026-04-21T14:01:11.0026917+05:30","5","Process terminated:
RuleName: -
UtcTime: 2026-04-21 08:31:11.002
ProcessGuid: {a65b9ff6-35ce-69e7-6f12-000000001b00}
ProcessId: 18056
Image: C:\Program Files\Git\cmd\git.exe
User: LAPTOP-I8K1DAMV\rohin"
"2026-04-21T14:01:10.9975790+05:30","5","Process terminated:
RuleName: -
UtcTime: 2026-04-21 08:31:10.997
ProcessGuid: {a65b9ff6-35ce-69e7-7112-000000001b00}
ProcessId: 6800
Image: C:\Program Files\Git\mingw64\bin\git.exe
User: LAPTOP-I8K1DAMV\rohin"
"2026-04-21T14:01:04.2733685+05:30","5","Process terminated:
RuleName: -
UtcTime: 2026-04-21 08:31:04.272
ProcessGuid: {a65b9ff6-35c8-69e7-6d12-000000001b00}
ProcessId: 20676
Image: C:\Windows\System32\conhost.exe
User: LAPTOP-I8K1DAMV\rohin"
"2026-04-21T14:01:04.2665418+05:30","5","Process terminated:
RuleName: -
UtcTime: 2026-04-21 08:31:04.266
ProcessGuid: {a65b9ff6-35c8-69e7-6c12-000000001b00}
ProcessId: 29984
Image: C:\Program Files\Git\cmd\git.exe
User: LAPTOP-I8K1DAMV\rohin"
"2026-04-21T14:01:04.2611531+05:30","5","Process terminated:
RuleName: -
UtcTime: 2026-04-21 08:31:04.260
ProcessGuid: {a65b9ff6-35c8-69e7-6e12-000000001b00}
ProcessId: 2244
Image: C:\Program Files\Git\mingw64\bin\git.exe
User: LAPTOP-I8K1DAMV\rohin"
"2026-04-21T14:01:03.1783017+05:30","5","Process terminated:
RuleName: -
UtcTime: 2026-04-21 08:31:03.177
ProcessGuid: {a65b9ff6-35c7-69e7-6a12-000000001b00}
ProcessId: 29792
Image: C:\Windows\System32\conhost.exe
User: LAPTOP-I8K1DAMV\rohin"
"2026-04-21T14:01:03.1747426+05:30","5","Process terminated:
RuleName: -
UtcTime: 2026-04-21 08:31:03.174
ProcessGuid: {a65b9ff6-35c7-69e7-6912-000000001b00}
ProcessId: 30448
Image: C:\Program Files\Git\cmd\git.exe
User: LAPTOP-I8K1DAMV\rohin"
"2026-04-21T14:01:03.1691712+05:30","5","Process terminated:
RuleName: -
UtcTime: 2026-04-21 08:31:03.168
ProcessGuid: {a65b9ff6-35c7-69e7-6b12-000000001b00}
ProcessId: 18180
Image: C:\Program Files\Git\mingw64\bin\git.exe
User: LAPTOP-I8K1DAMV\rohin"
"2026-04-21T14:00:54.4906961+05:30","5","Process terminated:
RuleName: -
UtcTime: 2026-04-21 08:30:54.490
ProcessGuid: {a65b9ff6-35bd-69e7-6812-000000001b00}
ProcessId: 30344
Image: C:\Windows\System32\taskhostw.exe
User: NT AUTHORITY\SYSTEM"
"2026-04-21T14:00:43.2762853+05:30","5","Process terminated:
RuleName: -
UtcTime: 2026-04-21 08:30:43.273
ProcessGuid: {a65b9ff6-3548-69e7-5c12-000000001b00}
ProcessId: 28732
Image: C:\Program Files\Google\Chrome\Application\chrome.exe
User: LAPTOP-I8K1DAMV\rohin"
"2026-04-21T14:00:43.2748584+05:30","5","Process terminated:
RuleName: -
UtcTime: 2026-04-21 08:30:43.273
ProcessGuid: {a65b9ff6-354b-69e7-6012-000000001b00}
ProcessId: 13880
Image: C:\Program Files\Google\Chrome\Application\chrome.exe
User: LAPTOP-I8K1DAMV\rohin"
"2026-04-21T14:00:42.7806532+05:30","5","Process terminated:
RuleName: -
UtcTime: 2026-04-21 08:30:42.780
ProcessGuid: {a65b9ff6-354b-69e7-5e12-000000001b00}
ProcessId: 30068
Image: C:\Program Files\Google\Chrome\Application\chrome.exe
User: LAPTOP-I8K1DAMV\rohin"
"2026-04-21T14:00:42.7765676+05:30","5","Process terminated:
RuleName: -
UtcTime: 2026-04-21 08:30:42.776
ProcessGuid: {a65b9ff6-354b-69e7-5f12-000000001b00}
ProcessId: 12768
Image: C:\Program Files\Google\Chrome\Application\chrome.exe
User: LAPTOP-I8K1DAMV\rohin"
"2026-04-21T14:00:41.8295340+05:30","5","Process terminated:
RuleName: -
UtcTime: 2026-04-21 08:30:41.829
ProcessGuid: {a65b9ff6-3561-69e7-6212-000000001b00}
ProcessId: 31232
Image: C:\Program Files\Google\Chrome\Application\chrome.exe
User: LAPTOP-I8K1DAMV\rohin"
"2026-04-21T14:00:22.7996411+05:30","5","Process terminated:
RuleName: -
UtcTime: 2026-04-21 08:30:22.798
ProcessGuid: {a65b9ff6-335c-69e7-b011-000000001b00}
ProcessId: 28652
Image: C:\Windows\System32\svchost.exe
User: NT AUTHORITY\SYSTEM"
"2026-04-21T13:59:30.5785442+05:30","5","Process terminated:
RuleName: -
UtcTime: 2026-04-21 08:29:30.577
ProcessGuid: {a65b9ff6-3564-69e7-6512-000000001b00}
ProcessId: 24008
Image: C:\Program Files\Google\Chrome\Application\chrome.exe
User: LAPTOP-I8K1DAMV\rohin"
"2026-04-21T13:59:25.5493138+05:30","5","Process terminated:
RuleName: -
UtcTime: 2026-04-21 08:29:25.548
ProcessGuid: {a65b9ff6-3561-69e7-6112-000000001b00}
ProcessId: 30868
Image: C:\Program Files\Google\Chrome\Application\chrome.exe
User: LAPTOP-I8K1DAMV\rohin"
"2026-04-21T13:58:57.0367408+05:30","5","Process terminated:
RuleName: -
UtcTime: 2026-04-21 08:28:57.036
ProcessGuid: {a65b9ff6-3540-69e7-5512-000000001b00}
ProcessId: 19872
Image: C:\Program Files\Google\Chrome\Application\chrome.exe
User: LAPTOP-I8K1DAMV\rohin"
"2026-04-21T13:58:57.0227483+05:30","5","Process terminated:
RuleName: -
UtcTime: 2026-04-21 08:28:57.022
ProcessGuid: {a65b9ff6-3541-69e7-5612-000000001b00}
ProcessId: 28376
Image: C:\Program Files\Google\Chrome\Application\chrome.exe
User: LAPTOP-I8K1DAMV\rohin"
"2026-04-21T13:58:57.0192745+05:30","5","Process terminated:
RuleName: -
UtcTime: 2026-04-21 08:28:57.018
ProcessGuid: {a65b9ff6-3545-69e7-5b12-000000001b00}
ProcessId: 31196
Image: C:\Program Files\Google\Chrome\Application\chrome.exe
User: LAPTOP-I8K1DAMV\rohin"
"2026-04-21T13:58:57.0023927+05:30","5","Process terminated:
RuleName: -
UtcTime: 2026-04-21 08:28:57.001
ProcessGuid: {a65b9ff6-3548-69e7-5d12-000000001b00}
ProcessId: 21300
Image: C:\Program Files\Google\Chrome\Application\chrome.exe
User: LAPTOP-I8K1DAMV\rohin"
"2026-04-21T13:58:50.3611154+05:30","5","Process terminated:
RuleName: -
UtcTime: 2026-04-21 08:28:50.356
ProcessGuid: {a65b9ff6-3542-69e7-5a12-000000001b00}
ProcessId: 28868
Image: C:\Windows\System32\conhost.exe
User: LAPTOP-I8K1DAMV\rohin"
"2026-04-21T13:58:50.3600922+05:30","5","Process terminated:
RuleName: -
UtcTime: 2026-04-21 08:28:50.356
ProcessGuid: {a65b9ff6-3542-69e7-5912-000000001b00}
ProcessId: 27916
Image: C:\Windows\System32\reg.exe
User: LAPTOP-I8K1DAMV\rohin"
"2026-04-21T13:58:50.3041145+05:30","5","Process terminated:
RuleName: -
UtcTime: 2026-04-21 08:28:50.303
ProcessGuid: {a65b9ff6-3542-69e7-5812-000000001b00}
ProcessId: 20660
Image: C:\Windows\System32\conhost.exe
User: LAPTOP-I8K1DAMV\rohin"
"2026-04-21T13:58:50.3004314+05:30","5","Process terminated:
RuleName: -
UtcTime: 2026-04-21 08:28:50.299
ProcessGuid: {a65b9ff6-3542-69e7-5712-000000001b00}
ProcessId: 25400
Image: C:\Windows\System32\reg.exe
User: LAPTOP-I8K1DAMV\rohin"
"2026-04-21T13:58:48.7231390+05:30","5","Process terminated:
RuleName: -
UtcTime: 2026-04-21 08:28:48.722
ProcessGuid: {a65b9ff6-3530-69e7-4e12-000000001b00}
ProcessId: 29796
Image: C:\Program Files\Google\Chrome\Application\chrome.exe
User: LAPTOP-I8K1DAMV\rohin"
"2026-04-21T13:58:48.2166406+05:30","5","Process terminated:
RuleName: -
UtcTime: 2026-04-21 08:28:48.215
ProcessGuid: {a65b9ff6-3536-69e7-5212-000000001b00}
ProcessId: 5016
Image: C:\Program Files\Google\Chrome\Application\chrome.exe
User: LAPTOP-I8K1DAMV\rohin"
"2026-04-21T13:58:45.9661501+05:30","5","Process terminated:
RuleName: -
UtcTime: 2026-04-21 08:28:45.965
ProcessGuid: {a65b9ff6-34e9-69e7-1b12-000000001b00}
ProcessId: 31256
Image: C:\Windows\System32\cmd.exe
User: LAPTOP-I8K1DAMV\rohin"
"2026-04-21T13:58:45.9308505+05:30","5","Process terminated:
RuleName: -
UtcTime: 2026-04-21 08:28:45.930
ProcessGuid: {a65b9ff6-3539-69e7-5312-000000001b00}
ProcessId: 26744
Image: D:\BTP\Log-Anamoly-Detection\.venv\Scripts\python.exe
User: LAPTOP-I8K1DAMV\rohin"
"2026-04-21T13:58:45.9165166+05:30","5","Process terminated:
RuleName: -
UtcTime: 2026-04-21 08:28:45.914
ProcessGuid: {a65b9ff6-3539-69e7-5412-000000001b00}
ProcessId: 27748
Image: C:\Users\rohin\AppData\Local\Programs\Python\Python314\python.exe
User: LAPTOP-I8K1DAMV\rohin"
"2026-04-21T13:58:41.5157664+05:30","5","Process terminated:
RuleName: -
UtcTime: 2026-04-21 08:28:41.515
ProcessGuid: {a65b9ff6-3530-69e7-4f12-000000001b00}
ProcessId: 29876
Image: D:\BTP\Log-Anamoly-Detection\.venv\Scripts\python.exe
User: LAPTOP-I8K1DAMV\rohin"
"2026-04-21T13:58:41.4955931+05:30","5","Process terminated:
RuleName: -
UtcTime: 2026-04-21 08:28:41.494
ProcessGuid: {a65b9ff6-3530-69e7-5012-000000001b00}
ProcessId: 29400
Image: C:\Users\rohin\AppData\Local\Programs\Python\Python314\python.exe
User: LAPTOP-I8K1DAMV\rohin"
"2026-04-21T13:58:37.2307694+05:30","5","Process terminated:
RuleName: -
UtcTime: 2026-04-21 08:28:37.229
ProcessGuid: {a65b9ff6-340f-69e7-f011-000000001b00}
ProcessId: 19424
Image: C:\Program Files\Google\Chrome\Application\chrome.exe
User: LAPTOP-I8K1DAMV\rohin"
"2026-04-21T13:58:37.2188895+05:30","5","Process terminated:
RuleName: -
UtcTime: 2026-04-21 08:28:37.215
ProcessGuid: {a65b9ff6-352f-69e7-4d12-000000001b00}
ProcessId: 26040
Image: C:\Program Files\Google\Chrome\Application\chrome.exe
User: LAPTOP-I8K1DAMV\rohin"
"2026-04-21T13:58:32.9182372+05:30","5","Process terminated:
RuleName: -
UtcTime: 2026-04-21 08:28:32.918
ProcessGuid: {a65b9ff6-352d-69e7-4b12-000000001b00}
ProcessId: 29352
Image: D:\BTP\Log-Anamoly-Detection\.venv\Scripts\python.exe
User: LAPTOP-I8K1DAMV\rohin"
"2026-04-21T13:58:32.9055968+05:30","5","Process terminated:
RuleName: -
UtcTime: 2026-04-21 08:28:32.904
ProcessGuid: {a65b9ff6-352d-69e7-4c12-000000001b00}
ProcessId: 23636
Image: C:\Users\rohin\AppData\Local\Programs\Python\Python314\python.exe
User: LAPTOP-I8K1DAMV\rohin"
"2026-04-21T13:58:29.7470205+05:30","5","Process terminated:
RuleName: -
UtcTime: 2026-04-21 08:28:29.746
ProcessGuid: {a65b9ff6-352d-69e7-4812-000000001b00}
ProcessId: 30116
Image: C:\Windows\System32\cmd.exe
User: LAPTOP-I8K1DAMV\rohin"
"2026-04-21T13:58:29.7435917+05:30","5","Process terminated:
RuleName: -
UtcTime: 2026-04-21 08:28:29.742
ProcessGuid: {a65b9ff6-352d-69e7-4a12-000000001b00}
ProcessId: 18952
Image: C:\Windows\System32\find.exe
User: LAPTOP-I8K1DAMV\rohin"
"2026-04-21T13:58:29.7421665+05:30","5","Process terminated:
RuleName: -
UtcTime: 2026-04-21 08:28:29.741
ProcessGuid: {a65b9ff6-352d-69e7-4912-000000001b00}
ProcessId: 17804
Image: C:\Windows\System32\cmd.exe
User: LAPTOP-I8K1DAMV\rohin"
"2026-04-21T13:58:29.6154907+05:30","5","Process terminated:
RuleName: -
UtcTime: 2026-04-21 08:28:29.614
ProcessGuid: {a65b9ff6-3501-69e7-4112-000000001b00}
ProcessId: 14928
Image: D:\BTP\Log-Anamoly-Detection\.venv\Scripts\python.exe
User: LAPTOP-I8K1DAMV\rohin"
"2026-04-21T13:58:29.6106508+05:30","5","Process terminated:
RuleName: -
UtcTime: 2026-04-21 08:28:29.609
ProcessGuid: {a65b9ff6-3501-69e7-4212-000000001b00}
ProcessId: 14208
Image: C:\Users\rohin\AppData\Local\Programs\Python\Python314\python.exe
User: LAPTOP-I8K1DAMV\rohin"
"2026-04-21T13:58:29.5393732+05:30","5","Process terminated:
RuleName: -
UtcTime: 2026-04-21 08:28:29.538
ProcessGuid: {a65b9ff6-3501-69e7-4312-000000001b00}
ProcessId: 29692
Image: C:\Windows\System32\WindowsPowerShell\v1.0\powershell.exe
User: LAPTOP-I8K1DAMV\rohin"
"2026-04-21T13:58:27.9332976+05:30","5","Process terminated:
RuleName: -
UtcTime: 2026-04-21 08:28:27.932
ProcessGuid: {a65b9ff6-347d-69e7-0612-000000001b00}
ProcessId: 31024
Image: C:\Windows\System32\wbem\WmiPrvSE.exe
User: NT AUTHORITY\LOCAL SERVICE"
"2026-04-21T13:58:18.5735557+05:30","5","Process terminated:
RuleName: -
UtcTime: 2026-04-21 08:28:18.573
ProcessGuid: {a65b9ff6-3522-69e7-4712-000000001b00}
ProcessId: 28772
Image: C:\Windows\System32\conhost.exe
User: NT AUTHORITY\LOCAL SERVICE"
"2026-04-21T13:58:18.5706989+05:30","5","Process terminated:
RuleName: -
UtcTime: 2026-04-21 08:28:18.570
ProcessGuid: {a65b9ff6-3522-69e7-4612-000000001b00}
ProcessId: 16776
Image: C:\Windows\System32\appidcertstorecheck.exe
User: NT AUTHORITY\LOCAL SERVICE"
"2026-04-21T13:57:57.4458464+05:30","5","Process terminated:
RuleName: -
UtcTime: 2026-04-21 08:27:57.444
ProcessGuid: {a65b9ff6-350d-69e7-4512-000000001b00}
ProcessId: 17360
Image: C:\Windows\System32\conhost.exe
User: NT AUTHORITY\LOCAL SERVICE"
"2026-04-21T13:57:57.4430144+05:30","5","Process terminated:
RuleName: -
UtcTime: 2026-04-21 08:27:57.442
ProcessGuid: {a65b9ff6-350d-69e7-4412-000000001b00}
ProcessId: 30252
Image: C:\Windows\System32\appidcertstorecheck.exe
User: NT AUTHORITY\LOCAL SERVICE"
"2026-04-21T13:57:45.5041557+05:30","5","Process terminated:
RuleName: -
UtcTime: 2026-04-21 08:27:45.503
ProcessGuid: {a65b9ff6-34e9-69e7-1c12-000000001b00}
ProcessId: 18444
Image: D:\BTP\Log-Anamoly-Detection\.venv\Scripts\python.exe
User: LAPTOP-I8K1DAMV\rohin"
"2026-04-21T13:57:45.4912827+05:30","5","Process terminated:
RuleName: -
UtcTime: 2026-04-21 08:27:45.490
ProcessGuid: {a65b9ff6-34e9-69e7-1d12-000000001b00}
ProcessId: 28796
Image: C:\Users\rohin\AppData\Local\Programs\Python\Python314\python.exe
User: LAPTOP-I8K1DAMV\rohin"
"2026-04-21T13:57:45.4420915+05:30","11","File created:
RuleName: -
UtcTime: 2026-04-21 08:27:45.441
ProcessGuid: {a65b9ff6-34e9-69e7-1d12-000000001b00}
ProcessId: 28796
Image: C:\Users\rohin\AppData\Local\Programs\Python\Python314\python.exe
TargetFilename: D:\BTP\Log-Anamoly-Detection\attack_files\attack_file_029.txt
CreationUtcTime: 2026-04-20 23:20:30.906
User: LAPTOP-I8K1DAMV\rohin"
"2026-04-21T13:57:45.4105244+05:30","11","File created:
RuleName: -
UtcTime: 2026-04-21 08:27:45.409
ProcessGuid: {a65b9ff6-34e9-69e7-1d12-000000001b00}
ProcessId: 28796
Image: C:\Users\rohin\AppData\Local\Programs\Python\Python314\python.exe
TargetFilename: D:\BTP\Log-Anamoly-Detection\attack_files\attack_file_028.txt
CreationUtcTime: 2026-04-20 23:20:30.897
User: LAPTOP-I8K1DAMV\rohin"
"2026-04-21T13:57:45.3793407+05:30","11","File created:
RuleName: -
UtcTime: 2026-04-21 08:27:45.378
ProcessGuid: {a65b9ff6-34e9-69e7-1d12-000000001b00}
ProcessId: 28796
Image: C:\Users\rohin\AppData\Local\Programs\Python\Python314\python.exe
TargetFilename: D:\BTP\Log-Anamoly-Detection\attack_files\attack_file_027.txt
CreationUtcTime: 2026-04-20 23:20:30.896
User: LAPTOP-I8K1DAMV\rohin"
"2026-04-21T13:57:45.3479590+05:30","11","File created:
RuleName: -
UtcTime: 2026-04-21 08:27:45.347
ProcessGuid: {a65b9ff6-34e9-69e7-1d12-000000001b00}
ProcessId: 28796
Image: C:\Users\rohin\AppData\Local\Programs\Python\Python314\python.exe
TargetFilename: D:\BTP\Log-Anamoly-Detection\attack_files\attack_file_026.txt
CreationUtcTime: 2026-04-20 23:20:30.890
User: LAPTOP-I8K1DAMV\rohin"
"2026-04-21T13:57:45.3165725+05:30","11","File created:
RuleName: -
UtcTime: 2026-04-21 08:27:45.315
ProcessGuid: {a65b9ff6-34e9-69e7-1d12-000000001b00}
ProcessId: 28796
Image: C:\Users\rohin\AppData\Local\Programs\Python\Python314\python.exe
TargetFilename: D:\BTP\Log-Anamoly-Detection\attack_files\attack_file_025.txt
CreationUtcTime: 2026-04-20 23:20:30.883
User: LAPTOP-I8K1DAMV\rohin"
"2026-04-21T13:57:45.2840078+05:30","11","File created:
RuleName: -
UtcTime: 2026-04-21 08:27:45.283
ProcessGuid: {a65b9ff6-34e9-69e7-1d12-000000001b00}
ProcessId: 28796
Image: C:\Users\rohin\AppData\Local\Programs\Python\Python314\python.exe
TargetFilename: D:\BTP\Log-Anamoly-Detection\attack_files\attack_file_024.txt
CreationUtcTime: 2026-04-20 23:20:30.879
User: LAPTOP-I8K1DAMV\rohin"
"2026-04-21T13:57:45.2524963+05:30","11","File created:
RuleName: -
UtcTime: 2026-04-21 08:27:45.251
ProcessGuid: {a65b9ff6-34e9-69e7-1d12-000000001b00}
ProcessId: 28796
Image: C:\Users\rohin\AppData\Local\Programs\Python\Python314\python.exe
TargetFilename: D:\BTP\Log-Anamoly-Detection\attack_files\attack_file_023.txt
CreationUtcTime: 2026-04-20 23:20:30.873
User: LAPTOP-I8K1DAMV\rohin"
"2026-04-21T13:57:45.2208551+05:30","11","File created:
RuleName: -
UtcTime: 2026-04-21 08:27:45.220
ProcessGuid: {a65b9ff6-34e9-69e7-1d12-000000001b00}
ProcessId: 28796
Image: C:\Users\rohin\AppData\Local\Programs\Python\Python314\python.exe
TargetFilename: D:\BTP\Log-Anamoly-Detection\attack_files\attack_file_022.txt
CreationUtcTime: 2026-04-20 23:20:30.868
User: LAPTOP-I8K1DAMV\rohin"
"2026-04-21T13:57:45.1891266+05:30","11","File created:
RuleName: -
UtcTime: 2026-04-21 08:27:45.188
ProcessGuid: {a65b9ff6-34e9-69e7-1d12-000000001b00}
ProcessId: 28796
Image: C:\Users\rohin\AppData\Local\Programs\Python\Python314\python.exe
TargetFilename: D:\BTP\Log-Anamoly-Detection\attack_files\attack_file_021.txt
CreationUtcTime: 2026-04-20 23:20:30.865
User: LAPTOP-I8K1DAMV\rohin"
"2026-04-21T13:57:45.1581315+05:30","11","File created:
RuleName: -
UtcTime: 2026-04-21 08:27:45.157
ProcessGuid: {a65b9ff6-34e9-69e7-1d12-000000001b00}
ProcessId: 28796
Image: C:\Users\rohin\AppData\Local\Programs\Python\Python314\python.exe
TargetFilename: D:\BTP\Log-Anamoly-Detection\attack_files\attack_file_020.txt
CreationUtcTime: 2026-04-20 23:20:30.859
User: LAPTOP-I8K1DAMV\rohin"
"2026-04-21T13:57:45.1263682+05:30","11","File created:
RuleName: -
UtcTime: 2026-04-21 08:27:45.125
ProcessGuid: {a65b9ff6-34e9-69e7-1d12-000000001b00}
ProcessId: 28796
Image: C:\Users\rohin\AppData\Local\Programs\Python\Python314\python.exe
TargetFilename: D:\BTP\Log-Anamoly-Detection\attack_files\attack_file_019.txt
CreationUtcTime: 2026-04-20 23:20:30.853
User: LAPTOP-I8K1DAMV\rohin"
"2026-04-21T13:57:45.0946438+05:30","11","File created:
RuleName: -
UtcTime: 2026-04-21 08:27:45.094
ProcessGuid: {a65b9ff6-34e9-69e7-1d12-000000001b00}
ProcessId: 28796
Image: C:\Users\rohin\AppData\Local\Programs\Python\Python314\python.exe
TargetFilename: D:\BTP\Log-Anamoly-Detection\attack_files\attack_file_018.txt
CreationUtcTime: 2026-04-20 23:20:30.849
User: LAPTOP-I8K1DAMV\rohin"
"2026-04-21T13:57:45.0627692+05:30","11","File created:
RuleName: -
UtcTime: 2026-04-21 08:27:45.062
ProcessGuid: {a65b9ff6-34e9-69e7-1d12-000000001b00}
ProcessId: 28796
Image: C:\Users\rohin\AppData\Local\Programs\Python\Python314\python.exe
TargetFilename: D:\BTP\Log-Anamoly-Detection\attack_files\attack_file_017.txt
CreationUtcTime: 2026-04-20 23:20:30.844
User: LAPTOP-I8K1DAMV\rohin"
"2026-04-21T13:57:45.0314686+05:30","11","File created:
RuleName: -
UtcTime: 2026-04-21 08:27:45.030
ProcessGuid: {a65b9ff6-34e9-69e7-1d12-000000001b00}
ProcessId: 28796
Image: C:\Users\rohin\AppData\Local\Programs\Python\Python314\python.exe
TargetFilename: D:\BTP\Log-Anamoly-Detection\attack_files\attack_file_016.txt
CreationUtcTime: 2026-04-20 23:20:30.840
User: LAPTOP-I8K1DAMV\rohin"
"2026-04-21T13:57:45.0002508+05:30","11","File created:
RuleName: -
UtcTime: 2026-04-21 08:27:44.999
ProcessGuid: {a65b9ff6-34e9-69e7-1d12-000000001b00}
ProcessId: 28796
Image: C:\Users\rohin\AppData\Local\Programs\Python\Python314\python.exe
TargetFilename: D:\BTP\Log-Anamoly-Detection\attack_files\attack_file_015.txt
CreationUtcTime: 2026-04-20 23:20:30.834
User: LAPTOP-I8K1DAMV\rohin"
"2026-04-21T13:57:44.9687008+05:30","11","File created:
RuleName: -
UtcTime: 2026-04-21 08:27:44.967
ProcessGuid: {a65b9ff6-34e9-69e7-1d12-000000001b00}
ProcessId: 28796
Image: C:\Users\rohin\AppData\Local\Programs\Python\Python314\python.exe
TargetFilename: D:\BTP\Log-Anamoly-Detection\attack_files\attack_file_014.txt
CreationUtcTime: 2026-04-20 23:20:30.827
User: LAPTOP-I8K1DAMV\rohin"
"2026-04-21T13:57:44.9371933+05:30","11","File created:
RuleName: -
UtcTime: 2026-04-21 08:27:44.936
ProcessGuid: {a65b9ff6-34e9-69e7-1d12-000000001b00}
ProcessId: 28796
Image: C:\Users\rohin\AppData\Local\Programs\Python\Python314\python.exe
TargetFilename: D:\BTP\Log-Anamoly-Detection\attack_files\attack_file_013.txt
CreationUtcTime: 2026-04-20 23:20:30.818
User: LAPTOP-I8K1DAMV\rohin"
"2026-04-21T13:57:44.9057659+05:30","11","File created:
RuleName: -
UtcTime: 2026-04-21 08:27:44.904
ProcessGuid: {a65b9ff6-34e9-69e7-1d12-000000001b00}
ProcessId: 28796
Image: C:\Users\rohin\AppData\Local\Programs\Python\Python314\python.exe
TargetFilename: D:\BTP\Log-Anamoly-Detection\attack_files\attack_file_012.txt
CreationUtcTime: 2026-04-20 23:20:30.802
User: LAPTOP-I8K1DAMV\rohin"
"2026-04-21T13:57:44.8743312+05:30","11","File created:
RuleName: -
UtcTime: 2026-04-21 08:27:44.873
ProcessGuid: {a65b9ff6-34e9-69e7-1d12-000000001b00}
ProcessId: 28796
Image: C:\Users\rohin\AppData\Local\Programs\Python\Python314\python.exe
TargetFilename: D:\BTP\Log-Anamoly-Detection\attack_files\attack_file_011.txt
CreationUtcTime: 2026-04-20 23:20:30.802
User: LAPTOP-I8K1DAMV\rohin"
"2026-04-21T13:57:44.8430154+05:30","11","File created:
RuleName: -
UtcTime: 2026-04-21 08:27:44.842
ProcessGuid: {a65b9ff6-34e9-69e7-1d12-000000001b00}
ProcessId: 28796
Image: C:\Users\rohin\AppData\Local\Programs\Python\Python314\python.exe
TargetFilename: D:\BTP\Log-Anamoly-Detection\attack_files\attack_file_010.txt
CreationUtcTime: 2026-04-20 23:20:30.802
User: LAPTOP-I8K1DAMV\rohin"
"2026-04-21T13:57:44.8115734+05:30","11","File created:
RuleName: -
UtcTime: 2026-04-21 08:27:44.810
ProcessGuid: {a65b9ff6-34e9-69e7-1d12-000000001b00}
ProcessId: 28796
Image: C:\Users\rohin\AppData\Local\Programs\Python\Python314\python.exe
TargetFilename: D:\BTP\Log-Anamoly-Detection\attack_files\attack_file_009.txt
CreationUtcTime: 2026-04-20 23:20:30.802
User: LAPTOP-I8K1DAMV\rohin"
"2026-04-21T13:57:44.7804877+05:30","11","File created:
RuleName: -
UtcTime: 2026-04-21 08:27:44.780
ProcessGuid: {a65b9ff6-34e9-69e7-1d12-000000001b00}
ProcessId: 28796
Image: C:\Users\rohin\AppData\Local\Programs\Python\Python314\python.exe
TargetFilename: D:\BTP\Log-Anamoly-Detection\attack_files\attack_file_008.txt
CreationUtcTime: 2026-04-20 23:20:30.786
User: LAPTOP-I8K1DAMV\rohin"
"2026-04-21T13:57:44.7483406+05:30","11","File created:
RuleName: -
UtcTime: 2026-04-21 08:27:44.748
ProcessGuid: {a65b9ff6-34e9-69e7-1d12-000000001b00}
ProcessId: 28796
Image: C:\Users\rohin\AppData\Local\Programs\Python\Python314\python.exe
TargetFilename: D:\BTP\Log-Anamoly-Detection\attack_files\attack_file_007.txt
CreationUtcTime: 2026-04-20 23:20:30.786
User: LAPTOP-I8K1DAMV\rohin"
"2026-04-21T13:57:44.7159833+05:30","11","File created:
RuleName: -
UtcTime: 2026-04-21 08:27:44.715
ProcessGuid: {a65b9ff6-34e9-69e7-1d12-000000001b00}
ProcessId: 28796
Image: C:\Users\rohin\AppData\Local\Programs\Python\Python314\python.exe
TargetFilename: D:\BTP\Log-Anamoly-Detection\attack_files\attack_file_006.txt
CreationUtcTime: 2026-04-20 23:20:30.786
User: LAPTOP-I8K1DAMV\rohin"
"2026-04-21T13:57:44.6838097+05:30","11","File created:
RuleName: -
UtcTime: 2026-04-21 08:27:44.683
ProcessGuid: {a65b9ff6-34e9-69e7-1d12-000000001b00}
ProcessId: 28796
Image: C:\Users\rohin\AppData\Local\Programs\Python\Python314\python.exe
TargetFilename: D:\BTP\Log-Anamoly-Detection\attack_files\attack_file_005.txt
CreationUtcTime: 2026-04-20 23:20:30.782
User: LAPTOP-I8K1DAMV\rohin"
"2026-04-21T13:57:44.6516029+05:30","11","File created:
RuleName: -
UtcTime: 2026-04-21 08:27:44.651
ProcessGuid: {a65b9ff6-34e9-69e7-1d12-000000001b00}
ProcessId: 28796
Image: C:\Users\rohin\AppData\Local\Programs\Python\Python314\python.exe
TargetFilename: D:\BTP\Log-Anamoly-Detection\attack_files\attack_file_004.txt
CreationUtcTime: 2026-04-20 23:20:30.778
User: LAPTOP-I8K1DAMV\rohin"
"2026-04-21T13:57:44.6196558+05:30","11","File created:
RuleName: -
UtcTime: 2026-04-21 08:27:44.618
ProcessGuid: {a65b9ff6-34e9-69e7-1d12-000000001b00}
ProcessId: 28796
Image: C:\Users\rohin\AppData\Local\Programs\Python\Python314\python.exe
TargetFilename: D:\BTP\Log-Anamoly-Detection\attack_files\attack_file_003.txt
CreationUtcTime: 2026-04-20 23:20:30.771
User: LAPTOP-I8K1DAMV\rohin"
"2026-04-21T13:57:44.5876175+05:30","11","File created:
RuleName: -
UtcTime: 2026-04-21 08:27:44.587
ProcessGuid: {a65b9ff6-34e9-69e7-1d12-000000001b00}
ProcessId: 28796
Image: C:\Users\rohin\AppData\Local\Programs\Python\Python314\python.exe
TargetFilename: D:\BTP\Log-Anamoly-Detection\attack_files\attack_file_002.txt
CreationUtcTime: 2026-04-20 23:20:30.767
User: LAPTOP-I8K1DAMV\rohin"
"2026-04-21T13:57:44.5556077+05:30","11","File created:
RuleName: -
UtcTime: 2026-04-21 08:27:44.554
ProcessGuid: {a65b9ff6-34e9-69e7-1d12-000000001b00}
ProcessId: 28796
Image: C:\Users\rohin\AppData\Local\Programs\Python\Python314\python.exe
TargetFilename: D:\BTP\Log-Anamoly-Detection\attack_files\attack_file_001.txt
CreationUtcTime: 2026-04-20 23:20:30.763
User: LAPTOP-I8K1DAMV\rohin"
"2026-04-21T13:57:44.5240396+05:30","11","File created:
RuleName: -
UtcTime: 2026-04-21 08:27:44.523
ProcessGuid: {a65b9ff6-34e9-69e7-1d12-000000001b00}
ProcessId: 28796
Image: C:\Users\rohin\AppData\Local\Programs\Python\Python314\python.exe
TargetFilename: D:\BTP\Log-Anamoly-Detection\attack_files\attack_file_000.txt
CreationUtcTime: 2026-04-20 23:20:30.758
User: LAPTOP-I8K1DAMV\rohin"
"2026-04-21T13:57:44.3072001+05:30","5","Process terminated:
RuleName: -
UtcTime: 2026-04-21 08:27:44.306
ProcessGuid: {a65b9ff6-34ff-69e7-4012-000000001b00}
ProcessId: 24012
Image: C:\Windows\System32\WindowsPowerShell\v1.0\powershell.exe
User: LAPTOP-I8K1DAMV\rohin"
"2026-04-21T13:57:43.6225902+05:30","5","Process terminated:
RuleName: -
UtcTime: 2026-04-21 08:27:43.621
ProcessGuid: {a65b9ff6-34ff-69e7-3f12-000000001b00}
ProcessId: 2644
Image: C:\Windows\System32\WindowsPowerShell\v1.0\powershell.exe
User: LAPTOP-I8K1DAMV\rohin"
"2026-04-21T13:57:42.9499429+05:30","5","Process terminated:
RuleName: -
UtcTime: 2026-04-21 08:27:42.949
ProcessGuid: {a65b9ff6-34fe-69e7-3e12-000000001b00}
ProcessId: 31524
Image: C:\Windows\System32\WindowsPowerShell\v1.0\powershell.exe
User: LAPTOP-I8K1DAMV\rohin"
"2026-04-21T13:57:42.2850870+05:30","5","Process terminated:
RuleName: -
UtcTime: 2026-04-21 08:27:42.273
ProcessGuid: {a65b9ff6-34fd-69e7-3d12-000000001b00}
ProcessId: 15440
Image: C:\Windows\System32\WindowsPowerShell\v1.0\powershell.exe
User: LAPTOP-I8K1DAMV\rohin"
"2026-04-21T13:57:41.6345572+05:30","5","Process terminated:
RuleName: -
UtcTime: 2026-04-21 08:27:41.634
ProcessGuid: {a65b9ff6-34fd-69e7-3c12-000000001b00}
ProcessId: 28596
Image: C:\Windows\System32\WindowsPowerShell\v1.0\powershell.exe
User: LAPTOP-I8K1DAMV\rohin"
"2026-04-21T13:57:40.9692531+05:30","5","Process terminated:
RuleName: -
UtcTime: 2026-04-21 08:27:40.963
ProcessGuid: {a65b9ff6-34fc-69e7-3b12-000000001b00}
ProcessId: 22596
Image: C:\Windows\System32\WindowsPowerShell\v1.0\powershell.exe
User: LAPTOP-I8K1DAMV\rohin"
"2026-04-21T13:57:40.3138914+05:30","5","Process terminated:
RuleName: -
UtcTime: 2026-04-21 08:27:40.313
ProcessGuid: {a65b9ff6-34fb-69e7-3a12-000000001b00}
ProcessId: 16028
Image: C:\Windows\System32\WindowsPowerShell\v1.0\powershell.exe
User: LAPTOP-I8K1DAMV\rohin"
"2026-04-21T13:57:39.6635195+05:30","5","Process terminated:
RuleName: -
UtcTime: 2026-04-21 08:27:39.662
ProcessGuid: {a65b9ff6-34fb-69e7-3912-000000001b00}
ProcessId: 28828
Image: C:\Windows\System32\WindowsPowerShell\v1.0\powershell.exe
User: LAPTOP-I8K1DAMV\rohin"
