"2026-04-21T13:08:18.2450414+05:30","5","Process terminated:
RuleName: -
UtcTime: 2026-04-21 07:38:18.244
ProcessGuid: {a65b9ff6-296a-69e7-ad0e-000000001b00}
ProcessId: 25184
Image: C:\Program Files\Git\cmd\git.exe
User: LAPTOP-I8K1DAMV\rohin"
"2026-04-21T13:08:18.2383775+05:30","5","Process terminated:
RuleName: -
UtcTime: 2026-04-21 07:38:18.238
ProcessGuid: {a65b9ff6-296a-69e7-af0e-000000001b00}
ProcessId: 13904
Image: C:\Program Files\Git\mingw64\bin\git.exe
User: LAPTOP-I8K1DAMV\rohin"
"2026-04-21T13:08:16.2554703+05:30","5","Process terminated:
RuleName: -
UtcTime: 2026-04-21 07:38:16.254
ProcessGuid: {a65b9ff6-294a-69e7-a50e-000000001b00}
ProcessId: 31020
Image: C:\Program Files\WindowsApps\Microsoft.WindowsNotepad_11.2512.26.0_x64__8wekyb3d8bbwe\Notepad\Notepad.exe
User: LAPTOP-I8K1DAMV\rohin"
"2026-04-21T13:08:14.9405661+05:30","5","Process terminated:
RuleName: -
UtcTime: 2026-04-21 07:38:14.939
ProcessGuid: {a65b9ff6-2964-69e7-ac0e-000000001b00}
ProcessId: 28552
Image: C:\Program Files\WindowsApps\Microsoft.WindowsNotepad_11.2512.26.0_x64__8wekyb3d8bbwe\Notepad\Notepad.exe
User: LAPTOP-I8K1DAMV\rohin"
"2026-04-21T13:08:05.4412042+05:30","5","Process terminated:
RuleName: -
UtcTime: 2026-04-21 07:38:05.440
ProcessGuid: {a65b9ff6-295d-69e7-aa0e-000000001b00}
ProcessId: 30072
Image: C:\Windows\System32\conhost.exe
User: LAPTOP-I8K1DAMV\rohin"
"2026-04-21T13:08:05.4372373+05:30","5","Process terminated:
RuleName: -
UtcTime: 2026-04-21 07:38:05.436
ProcessGuid: {a65b9ff6-295d-69e7-a90e-000000001b00}
ProcessId: 13424
Image: C:\Program Files\Git\cmd\git.exe
User: LAPTOP-I8K1DAMV\rohin"
"2026-04-21T13:08:05.4301944+05:30","5","Process terminated:
RuleName: -
UtcTime: 2026-04-21 07:38:05.430
ProcessGuid: {a65b9ff6-295d-69e7-ab0e-000000001b00}
ProcessId: 25488
Image: C:\Program Files\Git\mingw64\bin\git.exe
User: LAPTOP-I8K1DAMV\rohin"
"2026-04-21T13:07:52.9807033+05:30","5","Process terminated:
RuleName: -
UtcTime: 2026-04-21 07:37:52.980
ProcessGuid: {a65b9ff6-2950-69e7-a70e-000000001b00}
ProcessId: 23348
Image: C:\Windows\System32\conhost.exe
User: LAPTOP-I8K1DAMV\rohin"
"2026-04-21T13:07:52.9705929+05:30","5","Process terminated:
RuleName: -
UtcTime: 2026-04-21 07:37:52.970
ProcessGuid: {a65b9ff6-2950-69e7-a60e-000000001b00}
ProcessId: 18812
Image: C:\Program Files\Git\cmd\git.exe
User: LAPTOP-I8K1DAMV\rohin"
"2026-04-21T13:07:52.9644601+05:30","5","Process terminated:
RuleName: -
UtcTime: 2026-04-21 07:37:52.963
ProcessGuid: {a65b9ff6-2950-69e7-a80e-000000001b00}
ProcessId: 26668
Image: C:\Program Files\Git\mingw64\bin\git.exe
User: LAPTOP-I8K1DAMV\rohin"
"2026-04-21T13:07:32.4280011+05:30","5","Process terminated:
RuleName: -
UtcTime: 2026-04-21 07:37:32.427
ProcessGuid: {a65b9ff6-28d0-69e7-780e-000000001b00}
ProcessId: 5284
Image: C:\Windows\System32\wbem\WmiPrvSE.exe
User: NT AUTHORITY\NETWORK SERVICE"
"2026-04-21T13:07:32.1268515+05:30","5","Process terminated:
RuleName: -
UtcTime: 2026-04-21 07:37:32.125
ProcessGuid: {a65b9ff6-293c-69e7-a40e-000000001b00}
ProcessId: 29364
Image: C:\Windows\System32\chcp.com
User: LAPTOP-I8K1DAMV\rohin"
"2026-04-21T13:07:32.0771371+05:30","5","Process terminated:
RuleName: -
UtcTime: 2026-04-21 07:37:32.075
ProcessGuid: {a65b9ff6-293c-69e7-a30e-000000001b00}
ProcessId: 29616
Image: C:\Windows\System32\chcp.com
User: LAPTOP-I8K1DAMV\rohin"
"2026-04-21T13:07:32.0457223+05:30","5","Process terminated:
RuleName: -
UtcTime: 2026-04-21 07:37:32.043
ProcessGuid: {a65b9ff6-293b-69e7-a10e-000000001b00}
ProcessId: 28588
Image: C:\Windows\System32\cmd.exe
User: LAPTOP-I8K1DAMV\rohin"
"2026-04-21T13:07:32.0391778+05:30","5","Process terminated:
RuleName: -
UtcTime: 2026-04-21 07:37:32.037
ProcessGuid: {a65b9ff6-293c-69e7-a20e-000000001b00}
ProcessId: 29808
Image: C:\Windows\System32\chcp.com
User: LAPTOP-I8K1DAMV\rohin"
"2026-04-21T13:07:31.9524627+05:30","5","Process terminated:
RuleName: -
UtcTime: 2026-04-21 07:37:31.951
ProcessGuid: {a65b9ff6-2939-69e7-990e-000000001b00}
ProcessId: 10996
Image: D:\BTP\Log-Anamoly-Detection\.venv\Scripts\python.exe
User: LAPTOP-I8K1DAMV\rohin"
"2026-04-21T13:07:31.9269596+05:30","5","Process terminated:
RuleName: -
UtcTime: 2026-04-21 07:37:31.924
ProcessGuid: {a65b9ff6-2939-69e7-9a0e-000000001b00}
ProcessId: 29904
Image: C:\Users\rohin\AppData\Local\Programs\Python\Python314\python.exe
User: LAPTOP-I8K1DAMV\rohin"
"2026-04-21T13:07:31.7551512+05:30","5","Process terminated:
RuleName: -
UtcTime: 2026-04-21 07:37:31.754
ProcessGuid: {a65b9ff6-293b-69e7-9d0e-000000001b00}
ProcessId: 28760
Image: C:\Windows\System32\conhost.exe
User: LAPTOP-I8K1DAMV\rohin"
"2026-04-21T13:07:31.7445910+05:30","5","Process terminated:
RuleName: -
UtcTime: 2026-04-21 07:37:31.744
ProcessGuid: {a65b9ff6-293b-69e7-9c0e-000000001b00}
ProcessId: 24104
Image: C:\Windows\System32\cmd.exe
User: LAPTOP-I8K1DAMV\rohin"
"2026-04-21T13:07:31.7362797+05:30","5","Process terminated:
RuleName: -
UtcTime: 2026-04-21 07:37:31.735
ProcessGuid: {a65b9ff6-293b-69e7-9e0e-000000001b00}
ProcessId: 29604
Image: C:\Windows\System32\wsl.exe
User: LAPTOP-I8K1DAMV\rohin"
"2026-04-21T13:07:31.7280538+05:30","5","Process terminated:
RuleName: -
UtcTime: 2026-04-21 07:37:31.721
ProcessGuid: {a65b9ff6-293b-69e7-9f0e-000000001b00}
ProcessId: 29560
Image: C:\Program Files\WSL\wsl.exe
User: LAPTOP-I8K1DAMV\rohin"
"2026-04-21T13:07:29.8613780+05:30","5","Process terminated:
RuleName: -
UtcTime: 2026-04-21 07:37:29.860
ProcessGuid: {a65b9ff6-2928-69e7-940e-000000001b00}
ProcessId: 28352
Image: D:\BTP\Log-Anamoly-Detection\.venv\Scripts\python.exe
User: LAPTOP-I8K1DAMV\rohin"
"2026-04-21T13:07:29.8230424+05:30","5","Process terminated:
RuleName: -
UtcTime: 2026-04-21 07:37:29.822
ProcessGuid: {a65b9ff6-2928-69e7-950e-000000001b00}
ProcessId: 16744
Image: C:\Users\rohin\AppData\Local\Programs\Python\Python314\python.exe
User: LAPTOP-I8K1DAMV\rohin"
"2026-04-21T13:07:26.6126013+05:30","5","Process terminated:
RuleName: -
UtcTime: 2026-04-21 07:37:26.611
ProcessGuid: {a65b9ff6-2936-69e7-970e-000000001b00}
ProcessId: 28988
Image: C:\Windows\System32\conhost.exe
User: LAPTOP-I8K1DAMV\rohin"
"2026-04-21T13:07:26.6071068+05:30","5","Process terminated:
RuleName: -
UtcTime: 2026-04-21 07:37:26.606
ProcessGuid: {a65b9ff6-2936-69e7-960e-000000001b00}
ProcessId: 26740
Image: C:\Program Files\Git\cmd\git.exe
User: LAPTOP-I8K1DAMV\rohin"
"2026-04-21T13:07:26.5957008+05:30","5","Process terminated:
RuleName: -
UtcTime: 2026-04-21 07:37:26.594
ProcessGuid: {a65b9ff6-2936-69e7-980e-000000001b00}
ProcessId: 22228
Image: C:\Program Files\Git\mingw64\bin\git.exe
User: LAPTOP-I8K1DAMV\rohin"
"2026-04-21T13:07:12.4901000+05:30","5","Process terminated:
RuleName: -
UtcTime: 2026-04-21 07:37:12.489
ProcessGuid: {a65b9ff6-28b2-69e7-700e-000000001b00}
ProcessId: 14188
Image: D:\BTP\Log-Anamoly-Detection\.venv\Scripts\python.exe
User: LAPTOP-I8K1DAMV\rohin"
"2026-04-21T13:07:12.4665345+05:30","5","Process terminated:
RuleName: -
UtcTime: 2026-04-21 07:37:12.466
ProcessGuid: {a65b9ff6-28b2-69e7-710e-000000001b00}
ProcessId: 14692
Image: C:\Users\rohin\AppData\Local\Programs\Python\Python314\python.exe
User: LAPTOP-I8K1DAMV\rohin"
"2026-04-21T13:06:59.1216944+05:30","5","Process terminated:
RuleName: -
UtcTime: 2026-04-21 07:36:59.118
ProcessGuid: {a65b9ff6-2915-69e7-8f0e-000000001b00}
ProcessId: 25116
Image: C:\Program Files\McAfee\WebAdvisor\updater.exe
User: NT AUTHORITY\SYSTEM"
"2026-04-21T13:06:54.6052082+05:30","5","Process terminated:
RuleName: -
UtcTime: 2026-04-21 07:36:54.604
ProcessGuid: {a65b9ff6-2916-69e7-930e-000000001b00}
ProcessId: 2856
Image: C:\Windows\System32\conhost.exe
User: NT AUTHORITY\SYSTEM"
"2026-04-21T13:06:54.6009918+05:30","5","Process terminated:
RuleName: -
UtcTime: 2026-04-21 07:36:54.600
ProcessGuid: {a65b9ff6-2916-69e7-920e-000000001b00}
ProcessId: 25100
Image: C:\Windows\System32\cmd.exe
User: NT AUTHORITY\SYSTEM"
"2026-04-21T13:06:54.4912332+05:30","5","Process terminated:
RuleName: -
UtcTime: 2026-04-21 07:36:54.490
ProcessGuid: {a65b9ff6-2916-69e7-910e-000000001b00}
ProcessId: 27544
Image: C:\Windows\System32\conhost.exe
User: NT AUTHORITY\SYSTEM"
"2026-04-21T13:06:54.4859647+05:30","5","Process terminated:
RuleName: -
UtcTime: 2026-04-21 07:36:54.485
ProcessGuid: {a65b9ff6-2916-69e7-900e-000000001b00}
ProcessId: 29632
Image: C:\Windows\System32\cmd.exe
User: NT AUTHORITY\SYSTEM"
"2026-04-21T13:06:53.6851830+05:30","5","Process terminated:
RuleName: -
UtcTime: 2026-04-21 07:36:53.685
ProcessGuid: {a65b9ff6-290f-69e7-8a0e-000000001b00}
ProcessId: 24964
Image: C:\Program Files\McAfee\WebAdvisor\updater.exe
User: NT AUTHORITY\SYSTEM"
"2026-04-21T13:06:51.1325655+05:30","5","Process terminated:
RuleName: -
UtcTime: 2026-04-21 07:36:51.132
ProcessGuid: {a65b9ff6-2909-69e7-850e-000000001b00}
ProcessId: 29464
Image: D:\BTP\Log-Anamoly-Detection\.venv\Scripts\python.exe
User: LAPTOP-I8K1DAMV\rohin"
"2026-04-21T13:06:51.1192335+05:30","5","Process terminated:
RuleName: -
UtcTime: 2026-04-21 07:36:51.118
ProcessGuid: {a65b9ff6-2909-69e7-860e-000000001b00}
ProcessId: 19812
Image: C:\Users\rohin\AppData\Local\Programs\Python\Python314\python.exe
User: LAPTOP-I8K1DAMV\rohin"
"2026-04-21T13:06:49.3673306+05:30","5","Process terminated:
RuleName: -
UtcTime: 2026-04-21 07:36:49.366
ProcessGuid: {a65b9ff6-2911-69e7-8e0e-000000001b00}
ProcessId: 456
Image: C:\Windows\System32\conhost.exe
User: LAPTOP-I8K1DAMV\rohin"
"2026-04-21T13:06:49.3613704+05:30","5","Process terminated:
RuleName: -
UtcTime: 2026-04-21 07:36:49.360
ProcessGuid: {a65b9ff6-2911-69e7-8d0e-000000001b00}
ProcessId: 5300
Image: C:\Windows\System32\reg.exe
User: LAPTOP-I8K1DAMV\rohin"
"2026-04-21T13:06:49.2560936+05:30","5","Process terminated:
RuleName: -
UtcTime: 2026-04-21 07:36:49.255
ProcessGuid: {a65b9ff6-2911-69e7-8c0e-000000001b00}
ProcessId: 412
Image: C:\Windows\System32\conhost.exe
User: LAPTOP-I8K1DAMV\rohin"
"2026-04-21T13:06:49.2507174+05:30","5","Process terminated:
RuleName: -
UtcTime: 2026-04-21 07:36:49.246
ProcessGuid: {a65b9ff6-2911-69e7-8b0e-000000001b00}
ProcessId: 4612
Image: C:\Windows\System32\reg.exe
User: LAPTOP-I8K1DAMV\rohin"
"2026-04-21T13:06:45.5378244+05:30","5","Process terminated:
RuleName: -
UtcTime: 2026-04-21 07:36:45.537
ProcessGuid: {a65b9ff6-290d-69e7-880e-000000001b00}
ProcessId: 9580
Image: C:\Windows\System32\conhost.exe
User: LAPTOP-I8K1DAMV\rohin"
"2026-04-21T13:06:45.5331788+05:30","5","Process terminated:
RuleName: -
UtcTime: 2026-04-21 07:36:45.532
ProcessGuid: {a65b9ff6-290d-69e7-870e-000000001b00}
ProcessId: 27668
Image: C:\Program Files\Git\cmd\git.exe
User: LAPTOP-I8K1DAMV\rohin"
"2026-04-21T13:06:45.5254868+05:30","5","Process terminated:
RuleName: -
UtcTime: 2026-04-21 07:36:45.524
ProcessGuid: {a65b9ff6-290d-69e7-890e-000000001b00}
ProcessId: 14324
Image: C:\Program Files\Git\mingw64\bin\git.exe
User: LAPTOP-I8K1DAMV\rohin"
"2026-04-21T13:06:24.7827705+05:30","5","Process terminated:
RuleName: -
UtcTime: 2026-04-21 07:36:24.778
ProcessGuid: {a65b9ff6-28f8-69e7-830e-000000001b00}
ProcessId: 12172
Image: C:\Windows\System32\conhost.exe
User: LAPTOP-I8K1DAMV\rohin"
"2026-04-21T13:06:24.7783011+05:30","5","Process terminated:
RuleName: -
UtcTime: 2026-04-21 07:36:24.775
ProcessGuid: {a65b9ff6-28f8-69e7-820e-000000001b00}
ProcessId: 19816
Image: C:\Program Files\Git\cmd\git.exe
User: LAPTOP-I8K1DAMV\rohin"
"2026-04-21T13:06:24.7718218+05:30","5","Process terminated:
RuleName: -
UtcTime: 2026-04-21 07:36:24.769
ProcessGuid: {a65b9ff6-28f8-69e7-840e-000000001b00}
ProcessId: 14552
Image: C:\Program Files\Git\mingw64\bin\git.exe
User: LAPTOP-I8K1DAMV\rohin"
"2026-04-21T13:06:11.1822016+05:30","5","Process terminated:
RuleName: -
UtcTime: 2026-04-21 07:36:11.181
ProcessGuid: {a65b9ff6-28eb-69e7-810e-000000001b00}
ProcessId: 26716
Image: C:\Windows\System32\conhost.exe
User: NT AUTHORITY\SYSTEM"
"2026-04-21T13:06:11.1772349+05:30","5","Process terminated:
RuleName: -
UtcTime: 2026-04-21 07:36:11.176
ProcessGuid: {a65b9ff6-28ea-69e7-800e-000000001b00}
ProcessId: 26048
Image: C:\Windows\System32\sdbinst.exe
User: NT AUTHORITY\SYSTEM"
"2026-04-21T13:06:02.1467624+05:30","5","Process terminated:
RuleName: -
UtcTime: 2026-04-21 07:36:02.145
ProcessGuid: {a65b9ff6-28e1-69e7-7e0e-000000001b00}
ProcessId: 9904
Image: C:\Windows\System32\taskhostw.exe
User: LAPTOP-I8K1DAMV\rohin"
"2026-04-21T13:06:02.1241460+05:30","5","Process terminated:
RuleName: -
UtcTime: 2026-04-21 07:36:02.123
ProcessGuid: {a65b9ff6-28e1-69e7-7f0e-000000001b00}
ProcessId: 27484
Image: C:\Windows\SystemApps\MicrosoftWindows.Client.CBS_cw5n1h2txyewy\SoftLandingTask\SoftLandingTask.exe
User: LAPTOP-I8K1DAMV\rohin"
"2026-04-21T13:05:54.8836332+05:30","5","Process terminated:
RuleName: -
UtcTime: 2026-04-21 07:35:54.882
ProcessGuid: {a65b9ff6-28d5-69e7-7d0e-000000001b00}
ProcessId: 16096
Image: C:\Windows\System32\dllhost.exe
User: LAPTOP-I8K1DAMV\rohin"
"2026-04-21T13:05:49.2728608+05:30","5","Process terminated:
RuleName: -
UtcTime: 2026-04-21 07:35:49.272
ProcessGuid: {a65b9ff6-28d5-69e7-7c0e-000000001b00}
ProcessId: 21544
Image: C:\Windows\System32\conhost.exe
User: LAPTOP-I8K1DAMV\rohin"
"2026-04-21T13:05:49.2689906+05:30","5","Process terminated:
RuleName: -
UtcTime: 2026-04-21 07:35:49.268
ProcessGuid: {a65b9ff6-28d5-69e7-7b0e-000000001b00}
ProcessId: 17088
Image: C:\Windows\System32\reg.exe
User: LAPTOP-I8K1DAMV\rohin"
"2026-04-21T13:05:49.2209155+05:30","5","Process terminated:
RuleName: -
UtcTime: 2026-04-21 07:35:49.220
ProcessGuid: {a65b9ff6-28d5-69e7-7a0e-000000001b00}
ProcessId: 20532
Image: C:\Windows\System32\conhost.exe
User: LAPTOP-I8K1DAMV\rohin"
"2026-04-21T13:05:49.2129111+05:30","5","Process terminated:
RuleName: -
UtcTime: 2026-04-21 07:35:49.212
ProcessGuid: {a65b9ff6-28d5-69e7-790e-000000001b00}
ProcessId: 24592
Image: C:\Windows\System32\reg.exe
User: LAPTOP-I8K1DAMV\rohin"
"2026-04-21T13:05:43.6961480+05:30","5","Process terminated:
RuleName: -
UtcTime: 2026-04-21 07:35:43.693
ProcessGuid: {a65b9ff6-28cf-69e7-760e-000000001b00}
ProcessId: 29512
Image: C:\Windows\System32\conhost.exe
User: LAPTOP-I8K1DAMV\rohin"
"2026-04-21T13:05:43.6931113+05:30","5","Process terminated:
RuleName: -
UtcTime: 2026-04-21 07:35:43.692
ProcessGuid: {a65b9ff6-28cf-69e7-750e-000000001b00}
ProcessId: 17692
Image: C:\Program Files\Git\cmd\git.exe
User: LAPTOP-I8K1DAMV\rohin"
"2026-04-21T13:05:43.6892297+05:30","5","Process terminated:
RuleName: -
UtcTime: 2026-04-21 07:35:43.684
ProcessGuid: {a65b9ff6-28cf-69e7-770e-000000001b00}
ProcessId: 26824
Image: C:\Program Files\Git\mingw64\bin\git.exe
User: LAPTOP-I8K1DAMV\rohin"
"2026-04-21T13:05:25.9377548+05:30","5","Process terminated:
RuleName: -
UtcTime: 2026-04-21 07:35:25.934
ProcessGuid: {a65b9ff6-28bd-69e7-730e-000000001b00}
ProcessId: 18796
Image: C:\Windows\System32\conhost.exe
User: LAPTOP-I8K1DAMV\rohin"
"2026-04-21T13:05:25.9341245+05:30","5","Process terminated:
RuleName: -
UtcTime: 2026-04-21 07:35:25.933
ProcessGuid: {a65b9ff6-28bd-69e7-720e-000000001b00}
ProcessId: 28172
Image: C:\Program Files\Git\cmd\git.exe
User: LAPTOP-I8K1DAMV\rohin"
"2026-04-21T13:05:25.9299141+05:30","5","Process terminated:
RuleName: -
UtcTime: 2026-04-21 07:35:25.929
ProcessGuid: {a65b9ff6-28bd-69e7-740e-000000001b00}
ProcessId: 29504
Image: C:\Program Files\Git\mingw64\bin\git.exe
User: LAPTOP-I8K1DAMV\rohin"
"2026-04-21T13:05:14.3174124+05:30","5","Process terminated:
RuleName: -
UtcTime: 2026-04-21 07:35:14.305
ProcessGuid: {a65b9ff6-28b2-69e7-6e0e-000000001b00}
ProcessId: 26460
Image: D:\BTP\Log-Anamoly-Detection\.venv\Scripts\python.exe
User: LAPTOP-I8K1DAMV\rohin"
"2026-04-21T13:05:14.3108234+05:30","5","Process terminated:
RuleName: -
UtcTime: 2026-04-21 07:35:14.305
ProcessGuid: {a65b9ff6-28b2-69e7-6f0e-000000001b00}
ProcessId: 28092
Image: C:\Users\rohin\AppData\Local\Programs\Python\Python314\python.exe
User: LAPTOP-I8K1DAMV\rohin"
"2026-04-21T13:05:14.0322062+05:30","5","Process terminated:
RuleName: -
UtcTime: 2026-04-21 07:35:14.028
ProcessGuid: {a65b9ff6-28a9-69e7-690e-000000001b00}
ProcessId: 14644
Image: D:\BTP\Log-Anamoly-Detection\.venv\Scripts\python.exe
User: LAPTOP-I8K1DAMV\rohin"
"2026-04-21T13:05:14.0257652+05:30","5","Process terminated:
RuleName: -
UtcTime: 2026-04-21 07:35:14.018
ProcessGuid: {a65b9ff6-28a9-69e7-6a0e-000000001b00}
ProcessId: 30836
Image: C:\Users\rohin\AppData\Local\Programs\Python\Python314\python.exe
User: LAPTOP-I8K1DAMV\rohin"
"2026-04-21T13:05:06.0138545+05:30","5","Process terminated:
RuleName: -
UtcTime: 2026-04-21 07:35:06.012
ProcessGuid: {a65b9ff6-28a9-69e7-6c0e-000000001b00}
ProcessId: 10648
Image: C:\Windows\System32\conhost.exe
User: LAPTOP-I8K1DAMV\rohin"
"2026-04-21T13:05:06.0109104+05:30","5","Process terminated:
RuleName: -
UtcTime: 2026-04-21 07:35:06.010
ProcessGuid: {a65b9ff6-28a9-69e7-6b0e-000000001b00}
ProcessId: 3660
Image: C:\Program Files\Git\cmd\git.exe
User: LAPTOP-I8K1DAMV\rohin"
"2026-04-21T13:05:06.0065073+05:30","5","Process terminated:
RuleName: -
UtcTime: 2026-04-21 07:35:06.004
ProcessGuid: {a65b9ff6-28a9-69e7-6d0e-000000001b00}
ProcessId: 29192
Image: C:\Program Files\Git\mingw64\bin\git.exe
User: LAPTOP-I8K1DAMV\rohin"
"2026-04-21T13:04:52.1552699+05:30","5","Process terminated:
RuleName: -
UtcTime: 2026-04-21 07:34:52.154
ProcessGuid: {a65b9ff6-289c-69e7-670e-000000001b00}
ProcessId: 30252
Image: D:\Log-Anamoly-Detection\.venv\Scripts\python.exe
User: LAPTOP-I8K1DAMV\rohin"
"2026-04-21T13:04:52.1512093+05:30","5","Process terminated:
RuleName: -
UtcTime: 2026-04-21 07:34:52.150
ProcessGuid: {a65b9ff6-289c-69e7-680e-000000001b00}
ProcessId: 7984
Image: C:\Users\rohin\AppData\Local\Programs\Python\Python310\python.exe
User: LAPTOP-I8K1DAMV\rohin"
"2026-04-21T13:04:50.4529199+05:30","5","Process terminated:
RuleName: -
UtcTime: 2026-04-21 07:34:50.452
ProcessGuid: {a65b9ff6-289a-69e7-650e-000000001b00}
ProcessId: 25760
Image: C:\Windows\System32\conhost.exe
User: LAPTOP-I8K1DAMV\rohin"
"2026-04-21T13:04:50.4496600+05:30","5","Process terminated:
RuleName: -
UtcTime: 2026-04-21 07:34:50.449
ProcessGuid: {a65b9ff6-289a-69e7-640e-000000001b00}
ProcessId: 5036
Image: C:\Program Files\Git\cmd\git.exe
User: LAPTOP-I8K1DAMV\rohin"
"2026-04-21T13:04:50.4458994+05:30","5","Process terminated:
RuleName: -
UtcTime: 2026-04-21 07:34:50.445
ProcessGuid: {a65b9ff6-289a-69e7-660e-000000001b00}
ProcessId: 31260
Image: C:\Program Files\Git\mingw64\bin\git.exe
User: LAPTOP-I8K1DAMV\rohin"
"2026-04-21T13:04:49.1723763+05:30","5","Process terminated:
RuleName: -
UtcTime: 2026-04-21 07:34:49.172
ProcessGuid: {a65b9ff6-2899-69e7-630e-000000001b00}
ProcessId: 29764
Image: C:\Windows\System32\conhost.exe
User: LAPTOP-I8K1DAMV\rohin"
"2026-04-21T13:04:49.1689373+05:30","5","Process terminated:
RuleName: -
UtcTime: 2026-04-21 07:34:49.168
ProcessGuid: {a65b9ff6-2899-69e7-620e-000000001b00}
ProcessId: 29240
Image: C:\Windows\System32\reg.exe
User: LAPTOP-I8K1DAMV\rohin"
"2026-04-21T13:04:49.1232091+05:30","5","Process terminated:
RuleName: -
UtcTime: 2026-04-21 07:34:49.122
ProcessGuid: {a65b9ff6-2899-69e7-610e-000000001b00}
ProcessId: 30176
Image: C:\Windows\System32\conhost.exe
User: LAPTOP-I8K1DAMV\rohin"
"2026-04-21T13:04:49.1203643+05:30","5","Process terminated:
RuleName: -
UtcTime: 2026-04-21 07:34:49.120
ProcessGuid: {a65b9ff6-2899-69e7-600e-000000001b00}
ProcessId: 17532
Image: C:\Windows\System32\reg.exe
User: LAPTOP-I8K1DAMV\rohin"
"2026-04-21T13:04:47.0293068+05:30","5","Process terminated:
RuleName: -
UtcTime: 2026-04-21 07:34:47.026
ProcessGuid: {a65b9ff6-286e-69e7-580e-000000001b00}
ProcessId: 18864
Image: C:\Windows\System32\RuntimeBroker.exe
User: LAPTOP-I8K1DAMV\rohin"
"2026-04-21T13:04:23.6827628+05:30","5","Process terminated:
RuleName: -
UtcTime: 2026-04-21 07:34:23.682
ProcessGuid: {a65b9ff6-287f-69e7-5e0e-000000001b00}
ProcessId: 17156
Image: D:\Log-Anamoly-Detection\.venv\Scripts\python.exe
User: LAPTOP-I8K1DAMV\rohin"
"2026-04-21T13:04:23.6788106+05:30","5","Process terminated:
RuleName: -
UtcTime: 2026-04-21 07:34:23.678
ProcessGuid: {a65b9ff6-287f-69e7-5f0e-000000001b00}
ProcessId: 17012
Image: C:\Users\rohin\AppData\Local\Programs\Python\Python310\python.exe
User: LAPTOP-I8K1DAMV\rohin"
"2026-04-21T13:04:18.4913662+05:30","5","Process terminated:
RuleName: -
UtcTime: 2026-04-21 07:34:18.491
ProcessGuid: {a65b9ff6-287a-69e7-5c0e-000000001b00}
ProcessId: 9940
Image: D:\Log-Anamoly-Detection\.venv\Scripts\python.exe
User: LAPTOP-I8K1DAMV\rohin"
"2026-04-21T13:04:18.4870510+05:30","5","Process terminated:
RuleName: -
UtcTime: 2026-04-21 07:34:18.483
ProcessGuid: {a65b9ff6-287a-69e7-5d0e-000000001b00}
ProcessId: 30840
Image: C:\Users\rohin\AppData\Local\Programs\Python\Python310\python.exe
User: LAPTOP-I8K1DAMV\rohin"
"2026-04-21T13:04:11.5119431+05:30","5","Process terminated:
RuleName: -
UtcTime: 2026-04-21 07:34:11.508
ProcessGuid: {a65b9ff6-2873-69e7-5a0e-000000001b00}
ProcessId: 25136
Image: C:\Windows\System32\conhost.exe
User: LAPTOP-I8K1DAMV\rohin"
"2026-04-21T13:04:11.5086989+05:30","5","Process terminated:
RuleName: -
UtcTime: 2026-04-21 07:34:11.508
ProcessGuid: {a65b9ff6-2873-69e7-590e-000000001b00}
ProcessId: 7560
Image: C:\Program Files\Git\cmd\git.exe
User: LAPTOP-I8K1DAMV\rohin"
"2026-04-21T13:04:11.5051519+05:30","5","Process terminated:
RuleName: -
UtcTime: 2026-04-21 07:34:11.501
ProcessGuid: {a65b9ff6-2873-69e7-5b0e-000000001b00}
ProcessId: 18416
Image: C:\Program Files\Git\mingw64\bin\git.exe
User: LAPTOP-I8K1DAMV\rohin"
"2026-04-21T13:04:07.0029917+05:30","5","Process terminated:
RuleName: -
UtcTime: 2026-04-21 07:34:06.996
ProcessGuid: {a65b9ff6-286e-69e7-570e-000000001b00}
ProcessId: 30180
Image: C:\Program Files\Adobe\Acrobat DC\Acrobat\RDCNotificationClient\FullTrustNotifier.exe
User: LAPTOP-I8K1DAMV\rohin"
"2026-04-21T13:03:49.1512253+05:30","5","Process terminated:
RuleName: -
UtcTime: 2026-04-21 07:33:49.150
ProcessGuid: {a65b9ff6-285d-69e7-560e-000000001b00}
ProcessId: 29324
Image: C:\Windows\System32\conhost.exe
User: LAPTOP-I8K1DAMV\rohin"
"2026-04-21T13:03:49.1488345+05:30","5","Process terminated:
RuleName: -
UtcTime: 2026-04-21 07:33:49.148
ProcessGuid: {a65b9ff6-285d-69e7-550e-000000001b00}
ProcessId: 29328
Image: C:\Windows\System32\reg.exe
User: LAPTOP-I8K1DAMV\rohin"
"2026-04-21T13:03:49.1116968+05:30","5","Process terminated:
RuleName: -
UtcTime: 2026-04-21 07:33:49.111
ProcessGuid: {a65b9ff6-285d-69e7-540e-000000001b00}
ProcessId: 19820
Image: C:\Windows\System32\conhost.exe
User: LAPTOP-I8K1DAMV\rohin"
"2026-04-21T13:03:49.1085794+05:30","5","Process terminated:
RuleName: -
UtcTime: 2026-04-21 07:33:49.108
ProcessGuid: {a65b9ff6-285d-69e7-530e-000000001b00}
ProcessId: 27028
Image: C:\Windows\System32\reg.exe
User: LAPTOP-I8K1DAMV\rohin"
"2026-04-21T13:03:28.8606021+05:30","5","Process terminated:
RuleName: -
UtcTime: 2026-04-21 07:33:28.857
ProcessGuid: {a65b9ff6-2848-69e7-510e-000000001b00}
ProcessId: 18568
Image: C:\Windows\System32\conhost.exe
User: LAPTOP-I8K1DAMV\rohin"
"2026-04-21T13:03:28.8562655+05:30","5","Process terminated:
RuleName: -
UtcTime: 2026-04-21 07:33:28.855
ProcessGuid: {a65b9ff6-2848-69e7-500e-000000001b00}
ProcessId: 26588
Image: C:\Program Files\Git\cmd\git.exe
User: LAPTOP-I8K1DAMV\rohin"
"2026-04-21T13:03:28.8513583+05:30","5","Process terminated:
RuleName: -
UtcTime: 2026-04-21 07:33:28.850
ProcessGuid: {a65b9ff6-2848-69e7-520e-000000001b00}
ProcessId: 23056
Image: C:\Program Files\Git\mingw64\bin\git.exe
User: LAPTOP-I8K1DAMV\rohin"
"2026-04-21T13:03:28.8067443+05:30","5","Process terminated:
RuleName: -
UtcTime: 2026-04-21 07:33:28.805
ProcessGuid: {a65b9ff6-2848-69e7-4e0e-000000001b00}
ProcessId: 27960
Image: D:\Log-Anamoly-Detection\.venv\Scripts\python.exe
User: LAPTOP-I8K1DAMV\rohin"
"2026-04-21T13:03:28.8017027+05:30","5","Process terminated:
RuleName: -
UtcTime: 2026-04-21 07:33:28.799
ProcessGuid: {a65b9ff6-2848-69e7-4f0e-000000001b00}
ProcessId: 5652
Image: C:\Users\rohin\AppData\Local\Programs\Python\Python310\python.exe
User: LAPTOP-I8K1DAMV\rohin"
"2026-04-21T13:03:23.9911551+05:30","5","Process terminated:
RuleName: -
UtcTime: 2026-04-21 07:33:23.985
ProcessGuid: {a65b9ff6-2843-69e7-4b0e-000000001b00}
ProcessId: 22972
Image: D:\Log-Anamoly-Detection\.venv\Scripts\python.exe
User: LAPTOP-I8K1DAMV\rohin"
"2026-04-21T13:03:23.9871265+05:30","5","Process terminated:
RuleName: -
UtcTime: 2026-04-21 07:33:23.985
ProcessGuid: {a65b9ff6-2843-69e7-4c0e-000000001b00}
ProcessId: 31072
Image: C:\Users\rohin\AppData\Local\Programs\Python\Python310\python.exe
User: LAPTOP-I8K1DAMV\rohin"
"2026-04-21T13:03:14.0350444+05:30","5","Process terminated:
RuleName: -
UtcTime: 2026-04-21 07:33:14.031
ProcessGuid: {a65b9ff6-2839-69e7-490e-000000001b00}
ProcessId: 28952
Image: C:\Windows\System32\conhost.exe
User: LAPTOP-I8K1DAMV\rohin"
"2026-04-21T13:03:14.0323685+05:30","5","Process terminated:
RuleName: -
UtcTime: 2026-04-21 07:33:14.031
ProcessGuid: {a65b9ff6-2839-69e7-480e-000000001b00}
ProcessId: 21316
Image: C:\Program Files\Git\cmd\git.exe
User: LAPTOP-I8K1DAMV\rohin"
"2026-04-21T13:03:14.0284589+05:30","5","Process terminated:
RuleName: -
UtcTime: 2026-04-21 07:33:14.023
ProcessGuid: {a65b9ff6-2839-69e7-4a0e-000000001b00}
ProcessId: 13824
Image: C:\Program Files\Git\mingw64\bin\git.exe
User: LAPTOP-I8K1DAMV\rohin"
"2026-04-21T13:03:11.7912661+05:30","5","Process terminated:
RuleName: -
UtcTime: 2026-04-21 07:33:11.785
ProcessGuid: {a65b9ff6-c37d-69e6-ff03-000000001b00}
ProcessId: 13968
Image: C:\Windows\System32\ShellHost.exe
User: LAPTOP-I8K1DAMV\rohin"
"2026-04-21T13:03:06.0264400+05:30","5","Process terminated:
RuleName: -
UtcTime: 2026-04-21 07:33:06.025
ProcessGuid: {a65b9ff6-2703-69e7-f00d-000000001b00}
ProcessId: 16260
Image: C:\Windows\System32\audiodg.exe
User: NT AUTHORITY\LOCAL SERVICE"
"2026-04-21T13:03:05.1057771+05:30","5","Process terminated:
RuleName: -
UtcTime: 2026-04-21 07:33:05.105
ProcessGuid: {a65b9ff6-2830-69e7-460e-000000001b00}
ProcessId: 21624
Image: C:\Windows\System32\taskhostw.exe
User: NT AUTHORITY\SYSTEM"
"2026-04-21T13:02:59.1955190+05:30","5","Process terminated:
RuleName: -
UtcTime: 2026-04-21 07:32:59.194
ProcessGuid: {a65b9ff6-27ce-69e7-2a0e-000000001b00}
ProcessId: 10692
Image: C:\Windows\System32\svchost.exe
User: NT AUTHORITY\SYSTEM"
"2026-04-21T13:02:53.9791224+05:30","5","Process terminated:
RuleName: -
UtcTime: 2026-04-21 07:32:53.977
ProcessGuid: {a65b9ff6-2824-69e7-3e0e-000000001b00}
ProcessId: 25700
Image: C:\Program Files\Common Files\McAfee\Platform\Core\mchost.exe
User: NT AUTHORITY\SYSTEM"
"2026-04-21T13:02:53.9758566+05:30","5","Process terminated:
RuleName: -
UtcTime: 2026-04-21 07:32:53.975
ProcessGuid: {a65b9ff6-2825-69e7-430e-000000001b00}
ProcessId: 28792
Image: C:\Program Files\Common Files\McAfee\Platform\Core\mchost.exe
User: NT AUTHORITY\SYSTEM"
"2026-04-21T13:02:53.9735712+05:30","5","Process terminated:
RuleName: -
UtcTime: 2026-04-21 07:32:53.971
ProcessGuid: {a65b9ff6-2825-69e7-450e-000000001b00}
ProcessId: 3104
Image: C:\Program Files\Common Files\McAfee\Platform\Core\mchost.exe
User: NT AUTHORITY\SYSTEM"
"2026-04-21T13:02:53.9734310+05:30","5","Process terminated:
RuleName: -
UtcTime: 2026-04-21 07:32:53.971
ProcessGuid: {a65b9ff6-2824-69e7-410e-000000001b00}
ProcessId: 9980
Image: C:\Program Files\Common Files\McAfee\Platform\Core\mchost.exe
User: NT AUTHORITY\SYSTEM"
"2026-04-21T13:02:53.9722291+05:30","5","Process terminated:
RuleName: -
UtcTime: 2026-04-21 07:32:53.971
ProcessGuid: {a65b9ff6-2824-69e7-400e-000000001b00}
ProcessId: 21812
Image: C:\Program Files\Common Files\McAfee\Platform\Core\mchost.exe
User: NT AUTHORITY\SYSTEM"
"2026-04-21T13:02:53.9699710+05:30","5","Process terminated:
RuleName: -
UtcTime: 2026-04-21 07:32:53.968
ProcessGuid: {a65b9ff6-2824-69e7-3c0e-000000001b00}
ProcessId: 28600
Image: C:\Program Files\Common Files\McAfee\Platform\Core\mchost.exe
User: NT AUTHORITY\SYSTEM"
"2026-04-21T13:02:53.4203413+05:30","5","Process terminated:
RuleName: -
UtcTime: 2026-04-21 07:32:53.411
ProcessGuid: {a65b9ff6-e115-69e6-260c-000000001b00}
ProcessId: 10280
Image: C:\Program Files\McAfee\MQS\QcShm.exe
User: NT AUTHORITY\SYSTEM"
"2026-04-21T13:02:53.1889923+05:30","5","Process terminated:
RuleName: -
UtcTime: 2026-04-21 07:32:53.187
ProcessGuid: {a65b9ff6-2825-69e7-420e-000000001b00}
ProcessId: 26104
Image: C:\Windows\System32\SecurityHealth\10.0.29554.1001-0\SecurityHealthHost.exe
User: LAPTOP-I8K1DAMV\rohin"
"2026-04-21T13:02:52.6904552+05:30","5","Process terminated:
RuleName: -
UtcTime: 2026-04-21 07:32:52.690
ProcessGuid: {a65b9ff6-2824-69e7-3f0e-000000001b00}
ProcessId: 22812
Image: C:\Windows\System32\SecurityHealth\10.0.29554.1001-0\SecurityHealthHost.exe
User: LAPTOP-I8K1DAMV\rohin"
"2026-04-21T13:02:49.2017583+05:30","5","Process terminated:
RuleName: -
UtcTime: 2026-04-21 07:32:49.193
ProcessGuid: {a65b9ff6-2821-69e7-360e-000000001b00}
ProcessId: 14368
Image: C:\Windows\System32\conhost.exe
User: LAPTOP-I8K1DAMV\rohin"
"2026-04-21T13:02:49.1989323+05:30","5","Process terminated:
RuleName: -
UtcTime: 2026-04-21 07:32:49.193
ProcessGuid: {a65b9ff6-2821-69e7-350e-000000001b00}
ProcessId: 31332
Image: C:\Windows\System32\reg.exe
User: LAPTOP-I8K1DAMV\rohin"
"2026-04-21T13:02:49.1388952+05:30","5","Process terminated:
RuleName: -
UtcTime: 2026-04-21 07:32:49.137
ProcessGuid: {a65b9ff6-2821-69e7-340e-000000001b00}
ProcessId: 9428
Image: C:\Windows\System32\conhost.exe
User: LAPTOP-I8K1DAMV\rohin"
"2026-04-21T13:02:49.1353787+05:30","5","Process terminated:
RuleName: -
UtcTime: 2026-04-21 07:32:49.130
ProcessGuid: {a65b9ff6-2821-69e7-330e-000000001b00}
ProcessId: 31596
Image: C:\Windows\System32\reg.exe
User: LAPTOP-I8K1DAMV\rohin"
"2026-04-21T13:02:08.6375330+05:30","5","Process terminated:
RuleName: -
UtcTime: 2026-04-21 07:32:08.636
ProcessGuid: {a65b9ff6-0167-69e7-dd0c-000000001b00}
ProcessId: 17692
Image: C:\Windows\System32\svchost.exe
User: NT AUTHORITY\SYSTEM"
"2026-04-21T13:01:49.1413621+05:30","5","Process terminated:
RuleName: -
UtcTime: 2026-04-21 07:31:49.141
ProcessGuid: {a65b9ff6-27e5-69e7-320e-000000001b00}
ProcessId: 22456
Image: C:\Windows\System32\conhost.exe
User: LAPTOP-I8K1DAMV\rohin"
"2026-04-21T13:01:49.1385212+05:30","5","Process terminated:
RuleName: -
UtcTime: 2026-04-21 07:31:49.138
ProcessGuid: {a65b9ff6-27e5-69e7-310e-000000001b00}
ProcessId: 276
Image: C:\Windows\System32\reg.exe
User: LAPTOP-I8K1DAMV\rohin"
"2026-04-21T13:01:49.0950627+05:30","5","Process terminated:
RuleName: -
UtcTime: 2026-04-21 07:31:49.094
ProcessGuid: {a65b9ff6-27e5-69e7-300e-000000001b00}
ProcessId: 18796
Image: C:\Windows\System32\conhost.exe
User: LAPTOP-I8K1DAMV\rohin"
"2026-04-21T13:01:49.0928216+05:30","5","Process terminated:
RuleName: -
UtcTime: 2026-04-21 07:31:49.092
ProcessGuid: {a65b9ff6-27e5-69e7-2f0e-000000001b00}
ProcessId: 25964
Image: C:\Windows\System32\reg.exe
User: LAPTOP-I8K1DAMV\rohin"
"2026-04-21T13:01:40.5458744+05:30","5","Process terminated:
RuleName: -
UtcTime: 2026-04-21 07:31:40.537
ProcessGuid: {a65b9ff6-27dc-69e7-2e0e-000000001b00}
ProcessId: 4968
Image: C:\Windows\System32\conhost.exe
User: LAPTOP-I8K1DAMV\rohin"
"2026-04-21T13:01:40.5434136+05:30","5","Process terminated:
RuleName: -
UtcTime: 2026-04-21 07:31:40.537
ProcessGuid: {a65b9ff6-27dc-69e7-2c0e-000000001b00}
ProcessId: 29964
Image: C:\Windows\System32\conhost.exe
User: LAPTOP-I8K1DAMV\rohin"
"2026-04-21T13:01:40.5278642+05:30","5","Process terminated:
RuleName: -
UtcTime: 2026-04-21 07:31:40.521
ProcessGuid: {a65b9ff6-27dc-69e7-2d0e-000000001b00}
ProcessId: 25288
Image: C:\Users\rohin\AppData\Local\Programs\Microsoft VS Code\560a9dba96\resources\app\node_modules\@vscode\ripgrep\bin\rg.exe
User: LAPTOP-I8K1DAMV\rohin"
"2026-04-21T13:01:40.5273302+05:30","5","Process terminated:
RuleName: -
UtcTime: 2026-04-21 07:31:40.521
ProcessGuid: {a65b9ff6-27dc-69e7-2b0e-000000001b00}
ProcessId: 8520
Image: C:\Users\rohin\AppData\Local\Programs\Microsoft VS Code\560a9dba96\resources\app\node_modules\@vscode\ripgrep\bin\rg.exe
User: LAPTOP-I8K1DAMV\rohin"
"2026-04-21T13:01:40.4242205+05:30","5","Process terminated:
RuleName: -
UtcTime: 2026-04-21 07:31:40.423
ProcessGuid: {a65b9ff6-25cf-69e7-370d-000000001b00}
ProcessId: 28480
Image: C:\Windows\System32\smartscreen.exe
User: LAPTOP-I8K1DAMV\rohin"
"2026-04-21T13:01:04.3273463+05:30","5","Process terminated:
RuleName: -
UtcTime: 2026-04-21 07:31:04.326
ProcessGuid: {a65b9ff6-2731-69e7-110e-000000001b00}
ProcessId: 29428
Image: C:\Windows\System32\SearchProtocolHost.exe
User: NT AUTHORITY\SYSTEM"
"2026-04-21T13:01:03.8598381+05:30","5","Process terminated:
RuleName: -
UtcTime: 2026-04-21 07:31:03.859
ProcessGuid: {a65b9ff6-27b7-69e7-270e-000000001b00}
ProcessId: 31356
Image: C:\Windows\System32\conhost.exe
User: LAPTOP-I8K1DAMV\rohin"
"2026-04-21T13:01:03.8573956+05:30","5","Process terminated:
RuleName: -
UtcTime: 2026-04-21 07:31:03.856
ProcessGuid: {a65b9ff6-27b7-69e7-260e-000000001b00}
ProcessId: 28528
Image: C:\Program Files\Git\cmd\git.exe
User: LAPTOP-I8K1DAMV\rohin"
"2026-04-21T13:01:03.8536782+05:30","5","Process terminated:
RuleName: -
UtcTime: 2026-04-21 07:31:03.853
ProcessGuid: {a65b9ff6-27b7-69e7-280e-000000001b00}
ProcessId: 26596
Image: C:\Program Files\Git\mingw64\bin\git.exe
User: LAPTOP-I8K1DAMV\rohin"
"2026-04-21T13:00:57.5055354+05:30","5","Process terminated:
RuleName: -
UtcTime: 2026-04-21 07:30:57.504
ProcessGuid: {a65b9ff6-0169-69e7-e60c-000000001b00}
ProcessId: 28192
Image: C:\Windows\System32\svchost.exe
User: NT AUTHORITY\SYSTEM"
"2026-04-21T13:00:49.1407854+05:30","5","Process terminated:
RuleName: -
UtcTime: 2026-04-21 07:30:49.140
ProcessGuid: {a65b9ff6-27a9-69e7-250e-000000001b00}
ProcessId: 30992
Image: C:\Windows\System32\conhost.exe
User: LAPTOP-I8K1DAMV\rohin"
"2026-04-21T13:00:49.1381994+05:30","5","Process terminated:
RuleName: -
UtcTime: 2026-04-21 07:30:49.138
ProcessGuid: {a65b9ff6-27a9-69e7-240e-000000001b00}
ProcessId: 14916
Image: C:\Windows\System32\reg.exe
User: LAPTOP-I8K1DAMV\rohin"
"2026-04-21T13:00:49.0894910+05:30","5","Process terminated:
RuleName: -
UtcTime: 2026-04-21 07:30:49.088
ProcessGuid: {a65b9ff6-27a9-69e7-230e-000000001b00}
ProcessId: 11120
Image: C:\Windows\System32\conhost.exe
User: LAPTOP-I8K1DAMV\rohin"
"2026-04-21T13:00:49.0869010+05:30","5","Process terminated:
RuleName: -
UtcTime: 2026-04-21 07:30:49.084
ProcessGuid: {a65b9ff6-27a9-69e7-220e-000000001b00}
ProcessId: 30200
Image: C:\Windows\System32\reg.exe
User: LAPTOP-I8K1DAMV\rohin"
"2026-04-21T12:59:54.3777124+05:30","5","Process terminated:
RuleName: -
UtcTime: 2026-04-21 07:29:54.376
ProcessGuid: {a65b9ff6-26cc-69e7-d70d-000000001b00}
ProcessId: 13744
Image: C:\Windows\System32\wbem\WmiPrvSE.exe
User: NT AUTHORITY\LOCAL SERVICE"
"2026-04-21T12:59:50.1001886+05:30","5","Process terminated:
RuleName: -
UtcTime: 2026-04-21 07:29:50.099
ProcessGuid: {a65b9ff6-276e-69e7-210e-000000001b00}
ProcessId: 31000
Image: C:\Windows\System32\conhost.exe
User: LAPTOP-I8K1DAMV\rohin"
"2026-04-21T12:59:50.0962879+05:30","5","Process terminated:
RuleName: -
UtcTime: 2026-04-21 07:29:50.092
ProcessGuid: {a65b9ff6-276d-69e7-200e-000000001b00}
ProcessId: 14580
Image: C:\Users\rohin\AppData\Local\Programs\Microsoft VS Code\560a9dba96\resources\app\node_modules\@vscode\ripgrep\bin\rg.exe
User: LAPTOP-I8K1DAMV\rohin"
"2026-04-21T12:59:49.1235141+05:30","5","Process terminated:
RuleName: -
UtcTime: 2026-04-21 07:29:49.109
ProcessGuid: {a65b9ff6-276d-69e7-1f0e-000000001b00}
ProcessId: 1820
Image: C:\Windows\System32\conhost.exe
User: LAPTOP-I8K1DAMV\rohin"
"2026-04-21T12:59:49.1210147+05:30","5","Process terminated:
RuleName: -
UtcTime: 2026-04-21 07:29:49.109
ProcessGuid: {a65b9ff6-276d-69e7-1e0e-000000001b00}
ProcessId: 26036
Image: C:\Windows\System32\reg.exe
User: LAPTOP-I8K1DAMV\rohin"
"2026-04-21T12:59:49.0761828+05:30","5","Process terminated:
RuleName: -
UtcTime: 2026-04-21 07:29:49.075
ProcessGuid: {a65b9ff6-276d-69e7-1d0e-000000001b00}
ProcessId: 28372
Image: C:\Windows\System32\conhost.exe
User: LAPTOP-I8K1DAMV\rohin"
"2026-04-21T12:59:49.0736138+05:30","5","Process terminated:
RuleName: -
UtcTime: 2026-04-21 07:29:49.069
ProcessGuid: {a65b9ff6-276d-69e7-1c0e-000000001b00}
ProcessId: 7016
Image: C:\Windows\System32\reg.exe
User: LAPTOP-I8K1DAMV\rohin"
"2026-04-21T12:59:39.1722244+05:30","5","Process terminated:
RuleName: -
UtcTime: 2026-04-21 07:29:39.171
ProcessGuid: {a65b9ff6-2735-69e7-160e-000000001b00}
ProcessId: 19836
Image: C:\Windows\System32\sppsvc.exe
User: NT AUTHORITY\NETWORK SERVICE"
"2026-04-21T12:59:39.1653638+05:30","5","Process terminated:
RuleName: -
UtcTime: 2026-04-21 07:29:39.164
ProcessGuid: {a65b9ff6-2736-69e7-170e-000000001b00}
ProcessId: 22140
Image: C:\Windows\System32\SppExtComObj.Exe
User: NT AUTHORITY\NETWORK SERVICE"
"2026-04-21T12:59:28.7188608+05:30","5","Process terminated:
RuleName: -
UtcTime: 2026-04-21 07:29:28.718
ProcessGuid: {a65b9ff6-2730-69e7-090e-000000001b00}
ProcessId: 30812
Image: C:\Windows\System32\RuntimeBroker.exe
User: LAPTOP-I8K1DAMV\rohin"
"2026-04-21T12:59:12.9028251+05:30","5","Process terminated:
RuleName: -
UtcTime: 2026-04-21 07:29:12.902
ProcessGuid: {a65b9ff6-272f-69e7-010e-000000001b00}
ProcessId: 22460
Image: C:\Windows\System32\taskhostw.exe
User: NT AUTHORITY\SYSTEM"
"2026-04-21T12:59:11.5587204+05:30","5","Process terminated:
RuleName: -
UtcTime: 2026-04-21 07:29:11.558
ProcessGuid: {a65b9ff6-26cc-69e7-d80d-000000001b00}
ProcessId: 27752
Image: C:\Windows\System32\svchost.exe
User: NT AUTHORITY\SYSTEM"
"2026-04-21T12:59:09.2360604+05:30","5","Process terminated:
RuleName: -
UtcTime: 2026-04-21 07:29:09.235
ProcessGuid: {a65b9ff6-2744-69e7-1b0e-000000001b00}
ProcessId: 28964
Image: C:\Windows\System32\UCConfigTask.exe
User: NT AUTHORITY\SYSTEM"
"2026-04-21T12:58:59.9417292+05:30","5","Process terminated:
RuleName: -
UtcTime: 2026-04-21 07:28:59.940
ProcessGuid: {a65b9ff6-273b-69e7-190e-000000001b00}
ProcessId: 3316
Image: C:\Windows\System32\conhost.exe
User: LAPTOP-I8K1DAMV\rohin"
"2026-04-21T12:58:59.9388241+05:30","5","Process terminated:
RuleName: -
UtcTime: 2026-04-21 07:28:59.938
ProcessGuid: {a65b9ff6-273b-69e7-180e-000000001b00}
ProcessId: 15928
Image: C:\Program Files\Git\cmd\git.exe
User: LAPTOP-I8K1DAMV\rohin"
"2026-04-21T12:58:59.9352080+05:30","5","Process terminated:
RuleName: -
UtcTime: 2026-04-21 07:28:59.934
ProcessGuid: {a65b9ff6-273b-69e7-1a0e-000000001b00}
ProcessId: 28812
Image: C:\Program Files\Git\mingw64\bin\git.exe
User: LAPTOP-I8K1DAMV\rohin"
"2026-04-21T12:58:53.3857334+05:30","5","Process terminated:
RuleName: -
UtcTime: 2026-04-21 07:28:53.382
ProcessGuid: {a65b9ff6-2734-69e7-150e-000000001b00}
ProcessId: 26144
Image: C:\Windows\System32\conhost.exe
User: NT AUTHORITY\SYSTEM"
"2026-04-21T12:58:53.3831974+05:30","5","Process terminated:
RuleName: -
UtcTime: 2026-04-21 07:28:53.382
ProcessGuid: {a65b9ff6-2734-69e7-140e-000000001b00}
ProcessId: 22188
Image: C:\Program Files (x86)\Common Files\Adobe\AdobeGCClient\AGSService.exe
User: NT AUTHORITY\SYSTEM"
"2026-04-21T12:58:50.1224797+05:30","5","Process terminated:
RuleName: -
UtcTime: 2026-04-21 07:28:50.120
ProcessGuid: {a65b9ff6-c581-69e6-b104-000000001b00}
ProcessId: 13192
Image: C:\Windows\System32\conhost.exe
User: NT AUTHORITY\SYSTEM"
"2026-04-21T12:58:50.0755757+05:30","5","Process terminated:
RuleName: -
UtcTime: 2026-04-21 07:28:50.074
ProcessGuid: {a65b9ff6-c581-69e6-b004-000000001b00}
ProcessId: 25772
Image: C:\Program Files (x86)\Common Files\Adobe\AdobeGCClient\AGSService.exe
User: NT AUTHORITY\SYSTEM"
"2026-04-21T12:58:50.0750812+05:30","5","Process terminated:
RuleName: -
UtcTime: 2026-04-21 07:28:50.074
ProcessGuid: {a65b9ff6-272f-69e7-050e-000000001b00}
ProcessId: 28412
Image: C:\Program Files (x86)\Common Files\Adobe\AdobeGCClient\agcinvokerutility.exe
User: LAPTOP-I8K1DAMV\rohin"
"2026-04-21T12:58:49.2298348+05:30","5","Process terminated:
RuleName: -
UtcTime: 2026-04-21 07:28:49.229
ProcessGuid: {a65b9ff6-2731-69e7-0f0e-000000001b00}
ProcessId: 18584
Image: C:\Windows\System32\conhost.exe
User: LAPTOP-I8K1DAMV\rohin"
"2026-04-21T12:58:49.2261434+05:30","5","Process terminated:
RuleName: -
UtcTime: 2026-04-21 07:28:49.226
ProcessGuid: {a65b9ff6-2731-69e7-0e0e-000000001b00}
ProcessId: 2312
Image: C:\Program Files\Git\cmd\git.exe
User: LAPTOP-I8K1DAMV\rohin"
"2026-04-21T12:58:49.2213447+05:30","5","Process terminated:
RuleName: -
UtcTime: 2026-04-21 07:28:49.220
ProcessGuid: {a65b9ff6-2731-69e7-100e-000000001b00}
ProcessId: 30316
Image: C:\Program Files\Git\mingw64\bin\git.exe
User: LAPTOP-I8K1DAMV\rohin"
"2026-04-21T12:58:49.1136178+05:30","5","Process terminated:
RuleName: -
UtcTime: 2026-04-21 07:28:49.113
ProcessGuid: {a65b9ff6-2731-69e7-0d0e-000000001b00}
ProcessId: 28956
Image: C:\Windows\System32\conhost.exe
User: LAPTOP-I8K1DAMV\rohin"
"2026-04-21T12:58:49.1075086+05:30","5","Process terminated:
RuleName: -
UtcTime: 2026-04-21 07:28:49.106
ProcessGuid: {a65b9ff6-2731-69e7-0c0e-000000001b00}
ProcessId: 22848
Image: C:\Windows\System32\reg.exe
User: LAPTOP-I8K1DAMV\rohin"
"2026-04-21T12:58:49.0641423+05:30","5","Process terminated:
RuleName: -
UtcTime: 2026-04-21 07:28:49.063
ProcessGuid: {a65b9ff6-2731-69e7-0b0e-000000001b00}
ProcessId: 30420
Image: C:\Windows\System32\conhost.exe
User: LAPTOP-I8K1DAMV\rohin"
"2026-04-21T12:58:49.0611321+05:30","5","Process terminated:
RuleName: -
UtcTime: 2026-04-21 07:28:49.060
ProcessGuid: {a65b9ff6-2731-69e7-0a0e-000000001b00}
ProcessId: 28624
Image: C:\Windows\System32\reg.exe
User: LAPTOP-I8K1DAMV\rohin"
"2026-04-21T12:58:48.6891376+05:30","5","Process terminated:
RuleName: -
UtcTime: 2026-04-21 07:28:48.688
ProcessGuid: {a65b9ff6-2730-69e7-080e-000000001b00}
ProcessId: 13936
Image: C:\Windows\System32\backgroundTaskHost.exe
User: LAPTOP-I8K1DAMV\rohin"
"2026-04-21T12:58:48.2545064+05:30","5","Process terminated:
RuleName: -
UtcTime: 2026-04-21 07:28:48.254
ProcessGuid: {a65b9ff6-272f-69e7-ff0d-000000001b00}
ProcessId: 21920
Image: C:\Program Files\NVIDIA Corporation\NvContainer\nvcontainer.exe
User: LAPTOP-I8K1DAMV\rohin"
"2026-04-21T12:58:47.9587824+05:30","5","Process terminated:
RuleName: -
UtcTime: 2026-04-21 07:28:47.957
ProcessGuid: {a65b9ff6-272f-69e7-fe0d-000000001b00}
ProcessId: 30804
Image: C:\Program Files\NVIDIA Corporation\NvBackend\NvTmRep.exe
User: LAPTOP-I8K1DAMV\rohin"
"2026-04-21T12:58:47.9513348+05:30","5","Process terminated:
RuleName: -
UtcTime: 2026-04-21 07:28:47.950
ProcessGuid: {a65b9ff6-272f-69e7-020e-000000001b00}
ProcessId: 3296
Image: C:\Windows\System32\taskhostw.exe
User: LAPTOP-I8K1DAMV\rohin"
"2026-04-21T12:58:47.9509457+05:30","5","Process terminated:
RuleName: -
UtcTime: 2026-04-21 07:28:47.950
ProcessGuid: {a65b9ff6-272f-69e7-060e-000000001b00}
ProcessId: 17528
Image: C:\Windows\SystemApps\MicrosoftWindows.Client.CBS_cw5n1h2txyewy\SoftLandingTask\SoftLandingTask.exe
User: LAPTOP-I8K1DAMV\rohin"
"2026-04-21T12:58:47.8814451+05:30","5","Process terminated:
RuleName: -
UtcTime: 2026-04-21 07:28:47.880
ProcessGuid: {a65b9ff6-272f-69e7-000e-000000001b00}
ProcessId: 30048
Image: C:\Program Files\NVIDIA Corporation\Update Core\NvProfileUpdater64.exe
User: LAPTOP-I8K1DAMV\rohin"
"2026-04-21T12:58:47.7635701+05:30","5","Process terminated:
RuleName: -
UtcTime: 2026-04-21 07:28:47.763
ProcessGuid: {a65b9ff6-272f-69e7-030e-000000001b00}
ProcessId: 14248
Image: C:\Windows\System32\wsqmcons.exe
User: NT AUTHORITY\SYSTEM"
"2026-04-21T12:58:43.5015280+05:30","5","Process terminated:
RuleName: -
UtcTime: 2026-04-21 07:28:43.498
ProcessGuid: {a65b9ff6-2703-69e7-ef0d-000000001b00}
ProcessId: 29520
Image: C:\Windows\System32\RuntimeBroker.exe
User: LAPTOP-I8K1DAMV\rohin"
"2026-04-21T12:58:37.0148244+05:30","5","Process terminated:
RuleName: -
UtcTime: 2026-04-21 07:28:37.013
ProcessGuid: {a65b9ff6-2724-69e7-fc0d-000000001b00}
ProcessId: 27596
Image: C:\Windows\System32\conhost.exe
User: LAPTOP-I8K1DAMV\rohin"
"2026-04-21T12:58:37.0118767+05:30","5","Process terminated:
RuleName: -
UtcTime: 2026-04-21 07:28:37.011
ProcessGuid: {a65b9ff6-2724-69e7-fb0d-000000001b00}
ProcessId: 28292
Image: C:\Program Files\Git\cmd\git.exe
User: LAPTOP-I8K1DAMV\rohin"
"2026-04-21T12:58:37.0078555+05:30","5","Process terminated:
RuleName: -
UtcTime: 2026-04-21 07:28:37.007
ProcessGuid: {a65b9ff6-2724-69e7-fd0d-000000001b00}
ProcessId: 28576
Image: C:\Program Files\Git\mingw64\bin\git.exe
User: LAPTOP-I8K1DAMV\rohin"
"2026-04-21T12:58:30.9912983+05:30","5","Process terminated:
RuleName: -
UtcTime: 2026-04-21 07:28:30.990
ProcessGuid: {a65b9ff6-271e-69e7-f90d-000000001b00}
ProcessId: 25964
Image: C:\Windows\System32\conhost.exe
User: LAPTOP-I8K1DAMV\rohin"
"2026-04-21T12:58:30.9883600+05:30","5","Process terminated:
RuleName: -
UtcTime: 2026-04-21 07:28:30.987
ProcessGuid: {a65b9ff6-271e-69e7-f80d-000000001b00}
ProcessId: 24264
Image: C:\Program Files\Git\cmd\git.exe
User: LAPTOP-I8K1DAMV\rohin"
"2026-04-21T12:58:30.9832542+05:30","5","Process terminated:
RuleName: -
UtcTime: 2026-04-21 07:28:30.982
ProcessGuid: {a65b9ff6-271e-69e7-fa0d-000000001b00}
ProcessId: 1156
Image: C:\Program Files\Git\mingw64\bin\git.exe
User: LAPTOP-I8K1DAMV\rohin"
"2026-04-21T12:58:24.3028395+05:30","5","Process terminated:
RuleName: -
UtcTime: 2026-04-21 07:28:24.302
ProcessGuid: {a65b9ff6-2718-69e7-f60d-000000001b00}
ProcessId: 30704
Image: C:\Windows\System32\conhost.exe
User: LAPTOP-I8K1DAMV\rohin"
"2026-04-21T12:58:24.2999072+05:30","5","Process terminated:
RuleName: -
UtcTime: 2026-04-21 07:28:24.299
ProcessGuid: {a65b9ff6-2718-69e7-f50d-000000001b00}
ProcessId: 31200
Image: C:\Program Files\Git\cmd\git.exe
User: LAPTOP-I8K1DAMV\rohin"
"2026-04-21T12:58:24.2961821+05:30","5","Process terminated:
RuleName: -
UtcTime: 2026-04-21 07:28:24.296
ProcessGuid: {a65b9ff6-2718-69e7-f70d-000000001b00}
ProcessId: 28092
Image: C:\Program Files\Git\mingw64\bin\git.exe
User: LAPTOP-I8K1DAMV\rohin"
"2026-04-21T12:58:15.8921934+05:30","5","Process terminated:
RuleName: -
UtcTime: 2026-04-21 07:28:15.891
ProcessGuid: {a65b9ff6-270f-69e7-f30d-000000001b00}
ProcessId: 30336
Image: C:\Windows\System32\conhost.exe
User: LAPTOP-I8K1DAMV\rohin"
"2026-04-21T12:58:15.8894093+05:30","5","Process terminated:
RuleName: -
UtcTime: 2026-04-21 07:28:15.888
ProcessGuid: {a65b9ff6-270f-69e7-f20d-000000001b00}
ProcessId: 3728
Image: C:\Program Files\Git\cmd\git.exe
User: LAPTOP-I8K1DAMV\rohin"
"2026-04-21T12:58:15.8855557+05:30","5","Process terminated:
RuleName: -
UtcTime: 2026-04-21 07:28:15.884
ProcessGuid: {a65b9ff6-270f-69e7-f40d-000000001b00}
ProcessId: 13308
Image: C:\Program Files\Git\mingw64\bin\git.exe
User: LAPTOP-I8K1DAMV\rohin"
"2026-04-21T12:58:12.8759126+05:30","5","Process terminated:
RuleName: -
UtcTime: 2026-04-21 07:28:12.874
ProcessGuid: {a65b9ff6-26aa-69e7-c40d-000000001b00}
ProcessId: 1804
Image: C:\Windows\System32\RuntimeBroker.exe
User: LAPTOP-I8K1DAMV\rohin"
"2026-04-21T12:58:10.4743834+05:30","5","Process terminated:
RuleName: -
UtcTime: 2026-04-21 07:28:10.473
ProcessGuid: {a65b9ff6-2705-69e7-f10d-000000001b00}
ProcessId: 10692
Image: C:\Windows\System32\dllhost.exe
User: LAPTOP-I8K1DAMV\rohin"
"2026-04-21T12:58:05.5228551+05:30","5","Process terminated:
RuleName: -
UtcTime: 2026-04-21 07:28:05.521
ProcessGuid: {a65b9ff6-2703-69e7-ee0d-000000001b00}
ProcessId: 18440
Image: C:\Windows\System32\taskhostw.exe
User: LAPTOP-I8K1DAMV\rohin"
"2026-04-21T12:58:03.4824753+05:30","5","Process terminated:
RuleName: -
UtcTime: 2026-04-21 07:28:03.481
ProcessGuid: {a65b9ff6-2702-69e7-ed0d-000000001b00}
ProcessId: 22080
Image: C:\Windows\System32\backgroundTaskHost.exe
User: LAPTOP-I8K1DAMV\rohin"
"2026-04-21T12:58:00.7920233+05:30","5","Process terminated:
RuleName: -
UtcTime: 2026-04-21 07:28:00.788
ProcessGuid: {a65b9ff6-2700-69e7-eb0d-000000001b00}
ProcessId: 28788
Image: C:\Windows\System32\conhost.exe
User: LAPTOP-I8K1DAMV\rohin"
"2026-04-21T12:58:00.7894466+05:30","5","Process terminated:
RuleName: -
UtcTime: 2026-04-21 07:28:00.788
ProcessGuid: {a65b9ff6-2700-69e7-ea0d-000000001b00}
ProcessId: 27940
Image: C:\Program Files\Git\cmd\git.exe
User: LAPTOP-I8K1DAMV\rohin"
"2026-04-21T12:58:00.7856416+05:30","5","Process terminated:
RuleName: -
UtcTime: 2026-04-21 07:28:00.780
ProcessGuid: {a65b9ff6-2700-69e7-ec0d-000000001b00}
ProcessId: 25780
Image: C:\Program Files\Git\mingw64\bin\git.exe
User: LAPTOP-I8K1DAMV\rohin"
"2026-04-21T12:57:58.9063152+05:30","5","Process terminated:
RuleName: -
UtcTime: 2026-04-21 07:27:58.905
ProcessGuid: {a65b9ff6-0169-69e7-e70c-000000001b00}
ProcessId: 28396
Image: C:\Windows\System32\audiodg.exe
User: NT AUTHORITY\LOCAL SERVICE"
"2026-04-21T12:57:57.3746798+05:30","5","Process terminated:
RuleName: -
UtcTime: 2026-04-21 07:27:57.371
ProcessGuid: {a65b9ff6-26a2-69e7-bd0d-000000001b00}
ProcessId: 31344
Image: C:\Windows\System32\RuntimeBroker.exe
User: LAPTOP-I8K1DAMV\rohin"
"2026-04-21T12:57:49.1390480+05:30","5","Process terminated:
RuleName: -
UtcTime: 2026-04-21 07:27:49.136
ProcessGuid: {a65b9ff6-26f5-69e7-e90d-000000001b00}
ProcessId: 29096
Image: C:\Windows\System32\conhost.exe
User: LAPTOP-I8K1DAMV\rohin"
"2026-04-21T12:57:49.1333794+05:30","5","Process terminated:
RuleName: -
UtcTime: 2026-04-21 07:27:49.132
ProcessGuid: {a65b9ff6-26f5-69e7-e80d-000000001b00}
ProcessId: 12384
Image: C:\Windows\System32\reg.exe
User: LAPTOP-I8K1DAMV\rohin"
"2026-04-21T12:57:49.0828737+05:30","5","Process terminated:
RuleName: -
UtcTime: 2026-04-21 07:27:49.082
ProcessGuid: {a65b9ff6-26f5-69e7-e70d-000000001b00}
ProcessId: 30372
Image: C:\Windows\System32\conhost.exe
User: LAPTOP-I8K1DAMV\rohin"
"2026-04-21T12:57:49.0805047+05:30","5","Process terminated:
RuleName: -
UtcTime: 2026-04-21 07:27:49.080
ProcessGuid: {a65b9ff6-26f5-69e7-e60d-000000001b00}
ProcessId: 11764
Image: C:\Windows\System32\reg.exe
User: LAPTOP-I8K1DAMV\rohin"
