"2026-04-21T06:37:12.7133991+05:30","5","Process terminated:
RuleName: -
UtcTime: 2026-04-21 01:07:12.713
ProcessGuid: {a65b9ff6-cdc0-69e6-b609-000000001b00}
ProcessId: 12456
Image: C:\Program Files\Git\mingw64\bin\git.exe
User: LAPTOP-I8K1DAMV\rohin"
"2026-04-21T06:36:59.6585015+05:30","5","Process terminated:
RuleName: -
UtcTime: 2026-04-21 01:06:59.646
ProcessGuid: {a65b9ff6-cdb1-69e6-b109-000000001b00}
ProcessId: 11180
Image: D:\BTP\Log-Anamoly-Detection\.venv\Scripts\python.exe
User: LAPTOP-I8K1DAMV\rohin"
"2026-04-21T06:36:59.6446920+05:30","5","Process terminated:
RuleName: -
UtcTime: 2026-04-21 01:06:59.630
ProcessGuid: {a65b9ff6-cdb1-69e6-b209-000000001b00}
ProcessId: 3048
Image: C:\Users\rohin\AppData\Local\Programs\Python\Python314\python.exe
User: LAPTOP-I8K1DAMV\rohin"
"2026-04-21T06:36:57.5112161+05:30","5","Process terminated:
RuleName: -
UtcTime: 2026-04-21 01:06:57.510
ProcessGuid: {a65b9ff6-cdaf-69e6-af09-000000001b00}
ProcessId: 13696
Image: D:\BTP\Log-Anamoly-Detection\.venv\Scripts\python.exe
User: LAPTOP-I8K1DAMV\rohin"
"2026-04-21T06:36:57.4981259+05:30","5","Process terminated:
RuleName: -
UtcTime: 2026-04-21 01:06:57.497
ProcessGuid: {a65b9ff6-cdaf-69e6-b009-000000001b00}
ProcessId: 26012
Image: C:\Users\rohin\AppData\Local\Programs\Python\Python314\python.exe
User: LAPTOP-I8K1DAMV\rohin"
"2026-04-21T06:36:55.3735200+05:30","5","Process terminated:
RuleName: -
UtcTime: 2026-04-21 01:06:55.372
ProcessGuid: {a65b9ff6-cdad-69e6-ad09-000000001b00}
ProcessId: 26508
Image: D:\BTP\Log-Anamoly-Detection\.venv\Scripts\python.exe
User: LAPTOP-I8K1DAMV\rohin"
"2026-04-21T06:36:55.3585450+05:30","5","Process terminated:
RuleName: -
UtcTime: 2026-04-21 01:06:55.357
ProcessGuid: {a65b9ff6-cdad-69e6-ae09-000000001b00}
ProcessId: 25480
Image: C:\Users\rohin\AppData\Local\Programs\Python\Python314\python.exe
User: LAPTOP-I8K1DAMV\rohin"
"2026-04-21T06:36:53.3016491+05:30","5","Process terminated:
RuleName: -
UtcTime: 2026-04-21 01:06:53.300
ProcessGuid: {a65b9ff6-cdab-69e6-ab09-000000001b00}
ProcessId: 17792
Image: D:\BTP\Log-Anamoly-Detection\.venv\Scripts\python.exe
User: LAPTOP-I8K1DAMV\rohin"
"2026-04-21T06:36:53.2891563+05:30","5","Process terminated:
RuleName: -
UtcTime: 2026-04-21 01:06:53.288
ProcessGuid: {a65b9ff6-cdab-69e6-ac09-000000001b00}
ProcessId: 10432
Image: C:\Users\rohin\AppData\Local\Programs\Python\Python314\python.exe
User: LAPTOP-I8K1DAMV\rohin"
"2026-04-21T06:36:51.1948127+05:30","5","Process terminated:
RuleName: -
UtcTime: 2026-04-21 01:06:51.193
ProcessGuid: {a65b9ff6-cda6-69e6-a509-000000001b00}
ProcessId: 27000
Image: D:\BTP\Log-Anamoly-Detection\.venv\Scripts\python.exe
User: LAPTOP-I8K1DAMV\rohin"
"2026-04-21T06:36:51.1814618+05:30","5","Process terminated:
RuleName: -
UtcTime: 2026-04-21 01:06:51.180
ProcessGuid: {a65b9ff6-cda6-69e6-a609-000000001b00}
ProcessId: 7460
Image: C:\Users\rohin\AppData\Local\Programs\Python\Python314\python.exe
User: LAPTOP-I8K1DAMV\rohin"
"2026-04-21T06:36:46.6182285+05:30","5","Process terminated:
RuleName: -
UtcTime: 2026-04-21 01:06:46.617
ProcessGuid: {a65b9ff6-cda6-69e6-a809-000000001b00}
ProcessId: 27368
Image: C:\Windows\System32\conhost.exe
User: LAPTOP-I8K1DAMV\rohin"
"2026-04-21T06:36:46.6155575+05:30","5","Process terminated:
RuleName: -
UtcTime: 2026-04-21 01:06:46.601
ProcessGuid: {a65b9ff6-cda6-69e6-a709-000000001b00}
ProcessId: 11920
Image: C:\Program Files\Git\cmd\git.exe
User: LAPTOP-I8K1DAMV\rohin"
"2026-04-21T06:36:46.6107780+05:30","5","Process terminated:
RuleName: -
UtcTime: 2026-04-21 01:06:46.601
ProcessGuid: {a65b9ff6-cda6-69e6-a909-000000001b00}
ProcessId: 26832
Image: C:\Program Files\Git\mingw64\bin\git.exe
User: LAPTOP-I8K1DAMV\rohin"
"2026-04-21T06:36:43.9196704+05:30","5","Process terminated:
RuleName: -
UtcTime: 2026-04-21 01:06:43.917
ProcessGuid: {a65b9ff6-cda3-69e6-a309-000000001b00}
ProcessId: 22420
Image: C:\Windows\System32\conhost.exe
User: LAPTOP-I8K1DAMV\rohin"
"2026-04-21T06:36:43.9175873+05:30","5","Process terminated:
RuleName: -
UtcTime: 2026-04-21 01:06:43.906
ProcessGuid: {a65b9ff6-cda3-69e6-a209-000000001b00}
ProcessId: 21700
Image: C:\Program Files\Git\cmd\git.exe
User: LAPTOP-I8K1DAMV\rohin"
"2026-04-21T06:36:43.9143535+05:30","5","Process terminated:
RuleName: -
UtcTime: 2026-04-21 01:06:43.906
ProcessGuid: {a65b9ff6-cda3-69e6-a409-000000001b00}
ProcessId: 18004
Image: C:\Program Files\Git\mingw64\bin\git.exe
User: LAPTOP-I8K1DAMV\rohin"
"2026-04-21T06:36:20.6616516+05:30","5","Process terminated:
RuleName: -
UtcTime: 2026-04-21 01:06:20.646
ProcessGuid: {a65b9ff6-cd04-69e6-8709-000000001b00}
ProcessId: 24044
Image: C:\Windows\System32\wbem\WmiPrvSE.exe
User: NT AUTHORITY\LOCAL SERVICE"
"2026-04-21T06:36:13.7414832+05:30","5","Process terminated:
RuleName: -
UtcTime: 2026-04-21 01:06:13.740
ProcessGuid: {a65b9ff6-cd85-69e6-a009-000000001b00}
ProcessId: 25980
Image: C:\Windows\System32\conhost.exe
User: LAPTOP-I8K1DAMV\rohin"
"2026-04-21T06:36:13.7388205+05:30","5","Process terminated:
RuleName: -
UtcTime: 2026-04-21 01:06:13.737
ProcessGuid: {a65b9ff6-cd85-69e6-9f09-000000001b00}
ProcessId: 24588
Image: C:\Program Files\Git\cmd\git.exe
User: LAPTOP-I8K1DAMV\rohin"
"2026-04-21T06:36:13.7351282+05:30","5","Process terminated:
RuleName: -
UtcTime: 2026-04-21 01:06:13.734
ProcessGuid: {a65b9ff6-cd85-69e6-a109-000000001b00}
ProcessId: 22556
Image: C:\Program Files\Git\mingw64\bin\git.exe
User: LAPTOP-I8K1DAMV\rohin"
"2026-04-21T06:36:02.1742609+05:30","5","Process terminated:
RuleName: -
UtcTime: 2026-04-21 01:06:02.173
ProcessGuid: {a65b9ff6-cd7a-69e6-9e09-000000001b00}
ProcessId: 24028
Image: C:\Windows\SystemApps\MicrosoftWindows.Client.CBS_cw5n1h2txyewy\SoftLandingTask\SoftLandingTask.exe
User: LAPTOP-I8K1DAMV\rohin"
"2026-04-21T06:36:02.1741889+05:30","5","Process terminated:
RuleName: -
UtcTime: 2026-04-21 01:06:02.173
ProcessGuid: {a65b9ff6-cd79-69e6-9d09-000000001b00}
ProcessId: 25216
Image: C:\Windows\System32\taskhostw.exe
User: LAPTOP-I8K1DAMV\rohin"
"2026-04-21T06:35:37.9841375+05:30","5","Process terminated:
RuleName: -
UtcTime: 2026-04-21 01:05:37.974
ProcessGuid: {a65b9ff6-cd05-69e6-8809-000000001b00}
ProcessId: 9164
Image: C:\Windows\System32\svchost.exe
User: NT AUTHORITY\SYSTEM"
"2026-04-21T06:35:19.2499123+05:30","5","Process terminated:
RuleName: -
UtcTime: 2026-04-21 01:05:19.249
ProcessGuid: {a65b9ff6-cd4f-69e6-9a09-000000001b00}
ProcessId: 18076
Image: C:\Windows\System32\conhost.exe
User: LAPTOP-I8K1DAMV\rohin"
"2026-04-21T06:35:19.2476078+05:30","5","Process terminated:
RuleName: -
UtcTime: 2026-04-21 01:05:19.246
ProcessGuid: {a65b9ff6-cd4f-69e6-9909-000000001b00}
ProcessId: 4572
Image: C:\Program Files\Git\cmd\git.exe
User: LAPTOP-I8K1DAMV\rohin"
"2026-04-21T06:35:19.2442936+05:30","5","Process terminated:
RuleName: -
UtcTime: 2026-04-21 01:05:19.243
ProcessGuid: {a65b9ff6-cd4f-69e6-9b09-000000001b00}
ProcessId: 22596
Image: C:\Program Files\Git\mingw64\bin\git.exe
User: LAPTOP-I8K1DAMV\rohin"
"2026-04-21T06:35:18.0974123+05:30","5","Process terminated:
RuleName: -
UtcTime: 2026-04-21 01:05:18.093
ProcessGuid: {a65b9ff6-cd4d-69e6-9809-000000001b00}
ProcessId: 22848
Image: C:\Windows\System32\taskhostw.exe
User: NT AUTHORITY\SYSTEM"
"2026-04-21T06:35:04.9485837+05:30","5","Process terminated:
RuleName: -
UtcTime: 2026-04-21 01:05:04.947
ProcessGuid: {a65b9ff6-cc04-69e6-1b09-000000001b00}
ProcessId: 3540
Image: C:\Windows\System32\wbem\WmiPrvSE.exe
User: NT AUTHORITY\NETWORK SERVICE"
"2026-04-21T06:34:56.8055328+05:30","5","Process terminated:
RuleName: -
UtcTime: 2026-04-21 01:04:56.804
ProcessGuid: {a65b9ff6-cd37-69e6-9309-000000001b00}
ProcessId: 18108
Image: D:\Log-Anamoly-Detection\.venv\Scripts\python.exe
User: LAPTOP-I8K1DAMV\rohin"
"2026-04-21T06:34:56.7994724+05:30","5","Process terminated:
RuleName: -
UtcTime: 2026-04-21 01:04:56.798
ProcessGuid: {a65b9ff6-cd37-69e6-9409-000000001b00}
ProcessId: 3468
Image: C:\Users\rohin\AppData\Local\Programs\Python\Python310\python.exe
User: LAPTOP-I8K1DAMV\rohin"
"2026-04-21T06:34:43.7444509+05:30","5","Process terminated:
RuleName: -
UtcTime: 2026-04-21 01:04:43.743
ProcessGuid: {a65b9ff6-cd2a-69e6-9109-000000001b00}
ProcessId: 18104
Image: D:\Log-Anamoly-Detection\.venv\Scripts\python.exe
User: LAPTOP-I8K1DAMV\rohin"
"2026-04-21T06:34:43.7392724+05:30","5","Process terminated:
RuleName: -
UtcTime: 2026-04-21 01:04:43.738
ProcessGuid: {a65b9ff6-cd2a-69e6-9209-000000001b00}
ProcessId: 24604
Image: C:\Users\rohin\AppData\Local\Programs\Python\Python310\python.exe
User: LAPTOP-I8K1DAMV\rohin"
"2026-04-21T06:34:34.5983656+05:30","5","Process terminated:
RuleName: -
UtcTime: 2026-04-21 01:04:34.598
ProcessGuid: {a65b9ff6-cd1e-69e6-8f09-000000001b00}
ProcessId: 5192
Image: D:\Log-Anamoly-Detection\.venv\Scripts\python.exe
User: LAPTOP-I8K1DAMV\rohin"
"2026-04-21T06:34:34.5922714+05:30","5","Process terminated:
RuleName: -
UtcTime: 2026-04-21 01:04:34.591
ProcessGuid: {a65b9ff6-cd1e-69e6-9009-000000001b00}
ProcessId: 4272
Image: C:\Users\rohin\AppData\Local\Programs\Python\Python310\python.exe
User: LAPTOP-I8K1DAMV\rohin"
"2026-04-21T06:34:24.7365210+05:30","5","Process terminated:
RuleName: -
UtcTime: 2026-04-21 01:04:24.735
ProcessGuid: {a65b9ff6-cd14-69e6-8c09-000000001b00}
ProcessId: 4828
Image: D:\Log-Anamoly-Detection\.venv\Scripts\python.exe
User: LAPTOP-I8K1DAMV\rohin"
"2026-04-21T06:34:24.7298539+05:30","5","Process terminated:
RuleName: -
UtcTime: 2026-04-21 01:04:24.729
ProcessGuid: {a65b9ff6-cd14-69e6-8d09-000000001b00}
ProcessId: 20100
Image: C:\Users\rohin\AppData\Local\Programs\Python\Python310\python.exe
User: LAPTOP-I8K1DAMV\rohin"
"2026-04-21T06:34:01.7304771+05:30","5","Process terminated:
RuleName: -
UtcTime: 2026-04-21 01:04:01.729
ProcessGuid: {a65b9ff6-ccf1-69e6-8009-000000001b00}
ProcessId: 20812
Image: D:\Log-Anamoly-Detection\.venv\Scripts\python.exe
User: LAPTOP-I8K1DAMV\rohin"
"2026-04-21T06:34:01.7157458+05:30","5","Process terminated:
RuleName: -
UtcTime: 2026-04-21 01:04:01.715
ProcessGuid: {a65b9ff6-ccf1-69e6-8109-000000001b00}
ProcessId: 22760
Image: C:\Users\rohin\AppData\Local\Programs\Python\Python310\python.exe
User: LAPTOP-I8K1DAMV\rohin"
"2026-04-21T06:33:50.3687478+05:30","5","Process terminated:
RuleName: -
UtcTime: 2026-04-21 01:03:50.368
ProcessGuid: {a65b9ff6-ccf6-69e6-8309-000000001b00}
ProcessId: 10324
Image: C:\Windows\System32\conhost.exe
User: LAPTOP-I8K1DAMV\rohin"
"2026-04-21T06:33:50.3665640+05:30","5","Process terminated:
RuleName: -
UtcTime: 2026-04-21 01:03:50.365
ProcessGuid: {a65b9ff6-ccf6-69e6-8209-000000001b00}
ProcessId: 16924
Image: C:\Program Files\Git\cmd\git.exe
User: LAPTOP-I8K1DAMV\rohin"
"2026-04-21T06:33:50.3628412+05:30","5","Process terminated:
RuleName: -
UtcTime: 2026-04-21 01:03:50.362
ProcessGuid: {a65b9ff6-ccf6-69e6-8409-000000001b00}
ProcessId: 20904
Image: C:\Program Files\Git\mingw64\bin\git.exe
User: LAPTOP-I8K1DAMV\rohin"
"2026-04-21T06:33:05.2031972+05:30","5","Process terminated:
RuleName: -
UtcTime: 2026-04-21 01:03:05.202
ProcessGuid: {a65b9ff6-ccc6-69e6-7709-000000001b00}
ProcessId: 21900
Image: C:\Program Files\Google\Chrome\Application\chrome.exe
User: LAPTOP-I8K1DAMV\rohin"
"2026-04-21T06:33:04.6132963+05:30","5","Process terminated:
RuleName: -
UtcTime: 2026-04-21 01:03:04.613
ProcessGuid: {a65b9ff6-ccc8-69e6-7d09-000000001b00}
ProcessId: 10312
Image: C:\Program Files\Google\Chrome\Application\chrome.exe
User: LAPTOP-I8K1DAMV\rohin"
"2026-04-21T06:33:03.5305182+05:30","5","Process terminated:
RuleName: -
UtcTime: 2026-04-21 01:03:03.530
ProcessGuid: {a65b9ff6-ccc6-69e6-7909-000000001b00}
ProcessId: 21352
Image: C:\Program Files\Google\Chrome\Application\chrome.exe
User: LAPTOP-I8K1DAMV\rohin"
"2026-04-21T06:33:02.6011679+05:30","5","Process terminated:
RuleName: -
UtcTime: 2026-04-21 01:03:02.600
ProcessGuid: {a65b9ff6-ccc6-69e6-7b09-000000001b00}
ProcessId: 20660
Image: C:\Windows\System32\conhost.exe
User: LAPTOP-I8K1DAMV\rohin"
"2026-04-21T06:33:02.5977357+05:30","5","Process terminated:
RuleName: -
UtcTime: 2026-04-21 01:03:02.597
ProcessGuid: {a65b9ff6-ccc6-69e6-7a09-000000001b00}
ProcessId: 16916
Image: C:\Program Files\Git\cmd\git.exe
User: LAPTOP-I8K1DAMV\rohin"
"2026-04-21T06:33:02.5930931+05:30","5","Process terminated:
RuleName: -
UtcTime: 2026-04-21 01:03:02.592
ProcessGuid: {a65b9ff6-ccc6-69e6-7c09-000000001b00}
ProcessId: 13068
Image: C:\Program Files\Git\mingw64\bin\git.exe
User: LAPTOP-I8K1DAMV\rohin"
"2026-04-21T06:33:02.3528163+05:30","5","Process terminated:
RuleName: -
UtcTime: 2026-04-21 01:03:02.352
ProcessGuid: {a65b9ff6-ccc6-69e6-7809-000000001b00}
ProcessId: 18252
Image: C:\Program Files\Google\Chrome\Application\chrome.exe
User: LAPTOP-I8K1DAMV\rohin"
"2026-04-21T06:33:02.1364863+05:30","5","Process terminated:
RuleName: -
UtcTime: 2026-04-21 01:03:02.132
ProcessGuid: {a65b9ff6-ccc6-69e6-7609-000000001b00}
ProcessId: 4716
Image: C:\Program Files\Google\Chrome\Application\chrome.exe
User: LAPTOP-I8K1DAMV\rohin"
"2026-04-21T06:33:02.1193428+05:30","5","Process terminated:
RuleName: -
UtcTime: 2026-04-21 01:03:02.119
ProcessGuid: {a65b9ff6-ccc6-69e6-7509-000000001b00}
ProcessId: 26684
Image: C:\Program Files\Google\Chrome\Application\chrome.exe
User: LAPTOP-I8K1DAMV\rohin"
"2026-04-21T06:32:58.5275913+05:30","5","Process terminated:
RuleName: -
UtcTime: 2026-04-21 01:02:58.524
ProcessGuid: {a65b9ff6-ccc2-69e6-7409-000000001b00}
ProcessId: 23012
Image: C:\Windows\System32\cmd.exe
User: LAPTOP-I8K1DAMV\rohin"
"2026-04-21T06:32:54.8186525+05:30","5","Process terminated:
RuleName: -
UtcTime: 2026-04-21 01:02:54.818
ProcessGuid: {a65b9ff6-ccbe-69e6-6e09-000000001b00}
ProcessId: 22916
Image: C:\Windows\System32\conhost.exe
User: LAPTOP-I8K1DAMV\rohin"
"2026-04-21T06:32:54.8161126+05:30","5","Process terminated:
RuleName: -
UtcTime: 2026-04-21 01:02:54.815
ProcessGuid: {a65b9ff6-ccbe-69e6-6d09-000000001b00}
ProcessId: 2480
Image: C:\Program Files\Git\cmd\git.exe
User: LAPTOP-I8K1DAMV\rohin"
"2026-04-21T06:32:54.8127296+05:30","5","Process terminated:
RuleName: -
UtcTime: 2026-04-21 01:02:54.812
ProcessGuid: {a65b9ff6-ccbe-69e6-6f09-000000001b00}
ProcessId: 24516
Image: C:\Program Files\Git\mingw64\bin\git.exe
User: LAPTOP-I8K1DAMV\rohin"
"2026-04-21T06:32:30.9040761+05:30","5","Process terminated:
RuleName: -
UtcTime: 2026-04-21 01:02:30.903
ProcessGuid: {a65b9ff6-cc88-69e6-6109-000000001b00}
ProcessId: 20096
Image: D:\Log-Anamoly-Detection\.venv\Scripts\uvicorn.exe
User: LAPTOP-I8K1DAMV\rohin"
"2026-04-21T06:32:30.9020289+05:30","5","Process terminated:
RuleName: -
UtcTime: 2026-04-21 01:02:30.901
ProcessGuid: {a65b9ff6-cc88-69e6-6209-000000001b00}
ProcessId: 25056
Image: D:\Log-Anamoly-Detection\.venv\Scripts\python.exe
User: LAPTOP-I8K1DAMV\rohin"
"2026-04-21T06:32:30.8959910+05:30","5","Process terminated:
RuleName: -
UtcTime: 2026-04-21 01:02:30.895
ProcessGuid: {a65b9ff6-cc88-69e6-6309-000000001b00}
ProcessId: 9620
Image: C:\Users\rohin\AppData\Local\Programs\Python\Python310\python.exe
User: LAPTOP-I8K1DAMV\rohin"
"2026-04-21T06:32:20.8259510+05:30","5","Process terminated:
RuleName: -
UtcTime: 2026-04-21 01:02:20.819
ProcessGuid: {a65b9ff6-cc9c-69e6-6b09-000000001b00}
ProcessId: 5732
Image: C:\Windows\System32\conhost.exe
User: LAPTOP-I8K1DAMV\rohin"
"2026-04-21T06:32:20.8239500+05:30","5","Process terminated:
RuleName: -
UtcTime: 2026-04-21 01:02:20.819
ProcessGuid: {a65b9ff6-cc9c-69e6-6a09-000000001b00}
ProcessId: 14640
Image: C:\Program Files\Git\cmd\git.exe
User: LAPTOP-I8K1DAMV\rohin"
"2026-04-21T06:32:20.8203697+05:30","5","Process terminated:
RuleName: -
UtcTime: 2026-04-21 01:02:20.819
ProcessGuid: {a65b9ff6-cc9c-69e6-6c09-000000001b00}
ProcessId: 18256
Image: C:\Program Files\Git\mingw64\bin\git.exe
User: LAPTOP-I8K1DAMV\rohin"
"2026-04-21T06:32:14.1768695+05:30","5","Process terminated:
RuleName: -
UtcTime: 2026-04-21 01:02:14.176
ProcessGuid: {a65b9ff6-cb7b-69e6-e908-000000001b00}
ProcessId: 3772
Image: C:\Program Files\Google\Chrome\Application\chrome.exe
User: LAPTOP-I8K1DAMV\rohin"
"2026-04-21T06:32:14.1670949+05:30","5","Process terminated:
RuleName: -
UtcTime: 2026-04-21 01:02:14.167
ProcessGuid: {a65b9ff6-cc95-69e6-6809-000000001b00}
ProcessId: 19904
Image: C:\Program Files\Google\Chrome\Application\chrome.exe
User: LAPTOP-I8K1DAMV\rohin"
"2026-04-21T06:32:10.8448270+05:30","5","Process terminated:
RuleName: -
UtcTime: 2026-04-21 01:02:10.844
ProcessGuid: {a65b9ff6-cc92-69e6-6609-000000001b00}
ProcessId: 25372
Image: C:\Windows\System32\conhost.exe
User: LAPTOP-I8K1DAMV\rohin"
"2026-04-21T06:32:10.8427945+05:30","5","Process terminated:
RuleName: -
UtcTime: 2026-04-21 01:02:10.842
ProcessGuid: {a65b9ff6-cc92-69e6-6509-000000001b00}
ProcessId: 19052
Image: C:\Program Files\Git\cmd\git.exe
User: LAPTOP-I8K1DAMV\rohin"
"2026-04-21T06:32:10.8394653+05:30","5","Process terminated:
RuleName: -
UtcTime: 2026-04-21 01:02:10.838
ProcessGuid: {a65b9ff6-cc92-69e6-6709-000000001b00}
ProcessId: 25556
Image: C:\Program Files\Git\mingw64\bin\git.exe
User: LAPTOP-I8K1DAMV\rohin"
"2026-04-21T06:32:10.7806720+05:30","5","Process terminated:
RuleName: -
UtcTime: 2026-04-21 01:02:10.779
ProcessGuid: {a65b9ff6-cc14-69e6-1c09-000000001b00}
ProcessId: 11212
Image: C:\Windows\System32\wbem\WmiPrvSE.exe
User: NT AUTHORITY\LOCAL SERVICE"
"2026-04-21T06:32:02.9672720+05:30","5","Process terminated:
RuleName: -
UtcTime: 2026-04-21 01:02:02.964
ProcessGuid: {a65b9ff6-cc8a-69e6-6409-000000001b00}
ProcessId: 10260
Image: C:\Users\rohin\AppData\Local\Programs\Python\Python310\python.exe
User: LAPTOP-I8K1DAMV\rohin"
"2026-04-21T06:31:56.7266589+05:30","5","Process terminated:
RuleName: -
UtcTime: 2026-04-21 01:01:56.725
ProcessGuid: {a65b9ff6-cc84-69e6-6009-000000001b00}
ProcessId: 12712
Image: C:\Windows\System32\chcp.com
User: LAPTOP-I8K1DAMV\rohin"
"2026-04-21T06:31:56.7040614+05:30","5","Process terminated:
RuleName: -
UtcTime: 2026-04-21 01:01:56.703
ProcessGuid: {a65b9ff6-cc84-69e6-5f09-000000001b00}
ProcessId: 1936
Image: C:\Windows\System32\chcp.com
User: LAPTOP-I8K1DAMV\rohin"
"2026-04-21T06:31:56.6862582+05:30","5","Process terminated:
RuleName: -
UtcTime: 2026-04-21 01:01:56.685
ProcessGuid: {a65b9ff6-cc84-69e6-5d09-000000001b00}
ProcessId: 20916
Image: C:\Windows\System32\cmd.exe
User: LAPTOP-I8K1DAMV\rohin"
"2026-04-21T06:31:56.6821755+05:30","5","Process terminated:
RuleName: -
UtcTime: 2026-04-21 01:01:56.681
ProcessGuid: {a65b9ff6-cc84-69e6-5e09-000000001b00}
ProcessId: 26012
Image: C:\Windows\System32\chcp.com
User: LAPTOP-I8K1DAMV\rohin"
"2026-04-21T06:31:56.5138308+05:30","5","Process terminated:
RuleName: -
UtcTime: 2026-04-21 01:01:56.512
ProcessGuid: {a65b9ff6-cc84-69e6-5909-000000001b00}
ProcessId: 25464
Image: C:\Windows\System32\conhost.exe
User: LAPTOP-I8K1DAMV\rohin"
"2026-04-21T06:31:56.5101017+05:30","5","Process terminated:
RuleName: -
UtcTime: 2026-04-21 01:01:56.509
ProcessGuid: {a65b9ff6-cc84-69e6-5809-000000001b00}
ProcessId: 21404
Image: C:\Windows\System32\cmd.exe
User: LAPTOP-I8K1DAMV\rohin"
"2026-04-21T06:31:56.5050169+05:30","5","Process terminated:
RuleName: -
UtcTime: 2026-04-21 01:01:56.504
ProcessGuid: {a65b9ff6-cc84-69e6-5a09-000000001b00}
ProcessId: 4176
Image: C:\Windows\System32\wsl.exe
User: LAPTOP-I8K1DAMV\rohin"
"2026-04-21T06:31:56.5008188+05:30","5","Process terminated:
RuleName: -
UtcTime: 2026-04-21 01:01:56.499
ProcessGuid: {a65b9ff6-cc84-69e6-5b09-000000001b00}
ProcessId: 24016
Image: C:\Program Files\WSL\wsl.exe
User: LAPTOP-I8K1DAMV\rohin"
"2026-04-21T06:31:52.6455379+05:30","5","Process terminated:
RuleName: -
UtcTime: 2026-04-21 01:01:52.644
ProcessGuid: {a65b9ff6-cc80-69e6-5609-000000001b00}
ProcessId: 18932
Image: C:\Users\rohin\AppData\Local\Programs\Microsoft VS Code\Code.exe
User: LAPTOP-I8K1DAMV\rohin"
"2026-04-21T06:31:52.5194439+05:30","5","Process terminated:
RuleName: -
UtcTime: 2026-04-21 01:01:52.517
ProcessGuid: {a65b9ff6-cc7e-69e6-5009-000000001b00}
ProcessId: 20832
Image: C:\Windows\System32\conhost.exe
User: LAPTOP-I8K1DAMV\rohin"
"2026-04-21T06:31:52.5124154+05:30","5","Process terminated:
RuleName: -
UtcTime: 2026-04-21 01:01:52.511
ProcessGuid: {a65b9ff6-cc7e-69e6-5509-000000001b00}
ProcessId: 23944
Image: C:\Windows\System32\WindowsPowerShell\v1.0\powershell.exe
User: LAPTOP-I8K1DAMV\rohin"
"2026-04-21T06:31:50.3395663+05:30","5","Process terminated:
RuleName: -
UtcTime: 2026-04-21 01:01:50.338
ProcessGuid: {a65b9ff6-cc7e-69e6-5209-000000001b00}
ProcessId: 21324
Image: C:\Windows\System32\conhost.exe
User: LAPTOP-I8K1DAMV\rohin"
"2026-04-21T06:31:50.3340445+05:30","5","Process terminated:
RuleName: -
UtcTime: 2026-04-21 01:01:50.333
ProcessGuid: {a65b9ff6-cc7e-69e6-5109-000000001b00}
ProcessId: 14776
Image: C:\Windows\System32\cmd.exe
User: LAPTOP-I8K1DAMV\rohin"
"2026-04-21T06:31:50.3268210+05:30","5","Process terminated:
RuleName: -
UtcTime: 2026-04-21 01:01:50.325
ProcessGuid: {a65b9ff6-cc7e-69e6-5309-000000001b00}
ProcessId: 21252
Image: C:\Windows\System32\wsl.exe
User: LAPTOP-I8K1DAMV\rohin"
"2026-04-21T06:31:50.3226456+05:30","5","Process terminated:
RuleName: -
UtcTime: 2026-04-21 01:01:50.321
ProcessGuid: {a65b9ff6-cc7e-69e6-5409-000000001b00}
ProcessId: 17700
Image: C:\Program Files\WSL\wsl.exe
User: LAPTOP-I8K1DAMV\rohin"
"2026-04-21T06:31:49.1126333+05:30","5","Process terminated:
RuleName: -
UtcTime: 2026-04-21 01:01:49.111
ProcessGuid: {a65b9ff6-cc7d-69e6-4e09-000000001b00}
ProcessId: 15596
Image: C:\Windows\System32\conhost.exe
User: LAPTOP-I8K1DAMV\rohin"
"2026-04-21T06:31:49.1101251+05:30","5","Process terminated:
RuleName: -
UtcTime: 2026-04-21 01:01:49.109
ProcessGuid: {a65b9ff6-cc7c-69e6-4d09-000000001b00}
ProcessId: 27352
Image: C:\Program Files\Git\cmd\git.exe
User: LAPTOP-I8K1DAMV\rohin"
"2026-04-21T06:31:49.1063216+05:30","5","Process terminated:
RuleName: -
UtcTime: 2026-04-21 01:01:49.096
ProcessGuid: {a65b9ff6-cc7d-69e6-4f09-000000001b00}
ProcessId: 18204
Image: C:\Program Files\Git\mingw64\bin\git.exe
User: LAPTOP-I8K1DAMV\rohin"
"2026-04-21T06:31:38.8296966+05:30","5","Process terminated:
RuleName: -
UtcTime: 2026-04-21 01:01:38.829
ProcessGuid: {a65b9ff6-cc72-69e6-4b09-000000001b00}
ProcessId: 5076
Image: D:\Log-Anamoly-Detection\.venv\Scripts\python.exe
User: LAPTOP-I8K1DAMV\rohin"
"2026-04-21T06:31:38.8256010+05:30","5","Process terminated:
RuleName: -
UtcTime: 2026-04-21 01:01:38.824
ProcessGuid: {a65b9ff6-cc72-69e6-4c09-000000001b00}
ProcessId: 11148
Image: C:\Users\rohin\AppData\Local\Programs\Python\Python310\python.exe
User: LAPTOP-I8K1DAMV\rohin"
"2026-04-21T06:31:38.7505548+05:30","5","Process terminated:
RuleName: -
UtcTime: 2026-04-21 01:01:38.750
ProcessGuid: {a65b9ff6-cc72-69e6-4909-000000001b00}
ProcessId: 2728
Image: D:\Log-Anamoly-Detection\.venv\Scripts\python.exe
User: LAPTOP-I8K1DAMV\rohin"
"2026-04-21T06:31:38.7470034+05:30","5","Process terminated:
RuleName: -
UtcTime: 2026-04-21 01:01:38.746
ProcessGuid: {a65b9ff6-cc72-69e6-4a09-000000001b00}
ProcessId: 22568
Image: C:\Users\rohin\AppData\Local\Programs\Python\Python310\python.exe
User: LAPTOP-I8K1DAMV\rohin"
"2026-04-21T06:31:38.6709582+05:30","5","Process terminated:
RuleName: -
UtcTime: 2026-04-21 01:01:38.669
ProcessGuid: {a65b9ff6-cc72-69e6-4709-000000001b00}
ProcessId: 22316
Image: D:\Log-Anamoly-Detection\.venv\Scripts\python.exe
User: LAPTOP-I8K1DAMV\rohin"
"2026-04-21T06:31:38.6674900+05:30","5","Process terminated:
RuleName: -
UtcTime: 2026-04-21 01:01:38.667
ProcessGuid: {a65b9ff6-cc72-69e6-4809-000000001b00}
ProcessId: 1096
Image: C:\Users\rohin\AppData\Local\Programs\Python\Python310\python.exe
User: LAPTOP-I8K1DAMV\rohin"
"2026-04-21T06:31:38.5905356+05:30","5","Process terminated:
RuleName: -
UtcTime: 2026-04-21 01:01:38.589
ProcessGuid: {a65b9ff6-cc72-69e6-4509-000000001b00}
ProcessId: 14356
Image: D:\Log-Anamoly-Detection\.venv\Scripts\python.exe
User: LAPTOP-I8K1DAMV\rohin"
"2026-04-21T06:31:38.5862469+05:30","5","Process terminated:
RuleName: -
UtcTime: 2026-04-21 01:01:38.579
ProcessGuid: {a65b9ff6-cc72-69e6-4609-000000001b00}
ProcessId: 16196
Image: C:\Users\rohin\AppData\Local\Programs\Python\Python310\python.exe
User: LAPTOP-I8K1DAMV\rohin"
"2026-04-21T06:31:37.7534791+05:30","5","Process terminated:
RuleName: -
UtcTime: 2026-04-21 01:01:37.752
ProcessGuid: {a65b9ff6-cc14-69e6-1d09-000000001b00}
ProcessId: 17768
Image: C:\Windows\System32\svchost.exe
User: NT AUTHORITY\SYSTEM"
"2026-04-21T06:31:12.1624937+05:30","5","Process terminated:
RuleName: -
UtcTime: 2026-04-21 01:01:12.161
ProcessGuid: {a65b9ff6-cc57-69e6-4409-000000001b00}
ProcessId: 3100
Image: C:\Users\rohin\AppData\Local\Programs\Microsoft VS Code\Code.exe
User: LAPTOP-I8K1DAMV\rohin"
"2026-04-21T06:31:12.0156805+05:30","5","Process terminated:
RuleName: -
UtcTime: 2026-04-21 01:01:12.014
ProcessGuid: {a65b9ff6-cc50-69e6-3409-000000001b00}
ProcessId: 12780
Image: C:\Windows\System32\conhost.exe
User: LAPTOP-I8K1DAMV\rohin"
"2026-04-21T06:31:12.0086689+05:30","5","Process terminated:
RuleName: -
UtcTime: 2026-04-21 01:01:12.007
ProcessGuid: {a65b9ff6-cc50-69e6-3909-000000001b00}
ProcessId: 19840
Image: C:\Windows\System32\WindowsPowerShell\v1.0\powershell.exe
User: LAPTOP-I8K1DAMV\rohin"
"2026-04-21T06:31:08.1123988+05:30","5","Process terminated:
RuleName: -
UtcTime: 2026-04-21 01:01:08.111
ProcessGuid: {a65b9ff6-cc54-69e6-4309-000000001b00}
ProcessId: 11824
Image: C:\Windows\System32\chcp.com
User: LAPTOP-I8K1DAMV\rohin"
"2026-04-21T06:31:08.0852852+05:30","5","Process terminated:
RuleName: -
UtcTime: 2026-04-21 01:01:08.084
ProcessGuid: {a65b9ff6-cc54-69e6-4209-000000001b00}
ProcessId: 22476
Image: C:\Windows\System32\chcp.com
User: LAPTOP-I8K1DAMV\rohin"
"2026-04-21T06:31:08.0621066+05:30","5","Process terminated:
RuleName: -
UtcTime: 2026-04-21 01:01:08.061
ProcessGuid: {a65b9ff6-cc54-69e6-4009-000000001b00}
ProcessId: 18676
Image: C:\Windows\System32\cmd.exe
User: LAPTOP-I8K1DAMV\rohin"
"2026-04-21T06:31:08.0575573+05:30","5","Process terminated:
RuleName: -
UtcTime: 2026-04-21 01:01:08.056
ProcessGuid: {a65b9ff6-cc54-69e6-4109-000000001b00}
ProcessId: 9716
Image: C:\Windows\System32\chcp.com
User: LAPTOP-I8K1DAMV\rohin"
"2026-04-21T06:31:07.8516260+05:30","5","Process terminated:
RuleName: -
UtcTime: 2026-04-21 01:01:07.850
ProcessGuid: {a65b9ff6-cc53-69e6-3c09-000000001b00}
ProcessId: 16928
Image: C:\Windows\System32\conhost.exe
User: LAPTOP-I8K1DAMV\rohin"
"2026-04-21T06:31:07.8471272+05:30","5","Process terminated:
RuleName: -
UtcTime: 2026-04-21 01:01:07.846
ProcessGuid: {a65b9ff6-cc53-69e6-3b09-000000001b00}
ProcessId: 25544
Image: C:\Windows\System32\cmd.exe
User: LAPTOP-I8K1DAMV\rohin"
"2026-04-21T06:31:07.8419663+05:30","5","Process terminated:
RuleName: -
UtcTime: 2026-04-21 01:01:07.841
ProcessGuid: {a65b9ff6-cc53-69e6-3d09-000000001b00}
ProcessId: 21840
Image: C:\Windows\System32\wsl.exe
User: LAPTOP-I8K1DAMV\rohin"
"2026-04-21T06:31:07.8370177+05:30","5","Process terminated:
RuleName: -
UtcTime: 2026-04-21 01:01:07.836
ProcessGuid: {a65b9ff6-cc53-69e6-3e09-000000001b00}
ProcessId: 10568
Image: C:\Program Files\WSL\wsl.exe
User: LAPTOP-I8K1DAMV\rohin"
"2026-04-21T06:31:04.7896736+05:30","5","Process terminated:
RuleName: -
UtcTime: 2026-04-21 01:01:04.789
ProcessGuid: {a65b9ff6-cc50-69e6-3609-000000001b00}
ProcessId: 12584
Image: C:\Windows\System32\conhost.exe
User: LAPTOP-I8K1DAMV\rohin"
"2026-04-21T06:31:04.7860367+05:30","5","Process terminated:
RuleName: -
UtcTime: 2026-04-21 01:01:04.785
ProcessGuid: {a65b9ff6-cc50-69e6-3509-000000001b00}
ProcessId: 21200
Image: C:\Windows\System32\cmd.exe
User: LAPTOP-I8K1DAMV\rohin"
"2026-04-21T06:31:04.7792186+05:30","5","Process terminated:
RuleName: -
UtcTime: 2026-04-21 01:01:04.778
ProcessGuid: {a65b9ff6-cc50-69e6-3709-000000001b00}
ProcessId: 15172
Image: C:\Windows\System32\wsl.exe
User: LAPTOP-I8K1DAMV\rohin"
"2026-04-21T06:31:04.7728161+05:30","5","Process terminated:
RuleName: -
UtcTime: 2026-04-21 01:01:04.771
ProcessGuid: {a65b9ff6-cc50-69e6-3809-000000001b00}
ProcessId: 26628
Image: C:\Program Files\WSL\wsl.exe
User: LAPTOP-I8K1DAMV\rohin"
"2026-04-21T06:31:03.7792194+05:30","5","Process terminated:
RuleName: -
UtcTime: 2026-04-21 01:01:03.778
ProcessGuid: {a65b9ff6-cc4f-69e6-3209-000000001b00}
ProcessId: 13048
Image: C:\Windows\System32\conhost.exe
User: LAPTOP-I8K1DAMV\rohin"
"2026-04-21T06:31:03.7770164+05:30","5","Process terminated:
RuleName: -
UtcTime: 2026-04-21 01:01:03.776
ProcessGuid: {a65b9ff6-cc4f-69e6-3109-000000001b00}
ProcessId: 18092
Image: C:\Program Files\Git\cmd\git.exe
User: LAPTOP-I8K1DAMV\rohin"
"2026-04-21T06:31:03.7733796+05:30","5","Process terminated:
RuleName: -
UtcTime: 2026-04-21 01:01:03.772
ProcessGuid: {a65b9ff6-cc4f-69e6-3309-000000001b00}
ProcessId: 18504
Image: C:\Program Files\Git\mingw64\bin\git.exe
User: LAPTOP-I8K1DAMV\rohin"
"2026-04-21T06:30:53.4315849+05:30","5","Process terminated:
RuleName: -
UtcTime: 2026-04-21 01:00:53.431
ProcessGuid: {a65b9ff6-cc45-69e6-2f09-000000001b00}
ProcessId: 23688
Image: D:\Log-Anamoly-Detection\.venv\Scripts\python.exe
User: LAPTOP-I8K1DAMV\rohin"
"2026-04-21T06:30:53.4273607+05:30","5","Process terminated:
RuleName: -
UtcTime: 2026-04-21 01:00:53.427
ProcessGuid: {a65b9ff6-cc45-69e6-3009-000000001b00}
ProcessId: 3544
Image: C:\Users\rohin\AppData\Local\Programs\Python\Python310\python.exe
User: LAPTOP-I8K1DAMV\rohin"
"2026-04-21T06:30:53.3474765+05:30","5","Process terminated:
RuleName: -
UtcTime: 2026-04-21 01:00:53.346
ProcessGuid: {a65b9ff6-cc45-69e6-2d09-000000001b00}
ProcessId: 19068
Image: D:\Log-Anamoly-Detection\.venv\Scripts\python.exe
User: LAPTOP-I8K1DAMV\rohin"
"2026-04-21T06:30:53.3434540+05:30","5","Process terminated:
RuleName: -
UtcTime: 2026-04-21 01:00:53.342
ProcessGuid: {a65b9ff6-cc45-69e6-2e09-000000001b00}
ProcessId: 9156
Image: C:\Users\rohin\AppData\Local\Programs\Python\Python310\python.exe
User: LAPTOP-I8K1DAMV\rohin"
"2026-04-21T06:30:53.2616510+05:30","5","Process terminated:
RuleName: -
UtcTime: 2026-04-21 01:00:53.250
ProcessGuid: {a65b9ff6-cc45-69e6-2b09-000000001b00}
ProcessId: 17588
Image: D:\Log-Anamoly-Detection\.venv\Scripts\python.exe
User: LAPTOP-I8K1DAMV\rohin"
"2026-04-21T06:30:53.2577098+05:30","5","Process terminated:
RuleName: -
UtcTime: 2026-04-21 01:00:53.250
ProcessGuid: {a65b9ff6-cc45-69e6-2c09-000000001b00}
ProcessId: 18484
Image: C:\Users\rohin\AppData\Local\Programs\Python\Python310\python.exe
User: LAPTOP-I8K1DAMV\rohin"
"2026-04-21T06:30:53.2185595+05:30","5","Process terminated:
RuleName: -
UtcTime: 2026-04-21 01:00:53.217
ProcessGuid: {a65b9ff6-cc45-69e6-2909-000000001b00}
ProcessId: 22140
Image: C:\Windows\System32\conhost.exe
User: LAPTOP-I8K1DAMV\rohin"
"2026-04-21T06:30:53.2157922+05:30","5","Process terminated:
RuleName: -
UtcTime: 2026-04-21 01:00:53.214
ProcessGuid: {a65b9ff6-cc45-69e6-2809-000000001b00}
ProcessId: 17840
Image: C:\Program Files\Git\cmd\git.exe
User: LAPTOP-I8K1DAMV\rohin"
"2026-04-21T06:30:53.2122132+05:30","5","Process terminated:
RuleName: -
UtcTime: 2026-04-21 01:00:53.211
ProcessGuid: {a65b9ff6-cc45-69e6-2a09-000000001b00}
ProcessId: 23108
Image: C:\Program Files\Git\mingw64\bin\git.exe
User: LAPTOP-I8K1DAMV\rohin"
"2026-04-21T06:30:53.1797213+05:30","5","Process terminated:
RuleName: -
UtcTime: 2026-04-21 01:00:53.179
ProcessGuid: {a65b9ff6-cc45-69e6-2609-000000001b00}
ProcessId: 15404
Image: D:\Log-Anamoly-Detection\.venv\Scripts\python.exe
User: LAPTOP-I8K1DAMV\rohin"
"2026-04-21T06:30:53.1761768+05:30","5","Process terminated:
RuleName: -
UtcTime: 2026-04-21 01:00:53.175
ProcessGuid: {a65b9ff6-cc45-69e6-2709-000000001b00}
ProcessId: 27232
Image: C:\Users\rohin\AppData\Local\Programs\Python\Python310\python.exe
User: LAPTOP-I8K1DAMV\rohin"
"2026-04-21T06:30:53.0935768+05:30","5","Process terminated:
RuleName: -
UtcTime: 2026-04-21 01:00:53.078
ProcessGuid: {a65b9ff6-cc45-69e6-2409-000000001b00}
ProcessId: 27276
Image: D:\Log-Anamoly-Detection\.venv\Scripts\python.exe
User: LAPTOP-I8K1DAMV\rohin"
"2026-04-21T06:30:53.0904187+05:30","5","Process terminated:
RuleName: -
UtcTime: 2026-04-21 01:00:53.078
ProcessGuid: {a65b9ff6-cc45-69e6-2509-000000001b00}
ProcessId: 4652
Image: C:\Users\rohin\AppData\Local\Programs\Python\Python310\python.exe
User: LAPTOP-I8K1DAMV\rohin"
"2026-04-21T06:30:52.0351644+05:30","5","Process terminated:
RuleName: -
UtcTime: 2026-04-21 01:00:52.028
ProcessGuid: {a65b9ff6-cc43-69e6-2209-000000001b00}
ProcessId: 24656
Image: C:\Windows\System32\conhost.exe
User: LAPTOP-I8K1DAMV\rohin"
"2026-04-21T06:30:52.0332898+05:30","5","Process terminated:
RuleName: -
UtcTime: 2026-04-21 01:00:52.028
ProcessGuid: {a65b9ff6-cc43-69e6-2109-000000001b00}
ProcessId: 17932
Image: C:\Program Files\Git\cmd\git.exe
User: LAPTOP-I8K1DAMV\rohin"
"2026-04-21T06:30:52.0300113+05:30","5","Process terminated:
RuleName: -
UtcTime: 2026-04-21 01:00:52.028
ProcessGuid: {a65b9ff6-cc43-69e6-2309-000000001b00}
ProcessId: 5732
Image: C:\Program Files\Git\mingw64\bin\git.exe
User: LAPTOP-I8K1DAMV\rohin"
"2026-04-21T06:30:39.3698689+05:30","5","Process terminated:
RuleName: -
UtcTime: 2026-04-21 01:00:39.369
ProcessGuid: {a65b9ff6-cc37-69e6-1f09-000000001b00}
ProcessId: 16464
Image: C:\Windows\System32\conhost.exe
User: LAPTOP-I8K1DAMV\rohin"
"2026-04-21T06:30:39.3673199+05:30","5","Process terminated:
RuleName: -
UtcTime: 2026-04-21 01:00:39.367
ProcessGuid: {a65b9ff6-cc37-69e6-1e09-000000001b00}
ProcessId: 19788
Image: C:\Program Files\Git\cmd\git.exe
User: LAPTOP-I8K1DAMV\rohin"
"2026-04-21T06:30:39.3630459+05:30","5","Process terminated:
RuleName: -
UtcTime: 2026-04-21 01:00:39.362
ProcessGuid: {a65b9ff6-cc37-69e6-2009-000000001b00}
ProcessId: 11820
Image: C:\Program Files\Git\mingw64\bin\git.exe
User: LAPTOP-I8K1DAMV\rohin"
"2026-04-21T06:30:18.3223549+05:30","5","Process terminated:
RuleName: -
UtcTime: 2026-04-21 01:00:18.322
ProcessGuid: {a65b9ff6-cc04-69e6-1a09-000000001b00}
ProcessId: 24660
Image: C:\Windows\System32\DataExchangeHost.exe
User: LAPTOP-I8K1DAMV\rohin"
"2026-04-21T06:29:44.6520022+05:30","5","Process terminated:
RuleName: -
UtcTime: 2026-04-21 00:59:44.649
ProcessGuid: {a65b9ff6-cc00-69e6-1909-000000001b00}
ProcessId: 12928
Image: C:\Program Files (x86)\BraveSoftware\Update\BraveUpdate.exe
User: NT AUTHORITY\SYSTEM"
"2026-04-21T06:29:27.1972763+05:30","5","Process terminated:
RuleName: -
UtcTime: 2026-04-21 00:59:27.196
ProcessGuid: {a65b9ff6-cbef-69e6-1709-000000001b00}
ProcessId: 18872
Image: C:\Windows\System32\conhost.exe
User: LAPTOP-I8K1DAMV\rohin"
"2026-04-21T06:29:27.1945149+05:30","5","Process terminated:
RuleName: -
UtcTime: 2026-04-21 00:59:27.193
ProcessGuid: {a65b9ff6-cbef-69e6-1609-000000001b00}
ProcessId: 5040
Image: D:\BTP\Log-Anamoly-Detection\.venv\Scripts\python.exe
User: LAPTOP-I8K1DAMV\rohin"
"2026-04-21T06:29:27.1903989+05:30","5","Process terminated:
RuleName: -
UtcTime: 2026-04-21 00:59:27.189
ProcessGuid: {a65b9ff6-cbef-69e6-1809-000000001b00}
ProcessId: 21596
Image: C:\Users\rohin\AppData\Local\Programs\Python\Python314\python.exe
User: LAPTOP-I8K1DAMV\rohin"
"2026-04-21T06:29:26.7949128+05:30","5","Process terminated:
RuleName: -
UtcTime: 2026-04-21 00:59:26.794
ProcessGuid: {a65b9ff6-cbee-69e6-1409-000000001b00}
ProcessId: 15640
Image: C:\Windows\System32\conhost.exe
User: LAPTOP-I8K1DAMV\rohin"
"2026-04-21T06:29:26.7921063+05:30","5","Process terminated:
RuleName: -
UtcTime: 2026-04-21 00:59:26.791
ProcessGuid: {a65b9ff6-cbee-69e6-1309-000000001b00}
ProcessId: 26932
Image: D:\BTP\Log-Anamoly-Detection\.venv\Scripts\python.exe
User: LAPTOP-I8K1DAMV\rohin"
"2026-04-21T06:29:26.7877914+05:30","5","Process terminated:
RuleName: -
UtcTime: 2026-04-21 00:59:26.787
ProcessGuid: {a65b9ff6-cbee-69e6-1509-000000001b00}
ProcessId: 4572
Image: C:\Users\rohin\AppData\Local\Programs\Python\Python314\python.exe
User: LAPTOP-I8K1DAMV\rohin"
"2026-04-21T06:29:26.6748233+05:30","5","Process terminated:
RuleName: -
UtcTime: 2026-04-21 00:59:26.673
ProcessGuid: {a65b9ff6-cbee-69e6-0f09-000000001b00}
ProcessId: 16232
Image: C:\Windows\System32\conhost.exe
User: LAPTOP-I8K1DAMV\rohin"
"2026-04-21T06:29:26.6718522+05:30","5","Process terminated:
RuleName: -
UtcTime: 2026-04-21 00:59:26.670
ProcessGuid: {a65b9ff6-cbee-69e6-0e09-000000001b00}
ProcessId: 24116
Image: D:\BTP\Log-Anamoly-Detection\.venv\Scripts\python.exe
User: LAPTOP-I8K1DAMV\rohin"
"2026-04-21T06:29:26.6697530+05:30","5","Process terminated:
RuleName: -
UtcTime: 2026-04-21 00:59:26.668
ProcessGuid: {a65b9ff6-cbee-69e6-1209-000000001b00}
ProcessId: 15896
Image: C:\Users\rohin\AppData\Local\Programs\Microsoft VS Code\Code.exe
User: LAPTOP-I8K1DAMV\rohin"
"2026-04-21T06:29:26.6696390+05:30","5","Process terminated:
RuleName: -
UtcTime: 2026-04-21 00:59:26.668
ProcessGuid: {a65b9ff6-cbee-69e6-1109-000000001b00}
ProcessId: 2060
Image: C:\Users\rohin\AppData\Local\Programs\Microsoft VS Code\Code.exe
User: LAPTOP-I8K1DAMV\rohin"
"2026-04-21T06:29:26.6668814+05:30","5","Process terminated:
RuleName: -
UtcTime: 2026-04-21 00:59:26.665
ProcessGuid: {a65b9ff6-cbee-69e6-1009-000000001b00}
ProcessId: 19844
Image: C:\Users\rohin\AppData\Local\Programs\Python\Python314\python.exe
User: LAPTOP-I8K1DAMV\rohin"
"2026-04-21T06:29:26.4295840+05:30","5","Process terminated:
RuleName: -
UtcTime: 2026-04-21 00:59:26.429
ProcessGuid: {a65b9ff6-cbee-69e6-0c09-000000001b00}
ProcessId: 12628
Image: D:\Log-Anamoly-Detection\.venv\Scripts\python.exe
User: LAPTOP-I8K1DAMV\rohin"
"2026-04-21T06:29:26.4238632+05:30","5","Process terminated:
RuleName: -
UtcTime: 2026-04-21 00:59:26.422
ProcessGuid: {a65b9ff6-cbee-69e6-0d09-000000001b00}
ProcessId: 13284
Image: C:\Users\rohin\AppData\Local\Programs\Python\Python310\python.exe
User: LAPTOP-I8K1DAMV\rohin"
"2026-04-21T06:29:26.3198977+05:30","5","Process terminated:
RuleName: -
UtcTime: 2026-04-21 00:59:26.318
ProcessGuid: {a65b9ff6-cbee-69e6-0a09-000000001b00}
ProcessId: 22000
Image: D:\Log-Anamoly-Detection\.venv\Scripts\python.exe
User: LAPTOP-I8K1DAMV\rohin"
"2026-04-21T06:29:26.3151439+05:30","5","Process terminated:
RuleName: -
UtcTime: 2026-04-21 00:59:26.314
ProcessGuid: {a65b9ff6-cbee-69e6-0b09-000000001b00}
ProcessId: 11920
Image: C:\Users\rohin\AppData\Local\Programs\Python\Python310\python.exe
User: LAPTOP-I8K1DAMV\rohin"
"2026-04-21T06:29:26.1574895+05:30","5","Process terminated:
RuleName: -
UtcTime: 2026-04-21 00:59:26.155
ProcessGuid: {a65b9ff6-cbed-69e6-0809-000000001b00}
ProcessId: 26628
Image: D:\Log-Anamoly-Detection\.venv\Scripts\python.exe
User: LAPTOP-I8K1DAMV\rohin"
"2026-04-21T06:29:26.1462580+05:30","5","Process terminated:
RuleName: -
UtcTime: 2026-04-21 00:59:26.143
ProcessGuid: {a65b9ff6-cbee-69e6-0909-000000001b00}
ProcessId: 16456
Image: C:\Users\rohin\AppData\Local\Programs\Python\Python310\python.exe
User: LAPTOP-I8K1DAMV\rohin"
"2026-04-21T06:29:26.0230253+05:30","5","Process terminated:
RuleName: -
UtcTime: 2026-04-21 00:59:26.021
ProcessGuid: {a65b9ff6-cbed-69e6-0609-000000001b00}
ProcessId: 16940
Image: C:\Windows\System32\conhost.exe
User: LAPTOP-I8K1DAMV\rohin"
"2026-04-21T06:29:26.0196461+05:30","5","Process terminated:
RuleName: -
UtcTime: 2026-04-21 00:59:26.019
ProcessGuid: {a65b9ff6-cbed-69e6-0509-000000001b00}
ProcessId: 26052
Image: C:\Program Files\Git\cmd\git.exe
User: LAPTOP-I8K1DAMV\rohin"
"2026-04-21T06:29:26.0133367+05:30","5","Process terminated:
RuleName: -
UtcTime: 2026-04-21 00:59:26.012
ProcessGuid: {a65b9ff6-cbed-69e6-0709-000000001b00}
ProcessId: 2516
Image: C:\Program Files\Git\mingw64\bin\git.exe
User: LAPTOP-I8K1DAMV\rohin"
"2026-04-21T06:29:25.9919548+05:30","5","Process terminated:
RuleName: -
UtcTime: 2026-04-21 00:59:25.990
ProcessGuid: {a65b9ff6-cbed-69e6-0309-000000001b00}
ProcessId: 17396
Image: D:\Log-Anamoly-Detection\.venv\Scripts\python.exe
User: LAPTOP-I8K1DAMV\rohin"
"2026-04-21T06:29:25.9855476+05:30","5","Process terminated:
RuleName: -
UtcTime: 2026-04-21 00:59:25.985
ProcessGuid: {a65b9ff6-cbed-69e6-0409-000000001b00}
ProcessId: 17384
Image: C:\Users\rohin\AppData\Local\Programs\Python\Python310\python.exe
User: LAPTOP-I8K1DAMV\rohin"
"2026-04-21T06:29:25.8205306+05:30","5","Process terminated:
RuleName: -
UtcTime: 2026-04-21 00:59:25.819
ProcessGuid: {a65b9ff6-cbed-69e6-0109-000000001b00}
ProcessId: 21216
Image: D:\Log-Anamoly-Detection\.venv\Scripts\python.exe
User: LAPTOP-I8K1DAMV\rohin"
"2026-04-21T06:29:25.8151897+05:30","5","Process terminated:
RuleName: -
UtcTime: 2026-04-21 00:59:25.814
ProcessGuid: {a65b9ff6-cbed-69e6-0209-000000001b00}
ProcessId: 3120
Image: C:\Users\rohin\AppData\Local\Programs\Python\Python310\python.exe
User: LAPTOP-I8K1DAMV\rohin"
"2026-04-21T06:29:13.9604010+05:30","5","Process terminated:
RuleName: -
UtcTime: 2026-04-21 00:59:13.955
ProcessGuid: {a65b9ff6-cbe1-69e6-0009-000000001b00}
ProcessId: 5192
Image: C:\Program Files (x86)\Microsoft\EdgeUpdate\MicrosoftEdgeUpdate.exe
User: NT AUTHORITY\SYSTEM"
"2026-04-21T06:29:02.1587680+05:30","5","Process terminated:
RuleName: -
UtcTime: 2026-04-21 00:59:02.145
ProcessGuid: {a65b9ff6-cb35-69e6-df08-000000001b00}
ProcessId: 14352
Image: C:\Windows\System32\wbem\WmiPrvSE.exe
User: NT AUTHORITY\NETWORK SERVICE"
"2026-04-21T06:28:34.9780651+05:30","5","Process terminated:
RuleName: -
UtcTime: 2026-04-21 00:58:34.974
ProcessGuid: {a65b9ff6-cbb5-69e6-fe08-000000001b00}
ProcessId: 11612
Image: C:\Windows\System32\dllhost.exe
User: LAPTOP-I8K1DAMV\rohin"
"2026-04-21T06:28:32.1478282+05:30","5","Process terminated:
RuleName: -
UtcTime: 2026-04-21 00:58:32.147
ProcessGuid: {a65b9ff6-cb24-69e6-d908-000000001b00}
ProcessId: 18080
Image: C:\Windows\System32\wbem\WmiPrvSE.exe
User: NT AUTHORITY\LOCAL SERVICE"
"2026-04-21T06:28:28.6604302+05:30","11","File created:
RuleName: -
UtcTime: 2026-04-21 00:58:28.659
ProcessGuid: {a65b9ff6-c0b8-69e6-fd00-000000001b00}
ProcessId: 12856
Image: C:\WINDOWS\Explorer.EXE
TargetFilename: C:\Users\rohin\Desktop\CDOT\Log-Anamoly-Detection\scripts\attack_files\attack_file_029.txt
CreationUtcTime: 2026-04-21 00:58:28.659
User: LAPTOP-I8K1DAMV\rohin"
"2026-04-21T06:28:28.6551612+05:30","11","File created:
RuleName: -
UtcTime: 2026-04-21 00:58:28.654
ProcessGuid: {a65b9ff6-c0b8-69e6-fd00-000000001b00}
ProcessId: 12856
Image: C:\WINDOWS\Explorer.EXE
TargetFilename: C:\Users\rohin\Desktop\CDOT\Log-Anamoly-Detection\scripts\attack_files\attack_file_028.txt
CreationUtcTime: 2026-04-21 00:58:28.654
User: LAPTOP-I8K1DAMV\rohin"
"2026-04-21T06:28:28.6503334+05:30","11","File created:
RuleName: -
UtcTime: 2026-04-21 00:58:28.644
ProcessGuid: {a65b9ff6-c0b8-69e6-fd00-000000001b00}
ProcessId: 12856
Image: C:\WINDOWS\Explorer.EXE
TargetFilename: C:\Users\rohin\Desktop\CDOT\Log-Anamoly-Detection\scripts\attack_files\attack_file_027.txt
CreationUtcTime: 2026-04-21 00:58:28.644
User: LAPTOP-I8K1DAMV\rohin"
"2026-04-21T06:28:28.6454881+05:30","11","File created:
RuleName: -
UtcTime: 2026-04-21 00:58:28.644
ProcessGuid: {a65b9ff6-c0b8-69e6-fd00-000000001b00}
ProcessId: 12856
Image: C:\WINDOWS\Explorer.EXE
TargetFilename: C:\Users\rohin\Desktop\CDOT\Log-Anamoly-Detection\scripts\attack_files\attack_file_026.txt
CreationUtcTime: 2026-04-21 00:58:28.644
User: LAPTOP-I8K1DAMV\rohin"
"2026-04-21T06:28:28.6406242+05:30","11","File created:
RuleName: -
UtcTime: 2026-04-21 00:58:28.639
ProcessGuid: {a65b9ff6-c0b8-69e6-fd00-000000001b00}
ProcessId: 12856
Image: C:\WINDOWS\Explorer.EXE
TargetFilename: C:\Users\rohin\Desktop\CDOT\Log-Anamoly-Detection\scripts\attack_files\attack_file_025.txt
CreationUtcTime: 2026-04-21 00:58:28.639
User: LAPTOP-I8K1DAMV\rohin"
"2026-04-21T06:28:28.6358722+05:30","11","File created:
RuleName: -
UtcTime: 2026-04-21 00:58:28.633
ProcessGuid: {a65b9ff6-c0b8-69e6-fd00-000000001b00}
ProcessId: 12856
Image: C:\WINDOWS\Explorer.EXE
TargetFilename: C:\Users\rohin\Desktop\CDOT\Log-Anamoly-Detection\scripts\attack_files\attack_file_024.txt
CreationUtcTime: 2026-04-21 00:58:28.633
User: LAPTOP-I8K1DAMV\rohin"
"2026-04-21T06:28:28.6311456+05:30","11","File created:
RuleName: -
UtcTime: 2026-04-21 00:58:28.627
ProcessGuid: {a65b9ff6-c0b8-69e6-fd00-000000001b00}
ProcessId: 12856
Image: C:\WINDOWS\Explorer.EXE
TargetFilename: C:\Users\rohin\Desktop\CDOT\Log-Anamoly-Detection\scripts\attack_files\attack_file_023.txt
CreationUtcTime: 2026-04-21 00:58:28.627
User: LAPTOP-I8K1DAMV\rohin"
"2026-04-21T06:28:28.6261165+05:30","11","File created:
RuleName: -
UtcTime: 2026-04-21 00:58:28.625
ProcessGuid: {a65b9ff6-c0b8-69e6-fd00-000000001b00}
ProcessId: 12856
Image: C:\WINDOWS\Explorer.EXE
TargetFilename: C:\Users\rohin\Desktop\CDOT\Log-Anamoly-Detection\scripts\attack_files\attack_file_022.txt
CreationUtcTime: 2026-04-21 00:58:28.625
User: LAPTOP-I8K1DAMV\rohin"
"2026-04-21T06:28:28.6209045+05:30","11","File created:
RuleName: -
UtcTime: 2026-04-21 00:58:28.619
ProcessGuid: {a65b9ff6-c0b8-69e6-fd00-000000001b00}
ProcessId: 12856
Image: C:\WINDOWS\Explorer.EXE
TargetFilename: C:\Users\rohin\Desktop\CDOT\Log-Anamoly-Detection\scripts\attack_files\attack_file_021.txt
CreationUtcTime: 2026-04-21 00:58:28.619
User: LAPTOP-I8K1DAMV\rohin"
"2026-04-21T06:28:28.6159246+05:30","11","File created:
RuleName: -
UtcTime: 2026-04-21 00:58:28.609
ProcessGuid: {a65b9ff6-c0b8-69e6-fd00-000000001b00}
ProcessId: 12856
Image: C:\WINDOWS\Explorer.EXE
TargetFilename: C:\Users\rohin\Desktop\CDOT\Log-Anamoly-Detection\scripts\attack_files\attack_file_020.txt
CreationUtcTime: 2026-04-21 00:58:28.609
User: LAPTOP-I8K1DAMV\rohin"
"2026-04-21T06:28:28.6107647+05:30","11","File created:
RuleName: -
UtcTime: 2026-04-21 00:58:28.609
ProcessGuid: {a65b9ff6-c0b8-69e6-fd00-000000001b00}
ProcessId: 12856
Image: C:\WINDOWS\Explorer.EXE
TargetFilename: C:\Users\rohin\Desktop\CDOT\Log-Anamoly-Detection\scripts\attack_files\attack_file_019.txt
CreationUtcTime: 2026-04-21 00:58:28.609
User: LAPTOP-I8K1DAMV\rohin"
"2026-04-21T06:28:28.6056335+05:30","11","File created:
RuleName: -
UtcTime: 2026-04-21 00:58:28.597
ProcessGuid: {a65b9ff6-c0b8-69e6-fd00-000000001b00}
ProcessId: 12856
Image: C:\WINDOWS\Explorer.EXE
TargetFilename: C:\Users\rohin\Desktop\CDOT\Log-Anamoly-Detection\scripts\attack_files\attack_file_018.txt
CreationUtcTime: 2026-04-21 00:58:28.597
User: LAPTOP-I8K1DAMV\rohin"
"2026-04-21T06:28:28.6005306+05:30","11","File created:
RuleName: -
UtcTime: 2026-04-21 00:58:28.597
ProcessGuid: {a65b9ff6-c0b8-69e6-fd00-000000001b00}
ProcessId: 12856
Image: C:\WINDOWS\Explorer.EXE
TargetFilename: C:\Users\rohin\Desktop\CDOT\Log-Anamoly-Detection\scripts\attack_files\attack_file_017.txt
CreationUtcTime: 2026-04-21 00:58:28.597
User: LAPTOP-I8K1DAMV\rohin"
"2026-04-21T06:28:28.5956615+05:30","11","File created:
RuleName: -
UtcTime: 2026-04-21 00:58:28.593
ProcessGuid: {a65b9ff6-c0b8-69e6-fd00-000000001b00}
ProcessId: 12856
Image: C:\WINDOWS\Explorer.EXE
TargetFilename: C:\Users\rohin\Desktop\CDOT\Log-Anamoly-Detection\scripts\attack_files\attack_file_016.txt
CreationUtcTime: 2026-04-21 00:58:28.593
User: LAPTOP-I8K1DAMV\rohin"
"2026-04-21T06:28:28.5904955+05:30","11","File created:
RuleName: -
UtcTime: 2026-04-21 00:58:28.588
ProcessGuid: {a65b9ff6-c0b8-69e6-fd00-000000001b00}
ProcessId: 12856
Image: C:\WINDOWS\Explorer.EXE
TargetFilename: C:\Users\rohin\Desktop\CDOT\Log-Anamoly-Detection\scripts\attack_files\attack_file_015.txt
CreationUtcTime: 2026-04-21 00:58:28.588
User: LAPTOP-I8K1DAMV\rohin"
"2026-04-21T06:28:28.5859445+05:30","11","File created:
RuleName: -
UtcTime: 2026-04-21 00:58:28.580
ProcessGuid: {a65b9ff6-c0b8-69e6-fd00-000000001b00}
ProcessId: 12856
Image: C:\WINDOWS\Explorer.EXE
TargetFilename: C:\Users\rohin\Desktop\CDOT\Log-Anamoly-Detection\scripts\attack_files\attack_file_014.txt
CreationUtcTime: 2026-04-21 00:58:28.580
User: LAPTOP-I8K1DAMV\rohin"
"2026-04-21T06:28:28.5804403+05:30","11","File created:
RuleName: -
UtcTime: 2026-04-21 00:58:28.577
ProcessGuid: {a65b9ff6-c0b8-69e6-fd00-000000001b00}
ProcessId: 12856
Image: C:\WINDOWS\Explorer.EXE
TargetFilename: C:\Users\rohin\Desktop\CDOT\Log-Anamoly-Detection\scripts\attack_files\attack_file_013.txt
CreationUtcTime: 2026-04-21 00:58:28.577
User: LAPTOP-I8K1DAMV\rohin"
"2026-04-21T06:28:28.5750014+05:30","11","File created:
RuleName: -
UtcTime: 2026-04-21 00:58:28.562
ProcessGuid: {a65b9ff6-c0b8-69e6-fd00-000000001b00}
ProcessId: 12856
Image: C:\WINDOWS\Explorer.EXE
TargetFilename: C:\Users\rohin\Desktop\CDOT\Log-Anamoly-Detection\scripts\attack_files\attack_file_012.txt
CreationUtcTime: 2026-04-21 00:58:28.562
User: LAPTOP-I8K1DAMV\rohin"
"2026-04-21T06:28:28.5700465+05:30","11","File created:
RuleName: -
UtcTime: 2026-04-21 00:58:28.562
ProcessGuid: {a65b9ff6-c0b8-69e6-fd00-000000001b00}
ProcessId: 12856
Image: C:\WINDOWS\Explorer.EXE
TargetFilename: C:\Users\rohin\Desktop\CDOT\Log-Anamoly-Detection\scripts\attack_files\attack_file_011.txt
CreationUtcTime: 2026-04-21 00:58:28.562
User: LAPTOP-I8K1DAMV\rohin"
"2026-04-21T06:28:28.5651993+05:30","11","File created:
RuleName: -
UtcTime: 2026-04-21 00:58:28.562
ProcessGuid: {a65b9ff6-c0b8-69e6-fd00-000000001b00}
ProcessId: 12856
Image: C:\WINDOWS\Explorer.EXE
TargetFilename: C:\Users\rohin\Desktop\CDOT\Log-Anamoly-Detection\scripts\attack_files\attack_file_010.txt
CreationUtcTime: 2026-04-21 00:58:28.562
User: LAPTOP-I8K1DAMV\rohin"
"2026-04-21T06:28:28.5602503+05:30","11","File created:
RuleName: -
UtcTime: 2026-04-21 00:58:28.559
ProcessGuid: {a65b9ff6-c0b8-69e6-fd00-000000001b00}
ProcessId: 12856
Image: C:\WINDOWS\Explorer.EXE
TargetFilename: C:\Users\rohin\Desktop\CDOT\Log-Anamoly-Detection\scripts\attack_files\attack_file_009.txt
CreationUtcTime: 2026-04-21 00:58:28.559
User: LAPTOP-I8K1DAMV\rohin"
"2026-04-21T06:28:28.5555370+05:30","11","File created:
RuleName: -
UtcTime: 2026-04-21 00:58:28.555
ProcessGuid: {a65b9ff6-c0b8-69e6-fd00-000000001b00}
ProcessId: 12856
Image: C:\WINDOWS\Explorer.EXE
TargetFilename: C:\Users\rohin\Desktop\CDOT\Log-Anamoly-Detection\scripts\attack_files\attack_file_008.txt
CreationUtcTime: 2026-04-21 00:58:28.555
User: LAPTOP-I8K1DAMV\rohin"
