"2026-04-21T06:56:32.7844196+05:30","5","Process terminated:
RuleName: -
UtcTime: 2026-04-21 01:26:32.769
ProcessGuid: {a65b9ff6-d1f1-69e6-c10a-000000001b00}
ProcessId: 4064
Image: C:\Program Files\HPPrintScanDoctor\HPPrinterHealthMonitor.exe
User: LAPTOP-I8K1DAMV\rohin"
"2026-04-21T06:56:08.9228029+05:30","5","Process terminated:
RuleName: -
UtcTime: 2026-04-21 01:26:08.915
ProcessGuid: {a65b9ff6-d1b5-69e6-b70a-000000001b00}
ProcessId: 22252
Image: C:\Windows\System32\svchost.exe
User: NT AUTHORITY\SYSTEM"
"2026-04-21T06:56:06.2404400+05:30","5","Process terminated:
RuleName: -
UtcTime: 2026-04-21 01:26:06.234
ProcessGuid: {a65b9ff6-d22e-69e6-d70a-000000001b00}
ProcessId: 1804
Image: C:\Windows\System32\conhost.exe
User: NT AUTHORITY\SYSTEM"
"2026-04-21T06:56:06.2381385+05:30","5","Process terminated:
RuleName: -
UtcTime: 2026-04-21 01:26:06.234
ProcessGuid: {a65b9ff6-d22e-69e6-d60a-000000001b00}
ProcessId: 3324
Image: C:\Windows\System32\cmd.exe
User: NT AUTHORITY\SYSTEM"
"2026-04-21T06:56:06.2307108+05:30","5","Process terminated:
RuleName: -
UtcTime: 2026-04-21 01:26:06.218
ProcessGuid: {a65b9ff6-d22e-69e6-d80a-000000001b00}
ProcessId: 22836
Image: C:\Windows\System32\reg.exe
User: NT AUTHORITY\SYSTEM"
"2026-04-21T06:56:06.1989131+05:30","5","Process terminated:
RuleName: -
UtcTime: 2026-04-21 01:26:06.187
ProcessGuid: {a65b9ff6-d1f2-69e6-c40a-000000001b00}
ProcessId: 18952
Image: C:\Windows\System32\svchost.exe
User: NT AUTHORITY\SYSTEM"
"2026-04-21T06:55:50.6916246+05:30","5","Process terminated:
RuleName: -
UtcTime: 2026-04-21 01:25:50.686
ProcessGuid: {a65b9ff6-d200-69e6-d40a-000000001b00}
ProcessId: 17008
Image: C:\Windows\System32\svchost.exe
User: NT AUTHORITY\SYSTEM"
"2026-04-21T06:55:47.8521310+05:30","5","Process terminated:
RuleName: -
UtcTime: 2026-04-21 01:25:47.850
ProcessGuid: {a65b9ff6-d1f1-69e6-c20a-000000001b00}
ProcessId: 19764
Image: C:\Windows\System32\RuntimeBroker.exe
User: LAPTOP-I8K1DAMV\rohin"
"2026-04-21T06:55:17.8396367+05:30","5","Process terminated:
RuleName: -
UtcTime: 2026-04-21 01:25:17.838
ProcessGuid: {a65b9ff6-d1f1-69e6-bd0a-000000001b00}
ProcessId: 18604
Image: C:\Program Files\WindowsApps\microsoft.windowscommunicationsapps_16005.14326.22342.0_x64__8wekyb3d8bbwe\HxTsr.exe
User: LAPTOP-I8K1DAMV\rohin"
"2026-04-21T06:55:10.8130767+05:30","5","Process terminated:
RuleName: -
UtcTime: 2026-04-21 01:25:10.807
ProcessGuid: {a65b9ff6-d1f1-69e6-bb0a-000000001b00}
ProcessId: 27456
Image: C:\Windows\System32\provtool.exe
User: NT AUTHORITY\SYSTEM"
"2026-04-21T06:55:10.7341891+05:30","5","Process terminated:
RuleName: -
UtcTime: 2026-04-21 01:25:10.733
ProcessGuid: {a65b9ff6-d1f1-69e6-bc0a-000000001b00}
ProcessId: 6188
Image: C:\Program Files\Common Files\microsoft shared\ClickToRun\OfficeC2RClient.exe
User: NT AUTHORITY\SYSTEM"
"2026-04-21T06:55:08.5831376+05:30","5","Process terminated:
RuleName: -
UtcTime: 2026-04-21 01:25:08.575
ProcessGuid: {a65b9ff6-d1f4-69e6-cf0a-000000001b00}
ProcessId: 19804
Image: C:\Windows\System32\conhost.exe
User: LAPTOP-I8K1DAMV\rohin"
"2026-04-21T06:55:08.5809362+05:30","5","Process terminated:
RuleName: -
UtcTime: 2026-04-21 01:25:08.575
ProcessGuid: {a65b9ff6-d1f4-69e6-ce0a-000000001b00}
ProcessId: 25736
Image: C:\Windows\System32\wevtutil.exe
User: LAPTOP-I8K1DAMV\rohin"
"2026-04-21T06:55:08.1935185+05:30","5","Process terminated:
RuleName: -
UtcTime: 2026-04-21 01:25:08.187
ProcessGuid: {a65b9ff6-d1f4-69e6-cd0a-000000001b00}
ProcessId: 12756
Image: C:\Windows\System32\conhost.exe
User: LAPTOP-I8K1DAMV\rohin"
"2026-04-21T06:55:08.1913728+05:30","5","Process terminated:
RuleName: -
UtcTime: 2026-04-21 01:25:08.187
ProcessGuid: {a65b9ff6-d1f4-69e6-cc0a-000000001b00}
ProcessId: 25528
Image: C:\Windows\System32\wevtutil.exe
User: LAPTOP-I8K1DAMV\rohin"
"2026-04-21T06:55:07.9725639+05:30","5","Process terminated:
RuleName: -
UtcTime: 2026-04-21 01:25:07.966
ProcessGuid: {a65b9ff6-d1f3-69e6-cb0a-000000001b00}
ProcessId: 17328
Image: C:\Windows\System32\conhost.exe
User: LAPTOP-I8K1DAMV\rohin"
"2026-04-21T06:55:07.9705600+05:30","5","Process terminated:
RuleName: -
UtcTime: 2026-04-21 01:25:07.966
ProcessGuid: {a65b9ff6-d1f3-69e6-ca0a-000000001b00}
ProcessId: 22472
Image: C:\Windows\System32\wevtutil.exe
User: LAPTOP-I8K1DAMV\rohin"
"2026-04-21T06:55:06.8176215+05:30","5","Process terminated:
RuleName: -
UtcTime: 2026-04-21 01:25:06.809
ProcessGuid: {a65b9ff6-d1f2-69e6-c70a-000000001b00}
ProcessId: 18808
Image: C:\Windows\System32\conhost.exe
User: NT AUTHORITY\SYSTEM"
"2026-04-21T06:55:06.8161825+05:30","5","Process terminated:
RuleName: -
UtcTime: 2026-04-21 01:25:06.809
ProcessGuid: {a65b9ff6-d1f2-69e6-c60a-000000001b00}
ProcessId: 17016
Image: C:\Windows\System32\Defrag.exe
User: NT AUTHORITY\SYSTEM"
"2026-04-21T06:55:06.7200256+05:30","5","Process terminated:
RuleName: -
UtcTime: 2026-04-21 01:25:06.717
ProcessGuid: {a65b9ff6-d1f1-69e6-c30a-000000001b00}
ProcessId: 6892
Image: C:\Windows\System32\conhost.exe
User: NT AUTHORITY\SYSTEM"
"2026-04-21T06:55:06.7166382+05:30","5","Process terminated:
RuleName: -
UtcTime: 2026-04-21 01:25:06.714
ProcessGuid: {a65b9ff6-d1f1-69e6-b80a-000000001b00}
ProcessId: 7424
Image: C:\Windows\System32\cmd.exe
User: NT AUTHORITY\SYSTEM"
"2026-04-21T06:55:06.6783057+05:30","5","Process terminated:
RuleName: -
UtcTime: 2026-04-21 01:25:06.671
ProcessGuid: {a65b9ff6-d1f2-69e6-c50a-000000001b00}
ProcessId: 908
Image: C:\Windows\System32\reg.exe
User: NT AUTHORITY\SYSTEM"
"2026-04-21T06:55:05.9842360+05:30","5","Process terminated:
RuleName: -
UtcTime: 2026-04-21 01:25:05.984
ProcessGuid: {a65b9ff6-d1f1-69e6-c00a-000000001b00}
ProcessId: 13100
Image: C:\Windows\System32\conhost.exe
User: NT AUTHORITY\SYSTEM"
"2026-04-21T06:55:05.8248191+05:30","5","Process terminated:
RuleName: -
UtcTime: 2026-04-21 01:25:05.822
ProcessGuid: {a65b9ff6-d1f1-69e6-be0a-000000001b00}
ProcessId: 15756
Image: C:\Windows\System32\UCPDMgr.exe
User: NT AUTHORITY\SYSTEM"
"2026-04-21T06:54:33.6580107+05:30","5","Process terminated:
RuleName: -
UtcTime: 2026-04-21 01:24:33.656
ProcessGuid: {a65b9ff6-d1a1-69e6-b40a-000000001b00}
ProcessId: 2288
Image: C:\Windows\System32\RuntimeBroker.exe
User: LAPTOP-I8K1DAMV\rohin"
"2026-04-21T06:54:10.8400973+05:30","5","Process terminated:
RuleName: -
UtcTime: 2026-04-21 01:24:10.836
ProcessGuid: {a65b9ff6-d1b5-69e6-b50a-000000001b00}
ProcessId: 22476
Image: C:\Windows\System32\dllhost.exe
User: LAPTOP-I8K1DAMV\rohin"
"2026-04-21T06:53:54.7767316+05:30","5","Process terminated:
RuleName: -
UtcTime: 2026-04-21 01:23:54.773
ProcessGuid: {a65b9ff6-d0f6-69e6-ae0a-000000001b00}
ProcessId: 8812
Image: C:\Windows\System32\svchost.exe
User: NT AUTHORITY\SYSTEM"
"2026-04-21T06:53:45.1139104+05:30","5","Process terminated:
RuleName: -
UtcTime: 2026-04-21 01:23:45.106
ProcessGuid: {a65b9ff6-d1a0-69e6-b30a-000000001b00}
ProcessId: 19836
Image: C:\Program Files\Adobe\Acrobat DC\Acrobat\RDCNotificationClient\FullTrustNotifier.exe
User: LAPTOP-I8K1DAMV\rohin"
"2026-04-21T06:53:15.4839543+05:30","5","Process terminated:
RuleName: -
UtcTime: 2026-04-21 01:23:15.472
ProcessGuid: {a65b9ff6-d0cf-69e6-a20a-000000001b00}
ProcessId: 18592
Image: C:\Windows\System32\wbem\WmiPrvSE.exe
User: NT AUTHORITY\NETWORK SERVICE"
"2026-04-21T06:53:05.8505572+05:30","5","Process terminated:
RuleName: -
UtcTime: 2026-04-21 01:23:05.848
ProcessGuid: {a65b9ff6-ccc9-69e6-7e09-000000001b00}
ProcessId: 5732
Image: C:\Windows\System32\svchost.exe
User: NT AUTHORITY\SYSTEM"
"2026-04-21T06:52:15.4816234+05:30","5","Process terminated:
RuleName: -
UtcTime: 2026-04-21 01:22:15.480
ProcessGuid: {a65b9ff6-d0c5-69e6-9e0a-000000001b00}
ProcessId: 25892
Image: C:\Windows\System32\wbem\WmiPrvSE.exe
User: NT AUTHORITY\LOCAL SERVICE"
"2026-04-21T06:52:01.9138756+05:30","5","Process terminated:
RuleName: -
UtcTime: 2026-04-21 01:22:01.910
ProcessGuid: {a65b9ff6-d139-69e6-b20a-000000001b00}
ProcessId: 2060
Image: C:\Windows\System32\conhost.exe
User: NT AUTHORITY\LOCAL SERVICE"
"2026-04-21T06:52:01.9117776+05:30","5","Process terminated:
RuleName: -
UtcTime: 2026-04-21 01:22:01.910
ProcessGuid: {a65b9ff6-d139-69e6-b10a-000000001b00}
ProcessId: 15528
Image: C:\Windows\System32\appidcertstorecheck.exe
User: NT AUTHORITY\LOCAL SERVICE"
"2026-04-21T06:51:38.7103774+05:30","5","Process terminated:
RuleName: -
UtcTime: 2026-04-21 01:21:38.708
ProcessGuid: {a65b9ff6-d0c5-69e6-9f0a-000000001b00}
ProcessId: 26684
Image: C:\Windows\System32\svchost.exe
User: NT AUTHORITY\SYSTEM"
"2026-04-21T06:51:20.9342169+05:30","5","Process terminated:
RuleName: -
UtcTime: 2026-04-21 01:21:20.928
ProcessGuid: {a65b9ff6-d0f2-69e6-a80a-000000001b00}
ProcessId: 5464
Image: C:\Windows\System32\svchost.exe
User: NT AUTHORITY\SYSTEM"
"2026-04-21T06:51:14.6984659+05:30","5","Process terminated:
RuleName: -
UtcTime: 2026-04-21 01:21:14.690
ProcessGuid: {a65b9ff6-d0f6-69e6-ad0a-000000001b00}
ProcessId: 20992
Image: C:\Windows\System32\svchost.exe
User: NT AUTHORITY\LOCAL SERVICE"
"2026-04-21T06:51:02.0710876+05:30","5","Process terminated:
RuleName: -
UtcTime: 2026-04-21 01:21:02.069
ProcessGuid: {a65b9ff6-d0fd-69e6-b00a-000000001b00}
ProcessId: 2772
Image: C:\Windows\SystemApps\MicrosoftWindows.Client.CBS_cw5n1h2txyewy\SoftLandingTask\SoftLandingTask.exe
User: LAPTOP-I8K1DAMV\rohin"
"2026-04-21T06:51:02.0708540+05:30","5","Process terminated:
RuleName: -
UtcTime: 2026-04-21 01:21:02.069
ProcessGuid: {a65b9ff6-d0fd-69e6-af0a-000000001b00}
ProcessId: 9428
Image: C:\Windows\System32\taskhostw.exe
User: LAPTOP-I8K1DAMV\rohin"
"2026-04-21T06:50:54.1943047+05:30","5","Process terminated:
RuleName: -
UtcTime: 2026-04-21 01:20:54.191
ProcessGuid: {a65b9ff6-d0f5-69e6-ac0a-000000001b00}
ProcessId: 18336
Image: C:\Windows\System32\backgroundTaskHost.exe
User: LAPTOP-I8K1DAMV\rohin"
"2026-04-21T06:50:51.0527403+05:30","5","Process terminated:
RuleName: -
UtcTime: 2026-04-21 01:20:51.050
ProcessGuid: {a65b9ff6-c0e0-69e6-6802-000000001b00}
ProcessId: 22832
Image: C:\Program Files\WindowsApps\AD2F1837.HPSystemEventUtility_3.2.16.0_x64__v10z8vjag6ke6\SystemEventUtility\HPSystemEventUtilityHost.exe
User: LAPTOP-I8K1DAMV\rohin"
"2026-04-21T06:50:50.8958874+05:30","5","Process terminated:
RuleName: -
UtcTime: 2026-04-21 01:20:50.892
ProcessGuid: {a65b9ff6-d0f2-69e6-a70a-000000001b00}
ProcessId: 6372
Image: C:\Windows\System32\taskhostw.exe
User: LAPTOP-I8K1DAMV\rohin"
"2026-04-21T06:50:40.3048624+05:30","5","Process terminated:
RuleName: -
UtcTime: 2026-04-21 01:20:40.294
ProcessGuid: {a65b9ff6-cff8-69e6-380a-000000001b00}
ProcessId: 27404
Image: C:\Windows\System32\svchost.exe
User: NT AUTHORITY\SYSTEM"
"2026-04-21T06:50:17.7072916+05:30","5","Process terminated:
RuleName: -
UtcTime: 2026-04-21 01:20:17.706
ProcessGuid: {a65b9ff6-d0d1-69e6-a40a-000000001b00}
ProcessId: 18808
Image: C:\Windows\System32\conhost.exe
User: LAPTOP-I8K1DAMV\rohin"
"2026-04-21T06:50:17.7050390+05:30","5","Process terminated:
RuleName: -
UtcTime: 2026-04-21 01:20:17.704
ProcessGuid: {a65b9ff6-d0d1-69e6-a30a-000000001b00}
ProcessId: 18716
Image: C:\Program Files\Git\cmd\git.exe
User: LAPTOP-I8K1DAMV\rohin"
"2026-04-21T06:50:17.7011450+05:30","5","Process terminated:
RuleName: -
UtcTime: 2026-04-21 01:20:17.700
ProcessGuid: {a65b9ff6-d0d1-69e6-a50a-000000001b00}
ProcessId: 23304
Image: C:\Program Files\Git\mingw64\bin\git.exe
User: LAPTOP-I8K1DAMV\rohin"
"2026-04-21T06:50:14.0793428+05:30","5","Process terminated:
RuleName: -
UtcTime: 2026-04-21 01:20:14.077
ProcessGuid: {a65b9ff6-d0ce-69e6-a10a-000000001b00}
ProcessId: 26588
Image: C:\Windows\System32\conhost.exe
User: LAPTOP-I8K1DAMV\rohin"
"2026-04-21T06:50:14.0769484+05:30","5","Process terminated:
RuleName: -
UtcTime: 2026-04-21 01:20:14.076
ProcessGuid: {a65b9ff6-d0cd-69e6-a00a-000000001b00}
ProcessId: 2772
Image: C:\Users\rohin\AppData\Local\Programs\Microsoft VS Code\560a9dba96\resources\app\node_modules\@vscode\ripgrep\bin\rg.exe
User: LAPTOP-I8K1DAMV\rohin"
"2026-04-21T06:50:05.1711873+05:30","5","Process terminated:
RuleName: -
UtcTime: 2026-04-21 01:20:05.170
ProcessGuid: {a65b9ff6-d0c5-69e6-9d0a-000000001b00}
ProcessId: 26584
Image: C:\Windows\System32\conhost.exe
User: LAPTOP-I8K1DAMV\rohin"
"2026-04-21T06:50:05.1692834+05:30","5","Process terminated:
RuleName: -
UtcTime: 2026-04-21 01:20:05.168
ProcessGuid: {a65b9ff6-d0c5-69e6-9c0a-000000001b00}
ProcessId: 2796
Image: C:\Users\rohin\AppData\Local\Programs\Microsoft VS Code\560a9dba96\resources\app\node_modules\@vscode\ripgrep\bin\rg.exe
User: LAPTOP-I8K1DAMV\rohin"
"2026-04-21T06:49:41.7781520+05:30","5","Process terminated:
RuleName: -
UtcTime: 2026-04-21 01:19:41.777
ProcessGuid: {a65b9ff6-cfd7-69e6-320a-000000001b00}
ProcessId: 24668
Image: C:\Windows\System32\wbem\WmiPrvSE.exe
User: NT AUTHORITY\NETWORK SERVICE"
"2026-04-21T06:49:33.1718181+05:30","5","Process terminated:
RuleName: -
UtcTime: 2026-04-21 01:19:33.171
ProcessGuid: {a65b9ff6-d0a5-69e6-9a0a-000000001b00}
ProcessId: 25796
Image: C:\Windows\System32\conhost.exe
User: LAPTOP-I8K1DAMV\rohin"
"2026-04-21T06:49:33.1697220+05:30","5","Process terminated:
RuleName: -
UtcTime: 2026-04-21 01:19:33.169
ProcessGuid: {a65b9ff6-d0a5-69e6-990a-000000001b00}
ProcessId: 27232
Image: C:\Program Files\Git\cmd\git.exe
User: LAPTOP-I8K1DAMV\rohin"
"2026-04-21T06:49:33.1658530+05:30","5","Process terminated:
RuleName: -
UtcTime: 2026-04-21 01:19:33.164
ProcessGuid: {a65b9ff6-d0a5-69e6-9b0a-000000001b00}
ProcessId: 16456
Image: C:\Program Files\Git\mingw64\bin\git.exe
User: LAPTOP-I8K1DAMV\rohin"
"2026-04-21T06:49:32.2592079+05:30","5","Process terminated:
RuleName: -
UtcTime: 2026-04-21 01:19:32.256
ProcessGuid: {a65b9ff6-d0a3-69e6-980a-000000001b00}
ProcessId: 17024
Image: C:\Users\rohin\AppData\Local\Programs\Python\Python310\python.exe
User: LAPTOP-I8K1DAMV\rohin"
"2026-04-21T06:49:25.1469264+05:30","5","Process terminated:
RuleName: -
UtcTime: 2026-04-21 01:19:25.146
ProcessGuid: {a65b9ff6-d09d-69e6-940a-000000001b00}
ProcessId: 6460
Image: D:\Log-Anamoly-Detection\.venv\Scripts\python.exe
User: LAPTOP-I8K1DAMV\rohin"
"2026-04-21T06:49:25.1430311+05:30","5","Process terminated:
RuleName: -
UtcTime: 2026-04-21 01:19:25.142
ProcessGuid: {a65b9ff6-d09d-69e6-950a-000000001b00}
ProcessId: 4632
Image: C:\Users\rohin\AppData\Local\Programs\Python\Python310\python.exe
User: LAPTOP-I8K1DAMV\rohin"
"2026-04-21T06:49:25.0684457+05:30","5","Process terminated:
RuleName: -
UtcTime: 2026-04-21 01:19:25.068
ProcessGuid: {a65b9ff6-d09d-69e6-920a-000000001b00}
ProcessId: 11768
Image: D:\Log-Anamoly-Detection\.venv\Scripts\python.exe
User: LAPTOP-I8K1DAMV\rohin"
"2026-04-21T06:49:25.0650718+05:30","5","Process terminated:
RuleName: -
UtcTime: 2026-04-21 01:19:25.064
ProcessGuid: {a65b9ff6-d09d-69e6-930a-000000001b00}
ProcessId: 11020
Image: C:\Users\rohin\AppData\Local\Programs\Python\Python310\python.exe
User: LAPTOP-I8K1DAMV\rohin"
"2026-04-21T06:49:25.0017079+05:30","5","Process terminated:
RuleName: -
UtcTime: 2026-04-21 01:19:25.001
ProcessGuid: {a65b9ff6-d09c-69e6-900a-000000001b00}
ProcessId: 12676
Image: D:\Log-Anamoly-Detection\.venv\Scripts\python.exe
User: LAPTOP-I8K1DAMV\rohin"
"2026-04-21T06:49:24.9982021+05:30","5","Process terminated:
RuleName: -
UtcTime: 2026-04-21 01:19:24.998
ProcessGuid: {a65b9ff6-d09c-69e6-910a-000000001b00}
ProcessId: 12172
Image: C:\Users\rohin\AppData\Local\Programs\Python\Python310\python.exe
User: LAPTOP-I8K1DAMV\rohin"
"2026-04-21T06:49:24.9373163+05:30","5","Process terminated:
RuleName: -
UtcTime: 2026-04-21 01:19:24.937
ProcessGuid: {a65b9ff6-d09c-69e6-8e0a-000000001b00}
ProcessId: 18804
Image: D:\Log-Anamoly-Detection\.venv\Scripts\python.exe
User: LAPTOP-I8K1DAMV\rohin"
"2026-04-21T06:49:24.9332995+05:30","5","Process terminated:
RuleName: -
UtcTime: 2026-04-21 01:19:24.932
ProcessGuid: {a65b9ff6-d09c-69e6-8f0a-000000001b00}
ProcessId: 12744
Image: C:\Users\rohin\AppData\Local\Programs\Python\Python310\python.exe
User: LAPTOP-I8K1DAMV\rohin"
"2026-04-21T06:49:06.0531086+05:30","5","Process terminated:
RuleName: -
UtcTime: 2026-04-21 01:19:06.045
ProcessGuid: {a65b9ff6-d089-69e6-8c0a-000000001b00}
ProcessId: 436
Image: D:\Log-Anamoly-Detection\.venv\Scripts\python.exe
User: LAPTOP-I8K1DAMV\rohin"
"2026-04-21T06:49:06.0484087+05:30","5","Process terminated:
RuleName: -
UtcTime: 2026-04-21 01:19:06.045
ProcessGuid: {a65b9ff6-d089-69e6-8d0a-000000001b00}
ProcessId: 6640
Image: C:\Users\rohin\AppData\Local\Programs\Python\Python310\python.exe
User: LAPTOP-I8K1DAMV\rohin"
"2026-04-21T06:49:05.9733787+05:30","5","Process terminated:
RuleName: -
UtcTime: 2026-04-21 01:19:05.972
ProcessGuid: {a65b9ff6-d089-69e6-8a0a-000000001b00}
ProcessId: 19476
Image: D:\Log-Anamoly-Detection\.venv\Scripts\python.exe
User: LAPTOP-I8K1DAMV\rohin"
"2026-04-21T06:49:05.9699378+05:30","5","Process terminated:
RuleName: -
UtcTime: 2026-04-21 01:19:05.969
ProcessGuid: {a65b9ff6-d089-69e6-8b0a-000000001b00}
ProcessId: 12468
Image: C:\Users\rohin\AppData\Local\Programs\Python\Python310\python.exe
User: LAPTOP-I8K1DAMV\rohin"
"2026-04-21T06:49:05.9020322+05:30","5","Process terminated:
RuleName: -
UtcTime: 2026-04-21 01:19:05.901
ProcessGuid: {a65b9ff6-d089-69e6-880a-000000001b00}
ProcessId: 18468
Image: D:\Log-Anamoly-Detection\.venv\Scripts\python.exe
User: LAPTOP-I8K1DAMV\rohin"
"2026-04-21T06:49:05.8991101+05:30","5","Process terminated:
RuleName: -
UtcTime: 2026-04-21 01:19:05.898
ProcessGuid: {a65b9ff6-d089-69e6-890a-000000001b00}
ProcessId: 18872
Image: C:\Users\rohin\AppData\Local\Programs\Python\Python310\python.exe
User: LAPTOP-I8K1DAMV\rohin"
"2026-04-21T06:49:05.8330721+05:30","5","Process terminated:
RuleName: -
UtcTime: 2026-04-21 01:19:05.832
ProcessGuid: {a65b9ff6-d089-69e6-860a-000000001b00}
ProcessId: 14464
Image: D:\Log-Anamoly-Detection\.venv\Scripts\python.exe
User: LAPTOP-I8K1DAMV\rohin"
"2026-04-21T06:49:05.8300271+05:30","5","Process terminated:
RuleName: -
UtcTime: 2026-04-21 01:19:05.829
ProcessGuid: {a65b9ff6-d089-69e6-870a-000000001b00}
ProcessId: 11208
Image: C:\Users\rohin\AppData\Local\Programs\Python\Python310\python.exe
User: LAPTOP-I8K1DAMV\rohin"
"2026-04-21T06:49:05.7548990+05:30","5","Process terminated:
RuleName: -
UtcTime: 2026-04-21 01:19:05.754
ProcessGuid: {a65b9ff6-d089-69e6-840a-000000001b00}
ProcessId: 19788
Image: D:\Log-Anamoly-Detection\.venv\Scripts\python.exe
User: LAPTOP-I8K1DAMV\rohin"
"2026-04-21T06:49:05.7512884+05:30","5","Process terminated:
RuleName: -
UtcTime: 2026-04-21 01:19:05.750
ProcessGuid: {a65b9ff6-d089-69e6-850a-000000001b00}
ProcessId: 27420
Image: C:\Users\rohin\AppData\Local\Programs\Python\Python310\python.exe
User: LAPTOP-I8K1DAMV\rohin"
"2026-04-21T06:48:30.6718310+05:30","5","Process terminated:
RuleName: -
UtcTime: 2026-04-21 01:18:30.671
ProcessGuid: {a65b9ff6-d066-69e6-830a-000000001b00}
ProcessId: 27596
Image: C:\Windows\System32\chcp.com
User: LAPTOP-I8K1DAMV\rohin"
"2026-04-21T06:48:30.6441585+05:30","5","Process terminated:
RuleName: -
UtcTime: 2026-04-21 01:18:30.643
ProcessGuid: {a65b9ff6-d066-69e6-820a-000000001b00}
ProcessId: 20832
Image: C:\Windows\System32\chcp.com
User: LAPTOP-I8K1DAMV\rohin"
"2026-04-21T06:48:30.6220851+05:30","5","Process terminated:
RuleName: -
UtcTime: 2026-04-21 01:18:30.620
ProcessGuid: {a65b9ff6-d066-69e6-800a-000000001b00}
ProcessId: 10992
Image: C:\Windows\System32\cmd.exe
User: LAPTOP-I8K1DAMV\rohin"
"2026-04-21T06:48:30.6185546+05:30","5","Process terminated:
RuleName: -
UtcTime: 2026-04-21 01:18:30.609
ProcessGuid: {a65b9ff6-d066-69e6-810a-000000001b00}
ProcessId: 21812
Image: C:\Windows\System32\chcp.com
User: LAPTOP-I8K1DAMV\rohin"
"2026-04-21T06:48:30.4235635+05:30","5","Process terminated:
RuleName: -
UtcTime: 2026-04-21 01:18:30.415
ProcessGuid: {a65b9ff6-d066-69e6-7c0a-000000001b00}
ProcessId: 16096
Image: C:\Windows\System32\conhost.exe
User: LAPTOP-I8K1DAMV\rohin"
"2026-04-21T06:48:30.4199581+05:30","5","Process terminated:
RuleName: -
UtcTime: 2026-04-21 01:18:30.415
ProcessGuid: {a65b9ff6-d066-69e6-7b0a-000000001b00}
ProcessId: 25844
Image: C:\Windows\System32\cmd.exe
User: LAPTOP-I8K1DAMV\rohin"
"2026-04-21T06:48:30.4144087+05:30","5","Process terminated:
RuleName: -
UtcTime: 2026-04-21 01:18:30.411
ProcessGuid: {a65b9ff6-d066-69e6-7d0a-000000001b00}
ProcessId: 24680
Image: C:\Windows\System32\wsl.exe
User: LAPTOP-I8K1DAMV\rohin"
"2026-04-21T06:48:30.4085262+05:30","5","Process terminated:
RuleName: -
UtcTime: 2026-04-21 01:18:30.408
ProcessGuid: {a65b9ff6-d066-69e6-7e0a-000000001b00}
ProcessId: 25776
Image: C:\Program Files\WSL\wsl.exe
User: LAPTOP-I8K1DAMV\rohin"
"2026-04-21T06:48:27.4187859+05:30","5","Process terminated:
RuleName: -
UtcTime: 2026-04-21 01:18:27.418
ProcessGuid: {a65b9ff6-d063-69e6-760a-000000001b00}
ProcessId: 2836
Image: C:\Windows\System32\conhost.exe
User: LAPTOP-I8K1DAMV\rohin"
"2026-04-21T06:48:27.4155864+05:30","5","Process terminated:
RuleName: -
UtcTime: 2026-04-21 01:18:27.415
ProcessGuid: {a65b9ff6-d063-69e6-750a-000000001b00}
ProcessId: 1648
Image: C:\Windows\System32\cmd.exe
User: LAPTOP-I8K1DAMV\rohin"
"2026-04-21T06:48:27.4106149+05:30","5","Process terminated:
RuleName: -
UtcTime: 2026-04-21 01:18:27.410
ProcessGuid: {a65b9ff6-d063-69e6-770a-000000001b00}
ProcessId: 27620
Image: C:\Windows\System32\wsl.exe
User: LAPTOP-I8K1DAMV\rohin"
"2026-04-21T06:48:27.4056822+05:30","5","Process terminated:
RuleName: -
UtcTime: 2026-04-21 01:18:27.405
ProcessGuid: {a65b9ff6-d063-69e6-780a-000000001b00}
ProcessId: 1804
Image: C:\Program Files\WSL\wsl.exe
User: LAPTOP-I8K1DAMV\rohin"
"2026-04-21T06:48:24.3563274+05:30","5","Process terminated:
RuleName: -
UtcTime: 2026-04-21 01:18:24.353
ProcessGuid: {a65b9ff6-d060-69e6-730a-000000001b00}
ProcessId: 11364
Image: C:\Users\rohin\AppData\Local\Programs\Microsoft VS Code\Code.exe
User: LAPTOP-I8K1DAMV\rohin"
"2026-04-21T06:48:24.2864188+05:30","5","Process terminated:
RuleName: -
UtcTime: 2026-04-21 01:18:24.283
ProcessGuid: {a65b9ff6-cb9e-69e6-ef08-000000001b00}
ProcessId: 3188
Image: C:\Windows\System32\conhost.exe
User: LAPTOP-I8K1DAMV\rohin"
"2026-04-21T06:48:24.2754403+05:30","5","Process terminated:
RuleName: -
UtcTime: 2026-04-21 01:18:24.273
ProcessGuid: {a65b9ff6-cb9f-69e6-f308-000000001b00}
ProcessId: 17696
Image: C:\Windows\System32\WindowsPowerShell\v1.0\powershell.exe
User: LAPTOP-I8K1DAMV\rohin"
"2026-04-21T06:48:24.1746328+05:30","5","Process terminated:
RuleName: -
UtcTime: 2026-04-21 01:18:24.173
ProcessGuid: {a65b9ff6-d060-69e6-710a-000000001b00}
ProcessId: 24936
Image: C:\Windows\System32\conhost.exe
User: LAPTOP-I8K1DAMV\rohin"
"2026-04-21T06:48:24.1725181+05:30","5","Process terminated:
RuleName: -
UtcTime: 2026-04-21 01:18:24.168
ProcessGuid: {a65b9ff6-d060-69e6-700a-000000001b00}
ProcessId: 15488
Image: C:\Program Files\Git\cmd\git.exe
User: LAPTOP-I8K1DAMV\rohin"
"2026-04-21T06:48:24.1691226+05:30","5","Process terminated:
RuleName: -
UtcTime: 2026-04-21 01:18:24.168
ProcessGuid: {a65b9ff6-d060-69e6-720a-000000001b00}
ProcessId: 18372
Image: C:\Program Files\Git\mingw64\bin\git.exe
User: LAPTOP-I8K1DAMV\rohin"
"2026-04-21T06:48:24.0798649+05:30","5","Process terminated:
RuleName: -
UtcTime: 2026-04-21 01:18:24.079
ProcessGuid: {a65b9ff6-d05f-69e6-6e0a-000000001b00}
ProcessId: 6984
Image: C:\Windows\System32\conhost.exe
User: LAPTOP-I8K1DAMV\rohin"
"2026-04-21T06:48:24.0770479+05:30","5","Process terminated:
RuleName: -
UtcTime: 2026-04-21 01:18:24.076
ProcessGuid: {a65b9ff6-d05f-69e6-6d0a-000000001b00}
ProcessId: 24220
Image: C:\Program Files\Git\cmd\git.exe
User: LAPTOP-I8K1DAMV\rohin"
"2026-04-21T06:48:24.0731887+05:30","5","Process terminated:
RuleName: -
UtcTime: 2026-04-21 01:18:24.072
ProcessGuid: {a65b9ff6-d060-69e6-6f0a-000000001b00}
ProcessId: 17620
Image: C:\Program Files\Git\mingw64\bin\git.exe
User: LAPTOP-I8K1DAMV\rohin"
"2026-04-21T06:48:23.9740505+05:30","5","Process terminated:
RuleName: -
UtcTime: 2026-04-21 01:18:23.973
ProcessGuid: {a65b9ff6-d05f-69e6-6b0a-000000001b00}
ProcessId: 17156
Image: C:\Windows\System32\conhost.exe
User: LAPTOP-I8K1DAMV\rohin"
"2026-04-21T06:48:23.9710537+05:30","5","Process terminated:
RuleName: -
UtcTime: 2026-04-21 01:18:23.970
ProcessGuid: {a65b9ff6-d05f-69e6-6a0a-000000001b00}
ProcessId: 25588
Image: C:\Program Files\Git\cmd\git.exe
User: LAPTOP-I8K1DAMV\rohin"
"2026-04-21T06:48:23.9663269+05:30","5","Process terminated:
RuleName: -
UtcTime: 2026-04-21 01:18:23.965
ProcessGuid: {a65b9ff6-d05f-69e6-6c0a-000000001b00}
ProcessId: 25204
Image: C:\Program Files\Git\mingw64\bin\git.exe
User: LAPTOP-I8K1DAMV\rohin"
"2026-04-21T06:48:23.3816499+05:30","5","Process terminated:
RuleName: -
UtcTime: 2026-04-21 01:18:23.381
ProcessGuid: {a65b9ff6-d05f-69e6-690a-000000001b00}
ProcessId: 18028
Image: C:\Users\rohin\AppData\Local\Programs\Microsoft VS Code\Code.exe
User: LAPTOP-I8K1DAMV\rohin"
"2026-04-21T06:48:23.2629458+05:30","5","Process terminated:
RuleName: -
UtcTime: 2026-04-21 01:18:23.262
ProcessGuid: {a65b9ff6-cba4-69e6-f408-000000001b00}
ProcessId: 5012
Image: C:\Windows\System32\conhost.exe
User: LAPTOP-I8K1DAMV\rohin"
"2026-04-21T06:48:23.2520187+05:30","5","Process terminated:
RuleName: -
UtcTime: 2026-04-21 01:18:23.251
ProcessGuid: {a65b9ff6-cba4-69e6-f908-000000001b00}
ProcessId: 2276
Image: C:\Windows\System32\cmd.exe
User: LAPTOP-I8K1DAMV\rohin"
"2026-04-21T06:48:23.2152690+05:30","5","Process terminated:
RuleName: -
UtcTime: 2026-04-21 01:18:23.214
ProcessGuid: {a65b9ff6-d05f-69e6-670a-000000001b00}
ProcessId: 12536
Image: C:\Windows\System32\conhost.exe
User: LAPTOP-I8K1DAMV\rohin"
"2026-04-21T06:48:23.2127432+05:30","5","Process terminated:
RuleName: -
UtcTime: 2026-04-21 01:18:23.212
ProcessGuid: {a65b9ff6-d05f-69e6-660a-000000001b00}
ProcessId: 14876
Image: C:\Program Files\Git\cmd\git.exe
User: LAPTOP-I8K1DAMV\rohin"
"2026-04-21T06:48:23.2087810+05:30","5","Process terminated:
RuleName: -
UtcTime: 2026-04-21 01:18:23.208
ProcessGuid: {a65b9ff6-d05f-69e6-680a-000000001b00}
ProcessId: 24444
Image: C:\Program Files\Git\mingw64\bin\git.exe
User: LAPTOP-I8K1DAMV\rohin"
"2026-04-21T06:48:23.1248457+05:30","5","Process terminated:
RuleName: -
UtcTime: 2026-04-21 01:18:23.124
ProcessGuid: {a65b9ff6-d05f-69e6-640a-000000001b00}
ProcessId: 4520
Image: C:\Windows\System32\conhost.exe
User: LAPTOP-I8K1DAMV\rohin"
"2026-04-21T06:48:23.1228475+05:30","5","Process terminated:
RuleName: -
UtcTime: 2026-04-21 01:18:23.121
ProcessGuid: {a65b9ff6-d05f-69e6-630a-000000001b00}
ProcessId: 8312
Image: C:\Program Files\Git\cmd\git.exe
User: LAPTOP-I8K1DAMV\rohin"
"2026-04-21T06:48:23.1194089+05:30","5","Process terminated:
RuleName: -
UtcTime: 2026-04-21 01:18:23.118
ProcessGuid: {a65b9ff6-d05f-69e6-650a-000000001b00}
ProcessId: 11804
Image: C:\Program Files\Git\mingw64\bin\git.exe
User: LAPTOP-I8K1DAMV\rohin"
"2026-04-21T06:48:23.0313241+05:30","5","Process terminated:
RuleName: -
UtcTime: 2026-04-21 01:18:23.030
ProcessGuid: {a65b9ff6-d05e-69e6-610a-000000001b00}
ProcessId: 17208
Image: C:\Windows\System32\conhost.exe
User: LAPTOP-I8K1DAMV\rohin"
"2026-04-21T06:48:23.0283664+05:30","5","Process terminated:
RuleName: -
UtcTime: 2026-04-21 01:18:23.027
ProcessGuid: {a65b9ff6-d05e-69e6-600a-000000001b00}
ProcessId: 6876
Image: C:\Program Files\Git\cmd\git.exe
User: LAPTOP-I8K1DAMV\rohin"
"2026-04-21T06:48:23.0231671+05:30","5","Process terminated:
RuleName: -
UtcTime: 2026-04-21 01:18:23.022
ProcessGuid: {a65b9ff6-d05e-69e6-620a-000000001b00}
ProcessId: 23428
Image: C:\Program Files\Git\mingw64\bin\git.exe
User: LAPTOP-I8K1DAMV\rohin"
"2026-04-21T06:48:22.8168377+05:30","5","Process terminated:
RuleName: -
UtcTime: 2026-04-21 01:18:22.815
ProcessGuid: {a65b9ff6-d05e-69e6-5f0a-000000001b00}
ProcessId: 7188
Image: C:\Users\rohin\AppData\Local\Programs\Microsoft VS Code\Code.exe
User: LAPTOP-I8K1DAMV\rohin"
"2026-04-21T06:48:22.7025335+05:30","5","Process terminated:
RuleName: -
UtcTime: 2026-04-21 01:18:22.701
ProcessGuid: {a65b9ff6-cc53-69e6-3a09-000000001b00}
ProcessId: 18376
Image: C:\Windows\System32\conhost.exe
User: LAPTOP-I8K1DAMV\rohin"
"2026-04-21T06:48:22.6970397+05:30","5","Process terminated:
RuleName: -
UtcTime: 2026-04-21 01:18:22.696
ProcessGuid: {a65b9ff6-cc53-69e6-3f09-000000001b00}
ProcessId: 25212
Image: C:\Windows\System32\cmd.exe
User: LAPTOP-I8K1DAMV\rohin"
"2026-04-21T06:48:22.3277218+05:30","5","Process terminated:
RuleName: -
UtcTime: 2026-04-21 01:18:22.326
ProcessGuid: {a65b9ff6-d05e-69e6-5e0a-000000001b00}
ProcessId: 27368
Image: C:\Users\rohin\AppData\Local\Programs\Microsoft VS Code\Code.exe
User: LAPTOP-I8K1DAMV\rohin"
"2026-04-21T06:48:22.2508132+05:30","5","Process terminated:
RuleName: -
UtcTime: 2026-04-21 01:18:22.250
ProcessGuid: {a65b9ff6-cc84-69e6-5709-000000001b00}
ProcessId: 26116
Image: C:\Windows\System32\conhost.exe
User: LAPTOP-I8K1DAMV\rohin"
"2026-04-21T06:48:22.2427549+05:30","5","Process terminated:
RuleName: -
UtcTime: 2026-04-21 01:18:22.241
ProcessGuid: {a65b9ff6-cc84-69e6-5c09-000000001b00}
ProcessId: 27468
Image: C:\Windows\System32\cmd.exe
User: LAPTOP-I8K1DAMV\rohin"
"2026-04-21T06:48:22.2361202+05:30","5","Process terminated:
RuleName: -
UtcTime: 2026-04-21 01:18:22.235
ProcessGuid: {a65b9ff6-ccbf-69e6-7009-000000001b00}
ProcessId: 25092
Image: D:\Log-Anamoly-Detection\.venv\Scripts\uvicorn.exe
User: LAPTOP-I8K1DAMV\rohin"
"2026-04-21T06:48:22.2282046+05:30","5","Process terminated:
RuleName: -
UtcTime: 2026-04-21 01:18:22.227
ProcessGuid: {a65b9ff6-ccbf-69e6-7109-000000001b00}
ProcessId: 3004
Image: D:\Log-Anamoly-Detection\.venv\Scripts\python.exe
User: LAPTOP-I8K1DAMV\rohin"
"2026-04-21T06:48:22.2228249+05:30","5","Process terminated:
RuleName: -
UtcTime: 2026-04-21 01:18:22.222
ProcessGuid: {a65b9ff6-ccbf-69e6-7209-000000001b00}
ProcessId: 21340
Image: C:\Users\rohin\AppData\Local\Programs\Python\Python310\python.exe
User: LAPTOP-I8K1DAMV\rohin"
"2026-04-21T06:48:22.2006950+05:30","5","Process terminated:
RuleName: -
UtcTime: 2026-04-21 01:18:22.199
ProcessGuid: {a65b9ff6-ccbf-69e6-7309-000000001b00}
ProcessId: 17744
Image: C:\Users\rohin\AppData\Local\Programs\Python\Python310\python.exe
User: LAPTOP-I8K1DAMV\rohin"
"2026-04-21T06:48:21.4453938+05:30","5","Process terminated:
RuleName: -
UtcTime: 2026-04-21 01:18:21.444
ProcessGuid: {a65b9ff6-d05d-69e6-5d0a-000000001b00}
ProcessId: 25592
Image: C:\Users\rohin\AppData\Local\Programs\Microsoft VS Code\Code.exe
User: LAPTOP-I8K1DAMV\rohin"
"2026-04-21T06:48:21.2793447+05:30","5","Process terminated:
RuleName: -
UtcTime: 2026-04-21 01:18:21.278
ProcessGuid: {a65b9ff6-d057-69e6-590a-000000001b00}
ProcessId: 25312
Image: C:\Windows\System32\conhost.exe
User: LAPTOP-I8K1DAMV\rohin"
"2026-04-21T06:48:21.2726191+05:30","5","Process terminated:
RuleName: -
UtcTime: 2026-04-21 01:18:21.271
ProcessGuid: {a65b9ff6-d057-69e6-5c0a-000000001b00}
ProcessId: 17808
Image: C:\Windows\System32\WindowsPowerShell\v1.0\powershell.exe
User: LAPTOP-I8K1DAMV\rohin"
"2026-04-21T06:48:15.5278239+05:30","5","Process terminated:
RuleName: -
UtcTime: 2026-04-21 01:18:15.527
ProcessGuid: {a65b9ff6-d057-69e6-580a-000000001b00}
ProcessId: 7728
Image: C:\Windows\System32\conhost.exe
User: LAPTOP-I8K1DAMV\rohin"
"2026-04-21T06:48:15.5246370+05:30","5","Process terminated:
RuleName: -
UtcTime: 2026-04-21 01:18:15.520
ProcessGuid: {a65b9ff6-d057-69e6-570a-000000001b00}
ProcessId: 24920
Image: C:\Windows\System32\cmd.exe
User: LAPTOP-I8K1DAMV\rohin"
"2026-04-21T06:48:15.5201742+05:30","5","Process terminated:
RuleName: -
UtcTime: 2026-04-21 01:18:15.517
ProcessGuid: {a65b9ff6-d057-69e6-5a0a-000000001b00}
ProcessId: 5504
Image: C:\Windows\System32\wsl.exe
User: LAPTOP-I8K1DAMV\rohin"
"2026-04-21T06:48:15.5158648+05:30","5","Process terminated:
RuleName: -
UtcTime: 2026-04-21 01:18:15.515
ProcessGuid: {a65b9ff6-d057-69e6-5b0a-000000001b00}
ProcessId: 25756
Image: C:\Program Files\WSL\wsl.exe
User: LAPTOP-I8K1DAMV\rohin"
"2026-04-21T06:48:11.7524721+05:30","5","Process terminated:
RuleName: -
UtcTime: 2026-04-21 01:18:11.752
ProcessGuid: {a65b9ff6-cfd5-69e6-2c0a-000000001b00}
ProcessId: 19164
Image: C:\Windows\System32\wbem\WmiPrvSE.exe
User: NT AUTHORITY\LOCAL SERVICE"
"2026-04-21T06:47:53.1763934+05:30","5","Process terminated:
RuleName: -
UtcTime: 2026-04-21 01:17:53.176
ProcessGuid: {a65b9ff6-d041-69e6-550a-000000001b00}
ProcessId: 24924
Image: C:\Windows\System32\conhost.exe
User: LAPTOP-I8K1DAMV\rohin"
"2026-04-21T06:47:53.1743012+05:30","5","Process terminated:
RuleName: -
UtcTime: 2026-04-21 01:17:53.174
ProcessGuid: {a65b9ff6-d041-69e6-540a-000000001b00}
ProcessId: 25780
Image: C:\Program Files\Git\cmd\git.exe
User: LAPTOP-I8K1DAMV\rohin"
"2026-04-21T06:47:53.1709435+05:30","5","Process terminated:
RuleName: -
UtcTime: 2026-04-21 01:17:53.170
ProcessGuid: {a65b9ff6-d041-69e6-560a-000000001b00}
ProcessId: 1568
Image: C:\Program Files\Git\mingw64\bin\git.exe
User: LAPTOP-I8K1DAMV\rohin"
"2026-04-21T06:47:46.9295490+05:30","5","Process terminated:
RuleName: -
UtcTime: 2026-04-21 01:17:46.928
ProcessGuid: {a65b9ff6-cda6-69e6-aa09-000000001b00}
ProcessId: 5736
Image: C:\Windows\System32\svchost.exe
User: NT AUTHORITY\SYSTEM"
"2026-04-21T06:47:38.4959405+05:30","5","Process terminated:
RuleName: -
UtcTime: 2026-04-21 01:17:38.495
ProcessGuid: {a65b9ff6-cfd5-69e6-2d0a-000000001b00}
ProcessId: 3512
Image: C:\Windows\System32\svchost.exe
User: NT AUTHORITY\SYSTEM"
"2026-04-21T06:47:32.3332339+05:30","5","Process terminated:
RuleName: -
UtcTime: 2026-04-21 01:17:32.328
ProcessGuid: {a65b9ff6-d023-69e6-4e0a-000000001b00}
ProcessId: 10772
Image: D:\Log-Anamoly-Detection\.venv\Scripts\python.exe
User: LAPTOP-I8K1DAMV\rohin"
"2026-04-21T06:47:32.3273061+05:30","5","Process terminated:
RuleName: -
UtcTime: 2026-04-21 01:17:32.317
ProcessGuid: {a65b9ff6-d023-69e6-4f0a-000000001b00}
ProcessId: 15288
Image: C:\Users\rohin\AppData\Local\Programs\Python\Python310\python.exe
User: LAPTOP-I8K1DAMV\rohin"
"2026-04-21T06:47:23.9250702+05:30","5","Process terminated:
RuleName: -
UtcTime: 2026-04-21 01:17:23.924
ProcessGuid: {a65b9ff6-d023-69e6-530a-000000001b00}
ProcessId: 15388
Image: C:\Users\rohin\AppData\Local\Programs\Python\Python310\python.exe
User: LAPTOP-I8K1DAMV\rohin"
"2026-04-21T06:47:23.3540901+05:30","5","Process terminated:
RuleName: -
UtcTime: 2026-04-21 01:17:23.353
ProcessGuid: {a65b9ff6-d023-69e6-510a-000000001b00}
ProcessId: 14592
Image: C:\Windows\System32\conhost.exe
User: LAPTOP-I8K1DAMV\rohin"
"2026-04-21T06:47:23.3495362+05:30","5","Process terminated:
RuleName: -
UtcTime: 2026-04-21 01:17:23.349
ProcessGuid: {a65b9ff6-d023-69e6-500a-000000001b00}
ProcessId: 12948
Image: C:\Program Files\Git\cmd\git.exe
User: LAPTOP-I8K1DAMV\rohin"
"2026-04-21T06:47:23.3429414+05:30","5","Process terminated:
RuleName: -
UtcTime: 2026-04-21 01:17:23.342
ProcessGuid: {a65b9ff6-d023-69e6-520a-000000001b00}
ProcessId: 24252
Image: C:\Program Files\Git\mingw64\bin\git.exe
User: LAPTOP-I8K1DAMV\rohin"
"2026-04-21T06:47:15.7697780+05:30","5","Process terminated:
RuleName: -
UtcTime: 2026-04-21 01:17:15.769
ProcessGuid: {a65b9ff6-d01b-69e6-4c0a-000000001b00}
ProcessId: 25580
Image: D:\Log-Anamoly-Detection\.venv\Scripts\python.exe
User: LAPTOP-I8K1DAMV\rohin"
"2026-04-21T06:47:15.7664028+05:30","5","Process terminated:
RuleName: -
UtcTime: 2026-04-21 01:17:15.765
ProcessGuid: {a65b9ff6-d01b-69e6-4d0a-000000001b00}
ProcessId: 25204
Image: C:\Users\rohin\AppData\Local\Programs\Python\Python310\python.exe
User: LAPTOP-I8K1DAMV\rohin"
"2026-04-21T06:47:15.7010262+05:30","5","Process terminated:
RuleName: -
UtcTime: 2026-04-21 01:17:15.700
ProcessGuid: {a65b9ff6-d01b-69e6-4a0a-000000001b00}
ProcessId: 1940
Image: D:\Log-Anamoly-Detection\.venv\Scripts\python.exe
User: LAPTOP-I8K1DAMV\rohin"
"2026-04-21T06:47:15.6977816+05:30","5","Process terminated:
RuleName: -
UtcTime: 2026-04-21 01:17:15.697
ProcessGuid: {a65b9ff6-d01b-69e6-4b0a-000000001b00}
ProcessId: 21216
Image: C:\Users\rohin\AppData\Local\Programs\Python\Python310\python.exe
User: LAPTOP-I8K1DAMV\rohin"
"2026-04-21T06:47:15.6254836+05:30","5","Process terminated:
RuleName: -
UtcTime: 2026-04-21 01:17:15.624
ProcessGuid: {a65b9ff6-d01b-69e6-480a-000000001b00}
ProcessId: 26944
Image: D:\Log-Anamoly-Detection\.venv\Scripts\python.exe
User: LAPTOP-I8K1DAMV\rohin"
"2026-04-21T06:47:15.6216982+05:30","5","Process terminated:
RuleName: -
UtcTime: 2026-04-21 01:17:15.620
ProcessGuid: {a65b9ff6-d01b-69e6-490a-000000001b00}
ProcessId: 19444
Image: C:\Users\rohin\AppData\Local\Programs\Python\Python310\python.exe
User: LAPTOP-I8K1DAMV\rohin"
"2026-04-21T06:47:15.5564716+05:30","5","Process terminated:
RuleName: -
UtcTime: 2026-04-21 01:17:15.556
ProcessGuid: {a65b9ff6-d01b-69e6-460a-000000001b00}
ProcessId: 11340
Image: D:\Log-Anamoly-Detection\.venv\Scripts\python.exe
User: LAPTOP-I8K1DAMV\rohin"
"2026-04-21T06:47:15.5528914+05:30","5","Process terminated:
RuleName: -
UtcTime: 2026-04-21 01:17:15.552
ProcessGuid: {a65b9ff6-d01b-69e6-470a-000000001b00}
ProcessId: 9916
Image: C:\Users\rohin\AppData\Local\Programs\Python\Python310\python.exe
User: LAPTOP-I8K1DAMV\rohin"
"2026-04-21T06:47:13.6168718+05:30","5","Process terminated:
RuleName: -
UtcTime: 2026-04-21 01:17:13.616
ProcessGuid: {a65b9ff6-d019-69e6-440a-000000001b00}
ProcessId: 22448
Image: C:\Windows\System32\conhost.exe
User: LAPTOP-I8K1DAMV\rohin"
"2026-04-21T06:47:13.6150827+05:30","5","Process terminated:
RuleName: -
UtcTime: 2026-04-21 01:17:13.614
ProcessGuid: {a65b9ff6-d019-69e6-430a-000000001b00}
ProcessId: 14876
Image: C:\Program Files\Git\cmd\git.exe
User: LAPTOP-I8K1DAMV\rohin"
"2026-04-21T06:47:13.6121643+05:30","5","Process terminated:
RuleName: -
UtcTime: 2026-04-21 01:17:13.611
ProcessGuid: {a65b9ff6-d019-69e6-450a-000000001b00}
ProcessId: 23900
Image: C:\Program Files\Git\mingw64\bin\git.exe
User: LAPTOP-I8K1DAMV\rohin"
"2026-04-21T06:47:07.5107702+05:30","5","Process terminated:
RuleName: -
UtcTime: 2026-04-21 01:17:07.510
ProcessGuid: {a65b9ff6-cfd6-69e6-2e0a-000000001b00}
ProcessId: 3276
Image: C:\Windows\System32\svchost.exe
User: NT AUTHORITY\SYSTEM"
"2026-04-21T06:47:00.4425664+05:30","5","Process terminated:
RuleName: -
UtcTime: 2026-04-21 01:17:00.442
ProcessGuid: {a65b9ff6-cff8-69e6-370a-000000001b00}
ProcessId: 4464
Image: C:\Windows\System32\svchost.exe
User: NT AUTHORITY\LOCAL SERVICE"
"2026-04-21T06:46:59.5130626+05:30","5","Process terminated:
RuleName: -
UtcTime: 2026-04-21 01:16:59.512
ProcessGuid: {a65b9ff6-d00b-69e6-410a-000000001b00}
ProcessId: 19504
Image: D:\Log-Anamoly-Detection\.venv\Scripts\python.exe
User: LAPTOP-I8K1DAMV\rohin"
"2026-04-21T06:46:59.5098989+05:30","5","Process terminated:
RuleName: -
UtcTime: 2026-04-21 01:16:59.509
ProcessGuid: {a65b9ff6-d00b-69e6-420a-000000001b00}
ProcessId: 15484
Image: C:\Users\rohin\AppData\Local\Programs\Python\Python310\python.exe
User: LAPTOP-I8K1DAMV\rohin"
"2026-04-21T06:46:59.4419489+05:30","5","Process terminated:
RuleName: -
UtcTime: 2026-04-21 01:16:59.441
ProcessGuid: {a65b9ff6-d00b-69e6-3f0a-000000001b00}
ProcessId: 21200
Image: D:\Log-Anamoly-Detection\.venv\Scripts\python.exe
User: LAPTOP-I8K1DAMV\rohin"
"2026-04-21T06:46:59.4382723+05:30","5","Process terminated:
RuleName: -
UtcTime: 2026-04-21 01:16:59.437
ProcessGuid: {a65b9ff6-d00b-69e6-400a-000000001b00}
ProcessId: 3456
Image: C:\Users\rohin\AppData\Local\Programs\Python\Python310\python.exe
User: LAPTOP-I8K1DAMV\rohin"
"2026-04-21T06:46:59.3719508+05:30","5","Process terminated:
RuleName: -
UtcTime: 2026-04-21 01:16:59.371
ProcessGuid: {a65b9ff6-d00b-69e6-3d0a-000000001b00}
ProcessId: 22336
Image: D:\Log-Anamoly-Detection\.venv\Scripts\python.exe
User: LAPTOP-I8K1DAMV\rohin"
"2026-04-21T06:46:59.3689930+05:30","5","Process terminated:
RuleName: -
UtcTime: 2026-04-21 01:16:59.368
ProcessGuid: {a65b9ff6-d00b-69e6-3e0a-000000001b00}
ProcessId: 10992
Image: C:\Users\rohin\AppData\Local\Programs\Python\Python310\python.exe
User: LAPTOP-I8K1DAMV\rohin"
"2026-04-21T06:46:59.3027625+05:30","5","Process terminated:
RuleName: -
UtcTime: 2026-04-21 01:16:59.301
ProcessGuid: {a65b9ff6-d00b-69e6-3b0a-000000001b00}
ProcessId: 17780
Image: D:\Log-Anamoly-Detection\.venv\Scripts\python.exe
User: LAPTOP-I8K1DAMV\rohin"
"2026-04-21T06:46:59.2991392+05:30","5","Process terminated:
RuleName: -
UtcTime: 2026-04-21 01:16:59.298
ProcessGuid: {a65b9ff6-d00b-69e6-3c0a-000000001b00}
ProcessId: 21272
Image: C:\Users\rohin\AppData\Local\Programs\Python\Python310\python.exe
User: LAPTOP-I8K1DAMV\rohin"
"2026-04-21T06:46:59.2318943+05:30","5","Process terminated:
RuleName: -
UtcTime: 2026-04-21 01:16:59.231
ProcessGuid: {a65b9ff6-d00b-69e6-390a-000000001b00}
ProcessId: 25844
Image: D:\Log-Anamoly-Detection\.venv\Scripts\python.exe
User: LAPTOP-I8K1DAMV\rohin"
"2026-04-21T06:46:59.2284028+05:30","5","Process terminated:
RuleName: -
UtcTime: 2026-04-21 01:16:59.228
ProcessGuid: {a65b9ff6-d00b-69e6-3a0a-000000001b00}
ProcessId: 21812
Image: C:\Users\rohin\AppData\Local\Programs\Python\Python310\python.exe
User: LAPTOP-I8K1DAMV\rohin"
"2026-04-21T06:46:47.2160752+05:30","5","Process terminated:
RuleName: -
UtcTime: 2026-04-21 01:16:47.215
ProcessGuid: {a65b9ff6-cfd6-69e6-300a-000000001b00}
ProcessId: 10768
Image: C:\Windows\System32\RuntimeBroker.exe
User: LAPTOP-I8K1DAMV\rohin"
"2026-04-21T06:46:39.8093256+05:30","5","Process terminated:
RuleName: -
UtcTime: 2026-04-21 01:16:39.808
ProcessGuid: {a65b9ff6-cfd9-69e6-330a-000000001b00}
ProcessId: 5860
Image: C:\Windows\System32\sppsvc.exe
User: NT AUTHORITY\NETWORK SERVICE"
"2026-04-21T06:46:25.7768101+05:30","5","Process terminated:
RuleName: -
UtcTime: 2026-04-21 01:16:25.776
ProcessGuid: {a65b9ff6-cfe9-69e6-350a-000000001b00}
ProcessId: 11612
Image: C:\Windows\System32\conhost.exe
User: LAPTOP-I8K1DAMV\rohin"
"2026-04-21T06:46:25.7750032+05:30","5","Process terminated:
RuleName: -
UtcTime: 2026-04-21 01:16:25.774
ProcessGuid: {a65b9ff6-cfe9-69e6-340a-000000001b00}
ProcessId: 2984
Image: C:\Program Files\Git\cmd\git.exe
User: LAPTOP-I8K1DAMV\rohin"
"2026-04-21T06:46:25.7719143+05:30","5","Process terminated:
RuleName: -
UtcTime: 2026-04-21 01:16:25.770
ProcessGuid: {a65b9ff6-cfe9-69e6-360a-000000001b00}
ProcessId: 23348
Image: C:\Program Files\Git\mingw64\bin\git.exe
User: LAPTOP-I8K1DAMV\rohin"
"2026-04-21T06:46:10.4204031+05:30","5","Process terminated:
RuleName: -
UtcTime: 2026-04-21 01:16:10.419
ProcessGuid: {a65b9ff6-cfd7-69e6-310a-000000001b00}
ProcessId: 13460
Image: C:\Windows\System32\taskhostw.exe
User: NT AUTHORITY\SYSTEM"
"2026-04-21T06:46:07.1883868+05:30","5","Process terminated:
RuleName: -
UtcTime: 2026-04-21 01:16:07.187
ProcessGuid: {a65b9ff6-cfd6-69e6-2f0a-000000001b00}
ProcessId: 25544
Image: C:\Windows\System32\backgroundTaskHost.exe
User: LAPTOP-I8K1DAMV\rohin"
"2026-04-21T06:44:35.3216029+05:30","5","Process terminated:
RuleName: -
UtcTime: 2026-04-21 01:14:35.319
ProcessGuid: {a65b9ff6-cee5-69e6-290a-000000001b00}
ProcessId: 14768
Image: C:\Windows\System32\wbem\WmiPrvSE.exe
User: NT AUTHORITY\LOCAL SERVICE"
"2026-04-21T06:44:35.3202121+05:30","5","Process terminated:
RuleName: -
UtcTime: 2026-04-21 01:14:35.319
ProcessGuid: {a65b9ff6-cf2b-69e6-2b0a-000000001b00}
ProcessId: 24936
Image: C:\Windows\System32\wbem\WmiPrvSE.exe
User: NT AUTHORITY\NETWORK SERVICE"
"2026-04-21T06:43:49.7229039+05:30","5","Process terminated:
RuleName: -
UtcTime: 2026-04-21 01:13:49.718
ProcessGuid: {a65b9ff6-cecc-69e6-280a-000000001b00}
ProcessId: 14980
Image: C:\Windows\System32\SearchProtocolHost.exe
User: NT AUTHORITY\SYSTEM"
"2026-04-21T06:43:38.3371214+05:30","5","Process terminated:
RuleName: -
UtcTime: 2026-04-21 01:13:38.331
ProcessGuid: {a65b9ff6-cee5-69e6-2a0a-000000001b00}
ProcessId: 4800
Image: C:\Windows\System32\svchost.exe
User: NT AUTHORITY\SYSTEM"
"2026-04-21T06:43:05.2974781+05:30","5","Process terminated:
RuleName: -
UtcTime: 2026-04-21 01:13:05.296
ProcessGuid: {a65b9ff6-cd50-69e6-9c09-000000001b00}
ProcessId: 15928
Image: C:\Windows\System32\wbem\WmiPrvSE.exe
User: NT AUTHORITY\NETWORK SERVICE"
"2026-04-21T06:42:07.4798975+05:30","5","Process terminated:
RuleName: -
UtcTime: 2026-04-21 01:12:07.479
ProcessGuid: {a65b9ff6-ce8d-69e6-1f0a-000000001b00}
ProcessId: 19844
Image: C:\Windows\System32\RuntimeBroker.exe
User: LAPTOP-I8K1DAMV\rohin"
"2026-04-21T06:41:49.3915532+05:30","5","Process terminated:
RuleName: -
UtcTime: 2026-04-21 01:11:49.385
ProcessGuid: {a65b9ff6-cb50-69e6-e108-000000001b00}
ProcessId: 24232
Image: C:\Windows\System32\SearchProtocolHost.exe
User: NT AUTHORITY\SYSTEM"
"2026-04-21T06:41:40.3487456+05:30","5","Process terminated:
RuleName: -
UtcTime: 2026-04-21 01:11:40.344
ProcessGuid: {a65b9ff6-cd15-69e6-8e09-000000001b00}
ProcessId: 22084
Image: C:\Windows\System32\SearchFilterHost.exe
User: NT AUTHORITY\SYSTEM"
"2026-04-21T06:41:40.3196967+05:30","5","Process terminated:
RuleName: -
UtcTime: 2026-04-21 01:11:40.318
ProcessGuid: {a65b9ff6-cd08-69e6-8a09-000000001b00}
ProcessId: 25552
Image: C:\Windows\System32\SearchFilterHost.exe
User: NT AUTHORITY\SYSTEM"
"2026-04-21T06:41:40.2998325+05:30","5","Process terminated:
RuleName: -
UtcTime: 2026-04-21 01:11:40.296
ProcessGuid: {a65b9ff6-cd08-69e6-8b09-000000001b00}
ProcessId: 21556
Image: C:\Windows\System32\SearchFilterHost.exe
User: NT AUTHORITY\SYSTEM"
"2026-04-21T06:41:40.2620873+05:30","5","Process terminated:
RuleName: -
UtcTime: 2026-04-21 01:11:40.248
ProcessGuid: {a65b9ff6-ccfd-69e6-8509-000000001b00}
ProcessId: 12944
Image: C:\Windows\System32\SearchFilterHost.exe
User: NT AUTHORITY\SYSTEM"
"2026-04-21T06:41:40.2445664+05:30","5","Process terminated:
RuleName: -
UtcTime: 2026-04-21 01:11:40.240
ProcessGuid: {a65b9ff6-cd03-69e6-8609-000000001b00}
ProcessId: 17440
Image: C:\Windows\System32\SearchFilterHost.exe
User: NT AUTHORITY\SYSTEM"
"2026-04-21T06:41:40.2281596+05:30","5","Process terminated:
RuleName: -
UtcTime: 2026-04-21 01:11:40.215
ProcessGuid: {a65b9ff6-cd07-69e6-8909-000000001b00}
ProcessId: 19836
Image: C:\Windows\System32\SearchFilterHost.exe
User: NT AUTHORITY\SYSTEM"
"2026-04-21T06:41:37.4702278+05:30","5","Process terminated:
RuleName: -
UtcTime: 2026-04-21 01:11:37.463
ProcessGuid: {a65b9ff6-ce8c-69e6-1e0a-000000001b00}
ProcessId: 6640
Image: C:\Windows\System32\backgroundTaskHost.exe
User: LAPTOP-I8K1DAMV\rohin"
"2026-04-21T06:41:36.9203996+05:30","5","Process terminated:
RuleName: -
UtcTime: 2026-04-21 01:11:36.914
ProcessGuid: {a65b9ff6-ce7e-69e6-1d0a-000000001b00}
ProcessId: 26264
Image: C:\Windows\System32\wbem\WmiPrvSE.exe
User: NT AUTHORITY\NETWORK SERVICE"
"2026-04-21T06:41:29.7005298+05:30","5","Process terminated:
RuleName: -
UtcTime: 2026-04-21 01:11:29.699
ProcessGuid: {a65b9ff6-cebf-69e6-230a-000000001b00}
ProcessId: 18160
Image: C:\Program Files\McAfee\WebAdvisor\updater.exe
User: NT AUTHORITY\SYSTEM"
"2026-04-21T06:41:27.8960042+05:30","5","Process terminated:
RuleName: -
UtcTime: 2026-04-21 01:11:27.895
ProcessGuid: {a65b9ff6-cebf-69e6-270a-000000001b00}
ProcessId: 17204
Image: C:\Windows\System32\conhost.exe
User: NT AUTHORITY\SYSTEM"
"2026-04-21T06:41:27.8939337+05:30","5","Process terminated:
RuleName: -
UtcTime: 2026-04-21 01:11:27.884
ProcessGuid: {a65b9ff6-cebf-69e6-260a-000000001b00}
ProcessId: 7396
Image: C:\Windows\System32\cmd.exe
User: NT AUTHORITY\SYSTEM"
"2026-04-21T06:41:27.8422249+05:30","5","Process terminated:
RuleName: -
UtcTime: 2026-04-21 01:11:27.837
ProcessGuid: {a65b9ff6-cebf-69e6-250a-000000001b00}
ProcessId: 19444
Image: C:\Windows\System32\conhost.exe
User: NT AUTHORITY\SYSTEM"
"2026-04-21T06:41:27.8403397+05:30","5","Process terminated:
RuleName: -
UtcTime: 2026-04-21 01:11:27.837
ProcessGuid: {a65b9ff6-cebf-69e6-240a-000000001b00}
ProcessId: 21832
Image: C:\Windows\System32\cmd.exe
User: NT AUTHORITY\SYSTEM"
"2026-04-21T06:41:27.4681177+05:30","5","Process terminated:
RuleName: -
UtcTime: 2026-04-21 01:11:27.467
ProcessGuid: {a65b9ff6-cebd-69e6-220a-000000001b00}
ProcessId: 25216
Image: C:\Program Files\McAfee\WebAdvisor\updater.exe
User: NT AUTHORITY\SYSTEM"
"2026-04-21T06:40:48.1729513+05:30","5","Process terminated:
RuleName: -
UtcTime: 2026-04-21 01:10:48.169
ProcessGuid: {a65b9ff6-ce97-69e6-210a-000000001b00}
ProcessId: 17792
Image: C:\Windows\System32\conhost.exe
User: NT AUTHORITY\SYSTEM"
"2026-04-21T06:40:48.1684965+05:30","5","Process terminated:
RuleName: -
UtcTime: 2026-04-21 01:10:48.168
ProcessGuid: {a65b9ff6-ce97-69e6-200a-000000001b00}
ProcessId: 21776
Image: C:\Windows\System32\sdbinst.exe
User: NT AUTHORITY\SYSTEM"
"2026-04-21T06:40:35.1323267+05:30","5","Process terminated:
RuleName: -
UtcTime: 2026-04-21 01:10:35.130
ProcessGuid: {a65b9ff6-ce4d-69e6-150a-000000001b00}
ProcessId: 10976
Image: C:\Windows\System32\backgroundTaskHost.exe
User: LAPTOP-I8K1DAMV\rohin"
"2026-04-21T06:40:33.8595404+05:30","5","Process terminated:
RuleName: -
UtcTime: 2026-04-21 01:10:33.858
ProcessGuid: {a65b9ff6-ce4d-69e6-160a-000000001b00}
ProcessId: 16668
Image: C:\Program Files\WindowsApps\Microsoft.WindowsStore_22603.1401.7.0_x64__8wekyb3d8bbwe\StoreDesktopExtension.exe
User: LAPTOP-I8K1DAMV\rohin"
"2026-04-21T06:40:07.3044780+05:30","5","Process terminated:
RuleName: -
UtcTime: 2026-04-21 01:10:07.301
ProcessGuid: {a65b9ff6-ce6f-69e6-1c0a-000000001b00}
ProcessId: 17224
Image: C:\Windows\System32\conhost.exe
User: LAPTOP-I8K1DAMV\rohin"
"2026-04-21T06:40:07.3020712+05:30","5","Process terminated:
RuleName: -
UtcTime: 2026-04-21 01:10:07.301
ProcessGuid: {a65b9ff6-ce6f-69e6-1b0a-000000001b00}
ProcessId: 7840
Image: C:\Users\rohin\AppData\Local\Programs\Microsoft VS Code\560a9dba96\resources\app\node_modules\@vscode\ripgrep\bin\rg.exe
User: LAPTOP-I8K1DAMV\rohin"
"2026-04-21T06:40:07.2587691+05:30","5","Process terminated:
RuleName: -
UtcTime: 2026-04-21 01:10:07.253
ProcessGuid: {a65b9ff6-ce6f-69e6-1a0a-000000001b00}
ProcessId: 16464
Image: C:\Windows\System32\conhost.exe
User: LAPTOP-I8K1DAMV\rohin"
