"2026-04-21T12:52:55.1223546+05:30","5","Process terminated:
RuleName: -
UtcTime: 2026-04-21 07:22:55.121
ProcessGuid: {a65b9ff6-25ce-69e7-350d-000000001b00}
ProcessId: 29980
Image: C:\Windows\System32\conhost.exe
User: LAPTOP-I8K1DAMV\rohin"
"2026-04-21T12:52:55.1148859+05:30","5","Process terminated:
RuleName: -
UtcTime: 2026-04-21 07:22:55.113
ProcessGuid: {a65b9ff6-25ce-69e7-340d-000000001b00}
ProcessId: 19876
Image: C:\Windows\System32\cmd.exe
User: LAPTOP-I8K1DAMV\rohin"
"2026-04-21T12:52:55.1066393+05:30","5","Process terminated:
RuleName: -
UtcTime: 2026-04-21 07:22:55.104
ProcessGuid: {a65b9ff6-25ce-69e7-360d-000000001b00}
ProcessId: 17796
Image: C:\Windows\System32\schtasks.exe
User: LAPTOP-I8K1DAMV\rohin"
"2026-04-21T12:52:54.4686211+05:30","5","Process terminated:
RuleName: -
UtcTime: 2026-04-21 07:22:54.468
ProcessGuid: {a65b9ff6-25c7-69e7-0a0d-000000001b00}
ProcessId: 10420
Image: C:\Program Files\Common Files\McAfee\DynamicAppDownloader\DADUpdater.exe
User: NT AUTHORITY\SYSTEM"
"2026-04-21T12:52:53.8760401+05:30","5","Process terminated:
RuleName: -
UtcTime: 2026-04-21 07:22:53.871
ProcessGuid: {a65b9ff6-1d92-69e7-fa0c-000000001b00}
ProcessId: 30380
Image: C:\Windows\UUS\Packages\Preview\amd64\MoNotificationUx.exe
User: LAPTOP-I8K1DAMV\rohin"
"2026-04-21T12:52:53.6627033+05:30","5","Process terminated:
RuleName: -
UtcTime: 2026-04-21 07:22:53.662
ProcessGuid: {a65b9ff6-25c7-69e7-050d-000000001b00}
ProcessId: 28100
Image: C:\Windows\System32\BdeUISrv.exe
User: LAPTOP-I8K1DAMV\rohin"
"2026-04-21T12:52:53.6562063+05:30","5","Process terminated:
RuleName: -
UtcTime: 2026-04-21 07:22:53.654
ProcessGuid: {a65b9ff6-25cd-69e7-2e0d-000000001b00}
ProcessId: 29888
Image: C:\Windows\UUS\Packages\Preview\amd64\MoNotificationUx.exe
User: LAPTOP-I8K1DAMV\rohin"
"2026-04-21T12:52:53.6119952+05:30","5","Process terminated:
RuleName: -
UtcTime: 2026-04-21 07:22:53.610
ProcessGuid: {a65b9ff6-25cd-69e7-2d0d-000000001b00}
ProcessId: 20700
Image: C:\Windows\UUS\Packages\Preview\amd64\MoNotificationUx.exe
User: LAPTOP-I8K1DAMV\rohin"
"2026-04-21T12:52:53.5709342+05:30","5","Process terminated:
RuleName: -
UtcTime: 2026-04-21 07:22:53.569
ProcessGuid: {a65b9ff6-25cd-69e7-2c0d-000000001b00}
ProcessId: 4080
Image: C:\Windows\UUS\Packages\Preview\amd64\MoNotificationUx.exe
User: LAPTOP-I8K1DAMV\rohin"
"2026-04-21T12:52:53.3545242+05:30","5","Process terminated:
RuleName: -
UtcTime: 2026-04-21 07:22:53.353
ProcessGuid: {a65b9ff6-25cd-69e7-2a0d-000000001b00}
ProcessId: 28552
Image: C:\Windows\System32\UIEOrchestratorStub.exe
User: NT AUTHORITY\SYSTEM"
"2026-04-21T12:52:53.3475051+05:30","5","Process terminated:
RuleName: -
UtcTime: 2026-04-21 07:22:53.347
ProcessGuid: {a65b9ff6-25cd-69e7-2b0d-000000001b00}
ProcessId: 29536
Image: C:\Windows\UUS\Packages\Preview\amd64\UIEOrchestrator.exe
User: NT AUTHORITY\SYSTEM"
"2026-04-21T12:52:53.2965048+05:30","5","Process terminated:
RuleName: -
UtcTime: 2026-04-21 07:22:53.296
ProcessGuid: {a65b9ff6-25ca-69e7-1d0d-000000001b00}
ProcessId: 27716
Image: C:\Windows\System32\UIEOrchestratorStub.exe
User: NT AUTHORITY\SYSTEM"
"2026-04-21T12:52:53.2888619+05:30","5","Process terminated:
RuleName: -
UtcTime: 2026-04-21 07:22:53.285
ProcessGuid: {a65b9ff6-25ca-69e7-1e0d-000000001b00}
ProcessId: 21116
Image: C:\Windows\UUS\Packages\Preview\amd64\UIEOrchestrator.exe
User: NT AUTHORITY\SYSTEM"
"2026-04-21T12:52:53.2192768+05:30","5","Process terminated:
RuleName: -
UtcTime: 2026-04-21 07:22:53.218
ProcessGuid: {a65b9ff6-c759-69e6-9905-000000001b00}
ProcessId: 2916
Image: C:\Program Files\Google\Chrome\Application\chrome.exe
User: LAPTOP-I8K1DAMV\rohin"
"2026-04-21T12:52:51.1219654+05:30","5","Process terminated:
RuleName: -
UtcTime: 2026-04-21 07:22:51.121
ProcessGuid: {a65b9ff6-c5b2-69e6-bc04-000000001b00}
ProcessId: 22972
Image: C:\Program Files\Google\Chrome\Application\chrome.exe
User: LAPTOP-I8K1DAMV\rohin"
"2026-04-21T12:52:50.0830151+05:30","5","Process terminated:
RuleName: -
UtcTime: 2026-04-21 07:22:50.081
ProcessGuid: {a65b9ff6-25c9-69e7-1c0d-000000001b00}
ProcessId: 4856
Image: C:\Windows\System32\conhost.exe
User: LAPTOP-I8K1DAMV\rohin"
"2026-04-21T12:52:50.0565525+05:30","5","Process terminated:
RuleName: -
UtcTime: 2026-04-21 07:22:50.056
ProcessGuid: {a65b9ff6-25c9-69e7-1b0d-000000001b00}
ProcessId: 6692
Image: C:\Windows\System32\reg.exe
User: LAPTOP-I8K1DAMV\rohin"
"2026-04-21T12:52:49.9345510+05:30","5","Process terminated:
RuleName: -
UtcTime: 2026-04-21 07:22:49.932
ProcessGuid: {a65b9ff6-25c9-69e7-1a0d-000000001b00}
ProcessId: 18708
Image: C:\Windows\System32\conhost.exe
User: LAPTOP-I8K1DAMV\rohin"
"2026-04-21T12:52:49.9226164+05:30","5","Process terminated:
RuleName: -
UtcTime: 2026-04-21 07:22:49.920
ProcessGuid: {a65b9ff6-25c9-69e7-180d-000000001b00}
ProcessId: 17796
Image: C:\Windows\System32\conhost.exe
User: LAPTOP-I8K1DAMV\rohin"
"2026-04-21T12:52:49.8888865+05:30","5","Process terminated:
RuleName: -
UtcTime: 2026-04-21 07:22:49.887
ProcessGuid: {a65b9ff6-25c9-69e7-190d-000000001b00}
ProcessId: 13040
Image: C:\Windows\System32\reg.exe
User: LAPTOP-I8K1DAMV\rohin"
"2026-04-21T12:52:49.8801885+05:30","5","Process terminated:
RuleName: -
UtcTime: 2026-04-21 07:22:49.879
ProcessGuid: {a65b9ff6-25c9-69e7-170d-000000001b00}
ProcessId: 13068
Image: C:\Windows\System32\reg.exe
User: LAPTOP-I8K1DAMV\rohin"
"2026-04-21T12:52:49.8474654+05:30","5","Process terminated:
RuleName: -
UtcTime: 2026-04-21 07:22:49.846
ProcessGuid: {a65b9ff6-25c9-69e7-160d-000000001b00}
ProcessId: 29100
Image: C:\Windows\System32\conhost.exe
User: LAPTOP-I8K1DAMV\rohin"
"2026-04-21T12:52:49.8001349+05:30","5","Process terminated:
RuleName: -
UtcTime: 2026-04-21 07:22:49.798
ProcessGuid: {a65b9ff6-25c9-69e7-150d-000000001b00}
ProcessId: 4520
Image: C:\Windows\System32\reg.exe
User: LAPTOP-I8K1DAMV\rohin"
"2026-04-21T12:52:49.6129641+05:30","5","Process terminated:
RuleName: -
UtcTime: 2026-04-21 07:22:49.611
ProcessGuid: {a65b9ff6-25c9-69e7-140d-000000001b00}
ProcessId: 29980
Image: C:\Windows\System32\conhost.exe
User: LAPTOP-I8K1DAMV\rohin"
"2026-04-21T12:52:49.4986833+05:30","5","Process terminated:
RuleName: -
UtcTime: 2026-04-21 07:22:49.493
ProcessGuid: {a65b9ff6-25c8-69e7-130d-000000001b00}
ProcessId: 11824
Image: C:\Windows\System32\reg.exe
User: LAPTOP-I8K1DAMV\rohin"
"2026-04-21T12:52:49.4667857+05:30","5","Process terminated:
RuleName: -
UtcTime: 2026-04-21 07:22:49.461
ProcessGuid: {a65b9ff6-25c8-69e7-0f0d-000000001b00}
ProcessId: 15756
Image: C:\Windows\System32\conhost.exe
User: LAPTOP-I8K1DAMV\rohin"
"2026-04-21T12:52:49.4278225+05:30","5","Process terminated:
RuleName: -
UtcTime: 2026-04-21 07:22:49.426
ProcessGuid: {a65b9ff6-e49b-69e6-9a0c-000000001b00}
ProcessId: 14564
Image: C:\Program Files\Common Files\McAfee\TaskScheduler\McAMTaskAgent.exe
User: NT AUTHORITY\SYSTEM"
"2026-04-21T12:52:49.4145782+05:30","5","Process terminated:
RuleName: -
UtcTime: 2026-04-21 07:22:49.414
ProcessGuid: {a65b9ff6-25c8-69e7-0e0d-000000001b00}
ProcessId: 6720
Image: C:\Windows\System32\reg.exe
User: LAPTOP-I8K1DAMV\rohin"
"2026-04-21T12:52:49.3906673+05:30","5","Process terminated:
RuleName: -
UtcTime: 2026-04-21 07:22:49.389
ProcessGuid: {a65b9ff6-25c8-69e7-120d-000000001b00}
ProcessId: 12956
Image: C:\Windows\System32\conhost.exe
User: NT AUTHORITY\LOCAL SERVICE"
"2026-04-21T12:52:49.3860993+05:30","5","Process terminated:
RuleName: -
UtcTime: 2026-04-21 07:22:49.383
ProcessGuid: {a65b9ff6-25c7-69e7-090d-000000001b00}
ProcessId: 18516
Image: C:\Windows\System32\appidcertstorecheck.exe
User: NT AUTHORITY\LOCAL SERVICE"
"2026-04-21T12:52:49.1686799+05:30","5","Process terminated:
RuleName: -
UtcTime: 2026-04-21 07:22:49.166
ProcessGuid: {a65b9ff6-25c8-69e7-100d-000000001b00}
ProcessId: 13484
Image: C:\Windows\System32\conhost.exe
User: NT AUTHORITY\LOCAL SERVICE"
"2026-04-21T12:52:49.1615509+05:30","5","Process terminated:
RuleName: -
UtcTime: 2026-04-21 07:22:49.160
ProcessGuid: {a65b9ff6-25c7-69e7-0c0d-000000001b00}
ProcessId: 29600
Image: C:\Windows\System32\appidcertstorecheck.exe
User: NT AUTHORITY\LOCAL SERVICE"
"2026-04-21T12:52:49.1275627+05:30","5","Process terminated:
RuleName: -
UtcTime: 2026-04-21 07:22:49.121
ProcessGuid: {a65b9ff6-e49b-69e6-960c-000000001b00}
ProcessId: 17236
Image: C:\Windows\System32\taskhostw.exe
User: NT AUTHORITY\SYSTEM"
"2026-04-21T12:52:47.3766404+05:30","5","Process terminated:
RuleName: -
UtcTime: 2026-04-21 07:22:47.375
ProcessGuid: {a65b9ff6-25c7-69e7-010d-000000001b00}
ProcessId: 29792
Image: C:\Windows\System32\conhost.exe
User: LAPTOP-I8K1DAMV\rohin"
"2026-04-21T12:52:47.3718441+05:30","5","Process terminated:
RuleName: -
UtcTime: 2026-04-21 07:22:47.370
ProcessGuid: {a65b9ff6-25c7-69e7-000d-000000001b00}
ProcessId: 30636
Image: C:\Windows\System32\reg.exe
User: LAPTOP-I8K1DAMV\rohin"
"2026-04-21T12:52:47.3078498+05:30","5","Process terminated:
RuleName: -
UtcTime: 2026-04-21 07:22:47.306
ProcessGuid: {a65b9ff6-1d92-69e7-fb0c-000000001b00}
ProcessId: 30500
Image: C:\Windows\System32\RuntimeBroker.exe
User: LAPTOP-I8K1DAMV\rohin"
"2026-04-21T12:52:47.3029540+05:30","5","Process terminated:
RuleName: -
UtcTime: 2026-04-21 07:22:47.301
ProcessGuid: {a65b9ff6-25c7-69e7-ff0c-000000001b00}
ProcessId: 30100
Image: C:\Windows\System32\conhost.exe
User: LAPTOP-I8K1DAMV\rohin"
"2026-04-21T12:52:47.2988249+05:30","5","Process terminated:
RuleName: -
UtcTime: 2026-04-21 07:22:47.297
ProcessGuid: {a65b9ff6-25c7-69e7-fe0c-000000001b00}
ProcessId: 30232
Image: C:\Windows\System32\reg.exe
User: LAPTOP-I8K1DAMV\rohin"
"2026-04-21T12:18:56.1697731+05:30","5","Process terminated:
RuleName: -
UtcTime: 2026-04-21 06:48:56.169
ProcessGuid: {a65b9ff6-0167-69e7-e00c-000000001b00}
ProcessId: 7364
Image: C:\Windows\System32\backgroundTaskHost.exe
User: LAPTOP-I8K1DAMV\rohin"
"2026-04-21T12:18:47.6936020+05:30","5","Process terminated:
RuleName: -
UtcTime: 2026-04-21 06:48:47.692
ProcessGuid: {a65b9ff6-0167-69e7-dc0c-000000001b00}
ProcessId: 9896
Image: C:\Windows\System32\backgroundTaskHost.exe
User: LAPTOP-I8K1DAMV\rohin"
"2026-04-21T12:18:45.5001003+05:30","5","Process terminated:
RuleName: -
UtcTime: 2026-04-21 06:48:45.499
ProcessGuid: {a65b9ff6-e704-69e6-d50c-000000001b00}
ProcessId: 18688
Image: C:\Windows\System32\wbem\WmiPrvSE.exe
User: NT AUTHORITY\LOCAL SERVICE"
"2026-04-21T12:18:45.4991176+05:30","5","Process terminated:
RuleName: -
UtcTime: 2026-04-21 06:48:45.498
ProcessGuid: {a65b9ff6-0167-69e7-e10c-000000001b00}
ProcessId: 21596
Image: C:\Windows\System32\wbem\WmiPrvSE.exe
User: NT AUTHORITY\NETWORK SERVICE"
"2026-04-21T12:18:39.7315392+05:30","5","Process terminated:
RuleName: -
UtcTime: 2026-04-21 06:48:39.730
ProcessGuid: {a65b9ff6-1d8b-69e7-e90c-000000001b00}
ProcessId: 14872
Image: C:\Program Files\WindowsApps\Microsoft.WindowsStore_22603.1401.7.0_x64__8wekyb3d8bbwe\StoreDesktopExtension.exe
User: LAPTOP-I8K1DAMV\rohin"
"2026-04-21T12:18:35.9736808+05:30","5","Process terminated:
RuleName: -
UtcTime: 2026-04-21 06:48:35.972
ProcessGuid: {a65b9ff6-0167-69e7-de0c-000000001b00}
ProcessId: 10420
Image: C:\Program Files\WindowsApps\Microsoft.WindowsStore_22603.1401.7.0_x64__8wekyb3d8bbwe\StoreDesktopExtension.exe
User: LAPTOP-I8K1DAMV\rohin"
"2026-04-21T12:17:57.7680805+05:30","5","Process terminated:
RuleName: -
UtcTime: 2026-04-21 06:47:57.767
ProcessGuid: {a65b9ff6-1d91-69e7-f70c-000000001b00}
ProcessId: 30216
Image: C:\Program Files (x86)\Google\GoogleUpdater\148.0.7730.0\updater.exe
User: NT AUTHORITY\SYSTEM"
"2026-04-21T12:17:57.7680213+05:30","5","Process terminated:
RuleName: -
UtcTime: 2026-04-21 06:47:57.767
ProcessGuid: {a65b9ff6-1d91-69e7-f50c-000000001b00}
ProcessId: 30076
Image: C:\Program Files (x86)\Google\GoogleUpdater\148.0.7730.0\updater.exe
User: NT AUTHORITY\SYSTEM"
"2026-04-21T12:17:57.7602059+05:30","5","Process terminated:
RuleName: -
UtcTime: 2026-04-21 06:47:57.759
ProcessGuid: {a65b9ff6-1d91-69e7-f60c-000000001b00}
ProcessId: 30192
Image: C:\Program Files (x86)\Google\GoogleUpdater\148.0.7730.0\updater.exe
User: NT AUTHORITY\SYSTEM"
"2026-04-21T12:17:57.7601519+05:30","5","Process terminated:
RuleName: -
UtcTime: 2026-04-21 06:47:57.759
ProcessGuid: {a65b9ff6-1d90-69e7-f40c-000000001b00}
ProcessId: 30056
Image: C:\Program Files (x86)\Google\GoogleUpdater\148.0.7730.0\updater.exe
User: NT AUTHORITY\SYSTEM"
"2026-04-21T12:17:55.0603237+05:30","5","Process terminated:
RuleName: -
UtcTime: 2026-04-21 06:47:55.059
ProcessGuid: {a65b9ff6-0167-69e7-db0c-000000001b00}
ProcessId: 4688
Image: C:\Windows\System32\svchost.exe
User: NT AUTHORITY\LOCAL SERVICE"
"2026-04-21T12:17:47.7622203+05:30","5","Process terminated:
RuleName: -
UtcTime: 2026-04-21 06:47:47.761
ProcessGuid: {a65b9ff6-0168-69e7-e50c-000000001b00}
ProcessId: 27692
Image: C:\Program Files (x86)\Google\GoogleUpdater\148.0.7730.0\updater.exe
User: NT AUTHORITY\SYSTEM"
"2026-04-21T12:17:47.7512734+05:30","5","Process terminated:
RuleName: -
UtcTime: 2026-04-21 06:47:47.750
ProcessGuid: {a65b9ff6-0167-69e7-d70c-000000001b00}
ProcessId: 5284
Image: C:\Program Files (x86)\Google\GoogleUpdater\148.0.7730.0\updater.exe
User: NT AUTHORITY\SYSTEM"
"2026-04-21T12:17:47.6475654+05:30","5","Process terminated:
RuleName: -
UtcTime: 2026-04-21 06:47:47.646
ProcessGuid: {a65b9ff6-0167-69e7-d90c-000000001b00}
ProcessId: 6920
Image: C:\Program Files (x86)\Microsoft\EdgeUpdate\MicrosoftEdgeUpdate.exe
User: NT AUTHORITY\SYSTEM"
"2026-04-21T12:17:46.8689830+05:30","5","Process terminated:
RuleName: -
UtcTime: 2026-04-21 06:47:46.868
ProcessGuid: {a65b9ff6-0167-69e7-da0c-000000001b00}
ProcessId: 20780
Image: C:\Windows\System32\wermgr.exe
User: NT AUTHORITY\SYSTEM"
"2026-04-21T12:17:46.7707239+05:30","5","Process terminated:
RuleName: -
UtcTime: 2026-04-21 06:47:46.769
ProcessGuid: {a65b9ff6-0167-69e7-d80c-000000001b00}
ProcessId: 8348
Image: C:\Program Files (x86)\BraveSoftware\Update\BraveUpdate.exe
User: NT AUTHORITY\SYSTEM"
"2026-04-21T12:17:46.3063392+05:30","5","Process terminated:
RuleName: -
UtcTime: 2026-04-21 06:47:46.305
ProcessGuid: {a65b9ff6-c108-69e6-b602-000000001b00}
ProcessId: 7792
Image: C:\Windows\UUS\Packages\Preview\amd64\MoNotificationUx.exe
User: LAPTOP-I8K1DAMV\rohin"
"2026-04-21T12:17:45.8514136+05:30","5","Process terminated:
RuleName: -
UtcTime: 2026-04-21 06:47:45.850
ProcessGuid: {a65b9ff6-1d91-69e7-f80c-000000001b00}
ProcessId: 30328
Image: C:\Windows\System32\UIEOrchestratorStub.exe
User: NT AUTHORITY\SYSTEM"
"2026-04-21T12:17:45.8462347+05:30","5","Process terminated:
RuleName: -
UtcTime: 2026-04-21 06:47:45.845
ProcessGuid: {a65b9ff6-1d91-69e7-f90c-000000001b00}
ProcessId: 30344
Image: C:\Windows\UUS\Packages\Preview\amd64\UIEOrchestrator.exe
User: NT AUTHORITY\SYSTEM"
"2026-04-21T12:17:45.8004229+05:30","5","Process terminated:
RuleName: -
UtcTime: 2026-04-21 06:47:45.800
ProcessGuid: {a65b9ff6-1d8f-69e7-f20c-000000001b00}
ProcessId: 29920
Image: C:\Windows\System32\UIEOrchestratorStub.exe
User: NT AUTHORITY\SYSTEM"
"2026-04-21T12:17:45.7943606+05:30","5","Process terminated:
RuleName: -
UtcTime: 2026-04-21 06:47:45.794
ProcessGuid: {a65b9ff6-1d8f-69e7-f30c-000000001b00}
ProcessId: 29936
Image: C:\Windows\UUS\Packages\Preview\amd64\UIEOrchestrator.exe
User: NT AUTHORITY\SYSTEM"
"2026-04-21T12:17:40.5673576+05:30","5","Process terminated:
RuleName: -
UtcTime: 2026-04-21 06:47:40.555
ProcessGuid: {a65b9ff6-1d8c-69e7-ee0c-000000001b00}
ProcessId: 29420
Image: C:\Windows\System32\conhost.exe
User: LAPTOP-I8K1DAMV\rohin"
"2026-04-21T12:17:40.5459700+05:30","5","Process terminated:
RuleName: -
UtcTime: 2026-04-21 06:47:40.544
ProcessGuid: {a65b9ff6-1d8c-69e7-ed0c-000000001b00}
ProcessId: 29128
Image: C:\Windows\System32\reg.exe
User: LAPTOP-I8K1DAMV\rohin"
"2026-04-21T12:17:40.0725995+05:30","5","Process terminated:
RuleName: -
UtcTime: 2026-04-21 06:47:40.035
ProcessGuid: {a65b9ff6-1d8b-69e7-eb0c-000000001b00}
ProcessId: 25584
Image: C:\Windows\System32\conhost.exe
User: LAPTOP-I8K1DAMV\rohin"
"2026-04-21T12:17:40.0292594+05:30","5","Process terminated:
RuleName: -
UtcTime: 2026-04-21 06:47:40.014
ProcessGuid: {a65b9ff6-1d8b-69e7-e80c-000000001b00}
ProcessId: 28188
Image: C:\Windows\System32\reg.exe
User: LAPTOP-I8K1DAMV\rohin"
"2026-04-21T12:17:39.8694390+05:30","5","Process terminated:
RuleName: -
UtcTime: 2026-04-21 06:47:39.815
ProcessGuid: {a65b9ff6-c0d5-69e6-ec01-000000001b00}
ProcessId: 22076
Image: C:\Windows\System32\svchost.exe
User: NT AUTHORITY\LOCAL SERVICE"
"2026-04-21T10:17:36.4746006+05:30","5","Process terminated:
RuleName: -
UtcTime: 2026-04-21 04:47:36.473
ProcessGuid: {a65b9ff6-0168-69e7-e40c-000000001b00}
ProcessId: 27672
Image: C:\Windows\System32\conhost.exe
User: LAPTOP-I8K1DAMV\rohin"
"2026-04-21T10:17:36.4546301+05:30","5","Process terminated:
RuleName: -
UtcTime: 2026-04-21 04:47:36.453
ProcessGuid: {a65b9ff6-0168-69e7-e30c-000000001b00}
ProcessId: 9836
Image: C:\Windows\System32\reg.exe
User: LAPTOP-I8K1DAMV\rohin"
"2026-04-21T10:17:36.2160048+05:30","5","Process terminated:
RuleName: -
UtcTime: 2026-04-21 04:47:36.201
ProcessGuid: {a65b9ff6-0167-69e7-e20c-000000001b00}
ProcessId: 13600
Image: C:\Windows\System32\conhost.exe
User: LAPTOP-I8K1DAMV\rohin"
"2026-04-21T10:17:36.1900546+05:30","5","Process terminated:
RuleName: -
UtcTime: 2026-04-21 04:47:36.182
ProcessGuid: {a65b9ff6-0167-69e7-df0c-000000001b00}
ProcessId: 9796
Image: C:\Windows\System32\reg.exe
User: LAPTOP-I8K1DAMV\rohin"
"2026-04-21T08:25:30.4024899+05:30","5","Process terminated:
RuleName: -
UtcTime: 2026-04-21 02:55:30.396
ProcessGuid: {a65b9ff6-e6c2-69e6-d30c-000000001b00}
ProcessId: 26456
Image: C:\Windows\System32\wbem\WmiPrvSE.exe
User: NT AUTHORITY\NETWORK SERVICE"
"2026-04-21T08:24:25.2922865+05:30","5","Process terminated:
RuleName: -
UtcTime: 2026-04-21 02:54:25.289
ProcessGuid: {a65b9ff6-e6b9-69e6-ca0c-000000001b00}
ProcessId: 24964
Image: C:\Windows\System32\RuntimeBroker.exe
User: LAPTOP-I8K1DAMV\rohin"
"2026-04-21T08:23:54.3557341+05:30","5","Process terminated:
RuleName: -
UtcTime: 2026-04-21 02:53:54.353
ProcessGuid: {a65b9ff6-c0d9-69e6-1b02-000000001b00}
ProcessId: 21876
Image: C:\Program Files\WSL\msrdc.exe
User: LAPTOP-I8K1DAMV\rohin"
"2026-04-21T08:23:53.9762381+05:30","5","Process terminated:
RuleName: -
UtcTime: 2026-04-21 02:53:53.971
ProcessGuid: {a65b9ff6-e6c1-69e6-d20c-000000001b00}
ProcessId: 15056
Image: C:\Windows\System32\conhost.exe
User: LAPTOP-I8K1DAMV\rohin"
"2026-04-21T08:23:53.9737947+05:30","5","Process terminated:
RuleName: -
UtcTime: 2026-04-21 02:53:53.971
ProcessGuid: {a65b9ff6-e6c1-69e6-d10c-000000001b00}
ProcessId: 20932
Image: C:\Windows\System32\reg.exe
User: LAPTOP-I8K1DAMV\rohin"
"2026-04-21T08:23:53.9187685+05:30","5","Process terminated:
RuleName: -
UtcTime: 2026-04-21 02:53:53.916
ProcessGuid: {a65b9ff6-e6c1-69e6-d00c-000000001b00}
ProcessId: 440
Image: C:\Windows\System32\conhost.exe
User: LAPTOP-I8K1DAMV\rohin"
"2026-04-21T08:23:53.9148987+05:30","5","Process terminated:
RuleName: -
UtcTime: 2026-04-21 02:53:53.909
ProcessGuid: {a65b9ff6-e6c1-69e6-cf0c-000000001b00}
ProcessId: 11824
Image: C:\Windows\System32\reg.exe
User: LAPTOP-I8K1DAMV\rohin"
"2026-04-21T08:23:50.9232460+05:30","5","Process terminated:
RuleName: -
UtcTime: 2026-04-21 02:53:50.923
ProcessGuid: {a65b9ff6-e6be-69e6-ce0c-000000001b00}
ProcessId: 5288
Image: C:\Windows\System32\conhost.exe
User: LAPTOP-I8K1DAMV\rohin"
"2026-04-21T08:23:50.9210312+05:30","5","Process terminated:
RuleName: -
UtcTime: 2026-04-21 02:53:50.919
ProcessGuid: {a65b9ff6-e6be-69e6-cd0c-000000001b00}
ProcessId: 21340
Image: C:\Windows\System32\reg.exe
User: LAPTOP-I8K1DAMV\rohin"
"2026-04-21T08:23:50.8767818+05:30","5","Process terminated:
RuleName: -
UtcTime: 2026-04-21 02:53:50.875
ProcessGuid: {a65b9ff6-e6be-69e6-cc0c-000000001b00}
ProcessId: 5016
Image: C:\Windows\System32\conhost.exe
User: LAPTOP-I8K1DAMV\rohin"
"2026-04-21T08:23:50.8746898+05:30","5","Process terminated:
RuleName: -
UtcTime: 2026-04-21 02:53:50.872
ProcessGuid: {a65b9ff6-e6be-69e6-cb0c-000000001b00}
ProcessId: 12572
Image: C:\Windows\System32\reg.exe
User: LAPTOP-I8K1DAMV\rohin"
"2026-04-21T08:23:45.2663151+05:30","5","Process terminated:
RuleName: -
UtcTime: 2026-04-21 02:53:45.263
ProcessGuid: {a65b9ff6-e6b9-69e6-c90c-000000001b00}
ProcessId: 22848
Image: C:\Program Files\Adobe\Acrobat DC\Acrobat\RDCNotificationClient\FullTrustNotifier.exe
User: LAPTOP-I8K1DAMV\rohin"
"2026-04-21T08:23:26.2682521+05:30","5","Process terminated:
RuleName: -
UtcTime: 2026-04-21 02:53:26.267
ProcessGuid: {a65b9ff6-e603-69e6-b70c-000000001b00}
ProcessId: 17412
Image: C:\Windows\System32\wbem\WmiPrvSE.exe
User: NT AUTHORITY\LOCAL SERVICE"
"2026-04-21T08:22:56.2595662+05:30","5","Process terminated:
RuleName: -
UtcTime: 2026-04-21 02:52:56.258
ProcessGuid: {a65b9ff6-e62e-69e6-bf0c-000000001b00}
ProcessId: 24992
Image: C:\Windows\System32\wbem\WmiPrvSE.exe
User: NT AUTHORITY\NETWORK SERVICE"
"2026-04-21T08:22:50.9034070+05:30","5","Process terminated:
RuleName: -
UtcTime: 2026-04-21 02:52:50.902
ProcessGuid: {a65b9ff6-e682-69e6-c80c-000000001b00}
ProcessId: 16260
Image: C:\Windows\System32\conhost.exe
User: LAPTOP-I8K1DAMV\rohin"
"2026-04-21T08:22:50.9014923+05:30","5","Process terminated:
RuleName: -
UtcTime: 2026-04-21 02:52:50.900
ProcessGuid: {a65b9ff6-e682-69e6-c70c-000000001b00}
ProcessId: 26840
Image: C:\Windows\System32\reg.exe
User: LAPTOP-I8K1DAMV\rohin"
"2026-04-21T08:22:50.8594398+05:30","5","Process terminated:
RuleName: -
UtcTime: 2026-04-21 02:52:50.846
ProcessGuid: {a65b9ff6-e682-69e6-c60c-000000001b00}
ProcessId: 12360
Image: C:\Windows\System32\conhost.exe
User: LAPTOP-I8K1DAMV\rohin"
"2026-04-21T08:22:50.8575210+05:30","5","Process terminated:
RuleName: -
UtcTime: 2026-04-21 02:52:50.846
ProcessGuid: {a65b9ff6-e682-69e6-c50c-000000001b00}
ProcessId: 24856
Image: C:\Windows\System32\reg.exe
User: LAPTOP-I8K1DAMV\rohin"
"2026-04-21T08:22:46.9295421+05:30","5","Process terminated:
RuleName: -
UtcTime: 2026-04-21 02:52:46.926
ProcessGuid: {a65b9ff6-e603-69e6-b80c-000000001b00}
ProcessId: 14700
Image: C:\Windows\System32\svchost.exe
User: NT AUTHORITY\SYSTEM"
"2026-04-21T08:22:40.6222125+05:30","5","Process terminated:
RuleName: -
UtcTime: 2026-04-21 02:52:40.619
ProcessGuid: {a65b9ff6-e63b-69e6-c00c-000000001b00}
ProcessId: 3056
Image: C:\Windows\System32\backgroundTaskHost.exe
User: LAPTOP-I8K1DAMV\rohin"
"2026-04-21T08:21:50.9094072+05:30","5","Process terminated:
RuleName: -
UtcTime: 2026-04-21 02:51:50.907
ProcessGuid: {a65b9ff6-e646-69e6-c40c-000000001b00}
ProcessId: 27140
Image: C:\Windows\System32\conhost.exe
User: LAPTOP-I8K1DAMV\rohin"
"2026-04-21T08:21:50.9077905+05:30","5","Process terminated:
RuleName: -
UtcTime: 2026-04-21 02:51:50.907
ProcessGuid: {a65b9ff6-e646-69e6-c30c-000000001b00}
ProcessId: 14692
Image: C:\Windows\System32\reg.exe
User: LAPTOP-I8K1DAMV\rohin"
"2026-04-21T08:21:50.8671646+05:30","5","Process terminated:
RuleName: -
UtcTime: 2026-04-21 02:51:50.863
ProcessGuid: {a65b9ff6-e646-69e6-c20c-000000001b00}
ProcessId: 23216
Image: C:\Windows\System32\conhost.exe
User: LAPTOP-I8K1DAMV\rohin"
"2026-04-21T08:21:50.8653122+05:30","5","Process terminated:
RuleName: -
UtcTime: 2026-04-21 02:51:50.863
ProcessGuid: {a65b9ff6-e646-69e6-c10c-000000001b00}
ProcessId: 9124
Image: C:\Windows\System32\reg.exe
User: LAPTOP-I8K1DAMV\rohin"
"2026-04-21T08:21:42.3575671+05:30","5","Process terminated:
RuleName: -
UtcTime: 2026-04-21 02:51:42.356
ProcessGuid: {a65b9ff6-e3e6-69e6-7c0c-000000001b00}
ProcessId: 4064
Image: C:\Windows\System32\svchost.exe
User: NT AUTHORITY\SYSTEM"
"2026-04-21T08:21:02.1407834+05:30","5","Process terminated:
RuleName: -
UtcTime: 2026-04-21 02:51:02.140
ProcessGuid: {a65b9ff6-e616-69e6-be0c-000000001b00}
ProcessId: 17524
Image: C:\Windows\SystemApps\MicrosoftWindows.Client.CBS_cw5n1h2txyewy\SoftLandingTask\SoftLandingTask.exe
User: LAPTOP-I8K1DAMV\rohin"
"2026-04-21T08:21:02.1395180+05:30","5","Process terminated:
RuleName: -
UtcTime: 2026-04-21 02:51:02.137
ProcessGuid: {a65b9ff6-e615-69e6-bd0c-000000001b00}
ProcessId: 27628
Image: C:\Windows\System32\taskhostw.exe
User: LAPTOP-I8K1DAMV\rohin"
"2026-04-21T08:20:50.8760101+05:30","5","Process terminated:
RuleName: -
UtcTime: 2026-04-21 02:50:50.875
ProcessGuid: {a65b9ff6-e60a-69e6-bc0c-000000001b00}
ProcessId: 2888
Image: C:\Windows\System32\conhost.exe
User: LAPTOP-I8K1DAMV\rohin"
"2026-04-21T08:20:50.8742305+05:30","5","Process terminated:
RuleName: -
UtcTime: 2026-04-21 02:50:50.859
ProcessGuid: {a65b9ff6-e60a-69e6-bb0c-000000001b00}
ProcessId: 9852
Image: C:\Windows\System32\reg.exe
User: LAPTOP-I8K1DAMV\rohin"
"2026-04-21T08:20:50.8406006+05:30","5","Process terminated:
RuleName: -
UtcTime: 2026-04-21 02:50:50.830
ProcessGuid: {a65b9ff6-e60a-69e6-ba0c-000000001b00}
ProcessId: 424
Image: C:\Windows\System32\conhost.exe
User: LAPTOP-I8K1DAMV\rohin"
"2026-04-21T08:20:50.8390846+05:30","5","Process terminated:
RuleName: -
UtcTime: 2026-04-21 02:50:50.830
ProcessGuid: {a65b9ff6-e60a-69e6-b90c-000000001b00}
ProcessId: 4888
Image: C:\Windows\System32\reg.exe
User: LAPTOP-I8K1DAMV\rohin"
"2026-04-21T08:19:50.9029307+05:30","5","Process terminated:
RuleName: -
UtcTime: 2026-04-21 02:49:50.890
ProcessGuid: {a65b9ff6-e5ce-69e6-b60c-000000001b00}
ProcessId: 14308
Image: C:\Windows\System32\conhost.exe
User: LAPTOP-I8K1DAMV\rohin"
"2026-04-21T08:19:50.9009612+05:30","5","Process terminated:
RuleName: -
UtcTime: 2026-04-21 02:49:50.890
ProcessGuid: {a65b9ff6-e5ce-69e6-b50c-000000001b00}
ProcessId: 18104
Image: C:\Windows\System32\reg.exe
User: LAPTOP-I8K1DAMV\rohin"
"2026-04-21T08:19:50.8584473+05:30","5","Process terminated:
RuleName: -
UtcTime: 2026-04-21 02:49:50.844
ProcessGuid: {a65b9ff6-e5ce-69e6-b40c-000000001b00}
ProcessId: 26764
Image: C:\Windows\System32\conhost.exe
User: LAPTOP-I8K1DAMV\rohin"
"2026-04-21T08:19:50.8565533+05:30","5","Process terminated:
RuleName: -
UtcTime: 2026-04-21 02:49:50.844
ProcessGuid: {a65b9ff6-e5ce-69e6-b30c-000000001b00}
ProcessId: 15648
Image: C:\Windows\System32\reg.exe
User: LAPTOP-I8K1DAMV\rohin"
"2026-04-21T08:18:50.8811886+05:30","5","Process terminated:
RuleName: -
UtcTime: 2026-04-21 02:48:50.872
ProcessGuid: {a65b9ff6-e592-69e6-b20c-000000001b00}
ProcessId: 15256
Image: C:\Windows\System32\conhost.exe
User: LAPTOP-I8K1DAMV\rohin"
"2026-04-21T08:18:50.8792222+05:30","5","Process terminated:
RuleName: -
UtcTime: 2026-04-21 02:48:50.872
ProcessGuid: {a65b9ff6-e592-69e6-b10c-000000001b00}
ProcessId: 4164
Image: C:\Windows\System32\reg.exe
User: LAPTOP-I8K1DAMV\rohin"
"2026-04-21T08:18:50.8440021+05:30","5","Process terminated:
RuleName: -
UtcTime: 2026-04-21 02:48:50.843
ProcessGuid: {a65b9ff6-e592-69e6-b00c-000000001b00}
ProcessId: 11588
Image: C:\Windows\System32\conhost.exe
User: LAPTOP-I8K1DAMV\rohin"
"2026-04-21T08:18:50.8424027+05:30","5","Process terminated:
RuleName: -
UtcTime: 2026-04-21 02:48:50.841
ProcessGuid: {a65b9ff6-e592-69e6-af0c-000000001b00}
ProcessId: 10692
Image: C:\Windows\System32\reg.exe
User: LAPTOP-I8K1DAMV\rohin"
"2026-04-21T08:18:43.7640753+05:30","5","Process terminated:
RuleName: -
UtcTime: 2026-04-21 02:48:43.759
ProcessGuid: {a65b9ff6-e513-69e6-9f0c-000000001b00}
ProcessId: 13580
Image: C:\Windows\System32\wbem\WmiPrvSE.exe
User: NT AUTHORITY\LOCAL SERVICE"
"2026-04-21T08:18:16.7552854+05:30","5","Process terminated:
RuleName: -
UtcTime: 2026-04-21 02:48:16.748
ProcessGuid: {a65b9ff6-e513-69e6-a00c-000000001b00}
ProcessId: 16956
Image: C:\Windows\System32\svchost.exe
User: NT AUTHORITY\SYSTEM"
"2026-04-21T08:18:13.0536044+05:30","5","Process terminated:
RuleName: -
UtcTime: 2026-04-21 02:48:13.049
ProcessGuid: {a65b9ff6-dfee-69e6-fd0b-000000001b00}
ProcessId: 11340
Image: C:\Program Files\Google\Chrome\Application\chrome.exe
User: LAPTOP-I8K1DAMV\rohin"
"2026-04-21T08:17:50.8877168+05:30","5","Process terminated:
RuleName: -
UtcTime: 2026-04-21 02:47:50.884
ProcessGuid: {a65b9ff6-e556-69e6-ae0c-000000001b00}
ProcessId: 2888
Image: C:\Windows\System32\conhost.exe
User: LAPTOP-I8K1DAMV\rohin"
"2026-04-21T08:17:50.8856477+05:30","5","Process terminated:
RuleName: -
UtcTime: 2026-04-21 02:47:50.884
ProcessGuid: {a65b9ff6-e556-69e6-ad0c-000000001b00}
ProcessId: 24420
Image: C:\Windows\System32\reg.exe
User: LAPTOP-I8K1DAMV\rohin"
"2026-04-21T08:17:50.8433842+05:30","5","Process terminated:
RuleName: -
UtcTime: 2026-04-21 02:47:50.831
ProcessGuid: {a65b9ff6-e556-69e6-ac0c-000000001b00}
ProcessId: 12584
Image: C:\Windows\System32\conhost.exe
User: LAPTOP-I8K1DAMV\rohin"
"2026-04-21T08:17:50.8412727+05:30","5","Process terminated:
RuleName: -
UtcTime: 2026-04-21 02:47:50.831
ProcessGuid: {a65b9ff6-e556-69e6-ab0c-000000001b00}
ProcessId: 16612
Image: C:\Windows\System32\reg.exe
User: LAPTOP-I8K1DAMV\rohin"
"2026-04-21T08:17:43.7454533+05:30","5","Process terminated:
RuleName: -
UtcTime: 2026-04-21 02:47:43.743
ProcessGuid: {a65b9ff6-e501-69e6-9d0c-000000001b00}
ProcessId: 14700
Image: C:\Windows\System32\wbem\WmiPrvSE.exe
User: NT AUTHORITY\NETWORK SERVICE"
"2026-04-21T08:17:38.5286121+05:30","5","Process terminated:
RuleName: -
UtcTime: 2026-04-21 02:47:38.515
ProcessGuid: {a65b9ff6-e53c-69e6-aa0c-000000001b00}
ProcessId: 2716
Image: C:\Program Files (x86)\Google\GoogleUpdater\148.0.7730.0\updater.exe
User: NT AUTHORITY\SYSTEM"
"2026-04-21T08:17:38.5281000+05:30","5","Process terminated:
RuleName: -
UtcTime: 2026-04-21 02:47:38.515
ProcessGuid: {a65b9ff6-e53c-69e6-a80c-000000001b00}
ProcessId: 17256
Image: C:\Program Files (x86)\Google\GoogleUpdater\148.0.7730.0\updater.exe
User: NT AUTHORITY\SYSTEM"
"2026-04-21T08:17:38.5216635+05:30","5","Process terminated:
RuleName: -
UtcTime: 2026-04-21 02:47:38.515
ProcessGuid: {a65b9ff6-e53c-69e6-a70c-000000001b00}
ProcessId: 14352
Image: C:\Program Files (x86)\Google\GoogleUpdater\148.0.7730.0\updater.exe
User: NT AUTHORITY\SYSTEM"
"2026-04-21T08:17:38.5216130+05:30","5","Process terminated:
RuleName: -
UtcTime: 2026-04-21 02:47:38.515
ProcessGuid: {a65b9ff6-e53c-69e6-a90c-000000001b00}
ProcessId: 22056
Image: C:\Program Files (x86)\Google\GoogleUpdater\148.0.7730.0\updater.exe
User: NT AUTHORITY\SYSTEM"
"2026-04-21T08:17:28.5168473+05:30","5","Process terminated:
RuleName: -
UtcTime: 2026-04-21 02:47:28.516
ProcessGuid: {a65b9ff6-e53c-69e6-a60c-000000001b00}
ProcessId: 15384
Image: C:\Program Files (x86)\Google\GoogleUpdater\148.0.7730.0\updater.exe
User: NT AUTHORITY\SYSTEM"
"2026-04-21T08:17:28.5067800+05:30","5","Process terminated:
RuleName: -
UtcTime: 2026-04-21 02:47:28.504
ProcessGuid: {a65b9ff6-e53c-69e6-a50c-000000001b00}
ProcessId: 7460
Image: C:\Program Files (x86)\Google\GoogleUpdater\148.0.7730.0\updater.exe
User: NT AUTHORITY\SYSTEM"
"2026-04-21T08:16:50.8894848+05:30","5","Process terminated:
RuleName: -
UtcTime: 2026-04-21 02:46:50.882
ProcessGuid: {a65b9ff6-e51a-69e6-a40c-000000001b00}
ProcessId: 10364
Image: C:\Windows\System32\conhost.exe
User: LAPTOP-I8K1DAMV\rohin"
"2026-04-21T08:16:50.8873386+05:30","5","Process terminated:
RuleName: -
UtcTime: 2026-04-21 02:46:50.882
ProcessGuid: {a65b9ff6-e51a-69e6-a30c-000000001b00}
ProcessId: 9980
Image: C:\Windows\System32\reg.exe
User: LAPTOP-I8K1DAMV\rohin"
"2026-04-21T08:16:50.8412167+05:30","5","Process terminated:
RuleName: -
UtcTime: 2026-04-21 02:46:50.834
ProcessGuid: {a65b9ff6-e51a-69e6-a20c-000000001b00}
ProcessId: 18608
Image: C:\Windows\System32\conhost.exe
User: LAPTOP-I8K1DAMV\rohin"
"2026-04-21T08:16:50.8390895+05:30","5","Process terminated:
RuleName: -
UtcTime: 2026-04-21 02:46:50.834
ProcessGuid: {a65b9ff6-e51a-69e6-a10c-000000001b00}
ProcessId: 19108
Image: C:\Windows\System32\reg.exe
User: LAPTOP-I8K1DAMV\rohin"
"2026-04-21T08:16:48.6879552+05:30","5","Process terminated:
RuleName: -
UtcTime: 2026-04-21 02:46:48.684
ProcessGuid: {a65b9ff6-e513-69e6-9e0c-000000001b00}
ProcessId: 25464
Image: C:\Windows\System32\dllhost.exe
User: LAPTOP-I8K1DAMV\rohin"
"2026-04-21T08:16:48.4941961+05:30","5","Process terminated:
RuleName: -
UtcTime: 2026-04-21 02:46:48.493
ProcessGuid: {a65b9ff6-e3a4-69e6-780c-000000001b00}
ProcessId: 6372
Image: C:\Windows\System32\svchost.exe
User: NT AUTHORITY\SYSTEM"
"2026-04-21T08:16:24.1625714+05:30","5","Process terminated:
RuleName: -
UtcTime: 2026-04-21 02:46:24.162
ProcessGuid: {a65b9ff6-e33f-69e6-750c-000000001b00}
ProcessId: 20156
Image: C:\Windows\System32\audiodg.exe
User: NT AUTHORITY\LOCAL SERVICE"
"2026-04-21T08:16:09.9204630+05:30","5","Process terminated:
RuleName: -
UtcTime: 2026-04-21 02:46:09.919
ProcessGuid: {a65b9ff6-e276-69e6-410c-000000001b00}
ProcessId: 18624
Image: C:\Windows\System32\wbem\WmiPrvSE.exe
User: NT AUTHORITY\NETWORK SERVICE"
"2026-04-21T08:15:43.9017596+05:30","5","Process terminated:
RuleName: -
UtcTime: 2026-04-21 02:45:43.895
ProcessGuid: {a65b9ff6-e49b-69e6-9c0c-000000001b00}
ProcessId: 14980
Image: C:\Windows\System32\svchost.exe
User: NT AUTHORITY\SYSTEM"
"2026-04-21T08:15:09.8959030+05:30","5","Process terminated:
RuleName: -
UtcTime: 2026-04-21 02:45:09.894
ProcessGuid: {a65b9ff6-e423-69e6-7f0c-000000001b00}
ProcessId: 8476
Image: C:\Windows\System32\wbem\WmiPrvSE.exe
User: NT AUTHORITY\LOCAL SERVICE"
"2026-04-21T08:14:46.3935714+05:30","5","Process terminated:
RuleName: -
UtcTime: 2026-04-21 02:44:46.389
ProcessGuid: {a65b9ff6-e49b-69e6-980c-000000001b00}
ProcessId: 15184
Image: C:\Program Files\Common Files\microsoft shared\ClickToRun\OfficeC2RClient.exe
User: NT AUTHORITY\SYSTEM"
"2026-04-21T08:14:43.7361570+05:30","5","Process terminated:
RuleName: -
UtcTime: 2026-04-21 02:44:43.731
ProcessGuid: {a65b9ff6-e49b-69e6-940c-000000001b00}
ProcessId: 20092
Image: C:\Windows\System32\rundll32.exe
User: NT AUTHORITY\SYSTEM"
"2026-04-21T08:14:43.6752713+05:30","5","Process terminated:
RuleName: -
UtcTime: 2026-04-21 02:44:43.668
ProcessGuid: {a65b9ff6-e49b-69e6-9b0c-000000001b00}
ProcessId: 27124
Image: C:\Windows\System32\conhost.exe
User: LAPTOP-I8K1DAMV\rohin"
"2026-04-21T08:14:43.6726258+05:30","5","Process terminated:
RuleName: -
UtcTime: 2026-04-21 02:44:43.668
ProcessGuid: {a65b9ff6-e49b-69e6-990c-000000001b00}
ProcessId: 3512
Image: C:\Windows\System32\reg.exe
User: LAPTOP-I8K1DAMV\rohin"
"2026-04-21T08:14:43.6174079+05:30","5","Process terminated:
RuleName: -
UtcTime: 2026-04-21 02:44:43.604
ProcessGuid: {a65b9ff6-e49b-69e6-970c-000000001b00}
ProcessId: 18724
Image: C:\Windows\System32\conhost.exe
User: LAPTOP-I8K1DAMV\rohin"
"2026-04-21T08:14:43.6145329+05:30","5","Process terminated:
RuleName: -
UtcTime: 2026-04-21 02:44:43.604
ProcessGuid: {a65b9ff6-e49b-69e6-950c-000000001b00}
ProcessId: 13424
Image: C:\Windows\System32\reg.exe
User: LAPTOP-I8K1DAMV\rohin"
"2026-04-21T08:14:41.5549520+05:30","5","Process terminated:
RuleName: -
UtcTime: 2026-04-21 02:44:41.554
ProcessGuid: {a65b9ff6-e499-69e6-930c-000000001b00}
ProcessId: 12924
Image: C:\Windows\System32\conhost.exe
User: LAPTOP-I8K1DAMV\rohin"
"2026-04-21T08:14:41.5527476+05:30","5","Process terminated:
RuleName: -
UtcTime: 2026-04-21 02:44:41.552
ProcessGuid: {a65b9ff6-e499-69e6-920c-000000001b00}
ProcessId: 18520
Image: C:\Windows\System32\reg.exe
User: LAPTOP-I8K1DAMV\rohin"
"2026-04-21T08:14:41.5154093+05:30","5","Process terminated:
RuleName: -
UtcTime: 2026-04-21 02:44:41.513
ProcessGuid: {a65b9ff6-e499-69e6-910c-000000001b00}
ProcessId: 12412
Image: C:\Windows\System32\conhost.exe
User: LAPTOP-I8K1DAMV\rohin"
"2026-04-21T08:14:41.5122342+05:30","5","Process terminated:
RuleName: -
UtcTime: 2026-04-21 02:44:41.509
ProcessGuid: {a65b9ff6-e499-69e6-900c-000000001b00}
ProcessId: 3104
Image: C:\Windows\System32\reg.exe
User: LAPTOP-I8K1DAMV\rohin"
"2026-04-21T08:14:41.4920001+05:30","5","Process terminated:
RuleName: -
UtcTime: 2026-04-21 02:44:41.491
ProcessGuid: {a65b9ff6-e499-69e6-8f0c-000000001b00}
ProcessId: 15288
Image: C:\Windows\System32\conhost.exe
User: LAPTOP-I8K1DAMV\rohin"
"2026-04-21T08:14:41.4873249+05:30","5","Process terminated:
RuleName: -
UtcTime: 2026-04-21 02:44:41.481
ProcessGuid: {a65b9ff6-e498-69e6-8d0c-000000001b00}
ProcessId: 20932
Image: C:\Windows\System32\reg.exe
User: LAPTOP-I8K1DAMV\rohin"
"2026-04-21T08:14:41.3092722+05:30","5","Process terminated:
RuleName: -
UtcTime: 2026-04-21 02:44:41.308
ProcessGuid: {a65b9ff6-e498-69e6-8e0c-000000001b00}
ProcessId: 21700
Image: C:\Windows\System32\conhost.exe
User: LAPTOP-I8K1DAMV\rohin"
"2026-04-21T08:14:41.2944967+05:30","5","Process terminated:
RuleName: -
UtcTime: 2026-04-21 02:44:41.293
ProcessGuid: {a65b9ff6-e498-69e6-8c0c-000000001b00}
ProcessId: 18840
Image: C:\Windows\System32\reg.exe
User: LAPTOP-I8K1DAMV\rohin"
"2026-04-21T08:14:40.5780119+05:30","5","Process terminated:
RuleName: -
UtcTime: 2026-04-21 02:44:40.567
ProcessGuid: {a65b9ff6-c0bc-69e6-3501-000000001b00}
ProcessId: 14536
Image: C:\Windows\System32\DriverStore\FileRepository\hpcustomcapcomp.inf_amd64_db0ee1e66e6d408e\x64\BridgeCommunication.exe
User: LAPTOP-I8K1DAMV\rohin"
"2026-04-21T08:14:37.6876581+05:30","5","Process terminated:
RuleName: -
UtcTime: 2026-04-21 02:44:37.679
ProcessGuid: {a65b9ff6-e455-69e6-850c-000000001b00}
ProcessId: 22556
Image: C:\Windows\System32\svchost.exe
User: NT AUTHORITY\SYSTEM"
"2026-04-21T08:14:16.5715853+05:30","5","Process terminated:
RuleName: -
UtcTime: 2026-04-21 02:44:16.570
ProcessGuid: {a65b9ff6-e423-69e6-800c-000000001b00}
ProcessId: 2944
Image: C:\Windows\System32\svchost.exe
User: NT AUTHORITY\SYSTEM"
"2026-04-21T08:14:15.6613981+05:30","5","Process terminated:
RuleName: -
UtcTime: 2026-04-21 02:44:15.658
ProcessGuid: {a65b9ff6-e457-69e6-870c-000000001b00}
ProcessId: 9852
Image: C:\Windows\System32\RuntimeBroker.exe
User: LAPTOP-I8K1DAMV\rohin"
"2026-04-21T08:14:09.5882195+05:30","5","Process terminated:
RuleName: -
UtcTime: 2026-04-21 02:44:09.577
ProcessGuid: {a65b9ff6-e45a-69e6-8a0c-000000001b00}
ProcessId: 21512
Image: C:\Windows\System32\sppsvc.exe
User: NT AUTHORITY\NETWORK SERVICE"
"2026-04-21T08:14:03.8741003+05:30","5","Process terminated:
RuleName: -
UtcTime: 2026-04-21 02:44:03.868
ProcessGuid: {a65b9ff6-e455-69e6-840c-000000001b00}
ProcessId: 18784
Image: C:\Windows\System32\svchost.exe
User: NT AUTHORITY\SYSTEM"
"2026-04-21T08:13:41.3336950+05:30","5","Process terminated:
RuleName: -
UtcTime: 2026-04-21 02:43:41.327
ProcessGuid: {a65b9ff6-e459-69e6-890c-000000001b00}
ProcessId: 17256
Image: C:\Windows\System32\taskhostw.exe
User: NT AUTHORITY\SYSTEM"
"2026-04-21T08:13:36.6308769+05:30","5","Process terminated:
RuleName: -
UtcTime: 2026-04-21 02:43:36.627
ProcessGuid: {a65b9ff6-e457-69e6-880c-000000001b00}
ProcessId: 16608
Image: C:\Windows\System32\backgroundTaskHost.exe
User: LAPTOP-I8K1DAMV\rohin"
"2026-04-21T08:13:35.6422357+05:30","5","Process terminated:
RuleName: -
UtcTime: 2026-04-21 02:43:35.637
ProcessGuid: {a65b9ff6-e456-69e6-860c-000000001b00}
ProcessId: 12928
Image: C:\Windows\System32\backgroundTaskHost.exe
User: LAPTOP-I8K1DAMV\rohin"
"2026-04-21T08:13:35.0746527+05:30","5","Process terminated:
RuleName: -
UtcTime: 2026-04-21 02:43:35.066
ProcessGuid: {a65b9ff6-e2b7-69e6-510c-000000001b00}
ProcessId: 26188
Image: C:\Program Files\WindowsApps\AD2F1837.HPSystemEventUtility_3.2.16.0_x64__v10z8vjag6ke6\SystemEventUtility\HPSystemEventUtilityHost.exe
User: LAPTOP-I8K1DAMV\rohin"
"2026-04-21T08:13:33.8349297+05:30","5","Process terminated:
RuleName: -
UtcTime: 2026-04-21 02:43:33.831
ProcessGuid: {a65b9ff6-e455-69e6-830c-000000001b00}
ProcessId: 15272
Image: C:\Windows\System32\taskhostw.exe
User: LAPTOP-I8K1DAMV\rohin"
"2026-04-21T08:12:18.4573415+05:30","5","Process terminated:
RuleName: -
UtcTime: 2026-04-21 02:42:18.456
ProcessGuid: {a65b9ff6-e3a4-69e6-790c-000000001b00}
ProcessId: 24680
Image: C:\Windows\System32\RuntimeBroker.exe
User: LAPTOP-I8K1DAMV\rohin"
"2026-04-21T08:11:55.9722338+05:30","5","Process terminated:
RuleName: -
UtcTime: 2026-04-21 02:41:55.971
ProcessGuid: {a65b9ff6-e346-69e6-760c-000000001b00}
ProcessId: 18824
Image: C:\Program Files\Google\Chrome\Application\chrome.exe
User: LAPTOP-I8K1DAMV\rohin"
"2026-04-21T08:11:55.9656174+05:30","5","Process terminated:
RuleName: -
UtcTime: 2026-04-21 02:41:55.964
ProcessGuid: {a65b9ff6-e3d0-69e6-7a0c-000000001b00}
ProcessId: 10692
Image: C:\Program Files\Google\Chrome\Application\chrome.exe
User: LAPTOP-I8K1DAMV\rohin"
"2026-04-21T08:11:50.1217734+05:30","5","Process terminated:
RuleName: -
UtcTime: 2026-04-21 02:41:50.119
ProcessGuid: {a65b9ff6-e2b7-69e6-4e0c-000000001b00}
ProcessId: 11208
Image: C:\Windows\System32\smartscreen.exe
User: LAPTOP-I8K1DAMV\rohin"
"2026-04-21T08:11:49.1145725+05:30","5","Process terminated:
RuleName: -
UtcTime: 2026-04-21 02:41:49.113
ProcessGuid: {a65b9ff6-e305-69e6-6b0c-000000001b00}
ProcessId: 18784
Image: C:\Program Files\Google\Chrome\Application\chrome.exe
User: LAPTOP-I8K1DAMV\rohin"
"2026-04-21T08:11:48.4382170+05:30","5","Process terminated:
RuleName: -
UtcTime: 2026-04-21 02:41:48.437
ProcessGuid: {a65b9ff6-e3a4-69e6-770c-000000001b00}
ProcessId: 19468
Image: C:\Windows\System32\backgroundTaskHost.exe
User: LAPTOP-I8K1DAMV\rohin"
"2026-04-21T08:11:24.2946885+05:30","5","Process terminated:
RuleName: -
UtcTime: 2026-04-21 02:41:24.293
ProcessGuid: {a65b9ff6-e33f-69e6-740c-000000001b00}
ProcessId: 21632
Image: C:\Program Files\Google\Chrome\Application\chrome.exe
User: LAPTOP-I8K1DAMV\rohin"
"2026-04-21T08:11:19.1344578+05:30","5","Process terminated:
RuleName: -
UtcTime: 2026-04-21 02:41:19.133
ProcessGuid: {a65b9ff6-e33e-69e6-730c-000000001b00}
ProcessId: 26804
Image: C:\Program Files\Google\Chrome\Application\chrome.exe
User: LAPTOP-I8K1DAMV\rohin"
"2026-04-21T08:10:43.3376983+05:30","5","Process terminated:
RuleName: -
UtcTime: 2026-04-21 02:40:43.336
ProcessGuid: {a65b9ff6-e333-69e6-6e0c-000000001b00}
ProcessId: 13300
Image: C:\Windows\System32\wbem\WmiPrvSE.exe
User: NT AUTHORITY\LOCAL SERVICE"
"2026-04-21T08:10:16.3301251+05:30","5","Process terminated:
RuleName: -
UtcTime: 2026-04-21 02:40:16.329
ProcessGuid: {a65b9ff6-e333-69e6-6f0c-000000001b00}
ProcessId: 11368
Image: C:\Windows\System32\svchost.exe
User: NT AUTHORITY\SYSTEM"
"2026-04-21T08:09:43.9370341+05:30","5","Process terminated:
RuleName: -
UtcTime: 2026-04-21 02:39:43.935
ProcessGuid: {a65b9ff6-e2fc-69e6-6a0c-000000001b00}
ProcessId: 8348
Image: C:\Windows\System32\SearchProtocolHost.exe
User: NT AUTHORITY\SYSTEM"
"2026-04-21T08:09:25.2527673+05:30","5","Process terminated:
RuleName: -
UtcTime: 2026-04-21 02:39:25.251
ProcessGuid: {a65b9ff6-e335-69e6-710c-000000001b00}
ProcessId: 1356
Image: C:\Windows\System32\RuntimeBroker.exe
User: LAPTOP-I8K1DAMV\rohin"
"2026-04-21T08:09:06.9053995+05:30","5","Process terminated:
RuleName: -
UtcTime: 2026-04-21 02:39:06.904
ProcessGuid: {a65b9ff6-dd37-69e6-d00b-000000001b00}
ProcessId: 21776
Image: C:\Program Files\Google\Chrome\Application\chrome.exe
User: LAPTOP-I8K1DAMV\rohin"
"2026-04-21T08:09:06.2339171+05:30","5","Process terminated:
RuleName: -
UtcTime: 2026-04-21 02:39:06.232
ProcessGuid: {a65b9ff6-dd23-69e6-cc0b-000000001b00}
ProcessId: 17840
Image: C:\Program Files\Google\Chrome\Application\chrome.exe
User: LAPTOP-I8K1DAMV\rohin"
"2026-04-21T08:09:05.8018066+05:30","5","Process terminated:
RuleName: -
UtcTime: 2026-04-21 02:39:05.795
ProcessGuid: {a65b9ff6-d56d-69e6-210b-000000001b00}
ProcessId: 17704
Image: C:\Program Files\Google\Chrome\Application\chrome.exe
User: LAPTOP-I8K1DAMV\rohin"
"2026-04-21T08:09:00.4934485+05:30","5","Process terminated:
RuleName: -
UtcTime: 2026-04-21 02:39:00.492
ProcessGuid: {a65b9ff6-e33d-69e6-720c-000000001b00}
ProcessId: 21840
Image: C:\Program Files\Google\Chrome\Application\chrome.exe
User: LAPTOP-I8K1DAMV\rohin"
"2026-04-21T08:09:00.0226971+05:30","5","Process terminated:
RuleName: -
UtcTime: 2026-04-21 02:39:00.021
ProcessGuid: {a65b9ff6-e191-69e6-370c-000000001b00}
ProcessId: 1804
Image: C:\Program Files\Google\Chrome\Application\chrome.exe
User: LAPTOP-I8K1DAMV\rohin"
"2026-04-21T08:08:59.5623479+05:30","5","Process terminated:
RuleName: -
UtcTime: 2026-04-21 02:38:59.561
ProcessGuid: {a65b9ff6-e18f-69e6-360c-000000001b00}
ProcessId: 2712
Image: C:\Program Files\Google\Chrome\Application\chrome.exe
User: LAPTOP-I8K1DAMV\rohin"
"2026-04-21T08:08:59.5474304+05:30","5","Process terminated:
RuleName: -
UtcTime: 2026-04-21 02:38:59.547
ProcessGuid: {a65b9ff6-e187-69e6-330c-000000001b00}
ProcessId: 5348
Image: C:\Program Files\Google\Chrome\Application\chrome.exe
User: LAPTOP-I8K1DAMV\rohin"
"2026-04-21T08:08:59.5338353+05:30","5","Process terminated:
RuleName: -
UtcTime: 2026-04-21 02:38:59.533
ProcessGuid: {a65b9ff6-e188-69e6-350c-000000001b00}
ProcessId: 9752
Image: C:\Program Files\Google\Chrome\Application\chrome.exe
User: LAPTOP-I8K1DAMV\rohin"
"2026-04-21T08:08:59.5226287+05:30","5","Process terminated:
RuleName: -
UtcTime: 2026-04-21 02:38:59.522
ProcessGuid: {a65b9ff6-e192-69e6-380c-000000001b00}
ProcessId: 10976
Image: C:\Program Files\Google\Chrome\Application\chrome.exe
User: LAPTOP-I8K1DAMV\rohin"
"2026-04-21T08:08:59.5181633+05:30","5","Process terminated:
RuleName: -
UtcTime: 2026-04-21 02:38:59.517
ProcessGuid: {a65b9ff6-e192-69e6-3a0c-000000001b00}
ProcessId: 17632
Image: C:\Program Files\Google\Chrome\Application\chrome.exe
User: LAPTOP-I8K1DAMV\rohin"
"2026-04-21T08:08:57.5652953+05:30","5","Process terminated:
RuleName: -
UtcTime: 2026-04-21 02:38:57.565
ProcessGuid: {a65b9ff6-e2e6-69e6-660c-000000001b00}
ProcessId: 23044
Image: C:\Program Files\Google\Chrome\Application\chrome.exe
User: LAPTOP-I8K1DAMV\rohin"
"2026-04-21T08:08:56.7378281+05:30","5","Process terminated:
RuleName: -
UtcTime: 2026-04-21 02:38:56.736
ProcessGuid: {a65b9ff6-e2e9-69e6-670c-000000001b00}
ProcessId: 21192
Image: C:\Program Files\Google\Chrome\Application\chrome.exe
User: LAPTOP-I8K1DAMV\rohin"
"2026-04-21T08:08:54.2656790+05:30","5","Process terminated:
RuleName: -
UtcTime: 2026-04-21 02:38:54.263
ProcessGuid: {a65b9ff6-e306-69e6-6c0c-000000001b00}
ProcessId: 25736
Image: C:\Program Files\Google\Chrome\Application\chrome.exe
User: LAPTOP-I8K1DAMV\rohin"
"2026-04-21T08:08:48.2294184+05:30","5","Process terminated:
RuleName: -
UtcTime: 2026-04-21 02:38:48.228
ProcessGuid: {a65b9ff6-e333-69e6-6d0c-000000001b00}
ProcessId: 25796
Image: C:\Windows\System32\dllhost.exe
User: LAPTOP-I8K1DAMV\rohin"
"2026-04-21T08:08:45.2216869+05:30","5","Process terminated:
RuleName: -
UtcTime: 2026-04-21 02:38:45.221
ProcessGuid: {a65b9ff6-e334-69e6-700c-000000001b00}
ProcessId: 16612
Image: C:\Program Files\Adobe\Acrobat DC\Acrobat\RDCNotificationClient\FullTrustNotifier.exe
User: LAPTOP-I8K1DAMV\rohin"
"2026-04-21T08:08:10.6223463+05:30","5","Process terminated:
RuleName: -
UtcTime: 2026-04-21 02:38:10.621
ProcessGuid: {a65b9ff6-e2d5-69e6-650c-000000001b00}
ProcessId: 14528
Image: C:\Windows\System32\backgroundTaskHost.exe
User: LAPTOP-I8K1DAMV\rohin"
"2026-04-21T08:07:58.4709385+05:30","5","Process terminated:
RuleName: -
UtcTime: 2026-04-21 02:37:58.469
ProcessGuid: {a65b9ff6-e2fb-69e6-690c-000000001b00}
ProcessId: 13872
Image: C:\Program Files\Google\Chrome\Application\chrome.exe
User: LAPTOP-I8K1DAMV\rohin"
"2026-04-21T08:07:53.5936208+05:30","5","Process terminated:
RuleName: -
UtcTime: 2026-04-21 02:37:53.592
ProcessGuid: {a65b9ff6-e2ee-69e6-680c-000000001b00}
ProcessId: 7644
Image: C:\Program Files\Google\Chrome\Application\chrome.exe
User: LAPTOP-I8K1DAMV\rohin"
"2026-04-21T08:07:26.7561562+05:30","5","Process terminated:
RuleName: -
UtcTime: 2026-04-21 02:37:26.755
ProcessGuid: {a65b9ff6-e1e7-69e6-3b0c-000000001b00}
ProcessId: 26104
Image: C:\Program Files\Google\Chrome\Application\chrome.exe
User: LAPTOP-I8K1DAMV\rohin"
"2026-04-21T08:07:26.7492637+05:30","5","Process terminated:
RuleName: -
UtcTime: 2026-04-21 02:37:26.748
ProcessGuid: {a65b9ff6-e2bb-69e6-620c-000000001b00}
ProcessId: 13156
Image: C:\Program Files\Google\Chrome\Application\chrome.exe
User: LAPTOP-I8K1DAMV\rohin"
"2026-04-21T08:07:09.8620714+05:30","5","Process terminated:
RuleName: -
UtcTime: 2026-04-21 02:37:09.856
ProcessGuid: {a65b9ff6-e2d5-69e6-640c-000000001b00}
ProcessId: 10288
Image: C:\Windows\System32\taskhostw.exe
User: LAPTOP-I8K1DAMV\rohin"
"2026-04-21T08:07:09.3929691+05:30","5","Process terminated:
RuleName: -
UtcTime: 2026-04-21 02:37:09.387
ProcessGuid: {a65b9ff6-e2b7-69e6-4b0c-000000001b00}
ProcessId: 7984
Image: C:\Windows\System32\svchost.exe
User: NT AUTHORITY\SYSTEM"
"2026-04-21T08:07:04.2288157+05:30","5","Process terminated:
RuleName: -
UtcTime: 2026-04-21 02:37:04.227
ProcessGuid: {a65b9ff6-e243-69e6-3c0c-000000001b00}
ProcessId: 25736
Image: C:\Windows\System32\wbem\WmiPrvSE.exe
User: NT AUTHORITY\LOCAL SERVICE"
"2026-04-21T08:06:59.5394356+05:30","5","Process terminated:
RuleName: -
UtcTime: 2026-04-21 02:36:59.538
ProcessGuid: {a65b9ff6-e2b7-69e6-480c-000000001b00}
ProcessId: 18228
Image: C:\Windows\System32\svchost.exe
User: NT AUTHORITY\LOCAL SERVICE"
"2026-04-21T08:06:49.3820422+05:30","5","Process terminated:
RuleName: -
UtcTime: 2026-04-21 02:36:49.381
ProcessGuid: {a65b9ff6-e2c1-69e6-630c-000000001b00}
ProcessId: 5000
Image: C:\Windows\System32\SecurityHealth\10.0.29554.1001-0\SecurityHealthHost.exe
User: LAPTOP-I8K1DAMV\rohin"
"2026-04-21T08:06:42.7821198+05:30","5","Process terminated:
RuleName: -
UtcTime: 2026-04-21 02:36:42.781
ProcessGuid: {a65b9ff6-e2b4-69e6-450c-000000001b00}
ProcessId: 12928
Image: C:\Windows\System32\ctfmon.exe
User: NT AUTHORITY\SYSTEM"
"2026-04-21T08:06:42.2448542+05:30","5","Process terminated:
RuleName: -
UtcTime: 2026-04-21 02:36:42.244
ProcessGuid: {a65b9ff6-e062-69e6-170c-000000001b00}
ProcessId: 14200
Image: C:\Windows\System32\svchost.exe
User: NT AUTHORITY\SYSTEM"
"2026-04-21T08:06:40.5965004+05:30","5","Process terminated:
RuleName: -
UtcTime: 2026-04-21 02:36:40.596
ProcessGuid: {a65b9ff6-e2b7-69e6-470c-000000001b00}
ProcessId: 3296
Image: C:\Program Files\AMD\CIM\Bin64\InstallManagerApp.exe
User: LAPTOP-I8K1DAMV\rohin"
