"2026-04-21T05:41:58.6754959+05:30","5","Process terminated:
RuleName: -
UtcTime: 2026-04-21 00:11:58.675
ProcessGuid: {a65b9ff6-c0ce-69e6-7a01-000000001b00}
ProcessId: 18488
Image: C:\Windows\System32\wsl.exe
User: LAPTOP-I8K1DAMV\rohin"
"2026-04-21T05:41:58.6712783+05:30","5","Process terminated:
RuleName: -
UtcTime: 2026-04-21 00:11:58.671
ProcessGuid: {a65b9ff6-c0ce-69e6-7d01-000000001b00}
ProcessId: 17864
Image: C:\Program Files\WSL\wsl.exe
User: LAPTOP-I8K1DAMV\rohin"
"2026-04-21T05:41:58.3426685+05:30","5","Process terminated:
RuleName: -
UtcTime: 2026-04-21 00:11:58.341
ProcessGuid: {a65b9ff6-c0cd-69e6-7001-000000001b00}
ProcessId: 19084
Image: C:\Program Files\Docker\Docker\Docker Desktop.exe
User: LAPTOP-I8K1DAMV\rohin"
"2026-04-21T05:41:56.7728327+05:30","5","Process terminated:
RuleName: -
UtcTime: 2026-04-21 00:11:56.771
ProcessGuid: {a65b9ff6-c0cc-69e6-6c01-000000001b00}
ProcessId: 18936
Image: C:\Windows\System32\conhost.exe
User: LAPTOP-I8K1DAMV\rohin"
"2026-04-21T05:41:56.7694181+05:30","5","Process terminated:
RuleName: -
UtcTime: 2026-04-21 00:11:56.768
ProcessGuid: {a65b9ff6-c0cc-69e6-6b01-000000001b00}
ProcessId: 18928
Image: C:\Windows\System32\cmd.exe
User: LAPTOP-I8K1DAMV\rohin"
"2026-04-21T05:41:56.7644614+05:30","5","Process terminated:
RuleName: -
UtcTime: 2026-04-21 00:11:56.763
ProcessGuid: {a65b9ff6-c0cc-69e6-6d01-000000001b00}
ProcessId: 18968
Image: C:\Windows\System32\wsl.exe
User: LAPTOP-I8K1DAMV\rohin"
"2026-04-21T05:41:56.7589496+05:30","5","Process terminated:
RuleName: -
UtcTime: 2026-04-21 00:11:56.755
ProcessGuid: {a65b9ff6-c0cc-69e6-6e01-000000001b00}
ProcessId: 18988
Image: C:\Program Files\WSL\wsl.exe
User: LAPTOP-I8K1DAMV\rohin"
"2026-04-21T05:41:56.7171545+05:30","5","Process terminated:
RuleName: -
UtcTime: 2026-04-21 00:11:56.716
ProcessGuid: {a65b9ff6-c0c4-69e6-5301-000000001b00}
ProcessId: 14180
Image: C:\Windows\System32\dllhost.exe
User: LAPTOP-I8K1DAMV\rohin"
"2026-04-21T05:41:55.7142023+05:30","5","Process terminated:
RuleName: -
UtcTime: 2026-04-21 00:11:55.714
ProcessGuid: {a65b9ff6-c0cb-69e6-6a01-000000001b00}
ProcessId: 18652
Image: C:\Program Files\HP\OmenInstallMonitor\OmenInstallMonitor.exe
User: LAPTOP-I8K1DAMV\rohin"
"2026-04-21T05:41:55.0501657+05:30","5","Process terminated:
RuleName: -
UtcTime: 2026-04-21 00:11:55.049
ProcessGuid: {a65b9ff6-c0ca-69e6-6401-000000001b00}
ProcessId: 18412
Image: C:\Windows\System32\conhost.exe
User: LAPTOP-I8K1DAMV\rohin"
"2026-04-21T05:41:55.0407167+05:30","5","Process terminated:
RuleName: -
UtcTime: 2026-04-21 00:11:55.040
ProcessGuid: {a65b9ff6-c0ca-69e6-6301-000000001b00}
ProcessId: 18404
Image: C:\Windows\System32\cmd.exe
User: LAPTOP-I8K1DAMV\rohin"
"2026-04-21T05:41:55.0263844+05:30","5","Process terminated:
RuleName: -
UtcTime: 2026-04-21 00:11:55.025
ProcessGuid: {a65b9ff6-c0ca-69e6-6601-000000001b00}
ProcessId: 16672
Image: C:\Windows\System32\wsl.exe
User: LAPTOP-I8K1DAMV\rohin"
"2026-04-21T05:41:55.0194606+05:30","5","Process terminated:
RuleName: -
UtcTime: 2026-04-21 00:11:55.017
ProcessGuid: {a65b9ff6-c0ca-69e6-6801-000000001b00}
ProcessId: 17864
Image: C:\Program Files\WSL\wsl.exe
User: LAPTOP-I8K1DAMV\rohin"
"2026-04-21T05:41:53.1471615+05:30","5","Process terminated:
RuleName: -
UtcTime: 2026-04-21 00:11:53.146
ProcessGuid: {a65b9ff6-c0c9-69e6-6101-000000001b00}
ProcessId: 18128
Image: C:\Users\rohin\AppData\Local\Programs\Microsoft VS Code\560a9dba96\tools\inno_updater.exe
User: LAPTOP-I8K1DAMV\rohin"
"2026-04-21T05:41:50.4543755+05:30","5","Process terminated:
RuleName: -
UtcTime: 2026-04-21 00:11:50.452
ProcessGuid: {a65b9ff6-c0b8-69e6-0f01-000000001b00}
ProcessId: 13488
Image: C:\Program Files (x86)\Google\GoogleUpdater\148.0.7730.0\updater.exe
User: NT AUTHORITY\SYSTEM"
"2026-04-21T05:41:50.4462239+05:30","5","Process terminated:
RuleName: -
UtcTime: 2026-04-21 00:11:50.445
ProcessGuid: {a65b9ff6-c0b8-69e6-0c01-000000001b00}
ProcessId: 13432
Image: C:\Program Files (x86)\Google\GoogleUpdater\148.0.7730.0\updater.exe
User: NT AUTHORITY\SYSTEM"
"2026-04-21T05:41:50.4422215+05:30","5","Process terminated:
RuleName: -
UtcTime: 2026-04-21 00:11:50.440
ProcessGuid: {a65b9ff6-c0b9-69e6-1401-000000001b00}
ProcessId: 13756
Image: C:\Program Files (x86)\Google\GoogleUpdater\148.0.7730.0\updater.exe
User: NT AUTHORITY\SYSTEM"
"2026-04-21T05:41:50.4339902+05:30","5","Process terminated:
RuleName: -
UtcTime: 2026-04-21 00:11:50.433
ProcessGuid: {a65b9ff6-c0b9-69e6-1301-000000001b00}
ProcessId: 13700
Image: C:\Program Files (x86)\Google\GoogleUpdater\148.0.7730.0\updater.exe
User: NT AUTHORITY\SYSTEM"
"2026-04-21T05:41:48.2313060+05:30","5","Process terminated:
RuleName: -
UtcTime: 2026-04-21 00:11:48.229
ProcessGuid: {a65b9ff6-c0c4-69e6-5201-000000001b00}
ProcessId: 3076
Image: C:\Windows\System32\conhost.exe
User: LAPTOP-I8K1DAMV\rohin"
"2026-04-21T05:41:48.2298296+05:30","5","Process terminated:
RuleName: -
UtcTime: 2026-04-21 00:11:48.229
ProcessGuid: {a65b9ff6-c0c4-69e6-5101-000000001b00}
ProcessId: 2576
Image: C:\Windows\System32\reg.exe
User: LAPTOP-I8K1DAMV\rohin"
"2026-04-21T05:41:48.0281024+05:30","5","Process terminated:
RuleName: -
UtcTime: 2026-04-21 00:11:48.022
ProcessGuid: {a65b9ff6-c0b9-69e6-2701-000000001b00}
ProcessId: 12520
Image: C:\Windows\System32\rundll32.exe
User: LAPTOP-I8K1DAMV\rohin"
"2026-04-21T05:41:45.0008667+05:30","5","Process terminated:
RuleName: -
UtcTime: 2026-04-21 00:11:44.994
ProcessGuid: {a65b9ff6-c0c0-69e6-4f01-000000001b00}
ProcessId: 17016
Image: C:\Program Files\WindowsApps\AD2F1837.OMENCommandCenter_1101.2603.3.0_x64__v10z8vjag6ke6\OmenCommandCenterApp\OmenBGMonitor.exe
User: LAPTOP-I8K1DAMV\rohin"
"2026-04-21T05:41:45.0007475+05:30","5","Process terminated:
RuleName: -
UtcTime: 2026-04-21 00:11:44.994
ProcessGuid: {a65b9ff6-c0c0-69e6-4d01-000000001b00}
ProcessId: 17000
Image: C:\Program Files\WindowsApps\AD2F1837.OMENCommandCenter_1101.2603.3.0_x64__v10z8vjag6ke6\OmenCommandCenterApp\OmenBGMonitor.exe
User: LAPTOP-I8K1DAMV\rohin"
"2026-04-21T05:41:44.9997835+05:30","5","Process terminated:
RuleName: -
UtcTime: 2026-04-21 00:11:44.994
ProcessGuid: {a65b9ff6-c0c0-69e6-4e01-000000001b00}
ProcessId: 17008
Image: C:\Program Files\WindowsApps\AD2F1837.OMENCommandCenter_1101.2603.3.0_x64__v10z8vjag6ke6\OmenCommandCenterApp\OmenBGMonitor.exe
User: LAPTOP-I8K1DAMV\rohin"
"2026-04-21T05:41:44.6907720+05:30","5","Process terminated:
RuleName: -
UtcTime: 2026-04-21 00:11:44.687
ProcessGuid: {a65b9ff6-c0ba-69e6-2b01-000000001b00}
ProcessId: 14224
Image: C:\Windows\System32\dllhost.exe
User: LAPTOP-I8K1DAMV\rohin"
"2026-04-21T05:41:44.6433797+05:30","5","Process terminated:
RuleName: -
UtcTime: 2026-04-21 00:11:44.640
ProcessGuid: {a65b9ff6-c0bb-69e6-2e01-000000001b00}
ProcessId: 12500
Image: C:\Windows\System32\dllhost.exe
User: LAPTOP-I8K1DAMV\rohin"
"2026-04-21T05:41:44.5007060+05:30","5","Process terminated:
RuleName: -
UtcTime: 2026-04-21 00:11:44.497
ProcessGuid: {a65b9ff6-c0b5-69e6-df00-000000001b00}
ProcessId: 6736
Image: C:\Windows\System32\ctfmon.exe
User: NT AUTHORITY\SYSTEM"
"2026-04-21T05:41:44.3608338+05:30","5","Process terminated:
RuleName: -
UtcTime: 2026-04-21 00:11:44.355
ProcessGuid: {a65b9ff6-c0c0-69e6-4801-000000001b00}
ProcessId: 16612
Image: C:\Program Files\WindowsApps\AD2F1837.OMENCommandCenter_1101.2603.3.0_x64__v10z8vjag6ke6\OmenCommandCenterApp\OmenBGMonitor.exe
User: LAPTOP-I8K1DAMV\rohin"
"2026-04-21T05:41:43.6590385+05:30","5","Process terminated:
RuleName: -
UtcTime: 2026-04-21 00:11:43.655
ProcessGuid: {a65b9ff6-c0bd-69e6-3f01-000000001b00}
ProcessId: 15280
Image: C:\Program Files\McAfee\WebAdvisor\updater.exe
User: NT AUTHORITY\SYSTEM"
"2026-04-21T05:41:43.3008808+05:30","5","Process terminated:
RuleName: -
UtcTime: 2026-04-21 00:11:43.300
ProcessGuid: {a65b9ff6-c0b9-69e6-1001-000000001b00}
ProcessId: 13532
Image: C:\Windows\System32\dxgiadaptercache.exe
User: NT AUTHORITY\SYSTEM"
"2026-04-21T05:41:43.2974035+05:30","5","Process terminated:
RuleName: -
UtcTime: 2026-04-21 00:11:43.295
ProcessGuid: {a65b9ff6-c0be-69e6-4301-000000001b00}
ProcessId: 16288
Image: C:\Windows\System32\backgroundTaskHost.exe
User: LAPTOP-I8K1DAMV\rohin"
"2026-04-21T05:41:42.3935311+05:30","5","Process terminated:
RuleName: -
UtcTime: 2026-04-21 00:11:42.391
ProcessGuid: {a65b9ff6-c07c-69e6-1500-000000001b00}
ProcessId: 1672
Image: C:\Windows\System32\LogonUI.exe
User: NT AUTHORITY\SYSTEM"
"2026-04-21T05:41:41.2148161+05:30","5","Process terminated:
RuleName: -
UtcTime: 2026-04-21 00:11:41.212
ProcessGuid: {a65b9ff6-c0bb-69e6-3301-000000001b00}
ProcessId: 8328
Image: C:\Windows\System32\backgroundTaskHost.exe
User: LAPTOP-I8K1DAMV\rohin"
"2026-04-21T05:41:40.8811240+05:30","5","Process terminated:
RuleName: -
UtcTime: 2026-04-21 00:11:40.880
ProcessGuid: {a65b9ff6-c0bc-69e6-3601-000000001b00}
ProcessId: 14664
Image: C:\Windows\SystemApps\MicrosoftWindows.Client.CBS_cw5n1h2txyewy\SoftLandingTask\SoftLandingTask.exe
User: LAPTOP-I8K1DAMV\rohin"
"2026-04-21T05:41:40.4469925+05:30","5","Process terminated:
RuleName: -
UtcTime: 2026-04-21 00:11:40.445
ProcessGuid: {a65b9ff6-c0b8-69e6-0301-000000001b00}
ProcessId: 13184
Image: C:\Program Files (x86)\Google\GoogleUpdater\148.0.7730.0\updater.exe
User: NT AUTHORITY\SYSTEM"
"2026-04-21T05:41:40.4381235+05:30","5","Process terminated:
RuleName: -
UtcTime: 2026-04-21 00:11:40.425
ProcessGuid: {a65b9ff6-c0b8-69e6-f000-000000001b00}
ProcessId: 12472
Image: C:\Program Files (x86)\Google\GoogleUpdater\148.0.7730.0\updater.exe
User: NT AUTHORITY\SYSTEM"
"2026-04-21T05:41:39.6063281+05:30","5","Process terminated:
RuleName: -
UtcTime: 2026-04-21 00:11:39.604
ProcessGuid: {a65b9ff6-c0b8-69e6-fa00-000000001b00}
ProcessId: 12740
Image: C:\Program Files\AMD\CIM\Bin64\InstallManagerApp.exe
User: LAPTOP-I8K1DAMV\rohin"
"2026-04-21T05:41:38.8380625+05:30","5","Process terminated:
RuleName: -
UtcTime: 2026-04-21 00:11:38.833
ProcessGuid: {a65b9ff6-c0b9-69e6-1d01-000000001b00}
ProcessId: 14136
Image: C:\Windows\System32\Dism\DismHost.exe
User: NT AUTHORITY\SYSTEM"
"2026-04-21T05:41:38.5734231+05:30","5","Process terminated:
RuleName: -
UtcTime: 2026-04-21 00:11:38.569
ProcessGuid: {a65b9ff6-c0b8-69e6-f500-000000001b00}
ProcessId: 12572
Image: C:\Windows\System32\taskhostw.exe
User: LAPTOP-I8K1DAMV\rohin"
"2026-04-21T05:41:37.8495476+05:30","5","Process terminated:
RuleName: -
UtcTime: 2026-04-21 00:11:37.846
ProcessGuid: {a65b9ff6-c07d-69e6-5c00-000000001b00}
ProcessId: 5656
Image: C:\Windows\System32\svchost.exe
User: NT AUTHORITY\SYSTEM"
"2026-04-21T05:41:37.8454921+05:30","5","Process terminated:
RuleName: -
UtcTime: 2026-04-21 00:11:37.840
ProcessGuid: {a65b9ff6-c0b8-69e6-fb00-000000001b00}
ProcessId: 12808
Image: C:\Program Files (x86)\BraveSoftware\Update\BraveUpdate.exe
User: NT AUTHORITY\SYSTEM"
"2026-04-21T05:41:37.8388277+05:30","5","Process terminated:
RuleName: -
UtcTime: 2026-04-21 00:11:37.836
ProcessGuid: {a65b9ff6-c0b8-69e6-ee00-000000001b00}
ProcessId: 12444
Image: C:\Program Files\AMD\CIM\Bin64\InstallManagerApp.exe
User: LAPTOP-I8K1DAMV\rohin"
"2026-04-21T05:41:37.8306242+05:30","5","Process terminated:
RuleName: -
UtcTime: 2026-04-21 00:11:37.830
ProcessGuid: {a65b9ff6-c0b9-69e6-2401-000000001b00}
ProcessId: 4304
Image: C:\Windows\System32\conhost.exe
User: LAPTOP-I8K1DAMV\rohin"
"2026-04-21T05:41:37.8277915+05:30","5","Process terminated:
RuleName: -
UtcTime: 2026-04-21 00:11:37.823
ProcessGuid: {a65b9ff6-c0b9-69e6-2201-000000001b00}
ProcessId: 4324
Image: C:\Windows\System32\cmd.exe
User: LAPTOP-I8K1DAMV\rohin"
"2026-04-21T05:41:37.8219315+05:30","5","Process terminated:
RuleName: -
UtcTime: 2026-04-21 00:11:37.818
ProcessGuid: {a65b9ff6-c0b9-69e6-2501-000000001b00}
ProcessId: 12616
Image: C:\Windows\System32\schtasks.exe
User: LAPTOP-I8K1DAMV\rohin"
"2026-04-21T05:41:37.7067770+05:30","5","Process terminated:
RuleName: -
UtcTime: 2026-04-21 00:11:37.706
ProcessGuid: {a65b9ff6-c0b9-69e6-2001-000000001b00}
ProcessId: 14180
Image: C:\Windows\System32\conhost.exe
User: LAPTOP-I8K1DAMV\rohin"
"2026-04-21T05:41:37.7045827+05:30","5","Process terminated:
RuleName: -
UtcTime: 2026-04-21 00:11:37.703
ProcessGuid: {a65b9ff6-c0b9-69e6-1e01-000000001b00}
ProcessId: 14144
Image: C:\Windows\System32\schtasks.exe
User: LAPTOP-I8K1DAMV\rohin"
"2026-04-21T05:41:37.6508259+05:30","5","Process terminated:
RuleName: -
UtcTime: 2026-04-21 00:11:37.648
ProcessGuid: {a65b9ff6-c0b9-69e6-1f01-000000001b00}
ProcessId: 14156
Image: C:\Windows\System32\conhost.exe
User: LAPTOP-I8K1DAMV\rohin"
"2026-04-21T05:41:37.6475574+05:30","5","Process terminated:
RuleName: -
UtcTime: 2026-04-21 00:11:37.646
ProcessGuid: {a65b9ff6-c0b9-69e6-1c01-000000001b00}
ProcessId: 14120
Image: C:\Windows\System32\schtasks.exe
User: LAPTOP-I8K1DAMV\rohin"
"2026-04-21T05:41:37.4523101+05:30","5","Process terminated:
RuleName: -
UtcTime: 2026-04-21 00:11:37.451
ProcessGuid: {a65b9ff6-c0b9-69e6-1a01-000000001b00}
ProcessId: 14008
Image: C:\Windows\System32\conhost.exe
User: LAPTOP-I8K1DAMV\rohin"
"2026-04-21T05:41:37.4497369+05:30","5","Process terminated:
RuleName: -
UtcTime: 2026-04-21 00:11:37.449
ProcessGuid: {a65b9ff6-c0b9-69e6-1901-000000001b00}
ProcessId: 13976
Image: C:\Windows\System32\cmd.exe
User: LAPTOP-I8K1DAMV\rohin"
"2026-04-21T05:41:37.4454106+05:30","5","Process terminated:
RuleName: -
UtcTime: 2026-04-21 00:11:37.444
ProcessGuid: {a65b9ff6-c0b9-69e6-1b01-000000001b00}
ProcessId: 14060
Image: C:\Windows\System32\schtasks.exe
User: LAPTOP-I8K1DAMV\rohin"
"2026-04-21T05:41:37.3036902+05:30","5","Process terminated:
RuleName: -
UtcTime: 2026-04-21 00:11:37.303
ProcessGuid: {a65b9ff6-c0b9-69e6-1601-000000001b00}
ProcessId: 13796
Image: C:\Windows\System32\conhost.exe
User: LAPTOP-I8K1DAMV\rohin"
"2026-04-21T05:41:37.3009692+05:30","5","Process terminated:
RuleName: -
UtcTime: 2026-04-21 00:11:37.300
ProcessGuid: {a65b9ff6-c0b9-69e6-1501-000000001b00}
ProcessId: 13780
Image: C:\Windows\System32\cmd.exe
User: LAPTOP-I8K1DAMV\rohin"
"2026-04-21T05:41:37.2955767+05:30","5","Process terminated:
RuleName: -
UtcTime: 2026-04-21 00:11:37.295
ProcessGuid: {a65b9ff6-c0b9-69e6-1701-000000001b00}
ProcessId: 13888
Image: C:\Windows\System32\schtasks.exe
User: LAPTOP-I8K1DAMV\rohin"
"2026-04-21T05:41:37.2600565+05:30","5","Process terminated:
RuleName: -
UtcTime: 2026-04-21 00:11:37.259
ProcessGuid: {a65b9ff6-c0b8-69e6-f400-000000001b00}
ProcessId: 12564
Image: C:\Program Files (x86)\NVIDIA Corporation\NvNode\nvnodejslauncher.exe
User: LAPTOP-I8K1DAMV\rohin"
"2026-04-21T05:41:37.1828715+05:30","5","Process terminated:
RuleName: -
UtcTime: 2026-04-21 00:11:37.180
ProcessGuid: {a65b9ff6-c0b9-69e6-1201-000000001b00}
ProcessId: 13644
Image: C:\Windows\System32\conhost.exe
User: LAPTOP-I8K1DAMV\rohin"
"2026-04-21T05:41:37.1794840+05:30","5","Process terminated:
RuleName: -
UtcTime: 2026-04-21 00:11:37.179
ProcessGuid: {a65b9ff6-c0b9-69e6-1101-000000001b00}
ProcessId: 13608
Image: C:\Windows\System32\schtasks.exe
User: LAPTOP-I8K1DAMV\rohin"
"2026-04-21T05:41:37.0952767+05:30","5","Process terminated:
RuleName: -
UtcTime: 2026-04-21 00:11:37.094
ProcessGuid: {a65b9ff6-c0b8-69e6-0e01-000000001b00}
ProcessId: 13476
Image: C:\Windows\System32\conhost.exe
User: LAPTOP-I8K1DAMV\rohin"
"2026-04-21T05:41:37.0928780+05:30","5","Process terminated:
RuleName: -
UtcTime: 2026-04-21 00:11:37.092
ProcessGuid: {a65b9ff6-c0b8-69e6-0d01-000000001b00}
ProcessId: 13460
Image: C:\Windows\System32\schtasks.exe
User: LAPTOP-I8K1DAMV\rohin"
"2026-04-21T05:41:37.0239068+05:30","5","Process terminated:
RuleName: -
UtcTime: 2026-04-21 00:11:37.022
ProcessGuid: {a65b9ff6-c0b8-69e6-fc00-000000001b00}
ProcessId: 12840
Image: C:\Windows\System32\MDMAgent.exe
User: NT AUTHORITY\SYSTEM"
"2026-04-21T05:41:37.0089561+05:30","5","Process terminated:
RuleName: -
UtcTime: 2026-04-21 00:11:37.008
ProcessGuid: {a65b9ff6-c0b8-69e6-0a01-000000001b00}
ProcessId: 12520
Image: C:\Windows\System32\svchost.exe
User: NT AUTHORITY\SYSTEM"
"2026-04-21T05:41:36.9570272+05:30","5","Process terminated:
RuleName: -
UtcTime: 2026-04-21 00:11:36.956
ProcessGuid: {a65b9ff6-c0b8-69e6-f100-000000001b00}
ProcessId: 12480
Image: C:\Windows\System32\taskhostw.exe
User: LAPTOP-I8K1DAMV\rohin"
"2026-04-21T05:41:36.8575781+05:30","5","Process terminated:
RuleName: -
UtcTime: 2026-04-21 00:11:36.856
ProcessGuid: {a65b9ff6-c0b8-69e6-0201-000000001b00}
ProcessId: 13080
Image: C:\Windows\System32\conhost.exe
User: LAPTOP-I8K1DAMV\rohin"
"2026-04-21T05:41:36.8490252+05:30","5","Process terminated:
RuleName: -
UtcTime: 2026-04-21 00:11:36.848
ProcessGuid: {a65b9ff6-c0b8-69e6-0101-000000001b00}
ProcessId: 12972
Image: C:\Windows\System32\cmd.exe
User: LAPTOP-I8K1DAMV\rohin"
"2026-04-21T05:41:36.8343051+05:30","5","Process terminated:
RuleName: -
UtcTime: 2026-04-21 00:11:36.833
ProcessGuid: {a65b9ff6-c0b8-69e6-0601-000000001b00}
ProcessId: 13292
Image: C:\Windows\System32\schtasks.exe
User: LAPTOP-I8K1DAMV\rohin"
"2026-04-21T05:41:36.7277298+05:30","5","Process terminated:
RuleName: -
UtcTime: 2026-04-21 00:11:36.726
ProcessGuid: {a65b9ff6-c0b8-69e6-f200-000000001b00}
ProcessId: 12520
Image: C:\Program Files (x86)\Microsoft\EdgeUpdate\MicrosoftEdgeUpdate.exe
User: NT AUTHORITY\SYSTEM"
"2026-04-21T05:41:36.6400527+05:30","5","Process terminated:
RuleName: -
UtcTime: 2026-04-21 00:11:36.639
ProcessGuid: {a65b9ff6-c0b8-69e6-ff00-000000001b00}
ProcessId: 12912
Image: C:\Windows\System32\conhost.exe
User: NT AUTHORITY\SYSTEM"
"2026-04-21T05:41:36.6331075+05:30","5","Process terminated:
RuleName: -
UtcTime: 2026-04-21 00:11:36.631
ProcessGuid: {a65b9ff6-c0b8-69e6-fe00-000000001b00}
ProcessId: 12868
Image: C:\Windows\System32\sc.exe
User: NT AUTHORITY\SYSTEM"
"2026-04-21T05:41:36.3277474+05:30","5","Process terminated:
RuleName: -
UtcTime: 2026-04-21 00:11:36.315
ProcessGuid: {a65b9ff6-c0b8-69e6-f300-000000001b00}
ProcessId: 12540
Image: C:\Program Files\AMD\CNext\CNext\RSServCmd.exe
User: LAPTOP-I8K1DAMV\rohin"
"2026-04-21T05:41:36.1135007+05:30","5","Process terminated:
RuleName: -
UtcTime: 2026-04-21 00:11:36.110
ProcessGuid: {a65b9ff6-c0b7-69e6-e500-000000001b00}
ProcessId: 8088
Image: C:\Windows\System32\taskhostw.exe
User: NT AUTHORITY\SYSTEM"
"2026-04-21T05:41:35.5790641+05:30","5","Process terminated:
RuleName: -
UtcTime: 2026-04-21 00:11:35.577
ProcessGuid: {a65b9ff6-c0b7-69e6-e100-000000001b00}
ProcessId: 6116
Image: C:\Windows\System32\rundll32.exe
User: NT AUTHORITY\SYSTEM"
"2026-04-21T05:41:31.2644148+05:30","5","Process terminated:
RuleName: -
UtcTime: 2026-04-21 00:11:31.262
ProcessGuid: {a65b9ff6-c0b2-69e6-de00-000000001b00}
ProcessId: 8096
Image: C:\Program Files\McAfee\WebAdvisor\updater.exe
User: NT AUTHORITY\SYSTEM"
"2026-04-21T05:41:26.6238771+05:30","5","Process terminated:
RuleName: -
UtcTime: 2026-04-21 00:11:26.621
ProcessGuid: {a65b9ff6-c07c-69e6-3700-000000001b00}
ProcessId: 3688
Image: C:\Windows\System32\dllhost.exe
User: NT AUTHORITY\SYSTEM"
"2026-04-21T05:41:25.1773063+05:30","5","Process terminated:
RuleName: -
UtcTime: 2026-04-21 00:11:25.173
ProcessGuid: {a65b9ff6-c0ac-69e6-dd00-000000001b00}
ProcessId: 6084
Image: C:\Program Files\McAfee\WebAdvisor\updater.exe
User: NT AUTHORITY\SYSTEM"
"2026-04-21T05:41:21.6134914+05:30","5","Process terminated:
RuleName: -
UtcTime: 2026-04-21 00:11:21.609
ProcessGuid: {a65b9ff6-c07c-69e6-1b00-000000001b00}
ProcessId: 2140
Image: C:\Windows\System32\svchost.exe
User: NT AUTHORITY\SYSTEM"
"2026-04-21T05:41:20.9819330+05:30","5","Process terminated:
RuleName: -
UtcTime: 2026-04-21 00:11:20.972
ProcessGuid: {a65b9ff6-c0a7-69e6-db00-000000001b00}
ProcessId: 8148
Image: C:\Program Files\McAfee\WebAdvisor\updater.exe
User: NT AUTHORITY\SYSTEM"
"2026-04-21T05:41:11.6233040+05:30","5","Process terminated:
RuleName: -
UtcTime: 2026-04-21 00:11:11.622
ProcessGuid: {a65b9ff6-c080-69e6-a100-000000001b00}
ProcessId: 9020
Image: C:\Windows\System32\sppsvc.exe
User: NT AUTHORITY\NETWORK SERVICE"
"2026-04-21T05:41:11.6166617+05:30","5","Process terminated:
RuleName: -
UtcTime: 2026-04-21 00:11:11.612
ProcessGuid: {a65b9ff6-c081-69e6-ad00-000000001b00}
ProcessId: 8560
Image: C:\Windows\System32\SppExtComObj.Exe
User: NT AUTHORITY\NETWORK SERVICE"
"2026-04-21T05:41:11.3659463+05:30","5","Process terminated:
RuleName: -
UtcTime: 2026-04-21 00:11:11.365
ProcessGuid: {a65b9ff6-c086-69e6-c000-000000001b00}
ProcessId: 5632
Image: C:\Windows\System32\svchost.exe
User: NT AUTHORITY\LOCAL SERVICE"
"2026-04-21T05:41:06.2564751+05:30","5","Process terminated:
RuleName: -
UtcTime: 2026-04-21 00:11:06.249
ProcessGuid: {a65b9ff6-c07c-69e6-2500-000000001b00}
ProcessId: 2648
Image: C:\Windows\System32\svchost.exe
User: NT AUTHORITY\SYSTEM"
"2026-04-21T05:40:54.2657824+05:30","5","Process terminated:
RuleName: -
UtcTime: 2026-04-21 00:10:54.255
ProcessGuid: {a65b9ff6-c07c-69e6-3500-000000001b00}
ProcessId: 3636
Image: C:\Windows\System32\dxgiadaptercache.exe
User: NT AUTHORITY\SYSTEM"
"2026-04-21T05:40:53.9430446+05:30","5","Process terminated:
RuleName: -
UtcTime: 2026-04-21 00:10:53.939
ProcessGuid: {a65b9ff6-c080-69e6-a800-000000001b00}
ProcessId: 7496
Image: C:\Windows\System32\Dism\DismHost.exe
User: NT AUTHORITY\SYSTEM"
"2026-04-21T05:40:53.1290375+05:30","5","Process terminated:
RuleName: -
UtcTime: 2026-04-21 00:10:53.127
ProcessGuid: {a65b9ff6-c07e-69e6-8600-000000001b00}
ProcessId: 7696
Image: C:\Program Files (x86)\Google\GoogleUpdater\148.0.7730.0\updater.exe
User: NT AUTHORITY\SYSTEM"
"2026-04-21T05:40:53.1058568+05:30","5","Process terminated:
RuleName: -
UtcTime: 2026-04-21 00:10:53.096
ProcessGuid: {a65b9ff6-c07e-69e6-8a00-000000001b00}
ProcessId: 8056
Image: C:\Program Files (x86)\Google\GoogleUpdater\148.0.7730.0\updater.exe
User: NT AUTHORITY\SYSTEM"
"2026-04-21T05:40:53.1006562+05:30","5","Process terminated:
RuleName: -
UtcTime: 2026-04-21 00:10:53.096
ProcessGuid: {a65b9ff6-c07e-69e6-8400-000000001b00}
ProcessId: 7644
Image: C:\Program Files (x86)\Google\GoogleUpdater\148.0.7730.0\updater.exe
User: NT AUTHORITY\SYSTEM"
"2026-04-21T05:40:53.1004106+05:30","5","Process terminated:
RuleName: -
UtcTime: 2026-04-21 00:10:53.096
ProcessGuid: {a65b9ff6-c07e-69e6-8900-000000001b00}
ProcessId: 7976
Image: C:\Program Files (x86)\Google\GoogleUpdater\148.0.7730.0\updater.exe
User: NT AUTHORITY\SYSTEM"
"2026-04-21T05:40:50.8868059+05:30","5","Process terminated:
RuleName: -
UtcTime: 2026-04-21 00:10:50.881
ProcessGuid: {a65b9ff6-c08a-69e6-d600-000000001b00}
ProcessId: 7624
Image: C:\Windows\System32\conhost.exe
User: NT AUTHORITY\SYSTEM"
"2026-04-21T05:40:50.8842554+05:30","5","Process terminated:
RuleName: -
UtcTime: 2026-04-21 00:10:50.881
ProcessGuid: {a65b9ff6-c08a-69e6-d500-000000001b00}
ProcessId: 11040
Image: C:\ProgramData\Microsoft\Windows Defender\Platform\4.18.26030.3011-0\MpCmdRun.exe
User: NT AUTHORITY\SYSTEM"
"2026-04-21T05:40:50.4279073+05:30","5","Process terminated:
RuleName: -
UtcTime: 2026-04-21 00:10:50.424
ProcessGuid: {a65b9ff6-c07c-69e6-4500-000000001b00}
ProcessId: 4152
Image: C:\Windows\WinSxS\amd64_microsoft-windows-servicingstack_31bf3856ad364e35_10.0.26100.8035_none_a54f1c79772e807e\TiWorker.exe
User: NT AUTHORITY\SYSTEM"
"2026-04-21T05:40:49.5642760+05:30","5","Process terminated:
RuleName: -
UtcTime: 2026-04-21 00:10:49.559
ProcessGuid: {a65b9ff6-c085-69e6-bc00-000000001b00}
ProcessId: 8736
Image: C:\Windows\System32\taskhostw.exe
User: NT AUTHORITY\SYSTEM"
"2026-04-21T05:40:48.9562907+05:30","5","Process terminated:
RuleName: -
UtcTime: 2026-04-21 00:10:48.952
ProcessGuid: {a65b9ff6-c087-69e6-cb00-000000001b00}
ProcessId: 10668
Image: C:\Windows\System32\conhost.exe
User: NT AUTHORITY\SYSTEM"
"2026-04-21T05:40:48.9548042+05:30","5","Process terminated:
RuleName: -
UtcTime: 2026-04-21 00:10:48.952
ProcessGuid: {a65b9ff6-c087-69e6-ca00-000000001b00}
ProcessId: 10660
Image: C:\Windows\System32\pnputil.exe
User: NT AUTHORITY\SYSTEM"
"2026-04-21T05:40:46.4896718+05:30","5","Process terminated:
RuleName: -
UtcTime: 2026-04-21 00:10:46.475
ProcessGuid: {a65b9ff6-c086-69e6-c400-000000001b00}
ProcessId: 9708
Image: C:\Windows\System32\drvinst.exe
User: NT AUTHORITY\SYSTEM"
"2026-04-21T05:40:43.0938812+05:30","5","Process terminated:
RuleName: -
UtcTime: 2026-04-21 00:10:43.092
ProcessGuid: {a65b9ff6-c07e-69e6-7e00-000000001b00}
ProcessId: 7248
Image: C:\Program Files (x86)\Google\GoogleUpdater\148.0.7730.0\updater.exe
User: NT AUTHORITY\SYSTEM"
"2026-04-21T05:40:43.0879953+05:30","5","Process terminated:
RuleName: -
UtcTime: 2026-04-21 00:10:43.087
ProcessGuid: {a65b9ff6-c07e-69e6-7d00-000000001b00}
ProcessId: 7116
Image: C:\Program Files (x86)\Google\GoogleUpdater\148.0.7730.0\updater.exe
User: NT AUTHORITY\SYSTEM"
"2026-04-21T05:40:42.6652646+05:30","5","Process terminated:
RuleName: -
UtcTime: 2026-04-21 00:10:42.664
ProcessGuid: {a65b9ff6-c082-69e6-b200-000000001b00}
ProcessId: 8320
Image: C:\Windows\System32\conhost.exe
User: NT AUTHORITY\SYSTEM"
"2026-04-21T05:40:42.6634041+05:30","5","Process terminated:
RuleName: -
UtcTime: 2026-04-21 00:10:42.660
ProcessGuid: {a65b9ff6-c082-69e6-b100-000000001b00}
ProcessId: 8396
Image: C:\Program Files\Common Files\McAfee\SystemCore\fwinfo.exe
User: NT AUTHORITY\SYSTEM"
"2026-04-21T05:40:41.1957098+05:30","5","Process terminated:
RuleName: -
UtcTime: 2026-04-21 00:10:41.195
ProcessGuid: {a65b9ff6-c080-69e6-9a00-000000001b00}
ProcessId: 8724
Image: C:\Windows\System32\taskhostw.exe
User: NT AUTHORITY\NETWORK SERVICE"
"2026-04-21T05:40:41.0572588+05:30","5","Process terminated:
RuleName: -
UtcTime: 2026-04-21 00:10:41.051
ProcessGuid: {a65b9ff6-c080-69e6-ac00-000000001b00}
ProcessId: 8552
Image: C:\Windows\System32\conhost.exe
User: NT AUTHORITY\SYSTEM"
"2026-04-21T05:40:41.0554014+05:30","5","Process terminated:
RuleName: -
UtcTime: 2026-04-21 00:10:41.051
ProcessGuid: {a65b9ff6-c080-69e6-ab00-000000001b00}
ProcessId: 8572
Image: C:\Windows\System32\wevtutil.exe
User: NT AUTHORITY\SYSTEM"
"2026-04-21T05:40:40.9265822+05:30","5","Process terminated:
RuleName: -
UtcTime: 2026-04-21 00:10:40.925
ProcessGuid: {a65b9ff6-c080-69e6-aa00-000000001b00}
ProcessId: 8352
Image: C:\Windows\System32\conhost.exe
User: NT AUTHORITY\SYSTEM"
"2026-04-21T05:40:40.9248217+05:30","5","Process terminated:
RuleName: -
UtcTime: 2026-04-21 00:10:40.923
ProcessGuid: {a65b9ff6-c080-69e6-a900-000000001b00}
ProcessId: 8400
Image: C:\Windows\System32\wevtutil.exe
User: NT AUTHORITY\SYSTEM"
"2026-04-21T05:40:40.7365948+05:30","5","Process terminated:
RuleName: -
UtcTime: 2026-04-21 00:10:40.732
ProcessGuid: {a65b9ff6-c080-69e6-a700-000000001b00}
ProcessId: 4604
Image: C:\Windows\System32\conhost.exe
User: NT AUTHORITY\SYSTEM"
"2026-04-21T05:40:40.7347430+05:30","5","Process terminated:
RuleName: -
UtcTime: 2026-04-21 00:10:40.732
ProcessGuid: {a65b9ff6-c080-69e6-a600-000000001b00}
ProcessId: 9212
Image: C:\Windows\System32\wevtutil.exe
User: NT AUTHORITY\SYSTEM"
"2026-04-21T05:40:40.6230399+05:30","5","Process terminated:
RuleName: -
UtcTime: 2026-04-21 00:10:40.621
ProcessGuid: {a65b9ff6-c080-69e6-a500-000000001b00}
ProcessId: 9168
Image: C:\Windows\System32\conhost.exe
User: NT AUTHORITY\SYSTEM"
"2026-04-21T05:40:40.6212907+05:30","5","Process terminated:
RuleName: -
UtcTime: 2026-04-21 00:10:40.605
ProcessGuid: {a65b9ff6-c080-69e6-a400-000000001b00}
ProcessId: 9160
Image: C:\Windows\System32\wevtutil.exe
User: NT AUTHORITY\SYSTEM"
"2026-04-21T05:40:40.5794811+05:30","5","Process terminated:
RuleName: -
UtcTime: 2026-04-21 00:10:40.573
ProcessGuid: {a65b9ff6-c07c-69e6-3d00-000000001b00}
ProcessId: 3964
Image: C:\Windows\System32\taskhostw.exe
User: NT AUTHORITY\SYSTEM"
"2026-04-21T05:40:40.5127543+05:30","5","Process terminated:
RuleName: -
UtcTime: 2026-04-21 00:10:40.512
ProcessGuid: {a65b9ff6-c080-69e6-a300-000000001b00}
ProcessId: 9072
Image: C:\Windows\System32\conhost.exe
User: NT AUTHORITY\SYSTEM"
"2026-04-21T05:40:40.5107668+05:30","5","Process terminated:
RuleName: -
UtcTime: 2026-04-21 00:10:40.510
ProcessGuid: {a65b9ff6-c080-69e6-a200-000000001b00}
ProcessId: 9060
Image: C:\Windows\System32\wevtutil.exe
User: NT AUTHORITY\SYSTEM"
"2026-04-21T05:40:40.3965476+05:30","5","Process terminated:
RuleName: -
UtcTime: 2026-04-21 00:10:40.395
ProcessGuid: {a65b9ff6-c080-69e6-a000-000000001b00}
ProcessId: 8948
Image: C:\Windows\System32\conhost.exe
User: NT AUTHORITY\SYSTEM"
"2026-04-21T05:40:40.3942058+05:30","5","Process terminated:
RuleName: -
UtcTime: 2026-04-21 00:10:40.392
ProcessGuid: {a65b9ff6-c080-69e6-9f00-000000001b00}
ProcessId: 8932
Image: C:\Windows\System32\wevtutil.exe
User: NT AUTHORITY\SYSTEM"
"2026-04-21T05:40:40.3050045+05:30","5","Process terminated:
RuleName: -
UtcTime: 2026-04-21 00:10:40.302
ProcessGuid: {a65b9ff6-c080-69e6-9e00-000000001b00}
ProcessId: 8848
Image: C:\Windows\System32\conhost.exe
User: NT AUTHORITY\SYSTEM"
"2026-04-21T05:40:40.3027029+05:30","5","Process terminated:
RuleName: -
UtcTime: 2026-04-21 00:10:40.286
ProcessGuid: {a65b9ff6-c080-69e6-9d00-000000001b00}
ProcessId: 8836
Image: C:\Windows\System32\wevtutil.exe
User: NT AUTHORITY\SYSTEM"
"2026-04-21T05:40:40.2468585+05:30","5","Process terminated:
RuleName: -
UtcTime: 2026-04-21 00:10:40.244
ProcessGuid: {a65b9ff6-c07f-69e6-9100-000000001b00}
ProcessId: 8208
Image: C:\Program Files (x86)\ExpressVPN\expressvpnd\windows\xvutil\XvUtil.exe
User: NT AUTHORITY\SYSTEM"
"2026-04-21T05:40:40.1883858+05:30","5","Process terminated:
RuleName: -
UtcTime: 2026-04-21 00:10:40.188
ProcessGuid: {a65b9ff6-c080-69e6-9c00-000000001b00}
ProcessId: 8760
Image: C:\Windows\System32\conhost.exe
User: NT AUTHORITY\SYSTEM"
"2026-04-21T05:40:40.1860496+05:30","5","Process terminated:
RuleName: -
UtcTime: 2026-04-21 00:10:40.175
ProcessGuid: {a65b9ff6-c080-69e6-9b00-000000001b00}
ProcessId: 8752
Image: C:\Windows\System32\wevtutil.exe
User: NT AUTHORITY\SYSTEM"
"2026-04-21T05:40:40.0712230+05:30","5","Process terminated:
RuleName: -
UtcTime: 2026-04-21 00:10:40.061
ProcessGuid: {a65b9ff6-c07f-69e6-9800-000000001b00}
ProcessId: 8508
Image: C:\Windows\System32\conhost.exe
User: NT AUTHORITY\SYSTEM"
"2026-04-21T05:40:40.0683091+05:30","5","Process terminated:
RuleName: -
UtcTime: 2026-04-21 00:10:40.061
ProcessGuid: {a65b9ff6-c07f-69e6-9600-000000001b00}
ProcessId: 8444
Image: C:\Windows\System32\wevtutil.exe
User: NT AUTHORITY\SYSTEM"
"2026-04-21T05:40:39.5629479+05:30","5","Process terminated:
RuleName: -
UtcTime: 2026-04-21 00:10:39.561
ProcessGuid: {a65b9ff6-c07f-69e6-9700-000000001b00}
ProcessId: 8496
Image: C:\Windows\SysWOW64\net.exe
User: NT AUTHORITY\SYSTEM"
"2026-04-21T05:40:39.5603088+05:30","5","Process terminated:
RuleName: -
UtcTime: 2026-04-21 00:10:39.556
ProcessGuid: {a65b9ff6-c07f-69e6-9900-000000001b00}
ProcessId: 8552
Image: C:\Windows\SysWOW64\net1.exe
User: NT AUTHORITY\SYSTEM"
"2026-04-21T05:40:39.3601159+05:30","5","Process terminated:
RuleName: -
UtcTime: 2026-04-21 00:10:39.359
ProcessGuid: {a65b9ff6-c07f-69e6-9400-000000001b00}
ProcessId: 8316
Image: C:\Windows\SysWOW64\net.exe
User: NT AUTHORITY\SYSTEM"
"2026-04-21T05:40:39.3552828+05:30","5","Process terminated:
RuleName: -
UtcTime: 2026-04-21 00:10:39.354
ProcessGuid: {a65b9ff6-c07f-69e6-9500-000000001b00}
ProcessId: 8348
Image: C:\Windows\SysWOW64\net1.exe
User: NT AUTHORITY\SYSTEM"
"2026-04-21T05:40:39.3338097+05:30","5","Process terminated:
RuleName: -
UtcTime: 2026-04-21 00:10:39.333
ProcessGuid: {a65b9ff6-c07e-69e6-8d00-000000001b00}
ProcessId: 6736
Image: C:\Windows\System32\conhost.exe
User: NT AUTHORITY\SYSTEM"
"2026-04-21T05:40:39.3294605+05:30","5","Process terminated:
RuleName: -
UtcTime: 2026-04-21 00:10:39.327
ProcessGuid: {a65b9ff6-c07e-69e6-8c00-000000001b00}
ProcessId: 6116
Image: C:\Windows\System32\wevtutil.exe
User: NT AUTHORITY\SYSTEM"
"2026-04-21T05:40:39.2013413+05:30","5","Process terminated:
RuleName: -
UtcTime: 2026-04-21 00:10:39.200
ProcessGuid: {a65b9ff6-c07f-69e6-9200-000000001b00}
ProcessId: 8244
Image: C:\Windows\SysWOW64\sc.exe
User: NT AUTHORITY\SYSTEM"
"2026-04-21T05:40:39.1723134+05:30","5","Process terminated:
RuleName: -
UtcTime: 2026-04-21 00:10:39.171
ProcessGuid: {a65b9ff6-c07c-69e6-3c00-000000001b00}
ProcessId: 3924
Image: C:\Windows\System32\ClipRenew.exe
User: NT AUTHORITY\SYSTEM"
"2026-04-21T05:40:38.9136738+05:30","5","Process terminated:
RuleName: -
UtcTime: 2026-04-21 00:10:38.912
ProcessGuid: {a65b9ff6-c07e-69e6-8800-000000001b00}
ProcessId: 7780
Image: C:\Windows\System32\conhost.exe
User: NT AUTHORITY\SYSTEM"
"2026-04-21T05:40:38.9055065+05:30","5","Process terminated:
RuleName: -
UtcTime: 2026-04-21 00:10:38.904
ProcessGuid: {a65b9ff6-c07e-69e6-8700-000000001b00}
ProcessId: 7764
Image: C:\Windows\System32\wevtutil.exe
User: NT AUTHORITY\SYSTEM"
"2026-04-21T05:40:38.6200207+05:30","5","Process terminated:
RuleName: -
UtcTime: 2026-04-21 00:10:38.616
ProcessGuid: {a65b9ff6-c07e-69e6-8100-000000001b00}
ProcessId: 7456
Image: C:\Windows\System32\conhost.exe
User: NT AUTHORITY\SYSTEM"
"2026-04-21T05:40:38.6049419+05:30","5","Process terminated:
RuleName: -
UtcTime: 2026-04-21 00:10:38.602
ProcessGuid: {a65b9ff6-c07e-69e6-7f00-000000001b00}
ProcessId: 7352
Image: C:\Windows\System32\wevtutil.exe
User: NT AUTHORITY\SYSTEM"
"2026-04-21T05:40:38.4784322+05:30","5","Process terminated:
RuleName: -
UtcTime: 2026-04-21 00:10:38.198
ProcessGuid: {a65b9ff6-c07d-69e6-7400-000000001b00}
ProcessId: 6336
Image: C:\Program Files (x86)\Google\GoogleUpdater\148.0.7730.0\updater.exe
User: NT AUTHORITY\SYSTEM"
"2026-04-21T05:40:38.4784094+05:30","5","Process terminated:
RuleName: -
UtcTime: 2026-04-21 00:10:38.162
ProcessGuid: {a65b9ff6-c07d-69e6-7700-000000001b00}
ProcessId: 6484
Image: C:\Program Files (x86)\Google\GoogleUpdater\148.0.7730.0\updater.exe
User: NT AUTHORITY\SYSTEM"
"2026-04-21T05:40:38.4783863+05:30","5","Process terminated:
RuleName: -
UtcTime: 2026-04-21 00:10:38.150
ProcessGuid: {a65b9ff6-c07d-69e6-6300-000000001b00}
ProcessId: 5764
Image: C:\Program Files (x86)\Google\GoogleUpdater\148.0.7730.0\updater.exe
User: NT AUTHORITY\SYSTEM"
"2026-04-21T05:40:38.4783528+05:30","5","Process terminated:
RuleName: -
UtcTime: 2026-04-21 00:10:38.138
ProcessGuid: {a65b9ff6-c07d-69e6-6100-000000001b00}
ProcessId: 5736
Image: C:\Program Files (x86)\Google\GoogleUpdater\148.0.7730.0\updater.exe
User: NT AUTHORITY\SYSTEM"
"2026-04-21T05:40:38.3166135+05:30","5","Process terminated:
RuleName: -
UtcTime: 2026-04-21 00:10:36.520
ProcessGuid: {a65b9ff6-c07c-69e6-3400-000000001b00}
ProcessId: 3612
Image: C:\Windows\System32\taskhostw.exe
User: NT AUTHORITY\SYSTEM"
"2026-04-21T05:40:38.2852021+05:30","5","Process terminated:
RuleName: -
UtcTime: 2026-04-21 00:10:36.194
ProcessGuid: {a65b9ff6-c07c-69e6-2900-000000001b00}
ProcessId: 2912
Image: C:\Windows\System32\upfc.exe
User: NT AUTHORITY\SYSTEM"
"2026-04-21T05:40:38.1863303+05:30","5","Process terminated:
RuleName: -
UtcTime: 2026-04-21 00:10:35.364
ProcessGuid: {a65b9ff6-c07b-69e6-0800-000000001b00}
ProcessId: 1516
Image: C:\Windows\System32\smss.exe
User: NT AUTHORITY\SYSTEM"
"2026-04-21T05:40:38.1781080+05:30","5","Process terminated:
RuleName: -
UtcTime: 2026-04-21 00:10:35.293
ProcessGuid: {a65b9ff6-c072-69e6-0600-000000001b00}
ProcessId: 1088
Image: C:\Windows\System32\smss.exe
User: NT AUTHORITY\SYSTEM"
"2026-04-21T05:40:38.1466807+05:30","5","Process terminated:
RuleName: -
UtcTime: 2026-04-21 00:10:25.974
ProcessGuid: {a65b9ff6-c06f-69e6-0500-000000001b00}
ProcessId: 912
Image: C:\Windows\System32\autochk.exe
User: NT AUTHORITY\SYSTEM"
"2026-04-21T05:40:38.1307616+05:30","4","Sysmon service state changed:
UtcTime: 2026-04-21 00:10:38.128
State: Started
Version: 15.15
SchemaVersion: 4.90"
"2026-04-21T05:40:09.9568644+05:30","5","Process terminated:
RuleName: -
UtcTime: 2026-04-21 00:10:09.947
ProcessGuid: {a65b9ff6-89e3-69e6-8900-000000001a00}
ProcessId: 8216
Image: C:\Windows\System32\mfevtps.exe
User: NT AUTHORITY\SYSTEM"
"2026-04-21T05:40:09.2088849+05:30","5","Process terminated:
RuleName: -
UtcTime: 2026-04-21 00:10:09.202
ProcessGuid: {a65b9ff6-89e1-69e6-5c00-000000001a00}
ProcessId: 5652
Image: C:\Windows\System32\DriverStore\FileRepository\realtekservice.inf_amd64_e0ff6fd3f054f0aa\RtkAudUService64.exe
User: NT AUTHORITY\SYSTEM"
"2026-04-21T05:40:08.8180654+05:30","5","Process terminated:
RuleName: -
UtcTime: 2026-04-21 00:10:08.808
ProcessGuid: {a65b9ff6-89e1-69e6-6500-000000001a00}
ProcessId: 5832
Image: C:\ProgramData\Microsoft\Windows Defender\Platform\4.18.26030.3011-0\MsMpEng.exe
User: NT AUTHORITY\SYSTEM"
"2026-04-21T05:40:08.6240953+05:30","5","Process terminated:
RuleName: -
UtcTime: 2026-04-21 00:10:08.618
ProcessGuid: {a65b9ff6-8a05-69e6-d000-000000001a00}
ProcessId: 10924
Image: C:\Program Files\McAfee\MfeAV\MfeAVSvc.exe
User: NT AUTHORITY\SYSTEM"
"2026-04-21T05:40:08.4556835+05:30","5","Process terminated:
RuleName: -
UtcTime: 2026-04-21 00:10:08.450
ProcessGuid: {a65b9ff6-89e1-69e6-7000-000000001a00}
ProcessId: 6124
Image: C:\Program Files (x86)\ExpressVPN\bootstrap\amd64\nssm.exe
User: NT AUTHORITY\SYSTEM"
"2026-04-21T05:40:08.4133572+05:30","5","Process terminated:
RuleName: -
UtcTime: 2026-04-21 00:10:08.409
ProcessGuid: {a65b9ff6-89e2-69e6-7b00-000000001a00}
ProcessId: 7188
Image: C:\Windows\System32\conhost.exe
User: NT AUTHORITY\SYSTEM"
"2026-04-21T05:40:08.4130436+05:30","5","Process terminated:
RuleName: -
UtcTime: 2026-04-21 00:10:08.409
ProcessGuid: {a65b9ff6-89e1-69e6-5000-000000001a00}
ProcessId: 4840
Image: C:\Windows\System32\svchost.exe
User: NT AUTHORITY\SYSTEM"
"2026-04-21T05:40:08.4101978+05:30","5","Process terminated:
RuleName: -
UtcTime: 2026-04-21 00:10:08.409
ProcessGuid: {a65b9ff6-89e2-69e6-7a00-000000001a00}
ProcessId: 7144
Image: C:\Program Files (x86)\ExpressVPN\expressvpnd\expressvpnd.exe
User: NT AUTHORITY\SYSTEM"
"2026-04-21T05:40:08.3855202+05:30","5","Process terminated:
RuleName: -
UtcTime: 2026-04-21 00:10:08.381
ProcessGuid: {a65b9ff6-89e1-69e6-5b00-000000001a00}
ProcessId: 5656
Image: C:\Windows\System32\svchost.exe
User: NT AUTHORITY\LOCAL SERVICE"
"2026-04-21T05:40:08.3187016+05:30","5","Process terminated:
RuleName: -
UtcTime: 2026-04-21 00:10:08.303
ProcessGuid: {a65b9ff6-89e0-69e6-3700-000000001a00}
ProcessId: 3672
Image: C:\Windows\System32\DriverStore\FileRepository\nvhm.inf_amd64_3cb6b4743249e01c\Display.NvContainer\NVDisplay.Container.exe
User: NT AUTHORITY\SYSTEM"
"2026-04-21T05:40:08.2440368+05:30","5","Process terminated:
RuleName: -
UtcTime: 2026-04-21 00:10:08.243
ProcessGuid: {a65b9ff6-89e1-69e6-5e00-000000001a00}
ProcessId: 5688
Image: C:\ProgramData\Microsoft\Windows Defender\Platform\4.18.26030.3011-0\MpDefenderCoreService.exe
User: NT AUTHORITY\SYSTEM"
"2026-04-21T05:40:08.2273734+05:30","5","Process terminated:
RuleName: -
UtcTime: 2026-04-21 00:10:08.226
ProcessGuid: {a65b9ff6-89e3-69e6-8a00-000000001a00}
ProcessId: 8236
Image: C:\Program Files\MySQL\MySQL Server 8.0\bin\mysqld.exe
User: NT AUTHORITY\NETWORK SERVICE"
"2026-04-21T05:40:08.2025328+05:30","5","Process terminated:
RuleName: -
UtcTime: 2026-04-21 00:10:08.195
ProcessGuid: {a65b9ff6-89e1-69e6-6200-000000001a00}
ProcessId: 5792
Image: C:\Program Files\Common Files\McAfee\SystemCore\mfemms.exe
User: NT AUTHORITY\SYSTEM"
"2026-04-21T05:40:08.1897637+05:30","5","Process terminated:
RuleName: -
UtcTime: 2026-04-21 00:10:08.189
ProcessGuid: {a65b9ff6-89e4-69e6-9600-000000001a00}
ProcessId: 8748
Image: C:\Windows\System32\conhost.exe
User: NT AUTHORITY\NETWORK SERVICE"
"2026-04-21T05:40:08.1887333+05:30","5","Process terminated:
RuleName: -
UtcTime: 2026-04-21 00:10:08.187
ProcessGuid: {a65b9ff6-89e0-69e6-4f00-000000001a00}
ProcessId: 4692
Image: C:\Windows\System32\svchost.exe
User: NT AUTHORITY\LOCAL SERVICE"
"2026-04-21T05:40:08.1856654+05:30","5","Process terminated:
RuleName: -
UtcTime: 2026-04-21 00:10:08.176
ProcessGuid: {a65b9ff6-89e3-69e6-9400-000000001a00}
ProcessId: 8704
Image: C:\Program Files\MySQL\MySQL Server 8.0\bin\mysqld.exe
User: NT AUTHORITY\NETWORK SERVICE"
