"2026-04-21T13:35:31.5567480+05:30","5","Process terminated:
RuleName: -
UtcTime: 2026-04-21 08:05:31.556
ProcessGuid: {a65b9ff6-2fcb-69e7-a810-000000001b00}
ProcessId: 29080
Image: C:\Windows\System32\WindowsPowerShell\v1.0\powershell.exe
User: LAPTOP-I8K1DAMV\rohin"
"2026-04-21T13:35:30.9142132+05:30","5","Process terminated:
RuleName: -
UtcTime: 2026-04-21 08:05:30.913
ProcessGuid: {a65b9ff6-2fca-69e7-a410-000000001b00}
ProcessId: 6352
Image: C:\Windows\System32\WindowsPowerShell\v1.0\powershell.exe
User: LAPTOP-I8K1DAMV\rohin"
"2026-04-21T13:35:30.7052938+05:30","5","Process terminated:
RuleName: -
UtcTime: 2026-04-21 08:05:30.704
ProcessGuid: {a65b9ff6-2fca-69e7-a610-000000001b00}
ProcessId: 8644
Image: C:\Windows\System32\conhost.exe
User: LAPTOP-I8K1DAMV\rohin"
"2026-04-21T13:35:30.7017562+05:30","5","Process terminated:
RuleName: -
UtcTime: 2026-04-21 08:05:30.701
ProcessGuid: {a65b9ff6-2fca-69e7-a510-000000001b00}
ProcessId: 10320
Image: C:\Program Files\Git\cmd\git.exe
User: LAPTOP-I8K1DAMV\rohin"
"2026-04-21T13:35:30.6967851+05:30","5","Process terminated:
RuleName: -
UtcTime: 2026-04-21 08:05:30.696
ProcessGuid: {a65b9ff6-2fca-69e7-a710-000000001b00}
ProcessId: 28620
Image: C:\Program Files\Git\mingw64\bin\git.exe
User: LAPTOP-I8K1DAMV\rohin"
"2026-04-21T13:35:30.1531710+05:30","5","Process terminated:
RuleName: -
UtcTime: 2026-04-21 08:05:30.153
ProcessGuid: {a65b9ff6-2fc9-69e7-a310-000000001b00}
ProcessId: 25136
Image: C:\Windows\System32\WindowsPowerShell\v1.0\powershell.exe
User: LAPTOP-I8K1DAMV\rohin"
"2026-04-21T13:35:27.4234200+05:30","5","Process terminated:
RuleName: -
UtcTime: 2026-04-21 08:05:27.422
ProcessGuid: {a65b9ff6-2fc7-69e7-9e10-000000001b00}
ProcessId: 30680
Image: C:\Windows\System32\conhost.exe
User: LAPTOP-I8K1DAMV\rohin"
"2026-04-21T13:35:27.4206458+05:30","5","Process terminated:
RuleName: -
UtcTime: 2026-04-21 08:05:27.419
ProcessGuid: {a65b9ff6-2fc7-69e7-9d10-000000001b00}
ProcessId: 26588
Image: C:\Program Files\Git\cmd\git.exe
User: LAPTOP-I8K1DAMV\rohin"
"2026-04-21T13:35:27.4169366+05:30","5","Process terminated:
RuleName: -
UtcTime: 2026-04-21 08:05:27.416
ProcessGuid: {a65b9ff6-2fc7-69e7-9f10-000000001b00}
ProcessId: 4464
Image: C:\Program Files\Git\mingw64\bin\git.exe
User: LAPTOP-I8K1DAMV\rohin"
"2026-04-21T13:34:59.0780504+05:30","5","Process terminated:
RuleName: -
UtcTime: 2026-04-21 08:04:59.077
ProcessGuid: {a65b9ff6-2f8e-69e7-6510-000000001b00}
ProcessId: 6660
Image: C:\Windows\System32\cmd.exe
User: LAPTOP-I8K1DAMV\rohin"
"2026-04-21T13:34:59.0645852+05:30","5","Process terminated:
RuleName: -
UtcTime: 2026-04-21 08:04:59.063
ProcessGuid: {a65b9ff6-2fa8-69e7-9b10-000000001b00}
ProcessId: 13508
Image: D:\BTP\Log-Anamoly-Detection\.venv\Scripts\python.exe
User: LAPTOP-I8K1DAMV\rohin"
"2026-04-21T13:34:59.0531653+05:30","5","Process terminated:
RuleName: -
UtcTime: 2026-04-21 08:04:59.052
ProcessGuid: {a65b9ff6-2fa8-69e7-9c10-000000001b00}
ProcessId: 18668
Image: C:\Users\rohin\AppData\Local\Programs\Python\Python314\python.exe
User: LAPTOP-I8K1DAMV\rohin"
"2026-04-21T13:34:56.6280676+05:30","5","Process terminated:
RuleName: -
UtcTime: 2026-04-21 08:04:56.627
ProcessGuid: {a65b9ff6-2fa7-69e7-9810-000000001b00}
ProcessId: 18412
Image: D:\BTP\Log-Anamoly-Detection\.venv\Scripts\python.exe
User: LAPTOP-I8K1DAMV\rohin"
"2026-04-21T13:34:56.6241843+05:30","5","Process terminated:
RuleName: -
UtcTime: 2026-04-21 08:04:56.623
ProcessGuid: {a65b9ff6-2fa7-69e7-9910-000000001b00}
ProcessId: 28928
Image: C:\Users\rohin\AppData\Local\Programs\Python\Python314\python.exe
User: LAPTOP-I8K1DAMV\rohin"
"2026-04-21T13:34:56.6010492+05:30","5","Process terminated:
RuleName: -
UtcTime: 2026-04-21 08:04:56.600
ProcessGuid: {a65b9ff6-2fa7-69e7-9a10-000000001b00}
ProcessId: 15208
Image: C:\Windows\System32\WindowsPowerShell\v1.0\powershell.exe
User: LAPTOP-I8K1DAMV\rohin"
"2026-04-21T13:34:55.4608277+05:30","5","Process terminated:
RuleName: -
UtcTime: 2026-04-21 08:04:55.460
ProcessGuid: {a65b9ff6-2f8e-69e7-6610-000000001b00}
ProcessId: 8348
Image: D:\BTP\Log-Anamoly-Detection\.venv\Scripts\python.exe
User: LAPTOP-I8K1DAMV\rohin"
"2026-04-21T13:34:55.4563835+05:30","5","Process terminated:
RuleName: -
UtcTime: 2026-04-21 08:04:55.456
ProcessGuid: {a65b9ff6-2f8e-69e7-6710-000000001b00}
ProcessId: 7964
Image: C:\Users\rohin\AppData\Local\Programs\Python\Python314\python.exe
User: LAPTOP-I8K1DAMV\rohin"
"2026-04-21T13:34:55.4111688+05:30","11","File created:
RuleName: -
UtcTime: 2026-04-21 08:04:55.410
ProcessGuid: {a65b9ff6-2f8e-69e7-6710-000000001b00}
ProcessId: 7964
Image: C:\Users\rohin\AppData\Local\Programs\Python\Python314\python.exe
TargetFilename: D:\BTP\Log-Anamoly-Detection\attack_files\attack_file_029.txt
CreationUtcTime: 2026-04-20 23:20:30.906
User: LAPTOP-I8K1DAMV\rohin"
"2026-04-21T13:34:55.3793992+05:30","11","File created:
RuleName: -
UtcTime: 2026-04-21 08:04:55.378
ProcessGuid: {a65b9ff6-2f8e-69e7-6710-000000001b00}
ProcessId: 7964
Image: C:\Users\rohin\AppData\Local\Programs\Python\Python314\python.exe
TargetFilename: D:\BTP\Log-Anamoly-Detection\attack_files\attack_file_028.txt
CreationUtcTime: 2026-04-20 23:20:30.897
User: LAPTOP-I8K1DAMV\rohin"
"2026-04-21T13:34:55.3476350+05:30","11","File created:
RuleName: -
UtcTime: 2026-04-21 08:04:55.347
ProcessGuid: {a65b9ff6-2f8e-69e7-6710-000000001b00}
ProcessId: 7964
Image: C:\Users\rohin\AppData\Local\Programs\Python\Python314\python.exe
TargetFilename: D:\BTP\Log-Anamoly-Detection\attack_files\attack_file_027.txt
CreationUtcTime: 2026-04-20 23:20:30.896
User: LAPTOP-I8K1DAMV\rohin"
"2026-04-21T13:34:55.3157833+05:30","11","File created:
RuleName: -
UtcTime: 2026-04-21 08:04:55.314
ProcessGuid: {a65b9ff6-2f8e-69e7-6710-000000001b00}
ProcessId: 7964
Image: C:\Users\rohin\AppData\Local\Programs\Python\Python314\python.exe
TargetFilename: D:\BTP\Log-Anamoly-Detection\attack_files\attack_file_026.txt
CreationUtcTime: 2026-04-20 23:20:30.890
User: LAPTOP-I8K1DAMV\rohin"
"2026-04-21T13:34:55.2843521+05:30","11","File created:
RuleName: -
UtcTime: 2026-04-21 08:04:55.283
ProcessGuid: {a65b9ff6-2f8e-69e7-6710-000000001b00}
ProcessId: 7964
Image: C:\Users\rohin\AppData\Local\Programs\Python\Python314\python.exe
TargetFilename: D:\BTP\Log-Anamoly-Detection\attack_files\attack_file_025.txt
CreationUtcTime: 2026-04-20 23:20:30.883
User: LAPTOP-I8K1DAMV\rohin"
"2026-04-21T13:34:55.2524843+05:30","11","File created:
RuleName: -
UtcTime: 2026-04-21 08:04:55.252
ProcessGuid: {a65b9ff6-2f8e-69e7-6710-000000001b00}
ProcessId: 7964
Image: C:\Users\rohin\AppData\Local\Programs\Python\Python314\python.exe
TargetFilename: D:\BTP\Log-Anamoly-Detection\attack_files\attack_file_024.txt
CreationUtcTime: 2026-04-20 23:20:30.879
User: LAPTOP-I8K1DAMV\rohin"
"2026-04-21T13:34:55.2206231+05:30","11","File created:
RuleName: -
UtcTime: 2026-04-21 08:04:55.220
ProcessGuid: {a65b9ff6-2f8e-69e7-6710-000000001b00}
ProcessId: 7964
Image: C:\Users\rohin\AppData\Local\Programs\Python\Python314\python.exe
TargetFilename: D:\BTP\Log-Anamoly-Detection\attack_files\attack_file_023.txt
CreationUtcTime: 2026-04-20 23:20:30.873
User: LAPTOP-I8K1DAMV\rohin"
"2026-04-21T13:34:55.1892152+05:30","11","File created:
RuleName: -
UtcTime: 2026-04-21 08:04:55.188
ProcessGuid: {a65b9ff6-2f8e-69e7-6710-000000001b00}
ProcessId: 7964
Image: C:\Users\rohin\AppData\Local\Programs\Python\Python314\python.exe
TargetFilename: D:\BTP\Log-Anamoly-Detection\attack_files\attack_file_022.txt
CreationUtcTime: 2026-04-20 23:20:30.868
User: LAPTOP-I8K1DAMV\rohin"
"2026-04-21T13:34:55.1579446+05:30","11","File created:
RuleName: -
UtcTime: 2026-04-21 08:04:55.157
ProcessGuid: {a65b9ff6-2f8e-69e7-6710-000000001b00}
ProcessId: 7964
Image: C:\Users\rohin\AppData\Local\Programs\Python\Python314\python.exe
TargetFilename: D:\BTP\Log-Anamoly-Detection\attack_files\attack_file_021.txt
CreationUtcTime: 2026-04-20 23:20:30.865
User: LAPTOP-I8K1DAMV\rohin"
"2026-04-21T13:34:55.1263225+05:30","11","File created:
RuleName: -
UtcTime: 2026-04-21 08:04:55.126
ProcessGuid: {a65b9ff6-2f8e-69e7-6710-000000001b00}
ProcessId: 7964
Image: C:\Users\rohin\AppData\Local\Programs\Python\Python314\python.exe
TargetFilename: D:\BTP\Log-Anamoly-Detection\attack_files\attack_file_020.txt
CreationUtcTime: 2026-04-20 23:20:30.859
User: LAPTOP-I8K1DAMV\rohin"
"2026-04-21T13:34:55.0944023+05:30","11","File created:
RuleName: -
UtcTime: 2026-04-21 08:04:55.093
ProcessGuid: {a65b9ff6-2f8e-69e7-6710-000000001b00}
ProcessId: 7964
Image: C:\Users\rohin\AppData\Local\Programs\Python\Python314\python.exe
TargetFilename: D:\BTP\Log-Anamoly-Detection\attack_files\attack_file_019.txt
CreationUtcTime: 2026-04-20 23:20:30.853
User: LAPTOP-I8K1DAMV\rohin"
"2026-04-21T13:34:55.0626386+05:30","11","File created:
RuleName: -
UtcTime: 2026-04-21 08:04:55.061
ProcessGuid: {a65b9ff6-2f8e-69e7-6710-000000001b00}
ProcessId: 7964
Image: C:\Users\rohin\AppData\Local\Programs\Python\Python314\python.exe
TargetFilename: D:\BTP\Log-Anamoly-Detection\attack_files\attack_file_018.txt
CreationUtcTime: 2026-04-20 23:20:30.849
User: LAPTOP-I8K1DAMV\rohin"
"2026-04-21T13:34:55.0307848+05:30","11","File created:
RuleName: -
UtcTime: 2026-04-21 08:04:55.030
ProcessGuid: {a65b9ff6-2f8e-69e7-6710-000000001b00}
ProcessId: 7964
Image: C:\Users\rohin\AppData\Local\Programs\Python\Python314\python.exe
TargetFilename: D:\BTP\Log-Anamoly-Detection\attack_files\attack_file_017.txt
CreationUtcTime: 2026-04-20 23:20:30.844
User: LAPTOP-I8K1DAMV\rohin"
"2026-04-21T13:34:54.9989285+05:30","11","File created:
RuleName: -
UtcTime: 2026-04-21 08:04:54.998
ProcessGuid: {a65b9ff6-2f8e-69e7-6710-000000001b00}
ProcessId: 7964
Image: C:\Users\rohin\AppData\Local\Programs\Python\Python314\python.exe
TargetFilename: D:\BTP\Log-Anamoly-Detection\attack_files\attack_file_016.txt
CreationUtcTime: 2026-04-20 23:20:30.840
User: LAPTOP-I8K1DAMV\rohin"
"2026-04-21T13:34:54.9673025+05:30","11","File created:
RuleName: -
UtcTime: 2026-04-21 08:04:54.966
ProcessGuid: {a65b9ff6-2f8e-69e7-6710-000000001b00}
ProcessId: 7964
Image: C:\Users\rohin\AppData\Local\Programs\Python\Python314\python.exe
TargetFilename: D:\BTP\Log-Anamoly-Detection\attack_files\attack_file_015.txt
CreationUtcTime: 2026-04-20 23:20:30.834
User: LAPTOP-I8K1DAMV\rohin"
"2026-04-21T13:34:54.9354271+05:30","11","File created:
RuleName: -
UtcTime: 2026-04-21 08:04:54.935
ProcessGuid: {a65b9ff6-2f8e-69e7-6710-000000001b00}
ProcessId: 7964
Image: C:\Users\rohin\AppData\Local\Programs\Python\Python314\python.exe
TargetFilename: D:\BTP\Log-Anamoly-Detection\attack_files\attack_file_014.txt
CreationUtcTime: 2026-04-20 23:20:30.827
User: LAPTOP-I8K1DAMV\rohin"
"2026-04-21T13:34:54.9040532+05:30","11","File created:
RuleName: -
UtcTime: 2026-04-21 08:04:54.903
ProcessGuid: {a65b9ff6-2f8e-69e7-6710-000000001b00}
ProcessId: 7964
Image: C:\Users\rohin\AppData\Local\Programs\Python\Python314\python.exe
TargetFilename: D:\BTP\Log-Anamoly-Detection\attack_files\attack_file_013.txt
CreationUtcTime: 2026-04-20 23:20:30.818
User: LAPTOP-I8K1DAMV\rohin"
"2026-04-21T13:34:54.8721547+05:30","11","File created:
RuleName: -
UtcTime: 2026-04-21 08:04:54.870
ProcessGuid: {a65b9ff6-2f8e-69e7-6710-000000001b00}
ProcessId: 7964
Image: C:\Users\rohin\AppData\Local\Programs\Python\Python314\python.exe
TargetFilename: D:\BTP\Log-Anamoly-Detection\attack_files\attack_file_012.txt
CreationUtcTime: 2026-04-20 23:20:30.802
User: LAPTOP-I8K1DAMV\rohin"
"2026-04-21T13:34:54.8400112+05:30","11","File created:
RuleName: -
UtcTime: 2026-04-21 08:04:54.838
ProcessGuid: {a65b9ff6-2f8e-69e7-6710-000000001b00}
ProcessId: 7964
Image: C:\Users\rohin\AppData\Local\Programs\Python\Python314\python.exe
TargetFilename: D:\BTP\Log-Anamoly-Detection\attack_files\attack_file_011.txt
CreationUtcTime: 2026-04-20 23:20:30.802
User: LAPTOP-I8K1DAMV\rohin"
"2026-04-21T13:34:54.8079085+05:30","11","File created:
RuleName: -
UtcTime: 2026-04-21 08:04:54.807
ProcessGuid: {a65b9ff6-2f8e-69e7-6710-000000001b00}
ProcessId: 7964
Image: C:\Users\rohin\AppData\Local\Programs\Python\Python314\python.exe
TargetFilename: D:\BTP\Log-Anamoly-Detection\attack_files\attack_file_010.txt
CreationUtcTime: 2026-04-20 23:20:30.802
User: LAPTOP-I8K1DAMV\rohin"
"2026-04-21T13:34:54.7767293+05:30","11","File created:
RuleName: -
UtcTime: 2026-04-21 08:04:54.775
ProcessGuid: {a65b9ff6-2f8e-69e7-6710-000000001b00}
ProcessId: 7964
Image: C:\Users\rohin\AppData\Local\Programs\Python\Python314\python.exe
TargetFilename: D:\BTP\Log-Anamoly-Detection\attack_files\attack_file_009.txt
CreationUtcTime: 2026-04-20 23:20:30.802
User: LAPTOP-I8K1DAMV\rohin"
"2026-04-21T13:34:54.7450934+05:30","11","File created:
RuleName: -
UtcTime: 2026-04-21 08:04:54.743
ProcessGuid: {a65b9ff6-2f8e-69e7-6710-000000001b00}
ProcessId: 7964
Image: C:\Users\rohin\AppData\Local\Programs\Python\Python314\python.exe
TargetFilename: D:\BTP\Log-Anamoly-Detection\attack_files\attack_file_008.txt
CreationUtcTime: 2026-04-20 23:20:30.786
User: LAPTOP-I8K1DAMV\rohin"
"2026-04-21T13:34:54.7132851+05:30","11","File created:
RuleName: -
UtcTime: 2026-04-21 08:04:54.712
ProcessGuid: {a65b9ff6-2f8e-69e7-6710-000000001b00}
ProcessId: 7964
Image: C:\Users\rohin\AppData\Local\Programs\Python\Python314\python.exe
TargetFilename: D:\BTP\Log-Anamoly-Detection\attack_files\attack_file_007.txt
CreationUtcTime: 2026-04-20 23:20:30.786
User: LAPTOP-I8K1DAMV\rohin"
"2026-04-21T13:34:54.6816167+05:30","11","File created:
RuleName: -
UtcTime: 2026-04-21 08:04:54.680
ProcessGuid: {a65b9ff6-2f8e-69e7-6710-000000001b00}
ProcessId: 7964
Image: C:\Users\rohin\AppData\Local\Programs\Python\Python314\python.exe
TargetFilename: D:\BTP\Log-Anamoly-Detection\attack_files\attack_file_006.txt
CreationUtcTime: 2026-04-20 23:20:30.786
User: LAPTOP-I8K1DAMV\rohin"
"2026-04-21T13:34:54.6500755+05:30","11","File created:
RuleName: -
UtcTime: 2026-04-21 08:04:54.649
ProcessGuid: {a65b9ff6-2f8e-69e7-6710-000000001b00}
ProcessId: 7964
Image: C:\Users\rohin\AppData\Local\Programs\Python\Python314\python.exe
TargetFilename: D:\BTP\Log-Anamoly-Detection\attack_files\attack_file_005.txt
CreationUtcTime: 2026-04-20 23:20:30.782
User: LAPTOP-I8K1DAMV\rohin"
"2026-04-21T13:34:54.6185172+05:30","11","File created:
RuleName: -
UtcTime: 2026-04-21 08:04:54.617
ProcessGuid: {a65b9ff6-2f8e-69e7-6710-000000001b00}
ProcessId: 7964
Image: C:\Users\rohin\AppData\Local\Programs\Python\Python314\python.exe
TargetFilename: D:\BTP\Log-Anamoly-Detection\attack_files\attack_file_004.txt
CreationUtcTime: 2026-04-20 23:20:30.778
User: LAPTOP-I8K1DAMV\rohin"
"2026-04-21T13:34:54.5869942+05:30","11","File created:
RuleName: -
UtcTime: 2026-04-21 08:04:54.586
ProcessGuid: {a65b9ff6-2f8e-69e7-6710-000000001b00}
ProcessId: 7964
Image: C:\Users\rohin\AppData\Local\Programs\Python\Python314\python.exe
TargetFilename: D:\BTP\Log-Anamoly-Detection\attack_files\attack_file_003.txt
CreationUtcTime: 2026-04-20 23:20:30.771
User: LAPTOP-I8K1DAMV\rohin"
"2026-04-21T13:34:54.5546875+05:30","11","File created:
RuleName: -
UtcTime: 2026-04-21 08:04:54.554
ProcessGuid: {a65b9ff6-2f8e-69e7-6710-000000001b00}
ProcessId: 7964
Image: C:\Users\rohin\AppData\Local\Programs\Python\Python314\python.exe
TargetFilename: D:\BTP\Log-Anamoly-Detection\attack_files\attack_file_002.txt
CreationUtcTime: 2026-04-20 23:20:30.767
User: LAPTOP-I8K1DAMV\rohin"
"2026-04-21T13:34:54.5231427+05:30","11","File created:
RuleName: -
UtcTime: 2026-04-21 08:04:54.522
ProcessGuid: {a65b9ff6-2f8e-69e7-6710-000000001b00}
ProcessId: 7964
Image: C:\Users\rohin\AppData\Local\Programs\Python\Python314\python.exe
TargetFilename: D:\BTP\Log-Anamoly-Detection\attack_files\attack_file_001.txt
CreationUtcTime: 2026-04-20 23:20:30.763
User: LAPTOP-I8K1DAMV\rohin"
"2026-04-21T13:34:54.4908988+05:30","11","File created:
RuleName: -
UtcTime: 2026-04-21 08:04:54.487
ProcessGuid: {a65b9ff6-2f8e-69e7-6710-000000001b00}
ProcessId: 7964
Image: C:\Users\rohin\AppData\Local\Programs\Python\Python314\python.exe
TargetFilename: D:\BTP\Log-Anamoly-Detection\attack_files\attack_file_000.txt
CreationUtcTime: 2026-04-20 23:20:30.758
User: LAPTOP-I8K1DAMV\rohin"
"2026-04-21T13:34:54.2759860+05:30","5","Process terminated:
RuleName: -
UtcTime: 2026-04-21 08:04:54.274
ProcessGuid: {a65b9ff6-2fa5-69e7-9710-000000001b00}
ProcessId: 17352
Image: C:\Windows\System32\WindowsPowerShell\v1.0\powershell.exe
User: LAPTOP-I8K1DAMV\rohin"
"2026-04-21T13:34:53.5854089+05:30","5","Process terminated:
RuleName: -
UtcTime: 2026-04-21 08:04:53.584
ProcessGuid: {a65b9ff6-2fa5-69e7-9610-000000001b00}
ProcessId: 28200
Image: C:\Windows\System32\WindowsPowerShell\v1.0\powershell.exe
User: LAPTOP-I8K1DAMV\rohin"
"2026-04-21T13:34:52.9167411+05:30","5","Process terminated:
RuleName: -
UtcTime: 2026-04-21 08:04:52.915
ProcessGuid: {a65b9ff6-2fa4-69e7-9510-000000001b00}
ProcessId: 29384
Image: C:\Windows\System32\WindowsPowerShell\v1.0\powershell.exe
User: LAPTOP-I8K1DAMV\rohin"
"2026-04-21T13:34:52.2230547+05:30","5","Process terminated:
RuleName: -
UtcTime: 2026-04-21 08:04:52.222
ProcessGuid: {a65b9ff6-2fa3-69e7-9410-000000001b00}
ProcessId: 11352
Image: C:\Windows\System32\WindowsPowerShell\v1.0\powershell.exe
User: LAPTOP-I8K1DAMV\rohin"
"2026-04-21T13:34:51.5164720+05:30","5","Process terminated:
RuleName: -
UtcTime: 2026-04-21 08:04:51.516
ProcessGuid: {a65b9ff6-2fa3-69e7-9310-000000001b00}
ProcessId: 472
Image: C:\Windows\System32\WindowsPowerShell\v1.0\powershell.exe
User: LAPTOP-I8K1DAMV\rohin"
"2026-04-21T13:34:50.8431848+05:30","5","Process terminated:
RuleName: -
UtcTime: 2026-04-21 08:04:50.828
ProcessGuid: {a65b9ff6-2fa2-69e7-9210-000000001b00}
ProcessId: 18020
Image: C:\Windows\System32\WindowsPowerShell\v1.0\powershell.exe
User: LAPTOP-I8K1DAMV\rohin"
"2026-04-21T13:34:50.1747518+05:30","5","Process terminated:
RuleName: -
UtcTime: 2026-04-21 08:04:50.169
ProcessGuid: {a65b9ff6-2fa1-69e7-8d10-000000001b00}
ProcessId: 28872
Image: C:\Windows\System32\WindowsPowerShell\v1.0\powershell.exe
User: LAPTOP-I8K1DAMV\rohin"
"2026-04-21T13:34:49.9079896+05:30","5","Process terminated:
RuleName: -
UtcTime: 2026-04-21 08:04:49.907
ProcessGuid: {a65b9ff6-2fa1-69e7-9110-000000001b00}
ProcessId: 3788
Image: C:\Windows\System32\conhost.exe
User: LAPTOP-I8K1DAMV\rohin"
"2026-04-21T13:34:49.9043910+05:30","5","Process terminated:
RuleName: -
UtcTime: 2026-04-21 08:04:49.904
ProcessGuid: {a65b9ff6-2fa1-69e7-9010-000000001b00}
ProcessId: 28296
Image: C:\Windows\System32\reg.exe
User: LAPTOP-I8K1DAMV\rohin"
"2026-04-21T13:34:49.8591091+05:30","5","Process terminated:
RuleName: -
UtcTime: 2026-04-21 08:04:49.858
ProcessGuid: {a65b9ff6-2fa1-69e7-8f10-000000001b00}
ProcessId: 29532
Image: C:\Windows\System32\conhost.exe
User: LAPTOP-I8K1DAMV\rohin"
"2026-04-21T13:34:49.8552487+05:30","5","Process terminated:
RuleName: -
UtcTime: 2026-04-21 08:04:49.854
ProcessGuid: {a65b9ff6-2fa1-69e7-8e10-000000001b00}
ProcessId: 28264
Image: C:\Windows\System32\reg.exe
User: LAPTOP-I8K1DAMV\rohin"
"2026-04-21T13:34:49.4538272+05:30","5","Process terminated:
RuleName: -
UtcTime: 2026-04-21 08:04:49.453
ProcessGuid: {a65b9ff6-2fa0-69e7-8c10-000000001b00}
ProcessId: 30556
Image: C:\Windows\System32\WindowsPowerShell\v1.0\powershell.exe
User: LAPTOP-I8K1DAMV\rohin"
"2026-04-21T13:34:48.7701794+05:30","5","Process terminated:
RuleName: -
UtcTime: 2026-04-21 08:04:48.769
ProcessGuid: {a65b9ff6-2fa0-69e7-8b10-000000001b00}
ProcessId: 24860
Image: C:\Windows\System32\WindowsPowerShell\v1.0\powershell.exe
User: LAPTOP-I8K1DAMV\rohin"
"2026-04-21T13:34:48.0730219+05:30","5","Process terminated:
RuleName: -
UtcTime: 2026-04-21 08:04:48.072
ProcessGuid: {a65b9ff6-2f9f-69e7-8a10-000000001b00}
ProcessId: 18336
Image: C:\Windows\System32\WindowsPowerShell\v1.0\powershell.exe
User: LAPTOP-I8K1DAMV\rohin"
"2026-04-21T13:34:47.3670138+05:30","5","Process terminated:
RuleName: -
UtcTime: 2026-04-21 08:04:47.366
ProcessGuid: {a65b9ff6-2f77-69e7-6210-000000001b00}
ProcessId: 28764
Image: C:\Windows\System32\RuntimeBroker.exe
User: LAPTOP-I8K1DAMV\rohin"
"2026-04-21T13:34:47.3077089+05:30","5","Process terminated:
RuleName: -
UtcTime: 2026-04-21 08:04:47.307
ProcessGuid: {a65b9ff6-2f9e-69e7-8910-000000001b00}
ProcessId: 16664
Image: C:\Windows\System32\WindowsPowerShell\v1.0\powershell.exe
User: LAPTOP-I8K1DAMV\rohin"
"2026-04-21T13:34:46.6745440+05:30","5","Process terminated:
RuleName: -
UtcTime: 2026-04-21 08:04:46.673
ProcessGuid: {a65b9ff6-2f9e-69e7-8810-000000001b00}
ProcessId: 14132
Image: C:\Windows\System32\WindowsPowerShell\v1.0\powershell.exe
User: LAPTOP-I8K1DAMV\rohin"
"2026-04-21T13:34:46.0434190+05:30","5","Process terminated:
RuleName: -
UtcTime: 2026-04-21 08:04:46.043
ProcessGuid: {a65b9ff6-2f9d-69e7-8710-000000001b00}
ProcessId: 31360
Image: C:\Windows\System32\WindowsPowerShell\v1.0\powershell.exe
User: LAPTOP-I8K1DAMV\rohin"
"2026-04-21T13:34:45.4166802+05:30","5","Process terminated:
RuleName: -
UtcTime: 2026-04-21 08:04:45.415
ProcessGuid: {a65b9ff6-2f9c-69e7-8610-000000001b00}
ProcessId: 29780
Image: C:\Windows\System32\WindowsPowerShell\v1.0\powershell.exe
User: LAPTOP-I8K1DAMV\rohin"
"2026-04-21T13:34:44.7473260+05:30","5","Process terminated:
RuleName: -
UtcTime: 2026-04-21 08:04:44.746
ProcessGuid: {a65b9ff6-2f9c-69e7-8510-000000001b00}
ProcessId: 31124
Image: C:\Windows\System32\WindowsPowerShell\v1.0\powershell.exe
User: LAPTOP-I8K1DAMV\rohin"
"2026-04-21T13:34:44.1113651+05:30","5","Process terminated:
RuleName: -
UtcTime: 2026-04-21 08:04:44.108
ProcessGuid: {a65b9ff6-2f9b-69e7-8410-000000001b00}
ProcessId: 16644
Image: C:\Windows\System32\WindowsPowerShell\v1.0\powershell.exe
User: LAPTOP-I8K1DAMV\rohin"
"2026-04-21T13:34:43.4632142+05:30","5","Process terminated:
RuleName: -
UtcTime: 2026-04-21 08:04:43.457
ProcessGuid: {a65b9ff6-2f9b-69e7-8310-000000001b00}
ProcessId: 18728
Image: C:\Windows\System32\WindowsPowerShell\v1.0\powershell.exe
User: LAPTOP-I8K1DAMV\rohin"
"2026-04-21T13:34:42.8330061+05:30","5","Process terminated:
RuleName: -
UtcTime: 2026-04-21 08:04:42.829
ProcessGuid: {a65b9ff6-2f9a-69e7-8210-000000001b00}
ProcessId: 28032
Image: C:\Windows\System32\WindowsPowerShell\v1.0\powershell.exe
User: LAPTOP-I8K1DAMV\rohin"
"2026-04-21T13:34:42.2101380+05:30","5","Process terminated:
RuleName: -
UtcTime: 2026-04-21 08:04:42.203
ProcessGuid: {a65b9ff6-2f99-69e7-8110-000000001b00}
ProcessId: 28600
Image: C:\Windows\System32\WindowsPowerShell\v1.0\powershell.exe
User: LAPTOP-I8K1DAMV\rohin"
"2026-04-21T13:34:41.5886498+05:30","5","Process terminated:
RuleName: -
UtcTime: 2026-04-21 08:04:41.586
ProcessGuid: {a65b9ff6-2f99-69e7-8010-000000001b00}
ProcessId: 2204
Image: C:\Windows\System32\WindowsPowerShell\v1.0\powershell.exe
User: LAPTOP-I8K1DAMV\rohin"
"2026-04-21T13:34:40.9548508+05:30","5","Process terminated:
RuleName: -
UtcTime: 2026-04-21 08:04:40.948
ProcessGuid: {a65b9ff6-2f98-69e7-7f10-000000001b00}
ProcessId: 19808
Image: C:\Windows\System32\WindowsPowerShell\v1.0\powershell.exe
User: LAPTOP-I8K1DAMV\rohin"
"2026-04-21T13:34:40.3164143+05:30","5","Process terminated:
RuleName: -
UtcTime: 2026-04-21 08:04:40.310
ProcessGuid: {a65b9ff6-2f97-69e7-7e10-000000001b00}
ProcessId: 16028
Image: C:\Windows\System32\WindowsPowerShell\v1.0\powershell.exe
User: LAPTOP-I8K1DAMV\rohin"
"2026-04-21T13:34:39.6859874+05:30","5","Process terminated:
RuleName: -
UtcTime: 2026-04-21 08:04:39.685
ProcessGuid: {a65b9ff6-2f97-69e7-7d10-000000001b00}
ProcessId: 29436
Image: C:\Windows\System32\WindowsPowerShell\v1.0\powershell.exe
User: LAPTOP-I8K1DAMV\rohin"
"2026-04-21T13:34:39.0386727+05:30","5","Process terminated:
RuleName: -
UtcTime: 2026-04-21 08:04:39.031
ProcessGuid: {a65b9ff6-2f96-69e7-7c10-000000001b00}
ProcessId: 11612
Image: C:\Windows\System32\WindowsPowerShell\v1.0\powershell.exe
User: LAPTOP-I8K1DAMV\rohin"
"2026-04-21T13:34:38.3650389+05:30","5","Process terminated:
RuleName: -
UtcTime: 2026-04-21 08:04:38.364
ProcessGuid: {a65b9ff6-2f95-69e7-7810-000000001b00}
ProcessId: 16004
Image: C:\Windows\System32\WindowsPowerShell\v1.0\powershell.exe
User: LAPTOP-I8K1DAMV\rohin"
"2026-04-21T13:34:38.1842136+05:30","5","Process terminated:
RuleName: -
UtcTime: 2026-04-21 08:04:38.183
ProcessGuid: {a65b9ff6-2f96-69e7-7a10-000000001b00}
ProcessId: 11588
Image: C:\Windows\System32\conhost.exe
User: LAPTOP-I8K1DAMV\rohin"
"2026-04-21T13:34:38.1708748+05:30","5","Process terminated:
RuleName: -
UtcTime: 2026-04-21 08:04:38.170
ProcessGuid: {a65b9ff6-2f96-69e7-7910-000000001b00}
ProcessId: 18712
Image: C:\Program Files\Git\cmd\git.exe
User: LAPTOP-I8K1DAMV\rohin"
"2026-04-21T13:34:38.1527085+05:30","5","Process terminated:
RuleName: -
UtcTime: 2026-04-21 08:04:38.152
ProcessGuid: {a65b9ff6-2f96-69e7-7b10-000000001b00}
ProcessId: 27080
Image: C:\Program Files\Git\mingw64\bin\git.exe
User: LAPTOP-I8K1DAMV\rohin"
"2026-04-21T13:34:37.5961836+05:30","5","Process terminated:
RuleName: -
UtcTime: 2026-04-21 08:04:37.595
ProcessGuid: {a65b9ff6-2f95-69e7-7710-000000001b00}
ProcessId: 14876
Image: C:\Windows\System32\WindowsPowerShell\v1.0\powershell.exe
User: LAPTOP-I8K1DAMV\rohin"
"2026-04-21T13:34:36.9025503+05:30","5","Process terminated:
RuleName: -
UtcTime: 2026-04-21 08:04:36.901
ProcessGuid: {a65b9ff6-2f94-69e7-7610-000000001b00}
ProcessId: 25980
Image: C:\Windows\System32\WindowsPowerShell\v1.0\powershell.exe
User: LAPTOP-I8K1DAMV\rohin"
"2026-04-21T13:34:36.2523296+05:30","5","Process terminated:
RuleName: -
UtcTime: 2026-04-21 08:04:36.252
ProcessGuid: {a65b9ff6-2f93-69e7-7510-000000001b00}
ProcessId: 29112
Image: C:\Windows\System32\WindowsPowerShell\v1.0\powershell.exe
User: LAPTOP-I8K1DAMV\rohin"
"2026-04-21T13:34:35.6279704+05:30","5","Process terminated:
RuleName: -
UtcTime: 2026-04-21 08:04:35.627
ProcessGuid: {a65b9ff6-2f93-69e7-7410-000000001b00}
ProcessId: 9444
Image: C:\Windows\System32\WindowsPowerShell\v1.0\powershell.exe
User: LAPTOP-I8K1DAMV\rohin"
"2026-04-21T13:34:34.9852889+05:30","5","Process terminated:
RuleName: -
UtcTime: 2026-04-21 08:04:34.984
ProcessGuid: {a65b9ff6-2f92-69e7-7310-000000001b00}
ProcessId: 20832
Image: C:\Windows\System32\WindowsPowerShell\v1.0\powershell.exe
User: LAPTOP-I8K1DAMV\rohin"
"2026-04-21T13:34:34.2759172+05:30","5","Process terminated:
RuleName: -
UtcTime: 2026-04-21 08:04:34.275
ProcessGuid: {a65b9ff6-2f91-69e7-7210-000000001b00}
ProcessId: 6460
Image: C:\Windows\System32\WindowsPowerShell\v1.0\powershell.exe
User: LAPTOP-I8K1DAMV\rohin"
"2026-04-21T13:34:33.6342488+05:30","5","Process terminated:
RuleName: -
UtcTime: 2026-04-21 08:04:33.629
ProcessGuid: {a65b9ff6-2f91-69e7-7110-000000001b00}
ProcessId: 30632
Image: C:\Windows\System32\WindowsPowerShell\v1.0\powershell.exe
User: LAPTOP-I8K1DAMV\rohin"
"2026-04-21T13:34:32.9874477+05:30","5","Process terminated:
RuleName: -
UtcTime: 2026-04-21 08:04:32.977
ProcessGuid: {a65b9ff6-2f90-69e7-7010-000000001b00}
ProcessId: 30292
Image: C:\Windows\System32\WindowsPowerShell\v1.0\powershell.exe
User: LAPTOP-I8K1DAMV\rohin"
"2026-04-21T13:34:32.4250765+05:30","5","Process terminated:
RuleName: -
UtcTime: 2026-04-21 08:04:32.424
ProcessGuid: {a65b9ff6-2f90-69e7-6e10-000000001b00}
ProcessId: 9952
Image: C:\Windows\System32\conhost.exe
User: LAPTOP-I8K1DAMV\rohin"
"2026-04-21T13:34:32.4223112+05:30","5","Process terminated:
RuleName: -
UtcTime: 2026-04-21 08:04:32.421
ProcessGuid: {a65b9ff6-2f90-69e7-6d10-000000001b00}
ProcessId: 10280
Image: C:\Program Files\Git\cmd\git.exe
User: LAPTOP-I8K1DAMV\rohin"
"2026-04-21T13:34:32.4181255+05:30","5","Process terminated:
RuleName: -
UtcTime: 2026-04-21 08:04:32.417
ProcessGuid: {a65b9ff6-2f90-69e7-6f10-000000001b00}
ProcessId: 28124
Image: C:\Program Files\Git\mingw64\bin\git.exe
User: LAPTOP-I8K1DAMV\rohin"
"2026-04-21T13:34:32.3248133+05:30","5","Process terminated:
RuleName: -
UtcTime: 2026-04-21 08:04:32.323
ProcessGuid: {a65b9ff6-2f8f-69e7-6c10-000000001b00}
ProcessId: 26140
Image: C:\Windows\System32\WindowsPowerShell\v1.0\powershell.exe
User: LAPTOP-I8K1DAMV\rohin"
"2026-04-21T13:34:31.6614529+05:30","5","Process terminated:
RuleName: -
UtcTime: 2026-04-21 08:04:31.661
ProcessGuid: {a65b9ff6-2f8f-69e7-6a10-000000001b00}
ProcessId: 28324
Image: C:\Windows\System32\conhost.exe
User: LAPTOP-I8K1DAMV\rohin"
"2026-04-21T13:34:31.6561458+05:30","5","Process terminated:
RuleName: -
UtcTime: 2026-04-21 08:04:31.655
ProcessGuid: {a65b9ff6-2f8f-69e7-6910-000000001b00}
ProcessId: 5308
Image: C:\Program Files\Git\cmd\git.exe
User: LAPTOP-I8K1DAMV\rohin"
"2026-04-21T13:34:31.6473933+05:30","5","Process terminated:
RuleName: -
UtcTime: 2026-04-21 08:04:31.647
ProcessGuid: {a65b9ff6-2f8f-69e7-6b10-000000001b00}
ProcessId: 26248
Image: C:\Program Files\Git\mingw64\bin\git.exe
User: LAPTOP-I8K1DAMV\rohin"
"2026-04-21T13:34:31.6341331+05:30","5","Process terminated:
RuleName: -
UtcTime: 2026-04-21 08:04:31.633
ProcessGuid: {a65b9ff6-2f8e-69e7-6810-000000001b00}
ProcessId: 23944
Image: C:\Windows\System32\WindowsPowerShell\v1.0\powershell.exe
User: LAPTOP-I8K1DAMV\rohin"
"2026-04-21T13:34:07.3487058+05:30","5","Process terminated:
RuleName: -
UtcTime: 2026-04-21 08:04:07.348
ProcessGuid: {a65b9ff6-2f77-69e7-6110-000000001b00}
ProcessId: 16136
Image: C:\Program Files\Adobe\Acrobat DC\Acrobat\RDCNotificationClient\FullTrustNotifier.exe
User: LAPTOP-I8K1DAMV\rohin"
"2026-04-21T13:33:49.8840386+05:30","5","Process terminated:
RuleName: -
UtcTime: 2026-04-21 08:03:49.883
ProcessGuid: {a65b9ff6-2f65-69e7-6010-000000001b00}
ProcessId: 13040
Image: C:\Windows\System32\conhost.exe
User: LAPTOP-I8K1DAMV\rohin"
"2026-04-21T13:33:49.8816856+05:30","5","Process terminated:
RuleName: -
UtcTime: 2026-04-21 08:03:49.881
ProcessGuid: {a65b9ff6-2f65-69e7-5f10-000000001b00}
ProcessId: 31400
Image: C:\Windows\System32\reg.exe
User: LAPTOP-I8K1DAMV\rohin"
"2026-04-21T13:33:49.8370462+05:30","5","Process terminated:
RuleName: -
UtcTime: 2026-04-21 08:03:49.836
ProcessGuid: {a65b9ff6-2f65-69e7-5e10-000000001b00}
ProcessId: 30952
Image: C:\Windows\System32\conhost.exe
User: LAPTOP-I8K1DAMV\rohin"
"2026-04-21T13:33:49.8347381+05:30","5","Process terminated:
RuleName: -
UtcTime: 2026-04-21 08:03:49.834
ProcessGuid: {a65b9ff6-2f65-69e7-5d10-000000001b00}
ProcessId: 11120
Image: C:\Windows\System32\reg.exe
User: LAPTOP-I8K1DAMV\rohin"
"2026-04-21T13:33:33.1603327+05:30","5","Process terminated:
RuleName: -
UtcTime: 2026-04-21 08:03:33.157
ProcessGuid: {a65b9ff6-2f55-69e7-5c10-000000001b00}
ProcessId: 21556
Image: C:\Windows\System32\conhost.exe
User: LAPTOP-I8K1DAMV\rohin"
"2026-04-21T13:33:33.1571197+05:30","5","Process terminated:
RuleName: -
UtcTime: 2026-04-21 08:03:33.153
ProcessGuid: {a65b9ff6-2f55-69e7-5b10-000000001b00}
ProcessId: 28848
Image: C:\Users\rohin\AppData\Local\Programs\Microsoft VS Code\560a9dba96\resources\app\node_modules\@vscode\ripgrep\bin\rg.exe
User: LAPTOP-I8K1DAMV\rohin"
"2026-04-21T13:33:32.1208915+05:30","5","Process terminated:
RuleName: -
UtcTime: 2026-04-21 08:03:32.113
ProcessGuid: {a65b9ff6-2f54-69e7-5910-000000001b00}
ProcessId: 16456
Image: C:\Windows\System32\conhost.exe
User: LAPTOP-I8K1DAMV\rohin"
"2026-04-21T13:33:32.1177331+05:30","5","Process terminated:
RuleName: -
UtcTime: 2026-04-21 08:03:32.113
ProcessGuid: {a65b9ff6-2f54-69e7-5810-000000001b00}
ProcessId: 30588
Image: C:\Program Files\Git\cmd\git.exe
User: LAPTOP-I8K1DAMV\rohin"
"2026-04-21T13:33:32.1124406+05:30","5","Process terminated:
RuleName: -
UtcTime: 2026-04-21 08:03:32.100
ProcessGuid: {a65b9ff6-2f54-69e7-5a10-000000001b00}
ProcessId: 31424
Image: C:\Program Files\Git\mingw64\bin\git.exe
User: LAPTOP-I8K1DAMV\rohin"
"2026-04-21T13:33:23.2366777+05:30","5","Process terminated:
RuleName: -
UtcTime: 2026-04-21 08:03:23.236
ProcessGuid: {a65b9ff6-2f4b-69e7-5610-000000001b00}
ProcessId: 17428
Image: C:\Windows\System32\conhost.exe
User: LAPTOP-I8K1DAMV\rohin"
"2026-04-21T13:33:23.2325866+05:30","5","Process terminated:
RuleName: -
UtcTime: 2026-04-21 08:03:23.232
ProcessGuid: {a65b9ff6-2f4b-69e7-5510-000000001b00}
ProcessId: 18020
Image: C:\Program Files\Git\cmd\git.exe
User: LAPTOP-I8K1DAMV\rohin"
"2026-04-21T13:33:23.2283380+05:30","5","Process terminated:
RuleName: -
UtcTime: 2026-04-21 08:03:23.227
ProcessGuid: {a65b9ff6-2f4b-69e7-5710-000000001b00}
ProcessId: 420
Image: C:\Program Files\Git\mingw64\bin\git.exe
User: LAPTOP-I8K1DAMV\rohin"
"2026-04-21T13:32:49.8777883+05:30","5","Process terminated:
RuleName: -
UtcTime: 2026-04-21 08:02:49.874
ProcessGuid: {a65b9ff6-2f29-69e7-5410-000000001b00}
ProcessId: 12992
Image: C:\Windows\System32\conhost.exe
User: LAPTOP-I8K1DAMV\rohin"
"2026-04-21T13:32:49.8748669+05:30","5","Process terminated:
RuleName: -
UtcTime: 2026-04-21 08:02:49.874
ProcessGuid: {a65b9ff6-2f29-69e7-5310-000000001b00}
ProcessId: 15388
Image: C:\Windows\System32\reg.exe
User: LAPTOP-I8K1DAMV\rohin"
"2026-04-21T13:32:49.8301186+05:30","5","Process terminated:
RuleName: -
UtcTime: 2026-04-21 08:02:49.814
ProcessGuid: {a65b9ff6-2f29-69e7-5210-000000001b00}
ProcessId: 8472
Image: C:\Windows\System32\conhost.exe
User: LAPTOP-I8K1DAMV\rohin"
"2026-04-21T13:32:49.8277372+05:30","5","Process terminated:
RuleName: -
UtcTime: 2026-04-21 08:02:49.814
ProcessGuid: {a65b9ff6-2f29-69e7-5110-000000001b00}
ProcessId: 27688
Image: C:\Windows\System32\reg.exe
User: LAPTOP-I8K1DAMV\rohin"
"2026-04-21T13:32:44.5147244+05:30","5","Process terminated:
RuleName: -
UtcTime: 2026-04-21 08:02:44.514
ProcessGuid: {a65b9ff6-2e8e-69e7-4110-000000001b00}
ProcessId: 13976
Image: C:\Windows\System32\wbem\WmiPrvSE.exe
User: NT AUTHORITY\LOCAL SERVICE"
"2026-04-21T13:32:17.5726492+05:30","5","Process terminated:
RuleName: -
UtcTime: 2026-04-21 08:02:17.572
ProcessGuid: {a65b9ff6-2e8e-69e7-4210-000000001b00}
ProcessId: 31308
Image: C:\Windows\System32\svchost.exe
User: NT AUTHORITY\SYSTEM"
"2026-04-21T13:32:08.9087125+05:30","5","Process terminated:
RuleName: -
UtcTime: 2026-04-21 08:02:08.907
ProcessGuid: {a65b9ff6-2dd4-69e7-1b10-000000001b00}
ProcessId: 10436
Image: C:\Windows\System32\svchost.exe
User: NT AUTHORITY\SYSTEM"
"2026-04-21T13:31:49.8708611+05:30","5","Process terminated:
RuleName: -
UtcTime: 2026-04-21 08:01:49.870
ProcessGuid: {a65b9ff6-2eed-69e7-5010-000000001b00}
ProcessId: 10072
Image: C:\Windows\System32\conhost.exe
User: LAPTOP-I8K1DAMV\rohin"
"2026-04-21T13:31:49.8679462+05:30","5","Process terminated:
RuleName: -
UtcTime: 2026-04-21 08:01:49.867
ProcessGuid: {a65b9ff6-2eed-69e7-4f10-000000001b00}
ProcessId: 21832
Image: C:\Windows\System32\reg.exe
User: LAPTOP-I8K1DAMV\rohin"
"2026-04-21T13:31:49.8255629+05:30","5","Process terminated:
RuleName: -
UtcTime: 2026-04-21 08:01:49.823
ProcessGuid: {a65b9ff6-2eed-69e7-4e10-000000001b00}
ProcessId: 16532
Image: C:\Windows\System32\conhost.exe
User: LAPTOP-I8K1DAMV\rohin"
"2026-04-21T13:31:49.8226543+05:30","5","Process terminated:
RuleName: -
UtcTime: 2026-04-21 08:01:49.820
ProcessGuid: {a65b9ff6-2eed-69e7-4d10-000000001b00}
ProcessId: 7252
Image: C:\Windows\System32\reg.exe
User: LAPTOP-I8K1DAMV\rohin"
"2026-04-21T13:30:49.8640650+05:30","5","Process terminated:
RuleName: -
UtcTime: 2026-04-21 08:00:49.863
ProcessGuid: {a65b9ff6-2eb1-69e7-4c10-000000001b00}
ProcessId: 27916
Image: C:\Windows\System32\conhost.exe
User: LAPTOP-I8K1DAMV\rohin"
"2026-04-21T13:30:49.8613384+05:30","5","Process terminated:
RuleName: -
UtcTime: 2026-04-21 08:00:49.860
ProcessGuid: {a65b9ff6-2eb1-69e7-4b10-000000001b00}
ProcessId: 18616
Image: C:\Windows\System32\reg.exe
User: LAPTOP-I8K1DAMV\rohin"
"2026-04-21T13:30:49.8180995+05:30","5","Process terminated:
RuleName: -
UtcTime: 2026-04-21 08:00:49.817
ProcessGuid: {a65b9ff6-2eb1-69e7-4a10-000000001b00}
ProcessId: 21264
Image: C:\Windows\System32\conhost.exe
User: LAPTOP-I8K1DAMV\rohin"
"2026-04-21T13:30:49.8151192+05:30","5","Process terminated:
RuleName: -
UtcTime: 2026-04-21 08:00:49.815
ProcessGuid: {a65b9ff6-2eb1-69e7-4910-000000001b00}
ProcessId: 21540
Image: C:\Windows\System32\reg.exe
User: LAPTOP-I8K1DAMV\rohin"
"2026-04-21T13:30:38.5996220+05:30","5","Process terminated:
RuleName: -
UtcTime: 2026-04-21 08:00:38.598
ProcessGuid: {a65b9ff6-2ea6-69e7-4710-000000001b00}
ProcessId: 412
Image: C:\Windows\System32\conhost.exe
User: LAPTOP-I8K1DAMV\rohin"
"2026-04-21T13:30:38.5902611+05:30","5","Process terminated:
RuleName: -
UtcTime: 2026-04-21 08:00:38.589
ProcessGuid: {a65b9ff6-2ea6-69e7-4610-000000001b00}
ProcessId: 30236
Image: C:\Program Files\Git\cmd\git.exe
User: LAPTOP-I8K1DAMV\rohin"
"2026-04-21T13:30:38.5775478+05:30","5","Process terminated:
RuleName: -
UtcTime: 2026-04-21 08:00:38.577
ProcessGuid: {a65b9ff6-2ea6-69e7-4810-000000001b00}
ProcessId: 15256
Image: C:\Program Files\Git\mingw64\bin\git.exe
User: LAPTOP-I8K1DAMV\rohin"
"2026-04-21T13:30:36.5769624+05:30","5","Process terminated:
RuleName: -
UtcTime: 2026-04-21 08:00:36.574
ProcessGuid: {a65b9ff6-2c4c-69e7-af0f-000000001b00}
ProcessId: 14020
Image: C:\Windows\System32\svchost.exe
User: NT AUTHORITY\SYSTEM"
"2026-04-21T13:30:29.7599473+05:30","5","Process terminated:
RuleName: -
UtcTime: 2026-04-21 08:00:29.759
ProcessGuid: {a65b9ff6-2d61-69e7-f70f-000000001b00}
ProcessId: 25420
Image: C:\Windows\System32\audiodg.exe
User: NT AUTHORITY\LOCAL SERVICE"
"2026-04-21T13:30:23.8259617+05:30","5","Process terminated:
RuleName: -
UtcTime: 2026-04-21 08:00:23.825
ProcessGuid: {a65b9ff6-2e97-69e7-4410-000000001b00}
ProcessId: 9444
Image: C:\Windows\System32\conhost.exe
User: LAPTOP-I8K1DAMV\rohin"
"2026-04-21T13:30:23.8226703+05:30","5","Process terminated:
RuleName: -
UtcTime: 2026-04-21 08:00:23.822
ProcessGuid: {a65b9ff6-2e97-69e7-4310-000000001b00}
ProcessId: 31276
Image: C:\Program Files\Git\cmd\git.exe
User: LAPTOP-I8K1DAMV\rohin"
"2026-04-21T13:30:23.8176187+05:30","5","Process terminated:
RuleName: -
UtcTime: 2026-04-21 08:00:23.817
ProcessGuid: {a65b9ff6-2e97-69e7-4510-000000001b00}
ProcessId: 24632
Image: C:\Program Files\Git\mingw64\bin\git.exe
User: LAPTOP-I8K1DAMV\rohin"
"2026-04-21T13:30:07.4511798+05:30","5","Process terminated:
RuleName: -
UtcTime: 2026-04-21 08:00:07.450
ProcessGuid: {a65b9ff6-2e84-69e7-3f10-000000001b00}
ProcessId: 6132
Image: D:\BTP\Log-Anamoly-Detection\.venv\Scripts\python.exe
User: LAPTOP-I8K1DAMV\rohin"
"2026-04-21T13:30:07.4402433+05:30","5","Process terminated:
RuleName: -
UtcTime: 2026-04-21 08:00:07.439
ProcessGuid: {a65b9ff6-2e84-69e7-4010-000000001b00}
ProcessId: 29844
Image: C:\Users\rohin\AppData\Local\Programs\Python\Python314\python.exe
User: LAPTOP-I8K1DAMV\rohin"
"2026-04-21T13:29:53.4270518+05:30","5","Process terminated:
RuleName: -
UtcTime: 2026-04-21 07:59:53.426
ProcessGuid: {a65b9ff6-2e79-69e7-3d10-000000001b00}
ProcessId: 24892
Image: D:\BTP\Log-Anamoly-Detection\.venv\Scripts\python.exe
User: LAPTOP-I8K1DAMV\rohin"
"2026-04-21T13:29:53.4224620+05:30","5","Process terminated:
RuleName: -
UtcTime: 2026-04-21 07:59:53.422
ProcessGuid: {a65b9ff6-2e79-69e7-3e10-000000001b00}
ProcessId: 29000
Image: C:\Users\rohin\AppData\Local\Programs\Python\Python314\python.exe
User: LAPTOP-I8K1DAMV\rohin"
"2026-04-21T13:29:49.8483083+05:30","5","Process terminated:
RuleName: -
UtcTime: 2026-04-21 07:59:49.848
ProcessGuid: {a65b9ff6-2e75-69e7-3c10-000000001b00}
ProcessId: 27360
Image: C:\Windows\System32\conhost.exe
User: LAPTOP-I8K1DAMV\rohin"
"2026-04-21T13:29:49.8455158+05:30","5","Process terminated:
RuleName: -
UtcTime: 2026-04-21 07:59:49.845
ProcessGuid: {a65b9ff6-2e75-69e7-3b10-000000001b00}
ProcessId: 18620
Image: C:\Windows\System32\reg.exe
User: LAPTOP-I8K1DAMV\rohin"
"2026-04-21T13:29:49.8065226+05:30","5","Process terminated:
RuleName: -
UtcTime: 2026-04-21 07:59:49.805
ProcessGuid: {a65b9ff6-2e75-69e7-3a10-000000001b00}
ProcessId: 29104
Image: C:\Windows\System32\conhost.exe
User: LAPTOP-I8K1DAMV\rohin"
"2026-04-21T13:29:49.8038307+05:30","5","Process terminated:
RuleName: -
UtcTime: 2026-04-21 07:59:49.802
ProcessGuid: {a65b9ff6-2e75-69e7-3910-000000001b00}
ProcessId: 18352
Image: C:\Windows\System32\reg.exe
User: LAPTOP-I8K1DAMV\rohin"
"2026-04-21T13:29:47.5527033+05:30","5","Process terminated:
RuleName: -
UtcTime: 2026-04-21 07:59:47.552
ProcessGuid: {a65b9ff6-2e73-69e7-3710-000000001b00}
ProcessId: 25400
Image: C:\Windows\System32\conhost.exe
User: LAPTOP-I8K1DAMV\rohin"
"2026-04-21T13:29:47.5466802+05:30","5","Process terminated:
RuleName: -
UtcTime: 2026-04-21 07:59:47.546
ProcessGuid: {a65b9ff6-2e73-69e7-3610-000000001b00}
ProcessId: 11740
Image: C:\Program Files\Git\cmd\git.exe
User: LAPTOP-I8K1DAMV\rohin"
"2026-04-21T13:29:47.5402855+05:30","5","Process terminated:
RuleName: -
UtcTime: 2026-04-21 07:59:47.540
ProcessGuid: {a65b9ff6-2e73-69e7-3810-000000001b00}
ProcessId: 29968
Image: C:\Program Files\Git\mingw64\bin\git.exe
User: LAPTOP-I8K1DAMV\rohin"
"2026-04-21T13:29:44.6962583+05:30","5","Process terminated:
RuleName: -
UtcTime: 2026-04-21 07:59:44.695
ProcessGuid: {a65b9ff6-2e70-69e7-3510-000000001b00}
ProcessId: 13732
Image: C:\Program Files (x86)\BraveSoftware\Update\BraveUpdate.exe
User: NT AUTHORITY\SYSTEM"
"2026-04-21T13:29:13.8395915+05:30","5","Process terminated:
RuleName: -
UtcTime: 2026-04-21 07:59:13.835
ProcessGuid: {a65b9ff6-2e51-69e7-3410-000000001b00}
ProcessId: 24896
Image: C:\Program Files (x86)\Microsoft\EdgeUpdate\MicrosoftEdgeUpdate.exe
User: NT AUTHORITY\SYSTEM"
"2026-04-21T13:28:52.2172822+05:30","5","Process terminated:
RuleName: -
UtcTime: 2026-04-21 07:58:52.216
ProcessGuid: {a65b9ff6-2e3c-69e7-3310-000000001b00}
ProcessId: 28008
Image: C:\Windows\System32\conhost.exe
User: LAPTOP-I8K1DAMV\rohin"
"2026-04-21T13:28:52.2145493+05:30","5","Process terminated:
RuleName: -
UtcTime: 2026-04-21 07:58:52.213
ProcessGuid: {a65b9ff6-2e3c-69e7-3210-000000001b00}
ProcessId: 19760
Image: C:\Windows\System32\reg.exe
User: LAPTOP-I8K1DAMV\rohin"
"2026-04-21T13:28:52.1732510+05:30","5","Process terminated:
RuleName: -
UtcTime: 2026-04-21 07:58:52.172
ProcessGuid: {a65b9ff6-2e3c-69e7-3110-000000001b00}
ProcessId: 28956
Image: C:\Windows\System32\conhost.exe
User: LAPTOP-I8K1DAMV\rohin"
"2026-04-21T13:28:52.1703825+05:30","5","Process terminated:
RuleName: -
UtcTime: 2026-04-21 07:58:52.169
ProcessGuid: {a65b9ff6-2e3c-69e7-3010-000000001b00}
ProcessId: 11180
Image: C:\Windows\System32\reg.exe
User: LAPTOP-I8K1DAMV\rohin"
"2026-04-21T13:28:49.8576250+05:30","5","Process terminated:
RuleName: -
UtcTime: 2026-04-21 07:58:49.857
ProcessGuid: {a65b9ff6-2e39-69e7-2f10-000000001b00}
ProcessId: 25948
Image: C:\Windows\System32\conhost.exe
User: LAPTOP-I8K1DAMV\rohin"
"2026-04-21T13:28:49.8551185+05:30","5","Process terminated:
RuleName: -
UtcTime: 2026-04-21 07:58:49.853
ProcessGuid: {a65b9ff6-2e39-69e7-2e10-000000001b00}
ProcessId: 27764
Image: C:\Windows\System32\reg.exe
User: LAPTOP-I8K1DAMV\rohin"
"2026-04-21T13:28:49.8120763+05:30","5","Process terminated:
RuleName: -
UtcTime: 2026-04-21 07:58:49.810
ProcessGuid: {a65b9ff6-2e39-69e7-2d10-000000001b00}
ProcessId: 23244
Image: C:\Windows\System32\conhost.exe
User: LAPTOP-I8K1DAMV\rohin"
"2026-04-21T13:28:49.8090524+05:30","5","Process terminated:
RuleName: -
UtcTime: 2026-04-21 07:58:49.808
ProcessGuid: {a65b9ff6-2e39-69e7-2c10-000000001b00}
ProcessId: 25052
Image: C:\Windows\System32\reg.exe
User: LAPTOP-I8K1DAMV\rohin"
"2026-04-21T13:28:46.4808052+05:30","5","Process terminated:
RuleName: -
UtcTime: 2026-04-21 07:58:46.479
ProcessGuid: {a65b9ff6-2e20-69e7-2b10-000000001b00}
ProcessId: 24784
Image: C:\Program Files\Microsoft Office\root\Office16\SDXHelper.exe
User: LAPTOP-I8K1DAMV\rohin"
"2026-04-21T13:28:25.6882723+05:30","5","Process terminated:
RuleName: -
UtcTime: 2026-04-21 07:58:25.687
ProcessGuid: {a65b9ff6-2e1d-69e7-2a10-000000001b00}
ProcessId: 16196
Image: C:\Program Files\Microsoft Office\root\Office16\SDXHelper.exe
User: LAPTOP-I8K1DAMV\rohin"
"2026-04-21T13:28:16.8252457+05:30","5","Process terminated:
RuleName: -
UtcTime: 2026-04-21 07:58:16.824
ProcessGuid: {a65b9ff6-2a8a-69e7-ee0e-000000001b00}
ProcessId: 30664
Image: C:\Program Files\Google\Chrome\Application\chrome.exe
User: LAPTOP-I8K1DAMV\rohin"
"2026-04-21T13:28:14.1740690+05:30","5","Process terminated:
RuleName: -
UtcTime: 2026-04-21 07:58:14.163
ProcessGuid: {a65b9ff6-2d9e-69e7-0810-000000001b00}
ProcessId: 24024
Image: C:\Windows\System32\wbem\WmiPrvSE.exe
User: NT AUTHORITY\LOCAL SERVICE"
"2026-04-21T13:28:07.0936260+05:30","5","Process terminated:
RuleName: -
UtcTime: 2026-04-21 07:58:07.092
ProcessGuid: {a65b9ff6-2e0f-69e7-2810-000000001b00}
ProcessId: 28536
Image: C:\Windows\System32\conhost.exe
User: LAPTOP-I8K1DAMV\rohin"
"2026-04-21T13:28:07.0856413+05:30","5","Process terminated:
RuleName: -
UtcTime: 2026-04-21 07:58:07.085
ProcessGuid: {a65b9ff6-2e0e-69e7-2710-000000001b00}
ProcessId: 23116
Image: C:\Program Files\Git\cmd\git.exe
User: LAPTOP-I8K1DAMV\rohin"
"2026-04-21T13:28:07.0809402+05:30","5","Process terminated:
RuleName: -
UtcTime: 2026-04-21 07:58:07.080
ProcessGuid: {a65b9ff6-2e0f-69e7-2910-000000001b00}
ProcessId: 16464
Image: C:\Program Files\Git\mingw64\bin\git.exe
User: LAPTOP-I8K1DAMV\rohin"
"2026-04-21T13:27:49.8329780+05:30","5","Process terminated:
RuleName: -
UtcTime: 2026-04-21 07:57:49.832
ProcessGuid: {a65b9ff6-2dfd-69e7-2610-000000001b00}
ProcessId: 27704
Image: C:\Windows\System32\conhost.exe
User: LAPTOP-I8K1DAMV\rohin"
"2026-04-21T13:27:49.8302864+05:30","5","Process terminated:
RuleName: -
UtcTime: 2026-04-21 07:57:49.830
ProcessGuid: {a65b9ff6-2dfd-69e7-2510-000000001b00}
ProcessId: 19020
Image: C:\Windows\System32\reg.exe
User: LAPTOP-I8K1DAMV\rohin"
"2026-04-21T13:27:49.7891967+05:30","5","Process terminated:
RuleName: -
UtcTime: 2026-04-21 07:57:49.788
ProcessGuid: {a65b9ff6-2dfd-69e7-2410-000000001b00}
ProcessId: 12308
Image: C:\Windows\System32\conhost.exe
User: LAPTOP-I8K1DAMV\rohin"
"2026-04-21T13:27:49.7868141+05:30","5","Process terminated:
RuleName: -
UtcTime: 2026-04-21 07:57:49.786
ProcessGuid: {a65b9ff6-2dfd-69e7-2310-000000001b00}
ProcessId: 2784
Image: C:\Windows\System32\reg.exe
User: LAPTOP-I8K1DAMV\rohin"
"2026-04-21T13:27:47.2430442+05:30","5","Process terminated:
RuleName: -
UtcTime: 2026-04-21 07:57:47.234
ProcessGuid: {a65b9ff6-2d9e-69e7-0910-000000001b00}
ProcessId: 20112
Image: C:\Windows\System32\svchost.exe
User: NT AUTHORITY\SYSTEM"
"2026-04-21T13:27:32.9317462+05:30","5","Process terminated:
RuleName: -
UtcTime: 2026-04-21 07:57:32.930
ProcessGuid: {a65b9ff6-2dec-69e7-2110-000000001b00}
ProcessId: 18852
Image: C:\Windows\System32\conhost.exe
User: LAPTOP-I8K1DAMV\rohin"
"2026-04-21T13:27:32.9274799+05:30","5","Process terminated:
RuleName: -
UtcTime: 2026-04-21 07:57:32.926
ProcessGuid: {a65b9ff6-2dec-69e7-2010-000000001b00}
ProcessId: 29384
Image: C:\Program Files\Git\cmd\git.exe
User: LAPTOP-I8K1DAMV\rohin"
"2026-04-21T13:27:32.9208232+05:30","5","Process terminated:
RuleName: -
UtcTime: 2026-04-21 07:57:32.919
ProcessGuid: {a65b9ff6-2dec-69e7-2210-000000001b00}
ProcessId: 27140
Image: C:\Program Files\Git\mingw64\bin\git.exe
User: LAPTOP-I8K1DAMV\rohin"
"2026-04-21T13:27:28.8170735+05:30","5","Process terminated:
RuleName: -
UtcTime: 2026-04-21 07:57:28.816
ProcessGuid: {a65b9ff6-2de8-69e7-1e10-000000001b00}
ProcessId: 22452
Image: C:\Windows\System32\conhost.exe
User: LAPTOP-I8K1DAMV\rohin"
"2026-04-21T13:27:28.7949447+05:30","5","Process terminated:
RuleName: -
UtcTime: 2026-04-21 07:57:28.794
ProcessGuid: {a65b9ff6-2de8-69e7-1d10-000000001b00}
ProcessId: 18592
Image: C:\Program Files\Git\cmd\git.exe
User: LAPTOP-I8K1DAMV\rohin"
"2026-04-21T13:27:28.7844008+05:30","5","Process terminated:
RuleName: -
UtcTime: 2026-04-21 07:57:28.784
ProcessGuid: {a65b9ff6-2de8-69e7-1f10-000000001b00}
ProcessId: 16632
Image: C:\Program Files\Git\mingw64\bin\git.exe
User: LAPTOP-I8K1DAMV\rohin"
"2026-04-21T13:27:25.5367844+05:30","5","Process terminated:
RuleName: -
UtcTime: 2026-04-21 07:57:25.536
ProcessGuid: {a65b9ff6-2b5e-69e7-420f-000000001b00}
ProcessId: 18712
Image: C:\Windows\System32\conhost.exe
User: LAPTOP-I8K1DAMV\rohin"
"2026-04-21T13:27:25.5051417+05:30","5","Process terminated:
RuleName: -
UtcTime: 2026-04-21 07:57:25.503
ProcessGuid: {a65b9ff6-2b5d-69e7-410f-000000001b00}
ProcessId: 31088
Image: C:\Windows\System32\WindowsPowerShell\v1.0\powershell.exe
User: LAPTOP-I8K1DAMV\rohin"
"2026-04-21T13:27:16.1082508+05:30","5","Process terminated:
RuleName: -
UtcTime: 2026-04-21 07:57:16.107
ProcessGuid: {a65b9ff6-2ddb-69e7-1c10-000000001b00}
ProcessId: 3660
Image: C:\msys64\ucrt64\bin\python.exe
User: LAPTOP-I8K1DAMV\rohin"
"2026-04-21T13:27:01.1772197+05:30","5","Process terminated:
RuleName: -
UtcTime: 2026-04-21 07:57:01.176
ProcessGuid: {a65b9ff6-2dcd-69e7-1a10-000000001b00}
ProcessId: 412
Image: C:\msys64\ucrt64\bin\python.exe
User: LAPTOP-I8K1DAMV\rohin"
"2026-04-21T13:26:52.1507860+05:30","5","Process terminated:
RuleName: -
UtcTime: 2026-04-21 07:56:52.150
ProcessGuid: {a65b9ff6-2dc4-69e7-1910-000000001b00}
ProcessId: 12812
Image: C:\Windows\System32\conhost.exe
User: LAPTOP-I8K1DAMV\rohin"
"2026-04-21T13:26:52.1451119+05:30","5","Process terminated:
RuleName: -
UtcTime: 2026-04-21 07:56:52.144
ProcessGuid: {a65b9ff6-2dc4-69e7-1810-000000001b00}
ProcessId: 23068
Image: C:\Windows\System32\reg.exe
User: LAPTOP-I8K1DAMV\rohin"
"2026-04-21T13:26:52.0955391+05:30","5","Process terminated:
RuleName: -
UtcTime: 2026-04-21 07:56:52.094
ProcessGuid: {a65b9ff6-2dc4-69e7-1710-000000001b00}
ProcessId: 30196
Image: C:\Windows\System32\conhost.exe
User: LAPTOP-I8K1DAMV\rohin"
"2026-04-21T13:26:52.0927121+05:30","5","Process terminated:
RuleName: -
UtcTime: 2026-04-21 07:56:52.091
ProcessGuid: {a65b9ff6-2dc4-69e7-1610-000000001b00}
ProcessId: 18984
Image: C:\Windows\System32\reg.exe
User: LAPTOP-I8K1DAMV\rohin"
"2026-04-21T13:26:49.8220963+05:30","5","Process terminated:
RuleName: -
UtcTime: 2026-04-21 07:56:49.821
ProcessGuid: {a65b9ff6-2dc1-69e7-1510-000000001b00}
ProcessId: 1824
Image: C:\Windows\System32\conhost.exe
User: LAPTOP-I8K1DAMV\rohin"
