"2026-04-21T13:50:33.0837517+05:30","11","File created:
RuleName: -
UtcTime: 2026-04-21 08:20:33.083
ProcessGuid: {a65b9ff6-3338-69e7-8411-000000001b00}
ProcessId: 30020
Image: C:\Users\rohin\AppData\Local\Programs\Python\Python314\python.exe
TargetFilename: D:\BTP\Log-Anamoly-Detection\attack_files\attack_file_026.txt
CreationUtcTime: 2026-04-20 23:20:30.890
User: LAPTOP-I8K1DAMV\rohin"
"2026-04-21T13:50:33.0512966+05:30","11","File created:
RuleName: -
UtcTime: 2026-04-21 08:20:33.051
ProcessGuid: {a65b9ff6-3338-69e7-8411-000000001b00}
ProcessId: 30020
Image: C:\Users\rohin\AppData\Local\Programs\Python\Python314\python.exe
TargetFilename: D:\BTP\Log-Anamoly-Detection\attack_files\attack_file_025.txt
CreationUtcTime: 2026-04-20 23:20:30.883
User: LAPTOP-I8K1DAMV\rohin"
"2026-04-21T13:50:33.0196416+05:30","11","File created:
RuleName: -
UtcTime: 2026-04-21 08:20:33.018
ProcessGuid: {a65b9ff6-3338-69e7-8411-000000001b00}
ProcessId: 30020
Image: C:\Users\rohin\AppData\Local\Programs\Python\Python314\python.exe
TargetFilename: D:\BTP\Log-Anamoly-Detection\attack_files\attack_file_024.txt
CreationUtcTime: 2026-04-20 23:20:30.879
User: LAPTOP-I8K1DAMV\rohin"
"2026-04-21T13:50:32.9883780+05:30","11","File created:
RuleName: -
UtcTime: 2026-04-21 08:20:32.987
ProcessGuid: {a65b9ff6-3338-69e7-8411-000000001b00}
ProcessId: 30020
Image: C:\Users\rohin\AppData\Local\Programs\Python\Python314\python.exe
TargetFilename: D:\BTP\Log-Anamoly-Detection\attack_files\attack_file_023.txt
CreationUtcTime: 2026-04-20 23:20:30.873
User: LAPTOP-I8K1DAMV\rohin"
"2026-04-21T13:50:32.9566844+05:30","11","File created:
RuleName: -
UtcTime: 2026-04-21 08:20:32.955
ProcessGuid: {a65b9ff6-3338-69e7-8411-000000001b00}
ProcessId: 30020
Image: C:\Users\rohin\AppData\Local\Programs\Python\Python314\python.exe
TargetFilename: D:\BTP\Log-Anamoly-Detection\attack_files\attack_file_022.txt
CreationUtcTime: 2026-04-20 23:20:30.868
User: LAPTOP-I8K1DAMV\rohin"
"2026-04-21T13:50:32.9252789+05:30","11","File created:
RuleName: -
UtcTime: 2026-04-21 08:20:32.924
ProcessGuid: {a65b9ff6-3338-69e7-8411-000000001b00}
ProcessId: 30020
Image: C:\Users\rohin\AppData\Local\Programs\Python\Python314\python.exe
TargetFilename: D:\BTP\Log-Anamoly-Detection\attack_files\attack_file_021.txt
CreationUtcTime: 2026-04-20 23:20:30.865
User: LAPTOP-I8K1DAMV\rohin"
"2026-04-21T13:50:32.8932083+05:30","11","File created:
RuleName: -
UtcTime: 2026-04-21 08:20:32.892
ProcessGuid: {a65b9ff6-3338-69e7-8411-000000001b00}
ProcessId: 30020
Image: C:\Users\rohin\AppData\Local\Programs\Python\Python314\python.exe
TargetFilename: D:\BTP\Log-Anamoly-Detection\attack_files\attack_file_020.txt
CreationUtcTime: 2026-04-20 23:20:30.859
User: LAPTOP-I8K1DAMV\rohin"
"2026-04-21T13:50:32.8616699+05:30","11","File created:
RuleName: -
UtcTime: 2026-04-21 08:20:32.860
ProcessGuid: {a65b9ff6-3338-69e7-8411-000000001b00}
ProcessId: 30020
Image: C:\Users\rohin\AppData\Local\Programs\Python\Python314\python.exe
TargetFilename: D:\BTP\Log-Anamoly-Detection\attack_files\attack_file_019.txt
CreationUtcTime: 2026-04-20 23:20:30.853
User: LAPTOP-I8K1DAMV\rohin"
"2026-04-21T13:50:32.8301518+05:30","11","File created:
RuleName: -
UtcTime: 2026-04-21 08:20:32.829
ProcessGuid: {a65b9ff6-3338-69e7-8411-000000001b00}
ProcessId: 30020
Image: C:\Users\rohin\AppData\Local\Programs\Python\Python314\python.exe
TargetFilename: D:\BTP\Log-Anamoly-Detection\attack_files\attack_file_018.txt
CreationUtcTime: 2026-04-20 23:20:30.849
User: LAPTOP-I8K1DAMV\rohin"
"2026-04-21T13:50:32.7988375+05:30","11","File created:
RuleName: -
UtcTime: 2026-04-21 08:20:32.797
ProcessGuid: {a65b9ff6-3338-69e7-8411-000000001b00}
ProcessId: 30020
Image: C:\Users\rohin\AppData\Local\Programs\Python\Python314\python.exe
TargetFilename: D:\BTP\Log-Anamoly-Detection\attack_files\attack_file_017.txt
CreationUtcTime: 2026-04-20 23:20:30.844
User: LAPTOP-I8K1DAMV\rohin"
"2026-04-21T13:50:32.7669629+05:30","11","File created:
RuleName: -
UtcTime: 2026-04-21 08:20:32.766
ProcessGuid: {a65b9ff6-3338-69e7-8411-000000001b00}
ProcessId: 30020
Image: C:\Users\rohin\AppData\Local\Programs\Python\Python314\python.exe
TargetFilename: D:\BTP\Log-Anamoly-Detection\attack_files\attack_file_016.txt
CreationUtcTime: 2026-04-20 23:20:30.840
User: LAPTOP-I8K1DAMV\rohin"
"2026-04-21T13:50:32.7355863+05:30","11","File created:
RuleName: -
UtcTime: 2026-04-21 08:20:32.734
ProcessGuid: {a65b9ff6-3338-69e7-8411-000000001b00}
ProcessId: 30020
Image: C:\Users\rohin\AppData\Local\Programs\Python\Python314\python.exe
TargetFilename: D:\BTP\Log-Anamoly-Detection\attack_files\attack_file_015.txt
CreationUtcTime: 2026-04-20 23:20:30.834
User: LAPTOP-I8K1DAMV\rohin"
"2026-04-21T13:50:32.7040072+05:30","11","File created:
RuleName: -
UtcTime: 2026-04-21 08:20:32.703
ProcessGuid: {a65b9ff6-3338-69e7-8411-000000001b00}
ProcessId: 30020
Image: C:\Users\rohin\AppData\Local\Programs\Python\Python314\python.exe
TargetFilename: D:\BTP\Log-Anamoly-Detection\attack_files\attack_file_014.txt
CreationUtcTime: 2026-04-20 23:20:30.827
User: LAPTOP-I8K1DAMV\rohin"
"2026-04-21T13:50:32.6726374+05:30","11","File created:
RuleName: -
UtcTime: 2026-04-21 08:20:32.672
ProcessGuid: {a65b9ff6-3338-69e7-8411-000000001b00}
ProcessId: 30020
Image: C:\Users\rohin\AppData\Local\Programs\Python\Python314\python.exe
TargetFilename: D:\BTP\Log-Anamoly-Detection\attack_files\attack_file_013.txt
CreationUtcTime: 2026-04-20 23:20:30.818
User: LAPTOP-I8K1DAMV\rohin"
"2026-04-21T13:50:32.6407489+05:30","11","File created:
RuleName: -
UtcTime: 2026-04-21 08:20:32.640
ProcessGuid: {a65b9ff6-3338-69e7-8411-000000001b00}
ProcessId: 30020
Image: C:\Users\rohin\AppData\Local\Programs\Python\Python314\python.exe
TargetFilename: D:\BTP\Log-Anamoly-Detection\attack_files\attack_file_012.txt
CreationUtcTime: 2026-04-20 23:20:30.802
User: LAPTOP-I8K1DAMV\rohin"
"2026-04-21T13:50:32.6093268+05:30","11","File created:
RuleName: -
UtcTime: 2026-04-21 08:20:32.608
ProcessGuid: {a65b9ff6-3338-69e7-8411-000000001b00}
ProcessId: 30020
Image: C:\Users\rohin\AppData\Local\Programs\Python\Python314\python.exe
TargetFilename: D:\BTP\Log-Anamoly-Detection\attack_files\attack_file_011.txt
CreationUtcTime: 2026-04-20 23:20:30.802
User: LAPTOP-I8K1DAMV\rohin"
"2026-04-21T13:50:32.5778588+05:30","11","File created:
RuleName: -
UtcTime: 2026-04-21 08:20:32.577
ProcessGuid: {a65b9ff6-3338-69e7-8411-000000001b00}
ProcessId: 30020
Image: C:\Users\rohin\AppData\Local\Programs\Python\Python314\python.exe
TargetFilename: D:\BTP\Log-Anamoly-Detection\attack_files\attack_file_010.txt
CreationUtcTime: 2026-04-20 23:20:30.802
User: LAPTOP-I8K1DAMV\rohin"
"2026-04-21T13:50:32.5464494+05:30","11","File created:
RuleName: -
UtcTime: 2026-04-21 08:20:32.545
ProcessGuid: {a65b9ff6-3338-69e7-8411-000000001b00}
ProcessId: 30020
Image: C:\Users\rohin\AppData\Local\Programs\Python\Python314\python.exe
TargetFilename: D:\BTP\Log-Anamoly-Detection\attack_files\attack_file_009.txt
CreationUtcTime: 2026-04-20 23:20:30.802
User: LAPTOP-I8K1DAMV\rohin"
"2026-04-21T13:50:32.5148439+05:30","11","File created:
RuleName: -
UtcTime: 2026-04-21 08:20:32.514
ProcessGuid: {a65b9ff6-3338-69e7-8411-000000001b00}
ProcessId: 30020
Image: C:\Users\rohin\AppData\Local\Programs\Python\Python314\python.exe
TargetFilename: D:\BTP\Log-Anamoly-Detection\attack_files\attack_file_008.txt
CreationUtcTime: 2026-04-20 23:20:30.786
User: LAPTOP-I8K1DAMV\rohin"
"2026-04-21T13:50:32.4827580+05:30","11","File created:
RuleName: -
UtcTime: 2026-04-21 08:20:32.482
ProcessGuid: {a65b9ff6-3338-69e7-8411-000000001b00}
ProcessId: 30020
Image: C:\Users\rohin\AppData\Local\Programs\Python\Python314\python.exe
TargetFilename: D:\BTP\Log-Anamoly-Detection\attack_files\attack_file_007.txt
CreationUtcTime: 2026-04-20 23:20:30.786
User: LAPTOP-I8K1DAMV\rohin"
"2026-04-21T13:50:32.4515425+05:30","11","File created:
RuleName: -
UtcTime: 2026-04-21 08:20:32.451
ProcessGuid: {a65b9ff6-3338-69e7-8411-000000001b00}
ProcessId: 30020
Image: C:\Users\rohin\AppData\Local\Programs\Python\Python314\python.exe
TargetFilename: D:\BTP\Log-Anamoly-Detection\attack_files\attack_file_006.txt
CreationUtcTime: 2026-04-20 23:20:30.786
User: LAPTOP-I8K1DAMV\rohin"
"2026-04-21T13:50:32.4198357+05:30","11","File created:
RuleName: -
UtcTime: 2026-04-21 08:20:32.419
ProcessGuid: {a65b9ff6-3338-69e7-8411-000000001b00}
ProcessId: 30020
Image: C:\Users\rohin\AppData\Local\Programs\Python\Python314\python.exe
TargetFilename: D:\BTP\Log-Anamoly-Detection\attack_files\attack_file_005.txt
CreationUtcTime: 2026-04-20 23:20:30.782
User: LAPTOP-I8K1DAMV\rohin"
"2026-04-21T13:50:32.3885710+05:30","11","File created:
RuleName: -
UtcTime: 2026-04-21 08:20:32.387
ProcessGuid: {a65b9ff6-3338-69e7-8411-000000001b00}
ProcessId: 30020
Image: C:\Users\rohin\AppData\Local\Programs\Python\Python314\python.exe
TargetFilename: D:\BTP\Log-Anamoly-Detection\attack_files\attack_file_004.txt
CreationUtcTime: 2026-04-20 23:20:30.778
User: LAPTOP-I8K1DAMV\rohin"
"2026-04-21T13:50:32.3569551+05:30","11","File created:
RuleName: -
UtcTime: 2026-04-21 08:20:32.356
ProcessGuid: {a65b9ff6-3338-69e7-8411-000000001b00}
ProcessId: 30020
Image: C:\Users\rohin\AppData\Local\Programs\Python\Python314\python.exe
TargetFilename: D:\BTP\Log-Anamoly-Detection\attack_files\attack_file_003.txt
CreationUtcTime: 2026-04-20 23:20:30.771
User: LAPTOP-I8K1DAMV\rohin"
"2026-04-21T13:50:32.3254708+05:30","11","File created:
RuleName: -
UtcTime: 2026-04-21 08:20:32.325
ProcessGuid: {a65b9ff6-3338-69e7-8411-000000001b00}
ProcessId: 30020
Image: C:\Users\rohin\AppData\Local\Programs\Python\Python314\python.exe
TargetFilename: D:\BTP\Log-Anamoly-Detection\attack_files\attack_file_002.txt
CreationUtcTime: 2026-04-20 23:20:30.767
User: LAPTOP-I8K1DAMV\rohin"
"2026-04-21T13:50:32.2934337+05:30","11","File created:
RuleName: -
UtcTime: 2026-04-21 08:20:32.292
ProcessGuid: {a65b9ff6-3338-69e7-8411-000000001b00}
ProcessId: 30020
Image: C:\Users\rohin\AppData\Local\Programs\Python\Python314\python.exe
TargetFilename: D:\BTP\Log-Anamoly-Detection\attack_files\attack_file_001.txt
CreationUtcTime: 2026-04-20 23:20:30.763
User: LAPTOP-I8K1DAMV\rohin"
"2026-04-21T13:50:32.2616978+05:30","11","File created:
RuleName: -
UtcTime: 2026-04-21 08:20:32.261
ProcessGuid: {a65b9ff6-3338-69e7-8411-000000001b00}
ProcessId: 30020
Image: C:\Users\rohin\AppData\Local\Programs\Python\Python314\python.exe
TargetFilename: D:\BTP\Log-Anamoly-Detection\attack_files\attack_file_000.txt
CreationUtcTime: 2026-04-20 23:20:30.758
User: LAPTOP-I8K1DAMV\rohin"
"2026-04-21T13:50:32.0475471+05:30","5","Process terminated:
RuleName: -
UtcTime: 2026-04-21 08:20:32.046
ProcessGuid: {a65b9ff6-334f-69e7-aa11-000000001b00}
ProcessId: 29632
Image: C:\Windows\System32\WindowsPowerShell\v1.0\powershell.exe
User: LAPTOP-I8K1DAMV\rohin"
"2026-04-21T13:50:31.3501825+05:30","5","Process terminated:
RuleName: -
UtcTime: 2026-04-21 08:20:31.349
ProcessGuid: {a65b9ff6-334e-69e7-a911-000000001b00}
ProcessId: 31172
Image: C:\Windows\System32\WindowsPowerShell\v1.0\powershell.exe
User: LAPTOP-I8K1DAMV\rohin"
"2026-04-21T13:50:30.6666592+05:30","5","Process terminated:
RuleName: -
UtcTime: 2026-04-21 08:20:30.666
ProcessGuid: {a65b9ff6-334e-69e7-a811-000000001b00}
ProcessId: 28528
Image: C:\Windows\System32\WindowsPowerShell\v1.0\powershell.exe
User: LAPTOP-I8K1DAMV\rohin"
"2026-04-21T13:50:29.9705762+05:30","5","Process terminated:
RuleName: -
UtcTime: 2026-04-21 08:20:29.967
ProcessGuid: {a65b9ff6-334d-69e7-a711-000000001b00}
ProcessId: 27352
Image: C:\Windows\System32\WindowsPowerShell\v1.0\powershell.exe
User: LAPTOP-I8K1DAMV\rohin"
"2026-04-21T13:50:29.2441090+05:30","5","Process terminated:
RuleName: -
UtcTime: 2026-04-21 08:20:29.243
ProcessGuid: {a65b9ff6-334c-69e7-a611-000000001b00}
ProcessId: 31724
Image: C:\Windows\System32\WindowsPowerShell\v1.0\powershell.exe
User: LAPTOP-I8K1DAMV\rohin"
"2026-04-21T13:50:28.5665644+05:30","5","Process terminated:
RuleName: -
UtcTime: 2026-04-21 08:20:28.565
ProcessGuid: {a65b9ff6-334c-69e7-a511-000000001b00}
ProcessId: 31532
Image: C:\Windows\System32\WindowsPowerShell\v1.0\powershell.exe
User: LAPTOP-I8K1DAMV\rohin"
"2026-04-21T13:50:27.8682794+05:30","5","Process terminated:
RuleName: -
UtcTime: 2026-04-21 08:20:27.867
ProcessGuid: {a65b9ff6-334b-69e7-a411-000000001b00}
ProcessId: 27684
Image: C:\Windows\System32\WindowsPowerShell\v1.0\powershell.exe
User: LAPTOP-I8K1DAMV\rohin"
"2026-04-21T13:50:27.1884204+05:30","5","Process terminated:
RuleName: -
UtcTime: 2026-04-21 08:20:27.188
ProcessGuid: {a65b9ff6-334a-69e7-a311-000000001b00}
ProcessId: 28412
Image: C:\Windows\System32\WindowsPowerShell\v1.0\powershell.exe
User: LAPTOP-I8K1DAMV\rohin"
"2026-04-21T13:50:26.4741191+05:30","5","Process terminated:
RuleName: -
UtcTime: 2026-04-21 08:20:26.461
ProcessGuid: {a65b9ff6-3349-69e7-a211-000000001b00}
ProcessId: 26248
Image: C:\Windows\System32\WindowsPowerShell\v1.0\powershell.exe
User: LAPTOP-I8K1DAMV\rohin"
"2026-04-21T13:50:25.7184291+05:30","5","Process terminated:
RuleName: -
UtcTime: 2026-04-21 08:20:25.711
ProcessGuid: {a65b9ff6-3349-69e7-a111-000000001b00}
ProcessId: 14020
Image: C:\Windows\System32\WindowsPowerShell\v1.0\powershell.exe
User: LAPTOP-I8K1DAMV\rohin"
"2026-04-21T13:50:24.9163327+05:30","5","Process terminated:
RuleName: -
UtcTime: 2026-04-21 08:20:24.916
ProcessGuid: {a65b9ff6-3348-69e7-a011-000000001b00}
ProcessId: 29520
Image: C:\Windows\System32\WindowsPowerShell\v1.0\powershell.exe
User: LAPTOP-I8K1DAMV\rohin"
"2026-04-21T13:50:24.2973310+05:30","5","Process terminated:
RuleName: -
UtcTime: 2026-04-21 08:20:24.296
ProcessGuid: {a65b9ff6-3347-69e7-9f11-000000001b00}
ProcessId: 29576
Image: C:\Windows\System32\WindowsPowerShell\v1.0\powershell.exe
User: LAPTOP-I8K1DAMV\rohin"
"2026-04-21T13:50:23.6827432+05:30","5","Process terminated:
RuleName: -
UtcTime: 2026-04-21 08:20:23.681
ProcessGuid: {a65b9ff6-3347-69e7-9e11-000000001b00}
ProcessId: 28460
Image: C:\Windows\System32\WindowsPowerShell\v1.0\powershell.exe
User: LAPTOP-I8K1DAMV\rohin"
"2026-04-21T13:50:23.0408998+05:30","5","Process terminated:
RuleName: -
UtcTime: 2026-04-21 08:20:23.040
ProcessGuid: {a65b9ff6-3346-69e7-9d11-000000001b00}
ProcessId: 768
Image: C:\Windows\System32\WindowsPowerShell\v1.0\powershell.exe
User: LAPTOP-I8K1DAMV\rohin"
"2026-04-21T13:50:22.3908722+05:30","5","Process terminated:
RuleName: -
UtcTime: 2026-04-21 08:20:22.390
ProcessGuid: {a65b9ff6-3345-69e7-9c11-000000001b00}
ProcessId: 6396
Image: C:\Windows\System32\WindowsPowerShell\v1.0\powershell.exe
User: LAPTOP-I8K1DAMV\rohin"
"2026-04-21T13:50:21.7549586+05:30","5","Process terminated:
RuleName: -
UtcTime: 2026-04-21 08:20:21.754
ProcessGuid: {a65b9ff6-3345-69e7-9b11-000000001b00}
ProcessId: 31268
Image: C:\Windows\System32\WindowsPowerShell\v1.0\powershell.exe
User: LAPTOP-I8K1DAMV\rohin"
"2026-04-21T13:50:21.0950577+05:30","5","Process terminated:
RuleName: -
UtcTime: 2026-04-21 08:20:21.094
ProcessGuid: {a65b9ff6-3344-69e7-9a11-000000001b00}
ProcessId: 26028
Image: C:\Windows\System32\WindowsPowerShell\v1.0\powershell.exe
User: LAPTOP-I8K1DAMV\rohin"
"2026-04-21T13:50:20.4742879+05:30","5","Process terminated:
RuleName: -
UtcTime: 2026-04-21 08:20:20.473
ProcessGuid: {a65b9ff6-3344-69e7-9911-000000001b00}
ProcessId: 26148
Image: C:\Windows\System32\WindowsPowerShell\v1.0\powershell.exe
User: LAPTOP-I8K1DAMV\rohin"
"2026-04-21T13:50:19.8459021+05:30","5","Process terminated:
RuleName: -
UtcTime: 2026-04-21 08:20:19.845
ProcessGuid: {a65b9ff6-3343-69e7-9811-000000001b00}
ProcessId: 19904
Image: C:\Windows\System32\WindowsPowerShell\v1.0\powershell.exe
User: LAPTOP-I8K1DAMV\rohin"
"2026-04-21T13:50:19.2289482+05:30","5","Process terminated:
RuleName: -
UtcTime: 2026-04-21 08:20:19.228
ProcessGuid: {a65b9ff6-3342-69e7-9711-000000001b00}
ProcessId: 30280
Image: C:\Windows\System32\WindowsPowerShell\v1.0\powershell.exe
User: LAPTOP-I8K1DAMV\rohin"
"2026-04-21T13:50:18.5839693+05:30","5","Process terminated:
RuleName: -
UtcTime: 2026-04-21 08:20:18.582
ProcessGuid: {a65b9ff6-3342-69e7-9611-000000001b00}
ProcessId: 28764
Image: C:\Windows\System32\WindowsPowerShell\v1.0\powershell.exe
User: LAPTOP-I8K1DAMV\rohin"
"2026-04-21T13:50:17.9266325+05:30","5","Process terminated:
RuleName: -
UtcTime: 2026-04-21 08:20:17.926
ProcessGuid: {a65b9ff6-3341-69e7-9511-000000001b00}
ProcessId: 3264
Image: C:\Windows\System32\WindowsPowerShell\v1.0\powershell.exe
User: LAPTOP-I8K1DAMV\rohin"
"2026-04-21T13:50:17.2577262+05:30","5","Process terminated:
RuleName: -
UtcTime: 2026-04-21 08:20:17.256
ProcessGuid: {a65b9ff6-3340-69e7-9411-000000001b00}
ProcessId: 21688
Image: C:\Windows\System32\WindowsPowerShell\v1.0\powershell.exe
User: LAPTOP-I8K1DAMV\rohin"
"2026-04-21T13:50:16.5794267+05:30","5","Process terminated:
RuleName: -
UtcTime: 2026-04-21 08:20:16.578
ProcessGuid: {a65b9ff6-3340-69e7-9311-000000001b00}
ProcessId: 4832
Image: C:\Windows\System32\WindowsPowerShell\v1.0\powershell.exe
User: LAPTOP-I8K1DAMV\rohin"
"2026-04-21T13:50:15.9094452+05:30","5","Process terminated:
RuleName: -
UtcTime: 2026-04-21 08:20:15.908
ProcessGuid: {a65b9ff6-333f-69e7-9211-000000001b00}
ProcessId: 28340
Image: C:\Windows\System32\WindowsPowerShell\v1.0\powershell.exe
User: LAPTOP-I8K1DAMV\rohin"
"2026-04-21T13:50:15.2778601+05:30","5","Process terminated:
RuleName: -
UtcTime: 2026-04-21 08:20:15.277
ProcessGuid: {a65b9ff6-333e-69e7-9111-000000001b00}
ProcessId: 472
Image: C:\Windows\System32\WindowsPowerShell\v1.0\powershell.exe
User: LAPTOP-I8K1DAMV\rohin"
"2026-04-21T13:50:14.6212088+05:30","5","Process terminated:
RuleName: -
UtcTime: 2026-04-21 08:20:14.620
ProcessGuid: {a65b9ff6-333e-69e7-9011-000000001b00}
ProcessId: 22756
Image: C:\Windows\System32\WindowsPowerShell\v1.0\powershell.exe
User: LAPTOP-I8K1DAMV\rohin"
"2026-04-21T13:50:13.9936189+05:30","5","Process terminated:
RuleName: -
UtcTime: 2026-04-21 08:20:13.992
ProcessGuid: {a65b9ff6-333d-69e7-8f11-000000001b00}
ProcessId: 29724
Image: C:\Windows\System32\WindowsPowerShell\v1.0\powershell.exe
User: LAPTOP-I8K1DAMV\rohin"
"2026-04-21T13:50:13.3700342+05:30","5","Process terminated:
RuleName: -
UtcTime: 2026-04-21 08:20:13.369
ProcessGuid: {a65b9ff6-333c-69e7-8e11-000000001b00}
ProcessId: 7768
Image: C:\Windows\System32\WindowsPowerShell\v1.0\powershell.exe
User: LAPTOP-I8K1DAMV\rohin"
"2026-04-21T13:50:12.7447626+05:30","5","Process terminated:
RuleName: -
UtcTime: 2026-04-21 08:20:12.744
ProcessGuid: {a65b9ff6-333c-69e7-8d11-000000001b00}
ProcessId: 24008
Image: C:\Windows\System32\WindowsPowerShell\v1.0\powershell.exe
User: LAPTOP-I8K1DAMV\rohin"
"2026-04-21T13:50:12.1117559+05:30","5","Process terminated:
RuleName: -
UtcTime: 2026-04-21 08:20:12.110
ProcessGuid: {a65b9ff6-333b-69e7-8c11-000000001b00}
ProcessId: 10072
Image: C:\Windows\System32\WindowsPowerShell\v1.0\powershell.exe
User: LAPTOP-I8K1DAMV\rohin"
"2026-04-21T13:50:11.4643001+05:30","5","Process terminated:
RuleName: -
UtcTime: 2026-04-21 08:20:11.463
ProcessGuid: {a65b9ff6-333a-69e7-8b11-000000001b00}
ProcessId: 18568
Image: C:\Windows\System32\WindowsPowerShell\v1.0\powershell.exe
User: LAPTOP-I8K1DAMV\rohin"
"2026-04-21T13:50:10.7108011+05:30","5","Process terminated:
RuleName: -
UtcTime: 2026-04-21 08:20:10.710
ProcessGuid: {a65b9ff6-333a-69e7-8a11-000000001b00}
ProcessId: 29020
Image: C:\Windows\System32\WindowsPowerShell\v1.0\powershell.exe
User: LAPTOP-I8K1DAMV\rohin"
"2026-04-21T13:50:10.0608072+05:30","5","Process terminated:
RuleName: -
UtcTime: 2026-04-21 08:20:10.060
ProcessGuid: {a65b9ff6-3339-69e7-8911-000000001b00}
ProcessId: 28516
Image: C:\Windows\System32\WindowsPowerShell\v1.0\powershell.exe
User: LAPTOP-I8K1DAMV\rohin"
"2026-04-21T13:50:09.4962077+05:30","5","Process terminated:
RuleName: -
UtcTime: 2026-04-21 08:20:09.495
ProcessGuid: {a65b9ff6-3339-69e7-8711-000000001b00}
ProcessId: 24292
Image: C:\Windows\System32\conhost.exe
User: LAPTOP-I8K1DAMV\rohin"
"2026-04-21T13:50:09.4922769+05:30","5","Process terminated:
RuleName: -
UtcTime: 2026-04-21 08:20:09.491
ProcessGuid: {a65b9ff6-3339-69e7-8611-000000001b00}
ProcessId: 3512
Image: C:\Program Files\Git\cmd\git.exe
User: LAPTOP-I8K1DAMV\rohin"
"2026-04-21T13:50:09.4874138+05:30","5","Process terminated:
RuleName: -
UtcTime: 2026-04-21 08:20:09.487
ProcessGuid: {a65b9ff6-3339-69e7-8811-000000001b00}
ProcessId: 31260
Image: C:\Program Files\Git\mingw64\bin\git.exe
User: LAPTOP-I8K1DAMV\rohin"
"2026-04-21T13:50:09.3859261+05:30","5","Process terminated:
RuleName: -
UtcTime: 2026-04-21 08:20:09.385
ProcessGuid: {a65b9ff6-3338-69e7-8511-000000001b00}
ProcessId: 28560
Image: C:\Windows\System32\WindowsPowerShell\v1.0\powershell.exe
User: LAPTOP-I8K1DAMV\rohin"
"2026-04-21T13:49:54.7794917+05:30","5","Process terminated:
RuleName: -
UtcTime: 2026-04-21 08:19:54.778
ProcessGuid: {a65b9ff6-32d0-69e7-7c11-000000001b00}
ProcessId: 30840
Image: C:\Windows\System32\RuntimeBroker.exe
User: LAPTOP-I8K1DAMV\rohin"
"2026-04-21T13:49:47.3867655+05:30","5","Process terminated:
RuleName: -
UtcTime: 2026-04-21 08:19:47.386
ProcessGuid: {a65b9ff6-32fb-69e7-8111-000000001b00}
ProcessId: 11036
Image: C:\Windows\System32\RuntimeBroker.exe
User: LAPTOP-I8K1DAMV\rohin"
"2026-04-21T13:49:27.3574708+05:30","5","Process terminated:
RuleName: -
UtcTime: 2026-04-21 08:19:27.357
ProcessGuid: {a65b9ff6-327d-69e7-6f11-000000001b00}
ProcessId: 31516
Image: C:\Windows\System32\wbem\WmiPrvSE.exe
User: NT AUTHORITY\LOCAL SERVICE"
"2026-04-21T13:49:25.1526133+05:30","5","Process terminated:
RuleName: -
UtcTime: 2026-04-21 08:19:25.151
ProcessGuid: {a65b9ff6-32d0-69e7-7b11-000000001b00}
ProcessId: 20000
Image: C:\Windows\System32\backgroundTaskHost.exe
User: LAPTOP-I8K1DAMV\rohin"
"2026-04-21T13:49:24.7732591+05:30","5","Process terminated:
RuleName: -
UtcTime: 2026-04-21 08:19:24.772
ProcessGuid: {a65b9ff6-32cf-69e7-7911-000000001b00}
ProcessId: 4836
Image: C:\Windows\System32\backgroundTaskHost.exe
User: LAPTOP-I8K1DAMV\rohin"
"2026-04-21T13:49:24.5171987+05:30","5","Process terminated:
RuleName: -
UtcTime: 2026-04-21 08:19:24.505
ProcessGuid: {a65b9ff6-32cf-69e7-7a11-000000001b00}
ProcessId: 28360
Image: C:\Windows\System32\backgroundTaskHost.exe
User: LAPTOP-I8K1DAMV\rohin"
"2026-04-21T13:49:07.3695145+05:30","5","Process terminated:
RuleName: -
UtcTime: 2026-04-21 08:19:07.369
ProcessGuid: {a65b9ff6-32fa-69e7-8011-000000001b00}
ProcessId: 21096
Image: C:\Program Files\Adobe\Acrobat DC\Acrobat\RDCNotificationClient\FullTrustNotifier.exe
User: LAPTOP-I8K1DAMV\rohin"
"2026-04-21T13:49:04.5080453+05:30","5","Process terminated:
RuleName: -
UtcTime: 2026-04-21 08:19:04.507
ProcessGuid: {a65b9ff6-327d-69e7-7011-000000001b00}
ProcessId: 23348
Image: C:\Windows\System32\svchost.exe
User: NT AUTHORITY\SYSTEM"
"2026-04-21T13:48:39.8159435+05:30","5","Process terminated:
RuleName: -
UtcTime: 2026-04-21 08:18:39.815
ProcessGuid: {a65b9ff6-32df-69e7-7e11-000000001b00}
ProcessId: 12900
Image: C:\Windows\System32\conhost.exe
User: LAPTOP-I8K1DAMV\rohin"
"2026-04-21T13:48:39.8007368+05:30","5","Process terminated:
RuleName: -
UtcTime: 2026-04-21 08:18:39.800
ProcessGuid: {a65b9ff6-32df-69e7-7d11-000000001b00}
ProcessId: 18364
Image: C:\Program Files\Git\cmd\git.exe
User: LAPTOP-I8K1DAMV\rohin"
"2026-04-21T13:48:39.7884932+05:30","5","Process terminated:
RuleName: -
UtcTime: 2026-04-21 08:18:39.788
ProcessGuid: {a65b9ff6-32df-69e7-7f11-000000001b00}
ProcessId: 25968
Image: C:\Program Files\Git\mingw64\bin\git.exe
User: LAPTOP-I8K1DAMV\rohin"
"2026-04-21T13:48:04.2801910+05:30","5","Process terminated:
RuleName: -
UtcTime: 2026-04-21 08:18:04.279
ProcessGuid: {a65b9ff6-32bc-69e7-7611-000000001b00}
ProcessId: 14060
Image: C:\Windows\System32\conhost.exe
User: LAPTOP-I8K1DAMV\rohin"
"2026-04-21T13:48:04.2772616+05:30","5","Process terminated:
RuleName: -
UtcTime: 2026-04-21 08:18:04.276
ProcessGuid: {a65b9ff6-32bc-69e7-7511-000000001b00}
ProcessId: 31648
Image: C:\Program Files\Git\cmd\git.exe
User: LAPTOP-I8K1DAMV\rohin"
"2026-04-21T13:48:04.2724297+05:30","5","Process terminated:
RuleName: -
UtcTime: 2026-04-21 08:18:04.271
ProcessGuid: {a65b9ff6-32bc-69e7-7711-000000001b00}
ProcessId: 14356
Image: C:\Program Files\Git\mingw64\bin\git.exe
User: LAPTOP-I8K1DAMV\rohin"
"2026-04-21T13:48:00.3017285+05:30","5","Process terminated:
RuleName: -
UtcTime: 2026-04-21 08:18:00.300
ProcessGuid: {a65b9ff6-3162-69e7-2211-000000001b00}
ProcessId: 28764
Image: C:\Program Files\Google\Chrome\Application\chrome.exe
User: LAPTOP-I8K1DAMV\rohin"
"2026-04-21T13:47:53.0517045+05:30","5","Process terminated:
RuleName: -
UtcTime: 2026-04-21 08:17:53.050
ProcessGuid: {a65b9ff6-3058-69e7-ef10-000000001b00}
ProcessId: 31108
Image: C:\Windows\System32\svchost.exe
User: NT AUTHORITY\SYSTEM"
"2026-04-21T13:47:50.1743683+05:30","5","Process terminated:
RuleName: -
UtcTime: 2026-04-21 08:17:50.170
ProcessGuid: {a65b9ff6-32ae-69e7-7411-000000001b00}
ProcessId: 21192
Image: C:\Windows\System32\conhost.exe
User: LAPTOP-I8K1DAMV\rohin"
"2026-04-21T13:47:50.1714776+05:30","5","Process terminated:
RuleName: -
UtcTime: 2026-04-21 08:17:50.170
ProcessGuid: {a65b9ff6-32ae-69e7-7311-000000001b00}
ProcessId: 5412
Image: C:\Windows\System32\reg.exe
User: LAPTOP-I8K1DAMV\rohin"
"2026-04-21T13:47:50.1301156+05:30","5","Process terminated:
RuleName: -
UtcTime: 2026-04-21 08:17:50.123
ProcessGuid: {a65b9ff6-32ae-69e7-7211-000000001b00}
ProcessId: 29064
Image: C:\Windows\System32\conhost.exe
User: LAPTOP-I8K1DAMV\rohin"
"2026-04-21T13:47:50.1270767+05:30","5","Process terminated:
RuleName: -
UtcTime: 2026-04-21 08:17:50.123
ProcessGuid: {a65b9ff6-32ae-69e7-7111-000000001b00}
ProcessId: 9900
Image: C:\Windows\System32\reg.exe
User: LAPTOP-I8K1DAMV\rohin"
"2026-04-21T13:47:37.7799197+05:30","5","Process terminated:
RuleName: -
UtcTime: 2026-04-21 08:17:37.778
ProcessGuid: {a65b9ff6-3166-69e7-2411-000000001b00}
ProcessId: 17524
Image: C:\Windows\System32\audiodg.exe
User: NT AUTHORITY\LOCAL SERVICE"
"2026-04-21T13:46:50.1982629+05:30","5","Process terminated:
RuleName: -
UtcTime: 2026-04-21 08:16:50.197
ProcessGuid: {a65b9ff6-3272-69e7-6e11-000000001b00}
ProcessId: 22784
Image: C:\Windows\System32\conhost.exe
User: LAPTOP-I8K1DAMV\rohin"
"2026-04-21T13:46:50.1952787+05:30","5","Process terminated:
RuleName: -
UtcTime: 2026-04-21 08:16:50.194
ProcessGuid: {a65b9ff6-3272-69e7-6d11-000000001b00}
ProcessId: 5388
Image: C:\Windows\System32\reg.exe
User: LAPTOP-I8K1DAMV\rohin"
"2026-04-21T13:46:50.1448240+05:30","5","Process terminated:
RuleName: -
UtcTime: 2026-04-21 08:16:50.143
ProcessGuid: {a65b9ff6-3272-69e7-6c11-000000001b00}
ProcessId: 30404
Image: C:\Windows\System32\conhost.exe
User: LAPTOP-I8K1DAMV\rohin"
"2026-04-21T13:46:50.1425493+05:30","5","Process terminated:
RuleName: -
UtcTime: 2026-04-21 08:16:50.141
ProcessGuid: {a65b9ff6-3272-69e7-6b11-000000001b00}
ProcessId: 26684
Image: C:\Windows\System32\reg.exe
User: LAPTOP-I8K1DAMV\rohin"
"2026-04-21T13:45:56.0774999+05:30","5","Process terminated:
RuleName: -
UtcTime: 2026-04-21 08:15:56.076
ProcessGuid: {a65b9ff6-303e-69e7-e410-000000001b00}
ProcessId: 28560
Image: C:\Program Files\Google\Chrome\Application\chrome.exe
User: LAPTOP-I8K1DAMV\rohin"
"2026-04-21T13:45:35.3323332+05:30","5","Process terminated:
RuleName: -
UtcTime: 2026-04-21 08:15:35.331
ProcessGuid: {a65b9ff6-320c-69e7-3c11-000000001b00}
ProcessId: 15436
Image: C:\Windows\System32\cmd.exe
User: LAPTOP-I8K1DAMV\rohin"
"2026-04-21T13:45:35.3134702+05:30","5","Process terminated:
RuleName: -
UtcTime: 2026-04-21 08:15:35.312
ProcessGuid: {a65b9ff6-3226-69e7-6811-000000001b00}
ProcessId: 27940
Image: D:\BTP\Log-Anamoly-Detection\.venv\Scripts\python.exe
User: LAPTOP-I8K1DAMV\rohin"
"2026-04-21T13:45:35.3082919+05:30","5","Process terminated:
RuleName: -
UtcTime: 2026-04-21 08:15:35.308
ProcessGuid: {a65b9ff6-3226-69e7-6911-000000001b00}
ProcessId: 23944
Image: C:\Users\rohin\AppData\Local\Programs\Python\Python314\python.exe
User: LAPTOP-I8K1DAMV\rohin"
"2026-04-21T13:45:35.2734887+05:30","5","Process terminated:
RuleName: -
UtcTime: 2026-04-21 08:15:35.272
ProcessGuid: {a65b9ff6-3226-69e7-6a11-000000001b00}
ProcessId: 30412
Image: C:\Windows\System32\WindowsPowerShell\v1.0\powershell.exe
User: LAPTOP-I8K1DAMV\rohin"
"2026-04-21T13:45:33.9975539+05:30","5","Process terminated:
RuleName: -
UtcTime: 2026-04-21 08:15:33.996
ProcessGuid: {a65b9ff6-320c-69e7-3d11-000000001b00}
ProcessId: 31580
Image: D:\BTP\Log-Anamoly-Detection\.venv\Scripts\python.exe
User: LAPTOP-I8K1DAMV\rohin"
"2026-04-21T13:45:33.9838709+05:30","5","Process terminated:
RuleName: -
UtcTime: 2026-04-21 08:15:33.983
ProcessGuid: {a65b9ff6-320c-69e7-3e11-000000001b00}
ProcessId: 13828
Image: C:\Users\rohin\AppData\Local\Programs\Python\Python314\python.exe
User: LAPTOP-I8K1DAMV\rohin"
"2026-04-21T13:45:33.9295880+05:30","11","File created:
RuleName: -
UtcTime: 2026-04-21 08:15:33.929
ProcessGuid: {a65b9ff6-320c-69e7-3e11-000000001b00}
ProcessId: 13828
Image: C:\Users\rohin\AppData\Local\Programs\Python\Python314\python.exe
TargetFilename: D:\BTP\Log-Anamoly-Detection\attack_files\attack_file_029.txt
CreationUtcTime: 2026-04-20 23:20:30.906
User: LAPTOP-I8K1DAMV\rohin"
"2026-04-21T13:45:33.8972840+05:30","11","File created:
RuleName: -
UtcTime: 2026-04-21 08:15:33.896
ProcessGuid: {a65b9ff6-320c-69e7-3e11-000000001b00}
ProcessId: 13828
Image: C:\Users\rohin\AppData\Local\Programs\Python\Python314\python.exe
TargetFilename: D:\BTP\Log-Anamoly-Detection\attack_files\attack_file_028.txt
CreationUtcTime: 2026-04-20 23:20:30.897
User: LAPTOP-I8K1DAMV\rohin"
"2026-04-21T13:45:33.8648524+05:30","11","File created:
RuleName: -
UtcTime: 2026-04-21 08:15:33.863
ProcessGuid: {a65b9ff6-320c-69e7-3e11-000000001b00}
ProcessId: 13828
Image: C:\Users\rohin\AppData\Local\Programs\Python\Python314\python.exe
TargetFilename: D:\BTP\Log-Anamoly-Detection\attack_files\attack_file_027.txt
CreationUtcTime: 2026-04-20 23:20:30.896
User: LAPTOP-I8K1DAMV\rohin"
"2026-04-21T13:45:33.8331678+05:30","11","File created:
RuleName: -
UtcTime: 2026-04-21 08:15:33.832
ProcessGuid: {a65b9ff6-320c-69e7-3e11-000000001b00}
ProcessId: 13828
Image: C:\Users\rohin\AppData\Local\Programs\Python\Python314\python.exe
TargetFilename: D:\BTP\Log-Anamoly-Detection\attack_files\attack_file_026.txt
CreationUtcTime: 2026-04-20 23:20:30.890
User: LAPTOP-I8K1DAMV\rohin"
"2026-04-21T13:45:33.8016269+05:30","11","File created:
RuleName: -
UtcTime: 2026-04-21 08:15:33.800
ProcessGuid: {a65b9ff6-320c-69e7-3e11-000000001b00}
ProcessId: 13828
Image: C:\Users\rohin\AppData\Local\Programs\Python\Python314\python.exe
TargetFilename: D:\BTP\Log-Anamoly-Detection\attack_files\attack_file_025.txt
CreationUtcTime: 2026-04-20 23:20:30.883
User: LAPTOP-I8K1DAMV\rohin"
"2026-04-21T13:45:33.7698225+05:30","11","File created:
RuleName: -
UtcTime: 2026-04-21 08:15:33.768
ProcessGuid: {a65b9ff6-320c-69e7-3e11-000000001b00}
ProcessId: 13828
Image: C:\Users\rohin\AppData\Local\Programs\Python\Python314\python.exe
TargetFilename: D:\BTP\Log-Anamoly-Detection\attack_files\attack_file_024.txt
CreationUtcTime: 2026-04-20 23:20:30.879
User: LAPTOP-I8K1DAMV\rohin"
"2026-04-21T13:45:33.7381996+05:30","11","File created:
RuleName: -
UtcTime: 2026-04-21 08:15:33.737
ProcessGuid: {a65b9ff6-320c-69e7-3e11-000000001b00}
ProcessId: 13828
Image: C:\Users\rohin\AppData\Local\Programs\Python\Python314\python.exe
TargetFilename: D:\BTP\Log-Anamoly-Detection\attack_files\attack_file_023.txt
CreationUtcTime: 2026-04-20 23:20:30.873
User: LAPTOP-I8K1DAMV\rohin"
"2026-04-21T13:45:33.7066136+05:30","11","File created:
RuleName: -
UtcTime: 2026-04-21 08:15:33.705
ProcessGuid: {a65b9ff6-320c-69e7-3e11-000000001b00}
ProcessId: 13828
Image: C:\Users\rohin\AppData\Local\Programs\Python\Python314\python.exe
TargetFilename: D:\BTP\Log-Anamoly-Detection\attack_files\attack_file_022.txt
CreationUtcTime: 2026-04-20 23:20:30.868
User: LAPTOP-I8K1DAMV\rohin"
"2026-04-21T13:45:33.6750028+05:30","11","File created:
RuleName: -
UtcTime: 2026-04-21 08:15:33.674
ProcessGuid: {a65b9ff6-320c-69e7-3e11-000000001b00}
ProcessId: 13828
Image: C:\Users\rohin\AppData\Local\Programs\Python\Python314\python.exe
TargetFilename: D:\BTP\Log-Anamoly-Detection\attack_files\attack_file_021.txt
CreationUtcTime: 2026-04-20 23:20:30.865
User: LAPTOP-I8K1DAMV\rohin"
"2026-04-21T13:45:33.6435009+05:30","11","File created:
RuleName: -
UtcTime: 2026-04-21 08:15:33.643
ProcessGuid: {a65b9ff6-320c-69e7-3e11-000000001b00}
ProcessId: 13828
Image: C:\Users\rohin\AppData\Local\Programs\Python\Python314\python.exe
TargetFilename: D:\BTP\Log-Anamoly-Detection\attack_files\attack_file_020.txt
CreationUtcTime: 2026-04-20 23:20:30.859
User: LAPTOP-I8K1DAMV\rohin"
"2026-04-21T13:45:33.6117949+05:30","11","File created:
RuleName: -
UtcTime: 2026-04-21 08:15:33.610
ProcessGuid: {a65b9ff6-320c-69e7-3e11-000000001b00}
ProcessId: 13828
Image: C:\Users\rohin\AppData\Local\Programs\Python\Python314\python.exe
TargetFilename: D:\BTP\Log-Anamoly-Detection\attack_files\attack_file_019.txt
CreationUtcTime: 2026-04-20 23:20:30.853
User: LAPTOP-I8K1DAMV\rohin"
"2026-04-21T13:45:33.5800685+05:30","11","File created:
RuleName: -
UtcTime: 2026-04-21 08:15:33.579
ProcessGuid: {a65b9ff6-320c-69e7-3e11-000000001b00}
ProcessId: 13828
Image: C:\Users\rohin\AppData\Local\Programs\Python\Python314\python.exe
TargetFilename: D:\BTP\Log-Anamoly-Detection\attack_files\attack_file_018.txt
CreationUtcTime: 2026-04-20 23:20:30.849
User: LAPTOP-I8K1DAMV\rohin"
"2026-04-21T13:45:33.5485829+05:30","11","File created:
RuleName: -
UtcTime: 2026-04-21 08:15:33.548
ProcessGuid: {a65b9ff6-320c-69e7-3e11-000000001b00}
ProcessId: 13828
Image: C:\Users\rohin\AppData\Local\Programs\Python\Python314\python.exe
TargetFilename: D:\BTP\Log-Anamoly-Detection\attack_files\attack_file_017.txt
CreationUtcTime: 2026-04-20 23:20:30.844
User: LAPTOP-I8K1DAMV\rohin"
"2026-04-21T13:45:33.5174149+05:30","11","File created:
RuleName: -
UtcTime: 2026-04-21 08:15:33.516
ProcessGuid: {a65b9ff6-320c-69e7-3e11-000000001b00}
ProcessId: 13828
Image: C:\Users\rohin\AppData\Local\Programs\Python\Python314\python.exe
TargetFilename: D:\BTP\Log-Anamoly-Detection\attack_files\attack_file_016.txt
CreationUtcTime: 2026-04-20 23:20:30.840
User: LAPTOP-I8K1DAMV\rohin"
"2026-04-21T13:45:33.4855159+05:30","11","File created:
RuleName: -
UtcTime: 2026-04-21 08:15:33.485
ProcessGuid: {a65b9ff6-320c-69e7-3e11-000000001b00}
ProcessId: 13828
Image: C:\Users\rohin\AppData\Local\Programs\Python\Python314\python.exe
TargetFilename: D:\BTP\Log-Anamoly-Detection\attack_files\attack_file_015.txt
CreationUtcTime: 2026-04-20 23:20:30.834
User: LAPTOP-I8K1DAMV\rohin"
"2026-04-21T13:45:33.4536008+05:30","11","File created:
RuleName: -
UtcTime: 2026-04-21 08:15:33.453
ProcessGuid: {a65b9ff6-320c-69e7-3e11-000000001b00}
ProcessId: 13828
Image: C:\Users\rohin\AppData\Local\Programs\Python\Python314\python.exe
TargetFilename: D:\BTP\Log-Anamoly-Detection\attack_files\attack_file_014.txt
CreationUtcTime: 2026-04-20 23:20:30.827
User: LAPTOP-I8K1DAMV\rohin"
"2026-04-21T13:45:33.4216574+05:30","11","File created:
RuleName: -
UtcTime: 2026-04-21 08:15:33.420
ProcessGuid: {a65b9ff6-320c-69e7-3e11-000000001b00}
ProcessId: 13828
Image: C:\Users\rohin\AppData\Local\Programs\Python\Python314\python.exe
TargetFilename: D:\BTP\Log-Anamoly-Detection\attack_files\attack_file_013.txt
CreationUtcTime: 2026-04-20 23:20:30.818
User: LAPTOP-I8K1DAMV\rohin"
"2026-04-21T13:45:33.3902244+05:30","11","File created:
RuleName: -
UtcTime: 2026-04-21 08:15:33.390
ProcessGuid: {a65b9ff6-320c-69e7-3e11-000000001b00}
ProcessId: 13828
Image: C:\Users\rohin\AppData\Local\Programs\Python\Python314\python.exe
TargetFilename: D:\BTP\Log-Anamoly-Detection\attack_files\attack_file_012.txt
CreationUtcTime: 2026-04-20 23:20:30.802
User: LAPTOP-I8K1DAMV\rohin"
"2026-04-21T13:45:33.3582301+05:30","11","File created:
RuleName: -
UtcTime: 2026-04-21 08:15:33.357
ProcessGuid: {a65b9ff6-320c-69e7-3e11-000000001b00}
ProcessId: 13828
Image: C:\Users\rohin\AppData\Local\Programs\Python\Python314\python.exe
TargetFilename: D:\BTP\Log-Anamoly-Detection\attack_files\attack_file_011.txt
CreationUtcTime: 2026-04-20 23:20:30.802
User: LAPTOP-I8K1DAMV\rohin"
"2026-04-21T13:45:33.3264094+05:30","11","File created:
RuleName: -
UtcTime: 2026-04-21 08:15:33.325
ProcessGuid: {a65b9ff6-320c-69e7-3e11-000000001b00}
ProcessId: 13828
Image: C:\Users\rohin\AppData\Local\Programs\Python\Python314\python.exe
TargetFilename: D:\BTP\Log-Anamoly-Detection\attack_files\attack_file_010.txt
CreationUtcTime: 2026-04-20 23:20:30.802
User: LAPTOP-I8K1DAMV\rohin"
"2026-04-21T13:45:33.2945534+05:30","11","File created:
RuleName: -
UtcTime: 2026-04-21 08:15:33.294
ProcessGuid: {a65b9ff6-320c-69e7-3e11-000000001b00}
ProcessId: 13828
Image: C:\Users\rohin\AppData\Local\Programs\Python\Python314\python.exe
TargetFilename: D:\BTP\Log-Anamoly-Detection\attack_files\attack_file_009.txt
CreationUtcTime: 2026-04-20 23:20:30.802
User: LAPTOP-I8K1DAMV\rohin"
"2026-04-21T13:45:33.2630860+05:30","11","File created:
RuleName: -
UtcTime: 2026-04-21 08:15:33.261
ProcessGuid: {a65b9ff6-320c-69e7-3e11-000000001b00}
ProcessId: 13828
Image: C:\Users\rohin\AppData\Local\Programs\Python\Python314\python.exe
TargetFilename: D:\BTP\Log-Anamoly-Detection\attack_files\attack_file_008.txt
CreationUtcTime: 2026-04-20 23:20:30.786
User: LAPTOP-I8K1DAMV\rohin"
"2026-04-21T13:45:33.2309650+05:30","11","File created:
RuleName: -
UtcTime: 2026-04-21 08:15:33.229
ProcessGuid: {a65b9ff6-320c-69e7-3e11-000000001b00}
ProcessId: 13828
Image: C:\Users\rohin\AppData\Local\Programs\Python\Python314\python.exe
TargetFilename: D:\BTP\Log-Anamoly-Detection\attack_files\attack_file_007.txt
CreationUtcTime: 2026-04-20 23:20:30.786
User: LAPTOP-I8K1DAMV\rohin"
"2026-04-21T13:45:33.1992189+05:30","11","File created:
RuleName: -
UtcTime: 2026-04-21 08:15:33.198
ProcessGuid: {a65b9ff6-320c-69e7-3e11-000000001b00}
ProcessId: 13828
Image: C:\Users\rohin\AppData\Local\Programs\Python\Python314\python.exe
TargetFilename: D:\BTP\Log-Anamoly-Detection\attack_files\attack_file_006.txt
CreationUtcTime: 2026-04-20 23:20:30.786
User: LAPTOP-I8K1DAMV\rohin"
"2026-04-21T13:45:33.1673632+05:30","11","File created:
RuleName: -
UtcTime: 2026-04-21 08:15:33.166
ProcessGuid: {a65b9ff6-320c-69e7-3e11-000000001b00}
ProcessId: 13828
Image: C:\Users\rohin\AppData\Local\Programs\Python\Python314\python.exe
TargetFilename: D:\BTP\Log-Anamoly-Detection\attack_files\attack_file_005.txt
CreationUtcTime: 2026-04-20 23:20:30.782
User: LAPTOP-I8K1DAMV\rohin"
"2026-04-21T13:45:33.1342697+05:30","11","File created:
RuleName: -
UtcTime: 2026-04-21 08:15:33.132
ProcessGuid: {a65b9ff6-320c-69e7-3e11-000000001b00}
ProcessId: 13828
Image: C:\Users\rohin\AppData\Local\Programs\Python\Python314\python.exe
TargetFilename: D:\BTP\Log-Anamoly-Detection\attack_files\attack_file_004.txt
CreationUtcTime: 2026-04-20 23:20:30.778
User: LAPTOP-I8K1DAMV\rohin"
"2026-04-21T13:45:33.1008844+05:30","11","File created:
RuleName: -
UtcTime: 2026-04-21 08:15:33.100
ProcessGuid: {a65b9ff6-320c-69e7-3e11-000000001b00}
ProcessId: 13828
Image: C:\Users\rohin\AppData\Local\Programs\Python\Python314\python.exe
TargetFilename: D:\BTP\Log-Anamoly-Detection\attack_files\attack_file_003.txt
CreationUtcTime: 2026-04-20 23:20:30.771
User: LAPTOP-I8K1DAMV\rohin"
"2026-04-21T13:45:33.0693396+05:30","11","File created:
RuleName: -
UtcTime: 2026-04-21 08:15:33.068
ProcessGuid: {a65b9ff6-320c-69e7-3e11-000000001b00}
ProcessId: 13828
Image: C:\Users\rohin\AppData\Local\Programs\Python\Python314\python.exe
TargetFilename: D:\BTP\Log-Anamoly-Detection\attack_files\attack_file_002.txt
CreationUtcTime: 2026-04-20 23:20:30.767
User: LAPTOP-I8K1DAMV\rohin"
"2026-04-21T13:45:33.0377508+05:30","11","File created:
RuleName: -
UtcTime: 2026-04-21 08:15:33.036
ProcessGuid: {a65b9ff6-320c-69e7-3e11-000000001b00}
ProcessId: 13828
Image: C:\Users\rohin\AppData\Local\Programs\Python\Python314\python.exe
TargetFilename: D:\BTP\Log-Anamoly-Detection\attack_files\attack_file_001.txt
CreationUtcTime: 2026-04-20 23:20:30.763
User: LAPTOP-I8K1DAMV\rohin"
"2026-04-21T13:45:33.0062625+05:30","11","File created:
RuleName: -
UtcTime: 2026-04-21 08:15:33.006
ProcessGuid: {a65b9ff6-320c-69e7-3e11-000000001b00}
ProcessId: 13828
Image: C:\Users\rohin\AppData\Local\Programs\Python\Python314\python.exe
TargetFilename: D:\BTP\Log-Anamoly-Detection\attack_files\attack_file_000.txt
CreationUtcTime: 2026-04-20 23:20:30.758
User: LAPTOP-I8K1DAMV\rohin"
"2026-04-21T13:45:32.7927409+05:30","5","Process terminated:
RuleName: -
UtcTime: 2026-04-21 08:15:32.786
ProcessGuid: {a65b9ff6-3224-69e7-6711-000000001b00}
ProcessId: 31528
Image: C:\Windows\System32\WindowsPowerShell\v1.0\powershell.exe
User: LAPTOP-I8K1DAMV\rohin"
"2026-04-21T13:45:32.1235635+05:30","5","Process terminated:
RuleName: -
UtcTime: 2026-04-21 08:15:32.123
ProcessGuid: {a65b9ff6-3223-69e7-6611-000000001b00}
ProcessId: 28372
Image: C:\Windows\System32\WindowsPowerShell\v1.0\powershell.exe
User: LAPTOP-I8K1DAMV\rohin"
"2026-04-21T13:45:31.3488209+05:30","5","Process terminated:
RuleName: -
UtcTime: 2026-04-21 08:15:31.346
ProcessGuid: {a65b9ff6-3222-69e7-6511-000000001b00}
ProcessId: 28972
Image: C:\Windows\System32\WindowsPowerShell\v1.0\powershell.exe
User: LAPTOP-I8K1DAMV\rohin"
"2026-04-21T13:45:30.6622213+05:30","5","Process terminated:
RuleName: -
UtcTime: 2026-04-21 08:15:30.661
ProcessGuid: {a65b9ff6-3222-69e7-6411-000000001b00}
ProcessId: 29904
Image: C:\Windows\System32\WindowsPowerShell\v1.0\powershell.exe
User: LAPTOP-I8K1DAMV\rohin"
"2026-04-21T13:45:29.9320918+05:30","5","Process terminated:
RuleName: -
UtcTime: 2026-04-21 08:15:29.931
ProcessGuid: {a65b9ff6-3221-69e7-6311-000000001b00}
ProcessId: 20604
Image: C:\Windows\System32\WindowsPowerShell\v1.0\powershell.exe
User: LAPTOP-I8K1DAMV\rohin"
"2026-04-21T13:45:29.2070159+05:30","5","Process terminated:
RuleName: -
UtcTime: 2026-04-21 08:15:29.206
ProcessGuid: {a65b9ff6-3220-69e7-6211-000000001b00}
ProcessId: 18364
Image: C:\Windows\System32\WindowsPowerShell\v1.0\powershell.exe
User: LAPTOP-I8K1DAMV\rohin"
"2026-04-21T13:45:28.5133314+05:30","5","Process terminated:
RuleName: -
UtcTime: 2026-04-21 08:15:28.512
ProcessGuid: {a65b9ff6-3220-69e7-6111-000000001b00}
ProcessId: 31084
Image: C:\Windows\System32\WindowsPowerShell\v1.0\powershell.exe
User: LAPTOP-I8K1DAMV\rohin"
"2026-04-21T13:45:27.8239275+05:30","5","Process terminated:
RuleName: -
UtcTime: 2026-04-21 08:15:27.823
ProcessGuid: {a65b9ff6-321f-69e7-6011-000000001b00}
ProcessId: 19788
Image: C:\Windows\System32\WindowsPowerShell\v1.0\powershell.exe
User: LAPTOP-I8K1DAMV\rohin"
"2026-04-21T13:45:27.1181963+05:30","5","Process terminated:
RuleName: -
UtcTime: 2026-04-21 08:15:27.117
ProcessGuid: {a65b9ff6-321e-69e7-5f11-000000001b00}
ProcessId: 28112
Image: C:\Windows\System32\WindowsPowerShell\v1.0\powershell.exe
User: LAPTOP-I8K1DAMV\rohin"
"2026-04-21T13:45:26.4040941+05:30","5","Process terminated:
RuleName: -
UtcTime: 2026-04-21 08:15:26.403
ProcessGuid: {a65b9ff6-321d-69e7-5e11-000000001b00}
ProcessId: 31592
Image: C:\Windows\System32\WindowsPowerShell\v1.0\powershell.exe
User: LAPTOP-I8K1DAMV\rohin"
"2026-04-21T13:45:25.6449499+05:30","5","Process terminated:
RuleName: -
UtcTime: 2026-04-21 08:15:25.644
ProcessGuid: {a65b9ff6-321d-69e7-5d11-000000001b00}
ProcessId: 30456
Image: C:\Windows\System32\WindowsPowerShell\v1.0\powershell.exe
User: LAPTOP-I8K1DAMV\rohin"
"2026-04-21T13:45:25.0132359+05:30","5","Process terminated:
RuleName: -
UtcTime: 2026-04-21 08:15:25.013
ProcessGuid: {a65b9ff6-321c-69e7-5c11-000000001b00}
ProcessId: 16944
Image: C:\Windows\System32\WindowsPowerShell\v1.0\powershell.exe
User: LAPTOP-I8K1DAMV\rohin"
"2026-04-21T13:45:24.3410175+05:30","5","Process terminated:
RuleName: -
UtcTime: 2026-04-21 08:15:24.334
ProcessGuid: {a65b9ff6-321b-69e7-5b11-000000001b00}
ProcessId: 13576
Image: C:\Windows\System32\WindowsPowerShell\v1.0\powershell.exe
User: LAPTOP-I8K1DAMV\rohin"
"2026-04-21T13:45:23.6758382+05:30","5","Process terminated:
RuleName: -
UtcTime: 2026-04-21 08:15:23.675
ProcessGuid: {a65b9ff6-321b-69e7-5a11-000000001b00}
ProcessId: 11920
Image: C:\Windows\System32\WindowsPowerShell\v1.0\powershell.exe
User: LAPTOP-I8K1DAMV\rohin"
"2026-04-21T13:45:23.0165646+05:30","5","Process terminated:
RuleName: -
UtcTime: 2026-04-21 08:15:23.016
ProcessGuid: {a65b9ff6-321a-69e7-5911-000000001b00}
ProcessId: 30336
Image: C:\Windows\System32\WindowsPowerShell\v1.0\powershell.exe
User: LAPTOP-I8K1DAMV\rohin"
"2026-04-21T13:45:22.3761466+05:30","5","Process terminated:
RuleName: -
UtcTime: 2026-04-21 08:15:22.375
ProcessGuid: {a65b9ff6-3219-69e7-5811-000000001b00}
ProcessId: 24288
Image: C:\Windows\System32\WindowsPowerShell\v1.0\powershell.exe
User: LAPTOP-I8K1DAMV\rohin"
"2026-04-21T13:45:21.7420919+05:30","5","Process terminated:
RuleName: -
UtcTime: 2026-04-21 08:15:21.741
ProcessGuid: {a65b9ff6-3219-69e7-5711-000000001b00}
ProcessId: 18468
Image: C:\Windows\System32\WindowsPowerShell\v1.0\powershell.exe
User: LAPTOP-I8K1DAMV\rohin"
"2026-04-21T13:45:21.1312409+05:30","5","Process terminated:
RuleName: -
UtcTime: 2026-04-21 08:15:21.130
ProcessGuid: {a65b9ff6-3218-69e7-5611-000000001b00}
ProcessId: 27328
Image: C:\Windows\System32\WindowsPowerShell\v1.0\powershell.exe
User: LAPTOP-I8K1DAMV\rohin"
"2026-04-21T13:45:20.4959582+05:30","5","Process terminated:
RuleName: -
UtcTime: 2026-04-21 08:15:20.493
ProcessGuid: {a65b9ff6-3218-69e7-5511-000000001b00}
ProcessId: 27820
Image: C:\Windows\System32\WindowsPowerShell\v1.0\powershell.exe
User: LAPTOP-I8K1DAMV\rohin"
"2026-04-21T13:45:19.8590816+05:30","5","Process terminated:
RuleName: -
UtcTime: 2026-04-21 08:15:19.854
ProcessGuid: {a65b9ff6-3217-69e7-5411-000000001b00}
ProcessId: 3604
Image: C:\Windows\System32\WindowsPowerShell\v1.0\powershell.exe
User: LAPTOP-I8K1DAMV\rohin"
"2026-04-21T13:45:19.1975278+05:30","5","Process terminated:
RuleName: -
UtcTime: 2026-04-21 08:15:19.192
ProcessGuid: {a65b9ff6-3216-69e7-5311-000000001b00}
ProcessId: 29816
Image: C:\Windows\System32\WindowsPowerShell\v1.0\powershell.exe
User: LAPTOP-I8K1DAMV\rohin"
"2026-04-21T13:45:18.4469097+05:30","5","Process terminated:
RuleName: -
UtcTime: 2026-04-21 08:15:18.446
ProcessGuid: {a65b9ff6-3215-69e7-5211-000000001b00}
ProcessId: 21220
Image: C:\Windows\System32\WindowsPowerShell\v1.0\powershell.exe
User: LAPTOP-I8K1DAMV\rohin"
"2026-04-21T13:45:17.6712084+05:30","5","Process terminated:
RuleName: -
UtcTime: 2026-04-21 08:15:17.670
ProcessGuid: {a65b9ff6-3215-69e7-5111-000000001b00}
ProcessId: 13824
Image: C:\Windows\System32\WindowsPowerShell\v1.0\powershell.exe
User: LAPTOP-I8K1DAMV\rohin"
"2026-04-21T13:45:16.9812683+05:30","5","Process terminated:
RuleName: -
UtcTime: 2026-04-21 08:15:16.977
ProcessGuid: {a65b9ff6-3214-69e7-5011-000000001b00}
ProcessId: 19856
Image: C:\Windows\System32\WindowsPowerShell\v1.0\powershell.exe
User: LAPTOP-I8K1DAMV\rohin"
"2026-04-21T13:45:16.2723046+05:30","5","Process terminated:
RuleName: -
UtcTime: 2026-04-21 08:15:16.271
ProcessGuid: {a65b9ff6-3213-69e7-4f11-000000001b00}
ProcessId: 29936
Image: C:\Windows\System32\WindowsPowerShell\v1.0\powershell.exe
User: LAPTOP-I8K1DAMV\rohin"
"2026-04-21T13:45:16.2342181+05:30","5","Process terminated:
RuleName: -
UtcTime: 2026-04-21 08:15:16.233
ProcessGuid: {a65b9ff6-317e-69e7-2511-000000001b00}
ProcessId: 31024
Image: C:\Windows\System32\wbem\WmiPrvSE.exe
User: NT AUTHORITY\LOCAL SERVICE"
"2026-04-21T13:45:15.5952798+05:30","5","Process terminated:
RuleName: -
UtcTime: 2026-04-21 08:15:15.594
ProcessGuid: {a65b9ff6-3213-69e7-4e11-000000001b00}
ProcessId: 9584
Image: C:\Windows\System32\WindowsPowerShell\v1.0\powershell.exe
User: LAPTOP-I8K1DAMV\rohin"
"2026-04-21T13:45:14.9151133+05:30","5","Process terminated:
RuleName: -
UtcTime: 2026-04-21 08:15:14.904
ProcessGuid: {a65b9ff6-3212-69e7-4d11-000000001b00}
ProcessId: 16256
Image: C:\Windows\System32\WindowsPowerShell\v1.0\powershell.exe
User: LAPTOP-I8K1DAMV\rohin"
"2026-04-21T13:45:14.2358683+05:30","5","Process terminated:
RuleName: -
UtcTime: 2026-04-21 08:15:14.235
ProcessGuid: {a65b9ff6-3211-69e7-4c11-000000001b00}
ProcessId: 31012
Image: C:\Windows\System32\WindowsPowerShell\v1.0\powershell.exe
User: LAPTOP-I8K1DAMV\rohin"
"2026-04-21T13:45:13.5599470+05:30","5","Process terminated:
RuleName: -
UtcTime: 2026-04-21 08:15:13.557
ProcessGuid: {a65b9ff6-3211-69e7-4b11-000000001b00}
ProcessId: 15272
Image: C:\Windows\System32\WindowsPowerShell\v1.0\powershell.exe
User: LAPTOP-I8K1DAMV\rohin"
"2026-04-21T13:45:12.8362127+05:30","5","Process terminated:
RuleName: -
UtcTime: 2026-04-21 08:15:12.836
ProcessGuid: {a65b9ff6-3210-69e7-4a11-000000001b00}
ProcessId: 16240
Image: C:\Windows\System32\WindowsPowerShell\v1.0\powershell.exe
User: LAPTOP-I8K1DAMV\rohin"
"2026-04-21T13:45:12.0908469+05:30","5","Process terminated:
RuleName: -
UtcTime: 2026-04-21 08:15:12.089
ProcessGuid: {a65b9ff6-320f-69e7-4911-000000001b00}
ProcessId: 21184
Image: C:\Windows\System32\WindowsPowerShell\v1.0\powershell.exe
User: LAPTOP-I8K1DAMV\rohin"
"2026-04-21T13:45:11.3732948+05:30","5","Process terminated:
RuleName: -
UtcTime: 2026-04-21 08:15:11.372
ProcessGuid: {a65b9ff6-320e-69e7-4811-000000001b00}
ProcessId: 14928
Image: C:\Windows\System32\WindowsPowerShell\v1.0\powershell.exe
User: LAPTOP-I8K1DAMV\rohin"
"2026-04-21T13:45:10.7185227+05:30","5","Process terminated:
RuleName: -
UtcTime: 2026-04-21 08:15:10.717
ProcessGuid: {a65b9ff6-320e-69e7-4711-000000001b00}
ProcessId: 11352
Image: C:\Windows\System32\WindowsPowerShell\v1.0\powershell.exe
User: LAPTOP-I8K1DAMV\rohin"
"2026-04-21T13:45:10.0521662+05:30","5","Process terminated:
RuleName: -
UtcTime: 2026-04-21 08:15:10.051
ProcessGuid: {a65b9ff6-320d-69e7-4311-000000001b00}
ProcessId: 12636
Image: C:\Windows\System32\WindowsPowerShell\v1.0\powershell.exe
User: LAPTOP-I8K1DAMV\rohin"
