"2026-04-21T12:57:48.8387318+05:30","5","Process terminated:
RuleName: -
UtcTime: 2026-04-21 07:27:48.836
ProcessGuid: {a65b9ff6-26f3-69e7-e20d-000000001b00}
ProcessId: 28424
Image: C:\Program Files\Common Files\McAfee\MSGSDK\msgrunner.exe
User: NT AUTHORITY\SYSTEM"
"2026-04-21T12:57:48.3162290+05:30","5","Process terminated:
RuleName: -
UtcTime: 2026-04-21 07:27:48.315
ProcessGuid: {a65b9ff6-26f4-69e7-e40d-000000001b00}
ProcessId: 29592
Image: C:\Windows\System32\conhost.exe
User: LAPTOP-I8K1DAMV\rohin"
"2026-04-21T12:57:48.3123797+05:30","5","Process terminated:
RuleName: -
UtcTime: 2026-04-21 07:27:48.311
ProcessGuid: {a65b9ff6-26f4-69e7-e30d-000000001b00}
ProcessId: 14700
Image: C:\Program Files\Git\cmd\git.exe
User: LAPTOP-I8K1DAMV\rohin"
"2026-04-21T12:57:48.3082808+05:30","5","Process terminated:
RuleName: -
UtcTime: 2026-04-21 07:27:48.307
ProcessGuid: {a65b9ff6-26f4-69e7-e50d-000000001b00}
ProcessId: 15412
Image: C:\Program Files\Git\mingw64\bin\git.exe
User: LAPTOP-I8K1DAMV\rohin"
"2026-04-21T12:57:42.8568762+05:30","5","Process terminated:
RuleName: -
UtcTime: 2026-04-21 07:27:42.856
ProcessGuid: {a65b9ff6-26a1-69e7-b80d-000000001b00}
ProcessId: 1160
Image: C:\Windows\System32\backgroundTaskHost.exe
User: LAPTOP-I8K1DAMV\rohin"
"2026-04-21T12:57:40.9490766+05:30","5","Process terminated:
RuleName: -
UtcTime: 2026-04-21 07:27:40.948
ProcessGuid: {a65b9ff6-26ec-69e7-e00d-000000001b00}
ProcessId: 28820
Image: C:\Windows\System32\conhost.exe
User: LAPTOP-I8K1DAMV\rohin"
"2026-04-21T12:57:40.9460475+05:30","5","Process terminated:
RuleName: -
UtcTime: 2026-04-21 07:27:40.945
ProcessGuid: {a65b9ff6-26ec-69e7-df0d-000000001b00}
ProcessId: 30608
Image: C:\Program Files\Git\cmd\git.exe
User: LAPTOP-I8K1DAMV\rohin"
"2026-04-21T12:57:40.9410888+05:30","5","Process terminated:
RuleName: -
UtcTime: 2026-04-21 07:27:40.940
ProcessGuid: {a65b9ff6-26ec-69e7-e10d-000000001b00}
ProcessId: 18728
Image: C:\Program Files\Git\mingw64\bin\git.exe
User: LAPTOP-I8K1DAMV\rohin"
"2026-04-21T12:57:38.5446203+05:30","5","Process terminated:
RuleName: -
UtcTime: 2026-04-21 07:27:38.544
ProcessGuid: {a65b9ff6-26a1-69e7-bc0d-000000001b00}
ProcessId: 31168
Image: C:\Windows\System32\RuntimeBroker.exe
User: LAPTOP-I8K1DAMV\rohin"
"2026-04-21T12:57:34.9160976+05:30","5","Process terminated:
RuleName: -
UtcTime: 2026-04-21 07:27:34.915
ProcessGuid: {a65b9ff6-26a1-69e7-bb0d-000000001b00}
ProcessId: 16464
Image: C:\Windows\System32\backgroundTaskHost.exe
User: LAPTOP-I8K1DAMV\rohin"
"2026-04-21T12:57:29.1468307+05:30","5","Process terminated:
RuleName: -
UtcTime: 2026-04-21 07:27:29.143
ProcessGuid: {a65b9ff6-26a1-69e7-ba0d-000000001b00}
ProcessId: 31260
Image: C:\Windows\System32\backgroundTaskHost.exe
User: LAPTOP-I8K1DAMV\rohin"
"2026-04-21T12:57:27.3564145+05:30","5","Process terminated:
RuleName: -
UtcTime: 2026-04-21 07:27:27.356
ProcessGuid: {a65b9ff6-26a1-69e7-b70d-000000001b00}
ProcessId: 14216
Image: C:\Windows\System32\backgroundTaskHost.exe
User: LAPTOP-I8K1DAMV\rohin"
"2026-04-21T12:57:16.5097576+05:30","5","Process terminated:
RuleName: -
UtcTime: 2026-04-21 07:27:16.509
ProcessGuid: {a65b9ff6-26d3-69e7-dd0d-000000001b00}
ProcessId: 28240
Image: D:\BTP\Log-Anamoly-Detection\.venv\Scripts\python.exe
User: LAPTOP-I8K1DAMV\rohin"
"2026-04-21T12:57:16.5043679+05:30","5","Process terminated:
RuleName: -
UtcTime: 2026-04-21 07:27:16.503
ProcessGuid: {a65b9ff6-26d3-69e7-de0d-000000001b00}
ProcessId: 19764
Image: C:\Users\rohin\AppData\Local\Programs\Python\Python314\python.exe
User: LAPTOP-I8K1DAMV\rohin"
"2026-04-21T12:57:13.3945756+05:30","5","Process terminated:
RuleName: -
UtcTime: 2026-04-21 07:27:13.385
ProcessGuid: {a65b9ff6-26d0-69e7-db0d-000000001b00}
ProcessId: 14528
Image: D:\BTP\Log-Anamoly-Detection\.venv\Scripts\python.exe
User: LAPTOP-I8K1DAMV\rohin"
"2026-04-21T12:57:13.3886480+05:30","5","Process terminated:
RuleName: -
UtcTime: 2026-04-21 07:27:13.385
ProcessGuid: {a65b9ff6-26d0-69e7-dc0d-000000001b00}
ProcessId: 29100
Image: C:\Users\rohin\AppData\Local\Programs\Python\Python314\python.exe
User: LAPTOP-I8K1DAMV\rohin"
"2026-04-21T12:57:10.2845965+05:30","5","Process terminated:
RuleName: -
UtcTime: 2026-04-21 07:27:10.274
ProcessGuid: {a65b9ff6-26cc-69e7-d90d-000000001b00}
ProcessId: 6148
Image: D:\BTP\Log-Anamoly-Detection\.venv\Scripts\python.exe
User: LAPTOP-I8K1DAMV\rohin"
"2026-04-21T12:57:10.2788509+05:30","5","Process terminated:
RuleName: -
UtcTime: 2026-04-21 07:27:10.274
ProcessGuid: {a65b9ff6-26cc-69e7-da0d-000000001b00}
ProcessId: 28336
Image: C:\Users\rohin\AppData\Local\Programs\Python\Python314\python.exe
User: LAPTOP-I8K1DAMV\rohin"
"2026-04-21T12:57:08.5285630+05:30","5","Process terminated:
RuleName: -
UtcTime: 2026-04-21 07:27:08.528
ProcessGuid: {a65b9ff6-26a1-69e7-b90d-000000001b00}
ProcessId: 22980
Image: C:\Program Files\WindowsApps\microsoft.windowscommunicationsapps_16005.14326.22342.0_x64__8wekyb3d8bbwe\HxTsr.exe
User: LAPTOP-I8K1DAMV\rohin"
"2026-04-21T12:57:07.1787677+05:30","5","Process terminated:
RuleName: -
UtcTime: 2026-04-21 07:27:07.177
ProcessGuid: {a65b9ff6-26c6-69e7-d50d-000000001b00}
ProcessId: 29012
Image: D:\BTP\Log-Anamoly-Detection\.venv\Scripts\python.exe
User: LAPTOP-I8K1DAMV\rohin"
"2026-04-21T12:57:07.1724829+05:30","5","Process terminated:
RuleName: -
UtcTime: 2026-04-21 07:27:07.171
ProcessGuid: {a65b9ff6-26c6-69e7-d60d-000000001b00}
ProcessId: 15608
Image: C:\Users\rohin\AppData\Local\Programs\Python\Python314\python.exe
User: LAPTOP-I8K1DAMV\rohin"
"2026-04-21T12:57:01.3896857+05:30","5","Process terminated:
RuleName: -
UtcTime: 2026-04-21 07:27:01.389
ProcessGuid: {a65b9ff6-26c4-69e7-d30d-000000001b00}
ProcessId: 10924
Image: D:\BTP\Log-Anamoly-Detection\.venv\Scripts\python.exe
User: LAPTOP-I8K1DAMV\rohin"
"2026-04-21T12:57:01.3767646+05:30","5","Process terminated:
RuleName: -
UtcTime: 2026-04-21 07:27:01.376
ProcessGuid: {a65b9ff6-26bf-69e7-d10d-000000001b00}
ProcessId: 21604
Image: D:\BTP\Log-Anamoly-Detection\.venv\Scripts\python.exe
User: LAPTOP-I8K1DAMV\rohin"
"2026-04-21T12:57:01.3735137+05:30","5","Process terminated:
RuleName: -
UtcTime: 2026-04-21 07:27:01.373
ProcessGuid: {a65b9ff6-26c4-69e7-d40d-000000001b00}
ProcessId: 30668
Image: C:\Users\rohin\AppData\Local\Programs\Python\Python314\python.exe
User: LAPTOP-I8K1DAMV\rohin"
"2026-04-21T12:57:01.3692451+05:30","5","Process terminated:
RuleName: -
UtcTime: 2026-04-21 07:27:01.368
ProcessGuid: {a65b9ff6-26bf-69e7-d20d-000000001b00}
ProcessId: 26532
Image: C:\Users\rohin\AppData\Local\Programs\Python\Python314\python.exe
User: LAPTOP-I8K1DAMV\rohin"
"2026-04-21T12:57:00.1123028+05:30","5","Process terminated:
RuleName: -
UtcTime: 2026-04-21 07:27:00.104
ProcessGuid: {a65b9ff6-26ba-69e7-cf0d-000000001b00}
ProcessId: 30776
Image: D:\BTP\Log-Anamoly-Detection\.venv\Scripts\python.exe
User: LAPTOP-I8K1DAMV\rohin"
"2026-04-21T12:57:00.0863713+05:30","5","Process terminated:
RuleName: -
UtcTime: 2026-04-21 07:27:00.084
ProcessGuid: {a65b9ff6-26ba-69e7-d00d-000000001b00}
ProcessId: 27196
Image: C:\Users\rohin\AppData\Local\Programs\Python\Python314\python.exe
User: LAPTOP-I8K1DAMV\rohin"
"2026-04-21T12:56:50.8132444+05:30","5","Process terminated:
RuleName: -
UtcTime: 2026-04-21 07:26:50.812
ProcessGuid: {a65b9ff6-266c-69e7-b10d-000000001b00}
ProcessId: 29812
Image: D:\BTP\Log-Anamoly-Detection\.venv\Scripts\python.exe
User: LAPTOP-I8K1DAMV\rohin"
"2026-04-21T12:56:50.8011923+05:30","5","Process terminated:
RuleName: -
UtcTime: 2026-04-21 07:26:50.800
ProcessGuid: {a65b9ff6-266c-69e7-b20d-000000001b00}
ProcessId: 28260
Image: C:\Users\rohin\AppData\Local\Programs\Python\Python314\python.exe
User: LAPTOP-I8K1DAMV\rohin"
"2026-04-21T12:56:49.1589678+05:30","5","Process terminated:
RuleName: -
UtcTime: 2026-04-21 07:26:49.158
ProcessGuid: {a65b9ff6-26b3-69e7-c90d-000000001b00}
ProcessId: 28412
Image: D:\BTP\Log-Anamoly-Detection\.venv\Scripts\python.exe
User: LAPTOP-I8K1DAMV\rohin"
"2026-04-21T12:56:49.1508355+05:30","5","Process terminated:
RuleName: -
UtcTime: 2026-04-21 07:26:49.150
ProcessGuid: {a65b9ff6-26b3-69e7-ca0d-000000001b00}
ProcessId: 14248
Image: C:\Users\rohin\AppData\Local\Programs\Python\Python314\python.exe
User: LAPTOP-I8K1DAMV\rohin"
"2026-04-21T12:56:49.1206927+05:30","5","Process terminated:
RuleName: -
UtcTime: 2026-04-21 07:26:49.119
ProcessGuid: {a65b9ff6-26b9-69e7-ce0d-000000001b00}
ProcessId: 30716
Image: C:\Windows\System32\conhost.exe
User: LAPTOP-I8K1DAMV\rohin"
"2026-04-21T12:56:49.1179269+05:30","5","Process terminated:
RuleName: -
UtcTime: 2026-04-21 07:26:49.117
ProcessGuid: {a65b9ff6-26b9-69e7-cd0d-000000001b00}
ProcessId: 26804
Image: C:\Windows\System32\reg.exe
User: LAPTOP-I8K1DAMV\rohin"
"2026-04-21T12:56:49.0705197+05:30","5","Process terminated:
RuleName: -
UtcTime: 2026-04-21 07:26:49.069
ProcessGuid: {a65b9ff6-26b9-69e7-cc0d-000000001b00}
ProcessId: 16668
Image: C:\Windows\System32\conhost.exe
User: LAPTOP-I8K1DAMV\rohin"
"2026-04-21T12:56:49.0668664+05:30","5","Process terminated:
RuleName: -
UtcTime: 2026-04-21 07:26:49.066
ProcessGuid: {a65b9ff6-26b9-69e7-cb0d-000000001b00}
ProcessId: 26700
Image: C:\Windows\System32\reg.exe
User: LAPTOP-I8K1DAMV\rohin"
"2026-04-21T12:56:45.1245913+05:30","5","Process terminated:
RuleName: -
UtcTime: 2026-04-21 07:26:45.124
ProcessGuid: {a65b9ff6-268b-69e7-b60d-000000001b00}
ProcessId: 1356
Image: C:\Windows\System32\RuntimeBroker.exe
User: LAPTOP-I8K1DAMV\rohin"
"2026-04-21T12:56:45.1232795+05:30","5","Process terminated:
RuleName: -
UtcTime: 2026-04-21 07:26:45.122
ProcessGuid: {a65b9ff6-268b-69e7-b50d-000000001b00}
ProcessId: 27872
Image: C:\Windows\System32\RuntimeBroker.exe
User: LAPTOP-I8K1DAMV\rohin"
"2026-04-21T12:56:42.5233688+05:30","5","Process terminated:
RuleName: -
UtcTime: 2026-04-21 07:26:42.523
ProcessGuid: {a65b9ff6-26af-69e7-c70d-000000001b00}
ProcessId: 31616
Image: C:\Program Files (x86)\HP\HP Support Framework\Resources\HPSAAppLauncher.exe
User: LAPTOP-I8K1DAMV\rohin"
"2026-04-21T12:56:42.5009937+05:30","5","Process terminated:
RuleName: -
UtcTime: 2026-04-21 07:26:42.500
ProcessGuid: {a65b9ff6-26af-69e7-c80d-000000001b00}
ProcessId: 10344
Image: C:\Program Files (x86)\HP\HP Support Framework\Resources\HPUpdate\HPUpdate.exe
User: LAPTOP-I8K1DAMV\rohin"
"2026-04-21T12:56:38.9232250+05:30","5","Process terminated:
RuleName: -
UtcTime: 2026-04-21 07:26:38.919
ProcessGuid: {a65b9ff6-26ab-69e7-c50d-000000001b00}
ProcessId: 16696
Image: C:\Program Files (x86)\HP\HP Support Framework\Resources\HPSAAppLauncher.exe
User: LAPTOP-I8K1DAMV\rohin"
"2026-04-21T12:56:38.8889637+05:30","5","Process terminated:
RuleName: -
UtcTime: 2026-04-21 07:26:38.887
ProcessGuid: {a65b9ff6-26ac-69e7-c60d-000000001b00}
ProcessId: 29744
Image: C:\Program Files (x86)\HP\HP Support Framework\Resources\HPUpdate\HPUpdate.exe
User: LAPTOP-I8K1DAMV\rohin"
"2026-04-21T12:56:36.9417406+05:30","5","Process terminated:
RuleName: -
UtcTime: 2026-04-21 07:26:36.937
ProcessGuid: {a65b9ff6-26a5-69e7-bf0d-000000001b00}
ProcessId: 3324
Image: C:\Windows\System32\svchost.exe
User: LAPTOP-I8K1DAMV\rohin"
"2026-04-21T12:56:32.9036246+05:30","5","Process terminated:
RuleName: -
UtcTime: 2026-04-21 07:26:32.900
ProcessGuid: {a65b9ff6-26a3-69e7-be0d-000000001b00}
ProcessId: 7108
Image: C:\Windows\System32\dllhost.exe
User: LAPTOP-I8K1DAMV\rohin"
"2026-04-21T12:56:30.4043141+05:30","5","Process terminated:
RuleName: -
UtcTime: 2026-04-21 07:26:30.402
ProcessGuid: {a65b9ff6-26a6-69e7-c30d-000000001b00}
ProcessId: 25764
Image: C:\Windows\System32\conhost.exe
User: LAPTOP-I8K1DAMV\rohin"
"2026-04-21T12:56:30.3995060+05:30","5","Process terminated:
RuleName: -
UtcTime: 2026-04-21 07:26:30.392
ProcessGuid: {a65b9ff6-26a6-69e7-c20d-000000001b00}
ProcessId: 17024
Image: C:\Windows\System32\reg.exe
User: LAPTOP-I8K1DAMV\rohin"
"2026-04-21T12:56:30.3342589+05:30","5","Process terminated:
RuleName: -
UtcTime: 2026-04-21 07:26:30.332
ProcessGuid: {a65b9ff6-26a6-69e7-c10d-000000001b00}
ProcessId: 31300
Image: C:\Windows\System32\conhost.exe
User: LAPTOP-I8K1DAMV\rohin"
"2026-04-21T12:56:30.3306753+05:30","5","Process terminated:
RuleName: -
UtcTime: 2026-04-21 07:26:30.328
ProcessGuid: {a65b9ff6-26a6-69e7-c00d-000000001b00}
ProcessId: 16660
Image: C:\Windows\System32\reg.exe
User: LAPTOP-I8K1DAMV\rohin"
"2026-04-21T12:56:24.2440313+05:30","5","Process terminated:
RuleName: -
UtcTime: 2026-04-21 07:26:24.243
ProcessGuid: {a65b9ff6-25d7-69e7-5c0d-000000001b00}
ProcessId: 6388
Image: C:\Windows\System32\wbem\WmiPrvSE.exe
User: NT AUTHORITY\LOCAL SERVICE"
"2026-04-21T12:56:08.1629480+05:30","5","Process terminated:
RuleName: -
UtcTime: 2026-04-21 07:26:08.160
ProcessGuid: {a65b9ff6-25d7-69e7-5e0d-000000001b00}
ProcessId: 7724
Image: C:\Windows\System32\RuntimeBroker.exe
User: LAPTOP-I8K1DAMV\rohin"
"2026-04-21T12:56:05.0841253+05:30","5","Process terminated:
RuleName: -
UtcTime: 2026-04-21 07:26:05.083
ProcessGuid: {a65b9ff6-268a-69e7-b30d-000000001b00}
ProcessId: 18440
Image: C:\Windows\System32\backgroundTaskHost.exe
User: LAPTOP-I8K1DAMV\rohin"
"2026-04-21T12:56:03.4033713+05:30","5","Process terminated:
RuleName: -
UtcTime: 2026-04-21 07:26:03.403
ProcessGuid: {a65b9ff6-268a-69e7-b40d-000000001b00}
ProcessId: 18352
Image: C:\Windows\System32\backgroundTaskHost.exe
User: LAPTOP-I8K1DAMV\rohin"
"2026-04-21T12:55:38.1535037+05:30","5","Process terminated:
RuleName: -
UtcTime: 2026-04-21 07:25:38.146
ProcessGuid: {a65b9ff6-25d5-69e7-560d-000000001b00}
ProcessId: 20528
Image: C:\Windows\System32\backgroundTaskHost.exe
User: LAPTOP-I8K1DAMV\rohin"
"2026-04-21T12:55:32.1426428+05:30","5","Process terminated:
RuleName: -
UtcTime: 2026-04-21 07:25:32.142
ProcessGuid: {a65b9ff6-266b-69e7-af0d-000000001b00}
ProcessId: 20880
Image: D:\BTP\Log-Anamoly-Detection\.venv\Scripts\python.exe
User: LAPTOP-I8K1DAMV\rohin"
"2026-04-21T12:55:32.1363555+05:30","5","Process terminated:
RuleName: -
UtcTime: 2026-04-21 07:25:32.135
ProcessGuid: {a65b9ff6-266b-69e7-b00d-000000001b00}
ProcessId: 18152
Image: C:\Users\rohin\AppData\Local\Programs\Python\Python314\python.exe
User: LAPTOP-I8K1DAMV\rohin"
"2026-04-21T12:55:31.8943731+05:30","5","Process terminated:
RuleName: -
UtcTime: 2026-04-21 07:25:31.893
ProcessGuid: {a65b9ff6-2663-69e7-a60d-000000001b00}
ProcessId: 25164
Image: D:\BTP\Log-Anamoly-Detection\.venv\Scripts\python.exe
User: LAPTOP-I8K1DAMV\rohin"
"2026-04-21T12:55:31.8876506+05:30","5","Process terminated:
RuleName: -
UtcTime: 2026-04-21 07:25:31.887
ProcessGuid: {a65b9ff6-2663-69e7-a70d-000000001b00}
ProcessId: 27796
Image: C:\Users\rohin\AppData\Local\Programs\Python\Python314\python.exe
User: LAPTOP-I8K1DAMV\rohin"
"2026-04-21T12:55:25.7429180+05:30","5","Process terminated:
RuleName: -
UtcTime: 2026-04-21 07:25:25.742
ProcessGuid: {a65b9ff6-2665-69e7-ae0d-000000001b00}
ProcessId: 22916
Image: C:\Windows\System32\conhost.exe
User: LAPTOP-I8K1DAMV\rohin"
"2026-04-21T12:55:25.7409143+05:30","5","Process terminated:
RuleName: -
UtcTime: 2026-04-21 07:25:25.740
ProcessGuid: {a65b9ff6-2665-69e7-ad0d-000000001b00}
ProcessId: 3176
Image: C:\Windows\System32\reg.exe
User: LAPTOP-I8K1DAMV\rohin"
"2026-04-21T12:55:25.7052182+05:30","5","Process terminated:
RuleName: -
UtcTime: 2026-04-21 07:25:25.705
ProcessGuid: {a65b9ff6-2665-69e7-ac0d-000000001b00}
ProcessId: 15512
Image: C:\Windows\System32\conhost.exe
User: LAPTOP-I8K1DAMV\rohin"
"2026-04-21T12:55:25.7030642+05:30","5","Process terminated:
RuleName: -
UtcTime: 2026-04-21 07:25:25.702
ProcessGuid: {a65b9ff6-2665-69e7-ab0d-000000001b00}
ProcessId: 16940
Image: C:\Windows\System32\reg.exe
User: LAPTOP-I8K1DAMV\rohin"
"2026-04-21T12:55:25.4697043+05:30","5","Process terminated:
RuleName: -
UtcTime: 2026-04-21 07:25:25.468
ProcessGuid: {a65b9ff6-262c-69e7-950d-000000001b00}
ProcessId: 30244
Image: C:\Windows\System32\RuntimeBroker.exe
User: LAPTOP-I8K1DAMV\rohin"
"2026-04-21T12:55:23.4764548+05:30","5","Process terminated:
RuleName: -
UtcTime: 2026-04-21 07:25:23.475
ProcessGuid: {a65b9ff6-2663-69e7-a90d-000000001b00}
ProcessId: 18468
Image: C:\Windows\System32\conhost.exe
User: LAPTOP-I8K1DAMV\rohin"
"2026-04-21T12:55:23.4732290+05:30","5","Process terminated:
RuleName: -
UtcTime: 2026-04-21 07:25:23.472
ProcessGuid: {a65b9ff6-2663-69e7-a80d-000000001b00}
ProcessId: 28232
Image: C:\Program Files\Git\cmd\git.exe
User: LAPTOP-I8K1DAMV\rohin"
"2026-04-21T12:55:23.4688885+05:30","5","Process terminated:
RuleName: -
UtcTime: 2026-04-21 07:25:23.468
ProcessGuid: {a65b9ff6-2663-69e7-aa0d-000000001b00}
ProcessId: 6180
Image: C:\Program Files\Git\mingw64\bin\git.exe
User: LAPTOP-I8K1DAMV\rohin"
"2026-04-21T12:55:20.6287337+05:30","5","Process terminated:
RuleName: -
UtcTime: 2026-04-21 07:25:20.627
ProcessGuid: {a65b9ff6-2660-69e7-a50d-000000001b00}
ProcessId: 16632
Image: C:\Windows\System32\conhost.exe
User: NT AUTHORITY\LOCAL SERVICE"
"2026-04-21T12:55:20.6264318+05:30","5","Process terminated:
RuleName: -
UtcTime: 2026-04-21 07:25:20.625
ProcessGuid: {a65b9ff6-2660-69e7-a40d-000000001b00}
ProcessId: 30824
Image: C:\Windows\System32\appidcertstorecheck.exe
User: NT AUTHORITY\LOCAL SERVICE"
"2026-04-21T12:55:12.4630206+05:30","5","Process terminated:
RuleName: -
UtcTime: 2026-04-21 07:25:12.455
ProcessGuid: {a65b9ff6-1d8b-69e7-ec0c-000000001b00}
ProcessId: 26004
Image: C:\Windows\System32\svchost.exe
User: NT AUTHORITY\SYSTEM"
"2026-04-21T12:55:10.3776263+05:30","5","Process terminated:
RuleName: -
UtcTime: 2026-04-21 07:25:10.376
ProcessGuid: {a65b9ff6-2656-69e7-a20d-000000001b00}
ProcessId: 30968
Image: C:\Windows\System32\conhost.exe
User: LAPTOP-I8K1DAMV\rohin"
"2026-04-21T12:55:10.3752611+05:30","5","Process terminated:
RuleName: -
UtcTime: 2026-04-21 07:25:10.373
ProcessGuid: {a65b9ff6-2656-69e7-a10d-000000001b00}
ProcessId: 2068
Image: C:\Program Files\Git\cmd\git.exe
User: LAPTOP-I8K1DAMV\rohin"
"2026-04-21T12:55:10.3710778+05:30","5","Process terminated:
RuleName: -
UtcTime: 2026-04-21 07:25:10.368
ProcessGuid: {a65b9ff6-2656-69e7-a30d-000000001b00}
ProcessId: 26248
Image: C:\Program Files\Git\mingw64\bin\git.exe
User: LAPTOP-I8K1DAMV\rohin"
"2026-04-21T12:55:06.4496239+05:30","5","Process terminated:
RuleName: -
UtcTime: 2026-04-21 07:25:06.448
ProcessGuid: {a65b9ff6-25d7-69e7-5d0d-000000001b00}
ProcessId: 21340
Image: C:\Windows\System32\svchost.exe
User: NT AUTHORITY\SYSTEM"
"2026-04-21T12:55:05.1698071+05:30","5","Process terminated:
RuleName: -
UtcTime: 2026-04-21 07:25:05.169
ProcessGuid: {a65b9ff6-1d8e-69e7-f00c-000000001b00}
ProcessId: 28596
Image: C:\Windows\servicing\TrustedInstaller.exe
User: NT AUTHORITY\SYSTEM"
"2026-04-21T12:55:05.1504504+05:30","5","Process terminated:
RuleName: -
UtcTime: 2026-04-21 07:25:05.149
ProcessGuid: {a65b9ff6-1d8e-69e7-f10c-000000001b00}
ProcessId: 28640
Image: C:\Windows\WinSxS\amd64_microsoft-windows-servicingstack_31bf3856ad364e35_10.0.26100.8035_none_a54f1c79772e807e\TiWorker.exe
User: NT AUTHORITY\SYSTEM"
"2026-04-21T12:54:51.4622722+05:30","5","Process terminated:
RuleName: -
UtcTime: 2026-04-21 07:24:51.461
ProcessGuid: {a65b9ff6-2608-69e7-840d-000000001b00}
ProcessId: 30412
Image: C:\Windows\System32\RuntimeBroker.exe
User: LAPTOP-I8K1DAMV\rohin"
"2026-04-21T12:54:49.0682467+05:30","5","Process terminated:
RuleName: -
UtcTime: 2026-04-21 07:24:49.067
ProcessGuid: {a65b9ff6-2641-69e7-a00d-000000001b00}
ProcessId: 11864
Image: C:\Windows\System32\conhost.exe
User: LAPTOP-I8K1DAMV\rohin"
"2026-04-21T12:54:49.0660227+05:30","5","Process terminated:
RuleName: -
UtcTime: 2026-04-21 07:24:49.064
ProcessGuid: {a65b9ff6-2641-69e7-9f0d-000000001b00}
ProcessId: 9864
Image: C:\Windows\System32\reg.exe
User: LAPTOP-I8K1DAMV\rohin"
"2026-04-21T12:54:49.0258755+05:30","5","Process terminated:
RuleName: -
UtcTime: 2026-04-21 07:24:49.025
ProcessGuid: {a65b9ff6-2640-69e7-9e0d-000000001b00}
ProcessId: 27712
Image: C:\Windows\System32\conhost.exe
User: LAPTOP-I8K1DAMV\rohin"
"2026-04-21T12:54:49.0240372+05:30","5","Process terminated:
RuleName: -
UtcTime: 2026-04-21 07:24:49.023
ProcessGuid: {a65b9ff6-2640-69e7-9d0d-000000001b00}
ProcessId: 26376
Image: C:\Windows\System32\reg.exe
User: LAPTOP-I8K1DAMV\rohin"
"2026-04-21T12:54:45.4584783+05:30","5","Process terminated:
RuleName: -
UtcTime: 2026-04-21 07:24:45.453
ProcessGuid: {a65b9ff6-263b-69e7-9c0d-000000001b00}
ProcessId: 19108
Image: C:\Windows\System32\backgroundTaskHost.exe
User: LAPTOP-I8K1DAMV\rohin"
"2026-04-21T12:54:44.2947848+05:30","5","Process terminated:
RuleName: -
UtcTime: 2026-04-21 07:24:44.293
ProcessGuid: {a65b9ff6-d0a3-69e6-960a-000000001b00}
ProcessId: 18780
Image: D:\Log-Anamoly-Detection\.venv\Scripts\python.exe
User: LAPTOP-I8K1DAMV\rohin"
"2026-04-21T12:54:44.2736656+05:30","5","Process terminated:
RuleName: -
UtcTime: 2026-04-21 07:24:44.273
ProcessGuid: {a65b9ff6-d0a3-69e6-970a-000000001b00}
ProcessId: 25764
Image: C:\Users\rohin\AppData\Local\Programs\Python\Python310\python.exe
User: LAPTOP-I8K1DAMV\rohin"
"2026-04-21T12:54:38.2818824+05:30","5","Process terminated:
RuleName: -
UtcTime: 2026-04-21 07:24:38.281
ProcessGuid: {a65b9ff6-25c7-69e7-070d-000000001b00}
ProcessId: 27792
Image: C:\Program Files\HPPrintScanDoctor\HPPrinterHealthMonitor.exe
User: LAPTOP-I8K1DAMV\rohin"
"2026-04-21T12:54:36.6097330+05:30","5","Process terminated:
RuleName: -
UtcTime: 2026-04-21 07:24:36.608
ProcessGuid: {a65b9ff6-2634-69e7-990d-000000001b00}
ProcessId: 29816
Image: C:\Windows\System32\conhost.exe
User: LAPTOP-I8K1DAMV\rohin"
"2026-04-21T12:54:36.6060885+05:30","5","Process terminated:
RuleName: -
UtcTime: 2026-04-21 07:24:36.604
ProcessGuid: {a65b9ff6-2634-69e7-980d-000000001b00}
ProcessId: 29844
Image: C:\Program Files\Git\cmd\git.exe
User: LAPTOP-I8K1DAMV\rohin"
"2026-04-21T12:54:36.5985794+05:30","5","Process terminated:
RuleName: -
UtcTime: 2026-04-21 07:24:36.597
ProcessGuid: {a65b9ff6-2634-69e7-9a0d-000000001b00}
ProcessId: 15168
Image: C:\Program Files\Git\mingw64\bin\git.exe
User: LAPTOP-I8K1DAMV\rohin"
"2026-04-21T12:54:32.6155207+05:30","5","Process terminated:
RuleName: -
UtcTime: 2026-04-21 07:24:32.614
ProcessGuid: {a65b9ff6-25d6-69e7-590d-000000001b00}
ProcessId: 22892
Image: C:\Windows\System32\wbem\WmiPrvSE.exe
User: NT AUTHORITY\NETWORK SERVICE"
"2026-04-21T12:54:32.4938567+05:30","5","Process terminated:
RuleName: -
UtcTime: 2026-04-21 07:24:32.493
ProcessGuid: {a65b9ff6-262b-69e7-940d-000000001b00}
ProcessId: 15512
Image: C:\Windows\System32\backgroundTaskHost.exe
User: LAPTOP-I8K1DAMV\rohin"
"2026-04-21T12:54:21.4860046+05:30","5","Process terminated:
RuleName: -
UtcTime: 2026-04-21 07:24:21.485
ProcessGuid: {a65b9ff6-2606-69e7-820d-000000001b00}
ProcessId: 4632
Image: C:\Windows\System32\DriverStore\FileRepository\hpcustomcapcomp.inf_amd64_db0ee1e66e6d408e\x64\BridgeCommunication.exe
User: LAPTOP-I8K1DAMV\rohin"
"2026-04-21T12:54:21.4556389+05:30","5","Process terminated:
RuleName: -
UtcTime: 2026-04-21 07:24:21.454
ProcessGuid: {a65b9ff6-2606-69e7-830d-000000001b00}
ProcessId: 18900
Image: C:\Program Files\WindowsApps\ad2f1837.hpjumpstarts_1.10.1627.0_x64__v10z8vjag6ke6\HP.JumpStarts.exe
User: LAPTOP-I8K1DAMV\rohin"
"2026-04-21T12:54:21.1809716+05:30","5","Process terminated:
RuleName: -
UtcTime: 2026-04-21 07:24:21.180
ProcessGuid: {a65b9ff6-2625-69e7-910d-000000001b00}
ProcessId: 19768
Image: C:\Windows\System32\conhost.exe
User: NT AUTHORITY\LOCAL SERVICE"
"2026-04-21T12:54:21.1783847+05:30","5","Process terminated:
RuleName: -
UtcTime: 2026-04-21 07:24:21.177
ProcessGuid: {a65b9ff6-2625-69e7-900d-000000001b00}
ProcessId: 8160
Image: C:\Windows\System32\appidcertstorecheck.exe
User: NT AUTHORITY\LOCAL SERVICE"
"2026-04-21T12:54:17.5954362+05:30","5","Process terminated:
RuleName: -
UtcTime: 2026-04-21 07:24:17.594
ProcessGuid: {a65b9ff6-2620-69e7-8f0d-000000001b00}
ProcessId: 19904
Image: C:\Windows\System32\taskhostw.exe
User: NT AUTHORITY\SYSTEM"
"2026-04-21T12:54:06.3970860+05:30","5","Process terminated:
RuleName: -
UtcTime: 2026-04-21 07:24:06.395
ProcessGuid: {a65b9ff6-2616-69e7-8d0d-000000001b00}
ProcessId: 29500
Image: C:\Windows\System32\conhost.exe
User: LAPTOP-I8K1DAMV\rohin"
"2026-04-21T12:54:06.3941900+05:30","5","Process terminated:
RuleName: -
UtcTime: 2026-04-21 07:24:06.392
ProcessGuid: {a65b9ff6-2616-69e7-8c0d-000000001b00}
ProcessId: 8020
Image: C:\Program Files\Git\cmd\git.exe
User: LAPTOP-I8K1DAMV\rohin"
"2026-04-21T12:54:06.3905917+05:30","5","Process terminated:
RuleName: -
UtcTime: 2026-04-21 07:24:06.386
ProcessGuid: {a65b9ff6-2616-69e7-8e0d-000000001b00}
ProcessId: 31276
Image: C:\Program Files\Git\mingw64\bin\git.exe
User: LAPTOP-I8K1DAMV\rohin"
"2026-04-21T12:54:01.7348088+05:30","5","Process terminated:
RuleName: -
UtcTime: 2026-04-21 07:24:01.733
ProcessGuid: {a65b9ff6-2611-69e7-8a0d-000000001b00}
ProcessId: 15388
Image: C:\Windows\System32\conhost.exe
User: LAPTOP-I8K1DAMV\rohin"
"2026-04-21T12:54:01.7324308+05:30","5","Process terminated:
RuleName: -
UtcTime: 2026-04-21 07:24:01.731
ProcessGuid: {a65b9ff6-2611-69e7-890d-000000001b00}
ProcessId: 18336
Image: C:\Program Files\Git\cmd\git.exe
User: LAPTOP-I8K1DAMV\rohin"
"2026-04-21T12:54:01.7290335+05:30","5","Process terminated:
RuleName: -
UtcTime: 2026-04-21 07:24:01.728
ProcessGuid: {a65b9ff6-2611-69e7-8b0d-000000001b00}
ProcessId: 30988
Image: C:\Program Files\Git\mingw64\bin\git.exe
User: LAPTOP-I8K1DAMV\rohin"
"2026-04-21T12:54:00.5647415+05:30","5","Process terminated:
RuleName: -
UtcTime: 2026-04-21 07:24:00.558
ProcessGuid: {a65b9ff6-2610-69e7-880d-000000001b00}
ProcessId: 29400
Image: C:\Windows\System32\conhost.exe
User: LAPTOP-I8K1DAMV\rohin"
"2026-04-21T12:54:00.5621931+05:30","5","Process terminated:
RuleName: -
UtcTime: 2026-04-21 07:24:00.558
ProcessGuid: {a65b9ff6-2610-69e7-870d-000000001b00}
ProcessId: 13364
Image: C:\Windows\System32\reg.exe
User: LAPTOP-I8K1DAMV\rohin"
"2026-04-21T12:54:00.5167380+05:30","5","Process terminated:
RuleName: -
UtcTime: 2026-04-21 07:24:00.514
ProcessGuid: {a65b9ff6-2610-69e7-860d-000000001b00}
ProcessId: 26460
Image: C:\Windows\System32\conhost.exe
User: LAPTOP-I8K1DAMV\rohin"
"2026-04-21T12:54:00.5147743+05:30","5","Process terminated:
RuleName: -
UtcTime: 2026-04-21 07:24:00.514
ProcessGuid: {a65b9ff6-2610-69e7-850d-000000001b00}
ProcessId: 17268
Image: C:\Windows\System32\reg.exe
User: LAPTOP-I8K1DAMV\rohin"
"2026-04-21T12:53:55.1711146+05:30","5","Process terminated:
RuleName: -
UtcTime: 2026-04-21 07:23:55.165
ProcessGuid: {a65b9ff6-25ed-69e7-700d-000000001b00}
ProcessId: 31716
Image: C:\Windows\System32\svchost.exe
User: NT AUTHORITY\SYSTEM"
"2026-04-21T12:53:50.6460837+05:30","5","Process terminated:
RuleName: -
UtcTime: 2026-04-21 07:23:50.643
ProcessGuid: {a65b9ff6-25c7-69e7-030d-000000001b00}
ProcessId: 21120
Image: C:\Windows\System32\backgroundTaskHost.exe
User: LAPTOP-I8K1DAMV\rohin"
"2026-04-21T12:53:50.3964163+05:30","5","Process terminated:
RuleName: -
UtcTime: 2026-04-21 07:23:50.393
ProcessGuid: {a65b9ff6-25c8-69e7-110d-000000001b00}
ProcessId: 30468
Image: C:\Windows\System32\backgroundTaskHost.exe
User: LAPTOP-I8K1DAMV\rohin"
"2026-04-21T12:53:50.1237390+05:30","5","Process terminated:
RuleName: -
UtcTime: 2026-04-21 07:23:50.121
ProcessGuid: {a65b9ff6-2605-69e7-810d-000000001b00}
ProcessId: 30428
Image: C:\Windows\System32\DriverStore\FileRepository\hpcustomcapcomp.inf_amd64_db0ee1e66e6d408e\x64\BridgeCommunication.exe
User: LAPTOP-I8K1DAMV\rohin"
"2026-04-21T12:53:50.0899041+05:30","5","Process terminated:
RuleName: -
UtcTime: 2026-04-21 07:23:50.088
ProcessGuid: {a65b9ff6-25dd-69e7-680d-000000001b00}
ProcessId: 31560
Image: C:\Program Files\WindowsApps\ad2f1837.hpjumpstarts_1.10.1627.0_x64__v10z8vjag6ke6\HP.JumpStarts.exe
User: LAPTOP-I8K1DAMV\rohin"
"2026-04-21T12:53:48.0321969+05:30","5","Process terminated:
RuleName: -
UtcTime: 2026-04-21 07:23:48.031
ProcessGuid: {a65b9ff6-25c7-69e7-020d-000000001b00}
ProcessId: 3512
Image: C:\Program Files\WindowsApps\Microsoft.WindowsStore_22603.1401.7.0_x64__8wekyb3d8bbwe\StoreDesktopExtension.exe
User: LAPTOP-I8K1DAMV\rohin"
"2026-04-21T12:53:45.4380890+05:30","5","Process terminated:
RuleName: -
UtcTime: 2026-04-21 07:23:45.437
ProcessGuid: {a65b9ff6-2601-69e7-7e0d-000000001b00}
ProcessId: 25800
Image: C:\Windows\System32\conhost.exe
User: LAPTOP-I8K1DAMV\rohin"
"2026-04-21T12:53:45.4355822+05:30","5","Process terminated:
RuleName: -
UtcTime: 2026-04-21 07:23:45.434
ProcessGuid: {a65b9ff6-2601-69e7-7d0d-000000001b00}
ProcessId: 6016
Image: C:\Program Files\Git\cmd\git.exe
User: LAPTOP-I8K1DAMV\rohin"
"2026-04-21T12:53:45.4318854+05:30","5","Process terminated:
RuleName: -
UtcTime: 2026-04-21 07:23:45.431
ProcessGuid: {a65b9ff6-2601-69e7-800d-000000001b00}
ProcessId: 30244
Image: C:\Program Files\Git\mingw64\bin\git.exe
User: LAPTOP-I8K1DAMV\rohin"
"2026-04-21T12:53:45.4318573+05:30","5","Process terminated:
RuleName: -
UtcTime: 2026-04-21 07:23:45.431
ProcessGuid: {a65b9ff6-2601-69e7-7c0d-000000001b00}
ProcessId: 7252
Image: C:\Windows\System32\conhost.exe
User: LAPTOP-I8K1DAMV\rohin"
"2026-04-21T12:53:45.4291394+05:30","5","Process terminated:
RuleName: -
UtcTime: 2026-04-21 07:23:45.428
ProcessGuid: {a65b9ff6-2601-69e7-7b0d-000000001b00}
ProcessId: 28172
Image: C:\Program Files\Git\cmd\git.exe
User: LAPTOP-I8K1DAMV\rohin"
"2026-04-21T12:53:45.4251452+05:30","5","Process terminated:
RuleName: -
UtcTime: 2026-04-21 07:23:45.424
ProcessGuid: {a65b9ff6-2601-69e7-7f0d-000000001b00}
ProcessId: 18336
Image: C:\Program Files\Git\mingw64\bin\git.exe
User: LAPTOP-I8K1DAMV\rohin"
"2026-04-21T12:53:43.1998367+05:30","5","Process terminated:
RuleName: -
UtcTime: 2026-04-21 07:23:43.199
ProcessGuid: {a65b9ff6-25d1-69e7-4c0d-000000001b00}
ProcessId: 10436
Image: C:\Windows\System32\RuntimeBroker.exe
User: LAPTOP-I8K1DAMV\rohin"
"2026-04-21T12:53:43.1977675+05:30","5","Process terminated:
RuleName: -
UtcTime: 2026-04-21 07:23:43.197
ProcessGuid: {a65b9ff6-25d0-69e7-4b0d-000000001b00}
ProcessId: 19856
Image: C:\Windows\System32\RuntimeBroker.exe
User: LAPTOP-I8K1DAMV\rohin"
"2026-04-21T12:53:42.9502990+05:30","5","Process terminated:
RuleName: -
UtcTime: 2026-04-21 07:23:42.949
ProcessGuid: {a65b9ff6-25fe-69e7-790d-000000001b00}
ProcessId: 28380
Image: C:\Windows\System32\conhost.exe
User: LAPTOP-I8K1DAMV\rohin"
"2026-04-21T12:53:42.9453389+05:30","5","Process terminated:
RuleName: -
UtcTime: 2026-04-21 07:23:42.944
ProcessGuid: {a65b9ff6-25fe-69e7-780d-000000001b00}
ProcessId: 14208
Image: C:\Program Files\Git\cmd\git.exe
User: LAPTOP-I8K1DAMV\rohin"
"2026-04-21T12:53:42.9375598+05:30","5","Process terminated:
RuleName: -
UtcTime: 2026-04-21 07:23:42.937
ProcessGuid: {a65b9ff6-25fe-69e7-7a0d-000000001b00}
ProcessId: 26856
Image: C:\Program Files\Git\mingw64\bin\git.exe
User: LAPTOP-I8K1DAMV\rohin"
"2026-04-21T12:53:36.8218210+05:30","5","Process terminated:
RuleName: -
UtcTime: 2026-04-21 07:23:36.821
ProcessGuid: {a65b9ff6-25f6-69e7-750d-000000001b00}
ProcessId: 14240
Image: C:\Program Files (x86)\Microsoft\EdgeUpdate\MicrosoftEdgeUpdate.exe
User: NT AUTHORITY\SYSTEM"
"2026-04-21T12:53:36.8067852+05:30","5","Process terminated:
RuleName: -
UtcTime: 2026-04-21 07:23:36.806
ProcessGuid: {a65b9ff6-25f8-69e7-760d-000000001b00}
ProcessId: 19852
Image: C:\Program Files (x86)\Microsoft\EdgeUpdate\MicrosoftEdgeUpdate.exe
User: NT AUTHORITY\SYSTEM"
"2026-04-21T12:53:36.7187356+05:30","5","Process terminated:
RuleName: -
UtcTime: 2026-04-21 07:23:36.717
ProcessGuid: {a65b9ff6-25c7-69e7-fd0c-000000001b00}
ProcessId: 30240
Image: C:\Program Files (x86)\Microsoft\EdgeUpdate\MicrosoftEdgeUpdate.exe
User: NT AUTHORITY\SYSTEM"
"2026-04-21T12:53:30.9676315+05:30","5","Process terminated:
RuleName: -
UtcTime: 2026-04-21 07:23:30.966
ProcessGuid: {a65b9ff6-25c7-69e7-fc0c-000000001b00}
ProcessId: 30148
Image: C:\Program Files (x86)\BraveSoftware\Update\BraveUpdate.exe
User: NT AUTHORITY\SYSTEM"
"2026-04-21T12:53:29.1541512+05:30","5","Process terminated:
RuleName: -
UtcTime: 2026-04-21 07:23:29.153
ProcessGuid: {a65b9ff6-25ef-69e7-720d-000000001b00}
ProcessId: 28380
Image: C:\Program Files (x86)\BraveSoftware\Update\BraveUpdate.exe
User: NT AUTHORITY\SYSTEM"
"2026-04-21T12:53:25.3991187+05:30","5","Process terminated:
RuleName: -
UtcTime: 2026-04-21 07:23:25.398
ProcessGuid: {a65b9ff6-25ed-69e7-710d-000000001b00}
ProcessId: 22108
Image: C:\Windows\System32\taskhostw.exe
User: LAPTOP-I8K1DAMV\rohin"
"2026-04-21T12:53:24.7400119+05:30","5","Process terminated:
RuleName: -
UtcTime: 2026-04-21 07:23:24.739
ProcessGuid: {a65b9ff6-e3d0-69e6-7b0c-000000001b00}
ProcessId: 21964
Image: C:\Program Files\Google\Chrome\Application\chrome.exe
User: LAPTOP-I8K1DAMV\rohin"
"2026-04-21T12:53:24.5817545+05:30","5","Process terminated:
RuleName: -
UtcTime: 2026-04-21 07:23:24.581
ProcessGuid: {a65b9ff6-25dd-69e7-670d-000000001b00}
ProcessId: 31504
Image: C:\Windows\System32\wermgr.exe
User: NT AUTHORITY\SYSTEM"
"2026-04-21T12:53:24.2597495+05:30","5","Process terminated:
RuleName: -
UtcTime: 2026-04-21 07:23:24.258
ProcessGuid: {a65b9ff6-e3f3-69e6-7d0c-000000001b00}
ProcessId: 6712
Image: C:\Program Files\Google\Chrome\Application\chrome.exe
User: LAPTOP-I8K1DAMV\rohin"
"2026-04-21T12:53:22.6773522+05:30","5","Process terminated:
RuleName: -
UtcTime: 2026-04-21 07:23:22.676
ProcessGuid: {a65b9ff6-e3f4-69e6-7e0c-000000001b00}
ProcessId: 7252
Image: C:\Program Files\Google\Chrome\Application\chrome.exe
User: LAPTOP-I8K1DAMV\rohin"
"2026-04-21T12:53:20.2477800+05:30","5","Process terminated:
RuleName: -
UtcTime: 2026-04-21 07:23:20.244
ProcessGuid: {a65b9ff6-25e8-69e7-6f0d-000000001b00}
ProcessId: 30652
Image: C:\Program Files\Google\Chrome\Application\chrome.exe
User: LAPTOP-I8K1DAMV\rohin"
"2026-04-21T12:53:18.4251948+05:30","5","Process terminated:
RuleName: -
UtcTime: 2026-04-21 07:23:18.424
ProcessGuid: {a65b9ff6-25df-69e7-6a0d-000000001b00}
ProcessId: 24632
Image: C:\Program Files\Common Files\McAfee\DynamicAppDownloader\DADUpdater.exe
User: NT AUTHORITY\SYSTEM"
"2026-04-21T12:53:18.3872947+05:30","5","Process terminated:
RuleName: -
UtcTime: 2026-04-21 07:23:18.386
ProcessGuid: {a65b9ff6-25c7-69e7-0d0d-000000001b00}
ProcessId: 29496
Image: C:\Windows\System32\svchost.exe
User: NT AUTHORITY\LOCAL SERVICE"
"2026-04-21T12:53:18.2639882+05:30","5","Process terminated:
RuleName: -
UtcTime: 2026-04-21 07:23:18.263
ProcessGuid: {a65b9ff6-25c7-69e7-0b0d-000000001b00}
ProcessId: 14372
Image: C:\Windows\System32\svchost.exe
User: NT AUTHORITY\SYSTEM"
"2026-04-21T12:53:17.9538447+05:30","5","Process terminated:
RuleName: -
UtcTime: 2026-04-21 07:23:17.953
ProcessGuid: {a65b9ff6-25e5-69e7-6e0d-000000001b00}
ProcessId: 9724
Image: C:\Windows\System32\conhost.exe
User: LAPTOP-I8K1DAMV\rohin"
"2026-04-21T12:53:17.9509446+05:30","5","Process terminated:
RuleName: -
UtcTime: 2026-04-21 07:23:17.950
ProcessGuid: {a65b9ff6-25e5-69e7-6d0d-000000001b00}
ProcessId: 18708
Image: C:\Windows\System32\reg.exe
User: LAPTOP-I8K1DAMV\rohin"
"2026-04-21T12:53:17.8993967+05:30","5","Process terminated:
RuleName: -
UtcTime: 2026-04-21 07:23:17.898
ProcessGuid: {a65b9ff6-25e5-69e7-6c0d-000000001b00}
ProcessId: 26868
Image: C:\Windows\System32\conhost.exe
User: LAPTOP-I8K1DAMV\rohin"
"2026-04-21T12:53:17.8974222+05:30","5","Process terminated:
RuleName: -
UtcTime: 2026-04-21 07:23:17.897
ProcessGuid: {a65b9ff6-25e5-69e7-6b0d-000000001b00}
ProcessId: 5828
Image: C:\Windows\System32\reg.exe
User: LAPTOP-I8K1DAMV\rohin"
"2026-04-21T12:53:15.6723316+05:30","5","Process terminated:
RuleName: -
UtcTime: 2026-04-21 07:23:15.671
ProcessGuid: {a65b9ff6-25d5-69e7-580d-000000001b00}
ProcessId: 28868
Image: C:\Program Files (x86)\Google\GoogleUpdater\148.0.7730.0\updater.exe
User: NT AUTHORITY\SYSTEM"
"2026-04-21T12:53:15.6716469+05:30","5","Process terminated:
RuleName: -
UtcTime: 2026-04-21 07:23:15.670
ProcessGuid: {a65b9ff6-25cc-69e7-290d-000000001b00}
ProcessId: 30504
Image: C:\Program Files (x86)\Google\GoogleUpdater\148.0.7730.0\updater.exe
User: NT AUTHORITY\SYSTEM"
"2026-04-21T12:53:15.6642671+05:30","5","Process terminated:
RuleName: -
UtcTime: 2026-04-21 07:23:15.663
ProcessGuid: {a65b9ff6-25cc-69e7-280d-000000001b00}
ProcessId: 30544
Image: C:\Program Files (x86)\Google\GoogleUpdater\148.0.7730.0\updater.exe
User: NT AUTHORITY\SYSTEM"
"2026-04-21T12:53:15.6642115+05:30","5","Process terminated:
RuleName: -
UtcTime: 2026-04-21 07:23:15.663
ProcessGuid: {a65b9ff6-25d5-69e7-570d-000000001b00}
ProcessId: 24348
Image: C:\Program Files (x86)\Google\GoogleUpdater\148.0.7730.0\updater.exe
User: NT AUTHORITY\SYSTEM"
"2026-04-21T12:53:15.3929681+05:30","5","Process terminated:
RuleName: -
UtcTime: 2026-04-21 07:23:15.392
ProcessGuid: {a65b9ff6-25de-69e7-690d-000000001b00}
ProcessId: 31692
Image: C:\Windows\System32\dllhost.exe
User: LAPTOP-I8K1DAMV\rohin"
"2026-04-21T12:53:15.3821790+05:30","5","Process terminated:
RuleName: -
UtcTime: 2026-04-21 07:23:15.380
ProcessGuid: {a65b9ff6-25ce-69e7-330d-000000001b00}
ProcessId: 4700
Image: C:\Windows\System32\svchost.exe
User: NT AUTHORITY\LOCAL SERVICE"
"2026-04-21T12:53:13.2226226+05:30","5","Process terminated:
RuleName: -
UtcTime: 2026-04-21 07:23:13.221
ProcessGuid: {a65b9ff6-1d8d-69e7-ef0c-000000001b00}
ProcessId: 29356
Image: C:\Windows\System32\SearchProtocolHost.exe
User: NT AUTHORITY\SYSTEM"
"2026-04-21T12:53:08.3213198+05:30","5","Process terminated:
RuleName: -
UtcTime: 2026-04-21 07:23:08.320
ProcessGuid: {a65b9ff6-25d7-69e7-5b0d-000000001b00}
ProcessId: 6180
Image: C:\Windows\System32\dllhost.exe
User: LAPTOP-I8K1DAMV\rohin"
"2026-04-21T12:53:06.2072565+05:30","5","Process terminated:
RuleName: -
UtcTime: 2026-04-21 07:23:06.207
ProcessGuid: {a65b9ff6-25cd-69e7-2f0d-000000001b00}
ProcessId: 28568
Image: C:\Windows\UUS\Packages\Preview\amd64\MoNotificationUx.exe
User: LAPTOP-I8K1DAMV\rohin"
"2026-04-21T12:53:05.9802241+05:30","5","Process terminated:
RuleName: -
UtcTime: 2026-04-21 07:23:05.979
ProcessGuid: {a65b9ff6-25d9-69e7-650d-000000001b00}
ProcessId: 30916
Image: C:\Windows\UUS\Packages\Preview\amd64\MoNotificationUx.exe
User: LAPTOP-I8K1DAMV\rohin"
"2026-04-21T12:53:05.9415949+05:30","5","Process terminated:
RuleName: -
UtcTime: 2026-04-21 07:23:05.940
ProcessGuid: {a65b9ff6-25d9-69e7-640d-000000001b00}
ProcessId: 30896
Image: C:\Windows\UUS\Packages\Preview\amd64\MoNotificationUx.exe
User: LAPTOP-I8K1DAMV\rohin"
"2026-04-21T12:53:05.9032813+05:30","5","Process terminated:
RuleName: -
UtcTime: 2026-04-21 07:23:05.902
ProcessGuid: {a65b9ff6-25d9-69e7-630d-000000001b00}
ProcessId: 30876
Image: C:\Windows\UUS\Packages\Preview\amd64\MoNotificationUx.exe
User: LAPTOP-I8K1DAMV\rohin"
"2026-04-21T12:53:05.6917322+05:30","5","Process terminated:
RuleName: -
UtcTime: 2026-04-21 07:23:05.691
ProcessGuid: {a65b9ff6-25d9-69e7-610d-000000001b00}
ProcessId: 30812
Image: C:\Windows\System32\UIEOrchestratorStub.exe
User: NT AUTHORITY\SYSTEM"
"2026-04-21T12:53:05.6871493+05:30","5","Process terminated:
RuleName: -
UtcTime: 2026-04-21 07:23:05.686
ProcessGuid: {a65b9ff6-25cc-69e7-250d-000000001b00}
ProcessId: 13744
Image: C:\Program Files (x86)\Google\GoogleUpdater\148.0.7730.0\updater.exe
User: LAPTOP-I8K1DAMV\rohin"
"2026-04-21T12:53:05.6835750+05:30","5","Process terminated:
RuleName: -
UtcTime: 2026-04-21 07:23:05.682
ProcessGuid: {a65b9ff6-25d9-69e7-620d-000000001b00}
ProcessId: 30828
Image: C:\Windows\UUS\Packages\Preview\amd64\UIEOrchestrator.exe
User: NT AUTHORITY\SYSTEM"
"2026-04-21T12:53:05.6771125+05:30","5","Process terminated:
RuleName: -
UtcTime: 2026-04-21 07:23:05.676
ProcessGuid: {a65b9ff6-25cc-69e7-270d-000000001b00}
ProcessId: 5288
Image: C:\Program Files (x86)\Google\GoogleUpdater\148.0.7730.0\updater.exe
User: LAPTOP-I8K1DAMV\rohin"
"2026-04-21T12:53:05.6758110+05:30","5","Process terminated:
RuleName: -
UtcTime: 2026-04-21 07:23:05.675
ProcessGuid: {a65b9ff6-25cc-69e7-240d-000000001b00}
ProcessId: 9956
Image: C:\Program Files (x86)\Google\GoogleUpdater\148.0.7730.0\updater.exe
User: LAPTOP-I8K1DAMV\rohin"
"2026-04-21T12:53:05.6662905+05:30","5","Process terminated:
RuleName: -
UtcTime: 2026-04-21 07:23:05.666
ProcessGuid: {a65b9ff6-25cc-69e7-260d-000000001b00}
ProcessId: 14280
Image: C:\Program Files (x86)\Google\GoogleUpdater\148.0.7730.0\updater.exe
User: LAPTOP-I8K1DAMV\rohin"
"2026-04-21T12:53:05.6296353+05:30","5","Process terminated:
RuleName: -
UtcTime: 2026-04-21 07:23:05.628
ProcessGuid: {a65b9ff6-25d8-69e7-5f0d-000000001b00}
ProcessId: 4696
Image: C:\Windows\System32\UIEOrchestratorStub.exe
User: NT AUTHORITY\SYSTEM"
"2026-04-21T12:53:05.6238772+05:30","5","Process terminated:
RuleName: -
UtcTime: 2026-04-21 07:23:05.622
ProcessGuid: {a65b9ff6-25d8-69e7-600d-000000001b00}
ProcessId: 16612
Image: C:\Windows\UUS\Packages\Preview\amd64\UIEOrchestrator.exe
User: NT AUTHORITY\SYSTEM"
"2026-04-21T12:53:03.5324123+05:30","5","Process terminated:
RuleName: -
UtcTime: 2026-04-21 07:23:03.531
ProcessGuid: {a65b9ff6-25d7-69e7-5a0d-000000001b00}
ProcessId: 29220
Image: C:\Program Files\Common Files\McAfee\DynamicAppDownloader\DADUpdater.exe
User: NT AUTHORITY\SYSTEM"
"2026-04-21T12:53:03.1599231+05:30","5","Process terminated:
RuleName: -
UtcTime: 2026-04-21 07:23:03.159
ProcessGuid: {a65b9ff6-25c7-69e7-040d-000000001b00}
ProcessId: 27832
Image: C:\Windows\System32\backgroundTaskHost.exe
User: LAPTOP-I8K1DAMV\rohin"
"2026-04-21T12:53:01.2447382+05:30","5","Process terminated:
RuleName: -
UtcTime: 2026-04-21 07:23:01.244
ProcessGuid: {a65b9ff6-25ca-69e7-200d-000000001b00}
ProcessId: 23916
Image: C:\Program Files (x86)\Google\GoogleUpdater\148.0.7730.0\updater.exe
User: NT AUTHORITY\SYSTEM"
"2026-04-21T12:53:01.2339174+05:30","5","Process terminated:
RuleName: -
UtcTime: 2026-04-21 07:23:01.233
ProcessGuid: {a65b9ff6-25ca-69e7-1f0d-000000001b00}
ProcessId: 12880
Image: C:\Program Files (x86)\Google\GoogleUpdater\148.0.7730.0\updater.exe
User: NT AUTHORITY\SYSTEM"
"2026-04-21T12:52:59.5149789+05:30","5","Process terminated:
RuleName: -
UtcTime: 2026-04-21 07:22:59.514
ProcessGuid: {a65b9ff6-25d3-69e7-550d-000000001b00}
ProcessId: 25264
Image: C:\Windows\System32\conhost.exe
User: LAPTOP-I8K1DAMV\rohin"
"2026-04-21T12:52:59.5118104+05:30","5","Process terminated:
RuleName: -
UtcTime: 2026-04-21 07:22:59.510
ProcessGuid: {a65b9ff6-25d3-69e7-540d-000000001b00}
ProcessId: 28208
Image: C:\Windows\System32\wevtutil.exe
User: LAPTOP-I8K1DAMV\rohin"
"2026-04-21T12:52:58.7106098+05:30","5","Process terminated:
RuleName: -
UtcTime: 2026-04-21 07:22:58.710
ProcessGuid: {a65b9ff6-25d2-69e7-520d-000000001b00}
ProcessId: 13052
Image: C:\Windows\System32\conhost.exe
User: NT AUTHORITY\LOCAL SERVICE"
"2026-04-21T12:52:58.7070992+05:30","5","Process terminated:
RuleName: -
UtcTime: 2026-04-21 07:22:58.706
ProcessGuid: {a65b9ff6-25d2-69e7-510d-000000001b00}
ProcessId: 22480
Image: C:\Windows\System32\appidcertstorecheck.exe
User: NT AUTHORITY\LOCAL SERVICE"
"2026-04-21T12:52:58.3474181+05:30","5","Process terminated:
RuleName: -
UtcTime: 2026-04-21 07:22:58.346
ProcessGuid: {a65b9ff6-25cc-69e7-230d-000000001b00}
ProcessId: 14896
Image: C:\Windows\System32\ctfmon.exe
User: NT AUTHORITY\SYSTEM"
"2026-04-21T12:52:58.2316150+05:30","5","Process terminated:
RuleName: -
UtcTime: 2026-04-21 07:22:58.230
ProcessGuid: {a65b9ff6-e704-69e6-d60c-000000001b00}
ProcessId: 12412
Image: C:\Windows\System32\svchost.exe
User: NT AUTHORITY\SYSTEM"
"2026-04-21T12:52:58.0671138+05:30","5","Process terminated:
RuleName: -
UtcTime: 2026-04-21 07:22:58.066
ProcessGuid: {a65b9ff6-25d2-69e7-500d-000000001b00}
ProcessId: 29812
Image: C:\Windows\System32\conhost.exe
User: LAPTOP-I8K1DAMV\rohin"
"2026-04-21T12:52:58.0642861+05:30","5","Process terminated:
RuleName: -
UtcTime: 2026-04-21 07:22:58.063
ProcessGuid: {a65b9ff6-25d2-69e7-4f0d-000000001b00}
ProcessId: 26896
Image: C:\Windows\System32\wevtutil.exe
User: LAPTOP-I8K1DAMV\rohin"
"2026-04-21T12:52:57.9332081+05:30","5","Process terminated:
RuleName: -
UtcTime: 2026-04-21 07:22:57.931
ProcessGuid: {a65b9ff6-25d1-69e7-4e0d-000000001b00}
ProcessId: 4272
Image: C:\Windows\System32\conhost.exe
User: LAPTOP-I8K1DAMV\rohin"
"2026-04-21T12:52:57.9308042+05:30","5","Process terminated:
RuleName: -
UtcTime: 2026-04-21 07:22:57.930
ProcessGuid: {a65b9ff6-25d1-69e7-4d0d-000000001b00}
ProcessId: 20584
Image: C:\Windows\System32\wevtutil.exe
User: LAPTOP-I8K1DAMV\rohin"
"2026-04-21T12:52:57.6017435+05:30","5","Process terminated:
RuleName: -
UtcTime: 2026-04-21 07:22:57.600
ProcessGuid: {a65b9ff6-25cf-69e7-470d-000000001b00}
ProcessId: 19160
Image: C:\Windows\System32\backgroundTaskHost.exe
User: LAPTOP-I8K1DAMV\rohin"
"2026-04-21T12:52:57.3563851+05:30","5","Process terminated:
RuleName: -
UtcTime: 2026-04-21 07:22:57.356
ProcessGuid: {a65b9ff6-25cb-69e7-220d-000000001b00}
ProcessId: 24936
Image: C:\Windows\System32\dllhost.exe
User: LAPTOP-I8K1DAMV\rohin"
"2026-04-21T12:52:55.9202523+05:30","5","Process terminated:
RuleName: -
UtcTime: 2026-04-21 07:22:55.919
ProcessGuid: {a65b9ff6-25ce-69e7-310d-000000001b00}
ProcessId: 19048
Image: C:\Program Files\AMD\CIM\Bin64\InstallManagerApp.exe
User: LAPTOP-I8K1DAMV\rohin"
"2026-04-21T12:52:55.9161633+05:30","5","Process terminated:
RuleName: -
UtcTime: 2026-04-21 07:22:55.914
ProcessGuid: {a65b9ff6-25cf-69e7-490d-000000001b00}
ProcessId: 3392
Image: C:\Windows\System32\conhost.exe
User: LAPTOP-I8K1DAMV\rohin"
"2026-04-21T12:52:55.9118205+05:30","5","Process terminated:
RuleName: -
UtcTime: 2026-04-21 07:22:55.909
ProcessGuid: {a65b9ff6-25cf-69e7-480d-000000001b00}
ProcessId: 4524
Image: C:\Windows\System32\cmd.exe
User: LAPTOP-I8K1DAMV\rohin"
"2026-04-21T12:52:55.9035513+05:30","5","Process terminated:
RuleName: -
UtcTime: 2026-04-21 07:22:55.898
ProcessGuid: {a65b9ff6-25cf-69e7-4a0d-000000001b00}
ProcessId: 22244
Image: C:\Windows\System32\schtasks.exe
User: LAPTOP-I8K1DAMV\rohin"
"2026-04-21T12:52:55.8131823+05:30","5","Process terminated:
RuleName: -
UtcTime: 2026-04-21 07:22:55.812
ProcessGuid: {a65b9ff6-25cf-69e7-460d-000000001b00}
ProcessId: 5412
Image: C:\Windows\System32\conhost.exe
User: LAPTOP-I8K1DAMV\rohin"
"2026-04-21T12:52:55.8101358+05:30","5","Process terminated:
RuleName: -
UtcTime: 2026-04-21 07:22:55.808
ProcessGuid: {a65b9ff6-25cf-69e7-440d-000000001b00}
ProcessId: 16668
Image: C:\Windows\System32\schtasks.exe
User: LAPTOP-I8K1DAMV\rohin"
"2026-04-21T12:52:55.7876004+05:30","5","Process terminated:
RuleName: -
UtcTime: 2026-04-21 07:22:55.784
ProcessGuid: {a65b9ff6-25cf-69e7-450d-000000001b00}
ProcessId: 27636
Image: C:\Windows\System32\conhost.exe
User: LAPTOP-I8K1DAMV\rohin"
"2026-04-21T12:52:55.7848756+05:30","5","Process terminated:
RuleName: -
UtcTime: 2026-04-21 07:22:55.784
ProcessGuid: {a65b9ff6-25cf-69e7-430d-000000001b00}
ProcessId: 8264
Image: C:\Windows\System32\schtasks.exe
User: LAPTOP-I8K1DAMV\rohin"
"2026-04-21T12:52:55.7845121+05:30","5","Process terminated:
RuleName: -
UtcTime: 2026-04-21 07:22:55.783
ProcessGuid: {a65b9ff6-25ce-69e7-300d-000000001b00}
ProcessId: 25320
Image: C:\Program Files\AMD\CIM\Bin64\InstallManagerApp.exe
User: LAPTOP-I8K1DAMV\rohin"
"2026-04-21T12:52:55.6848658+05:30","5","Process terminated:
RuleName: -
UtcTime: 2026-04-21 07:22:55.683
ProcessGuid: {a65b9ff6-25cf-69e7-410d-000000001b00}
ProcessId: 21688
Image: C:\Windows\System32\conhost.exe
User: LAPTOP-I8K1DAMV\rohin"
"2026-04-21T12:52:55.6809271+05:30","5","Process terminated:
RuleName: -
UtcTime: 2026-04-21 07:22:55.679
ProcessGuid: {a65b9ff6-25cf-69e7-400d-000000001b00}
ProcessId: 19988
Image: C:\Windows\System32\cmd.exe
User: LAPTOP-I8K1DAMV\rohin"
"2026-04-21T12:52:55.6758394+05:30","5","Process terminated:
RuleName: -
UtcTime: 2026-04-21 07:22:55.672
ProcessGuid: {a65b9ff6-25cf-69e7-420d-000000001b00}
ProcessId: 14360
Image: C:\Windows\System32\schtasks.exe
User: LAPTOP-I8K1DAMV\rohin"
"2026-04-21T12:52:55.5369340+05:30","5","Process terminated:
RuleName: -
UtcTime: 2026-04-21 07:22:55.535
ProcessGuid: {a65b9ff6-25cf-69e7-3e0d-000000001b00}
ProcessId: 12444
Image: C:\Windows\System32\conhost.exe
User: LAPTOP-I8K1DAMV\rohin"
"2026-04-21T12:52:55.5332619+05:30","5","Process terminated:
RuleName: -
UtcTime: 2026-04-21 07:22:55.531
ProcessGuid: {a65b9ff6-25cf-69e7-3d0d-000000001b00}
ProcessId: 21260
Image: C:\Windows\System32\cmd.exe
User: LAPTOP-I8K1DAMV\rohin"
"2026-04-21T12:52:55.5301856+05:30","5","Process terminated:
RuleName: -
UtcTime: 2026-04-21 07:22:55.528
ProcessGuid: {a65b9ff6-25ce-69e7-320d-000000001b00}
ProcessId: 29972
Image: C:\Windows\System32\taskhostw.exe
User: NT AUTHORITY\SYSTEM"
"2026-04-21T12:52:55.5270244+05:30","5","Process terminated:
RuleName: -
UtcTime: 2026-04-21 07:22:55.525
ProcessGuid: {a65b9ff6-25cf-69e7-3f0d-000000001b00}
ProcessId: 26540
Image: C:\Windows\System32\schtasks.exe
User: LAPTOP-I8K1DAMV\rohin"
"2026-04-21T12:52:55.4845200+05:30","5","Process terminated:
RuleName: -
UtcTime: 2026-04-21 07:22:55.478
ProcessGuid: {a65b9ff6-e455-69e6-820c-000000001b00}
ProcessId: 21024
Image: C:\Windows\System32\LogonUI.exe
User: NT AUTHORITY\SYSTEM"
"2026-04-21T12:52:55.3579627+05:30","5","Process terminated:
RuleName: -
UtcTime: 2026-04-21 07:22:55.353
ProcessGuid: {a65b9ff6-25cf-69e7-3c0d-000000001b00}
ProcessId: 5924
Image: C:\Windows\System32\conhost.exe
User: LAPTOP-I8K1DAMV\rohin"
"2026-04-21T12:52:55.3511007+05:30","5","Process terminated:
RuleName: -
UtcTime: 2026-04-21 07:22:55.347
ProcessGuid: {a65b9ff6-25cf-69e7-3a0d-000000001b00}
ProcessId: 21252
Image: C:\Windows\System32\schtasks.exe
User: LAPTOP-I8K1DAMV\rohin"
"2026-04-21T12:52:55.3066240+05:30","5","Process terminated:
RuleName: -
UtcTime: 2026-04-21 07:22:55.305
ProcessGuid: {a65b9ff6-25cf-69e7-390d-000000001b00}
ProcessId: 29832
Image: C:\Windows\System32\conhost.exe
User: LAPTOP-I8K1DAMV\rohin"
"2026-04-21T12:52:55.2972345+05:30","5","Process terminated:
RuleName: -
UtcTime: 2026-04-21 07:22:55.294
ProcessGuid: {a65b9ff6-25cf-69e7-380d-000000001b00}
ProcessId: 29556
Image: C:\Windows\System32\schtasks.exe
User: LAPTOP-I8K1DAMV\rohin"
